<?xml version="1.0" encoding="UTF-8" ?>
<n-extract-response dataid="Extract document content" verifycollection="D-ARKANEWS-T001" extractstageid="23878" extractstage="F" extractbegintime="2016-02-24-01:45:54">
<n-document guid="I80e4cab0ae0711e59478cc91096da472"><n-metadata><metadata.block><md.identifiers><md.cites><md.first.line.cite>12/29/15 NEWS 00:00:00</md.first.line.cite><md.second.line.cite>12/29/15 ARKA News Agency 00:00:00</md.second.line.cite></md.cites><md.uuid>I80e4cab0ae0711e59478cc91096da472</md.uuid></md.identifiers><md.infotype>news</md.infotype><md.sortkeys><md.ordersequence>f47363bec</md.ordersequence></md.sortkeys><md.descriptions><md.title>UNIBANK REPLENISHES ITS AUTHORIZED CAPITAL STOCK BY 1.1 BILLION DRAMS</md.title><md.westlawdescrip><md.readlist>READLIST</md.readlist></md.westlawdescrip></md.descriptions><md.dates><md.publisheddatetime>20151229023941</md.publisheddatetime><md.loaddate>20151229</md.loaddate><md.createddatetime>20151229023941</md.createddatetime></md.dates><md.subjects><md.subject><md.pubtype.name/><md.doctype.name>DNR</md.doctype.name><md.doctype.rank/><md.view>CNGE</md.view><md.view>RGEurope</md.view><md.view>PTNewswires</md.view><md.view>ARKANEWS0063786</md.view><md.view>INALLNEWS_ACTEST</md.view><md.view>INFARNEWS_AC</md.view><md.view>MARKETSEIKON_CN</md.view><md.view>MARKETSEIKON</md.view><md.view>CB_ASIAWIRES</md.view><md.view>INWIRES_AC</md.view><md.view>GULF_INTL</md.view><md.view>ININTNEWS_AC</md.view><md.view>ANZ_INTLOS</md.view><md.view>CLEAR_RF</md.view><md.view>INALLNEWS_AC</md.view><md.view>INNEWSINT_PRO</md.view><md.view>INBUSNEWS</md.view><md.view>INNEWSWORLD_PRO</md.view><md.view>INBUSNEWS_AC</md.view></md.subject></md.subjects><md.jurisdictions><md.jurisdiction><md.jurisstate>FE</md.jurisstate></md.jurisdiction></md.jurisdictions><md.publications><md.publication/><md.sourcepubid>ARKANEWS</md.sourcepubid></md.publications><md.royalty><md.royalty.code>84104</md.royalty.code></md.royalty></metadata.block><news.metadata.block><md.text.preview>BANKING NEWSYEREVAN, December 29. /ARKA/. The Yerevan-based Unibank said today it will use the proceeds raised from its IPO to replenish its authorized capital stock by about 1.1 billion drams to raise it to 14.1 billion drams.</md.text.preview></news.metadata.block><newsplus.recommendable>1</newsplus.recommendable><n-view>CNGE</n-view><n-view>RGEurope</n-view><n-view>PTNewswires</n-view><n-view>ARKANEWS0063786</n-view><n-view>INALLNEWS_ACTEST</n-view><n-view>INFARNEWS_AC</n-view><n-view>MARKETSEIKON_CN</n-view><n-view>MARKETSEIKON</n-view><n-view>CB_ASIAWIRES</n-view><n-view>INWIRES_AC</n-view><n-view>GULF_INTL</n-view><n-view>ININTNEWS_AC</n-view><n-view>ANZ_INTLOS</n-view><n-view>CLEAR_RF</n-view><n-view>INALLNEWS_AC</n-view><n-view>INNEWSINT_PRO</n-view><n-view>INBUSNEWS</n-view><n-view>INNEWSWORLD_PRO</n-view><n-view>INBUSNEWS_AC</n-view><prism-stylesheet guid="Ia3024d301b6a11d89fc5f34981d3242f"/><prism-clipdate>20151229023941</prism-clipdate></n-metadata>
<n-docbody><document version="1" collection="D-ARKANEWS-T001" first-load-date="20151229023941" ip-product="ARKANEWS" royalty-id="84104" data-model="text" dtd-version="5.2.29" content-type="news" load-language="en" pnac="nNRA0o7xhv" pnac-date="20151229T083815.515"><supplier-info><supplier-num nitf="doc-id" nitf-regsrc="ARKA News Agency" type="accession">bc98000374aaf45c</supplier-num><internal-acc-num db-id="NEPRARKA" type="newz">20151229170.1_Vbc98000374aaf45c</internal-acc-num><rec-status><last-load-date>20151229023941</last-load-date><nitf-date ne="datereceived">20151229T08:38:15Z</nitf-date><nitf-date nitf="date-issue">20151229T00:00:00Z</nitf-date><last-provider-update>20151229083815</last-provider-update></rec-status><supplier-copyright>Copyright Â© 2016 ARKA<copyright-year/><copyright-holder>ARKA</copyright-holder></supplier-copyright><supplier-note nitf="urgency" nitf-ed-urg="4"/><nitf-meta-content name="recommendable">1</nitf-meta-content><nitf-meta-content name="_newsmlg2-hashtype=nr-htype:doc-group-fuzzy">56473|80846|84073|98619|112972|98417|39003|22424|34200|31935|13073|93066|29340|58859|106908|11261|51902|109835|91382|80566|42351|72750|77272|81057|112866|95731|20942|14423|109895|11554|60382|50742|16601|99163|40905|24553|111744|95876|107324|63698|10659|62158|20292|9825|8628|70212|48800|103955|22330|30964|68023|99651|62908|47785|75004|102805|83327|32412|8782|56273|</nitf-meta-content><nitf-meta-content name="_newsmlg2-hashtype=nr-htype:doc-group-content-length">1083</nitf-meta-content><nitf-meta-content name="_newsmlg2-hashtype=nr-htype:doc-group-simple">4c996959ce29ded2574d6f9bc0d218ca92a4857b</nitf-meta-content><supplier-dtds><dtd dtd-version="working" dtd-date="20151215T00:00:00Z">Canonical Taxonomy</dtd><dtd dtd-version="20151208" dtd-date="20151215T00:00:00Z">Mapping File</dtd></supplier-dtds><copyright-block type="dialog"><service-copyright n-include_guid="Ice671660f30811d88920000083149a14" n-include_collection="D-DIALOGCOPYRIGHTS-T001"/></copyright-block><copyright-block type="west"><service-copyright n-include_guid="I1DA35ED81DD211B281BAD200220BDFCA" n-include_collection="w_wlnv_msg"/></copyright-block><west-citation-block><bop/><first-line-cite><bos/>12/29/15 NEWS 00:00:00<eos/></first-line-cite><second-line-cite><bos/>12/29/15 ARKA News Agency 00:00:00<eos/></second-line-cite><eop/></west-citation-block></supplier-info><title-info iso-language="en"><bop/><title type="headline" nitf-hedline="hl1" key="key-title"><bos/><sort-title>UNIBANK REPLENISHES ITS AUTHORIZED CAPITAL STOCK BY 1.1 BILLION DRAMS</sort-title><eos/></title><eop/></title-info><pub-info><journal key="key-journal"><bop/><bos/><sort-journal>ARKA News Agency</sort-journal><eos/><eop/></journal><pub-date key="key-date" iso-time="T00:00:00Z" type="date.publication"><full-pub-date>December 29, 2015</full-pub-date><sort-pub-date>20151229</sort-pub-date><sort-pub-timestamp>20151229000000</sort-pub-timestamp><rank-date>20151229</rank-date><currency-timestamp>20151229000000</currency-timestamp></pub-date><original-pub><language iso-language="en">English</language></original-pub><src-data><src-journal-code>ANPV</src-journal-code><src-pub-code>0063786</src-pub-code><src-pub-type>Newswire</src-pub-type><src-pub-country-wrap><src-pub-country-code>GE</src-pub-country-code><src-pub-country>Georgia CIS</src-pub-country></src-pub-country-wrap><src-pub-region>Europe</src-pub-region></src-data></pub-info><content iso-language="en"><total-char-count>1829</total-char-count><derived-word-count><bop/><bos/>Word Count: 275<eos/><eop/></derived-word-count><text type="lead-para"><p nitf="lede"><bop/><bos/>BANKING NEWS<eos/><eop/></p><p nitf="lede"><bop/><bos/>YEREVAN, December 29. /ARKA/. <eos/><bos/>The Yerevan-based <cite.query w-seq-number="00001" w-ref-type="CO" w-normalized-cite="I468D9A50625D11DFB2EA9307C0464836" ID="Ic417b400ae0711e58ea0f18ae4080958">Unibank</cite.query> said today it will use the proceeds raised from its IPO to replenish its authorized capital stock by about 1.1 billion drams to raise it to 14.1 billion drams.<eos/><eop/></p></text><text type="body"><p><bop/><bos/>Unibank&apos;s first placement of ordinary nominal shares (UNIB) through an IPO at <cite.query w-seq-number="00002" w-ref-type="CO" w-normalized-cite="IB3F93E8029C011DF9BD7C7F341E042AB" ID="Ic45fe090ae0711e58ea0f18ae4080958">NASDAQ</cite.query> OMX Armenia stock exchange, opened on December 18 was successfully completed December 24. <eos/><bos/>According to a <cite.query w-seq-number="00003" w-ref-type="CO" w-normalized-cite="I4001E103747A11DD8AA8C467EE637EE9" ID="Ic45fe091ae0711e58ea0f18ae4080958">Bank</cite.query>&apos;s press release, the IPO was conducted as a standard open auction with a total of 186 transactions effected and 10,672,471 shares placed which raised 2,454,668,330 drams. <eos/><bos/>The price of a share with the face value of 100 drams grew to 230 drams, it said. <eos/><bos/>Incidentally, Unibank is the first bank in Armenia to auction shares through IPO at <cite.query w-seq-number="00004" w-ref-type="CO" w-normalized-cite="IB3F93E8029C011DF9BD7C7F341E042AB" ID="Ic45fe092ae0711e58ea0f18ae4080958">NASDAQ</cite.query> OMX Armenia, choosing ARMENBROK OJSC as shares marketmaker. <eos/><bos/>The decision to conduct an IPO was prompted by <cite.query w-seq-number="00005" w-ref-type="CO" w-normalized-cite="I468D9A50625D11DFB2EA9307C0464836" ID="Ic45fe093ae0711e58ea0f18ae4080958">Unibank</cite.query>&apos;s ambition to reach a new development level and become a people&apos;s bank, according to the press release. <eos/><bos/>Today Unibank runs 45 branches and 50 promo points providing services to over 300,000 customers. <eos/><bos/>In 2015 December <cite.query w-seq-number="00006" w-ref-type="MM" w-normalized-cite="canonical_name::MOODYS INVESTORS SERVICE" ID="Ic45fe094ae0711e58ea0f18ae4080958">Moody&apos;s Investors Service</cite.query> has affirmed <cite.query w-seq-number="00007" w-ref-type="CO" w-normalized-cite="I468D9A50625D11DFB2EA9307C0464836" ID="Ic45fe095ae0711e58ea0f18ae4080958">Unibank</cite.query>&apos;s baseline credit assessment (<cite.query w-seq-number="00008" w-ref-type="MM" w-normalized-cite="canonical_name::BCA" ID="Ic45fe096ae0711e58ea0f18ae4080958">BCA</cite.query>) of b3, adjusted BCA of b3, counterparty risk assessment of B1(cr)NP(cr) and B2/NP bank deposit ratings saying also its outlook remains stable. <eos/><bos/>Unibank was founded in October 2001. <eos/><bos/>In 2002 it introduced Unistream system. <eos/><bos/>Its only shareholder is <cite.query w-seq-number="00009" w-ref-type="NM" w-normalized-cite="canonical_name::GLOVER HOLDING LTD" ID="Ic45fe097ae0711e58ea0f18ae4080958">Glover Holding LTD.</cite.query> In 2015 the Bank was reorganized into an open joint stock company. <eos/><bos/>The bank&apos;s assets at the end of September 2015 stood at 156 billion drams; the liabilities - at 135.3 billion drams; the capital was worth 20.7 billion drams. <eos/><bos/>Its credit investments stood at 107. 6 billion drams. <eos/><bos/>In the first 9 months of 2015 Unibank earned 761.3 million drams in net profit. <eos/><bos/>($1 - 481.63 drams).<eos/> -0-<eop/></p></text></content><indexing iso-language="en" value-add="machine-generated"><classification-terms><pres-location-block><bop/><bos/><pres-location-wrap><pres-location>Armenia</pres-location><pres-location-code>ISOAM</pres-location-code><alt1-location-code>1AR09</alt1-location-code></pres-location-wrap><pres-location-wrap><pres-location>CIS Countries</pres-location><pres-location-code>CISSTAT</pres-location-code><alt1-location-code>1CI64</alt1-location-code></pres-location-wrap><pres-location-wrap><pres-location>Eastern Europe</pres-location><pres-location-code>GEOEEUR</pres-location-code><alt1-location-code>1EA48</alt1-location-code></pres-location-wrap><pres-location-wrap><pres-location>Europe</pres-location><pres-location-code>GEOEUR</pres-location-code><alt1-location-code>1EU83</alt1-location-code></pres-location-wrap><eos/><eop/></pres-location-block></classification-terms><classification-terms><pres-subject-block><bop/><bos/><pres-subject-wrap><pres-subject>CIS</pres-subject><pres-subject-code>GEOCIS</pres-subject-code><alt1-subject-code>1CI65</alt1-subject-code></pres-subject-wrap><pres-subject-wrap><pres-subject>Corporate Funding</pres-subject><pres-subject-code>BIZFIN</pres-subject-code><alt1-subject-code>1XO17</alt1-subject-code></pres-subject-wrap><pres-subject-wrap><pres-subject>Economic Indicators</pres-subject><pres-subject-code>ECONWRLD</pres-subject-code><alt1-subject-code>1EC19</alt1-subject-code></pres-subject-wrap><pres-subject-wrap><pres-subject>Economics &amp; Trade</pres-subject><pres-subject-code>TRADE</pres-subject-code><alt1-subject-code>1EC26</alt1-subject-code></pres-subject-wrap><pres-subject-wrap><pres-subject>Equity Instruments</pres-subject><pres-subject-code>STOCKINS</pres-subject-code><alt1-subject-code>1EQ90</alt1-subject-code></pres-subject-wrap><pres-subject-wrap><pres-subject>Funding Instruments</pres-subject><pres-subject-code>INVSTING</pres-subject-code><alt1-subject-code>1FU41</alt1-subject-code></pres-subject-wrap><pres-subject-wrap><pres-subject>Industrial Output</pres-subject><pres-subject-code>OUTPUT</pres-subject-code><alt1-subject-code>1IN17</alt1-subject-code></pres-subject-wrap><pres-subject-wrap><pres-subject>Initial Public Offerings (IPOs)</pres-subject><pres-subject-code>IPONEWS</pres-subject-code><alt1-subject-code>1IN65</alt1-subject-code></pres-subject-wrap><pres-subject-wrap><pres-subject>Stock Offerings</pres-subject><pres-subject-code>NEWSTOCK</pres-subject-code><alt1-subject-code>1ST44</alt1-subject-code></pres-subject-wrap><pres-subject-wrap><pres-subject>World Organizations</pres-subject><pres-subject-code>GEOORGS</pres-subject-code><alt1-subject-code>1IN77</alt1-subject-code></pres-subject-wrap><eos/><eop/></pres-subject-block><pres-industry-block><bop/><bos/><pres-industry-wrap><pres-industry>Banking</pres-industry><pres-industry-code>BANKOVER</pres-industry-code><alt1-industry-code>1BA20</alt1-industry-code></pres-industry-wrap><pres-industry-wrap><pres-industry>Financial Services</pres-industry><pres-industry-code>FINSVC</pres-industry-code><alt1-industry-code>1FI37</alt1-industry-code></pres-industry-wrap><pres-industry-wrap><pres-industry>Investment Management</pres-industry><pres-industry-code>INVSTMAN</pres-industry-code><alt1-industry-code>1IN34</alt1-industry-code></pres-industry-wrap><pres-industry-wrap><pres-industry>Metals &amp; Mining</pres-industry><pres-industry-code>METALS</pres-industry-code><alt1-industry-code>1ME07</alt1-industry-code></pres-industry-wrap><pres-industry-wrap><pres-industry>Minor Metals &amp; Minerals</pres-industry><pres-industry-code>MINORORE</pres-industry-code><alt1-industry-code>1MI41</alt1-industry-code></pres-industry-wrap><pres-industry-wrap><pres-industry>Molybdenum</pres-industry><pres-industry-code>MOLY</pres-industry-code><alt1-industry-code>1MO03</alt1-industry-code></pres-industry-wrap><pres-industry-wrap><pres-industry>Natural Resources</pres-industry><pres-industry-code>RESOURCE</pres-industry-code><alt1-industry-code>1NA60</alt1-industry-code></pres-industry-wrap><pres-industry-wrap><pres-industry>Securities Investment</pres-industry><pres-industry-code>PTSECUR</pres-industry-code><alt1-industry-code>1SE57</alt1-industry-code></pres-industry-wrap><eos/><eop/></pres-industry-block></classification-terms><classification-terms><rcs-block><rcs>B:126</rcs><rcs>B:125</rcs><rcs>E:5</rcs><rcs>B:128</rcs><rcs>G:B2</rcs><rcs>B:127</rcs><rcs>E:W</rcs><rcs>U:42</rcs><rcs>G:7I</rcs><rcs>B:12</rcs><rcs>G:Y</rcs><rcs>B:20</rcs><rcs>B:130</rcs><rcs>U:1</rcs><rcs>G:B</rcs><rcs>G:A</rcs><rcs>E:K</rcs><rcs>E:M</rcs><rcs>I:19</rcs><rcs>G:AJ</rcs><rcs>M:DU</rcs><rcs>B:19</rcs></rcs-block></classification-terms><extraction-terms><extr-company-block><bop/><bos/><norm-company oa-id="5035883467">ELEMENTARY SCHOOL DISTRICT NO 23 OF MCCURTAIN COUNTY OKLAHOMA</norm-company><norm-company-wrap occur-sequence="12"><norm-company-name>ELEMENTARY SCHOOL DISTRICT NO 23 OF MCCURTAIN COUNTY OKLAHOMA</norm-company-name><company-ids><oa-id>5035883467</oa-id></company-ids><relevancy engine="1C">0.2</relevancy><confidence engine="1C">0.71</confidence></norm-company-wrap><norm-company oa-id="8589934244">MOODYS CORP</norm-company><norm-company-wrap occur-sequence="9"><norm-company-name>MOODYS CORP</norm-company-name><company-ids><oa-id>8589934244</oa-id><ric norm="MCO.N">MCO.N</ric></company-ids><company-classification><trbc-wrap><trbc type="RCS">B:1245</trbc><trbc type="2012">5220307013</trbc><trbc type="perm-id">4294951756</trbc></trbc-wrap></company-classification><relevancy engine="1C">0.2</relevancy><confidence engine="1C">0.88</confidence></norm-company-wrap><norm-company oa-id="5000143907">NASDAQ OMX ARMENIA OPEN JSK</norm-company><norm-company-wrap occur-sequence="4,6"><norm-company-name>NASDAQ OMX ARMENIA OPEN JSK</norm-company-name><company-ids><oa-id>5000143907</oa-id></company-ids><relevancy engine="1C">0.2</relevancy><confidence engine="1C">0.95</confidence></norm-company-wrap><norm-company oa-id="5000645081">UNIBANK</norm-company><norm-company-wrap occur-sequence="1,2,3,5,7,8,10,11"><norm-company-name>UNIBANK</norm-company-name><company-ids><oa-id>5000645081</oa-id></company-ids><company-classification><trbc-wrap><trbc type="RCS">B:1616</trbc><trbc type="2012">5510101011</trbc><trbc type="perm-id">4294951385</trbc></trbc-wrap></company-classification><relevancy engine="1C">0.8</relevancy><confidence engine="1C">0.92</confidence></norm-company-wrap><eos/><eop/></extr-company-block></extraction-terms></indexing></document></n-docbody>
</n-document>
<n-document guid="I76b583d0aae811e59a9093434fe09355"><n-metadata><metadata.block><md.identifiers><md.cites><md.first.line.cite>12/25/15 NEWS 00:00:00</md.first.line.cite><md.second.line.cite>12/25/15 ARKA News Agency 00:00:00</md.second.line.cite></md.cites><md.uuid>I76b583d0aae811e59a9093434fe09355</md.uuid></md.identifiers><md.infotype>news</md.infotype><md.sortkeys><md.ordersequence>f47363bec</md.ordersequence></md.sortkeys><md.descriptions><md.title>UNIBANK COMPLETES SUCCESSFULLY ITS FIRST IPO</md.title><md.westlawdescrip><md.readlist>READLIST</md.readlist></md.westlawdescrip></md.descriptions><md.dates><md.publisheddatetime>20151225032013</md.publisheddatetime><md.loaddate>20151225</md.loaddate><md.createddatetime>20151225032013</md.createddatetime></md.dates><md.subjects><md.subject><md.pubtype.name/><md.doctype.name>DNR</md.doctype.name><md.doctype.rank/><md.view>CNGE</md.view><md.view>RGEurope</md.view><md.view>PTNewswires</md.view><md.view>ARKANEWS0063786</md.view><md.view>INALLNEWS_ACTEST</md.view><md.view>INFARNEWS_AC</md.view><md.view>MARKETSEIKON_CN</md.view><md.view>MARKETSEIKON</md.view><md.view>CB_ASIAWIRES</md.view><md.view>INWIRES_AC</md.view><md.view>GULF_INTL</md.view><md.view>ININTNEWS_AC</md.view><md.view>ANZ_INTLOS</md.view><md.view>CLEAR_RF</md.view><md.view>INALLNEWS_AC</md.view><md.view>INNEWSINT_PRO</md.view><md.view>INBUSNEWS</md.view><md.view>INNEWSWORLD_PRO</md.view><md.view>INBUSNEWS_AC</md.view></md.subject></md.subjects><md.jurisdictions><md.jurisdiction><md.jurisstate>FE</md.jurisstate></md.jurisdiction></md.jurisdictions><md.publications><md.publication/><md.sourcepubid>ARKANEWS</md.sourcepubid></md.publications><md.royalty><md.royalty.code>84104</md.royalty.code></md.royalty></metadata.block><news.metadata.block><md.text.preview>BANKING NEWSYEREVAN, December 25. /ARKA/. Unibank said today its first placement of ordinary nominal shares (UNIB) through an IPO at NASDAQ OMX Armenia stock exchange, opened on December 18 was successfully completed December 24.</md.text.preview></news.metadata.block><newsplus.recommendable>1</newsplus.recommendable><n-view>CNGE</n-view><n-view>RGEurope</n-view><n-view>PTNewswires</n-view><n-view>ARKANEWS0063786</n-view><n-view>INALLNEWS_ACTEST</n-view><n-view>INFARNEWS_AC</n-view><n-view>MARKETSEIKON_CN</n-view><n-view>MARKETSEIKON</n-view><n-view>CB_ASIAWIRES</n-view><n-view>INWIRES_AC</n-view><n-view>GULF_INTL</n-view><n-view>ININTNEWS_AC</n-view><n-view>ANZ_INTLOS</n-view><n-view>CLEAR_RF</n-view><n-view>INALLNEWS_AC</n-view><n-view>INNEWSINT_PRO</n-view><n-view>INBUSNEWS</n-view><n-view>INNEWSWORLD_PRO</n-view><n-view>INBUSNEWS_AC</n-view><prism-stylesheet guid="Ia3024d301b6a11d89fc5f34981d3242f"/><prism-clipdate>20151225032013</prism-clipdate></n-metadata>
<n-docbody><document version="1" collection="D-ARKANEWS-T001" first-load-date="20151225032013" ip-product="ARKANEWS" royalty-id="84104" data-model="text" dtd-version="5.2.29" content-type="news" load-language="en" pnac="nNRA0nyb2h" pnac-date="20151225T091830.537"><supplier-info><supplier-num nitf="doc-id" nitf-regsrc="ARKA News Agency" type="accession">e10b000608cf284e</supplier-num><internal-acc-num db-id="NEPRARKA" type="newz">20151225170.1_Ve10b000608cf284e</internal-acc-num><rec-status><last-load-date>20151225032013</last-load-date><nitf-date ne="datereceived">20151225T09:18:30Z</nitf-date><nitf-date nitf="date-issue">20151225T00:00:00Z</nitf-date><last-provider-update>20151225091830</last-provider-update></rec-status><supplier-copyright>Copyright Â© 2015 ARKA<copyright-year/><copyright-holder>ARKA</copyright-holder></supplier-copyright><supplier-note nitf="urgency" nitf-ed-urg="4"/><nitf-meta-content name="recommendable">1</nitf-meta-content><nitf-meta-content name="_newsmlg2-hashtype=nr-htype:doc-group-fuzzy">56473|80846|16221|84073|98619|27141|112972|98417|39003|22424|31935|13073|93066|29340|58859|82086|106908|11261|8257|51902|88087|109835|111316|91382|80566|42351|69272|34510|31614|72750|77272|64981|76730|81057|112866|86509|54871|95731|74423|20942|14423|109895|77753|11554|60382|50742|16601|99163|40905|8004|24553|72209|98886|95876|107324|63698|10659|62158|20292|9825|</nitf-meta-content><nitf-meta-content name="_newsmlg2-hashtype=nr-htype:doc-group-content-length">1463</nitf-meta-content><nitf-meta-content name="_newsmlg2-hashtype=nr-htype:doc-group-simple">3bd31003ffbcb287649b8e522f346819b14ac19d</nitf-meta-content><supplier-dtds><dtd dtd-version="working" dtd-date="20151215T00:00:00Z">Canonical Taxonomy</dtd><dtd dtd-version="20151208" dtd-date="20151215T00:00:00Z">Mapping File</dtd></supplier-dtds><copyright-block type="dialog"><service-copyright n-include_guid="Ice671660f30811d88920000083149a14" n-include_collection="D-DIALOGCOPYRIGHTS-T001"/></copyright-block><copyright-block type="west"><service-copyright n-include_guid="I1DA35ED81DD211B281BAD200220BDFCA" n-include_collection="w_wlnv_msg"/></copyright-block><west-citation-block><bop/><first-line-cite><bos/>12/25/15 NEWS 00:00:00<eos/></first-line-cite><second-line-cite><bos/>12/25/15 ARKA News Agency 00:00:00<eos/></second-line-cite><eop/></west-citation-block></supplier-info><title-info iso-language="en"><bop/><title type="headline" nitf-hedline="hl1" key="key-title"><bos/><sort-title>UNIBANK COMPLETES SUCCESSFULLY ITS FIRST IPO</sort-title><eos/></title><eop/></title-info><pub-info><journal key="key-journal"><bop/><bos/><sort-journal>ARKA News Agency</sort-journal><eos/><eop/></journal><pub-date key="key-date" iso-time="T00:00:00Z" type="date.publication"><full-pub-date>December 25, 2015</full-pub-date><sort-pub-date>20151225</sort-pub-date><sort-pub-timestamp>20151225000000</sort-pub-timestamp><rank-date>20151225</rank-date><currency-timestamp>20151225000000</currency-timestamp></pub-date><original-pub><language iso-language="en">English</language></original-pub><src-data><src-journal-code>ANPV</src-journal-code><src-pub-code>0063786</src-pub-code><src-pub-type>Newswire</src-pub-type><src-pub-country-wrap><src-pub-country-code>GE</src-pub-country-code><src-pub-country>Georgia CIS</src-pub-country></src-pub-country-wrap><src-pub-region>Europe</src-pub-region></src-data></pub-info><content iso-language="en"><total-char-count>2411</total-char-count><derived-word-count><bop/><bos/>Word Count: 365<eos/><eop/></derived-word-count><text type="lead-para"><p nitf="lede"><bop/><bos/>BANKING NEWS<eos/><eop/></p><p nitf="lede"><bop/><bos/>YEREVAN, December 25. /<cite.query w-seq-number="00001" w-ref-type="NM" w-normalized-cite="canonical_name::ARKA/ UNIBANK" ID="Ic0951b00aae811e5a1dcc357c808c75a">ARKA/. <eos/><bos/>Unibank</cite.query> said today its first placement of ordinary nominal shares (UNIB) through an IPO at <cite.query w-seq-number="00002" w-ref-type="CO" w-normalized-cite="IB3F93E8029C011DF9BD7C7F341E042AB" ID="Ic0951b01aae811e5a1dcc357c808c75a">NASDAQ</cite.query> OMX Armenia stock exchange, opened on December 18 was successfully completed December 24.<eos/><eop/></p></text><text type="body"><p><bop/><bos/>According to a <cite.query w-seq-number="00003" w-ref-type="CO" w-normalized-cite="I4001E103747A11DD8AA8C467EE637EE9" ID="Ic09dcd90aae811e5a1dcc357c808c75a">Bank</cite.query>&apos;s press release, the IPO was conducted as a standard open auction with a total of 186 transactions effected and 10,672,471 shares placed which raised 2,454,668,330 drams. <eos/><bos/>The price of a share with the face value of 100 drams grew to 230 drams, it said.<eos/><eop/></p><p><bop/><bos/>Incidentally, Unibank is the first bank in Armenia to auction shares through IPO at <cite.query w-seq-number="00004" w-ref-type="CO" w-normalized-cite="IB3F93E8029C011DF9BD7C7F341E042AB" ID="Ic0aaecf0aae811e5a1dcc357c808c75a">NASDAQ</cite.query> OMX Armenia, choosing ARMENBROK OJSC as shares marketmaker. <eos/><bos/>The decision to conduct an IPO was prompted by <cite.query w-seq-number="00005" w-ref-type="CO" w-normalized-cite="I468D9A50625D11DFB2EA9307C0464836" ID="Ic0aaecf1aae811e5a1dcc357c808c75a">Unibank</cite.query>&apos;s ambition to reach a new development level and become a people&apos;s bank, according to the press release.<eos/><eop/></p><p><bop/><bos/>The bank&apos;s activity is focused on making banking services available to various categories of people and promoting small and middle-sized businesses<eos/><eop/></p><p><bop/><bos/>&apos;Unibank&apos;s stable financial state, development prospects and efficiency level as well as the market&apos;s positive reaction and the society&apos;s interest in its shares reconfirm the customers&apos; and investors&apos; confidence in the bank. <eos/><bos/>The annual Mercury Awards recognized Unibank as the winner in the nomination of <cite.query w-seq-number="00006" w-ref-type="MM" w-normalized-cite="canonical_name::PEOPLES BANK" ID="Ic0c44150aae811e5a1dcc357c808c75a">People&apos;s Bank</cite.query>,&apos; the press release says.<eos/><eop/></p><p><bop/><bos/>To make banking services more clear and easy for the people Unibank initiated a new television program <cite.query w-seq-number="00007" w-ref-type="MM" w-normalized-cite="canonical_name::PEOPLES BANK" ID="Ic0daaf80aae811e5a1dcc357c808c75a">People&apos;s Bank</cite.query>. <eos/><bos/>Today it runs 45 branches and 50 promo points providing services to over 300,000 customers.<eos/><eop/></p><p><bop/><bos/>In the first 9 months of 2015 Unibank paid a total of 1.7 billion drams in taxes occupying 53rd position in the list of the 1000 largest corporate taxpayers. <eos/><bos/>In 2015 December <cite.query w-seq-number="00008" w-ref-type="MM" w-normalized-cite="canonical_name::MOODYS INVESTORS SERVICE" ID="Ic0ef21e0aae811e5a1dcc357c808c75a">Moody&apos;s Investors Service</cite.query> has affirmed <cite.query w-seq-number="00009" w-ref-type="CO" w-normalized-cite="I468D9A50625D11DFB2EA9307C0464836" ID="Ic0ef21e1aae811e5a1dcc357c808c75a">Unibank</cite.query>&apos;s baseline credit assessment (<cite.query w-seq-number="00010" w-ref-type="MM" w-normalized-cite="canonical_name::BCA" ID="Ic0ef21e2aae811e5a1dcc357c808c75a">BCA</cite.query>) of b3, adjusted BCA of b3, counterparty risk assessment of B1(cr)NP(cr) and B2/NP bank deposit ratings saying also its outlook remains stable.<eos/><eop/></p><p><bop/><bos/>Unibank was founded in October 2001. <eos/><bos/>In 2002 it introduced Unistream system. <eos/><bos/>Its only shareholder is <cite.query w-seq-number="00011" w-ref-type="NM" w-normalized-cite="canonical_name::GLOVER HOLDING LTD" ID="Ic0f78650aae811e5a1dcc357c808c75a">Glover Holding LTD.</cite.query> In 2015 the Bank was reorganized into an open joint stock company. <eos/><bos/>The bank&apos;s assets at the end of September 2015 stood at 156 billion drams; the liabilities - at 135.3 billion drams; the capital was worth 20.7 billion drams. <eos/><bos/>Its credit investments stood at 107. 6 billion drams. <eos/><bos/>In the first 9 months of 2015 Unibank earned 761.3 million drams in net profit. <eos/><bos/>($ 1- 479.49 drams).<eos/>-<eop/></p></text></content><indexing iso-language="en" value-add="machine-generated"><classification-terms><pres-location-block><bop/><bos/><pres-location-wrap><pres-location>Armenia</pres-location><pres-location-code>ISOAM</pres-location-code><alt1-location-code>1AR09</alt1-location-code></pres-location-wrap><pres-location-wrap><pres-location>CIS Countries</pres-location><pres-location-code>CISSTAT</pres-location-code><alt1-location-code>1CI64</alt1-location-code></pres-location-wrap><pres-location-wrap><pres-location>Eastern Europe</pres-location><pres-location-code>GEOEEUR</pres-location-code><alt1-location-code>1EA48</alt1-location-code></pres-location-wrap><pres-location-wrap><pres-location>Europe</pres-location><pres-location-code>GEOEUR</pres-location-code><alt1-location-code>1EU83</alt1-location-code></pres-location-wrap><eos/><eop/></pres-location-block></classification-terms><classification-terms><pres-subject-block><bop/><bos/><pres-subject-wrap><pres-subject>CIS</pres-subject><pres-subject-code>GEOCIS</pres-subject-code><alt1-subject-code>1CI65</alt1-subject-code></pres-subject-wrap><pres-subject-wrap><pres-subject>Corporate Funding</pres-subject><pres-subject-code>BIZFIN</pres-subject-code><alt1-subject-code>1XO17</alt1-subject-code></pres-subject-wrap><pres-subject-wrap><pres-subject>Economic Indicators</pres-subject><pres-subject-code>ECONWRLD</pres-subject-code><alt1-subject-code>1EC19</alt1-subject-code></pres-subject-wrap><pres-subject-wrap><pres-subject>Economics &amp; Trade</pres-subject><pres-subject-code>TRADE</pres-subject-code><alt1-subject-code>1EC26</alt1-subject-code></pres-subject-wrap><pres-subject-wrap><pres-subject>Equity Instruments</pres-subject><pres-subject-code>STOCKINS</pres-subject-code><alt1-subject-code>1EQ90</alt1-subject-code></pres-subject-wrap><pres-subject-wrap><pres-subject>Funding Instruments</pres-subject><pres-subject-code>INVSTING</pres-subject-code><alt1-subject-code>1FU41</alt1-subject-code></pres-subject-wrap><pres-subject-wrap><pres-subject>Industrial Output</pres-subject><pres-subject-code>OUTPUT</pres-subject-code><alt1-subject-code>1IN17</alt1-subject-code></pres-subject-wrap><pres-subject-wrap><pres-subject>Initial Public Offerings (IPOs)</pres-subject><pres-subject-code>IPONEWS</pres-subject-code><alt1-subject-code>1IN65</alt1-subject-code></pres-subject-wrap><pres-subject-wrap><pres-subject>Stock Offerings</pres-subject><pres-subject-code>NEWSTOCK</pres-subject-code><alt1-subject-code>1ST44</alt1-subject-code></pres-subject-wrap><pres-subject-wrap><pres-subject>World Organizations</pres-subject><pres-subject-code>GEOORGS</pres-subject-code><alt1-subject-code>1IN77</alt1-subject-code></pres-subject-wrap><eos/><eop/></pres-subject-block><pres-industry-block><bop/><bos/><pres-industry-wrap><pres-industry>Banking</pres-industry><pres-industry-code>BANKOVER</pres-industry-code><alt1-industry-code>1BA20</alt1-industry-code></pres-industry-wrap><pres-industry-wrap><pres-industry>Financial Services</pres-industry><pres-industry-code>FINSVC</pres-industry-code><alt1-industry-code>1FI37</alt1-industry-code></pres-industry-wrap><pres-industry-wrap><pres-industry>Investment Management</pres-industry><pres-industry-code>INVSTMAN</pres-industry-code><alt1-industry-code>1IN34</alt1-industry-code></pres-industry-wrap><pres-industry-wrap><pres-industry>Metals &amp; Mining</pres-industry><pres-industry-code>METALS</pres-industry-code><alt1-industry-code>1ME07</alt1-industry-code></pres-industry-wrap><pres-industry-wrap><pres-industry>Minor Metals &amp; Minerals</pres-industry><pres-industry-code>MINORORE</pres-industry-code><alt1-industry-code>1MI41</alt1-industry-code></pres-industry-wrap><pres-industry-wrap><pres-industry>Molybdenum</pres-industry><pres-industry-code>MOLY</pres-industry-code><alt1-industry-code>1MO03</alt1-industry-code></pres-industry-wrap><pres-industry-wrap><pres-industry>Natural Resources</pres-industry><pres-industry-code>RESOURCE</pres-industry-code><alt1-industry-code>1NA60</alt1-industry-code></pres-industry-wrap><pres-industry-wrap><pres-industry>Securities Investment</pres-industry><pres-industry-code>PTSECUR</pres-industry-code><alt1-industry-code>1SE57</alt1-industry-code></pres-industry-wrap><eos/><eop/></pres-industry-block></classification-terms><classification-terms><rcs-block><rcs>B:126</rcs><rcs>B:125</rcs><rcs>E:5</rcs><rcs>B:128</rcs><rcs>G:B2</rcs><rcs>B:127</rcs><rcs>E:W</rcs><rcs>U:42</rcs><rcs>G:7I</rcs><rcs>B:12</rcs><rcs>G:Y</rcs><rcs>B:20</rcs><rcs>B:130</rcs><rcs>U:1</rcs><rcs>G:B</rcs><rcs>G:A</rcs><rcs>E:K</rcs><rcs>E:M</rcs><rcs>I:19</rcs><rcs>G:AJ</rcs><rcs>M:DU</rcs><rcs>B:19</rcs></rcs-block></classification-terms><extraction-terms><extr-company-block><bop/><bos/><extr-company>2015 Unibank</extr-company><extr-company-wrap><extr-company-name>2015 Unibank</extr-company-name><relevancy engine="1C">0.2</relevancy><confidence engine="1C">0.62</confidence></extr-company-wrap><norm-company oa-id="5035883467">ELEMENTARY SCHOOL DISTRICT NO 23 OF MCCURTAIN COUNTY OKLAHOMA</norm-company><norm-company-wrap occur-sequence="13"><norm-company-name>ELEMENTARY SCHOOL DISTRICT NO 23 OF MCCURTAIN COUNTY OKLAHOMA</norm-company-name><company-ids><oa-id>5035883467</oa-id></company-ids><relevancy engine="1C">0.2</relevancy><confidence engine="1C">0.71</confidence></norm-company-wrap><norm-company oa-id="8589934244">MOODYS CORP</norm-company><norm-company-wrap occur-sequence="10"><norm-company-name>MOODYS CORP</norm-company-name><company-ids><oa-id>8589934244</oa-id><ric norm="MCO.N">MCO.N</ric></company-ids><company-classification><trbc-wrap><trbc type="RCS">B:1245</trbc><trbc type="2012">5220307013</trbc><trbc type="perm-id">4294951756</trbc></trbc-wrap></company-classification><relevancy engine="1C">0.2</relevancy><confidence engine="1C">0.88</confidence></norm-company-wrap><norm-company oa-id="5000143907">NASDAQ OMX ARMENIA OPEN JSK</norm-company><norm-company-wrap occur-sequence="3,5"><norm-company-name>NASDAQ OMX ARMENIA OPEN JSK</norm-company-name><company-ids><oa-id>5000143907</oa-id></company-ids><relevancy engine="1C">0.2</relevancy><confidence engine="1C">0.95</confidence></norm-company-wrap><norm-company oa-id="5000645081">UNIBANK</norm-company><norm-company-wrap occur-sequence="1,2,4,6,7,8,9,11,12"><norm-company-name>UNIBANK</norm-company-name><company-ids><oa-id>5000645081</oa-id></company-ids><company-classification><trbc-wrap><trbc type="RCS">B:1616</trbc><trbc type="2012">5510101011</trbc><trbc type="perm-id">4294951385</trbc></trbc-wrap></company-classification><relevancy engine="1C">0.8</relevancy><confidence engine="1C">0.92</confidence></norm-company-wrap><eos/><eop/></extr-company-block></extraction-terms></indexing></document></n-docbody>
</n-document>
<n-document guid="I5fc13850aa4211e5afddf90f24874b16"><n-metadata><metadata.block><md.identifiers><md.cites><md.first.line.cite>12/24/15 NEWS 00:00:00</md.first.line.cite><md.second.line.cite>12/24/15 ARKA News Agency 00:00:00</md.second.line.cite></md.cites><md.uuid>I5fc13850aa4211e5afddf90f24874b16</md.uuid></md.identifiers><md.infotype>news</md.infotype><md.sortkeys><md.ordersequence>f47363bec</md.ordersequence></md.sortkeys><md.descriptions><md.title>US COMPANY SIGNS FIRST CRUDE OIL EXPORT CONTRACT IN 40 YEARS</md.title><md.westlawdescrip><md.readlist>READLIST</md.readlist></md.westlawdescrip></md.descriptions><md.dates><md.publisheddatetime>20151224073919</md.publisheddatetime><md.loaddate>20151224</md.loaddate><md.createddatetime>20151224073919</md.createddatetime></md.dates><md.subjects><md.subject><md.pubtype.name/><md.doctype.name>DNR</md.doctype.name><md.doctype.rank/><md.view>CNGE</md.view><md.view>RGEurope</md.view><md.view>PTNewswires</md.view><md.view>ARKANEWS0063786</md.view><md.view>INALLNEWS_ACTEST</md.view><md.view>INFARNEWS_AC</md.view><md.view>MARKETSEIKON_CN</md.view><md.view>MARKETSEIKON</md.view><md.view>CB_ASIAWIRES</md.view><md.view>INWIRES_AC</md.view><md.view>GULF_INTL</md.view><md.view>ININTNEWS_AC</md.view><md.view>ANZ_INTLOS</md.view><md.view>CLEAR_RF</md.view><md.view>INALLNEWS_AC</md.view><md.view>INNEWSINT_PRO</md.view><md.view>INBUSNEWS</md.view><md.view>INNEWSWORLD_PRO</md.view><md.view>INBUSNEWS_AC</md.view></md.subject></md.subjects><md.jurisdictions><md.jurisdiction><md.jurisstate>FE</md.jurisstate></md.jurisdiction></md.jurisdictions><md.publications><md.publication/><md.sourcepubid>ARKANEWS</md.sourcepubid></md.publications><md.royalty><md.royalty.code>84104</md.royalty.code></md.royalty></metadata.block><news.metadata.block><md.text.preview>ENERGYYEREVAN, December 24, /ARKA/. A Texas energy company will load the first freely traded cargo of U.S. crude oil to be shipped overseas since the Ford administration, The Wall Street Journal reported.</md.text.preview></news.metadata.block><newsplus.recommendable>1</newsplus.recommendable><n-view>CNGE</n-view><n-view>RGEurope</n-view><n-view>PTNewswires</n-view><n-view>ARKANEWS0063786</n-view><n-view>INALLNEWS_ACTEST</n-view><n-view>INFARNEWS_AC</n-view><n-view>MARKETSEIKON_CN</n-view><n-view>MARKETSEIKON</n-view><n-view>CB_ASIAWIRES</n-view><n-view>INWIRES_AC</n-view><n-view>GULF_INTL</n-view><n-view>ININTNEWS_AC</n-view><n-view>ANZ_INTLOS</n-view><n-view>CLEAR_RF</n-view><n-view>INALLNEWS_AC</n-view><n-view>INNEWSINT_PRO</n-view><n-view>INBUSNEWS</n-view><n-view>INNEWSWORLD_PRO</n-view><n-view>INBUSNEWS_AC</n-view><prism-stylesheet guid="Ia3024d301b6a11d89fc5f34981d3242f"/><prism-clipdate>20151224073919</prism-clipdate></n-metadata>
<n-docbody><document version="1" collection="D-ARKANEWS-T001" first-load-date="20151224073919" ip-product="ARKANEWS" royalty-id="84104" data-model="text" dtd-version="5.2.29" content-type="news" load-language="en" pnac="nNRA0nvcp8" pnac-date="20151224T132935.573"><supplier-info><supplier-num nitf="doc-id" nitf-regsrc="ARKA News Agency" type="accession">b12e0002ce20ee40</supplier-num><internal-acc-num db-id="NEPRARKA" type="newz">20151224170.1_Vb12e0002ce20ee40</internal-acc-num><rec-status><last-load-date>20151224073919</last-load-date><nitf-date ne="datereceived">20151224T13:29:35Z</nitf-date><nitf-date nitf="date-issue">20151224T00:00:00Z</nitf-date><last-provider-update>20151224132935</last-provider-update></rec-status><supplier-copyright>Copyright Â© 2015 ARKA<copyright-year/><copyright-holder>ARKA</copyright-holder></supplier-copyright><supplier-note nitf="urgency" nitf-ed-urg="4"/><nitf-meta-content name="recommendable">1</nitf-meta-content><nitf-meta-content name="_newsmlg2-hashtype=nr-htype:doc-group-fuzzy">65742|82833|98619|96444|91676|58139|101761|75401|58057|62781|13602|4384|12794|18577|22161|59635|31083|7374|77064|95893|98790|17273|24543|22175|53435|19262|84741|54170|1598|38934|19396|79313|46743|21417|70513|14590|42181|64722|84944|35318|78720|92197|33143|35480|22017|65372|36742|110623|18211|79223|6044|65428|98903|71084|38590|65550|68352|69056|104016|9499|</nitf-meta-content><nitf-meta-content name="_newsmlg2-hashtype=nr-htype:doc-group-content-length">1043</nitf-meta-content><nitf-meta-content name="_newsmlg2-hashtype=nr-htype:doc-group-simple">-55393cf03903131e2e667d2f12f3c3c231acf440</nitf-meta-content><supplier-dtds><dtd dtd-version="working" dtd-date="20151215T00:00:00Z">Canonical Taxonomy</dtd><dtd dtd-version="20151208" dtd-date="20151215T00:00:00Z">Mapping File</dtd></supplier-dtds><copyright-block type="dialog"><service-copyright n-include_guid="Ice671660f30811d88920000083149a14" n-include_collection="D-DIALOGCOPYRIGHTS-T001"/></copyright-block><copyright-block type="west"><service-copyright n-include_guid="I1DA35ED81DD211B281BAD200220BDFCA" n-include_collection="w_wlnv_msg"/></copyright-block><west-citation-block><bop/><first-line-cite><bos/>12/24/15 NEWS 00:00:00<eos/></first-line-cite><second-line-cite><bos/>12/24/15 ARKA News Agency 00:00:00<eos/></second-line-cite><eop/></west-citation-block></supplier-info><title-info iso-language="en"><bop/><title type="headline" nitf-hedline="hl1" key="key-title"><bos/><sort-title><cite.query w-seq-number="00001" w-ref-type="NM" w-normalized-cite="canonical_name::US CO" ID="Ifdb4bf40aa4311e582b1c1a63544a781">US COMPANY</cite.query> SIGNS FIRST CRUDE OIL EXPORT CONTRACT IN 40 YEARS</sort-title><eos/></title><eop/></title-info><pub-info><journal key="key-journal"><bop/><bos/><sort-journal>ARKA News Agency</sort-journal><eos/><eop/></journal><pub-date key="key-date" iso-time="T00:00:00Z" type="date.publication"><full-pub-date>December 24, 2015</full-pub-date><sort-pub-date>20151224</sort-pub-date><sort-pub-timestamp>20151224000000</sort-pub-timestamp><rank-date>20151224</rank-date><currency-timestamp>20151224000000</currency-timestamp></pub-date><original-pub><language iso-language="en">English</language></original-pub><src-data><src-journal-code>ANPV</src-journal-code><src-pub-code>0063786</src-pub-code><src-pub-type>Newswire</src-pub-type><src-pub-country-wrap><src-pub-country-code>GE</src-pub-country-code><src-pub-country>Georgia CIS</src-pub-country></src-pub-country-wrap><src-pub-region>Europe</src-pub-region></src-data></pub-info><content iso-language="en"><total-char-count>1588</total-char-count><derived-word-count><bop/><bos/>Word Count: 269<eos/><eop/></derived-word-count><text type="lead-para"><p nitf="lede"><bop/>ENERGY<eop/></p><p nitf="lede"><bop/><bos/>YEREVAN, December 24, /ARKA/. <eos/><bos/>A Texas energy company will load the first freely traded cargo of U.S. crude oil to be shipped overseas since the Ford administration, The <cite.query w-seq-number="00002" w-ref-type="NM" w-normalized-cite="canonical_name::WALL STREET JOURNAL" ID="Ifdbc1240aa4311e582b1c1a63544a781">Wall Street Journal</cite.query> reported.<eos/><eop/></p></text><text type="body"><p><bop/><bos/><cite.query w-seq-number="00003" w-ref-type="CO" w-normalized-cite="I11F2F23341EA11DDAD6B0014224D2780" ID="Ifdc70ec0aa4311e582b1c1a63544a781">Enterprise Products Partners LP</cite.query> said on Wednesday that during the first week of January it will load 600,000 barrels of light, sweet crude pumped in South Texas into a tanker at its oil terminal on the Houston Ship Channel. <eos/><bos/>The announcement comes less than a week after <cite.query w-seq-number="00004" w-ref-type="NM" w-normalized-cite="canonical_name::CONGRESS" ID="Ifdc70ec1aa4311e582b1c1a63544a781">Congress</cite.query> passed legislation that lifts the 40-year-old ban on exporting U.S. oil.<eos/><eop/></p><p><bop/><bos/><cite.query w-seq-number="00005" w-ref-type="WC" w-normalized-cite="IA488D533453F11DD8CB60014224D2780" ID="Ifddf78c0aa4311e582b1c1a63544a781">Vitol Group</cite.query>, a Dutch oil-trading titan, is buying the crude, according to <cite.query w-seq-number="00006" w-ref-type="WC" w-normalized-cite="IC70F9E00635E11E0B50BDE267DF909C1" ID="Ifddf78c1aa4311e582b1c1a63544a781">Enterprise</cite.query>. <eos/><bos/>The oil will head to a <cite.query w-seq-number="00007" w-ref-type="MM" w-normalized-cite="canonical_name::VITOL" ID="Ifddf78c2aa4311e582b1c1a63544a781">Vitol</cite.query> subsidiary&apos;s refinery in Cressier, Switzerland, which supplies diesel and other fuels to Northern Europe.<eos/><eop/></p><p><bop/><bos/>&quot;We are excited to announce our first contract to export U.S. crude oil, which to our knowledge may be the first export cargo of U.S. crude oil from the Gulf Coast in almost 40 years,&quot; said Jim Teague, chief operating officer of <cite.query w-seq-number="00008" w-ref-type="WC" w-normalized-cite="IC70F9E00635E11E0B50BDE267DF909C1" ID="Ifdea7540aa4311e582b1c1a63544a781">Enterprise</cite.query>&apos;s general partner. <eos/><bos/>President Barack Obama signed the legislation that lifts the 40-year-old ban on exporting U.S. crude less than a week ago. <eos/><bos/>The ban was put into place in 1975 in the wake of the <cite.query w-seq-number="00009" w-ref-type="NM" w-normalized-cite="canonical_name::ARAB OIL EMBARGO" ID="Ifdea7541aa4311e582b1c1a63544a781">Arab Oil Embargo</cite.query>, which created long lines at gas stations, soaring fuel prices and rationing for American drivers. <eos/><bos/>U.S. presidents occasionally have made exceptions to the ban. <eos/><bos/>Ronald Reagan permitted limited sales of Alaskan crude to Canada, for example, deeming them in the national interest. <eos/><bos/>Today nearly 400,000 barrels a day of U.S. oil moves north across the border. -0-<eos/><eop/></p></text></content><indexing iso-language="en" value-add="machine-generated"><classification-terms><pres-location-block><bop/><bos/><pres-location-wrap><pres-location>Americas</pres-location><pres-location-code>GEOAMER</pres-location-code><alt1-location-code>1AM92</alt1-location-code></pres-location-wrap><pres-location-wrap><pres-location>North America</pres-location><pres-location-code>GEONAMR</pres-location-code><alt1-location-code>1NO39</alt1-location-code></pres-location-wrap><pres-location-wrap><pres-location>Texas</pres-location><pres-location-code>USATX</pres-location-code><alt1-location-code>1TE14</alt1-location-code></pres-location-wrap><pres-location-wrap><pres-location>U.S. Southwest Region</pres-location><pres-location-code>GEOSWEST</pres-location-code><alt1-location-code>1SO89</alt1-location-code></pres-location-wrap><pres-location-wrap><pres-location>USA</pres-location><pres-location-code>ISOUS</pres-location-code><alt1-location-code>1US73</alt1-location-code></pres-location-wrap><eos/><eop/></pres-location-block></classification-terms><classification-terms><pres-industry-block><bop/><bos/><pres-industry-wrap><pres-industry>Americas Crude Oil</pres-industry><pres-industry-code>AMCRUDE</pres-industry-code><alt1-industry-code>1AM35</alt1-industry-code></pres-industry-wrap><pres-industry-wrap><pres-industry>Crude Oil</pres-industry><pres-industry-code>CRUDE</pres-industry-code><alt1-industry-code>1CR88</alt1-industry-code></pres-industry-wrap><pres-industry-wrap><pres-industry>Energy &amp; Fuel</pres-industry><pres-industry-code>ENERGY</pres-industry-code><alt1-industry-code>1EN13</alt1-industry-code></pres-industry-wrap><pres-industry-wrap><pres-industry>Ocean Shipping</pres-industry><pres-industry-code>SHPCARGO</pres-industry-code><alt1-industry-code>1OC22</alt1-industry-code></pres-industry-wrap><pres-industry-wrap><pres-industry>Oil &amp; Gas</pres-industry><pres-industry-code>ENTOPONG</pres-industry-code><alt1-industry-code>1OI76</alt1-industry-code></pres-industry-wrap><pres-industry-wrap><pres-industry>Oil &amp; Gas Tankers</pres-industry><pres-industry-code>ENTANKER</pres-industry-code><alt1-industry-code>1OI89</alt1-industry-code></pres-industry-wrap><pres-industry-wrap><pres-industry>Oil Production</pres-industry><pres-industry-code>ENOILPRD</pres-industry-code><alt1-industry-code>1OI71</alt1-industry-code></pres-industry-wrap><pres-industry-wrap><pres-industry>U.S. Crude Oil</pres-industry><pres-industry-code>USCRUDE</pres-industry-code><alt1-industry-code>1US90</alt1-industry-code></pres-industry-wrap><pres-industry-wrap><pres-industry>Upstream Oil</pres-industry><pres-industry-code>ENGLOBUP</pres-industry-code><alt1-industry-code>1UP67</alt1-industry-code></pres-industry-wrap><eos/><eop/></pres-industry-block></classification-terms><classification-terms><rcs-block><rcs>G:4</rcs><rcs>U:45</rcs><rcs>B:9</rcs><rcs>G:6J</rcs><rcs>B:63</rcs><rcs>G:50</rcs><rcs>U:8J</rcs><rcs>U:2B</rcs><rcs>B:2</rcs><rcs>U:91</rcs><rcs>U:5K</rcs><rcs>U:B</rcs><rcs>B:5</rcs><rcs>B:6</rcs><rcs>B:7</rcs></rcs-block></classification-terms><extraction-terms><extr-company-block><bop/><bos/><extr-company>Wall Street Journal</extr-company><extr-company-wrap><extr-company-name>Wall Street Journal</extr-company-name><relevancy engine="1C">0.2</relevancy><confidence engine="1C">0.94</confidence></extr-company-wrap><norm-company oa-id="4295901413">ENTERPRISE PRODUCTS PARTNERS LP</norm-company><norm-company-wrap occur-sequence="2"><norm-company-name>ENTERPRISE PRODUCTS PARTNERS LP</norm-company-name><company-ids><oa-id>4295901413</oa-id><ric norm="EPD.N">EPD.N</ric></company-ids><company-classification><trbc-wrap><trbc type="RCS">B:1024</trbc><trbc type="2012">5010303010</trbc><trbc type="perm-id">4294951977</trbc></trbc-wrap></company-classification><relevancy engine="1C">0.5</relevancy><confidence engine="1C">1</confidence></norm-company-wrap><norm-company oa-id="4295903068">FORD MOTOR CO</norm-company><norm-company-wrap occur-sequence="1"><norm-company-name>FORD MOTOR CO</norm-company-name><company-ids><oa-id>4295903068</oa-id><ric norm="F.N">F.N</ric></company-ids><company-classification><trbc-wrap><trbc type="RCS">B:1292</trbc><trbc type="2012">5310101010</trbc><trbc type="perm-id">4294951709</trbc></trbc-wrap></company-classification><relevancy engine="1C">0.2</relevancy><confidence engine="1C">0.89</confidence></norm-company-wrap><norm-company oa-id="4296723980">VITOL HOLDING BV</norm-company><norm-company-wrap occur-sequence="3,4"><norm-company-name>VITOL HOLDING BV</norm-company-name><company-ids><oa-id>4296723980</oa-id></company-ids><company-classification><trbc-wrap><trbc type="RCS">B:1003</trbc><trbc type="2012">5010201010</trbc><trbc type="perm-id">4294951998</trbc></trbc-wrap></company-classification><relevancy engine="1C">0.2</relevancy><confidence engine="1C">1</confidence></norm-company-wrap><eos/><eop/></extr-company-block></extraction-terms><extraction-terms><extr-person-block><bop/><bos/><extr-person>Ronald Reagan</extr-person><extr-person-wrap><extr-person-name>Ronald Reagan</extr-person-name><relevancy engine="1C">0.2</relevancy></extr-person-wrap><extr-person>A. James Teague</extr-person><norm-person-wrap><norm-person-name>A. James Teague</norm-person-name><person-ids><od-auth-id>1093347</od-auth-id><od-officer-id>149906</od-officer-id><person-perm-id>34415681864</person-perm-id></person-ids><relevancy engine="1C">0.2</relevancy></norm-person-wrap><extr-person>Jim Teague</extr-person><extr-person-wrap><extr-person-name>Jim Teague</extr-person-name><relevancy engine="1C">0.2</relevancy></extr-person-wrap><extr-person>Barack Obama</extr-person><extr-person-wrap><extr-person-name>Barack Obama</extr-person-name><relevancy engine="1C">0.2</relevancy></extr-person-wrap><eos/><eop/></extr-person-block></extraction-terms></indexing></document></n-docbody>
</n-document>
<n-document guid="Id4efdaa0a94311e59acaba96df2a1f42"><n-metadata><metadata.block><md.identifiers><md.cites><md.first.line.cite>12/23/15 NEWS 00:00:00</md.first.line.cite><md.second.line.cite>12/23/15 ARKA News Agency 00:00:00</md.second.line.cite></md.cites><md.uuid>Id4efdaa0a94311e59acaba96df2a1f42</md.uuid></md.identifiers><md.infotype>news</md.infotype><md.sortkeys><md.ordersequence>f47363bec</md.ordersequence></md.sortkeys><md.descriptions><md.title>RUSSIA EASES VISA REGIME FOR GEORGIAN CITIZENS</md.title><md.westlawdescrip><md.readlist>READLIST</md.readlist></md.westlawdescrip></md.descriptions><md.dates><md.publisheddatetime>20151223011112</md.publisheddatetime><md.loaddate>20151223</md.loaddate><md.createddatetime>20151223011112</md.createddatetime></md.dates><md.subjects><md.subject><md.pubtype.name/><md.doctype.name>DNR</md.doctype.name><md.doctype.rank/><md.view>CNGE</md.view><md.view>RGEurope</md.view><md.view>PTNewswires</md.view><md.view>ARKANEWS0063786</md.view><md.view>INALLNEWS_ACTEST</md.view><md.view>INFARNEWS_AC</md.view><md.view>MARKETSEIKON_CN</md.view><md.view>MARKETSEIKON</md.view><md.view>CB_ASIAWIRES</md.view><md.view>INWIRES_AC</md.view><md.view>GULF_INTL</md.view><md.view>ININTNEWS_AC</md.view><md.view>ANZ_INTLOS</md.view><md.view>CLEAR_RF</md.view><md.view>INALLNEWS_AC</md.view><md.view>INNEWSINT_PRO</md.view><md.view>INBUSNEWS</md.view><md.view>INNEWSWORLD_PRO</md.view><md.view>INBUSNEWS_AC</md.view></md.subject></md.subjects><md.jurisdictions><md.jurisdiction><md.jurisstate>FE</md.jurisstate></md.jurisdiction></md.jurisdictions><md.publications><md.publication/><md.sourcepubid>ARKANEWS</md.sourcepubid></md.publications><md.royalty><md.royalty.code>84104</md.royalty.code></md.royalty></metadata.block><news.metadata.block><md.text.preview>POLITICSYEREVAN, December 23. /ARKA/. The Russian Foreign Ministry said Tuesday it would ease visa requirements for the Georgian citizens starting from December 23. The Russian Foreign Ministry also said that as a next step it does &quot;not rule out&quot;</md.text.preview></news.metadata.block><newsplus.recommendable>1</newsplus.recommendable><n-view>CNGE</n-view><n-view>RGEurope</n-view><n-view>PTNewswires</n-view><n-view>ARKANEWS0063786</n-view><n-view>INALLNEWS_ACTEST</n-view><n-view>INFARNEWS_AC</n-view><n-view>MARKETSEIKON_CN</n-view><n-view>MARKETSEIKON</n-view><n-view>CB_ASIAWIRES</n-view><n-view>INWIRES_AC</n-view><n-view>GULF_INTL</n-view><n-view>ININTNEWS_AC</n-view><n-view>ANZ_INTLOS</n-view><n-view>CLEAR_RF</n-view><n-view>INALLNEWS_AC</n-view><n-view>INNEWSINT_PRO</n-view><n-view>INBUSNEWS</n-view><n-view>INNEWSWORLD_PRO</n-view><n-view>INBUSNEWS_AC</n-view><prism-stylesheet guid="Ia3024d301b6a11d89fc5f34981d3242f"/><prism-clipdate>20151223011112</prism-clipdate></n-metadata>
<n-docbody><document version="1" collection="D-ARKANEWS-T001" first-load-date="20151223011112" ip-product="ARKANEWS" royalty-id="84104" data-model="text" dtd-version="5.2.29" content-type="news" load-language="en" pnac="nNRA0novzh" pnac-date="20151223T070730.506"><supplier-info><supplier-num nitf="doc-id" nitf-regsrc="ARKA News Agency" type="accession">3b6f00058296cbc6</supplier-num><internal-acc-num db-id="NEPRARKA" type="newz">20151223170.1_V3b6f00058296cbc6</internal-acc-num><rec-status><last-load-date>20151223011112</last-load-date><nitf-date ne="datereceived">20151223T07:07:30Z</nitf-date><nitf-date nitf="date-issue">20151223T00:00:00Z</nitf-date><last-provider-update>20151223070730</last-provider-update></rec-status><supplier-copyright>Copyright Â© 2015 ARKA<copyright-year/><copyright-holder>ARKA</copyright-holder></supplier-copyright><supplier-note nitf="urgency" nitf-ed-urg="4"/><nitf-meta-content name="recommendable">1</nitf-meta-content><nitf-meta-content name="_newsmlg2-hashtype=nr-htype:doc-group-fuzzy">98955|2286|98619|38650|17212|68669|43283|28278|30741|56088|4095|78603|67537|8271|60031|101370|7287|50770|111205|4218|94012|99314|84247|26670|91667|75970|21621|12051|7137|54606|19059|23802|84345|3769|58412|76605|34761|94083|79715|27843|72750|99848|37719|112783|62081|88269|29546|97504|54326|61160|91908|7947|87169|109434|41252|87749|28666|113010|102799|77440|</nitf-meta-content><nitf-meta-content name="_newsmlg2-hashtype=nr-htype:doc-group-content-length">1502</nitf-meta-content><nitf-meta-content name="_newsmlg2-hashtype=nr-htype:doc-group-simple">401de65acbf57ee56da5b0cdb8d2dba57f31aa2a</nitf-meta-content><supplier-dtds><dtd dtd-version="working" dtd-date="20151215T00:00:00Z">Canonical Taxonomy</dtd><dtd dtd-version="20151208" dtd-date="20151215T00:00:00Z">Mapping File</dtd></supplier-dtds><copyright-block type="dialog"><service-copyright n-include_guid="Ice671660f30811d88920000083149a14" n-include_collection="D-DIALOGCOPYRIGHTS-T001"/></copyright-block><copyright-block type="west"><service-copyright n-include_guid="I1DA35ED81DD211B281BAD200220BDFCA" n-include_collection="w_wlnv_msg"/></copyright-block><west-citation-block><bop/><first-line-cite><bos/>12/23/15 NEWS 00:00:00<eos/></first-line-cite><second-line-cite><bos/>12/23/15 ARKA News Agency 00:00:00<eos/></second-line-cite><eop/></west-citation-block></supplier-info><title-info iso-language="en"><bop/><title type="headline" nitf-hedline="hl1" key="key-title"><bos/><sort-title>RUSSIA EASES VISA REGIME FOR GEORGIAN CITIZENS</sort-title><eos/></title><eop/></title-info><pub-info><journal key="key-journal"><bop/><bos/><sort-journal>ARKA News Agency</sort-journal><eos/><eop/></journal><pub-date key="key-date" iso-time="T00:00:00Z" type="date.publication"><full-pub-date>December 23, 2015</full-pub-date><sort-pub-date>20151223</sort-pub-date><sort-pub-timestamp>20151223000000</sort-pub-timestamp><rank-date>20151223</rank-date><currency-timestamp>20151223000000</currency-timestamp></pub-date><original-pub><language iso-language="en">English</language></original-pub><src-data><src-journal-code>ANPV</src-journal-code><src-pub-code>0063786</src-pub-code><src-pub-type>Newswire</src-pub-type><src-pub-country-wrap><src-pub-country-code>GE</src-pub-country-code><src-pub-country>Georgia CIS</src-pub-country></src-pub-country-wrap><src-pub-region>Europe</src-pub-region></src-data></pub-info><content iso-language="en"><total-char-count>2221</total-char-count><derived-word-count><bop/><bos/>Word Count: 331<eos/><eop/></derived-word-count><text type="lead-para"><p nitf="lede"><bop/>POLITICS<eop/></p><p nitf="lede"><bop/><bos/>YEREVAN, December 23. /ARKA/. <eos/><bos/>The Russian <cite.query w-seq-number="00001" w-ref-type="NM" w-normalized-cite="canonical_name::FOREIGN MINISTRY" ID="I67ea0b50a94411e5abf0a9d61a8b07c8">Foreign Ministry</cite.query> said Tuesday it would ease visa requirements for the Georgian citizens starting from December 23. <eos/><bos/>The Russian <cite.query w-seq-number="00002" w-ref-type="NM" w-normalized-cite="canonical_name::FOREIGN MINISTRY" ID="I67ea0b51a94411e5abf0a9d61a8b07c8">Foreign Ministry</cite.query> also said that as a next step it does &quot;not rule out&quot; the possibility of lifting visa requirements for Georgia.<eos/><eop/></p></text><text type="body"><p><bop/><bos/>&quot;In the context of ongoing process of normalization of Russian-Georgian relations and in the view of stimulating positive trends between our countries, starting from December 23, 2015 business, work, study and humanitarian visas of any multiplicity, as well as private visas regardless of whether there is kinship or not between host and invited person... will be issued to the citizens of Georgia,&quot; the <cite.query w-seq-number="00003" w-ref-type="NM" w-normalized-cite="canonical_name::RUSSIAN FOREIGN MINISTRY" ID="I67f221a0a94411e5abf0a9d61a8b07c8">Russian Foreign Ministry</cite.query> said.<eos/><eop/></p><p><bop/><bos/>&quot;The Russian side is determined to take further steps directed towards easing conditions for communication between the citizens of the two countries and is not ruling out to subsequently introduce visa-free regime on the basis of reciprocity,&quot; the <cite.query w-seq-number="00004" w-ref-type="NM" w-normalized-cite="canonical_name::RUSSIAN FOREIGN MINISTRY" ID="I67fa5f00a94411e5abf0a9d61a8b07c8">Russian Foreign Ministry</cite.query> said.<eos/><eop/></p><p><bop/><bos/>Georgia already has visa-free rules for the Russian citizens. <eos/><bos/>The Russian <cite.query w-seq-number="00005" w-ref-type="NM" w-normalized-cite="canonical_name::FOREIGN MINISTRY" ID="I680beb30a94411e5abf0a9d61a8b07c8">Foreign Ministry</cite.query>&apos;s announcement came five days after Russia&apos;s President Vladimir Putin said during his annual press conference that Moscow is &quot;ready to cancel visa regime&quot; for the Georgian citizens.<eos/><eop/></p><p><bop/><bos/>The remarks were welcomed by Georgian PM Irakli Garibashvili as &quot;a step in the right direction.&quot; <eos/><bos/>Also on December 22, Russian Deputy Foreign Minister Grigory Karasin spoke by phone with <cite.query w-seq-number="00006" w-ref-type="NM" w-normalized-cite="canonical_name::GEORGIAN PM" ID="I681b2d70a94411e5abf0a9d61a8b07c8">Georgian PM</cite.query>&apos;s special representative for relations with Russia Zurab Abashidze and &quot;clarified measures for liberalization of the visa regime for Georgians&quot;, the <cite.query w-seq-number="00007" w-ref-type="NM" w-normalized-cite="canonical_name::RUSSIAN FOREIGN MINISTRY" ID="I681b2d71a94411e5abf0a9d61a8b07c8">Russian Foreign Ministry</cite.query> said.<eos/><eop/></p><p><bop/><bos/>Abashidze, who is Georgia&apos;s negotiator with Russia in frames of direct bilateral dialogue with Moscow launched in late 2012, welcomed Moscow&apos;s announcement and said that it implies a &quot;significant simplification of visa rules&quot; compared to those applied by Russia currently.<eos/><eop/></p><p><bop/><bos/>Visa regime between Georgia and Russia was introduced in 2000. <eos/><bos/>In September 2008, after the military conflict in South Ossetia, Georgia broke off diplomatic relations with Russia, but 4 years later, in 2012, the official Tbilisi unilaterally canceled the visa regime for Russians. -0-<eos/><eop/></p></text></content><indexing iso-language="en" value-add="machine-generated"><classification-terms><pres-location-block><bop/><bos/><pres-location-wrap><pres-location>Asia</pres-location><pres-location-code>GEOASIA</pres-location-code><alt1-location-code>1AS61</alt1-location-code></pres-location-wrap><pres-location-wrap><pres-location>CIS Countries</pres-location><pres-location-code>CISSTAT</pres-location-code><alt1-location-code>1CI64</alt1-location-code></pres-location-wrap><pres-location-wrap><pres-location>Eastern Europe</pres-location><pres-location-code>GEOEEUR</pres-location-code><alt1-location-code>1EA48</alt1-location-code></pres-location-wrap><pres-location-wrap><pres-location>Europe</pres-location><pres-location-code>GEOEUR</pres-location-code><alt1-location-code>1EU83</alt1-location-code></pres-location-wrap><pres-location-wrap><pres-location>Georgia CIS</pres-location><pres-location-code>ISOGE</pres-location-code><alt1-location-code>1GE82</alt1-location-code></pres-location-wrap><pres-location-wrap><pres-location>Russia</pres-location><pres-location-code>ISORU</pres-location-code><alt1-location-code>1RU33</alt1-location-code></pres-location-wrap><eos/><eop/></pres-location-block></classification-terms><classification-terms><pres-subject-block><bop/><bos/><pres-subject-wrap><pres-subject>Embassies &amp; Consulates</pres-subject><pres-subject-code>EMBASSY</pres-subject-code><alt1-subject-code>1EM50</alt1-subject-code></pres-subject-wrap><pres-subject-wrap><pres-subject>Emerging Market Countries</pres-subject><pres-subject-code>EMERGING</pres-subject-code><alt1-subject-code>1EM65</alt1-subject-code></pres-subject-wrap><pres-subject-wrap><pres-subject>Government</pres-subject><pres-subject-code>PTGOV</pres-subject-code><alt1-subject-code>1GO80</alt1-subject-code></pres-subject-wrap><pres-subject-wrap><pres-subject>Immigration &amp; Naturalization</pres-subject><pres-subject-code>CITIZENS</pres-subject-code><alt1-subject-code>1IM88</alt1-subject-code></pres-subject-wrap><pres-subject-wrap><pres-subject>Nuclear, Biological, &amp; Chemical Warfare</pres-subject><pres-subject-code>DENBC</pres-subject-code><alt1-subject-code>1NU88</alt1-subject-code></pres-subject-wrap><pres-subject-wrap><pres-subject>Social Issues</pres-subject><pres-subject-code>PTSOCISS</pres-subject-code><alt1-subject-code>1SO05</alt1-subject-code></pres-subject-wrap><eos/><eop/></pres-subject-block><pres-industry-block><bop/><bos/><pres-industry-wrap><pres-industry>Aerospace &amp; Defense</pres-industry><pres-industry-code>AERDEFFR</pres-industry-code><alt1-industry-code>1AE96</alt1-industry-code></pres-industry-wrap><pres-industry-wrap><pres-industry>Banking</pres-industry><pres-industry-code>BANKOVER</pres-industry-code><alt1-industry-code>1BA20</alt1-industry-code></pres-industry-wrap><pres-industry-wrap><pres-industry>Credit, Debit &amp; Value Cards</pres-industry><pres-industry-code>CCARDS</pres-industry-code><alt1-industry-code>1CR28</alt1-industry-code></pres-industry-wrap><pres-industry-wrap><pres-industry>Defense</pres-industry><pres-industry-code>DEOVER1</pres-industry-code><alt1-industry-code>1DE43</alt1-industry-code></pres-industry-wrap><pres-industry-wrap><pres-industry>Financial Services</pres-industry><pres-industry-code>FINSVC</pres-industry-code><alt1-industry-code>1FI37</alt1-industry-code></pres-industry-wrap><pres-industry-wrap><pres-industry>Retail Banking Services</pres-industry><pres-industry-code>RTBNKOVR</pres-industry-code><alt1-industry-code>1RE38</alt1-industry-code></pres-industry-wrap><eos/><eop/></pres-industry-block></classification-terms><classification-terms><rcs-block><rcs>B:126</rcs><rcs>M:N</rcs><rcs>B:125</rcs><rcs>B:37</rcs><rcs>B:128</rcs><rcs>G:B2</rcs><rcs>B:127</rcs><rcs>M:4</rcs><rcs>G:Y</rcs><rcs>G:7N</rcs><rcs>G:B</rcs><rcs>G:A</rcs><rcs>M:B</rcs><rcs>M:C</rcs><rcs>M:EL</rcs><rcs>G:K</rcs><rcs>G:38</rcs><rcs>M:MZ</rcs><rcs>M:I4</rcs><rcs>B:129</rcs><rcs>G:AJ</rcs><rcs>G:1</rcs></rcs-block></classification-terms><extraction-terms><extr-company-block><bop/><bos/><norm-company oa-id="4298015179">VISA INC</norm-company><norm-company-wrap occur-sequence="1"><norm-company-name>VISA INC</norm-company-name><company-ids><oa-id>4298015179</oa-id><ric norm="V.N">V.N</ric></company-ids><company-classification><trbc-wrap><trbc type="RCS">B:1219</trbc><trbc type="2012">5220304010</trbc><trbc type="perm-id">4294951782</trbc></trbc-wrap></company-classification><relevancy engine="1C">0.8</relevancy><confidence engine="1C">0.85</confidence></norm-company-wrap><eos/><eop/></extr-company-block></extraction-terms><extraction-terms><extr-person-block><bop/><bos/><extr-person>Vladimir Putin</extr-person><extr-person-wrap><extr-person-name>Vladimir Putin</extr-person-name><relevancy engine="1C">0.2</relevancy></extr-person-wrap><extr-person>Grigory Karasin</extr-person><extr-person-wrap><extr-person-name>Grigory Karasin</extr-person-name><relevancy engine="1C">0.2</relevancy></extr-person-wrap><eos/><eop/></extr-person-block></extraction-terms></indexing></document></n-docbody>
</n-document>
<n-document guid="I5ac63430a8a411e5ad959b3b93f0dce7"><n-metadata><metadata.block><md.identifiers><md.cites><md.first.line.cite>12/22/15 NEWS 00:00:00</md.first.line.cite><md.second.line.cite>12/22/15 ARKA News Agency 00:00:00</md.second.line.cite></md.cites><md.uuid>I5ac63430a8a411e5ad959b3b93f0dce7</md.uuid></md.identifiers><md.infotype>news</md.infotype><md.sortkeys><md.ordersequence>f47363bec</md.ordersequence></md.sortkeys><md.descriptions><md.title>SALES OF SAMSUNG SMARTPHONES GROW BY 7.7 PERCENT IN Q3</md.title><md.westlawdescrip><md.readlist>READLIST</md.readlist></md.westlawdescrip></md.descriptions><md.dates><md.publisheddatetime>20151222061214</md.publisheddatetime><md.loaddate>20151222</md.loaddate><md.createddatetime>20151222061214</md.createddatetime></md.dates><md.subjects><md.subject><md.pubtype.name/><md.doctype.name>DNR</md.doctype.name><md.doctype.rank/><md.view>CNGE</md.view><md.view>RGEurope</md.view><md.view>PTNewswires</md.view><md.view>ARKANEWS0063786</md.view><md.view>INALLNEWS_ACTEST</md.view><md.view>INFARNEWS_AC</md.view><md.view>MARKETSEIKON_CN</md.view><md.view>MARKETSEIKON</md.view><md.view>CB_ASIAWIRES</md.view><md.view>INWIRES_AC</md.view><md.view>GULF_INTL</md.view><md.view>ININTNEWS_AC</md.view><md.view>ANZ_INTLOS</md.view><md.view>CLEAR_RF</md.view><md.view>INALLNEWS_AC</md.view><md.view>INNEWSINT_PRO</md.view><md.view>INBUSNEWS</md.view><md.view>INNEWSWORLD_PRO</md.view><md.view>INBUSNEWS_AC</md.view></md.subject></md.subjects><md.jurisdictions><md.jurisdiction><md.jurisstate>FE</md.jurisstate></md.jurisdiction></md.jurisdictions><md.publications><md.publication/><md.sourcepubid>ARKANEWS</md.sourcepubid></md.publications><md.royalty><md.royalty.code>84104</md.royalty.code></md.royalty></metadata.block><news.metadata.block><md.text.preview>INFORMATION TECHNOLOGIESYEREVAN, December 22. /ARKA/. Digitimes Research have released their latest market share figures and these show that almost 332 million smartphones were shipped across the world in the third quarter of 2015, showing a 10.5%</md.text.preview></news.metadata.block><newsplus.recommendable/><n-view>CNGE</n-view><n-view>RGEurope</n-view><n-view>PTNewswires</n-view><n-view>ARKANEWS0063786</n-view><n-view>INALLNEWS_ACTEST</n-view><n-view>INFARNEWS_AC</n-view><n-view>MARKETSEIKON_CN</n-view><n-view>MARKETSEIKON</n-view><n-view>CB_ASIAWIRES</n-view><n-view>INWIRES_AC</n-view><n-view>GULF_INTL</n-view><n-view>ININTNEWS_AC</n-view><n-view>ANZ_INTLOS</n-view><n-view>CLEAR_RF</n-view><n-view>INALLNEWS_AC</n-view><n-view>INNEWSINT_PRO</n-view><n-view>INBUSNEWS</n-view><n-view>INNEWSWORLD_PRO</n-view><n-view>INBUSNEWS_AC</n-view><prism-stylesheet guid="Ia3024d301b6a11d89fc5f34981d3242f"/><prism-clipdate>20151222061214</prism-clipdate></n-metadata>
<n-docbody><document version="1" collection="D-ARKANEWS-T001" first-load-date="20151222061214" ip-product="ARKANEWS" royalty-id="84104" data-model="text" dtd-version="5.2.29" content-type="news" load-language="en" pnac="nNRA0n9n87" pnac-date="20151222T120555.571"><supplier-info><supplier-num nitf="doc-id" nitf-regsrc="ARKA News Agency" type="accession">55ff0002b5bd780a</supplier-num><internal-acc-num db-id="NEPRARKA" type="newz">20151222170.1_V55ff0002b5bd780a</internal-acc-num><rec-status><last-load-date>20151222061214</last-load-date><nitf-date ne="datereceived">20151222T12:05:55Z</nitf-date><nitf-date nitf="date-issue">20151222T00:00:00Z</nitf-date><last-provider-update>20151222120555</last-provider-update></rec-status><supplier-copyright>Copyright Â© 2015 ARKA<copyright-year/><copyright-holder>ARKA</copyright-holder></supplier-copyright><supplier-note nitf="urgency" nitf-ed-urg="4"/><nitf-meta-content name="recommendable">0</nitf-meta-content><nitf-meta-content name="_newsmlg2-hashtype=nr-htype:doc-group-fuzzy">61518|95692|22005|21179|98619|38902|62287|21053|53914|23240|57786|49225|79660|71229|15299|58280|101141|112065|1739|80133|85229|81802|12568|43095|103201|22175|95930|3211|99751|109390|26424|5145|94751|59670|21298|67919|18090|71076|62657|9206|73182|557|47305|103621|102409|103566|105075|84775|92584|94765|81482|75963|112975|54771|57288|111920|15358|98733|4526|112461|</nitf-meta-content><nitf-meta-content name="_newsmlg2-hashtype=nr-htype:doc-group-content-length">887</nitf-meta-content><nitf-meta-content name="_newsmlg2-hashtype=nr-htype:doc-group-simple">4fe4d28fedb6bfa5f055f1a4faab2b8f854c86eb</nitf-meta-content><supplier-dtds><dtd dtd-version="working" dtd-date="20151215T00:00:00Z">Canonical Taxonomy</dtd><dtd dtd-version="20151208" dtd-date="20151215T00:00:00Z">Mapping File</dtd></supplier-dtds><copyright-block type="dialog"><service-copyright n-include_guid="Ice671660f30811d88920000083149a14" n-include_collection="D-DIALOGCOPYRIGHTS-T001"/></copyright-block><copyright-block type="west"><service-copyright n-include_guid="I1DA35ED81DD211B281BAD200220BDFCA" n-include_collection="w_wlnv_msg"/></copyright-block><west-citation-block><bop/><first-line-cite><bos/>12/22/15 NEWS 00:00:00<eos/></first-line-cite><second-line-cite><bos/>12/22/15 ARKA News Agency 00:00:00<eos/></second-line-cite><eop/></west-citation-block></supplier-info><title-info iso-language="en"><bop/><title type="headline" nitf-hedline="hl1" key="key-title"><bos/><sort-title>SALES OF <cite.query w-seq-number="00001" w-ref-type="MM" w-normalized-cite="canonical_name::SAMSUNG" ID="I5f5def50a8a511e5a60eaa275260bc9a">SAMSUNG</cite.query> SMARTPHONES GROW BY 7.7 PERCENT IN Q3</sort-title><eos/></title><eop/></title-info><pub-info><journal key="key-journal"><bop/><bos/><sort-journal>ARKA News Agency</sort-journal><eos/><eop/></journal><pub-date key="key-date" iso-time="T00:00:00Z" type="date.publication"><full-pub-date>December 22, 2015</full-pub-date><sort-pub-date>20151222</sort-pub-date><sort-pub-timestamp>20151222000000</sort-pub-timestamp><rank-date>20151222</rank-date><currency-timestamp>20151222000000</currency-timestamp></pub-date><original-pub><language iso-language="en">English</language></original-pub><src-data><src-journal-code>ANPV</src-journal-code><src-pub-code>0063786</src-pub-code><src-pub-type>Newswire</src-pub-type><src-pub-country-wrap><src-pub-country-code>GE</src-pub-country-code><src-pub-country>Georgia CIS</src-pub-country></src-pub-country-wrap><src-pub-region>Europe</src-pub-region></src-data></pub-info><content iso-language="en"><total-char-count>1575</total-char-count><derived-word-count><bop/><bos/>Word Count: 235<eos/><eop/></derived-word-count><text type="lead-para"><p nitf="lede"><bop/><bos/><cite.query w-seq-number="00002" w-ref-type="WC" w-normalized-cite="I76DF065242BE11DDA1BC0014224D2780" ID="I5f651b40a8a511e5a60eaa275260bc9a">INFORMATION TECHNOLOGIES</cite.query><eos/><eop/></p><p nitf="lede"><bop/><bos/>YEREVAN, December 22. /ARKA/. <eos/><bos/>Digitimes Research have released their latest market share figures and these show that almost 332 million smartphones were shipped across the world in the third quarter of 2015, showing a 10.5% increase over the previous quarter and 7.7% over the third quarter 2014, according to news reports.<eos/><eop/></p></text><text type="body"><p><bop/><bos/>In terms of market share, <cite.query w-seq-number="00003" w-ref-type="MM" w-normalized-cite="canonical_name::APPLE" ID="I5f88f6f0a8a511e5a60eaa275260bc9a">Apple</cite.query> and <cite.query w-seq-number="00004" w-ref-type="MM" w-normalized-cite="canonical_name::SAMSUNG" ID="I5f88f6f1a8a511e5a60eaa275260bc9a">Samsung</cite.query> have around 40% of the global smartphone sales, but this is split between 25.6% <cite.query w-seq-number="00005" w-ref-type="MM" w-normalized-cite="canonical_name::SAMSUNG" ID="I5f88f6f2a8a511e5a60eaa275260bc9a">Samsung</cite.query> and 14.5% <cite.query w-seq-number="00006" w-ref-type="MM" w-normalized-cite="canonical_name::APPLE" ID="I5f88f6f3a8a511e5a60eaa275260bc9a">Apple</cite.query>.<eos/><eop/></p><p><bop/><bos/>One in four smartphones sold in the third quarter wore a <cite.query w-seq-number="00007" w-ref-type="MM" w-normalized-cite="canonical_name::SAMSUNG" ID="I5f9ca600a8a511e5a60eaa275260bc9a">Samsung</cite.query> badge, which despite <cite.query w-seq-number="00008" w-ref-type="MM" w-normalized-cite="canonical_name::SAMSUNG" ID="I5f9ca601a8a511e5a60eaa275260bc9a">Samsung</cite.query>&apos;s difficulties, still represents a considerable number of devices.<eos/><eop/></p><p><bop/><bos/>The next largest market share is <cite.query w-seq-number="00009" w-ref-type="MM" w-normalized-cite="canonical_name::HUAWEI" ID="I5fe4d290a8a511e5a60eaa275260bc9a">Huawei</cite.query> at 7.4%, followed by <cite.query w-seq-number="00010" w-ref-type="MM" w-normalized-cite="canonical_name::LENOVO" ID="I5fe4d291a8a511e5a60eaa275260bc9a">Lenovo</cite.query> with 4.8%, LG at 4.5% and Xiaomi at 3.8%. <eos/><bos/>BBK and <cite.query w-seq-number="00011" w-ref-type="MM" w-normalized-cite="canonical_name::TCL" ID="I5fe4d292a8a511e5a60eaa275260bc9a">TCL</cite.query> show 3.55 and 3.3% respectively, with <cite.query w-seq-number="00012" w-ref-type="NM" w-normalized-cite="canonical_name::OPPO" ID="I5fe4d293a8a511e5a60eaa275260bc9a">Oppo</cite.query>&apos;s market share at a creditable 3.2%. <eos/><bos/>The remaining companies consist of <cite.query w-seq-number="00013" w-ref-type="CO" w-normalized-cite="I2DB1BDD0003711E184BD9FF55C91DD55" ID="I5fe4d294a8a511e5a60eaa275260bc9a">ZTE</cite.query>, <cite.query w-seq-number="00014" w-ref-type="MM" w-normalized-cite="canonical_name::SONY" ID="I5fe4d295a8a511e5a60eaa275260bc9a">Sony</cite.query>, <cite.query w-seq-number="00015" w-ref-type="MM" w-normalized-cite="canonical_name::MICROSOFT" ID="I5fe4d296a8a511e5a60eaa275260bc9a">Microsoft</cite.query> Mobile, Meizu, Coolpad and ASUS - with the top fifteen sellers showing a little over 81% of the market share. <eos/><bos/>Of these fifteen, nine are Chinese; two are North American, two Korean, one Japanese and one Taiwan.<eos/><eop/></p><p><bop/><bos/>Looking forward, Digitimes are expecting fourth quarter sales to increase to just under 400 million units, to bring the total for 2015 to 1.325 billion smartphones, a healthy 10.1% increase compared with 2014.<eos/><eop/></p><p><bop/><bos/>Picking through the data, <cite.query w-seq-number="00016" w-ref-type="MM" w-normalized-cite="canonical_name::HUAWEI" ID="I601160d0a8a511e5a60eaa275260bc9a">Huawei</cite.query> are the clear leader of &quot;the rest&quot; after <cite.query w-seq-number="00017" w-ref-type="MM" w-normalized-cite="canonical_name::APPLE" ID="I601160d1a8a511e5a60eaa275260bc9a">Apple</cite.query> and <cite.query w-seq-number="00018" w-ref-type="MM" w-normalized-cite="canonical_name::SAMSUNG" ID="I601160d2a8a511e5a60eaa275260bc9a">Samsung</cite.query>. <eos/><bos/>Earlier in the year, <cite.query w-seq-number="00019" w-ref-type="MM" w-normalized-cite="canonical_name::HUAWEI" ID="I601160d3a8a511e5a60eaa275260bc9a">Huawei</cite.query> released a beautiful Android Wear smartwatch and this was later followed by the higher end <cite.query w-seq-number="00020" w-ref-type="MM" w-normalized-cite="canonical_name::GOOGLE" ID="I601160d4a8a511e5a60eaa275260bc9a">Google</cite.query> Nexus 6P smartphone. -0-<eos/><eop/></p></text></content><indexing iso-language="en" value-add="machine-generated"><classification-terms><pres-location-block><bop/><bos/><pres-location-wrap><pres-location>Asia</pres-location><pres-location-code>GEOASIA</pres-location-code><alt1-location-code>1AS61</alt1-location-code></pres-location-wrap><eos/><eop/></pres-location-block></classification-terms><classification-terms><pres-industry-block><bop/><bos/><pres-industry-wrap><pres-industry>Consumer Electronics</pres-industry><pres-industry-code>CEOVR</pres-industry-code><alt1-industry-code>1CO61</alt1-industry-code></pres-industry-wrap><pres-industry-wrap><pres-industry>Consumer Products &amp; Services</pres-industry><pres-industry-code>BUYBUY</pres-industry-code><alt1-industry-code>1CO62</alt1-industry-code></pres-industry-wrap><pres-industry-wrap><pres-industry>Electronics</pres-industry><pres-industry-code>ETRONICS</pres-industry-code><alt1-industry-code>1EL16</alt1-industry-code></pres-industry-wrap><pres-industry-wrap><pres-industry>I.T.</pres-industry><pres-industry-code>ITOVER</pres-industry-code><alt1-industry-code>1IT96</alt1-industry-code></pres-industry-wrap><pres-industry-wrap><pres-industry>Mobile Phones &amp; Pagers</pres-industry><pres-industry-code>TWPHONE</pres-industry-code><alt1-industry-code>1WI07</alt1-industry-code></pres-industry-wrap><pres-industry-wrap><pres-industry>Palmtop Computing</pres-industry><pres-industry-code>PCHAND</pres-industry-code><alt1-industry-code>1PA77</alt1-industry-code></pres-industry-wrap><pres-industry-wrap><pres-industry>Telecom Consumer Equipment</pres-industry><pres-industry-code>TCCONEQ</pres-industry-code><alt1-industry-code>1TE03</alt1-industry-code></pres-industry-wrap><eos/><eop/></pres-industry-block></classification-terms><classification-terms><rcs-block><rcs>B:69</rcs><rcs>B:78</rcs><rcs>B:75</rcs><rcs>M:NL</rcs><rcs>B:161</rcs><rcs>G:K</rcs></rcs-block></classification-terms><extraction-terms><extr-company-block><bop/><bos/><norm-company oa-id="4295905573">APPLE INC</norm-company><norm-company-wrap occur-sequence="2,5,18"><norm-company-name>APPLE INC</norm-company-name><company-ids><oa-id>4295905573</oa-id><ric norm="AAPL.OQ">AAPL.OQ</ric></company-ids><company-classification><trbc-wrap><trbc type="RCS">B:1758</trbc><trbc type="2012">5710601010</trbc><trbc type="perm-id">4294951243</trbc></trbc-wrap></company-classification><relevancy engine="1C">0.5</relevancy><confidence engine="1C">1</confidence></norm-company-wrap><norm-company oa-id="4295891500">ASUSTEK COMPUTER INC</norm-company><norm-company-wrap occur-sequence="16"><norm-company-name>ASUSTEK COMPUTER INC</norm-company-name><company-ids><oa-id>4295891500</oa-id><ric norm="2357.TW">2357.TW</ric></company-ids><company-classification><trbc-wrap><trbc type="RCS">B:1763</trbc><trbc type="2012">5710601015</trbc><trbc type="perm-id">4294951238</trbc></trbc-wrap></company-classification><relevancy engine="1C">0.2</relevancy><confidence engine="1C">0.81</confidence></norm-company-wrap><norm-company oa-id="4295871161">COOLPAD GROUP LTD</norm-company><norm-company-wrap occur-sequence="15"><norm-company-name>COOLPAD GROUP LTD</norm-company-name><company-ids><oa-id>4295871161</oa-id><ric norm="2369.HK">2369.HK</ric></company-ids><company-classification><trbc-wrap><trbc type="RCS">B:1769</trbc><trbc type="2012">5710602011</trbc><trbc type="perm-id">4294951232</trbc></trbc-wrap></company-classification><relevancy engine="1C">0.2</relevancy><confidence engine="1C">0.86</confidence></norm-company-wrap><norm-company oa-id="4296309931">HUAWEI TECHNOLOGIES CO LTD</norm-company><norm-company-wrap occur-sequence="8,17,20"><norm-company-name>HUAWEI TECHNOLOGIES CO LTD</norm-company-name><company-ids><oa-id>4296309931</oa-id></company-ids><company-classification><trbc-wrap><trbc type="RCS">B:1821</trbc><trbc type="2012">5810102014</trbc><trbc type="perm-id">4294951180</trbc></trbc-wrap></company-classification><relevancy engine="1C">0.5</relevancy><confidence engine="1C">1</confidence></norm-company-wrap><norm-company oa-id="4295881132">LG CORP</norm-company><norm-company-wrap occur-sequence="9"><norm-company-name>LG CORP</norm-company-name><company-ids><oa-id>4295881132</oa-id><ric norm="003550.KS">003550.KS</ric></company-ids><company-classification><trbc-wrap><trbc type="RCS">B:1774</trbc><trbc type="2012">5710603010</trbc><trbc type="perm-id">4294951227</trbc></trbc-wrap></company-classification><relevancy engine="1C">0.2</relevancy><confidence engine="1C">0.99</confidence></norm-company-wrap><norm-company oa-id="5044891683">Meizu Telecom</norm-company><norm-company-wrap occur-sequence="14"><norm-company-name>Meizu Telecom</norm-company-name><company-ids><oa-id>5044891683</oa-id></company-ids><relevancy engine="1C">0.2</relevancy><confidence engine="1C">0.8</confidence></norm-company-wrap><norm-company oa-id="5043449202">MICROSOFT MOBILE OY</norm-company><norm-company-wrap occur-sequence="13"><norm-company-name>MICROSOFT MOBILE OY</norm-company-name><company-ids><oa-id>5043449202</oa-id></company-ids><relevancy engine="1C">0.2</relevancy><confidence engine="1C">0.84</confidence></norm-company-wrap><norm-company oa-id="4295882451">SAMSUNG ELECTRONICS CO LTD</norm-company><norm-company-wrap occur-sequence="1,3,4,6,7,19"><norm-company-name>SAMSUNG ELECTRONICS CO LTD</norm-company-name><company-ids><oa-id>4295882451</oa-id><ric norm="005930.KS">005930.KS</ric></company-ids><company-classification><trbc-wrap><trbc type="RCS">B:1768</trbc><trbc type="2012">5710602010</trbc><trbc type="perm-id">4294951233</trbc></trbc-wrap></company-classification><relevancy engine="1C">0.8</relevancy><confidence engine="1C">1</confidence></norm-company-wrap><norm-company oa-id="5000002406">SONY CORP</norm-company><norm-company-wrap occur-sequence="12"><norm-company-name>SONY CORP</norm-company-name><company-ids><oa-id>5000002406</oa-id><ric norm="6758.T">6758.T</ric></company-ids><company-classification><trbc-wrap><trbc type="RCS">B:1774</trbc><trbc type="2012">5710603010</trbc><trbc type="perm-id">4294951227</trbc></trbc-wrap></company-classification><relevancy engine="1C">0.2</relevancy><confidence engine="1C">0.99</confidence></norm-company-wrap><norm-company oa-id="5001435979">XIAOMI TECHNOLOGY CO LTD</norm-company><norm-company-wrap occur-sequence="10"><norm-company-name>XIAOMI TECHNOLOGY CO LTD</norm-company-name><company-ids><oa-id>5001435979</oa-id></company-ids><relevancy engine="1C">0.2</relevancy><confidence engine="1C">0.6</confidence></norm-company-wrap><norm-company oa-id="4295865240">ZTE CORP</norm-company><norm-company-wrap occur-sequence="11"><norm-company-name>ZTE CORP</norm-company-name><company-ids><oa-id>4295865240</oa-id><ric norm="000063.SZ">000063.SZ</ric></company-ids><company-classification><trbc-wrap><trbc type="RCS">B:1750</trbc><trbc type="2012">5710201010</trbc><trbc type="perm-id">4294951251</trbc></trbc-wrap></company-classification><relevancy engine="1C">0.2</relevancy><confidence engine="1C">0.98</confidence></norm-company-wrap><eos/><eop/></extr-company-block></extraction-terms></indexing></document></n-docbody>
</n-document>
<n-document guid="I81967380a7dd11e5a91eb3ae61c092d7"><n-metadata><metadata.block><md.identifiers><md.cites><md.first.line.cite>12/21/15 NEWS 00:00:00</md.first.line.cite><md.second.line.cite>12/21/15 ARKA News Agency 00:00:00</md.second.line.cite></md.cites><md.uuid>I81967380a7dd11e5a91eb3ae61c092d7</md.uuid></md.identifiers><md.infotype>news</md.infotype><md.sortkeys><md.ordersequence>f47363bec</md.ordersequence></md.sortkeys><md.descriptions><md.title>BEELINE AWARDS WINNERS OF &apos;SERVICE ONLINE&apos; CONTEST</md.title><md.westlawdescrip><md.readlist>READLIST</md.readlist></md.westlawdescrip></md.descriptions><md.dates><md.publisheddatetime>20151221063054</md.publisheddatetime><md.loaddate>20151221</md.loaddate><md.createddatetime>20151221063054</md.createddatetime></md.dates><md.subjects><md.subject><md.pubtype.name/><md.doctype.name>DNR</md.doctype.name><md.doctype.rank/><md.view>CNGE</md.view><md.view>RGEurope</md.view><md.view>PTNewswires</md.view><md.view>ARKANEWS0063786</md.view><md.view>INALLNEWS_ACTEST</md.view><md.view>INFARNEWS_AC</md.view><md.view>MARKETSEIKON_CN</md.view><md.view>MARKETSEIKON</md.view><md.view>CB_ASIAWIRES</md.view><md.view>INWIRES_AC</md.view><md.view>GULF_INTL</md.view><md.view>ININTNEWS_AC</md.view><md.view>ANZ_INTLOS</md.view><md.view>CLEAR_RF</md.view><md.view>INALLNEWS_AC</md.view><md.view>INNEWSINT_PRO</md.view><md.view>INBUSNEWS</md.view><md.view>INNEWSWORLD_PRO</md.view><md.view>INBUSNEWS_AC</md.view></md.subject></md.subjects><md.jurisdictions><md.jurisdiction><md.jurisstate>FE</md.jurisstate></md.jurisdiction></md.jurisdictions><md.publications><md.publication/><md.sourcepubid>ARKANEWS</md.sourcepubid></md.publications><md.royalty><md.royalty.code>84104</md.royalty.code></md.royalty></metadata.block><news.metadata.block><md.text.preview>COMMUNICATIONSYEREVAN, December 21. /ARKA/. ArmenTel telecom company (trading as Beeline) has awarded the winners of &apos;Service Online&apos; contest, conducted on the official page of the company in Facebook.</md.text.preview></news.metadata.block><newsplus.recommendable>1</newsplus.recommendable><n-view>CNGE</n-view><n-view>RGEurope</n-view><n-view>PTNewswires</n-view><n-view>ARKANEWS0063786</n-view><n-view>INALLNEWS_ACTEST</n-view><n-view>INFARNEWS_AC</n-view><n-view>MARKETSEIKON_CN</n-view><n-view>MARKETSEIKON</n-view><n-view>CB_ASIAWIRES</n-view><n-view>INWIRES_AC</n-view><n-view>GULF_INTL</n-view><n-view>ININTNEWS_AC</n-view><n-view>ANZ_INTLOS</n-view><n-view>CLEAR_RF</n-view><n-view>INALLNEWS_AC</n-view><n-view>INNEWSINT_PRO</n-view><n-view>INBUSNEWS</n-view><n-view>INNEWSWORLD_PRO</n-view><n-view>INBUSNEWS_AC</n-view><prism-stylesheet guid="Ia3024d301b6a11d89fc5f34981d3242f"/><prism-clipdate>20151221063054</prism-clipdate></n-metadata>
<n-docbody><document version="1" collection="D-ARKANEWS-T001" first-load-date="20151221063054" ip-product="ARKANEWS" royalty-id="84104" data-model="text" dtd-version="5.2.29" content-type="news" load-language="en" pnac="nNRA0mocvn" pnac-date="20151221T122230.840"><supplier-info><supplier-num nitf="doc-id" nitf-regsrc="ARKA News Agency" type="accession">076200031fa7b65c</supplier-num><internal-acc-num db-id="NEPRARKA" type="newz">20151221170.1_V076200031fa7b65c</internal-acc-num><rec-status><last-load-date>20151221063054</last-load-date><nitf-date ne="datereceived">20151221T12:22:30Z</nitf-date><nitf-date nitf="date-issue">20151221T00:00:00Z</nitf-date><last-provider-update>20151221122230</last-provider-update></rec-status><supplier-copyright>Copyright Â© 2015 ARKA<copyright-year/><copyright-holder>ARKA</copyright-holder></supplier-copyright><supplier-note nitf="urgency" nitf-ed-urg="4"/><nitf-meta-content name="recommendable">1</nitf-meta-content><nitf-meta-content name="_newsmlg2-hashtype=nr-htype:doc-group-fuzzy">32316|90985|98619|84729|67696|83279|95185|92575|4560|107000|94518|101141|75436|76539|1079|84431|18652|36612|85822|4676|28156|108833|39513|38543|14085|41199|107627|107771|40127|66164|86354|95048|96310|59261|20942|34718|86119|61896|59019|98221|23416|41246|103198|19344|67884|46504|25234|35013|73182|70865|36683|105654|45747|104170|54718|676|36249|86107|31550|66053|</nitf-meta-content><nitf-meta-content name="_newsmlg2-hashtype=nr-htype:doc-group-content-length">1080</nitf-meta-content><nitf-meta-content name="_newsmlg2-hashtype=nr-htype:doc-group-simple">63cdddf8241afadfb575eaf18f9b04ce3c9fed42</nitf-meta-content><supplier-dtds><dtd dtd-version="working" dtd-date="20151215T00:00:00Z">Canonical Taxonomy</dtd><dtd dtd-version="20151208" dtd-date="20151215T00:00:00Z">Mapping File</dtd></supplier-dtds><copyright-block type="dialog"><service-copyright n-include_guid="Ice671660f30811d88920000083149a14" n-include_collection="D-DIALOGCOPYRIGHTS-T001"/></copyright-block><copyright-block type="west"><service-copyright n-include_guid="I1DA35ED81DD211B281BAD200220BDFCA" n-include_collection="w_wlnv_msg"/></copyright-block><west-citation-block><bop/><first-line-cite><bos/>12/21/15 NEWS 00:00:00<eos/></first-line-cite><second-line-cite><bos/>12/21/15 ARKA News Agency 00:00:00<eos/></second-line-cite><eop/></west-citation-block></supplier-info><title-info iso-language="en"><bop/><title type="headline" nitf-hedline="hl1" key="key-title"><bos/><sort-title>BEELINE AWARDS WINNERS OF &apos;SERVICE ONLINE&apos; CONTEST</sort-title><eos/></title><eop/></title-info><pub-info><journal key="key-journal"><bop/><bos/><sort-journal>ARKA News Agency</sort-journal><eos/><eop/></journal><pub-date key="key-date" iso-time="T00:00:00Z" type="date.publication"><full-pub-date>December 21, 2015</full-pub-date><sort-pub-date>20151221</sort-pub-date><sort-pub-timestamp>20151221000000</sort-pub-timestamp><rank-date>20151221</rank-date><currency-timestamp>20151221000000</currency-timestamp></pub-date><original-pub><language iso-language="en">English</language></original-pub><src-data><src-journal-code>ANPV</src-journal-code><src-pub-code>0063786</src-pub-code><src-pub-type>Newswire</src-pub-type><src-pub-country-wrap><src-pub-country-code>GE</src-pub-country-code><src-pub-country>Georgia CIS</src-pub-country></src-pub-country-wrap><src-pub-region>Europe</src-pub-region></src-data></pub-info><content iso-language="en"><total-char-count>1651</total-char-count><derived-word-count><bop/><bos/>Word Count: 255<eos/><eop/></derived-word-count><text type="lead-para"><p nitf="lede"><bop/>COMMUNICATIONS<eop/></p><p nitf="lede"><bop/><bos/>YEREVAN, December 21. /ARKA/. <eos/><bos/>ArmenTel telecom company (trading as Beeline) has awarded the winners of &apos;Service Online&apos; contest, conducted on the official page of the company in <cite.query w-seq-number="00001" w-ref-type="CO" w-normalized-cite="IE9D0907041EC11DDAD6B0014224D2780" ID="Ie175f310a7de11e5a37fb12af5f32c96">Facebook</cite.query>.<eos/><eop/></p></text><text type="body"><p><bop/><bos/>The winners are Hripsime Badalyan from Dilijan, Sona Parsoyan from Alaverdi and Arthur Karapetyan and Kristina Mailyan from Yerevan. <eos/><bos/>They were given Beeline Fast smartphones by ArmenTel CEO Andrei Pyatakhin, who said ArmenTel is the first mobile operator to provide its full-range services through social networks. <eos/><bos/>He said online services are getting more and more popular with the number of users growing steadily day after day.<eos/><eop/></p><p><bop/><bos/>The aim of the competition was to encourage customers to use online services via <cite.query w-seq-number="00002" w-ref-type="CO" w-normalized-cite="IE9D0907041EC11DDAD6B0014224D2780" ID="Ie18a8c80a7de11e5a37fb12af5f32c96">Facebook</cite.query>. <eos/><bos/>Customers had to send their questions via personal messages by using the Chat section of Beeline in <cite.query w-seq-number="00003" w-ref-type="CO" w-normalized-cite="IE9D0907041EC11DDAD6B0014224D2780" ID="Ie18a8c81a7de11e5a37fb12af5f32c96">Facebook</cite.query>. <eos/><bos/>If it remained unanswered for 11 minutes, the user was promised a special prize.<eos/><eop/></p><p><bop/><bos/>According to ArmenTel head of customer service unite Anna Avetisyan, they had received more than 4,000 applications and the average response time was 5 minutes.<eos/><eop/></p><p><bop/><bos/>The service was launched on October 22, 2015. <eos/><bos/>Customers may ask questions relating to mobile, fixed and Internet communications by using the Chat section of the official page of Beeline in <cite.query w-seq-number="00004" w-ref-type="CO" w-normalized-cite="IE9D0907041EC11DDAD6B0014224D2780" ID="Ie1945080a7de11e5a37fb12af5f32c96">Facebook</cite.query>.<eos/><eop/></p><p><bop/><bos/>Electronic customer services are performed in the language in which the request is received. <eos/><bos/>If the response requires additional time, the customer is sent an additional letter or message about the amount of time needed to find a solution to their problem. <eos/><bos/>ArmenTel is 100% subsidiary of <cite.query w-seq-number="00005" w-ref-type="MM" w-normalized-cite="canonical_name::VIMPELCOM" ID="Ie1a03760a7de11e5a37fb12af5f32c96">VimpelCom</cite.query>. <eos/><bos/>It provides fixed and mobile telephony, as well as high-speed Internet and IPTV.-0-<eos/><eop/></p></text></content><indexing iso-language="en" value-add="machine-generated"><classification-terms><pres-location-block><bop/><bos/><pres-location-wrap><pres-location>Armenia</pres-location><pres-location-code>ISOAM</pres-location-code><alt1-location-code>1AR09</alt1-location-code></pres-location-wrap><pres-location-wrap><pres-location>CIS Countries</pres-location><pres-location-code>CISSTAT</pres-location-code><alt1-location-code>1CI64</alt1-location-code></pres-location-wrap><pres-location-wrap><pres-location>Eastern Europe</pres-location><pres-location-code>GEOEEUR</pres-location-code><alt1-location-code>1EA48</alt1-location-code></pres-location-wrap><pres-location-wrap><pres-location>Europe</pres-location><pres-location-code>GEOEUR</pres-location-code><alt1-location-code>1EU83</alt1-location-code></pres-location-wrap><eos/><eop/></pres-location-block></classification-terms><classification-terms><pres-industry-block><bop/><bos/><pres-industry-wrap><pres-industry>I.T.</pres-industry><pres-industry-code>ITOVER</pres-industry-code><alt1-industry-code>1IT96</alt1-industry-code></pres-industry-wrap><pres-industry-wrap><pres-industry>Internet</pres-industry><pres-industry-code>INTERNET</pres-industry-code><alt1-industry-code>1IN27</alt1-industry-code></pres-industry-wrap><pres-industry-wrap><pres-industry>Internet Media</pres-industry><pres-industry-code>INTMEDIA</pres-industry-code><alt1-industry-code>1IN67</alt1-industry-code></pres-industry-wrap><pres-industry-wrap><pres-industry>Networking</pres-industry><pres-industry-code>DCTOP10</pres-industry-code><alt1-industry-code>1NE45</alt1-industry-code></pres-industry-wrap><pres-industry-wrap><pres-industry>Next Generation Wireless Technology</pres-industry><pres-industry-code>DCWLSACC</pres-industry-code><alt1-industry-code>1NE48</alt1-industry-code></pres-industry-wrap><pres-industry-wrap><pres-industry>Online Social Media</pres-industry><pres-industry-code>SOCIALME</pres-industry-code><alt1-industry-code>1ON38</alt1-industry-code></pres-industry-wrap><pres-industry-wrap><pres-industry>Wireless Networking</pres-industry><pres-industry-code>DCWRLSS</pres-industry-code><alt1-industry-code>1WI62</alt1-industry-code></pres-industry-wrap><eos/><eop/></pres-industry-block></classification-terms><classification-terms><rcs-block><rcs>G:B2</rcs><rcs>G:7I</rcs><rcs>M:S</rcs><rcs>G:Y</rcs><rcs>M:NL</rcs><rcs>B:161</rcs><rcs>M:QR</rcs><rcs>G:AJ</rcs><rcs>G:B</rcs><rcs>B:92</rcs><rcs>G:A</rcs></rcs-block></classification-terms><extraction-terms><extr-company-block><bop/><bos/><norm-company oa-id="4297297477">FACEBOOK INC</norm-company><norm-company-wrap occur-sequence="1,2,3,4"><norm-company-name>FACEBOOK INC</norm-company-name><company-ids><oa-id>4297297477</oa-id><ric norm="FB.OQ">FB.OQ</ric></company-ids><company-classification><trbc-wrap><trbc type="RCS">B:1806</trbc><trbc type="2012">5720103012</trbc><trbc type="perm-id">4294951195</trbc></trbc-wrap></company-classification><relevancy engine="1C">0.5</relevancy><confidence engine="1C">1</confidence></norm-company-wrap><norm-company oa-id="5000708211">VIMPELCOM LTD</norm-company><norm-company-wrap occur-sequence="5"><norm-company-name>VIMPELCOM LTD</norm-company-name><company-ids><oa-id>5000708211</oa-id><ric norm="VIP.OQ">VIP.OQ</ric></company-ids><company-classification><trbc-wrap><trbc type="RCS">B:1821</trbc><trbc type="2012">5810102014</trbc><trbc type="perm-id">4294951180</trbc></trbc-wrap></company-classification><relevancy engine="1C">0.2</relevancy><confidence engine="1C">1</confidence></norm-company-wrap><eos/><eop/></extr-company-block></extraction-terms><extraction-terms><extr-person-block><bop/><bos/><extr-person>Arthur Karapetyan</extr-person><extr-person-wrap><extr-person-name>Arthur Karapetyan</extr-person-name><relevancy engine="1C">0.2</relevancy></extr-person-wrap><extr-person>Alaverdi Karapetyan</extr-person><extr-person-wrap><extr-person-name>Alaverdi Karapetyan</extr-person-name><relevancy engine="1C">0.2</relevancy></extr-person-wrap><extr-person>Sona Parsoyan</extr-person><extr-person-wrap><extr-person-name>Sona Parsoyan</extr-person-name><relevancy engine="1C">0.2</relevancy></extr-person-wrap><extr-person>Kristina Mailyan</extr-person><extr-person-wrap><extr-person-name>Kristina Mailyan</extr-person-name><relevancy engine="1C">0.2</relevancy></extr-person-wrap><extr-person>Andrei Pyatakhin</extr-person><extr-person-wrap><extr-person-name>Andrei Pyatakhin</extr-person-name><relevancy engine="1C">0.2</relevancy></extr-person-wrap><extr-person>Anna Avetisyan</extr-person><extr-person-wrap><extr-person-name>Anna Avetisyan</extr-person-name><relevancy engine="1C">0.2</relevancy></extr-person-wrap><eos/><eop/></extr-person-block></extraction-terms></indexing></document></n-docbody>
</n-document>
<n-document guid="Ifa311920a59511e5ac01b95a1193ecad"><n-metadata><metadata.block><md.identifiers><md.cites><md.first.line.cite>12/18/15 NEWS 00:00:00</md.first.line.cite><md.second.line.cite>12/18/15 ARKA News Agency 00:00:00</md.second.line.cite></md.cites><md.uuid>Ifa311920a59511e5ac01b95a1193ecad</md.uuid></md.identifiers><md.infotype>news</md.infotype><md.sortkeys><md.ordersequence>f47363bec</md.ordersequence></md.sortkeys><md.descriptions><md.title>PICSART AMONG FIVE HOTTEST 2015 STARTUPS OF FORBES, WORTH $250 MILLION</md.title><md.westlawdescrip><md.readlist>READLIST</md.readlist></md.westlawdescrip></md.descriptions><md.dates><md.publisheddatetime>20151218085124</md.publisheddatetime><md.loaddate>20151218</md.loaddate><md.createddatetime>20151218085124</md.createddatetime></md.dates><md.subjects><md.subject><md.pubtype.name/><md.doctype.name>DNR</md.doctype.name><md.doctype.rank/><md.view>CNGE</md.view><md.view>RGEurope</md.view><md.view>PTNewswires</md.view><md.view>ARKANEWS0063786</md.view><md.view>INALLNEWS_ACTEST</md.view><md.view>INFARNEWS_AC</md.view><md.view>MARKETSEIKON_CN</md.view><md.view>MARKETSEIKON</md.view><md.view>CB_ASIAWIRES</md.view><md.view>INWIRES_AC</md.view><md.view>GULF_INTL</md.view><md.view>ININTNEWS_AC</md.view><md.view>ANZ_INTLOS</md.view><md.view>CLEAR_RF</md.view><md.view>INALLNEWS_AC</md.view><md.view>INNEWSINT_PRO</md.view><md.view>INBUSNEWS</md.view><md.view>INNEWSWORLD_PRO</md.view><md.view>INBUSNEWS_AC</md.view></md.subject></md.subjects><md.jurisdictions><md.jurisdiction><md.jurisstate>FE</md.jurisstate></md.jurisdiction></md.jurisdictions><md.publications><md.publication/><md.sourcepubid>ARKANEWS</md.sourcepubid></md.publications><md.royalty><md.royalty.code>84104</md.royalty.code></md.royalty></metadata.block><news.metadata.block><md.text.preview>INFORMATION TECHNOLOGIESYEREVAN, December 18. /ARKA/. Armenian photo editing and sharing app PicsArt is among the five hottest 2015 startups of Forbes. The app, worth $250 million according to Forbes, considered a competitor of free app Instagram,</md.text.preview></news.metadata.block><newsplus.recommendable>1</newsplus.recommendable><n-view>CNGE</n-view><n-view>RGEurope</n-view><n-view>PTNewswires</n-view><n-view>ARKANEWS0063786</n-view><n-view>INALLNEWS_ACTEST</n-view><n-view>INFARNEWS_AC</n-view><n-view>MARKETSEIKON_CN</n-view><n-view>MARKETSEIKON</n-view><n-view>CB_ASIAWIRES</n-view><n-view>INWIRES_AC</n-view><n-view>GULF_INTL</n-view><n-view>ININTNEWS_AC</n-view><n-view>ANZ_INTLOS</n-view><n-view>CLEAR_RF</n-view><n-view>INALLNEWS_AC</n-view><n-view>INNEWSINT_PRO</n-view><n-view>INBUSNEWS</n-view><n-view>INNEWSWORLD_PRO</n-view><n-view>INBUSNEWS_AC</n-view><prism-stylesheet guid="Ia3024d301b6a11d89fc5f34981d3242f"/><prism-clipdate>20151218085124</prism-clipdate></n-metadata>
<n-docbody><document version="1" collection="D-ARKANEWS-T001" first-load-date="20151218085124" ip-product="ARKANEWS" royalty-id="84104" data-model="text" dtd-version="5.2.29" content-type="news" load-language="en" pnac="nNRA0m5jqq" pnac-date="20151218T144527.090"><supplier-info><supplier-num nitf="doc-id" nitf-regsrc="ARKA News Agency" type="accession">db6f0002cfc6e48b</supplier-num><internal-acc-num db-id="NEPRARKA" type="newz">20151218170.1_Vdb6f0002cfc6e48b</internal-acc-num><rec-status><last-load-date>20151218085124</last-load-date><nitf-date ne="datereceived">20151218T14:45:27Z</nitf-date><nitf-date nitf="date-issue">20151218T00:00:00Z</nitf-date><last-provider-update>20151218144527</last-provider-update></rec-status><supplier-copyright>Copyright Â© 2015 ARKA<copyright-year/><copyright-holder>ARKA</copyright-holder></supplier-copyright><supplier-note nitf="urgency" nitf-ed-urg="4"/><nitf-meta-content name="recommendable">1</nitf-meta-content><nitf-meta-content name="_newsmlg2-hashtype=nr-htype:doc-group-fuzzy">57625|35117|89281|98619|42384|57684|73855|93549|61140|37793|95367|62089|73716|28017|31630|85814|51812|40161|10015|112065|27350|52023|102668|99715|109810|68839|23852|12568|25698|69613|22030|71575|43816|70504|107627|32399|97934|20950|94751|91326|96675|13364|59289|22017|18849|94763|27015|19344|75703|24553|9696|111007|55152|80514|28158|38570|94711|48800|25349|91791|</nitf-meta-content><nitf-meta-content name="_newsmlg2-hashtype=nr-htype:doc-group-content-length">1031</nitf-meta-content><nitf-meta-content name="_newsmlg2-hashtype=nr-htype:doc-group-simple">39d1714f89beca0decb1b89b03d98fb08d2d857a</nitf-meta-content><supplier-dtds><dtd dtd-version="working" dtd-date="20151215T00:00:00Z">Canonical Taxonomy</dtd><dtd dtd-version="20151208" dtd-date="20151215T00:00:00Z">Mapping File</dtd></supplier-dtds><copyright-block type="dialog"><service-copyright n-include_guid="Ice671660f30811d88920000083149a14" n-include_collection="D-DIALOGCOPYRIGHTS-T001"/></copyright-block><copyright-block type="west"><service-copyright n-include_guid="I1DA35ED81DD211B281BAD200220BDFCA" n-include_collection="w_wlnv_msg"/></copyright-block><west-citation-block><bop/><first-line-cite><bos/>12/18/15 NEWS 00:00:00<eos/></first-line-cite><second-line-cite><bos/>12/18/15 ARKA News Agency 00:00:00<eos/></second-line-cite><eop/></west-citation-block></supplier-info><title-info iso-language="en"><bop/><title type="headline" nitf-hedline="hl1" key="key-title"><bos/><sort-title>PICSART AMONG FIVE HOTTEST 2015 STARTUPS OF FORBES, <cite.query w-seq-number="00001" w-ref-type="CO" w-normalized-cite="IC90CBD90042511DEADF4934A30DFE707" ID="I0f95d2f0a59711e5899bddc9355ff46d">WORTH</cite.query> $250 MILLION</sort-title><eos/></title><eop/></title-info><pub-info><journal key="key-journal"><bop/><bos/><sort-journal>ARKA News Agency</sort-journal><eos/><eop/></journal><pub-date key="key-date" iso-time="T00:00:00Z" type="date.publication"><full-pub-date>December 18, 2015</full-pub-date><sort-pub-date>20151218</sort-pub-date><sort-pub-timestamp>20151218000000</sort-pub-timestamp><rank-date>20151218</rank-date><currency-timestamp>20151218000000</currency-timestamp></pub-date><original-pub><language iso-language="en">English</language></original-pub><src-data><src-journal-code>ANPV</src-journal-code><src-pub-code>0063786</src-pub-code><src-pub-type>Newswire</src-pub-type><src-pub-country-wrap><src-pub-country-code>GE</src-pub-country-code><src-pub-country>Georgia CIS</src-pub-country></src-pub-country-wrap><src-pub-region>Europe</src-pub-region></src-data></pub-info><content iso-language="en"><total-char-count>1584</total-char-count><derived-word-count><bop/><bos/>Word Count: 237<eos/><eop/></derived-word-count><text type="lead-para"><p nitf="lede"><bop/><bos/><cite.query w-seq-number="00002" w-ref-type="WC" w-normalized-cite="I76DF065242BE11DDA1BC0014224D2780" ID="I0f9eac90a59711e5899bddc9355ff46d">INFORMATION TECHNOLOGIES</cite.query><eos/><eop/></p><p nitf="lede"><bop/><bos/>YEREVAN, December 18. /ARKA/. <eos/><bos/>Armenian photo editing and sharing app PicsArt is among the five hottest 2015 startups of <cite.query w-seq-number="00003" w-ref-type="MM" w-normalized-cite="canonical_name::FORBES" ID="I0fb038c0a59711e5899bddc9355ff46d">Forbes</cite.query>. <eos/><bos/>The app, worth $250 million according to <cite.query w-seq-number="00004" w-ref-type="MM" w-normalized-cite="canonical_name::FORBES" ID="I0fb038c1a59711e5899bddc9355ff46d">Forbes</cite.query>, considered a competitor of free app Instagram, was downloaded by 220 million users at the beginning of 2015 with 60 million being active users. <eos/><bos/>Half of them were in Europe and Americas.<eos/><eop/></p></text><text type="body"><p><bop/><bos/>The <cite.query w-seq-number="00005" w-ref-type="MM" w-normalized-cite="canonical_name::FORBES" ID="I0fd2b4e0a59711e5899bddc9355ff46d">Forbes</cite.query> list released Thursday named fast-growing Chicago startup Uptake no. 1. Forbes called Uptake, which launched in the summer of 2014 by Groupon Co-Founder Brad Keywell, a &quot;nearly unknown&quot; and &quot;secretive&quot; data analytics company that &quot;came out of nowhere.&quot; <eos/><bos/><cite.query w-seq-number="00006" w-ref-type="NM" w-normalized-cite="canonical_name::UPTAKE" ID="I0fd2b4e1a59711e5899bddc9355ff46d">Uptake</cite.query> raised $45 million from <cite.query w-seq-number="00007" w-ref-type="MM" w-normalized-cite="canonical_name::GREATPOINT VENTURES" ID="I0fd2b4e2a59711e5899bddc9355ff46d">GreatPoint Ventures</cite.query>, <cite.query w-seq-number="00008" w-ref-type="MM" w-normalized-cite="canonical_name::NEW ENTERPRISE ASSOCIATES" ID="I0fd2b4e3a59711e5899bddc9355ff46d">New Enterprise Associates</cite.query>, <cite.query w-seq-number="00009" w-ref-type="WC" w-normalized-cite="I81437923453C11DD902D0014224D2780" ID="I0fd2b4e4a59711e5899bddc9355ff46d">Caterpillar</cite.query>, and Lightbank in October, valuing the startup at Unicorn status at $1.1 billion.<eos/><eop/></p><p><bop/><bos/>The top five along with higher profile Slack included also DoorDash and Postmates. <eos/><bos/>Combined, the top 50 hottest startups in 2015 raised over $7 billion this year and have a total valuation close to $120 billion. <eos/><bos/>The 2015 Forbes Hottest Startups list uses data from private company research firm <cite.query w-seq-number="00010" w-ref-type="NM" w-normalized-cite="canonical_name::PITCHBOOK" ID="I0fdb6770a59711e5899bddc9355ff46d">Pitchbook</cite.query>. <eos/><bos/>Only private companies that raised new funding rounds in 2015, analyzed via regulatory filings, were included.<eos/><eop/></p><p><bop/><bos/>The first version of PicsArt appeared for devices running on Android operating system in November 2011; in 2013 the application was available for devices working on iOS and in 2014 on Windows platforms. <eos/><bos/>In 2014, the PicsArt was fifth in the list of 100 most popular free apps in the <cite.query w-seq-number="00011" w-ref-type="MM" w-normalized-cite="canonical_name::APPLE" ID="I0fe4dd50a59711e5899bddc9355ff46d">Apple</cite.query> App Store. <eos/><bos/>PicsArt is now available in 13 languages?. -0-<eos/><eop/></p></text></content><indexing iso-language="en" value-add="machine-generated"><classification-terms><pres-location-block><bop/><bos/><pres-location-wrap><pres-location>Armenia</pres-location><pres-location-code>ISOAM</pres-location-code><alt1-location-code>1AR09</alt1-location-code></pres-location-wrap><pres-location-wrap><pres-location>CIS Countries</pres-location><pres-location-code>CISSTAT</pres-location-code><alt1-location-code>1CI64</alt1-location-code></pres-location-wrap><pres-location-wrap><pres-location>Eastern Europe</pres-location><pres-location-code>GEOEEUR</pres-location-code><alt1-location-code>1EA48</alt1-location-code></pres-location-wrap><pres-location-wrap><pres-location>Europe</pres-location><pres-location-code>GEOEUR</pres-location-code><alt1-location-code>1EU83</alt1-location-code></pres-location-wrap><eos/><eop/></pres-location-block></classification-terms><classification-terms><pres-industry-block><bop/><bos/><pres-industry-wrap><pres-industry>Application Software</pres-industry><pres-industry-code>SOFAPS1</pres-industry-code><alt1-industry-code>1AP32</alt1-industry-code></pres-industry-wrap><pres-industry-wrap><pres-industry>I.T.</pres-industry><pres-industry-code>ITOVER</pres-industry-code><alt1-industry-code>1IT96</alt1-industry-code></pres-industry-wrap><pres-industry-wrap><pres-industry>Mobile Application Software</pres-industry><pres-industry-code>MOBILEAP</pres-industry-code><alt1-industry-code>1MO12</alt1-industry-code></pres-industry-wrap><pres-industry-wrap><pres-industry>Palmtop Computing</pres-industry><pres-industry-code>PCHAND</pres-industry-code><alt1-industry-code>1PA77</alt1-industry-code></pres-industry-wrap><pres-industry-wrap><pres-industry>Software</pres-industry><pres-industry-code>SOFOVER1</pres-industry-code><alt1-industry-code>1SO30</alt1-industry-code></pres-industry-wrap><pres-industry-wrap><pres-industry>Software Products</pres-industry><pres-industry-code>SOFTPROD</pres-industry-code><alt1-industry-code>1SO56</alt1-industry-code></pres-industry-wrap><eos/><eop/></pres-industry-block></classification-terms><classification-terms><rcs-block><rcs>G:B2</rcs><rcs>G:7I</rcs><rcs>G:Y</rcs><rcs>M:NL</rcs><rcs>B:161</rcs><rcs>B:172</rcs><rcs>B:174</rcs><rcs>G:AJ</rcs><rcs>G:B</rcs><rcs>G:A</rcs></rcs-block></classification-terms><extraction-terms><extr-company-block><bop/><bos/><extr-company>Lightbank</extr-company><extr-company-wrap><extr-company-name>Lightbank</extr-company-name><relevancy engine="1C">0.2</relevancy><confidence engine="1C">0.64</confidence></extr-company-wrap><norm-company oa-id="4295903678">CATERPILLAR INC</norm-company><norm-company-wrap occur-sequence="7"><norm-company-name>CATERPILLAR INC</norm-company-name><company-ids><oa-id>4295903678</oa-id><ric norm="CAT.N">CAT.N</ric></company-ids><company-classification><trbc-wrap><trbc type="RCS">B:1160</trbc><trbc type="2012">5210202010</trbc><trbc type="perm-id">4294951841</trbc></trbc-wrap></company-classification><relevancy engine="1C">0.2</relevancy><confidence engine="1C">1</confidence></norm-company-wrap><norm-company oa-id="4296290741">GREATPOINT VENTURES</norm-company><norm-company-wrap occur-sequence="5"><norm-company-name>GREATPOINT VENTURES</norm-company-name><company-ids><oa-id>4296290741</oa-id></company-ids><relevancy engine="1C">0.2</relevancy><confidence engine="1C">0.88</confidence></norm-company-wrap><norm-company oa-id="5000726180">GROUPON INC</norm-company><norm-company-wrap occur-sequence="4"><norm-company-name>GROUPON INC</norm-company-name><company-ids><oa-id>5000726180</oa-id><ric norm="GRPN.OQ">GRPN.OQ</ric></company-ids><company-classification><trbc-wrap><trbc type="RCS">B:1469</trbc><trbc type="2012">5340202011</trbc><trbc type="perm-id">4294951532</trbc></trbc-wrap></company-classification><relevancy engine="1C">0.2</relevancy><confidence engine="1C">1</confidence></norm-company-wrap><norm-company oa-id="5037430461">INSTAGRAM INC</norm-company><norm-company-wrap occur-sequence="3"><norm-company-name>INSTAGRAM INC</norm-company-name><company-ids><oa-id>5037430461</oa-id></company-ids><relevancy engine="1C">0.2</relevancy><confidence engine="1C">0.88</confidence></norm-company-wrap><norm-company oa-id="4297323874">NEW ENTERPRISE ASSOCIATES INC</norm-company><norm-company-wrap occur-sequence="6"><norm-company-name>NEW ENTERPRISE ASSOCIATES INC</norm-company-name><company-ids><oa-id>4297323874</oa-id></company-ids><company-classification><trbc-wrap><trbc type="RCS">B:1644</trbc><trbc type="2012">5510202015</trbc><trbc type="perm-id">4294951357</trbc></trbc-wrap></company-classification><relevancy engine="1C">0.2</relevancy><confidence engine="1C">1</confidence></norm-company-wrap><norm-company oa-id="5044507501">PicsArt</norm-company><norm-company-wrap occur-sequence="1,2,8,9,10"><norm-company-name>PicsArt</norm-company-name><company-ids><oa-id>5044507501</oa-id></company-ids><company-classification><trbc-wrap><trbc type="RCS">B:1798</trbc><trbc type="2012">5720102012</trbc><trbc type="perm-id">4294951203</trbc></trbc-wrap></company-classification><relevancy engine="1C">0.2</relevancy><confidence engine="1C">0.74</confidence></norm-company-wrap><eos/><eop/></extr-company-block></extraction-terms><extraction-terms><extr-person-block><bop/><bos/><extr-person>Bradley A. Keywell</extr-person><norm-person-wrap><norm-person-name>Bradley A. Keywell</norm-person-name><person-ids><od-auth-id>2059542</od-auth-id><od-officer-id>2439633</od-officer-id><person-perm-id>34413261756</person-perm-id></person-ids><relevancy engine="1C">0.2</relevancy></norm-person-wrap><extr-person>Brad Keywell</extr-person><extr-person-wrap><extr-person-name>Brad Keywell</extr-person-name><relevancy engine="1C">0.2</relevancy></extr-person-wrap><eos/><eop/></extr-person-block></extraction-terms></indexing></document></n-docbody>
</n-document>
<n-document guid="Id06a4740a30811e5a91eb3ae61c092d7"><n-metadata><metadata.block><md.identifiers><md.cites><md.first.line.cite>12/15/15 NEWS 00:00:00</md.first.line.cite><md.second.line.cite>12/15/15 ARKA News Agency 00:00:00</md.second.line.cite></md.cites><md.uuid>Id06a4740a30811e5a91eb3ae61c092d7</md.uuid></md.identifiers><md.infotype>news</md.infotype><md.sortkeys><md.ordersequence>f47363bec</md.ordersequence></md.sortkeys><md.descriptions><md.title>ARMENIAN DEVELOPERS&apos; SHADOWMATIC GAME AMONG BEST APPSTORE APPLICATIONS IN 2015</md.title><md.westlawdescrip><md.readlist>READLIST</md.readlist></md.westlawdescrip></md.descriptions><md.dates><md.publisheddatetime>20151215025419</md.publisheddatetime><md.loaddate>20151215</md.loaddate><md.createddatetime>20151215025419</md.createddatetime></md.dates><md.subjects><md.subject><md.pubtype.name/><md.doctype.name>DNR</md.doctype.name><md.doctype.rank/><md.view>CNGE</md.view><md.view>RGEurope</md.view><md.view>PTNewswires</md.view><md.view>ARKANEWS0063786</md.view><md.view>INALLNEWS_ACTEST</md.view><md.view>INFARNEWS_AC</md.view><md.view>MARKETSEIKON_CN</md.view><md.view>MARKETSEIKON</md.view><md.view>CB_ASIAWIRES</md.view><md.view>INWIRES_AC</md.view><md.view>GULF_INTL</md.view><md.view>ININTNEWS_AC</md.view><md.view>ANZ_INTLOS</md.view><md.view>CLEAR_RF</md.view><md.view>INALLNEWS_AC</md.view><md.view>INNEWSINT_PRO</md.view><md.view>INBUSNEWS</md.view><md.view>INNEWSWORLD_PRO</md.view><md.view>INBUSNEWS_AC</md.view></md.subject></md.subjects><md.jurisdictions><md.jurisdiction><md.jurisstate>FE</md.jurisstate></md.jurisdiction></md.jurisdictions><md.publications><md.publication/><md.sourcepubid>ARKANEWS</md.sourcepubid></md.publications><md.royalty><md.royalty.code>84104</md.royalty.code></md.royalty></metadata.block><news.metadata.block><md.text.preview>INFORMATION TECHNOLOGIESYEREVAN, December 15. /ARKA/. Shadowmatic, Armenian developers&apos; game, is rated as one of the best AppStore applications in 2015.</md.text.preview></news.metadata.block><newsplus.recommendable>1</newsplus.recommendable><n-view>CNGE</n-view><n-view>RGEurope</n-view><n-view>PTNewswires</n-view><n-view>ARKANEWS0063786</n-view><n-view>INALLNEWS_ACTEST</n-view><n-view>INFARNEWS_AC</n-view><n-view>MARKETSEIKON_CN</n-view><n-view>MARKETSEIKON</n-view><n-view>CB_ASIAWIRES</n-view><n-view>INWIRES_AC</n-view><n-view>GULF_INTL</n-view><n-view>ININTNEWS_AC</n-view><n-view>ANZ_INTLOS</n-view><n-view>CLEAR_RF</n-view><n-view>INALLNEWS_AC</n-view><n-view>INNEWSINT_PRO</n-view><n-view>INBUSNEWS</n-view><n-view>INNEWSWORLD_PRO</n-view><n-view>INBUSNEWS_AC</n-view><prism-stylesheet guid="Ia3024d301b6a11d89fc5f34981d3242f"/><prism-clipdate>20151215025419</prism-clipdate></n-metadata>
<n-docbody><document version="1" collection="D-ARKANEWS-T001" first-load-date="20151215025419" ip-product="ARKANEWS" royalty-id="84104" data-model="text" dtd-version="5.2.29" content-type="news" load-language="en" pnac="nNRA0kj1u3" pnac-date="20151215T084955.636"><supplier-info><supplier-num nitf="doc-id" nitf-regsrc="ARKA News Agency" type="accession">63b90001a046c9ca</supplier-num><internal-acc-num db-id="NEPRARKA" type="newz">20151215170.1_V63b90001a046c9ca</internal-acc-num><rec-status><last-load-date>20151215025419</last-load-date><nitf-date ne="datereceived">20151215T08:49:55Z</nitf-date><nitf-date nitf="date-issue">20151215T00:00:00Z</nitf-date><last-provider-update>20151215084955</last-provider-update></rec-status><supplier-copyright>Copyright Â© 2015 ARKA<copyright-year/><copyright-holder>ARKA</copyright-holder></supplier-copyright><supplier-note nitf="urgency" nitf-ed-urg="4"/><nitf-meta-content name="recommendable">1</nitf-meta-content><nitf-meta-content name="_newsmlg2-hashtype=nr-htype:doc-group-fuzzy">34982|98619|57684|42886|23323|1151|31630|41825|80496|63550|86928|76539|61350|26828|12568|65278|12323|84172|71575|1930|98318|94844|64981|91461|54041|55575|26872|13364|100626|109434|8004|4547|19344|75703|71221|46504|66266|28158|29413|103566|35099|92637|87270|60535|61656|112461|92642|26876|104396|34788|98600|81830|109638|</nitf-meta-content><nitf-meta-content name="_newsmlg2-hashtype=nr-htype:doc-group-content-length">687</nitf-meta-content><nitf-meta-content name="_newsmlg2-hashtype=nr-htype:doc-group-simple">45b1ee8ad9c63a1070f817cf0d635256ff92410e</nitf-meta-content><supplier-dtds><dtd dtd-version="working" dtd-date="20151110T00:00:00Z">Canonical Taxonomy</dtd><dtd dtd-version="20151103" dtd-date="20151110T00:00:00Z">Mapping File</dtd></supplier-dtds><copyright-block type="dialog"><service-copyright n-include_guid="Ice671660f30811d88920000083149a14" n-include_collection="D-DIALOGCOPYRIGHTS-T001"/></copyright-block><copyright-block type="west"><service-copyright n-include_guid="I1DA35ED81DD211B281BAD200220BDFCA" n-include_collection="w_wlnv_msg"/></copyright-block><west-citation-block><bop/><first-line-cite><bos/>12/15/15 NEWS 00:00:00<eos/></first-line-cite><second-line-cite><bos/>12/15/15 ARKA News Agency 00:00:00<eos/></second-line-cite><eop/></west-citation-block></supplier-info><title-info iso-language="en"><bop/><title type="headline" nitf-hedline="hl1" key="key-title"><bos/><sort-title>ARMENIAN DEVELOPERS&apos; SHADOWMATIC GAME AMONG BEST APPSTORE APPLICATIONS IN 2015</sort-title><eos/></title><eop/></title-info><pub-info><journal key="key-journal"><bop/><bos/><sort-journal>ARKA News Agency</sort-journal><eos/><eop/></journal><pub-date key="key-date" iso-time="T00:00:00Z" type="date.publication"><full-pub-date>December 15, 2015</full-pub-date><sort-pub-date>20151215</sort-pub-date><sort-pub-timestamp>20151215000000</sort-pub-timestamp><rank-date>20151215</rank-date><currency-timestamp>20151215000000</currency-timestamp></pub-date><original-pub><language iso-language="en">English</language></original-pub><src-data><src-journal-code>ANPV</src-journal-code><src-pub-code>0063786</src-pub-code><src-pub-type>Newswire</src-pub-type><src-pub-country-wrap><src-pub-country-code>GE</src-pub-country-code><src-pub-country>Georgia CIS</src-pub-country></src-pub-country-wrap><src-pub-region>Europe</src-pub-region></src-data></pub-info><content iso-language="en"><total-char-count>1148</total-char-count><derived-word-count><bop/><bos/>Word Count: 175<eos/><eop/></derived-word-count><text type="lead-para"><p nitf="lede"><bop/><bos/><cite.query w-seq-number="00001" w-ref-type="WC" w-normalized-cite="I76DF065242BE11DDA1BC0014224D2780" ID="I911df180a30911e5a5fa83425a5d0adb">INFORMATION TECHNOLOGIES</cite.query><eos/><eop/></p><p nitf="lede"><bop/><bos/>YEREVAN, December 15. /ARKA/. <eos/><bos/>Shadowmatic, Armenian developers&apos; game, is rated as one of the best AppStore applications in 2015.<eos/><eop/></p></text><text type="body"><p><bop/><bos/>Bagrat Dabaghyan, technical director of <cite.query w-seq-number="00002" w-ref-type="NM" w-normalized-cite="canonical_name::TRIADA STUDIO" ID="I91298a40a30911e5a5fa83425a5d0adb">Triada Studio</cite.query>, said on his Fecebook page that the game was named best in Japan, China, Russia, India and other countries.<eos/><eop/></p><p><bop/><bos/>In particular, Shadowmatic, topping Russia&apos;s ranking, was recognized the Game of the Year in Russia.<eos/><eop/></p><p><bop/><bos/>&quot;I am proud of the game inclusion in the list of the best AppStore applications in 2015, but I regret that in the United States&apos; territory the game is only among the best games,&quot; Dabaghyan said.<eos/><eop/></p><p><bop/><bos/>He thanked the Shadowmatic team and all those who have supported the company.<eos/><eop/></p><p><bop/><bos/>Shadowmatic was launched on January 15, 2015 and additional opportunities appeared in the game since then - Arcade Mode and new levels for children.<eos/><eop/></p><p><bop/><bos/>Shadowmatic has won popularity. <eos/><bos/>The application is available in 14 languages, including Armenian.<eos/><eop/></p><p><bop/><bos/>The game has won Apple Design Awards and also ArmNet Awards 2015 contest in two nominations - &apos;Design and Comfort/Mobile Application&apos; and &apos;Innovations&apos;.<eos/><eop/></p><p><bop/><bos/>In November 2015, it became available also on <cite.query w-seq-number="00003" w-ref-type="MM" w-normalized-cite="canonical_name::APPLE" ID="I91415800a30911e5a5fa83425a5d0adb">Apple</cite.query> TV. M.V---0----<eos/><eop/></p></text></content><indexing iso-language="en" value-add="machine-generated"><classification-terms><pres-location-block><bop/><bos/><pres-location-wrap><pres-location>Armenia</pres-location><pres-location-code>ISOAM</pres-location-code><alt1-location-code>1AR09</alt1-location-code></pres-location-wrap><pres-location-wrap><pres-location>Asia</pres-location><pres-location-code>GEOASIA</pres-location-code><alt1-location-code>1AS61</alt1-location-code></pres-location-wrap><pres-location-wrap><pres-location>CIS Countries</pres-location><pres-location-code>CISSTAT</pres-location-code><alt1-location-code>1CI64</alt1-location-code></pres-location-wrap><pres-location-wrap><pres-location>Eastern Europe</pres-location><pres-location-code>GEOEEUR</pres-location-code><alt1-location-code>1EA48</alt1-location-code></pres-location-wrap><pres-location-wrap><pres-location>Europe</pres-location><pres-location-code>GEOEUR</pres-location-code><alt1-location-code>1EU83</alt1-location-code></pres-location-wrap><pres-location-wrap><pres-location>Russia</pres-location><pres-location-code>ISORU</pres-location-code><alt1-location-code>1RU33</alt1-location-code></pres-location-wrap><eos/><eop/></pres-location-block></classification-terms><classification-terms><pres-subject-block><bop/><bos/><pres-subject-wrap><pres-subject>Emerging Market Countries</pres-subject><pres-subject-code>EMERGING</pres-subject-code><alt1-subject-code>1EM65</alt1-subject-code></pres-subject-wrap><eos/><eop/></pres-subject-block><pres-industry-block><bop/><bos/><pres-industry-wrap><pres-industry>Consumer Electronics</pres-industry><pres-industry-code>CEOVR</pres-industry-code><alt1-industry-code>1CO61</alt1-industry-code></pres-industry-wrap><pres-industry-wrap><pres-industry>Consumer Products &amp; Services</pres-industry><pres-industry-code>BUYBUY</pres-industry-code><alt1-industry-code>1CO62</alt1-industry-code></pres-industry-wrap><pres-industry-wrap><pres-industry>Consumer Video Products</pres-industry><pres-industry-code>CEVIDEO</pres-industry-code><alt1-industry-code>1CO02</alt1-industry-code></pres-industry-wrap><pres-industry-wrap><pres-industry>Electronics</pres-industry><pres-industry-code>ETRONICS</pres-industry-code><alt1-industry-code>1EL16</alt1-industry-code></pres-industry-wrap><pres-industry-wrap><pres-industry>Entertainment</pres-industry><pres-industry-code>SHOWBIZ</pres-industry-code><alt1-industry-code>1EN08</alt1-industry-code></pres-industry-wrap><pres-industry-wrap><pres-industry>Entertainment Multimedia Titles</pres-industry><pres-industry-code>MMTITLES</pres-industry-code><alt1-industry-code>1EN60</alt1-industry-code></pres-industry-wrap><pres-industry-wrap><pres-industry>PC, Video &amp; Online Games</pres-industry><pres-industry-code>GAMES</pres-industry-code><alt1-industry-code>1PC44</alt1-industry-code></pres-industry-wrap><eos/><eop/></pres-industry-block></classification-terms><classification-terms><rcs-block><rcs>G:B2</rcs><rcs>G:7I</rcs><rcs>B:69</rcs><rcs>B:78</rcs><rcs>M:3</rcs><rcs>G:Y</rcs><rcs>B:75</rcs><rcs>B:86</rcs><rcs>B:91</rcs><rcs>M:QQ</rcs><rcs>G:B</rcs><rcs>B:81</rcs><rcs>G:A</rcs><rcs>G:K</rcs><rcs>G:38</rcs><rcs>G:AJ</rcs><rcs>G:1</rcs></rcs-block></classification-terms><extraction-terms><extr-company-block><bop/><bos/><norm-company oa-id="4295905573">APPLE INC</norm-company><norm-company-wrap occur-sequence="1,2"><norm-company-name>APPLE INC</norm-company-name><company-ids><oa-id>4295905573</oa-id><ric norm="AAPL.OQ">AAPL.OQ</ric></company-ids><company-classification><trbc-wrap><trbc type="RCS">B:1758</trbc><trbc type="2012">5710601010</trbc><trbc type="perm-id">4294951243</trbc></trbc-wrap></company-classification><relevancy engine="1C">0.2</relevancy><confidence engine="1C">0.62</confidence></norm-company-wrap><eos/><eop/></extr-company-block></extraction-terms><extraction-terms><extr-person-block><bop/><bos/><extr-person>Bagrat Dabaghyan</extr-person><extr-person-wrap><extr-person-name>Bagrat Dabaghyan</extr-person-name><relevancy engine="1C">0.2</relevancy></extr-person-wrap><eos/><eop/></extr-person-block></extraction-terms></indexing></document></n-docbody>
</n-document>
<n-document guid="I9e7d06f0a27711e5a6059c0e19857e9b"><n-metadata><metadata.block><md.identifiers><md.cites><md.parallelcite><md.parallelcite.info><md.display.parallelcite type="WLNR">2015 WLNR 36961042</md.display.parallelcite></md.parallelcite.info></md.parallelcite><md.first.line.cite>12/14/15 BANKSVCS (No Page)</md.first.line.cite><md.second.line.cite>12/14/15 ARKA Banking Services Bull. (Pg. Unavail. Online)</md.second.line.cite></md.cites><md.uuid>I9e7d06f0a27711e5a6059c0e19857e9b</md.uuid></md.identifiers><md.infotype>news</md.infotype><md.sortkeys><md.ordersequence>f469da56c</md.ordersequence></md.sortkeys><md.descriptions><md.title>PRESS-CLIPPING</md.title><md.westlawdescrip><md.readlist>READLIST</md.readlist></md.westlawdescrip></md.descriptions><md.dates><md.publisheddatetime>20151214093823</md.publisheddatetime><md.loaddate>20151214</md.loaddate><md.createddatetime>20151214093823</md.createddatetime></md.dates><md.subjects><md.subject><md.pubtype.name/><md.doctype.name>DNR</md.doctype.name><md.doctype.rank/><md.view>CNAM</md.view><md.view>RGEurope</md.view><md.view>PTMagazines</md.view><md.view>ARKANEWS0064119</md.view><md.view>ININTNEWS_AC</md.view><md.view>INFINNEWS</md.view><md.view>INALLNEWS_ACTEST</md.view><md.view>INFARNEWS_AC</md.view><md.view>ANZ_INTLBTI</md.view><md.view>INALLNEWS_AC</md.view><md.view>CLEAR_RF</md.view><md.view>INBUSNEWS</md.view><md.view>INBANKNEWS_AC</md.view><md.view>INBUSNEWS_AC</md.view></md.subject></md.subjects><md.jurisdictions><md.jurisdiction><md.jurisstate>FE</md.jurisstate></md.jurisdiction></md.jurisdictions><md.publications><md.publication/><md.sourcepubid>ARKANEWS</md.sourcepubid></md.publications><md.royalty><md.royalty.code>77232</md.royalty.code></md.royalty></metadata.block><news.metadata.block><md.text.preview>A monitoring of Armenian media reports on the local commercial banks performance released over a period between December 7 and 11 showed that the then top newsmaker was Inecobank - it bought 100% of ProCreit Bank&apos;s shares.ProCredit Bank is leaving</md.text.preview></news.metadata.block><newsplus.recommendable/><n-view>CNAM</n-view><n-view>RGEurope</n-view><n-view>PTMagazines</n-view><n-view>ARKANEWS0064119</n-view><n-view>ININTNEWS_AC</n-view><n-view>INFINNEWS</n-view><n-view>INALLNEWS_ACTEST</n-view><n-view>INFARNEWS_AC</n-view><n-view>ANZ_INTLBTI</n-view><n-view>INALLNEWS_AC</n-view><n-view>CLEAR_RF</n-view><n-view>INBUSNEWS</n-view><n-view>INBANKNEWS_AC</n-view><n-view>INBUSNEWS_AC</n-view><prism-stylesheet guid="Ia3024d301b6a11d89fc5f34981d3242f"/><prism-clipdate>20151214093823</prism-clipdate></n-metadata>
<n-docbody><document version="1" collection="D-ARKANEWS-T001" first-load-date="20151214093823" ip-product="ARKANEWS" royalty-id="77232" data-model="text" dtd-version="5.2.29" content-type="news" load-language="en" pnac="nNRA0kb89i" pnac-date="20151214T153034.847"><supplier-info><supplier-num nitf="doc-id" nitf-regsrc="ARKA Banking Services Bulletin" type="accession">a5cd010a66d71cc6</supplier-num><internal-acc-num db-id="NEPRARKA" type="newz">20151214170.4_Va5cd010a66d71cc6</internal-acc-num><rec-status><last-load-date>20151214093823</last-load-date><nitf-date ne="datereceived">20151214T15:30:34Z</nitf-date><nitf-date nitf="date-issue">20151214T00:00:00Z</nitf-date><last-provider-update>20151214153034</last-provider-update></rec-status><supplier-copyright>Copyright Â© 2015 ARKA<copyright-year/><copyright-holder>ARKA</copyright-holder></supplier-copyright><supplier-note nitf="urgency" nitf-ed-urg="4"/><nitf-meta-content name="_newsmlg2-hashtype=nr-htype:doc-group-fuzzy">52749|92175|58427|39952|800|28505|23022|62946|96100|54810|111306|83968|98619|12399|66262|70451|59895|57426|11210|48301|74185|85604|57684|44066|5128|56976|86202|42501|39350|25600|40893|82709|112989|81033|83673|29583|108857|37171|35366|11064|88968|26399|42681|42139|111212|82806|31935|13073|90581|48967|50684|92575|39655|2272|106105|91045|41536|24941|43826|105383|</nitf-meta-content><nitf-meta-content name="_newsmlg2-hashtype=nr-htype:doc-group-content-length">9934</nitf-meta-content><nitf-meta-content name="_newsmlg2-hashtype=nr-htype:doc-group-simple">2eab07b591cfd0b3daa664a1c7278102b0ef1e5</nitf-meta-content><supplier-dtds><dtd dtd-version="working" dtd-date="20151110T00:00:00Z">Canonical Taxonomy</dtd><dtd dtd-version="20151103" dtd-date="20151110T00:00:00Z">Mapping File</dtd></supplier-dtds><copyright-block type="dialog"><service-copyright n-include_guid="Ice671660f30811d88920000083149a14" n-include_collection="D-DIALOGCOPYRIGHTS-T001"/></copyright-block><copyright-block type="west"><service-copyright n-include_guid="I1DA35ED81DD211B281BAD200220BDFCA" n-include_collection="w_wlnv_msg"/></copyright-block><west-citation-block><bop/><first-line-cite><bos/>12/14/15 BANKSVCS (No Page)<eos/></first-line-cite><second-line-cite><bos/>12/14/15 ARKA Banking Services Bull. (Pg. Unavail. Online)<eos/></second-line-cite><westlawcite><bos/>2015 WLNR 36961042<eos/></westlawcite><eop/></west-citation-block></supplier-info><title-info iso-language="en"><bop/><title type="headline" nitf-hedline="hl1" key="key-title"><bos/><sort-title>PRESS-CLIPPING</sort-title><eos/></title><eop/></title-info><pub-info><journal key="key-journal"><bop/><bos/><sort-journal>ARKA Banking Services Bulletin</sort-journal><eos/><eop/></journal><pub-date key="key-date" iso-time="T00:00:00Z" type="date.publication"><full-pub-date>December 14, 2015</full-pub-date><sort-pub-date>20151214</sort-pub-date><sort-pub-timestamp>20151214000000</sort-pub-timestamp><rank-date>20151214</rank-date><currency-timestamp>20151214000000</currency-timestamp></pub-date><original-pub><language iso-language="en">English</language></original-pub><src-data><src-journal-code>ANPY</src-journal-code><src-pub-code>0064119</src-pub-code><src-pub-type>Newsletter</src-pub-type><src-pub-country-wrap><src-pub-country-code>AM</src-pub-country-code><src-pub-country>Armenia</src-pub-country></src-pub-country-wrap><src-pub-region>Europe</src-pub-region></src-data></pub-info><content iso-language="en"><total-char-count>16110</total-char-count><derived-word-count><bop/><bos/>Word Count: 2460<eos/><eop/></derived-word-count><text type="lead-para"><p nitf="lede"><bop/><bos/>A monitoring of Armenian media reports on the local commercial banks performance released over a period between December 7 and 11 showed that the then top newsmaker was Inecobank - it bought 100% of <cite.query w-seq-number="00001" w-ref-type="NM" w-normalized-cite="canonical_name::PROCREIT BANK" ID="Id50b7020a27811e5adb5b2d88c817e61">ProCreit Bank</cite.query>&apos;s shares.<eos/><eop/></p><p nitf="lede"><bop/><bos/><cite.query w-seq-number="00002" w-ref-type="MM" w-normalized-cite="canonical_name::PROCREDIT BANK" ID="Id522a1a0a27811e5adb5b2d88c817e61">ProCredit Bank</cite.query> is leaving Armenia because of major problems in <cite.query w-seq-number="00003" w-ref-type="CO" w-normalized-cite="I74FB2AD0E64E11E0AD41F6019CFD433D" ID="Id522a1a1a27811e5adb5b2d88c817e61">SME</cite.query> development. <eos/><bos/><cite.query w-seq-number="00004" w-ref-type="MM" w-normalized-cite="canonical_name::PROCREDIT BANK" ID="Id522a1a2a27811e5adb5b2d88c817e61">ProCredit Bank</cite.query>&apos;s tem will work for Inecobank.<eos/><eop/></p></text><text type="body"><p><bop/><bos/>The word of Armeconombank and <cite.query w-seq-number="00005" w-ref-type="MM" w-normalized-cite="canonical_name::BTA BANK" ID="Id527d1c0a27811e5adb5b2d88c817e61">BTA Bank</cite.query>&apos;s merger was also among the last week&apos;s breaking news.<eos/><eop/></p><p><bop/><bos/>It has also become known from media reports that Unibank is making necessary preparations for IPO at <cite.query w-seq-number="00006" w-ref-type="CO" w-normalized-cite="IB3F93E8029C011DF9BD7C7F341E042AB" ID="Id5305d40a27811e5adb5b2d88c817e61">NASDAQ</cite.query> OMX Armenia stock exchange.<eos/><eop/></p><p><bop/><bos/><cite.query w-seq-number="00007" w-ref-type="WC" w-normalized-cite="IF40B3643453D11DD94140014224D2780" ID="Id5417440a27811e5adb5b2d88c817e61">VTB Bank (Armenia</cite.query>) jointly with Best payment system has launched a new money transfer service. <eos/><bos/>From now not only corporate clients, but also individuals will be able to pay for <cite.query w-seq-number="00008" w-ref-type="WC" w-normalized-cite="IF2142130453D11DD94140014224D2780" ID="Id5417441a27811e5adb5b2d88c817e61">Rostelecom</cite.query>-provided services via <cite.query w-seq-number="00009" w-ref-type="CO" w-normalized-cite="IB9397CB0D0D811DF98F8FD3889AD24A2" ID="Id5417442a27811e5adb5b2d88c817e61">VTB Bank</cite.query> (Armenia).<eos/><eop/></p><p><bop/><bos/>For the first time in this part of the world, the Bal Robotov (Ball of Robots) was opened by <cite.query w-seq-number="00010" w-ref-type="NM" w-normalized-cite="canonical_name::ROBOTS INC" ID="Id5512bb0a27811e5adb5b2d88c817e61">Robots Inc.</cite.query> (Russia).<eos/><bos/> The project was directly initiated by Ameriabank. <eos/><bos/>ACBA-<cite.query w-seq-number="00011" w-ref-type="NM" w-normalized-cite="canonical_name::CREDIT AGRICOLE BANK" ID="Id5512bb1a27811e5adb5b2d88c817e61">CREDIT AGRICOLE BANK</cite.query> continues supporting students.<eos/><eop/></p><p><bop/><bos/><cite.query w-seq-number="00012" w-ref-type="MM" w-normalized-cite="canonical_name::FITCH RATINGS" ID="Id55ec040a27811e5adb5b2d88c817e61">Fitch Ratings</cite.query> said in a report on Wednesday that the 2016 outlooks for banking sectors in Russia and most other countries of the <cite.query w-seq-number="00013" w-ref-type="WC" w-normalized-cite="I659140B0571611E080258F0E01953BF2" ID="Id55ec041a27811e5adb5b2d88c817e61">Commonwealth of Independent States</cite.query> (CIS) are negative.<eos/><eop/></p><p><bop/><bos/>In the time span from December 7 to 11 media carried reports about seven Armenian banks.<eos/><eop/></p><p><bop/><bos/>Azg, Golos Armenii, Novoe <cite.query w-seq-number="00014" w-ref-type="NM" w-normalized-cite="canonical_name::VREMYA" ID="Id56cca00a27811e5adb5b2d88c817e61">Vremya</cite.query>, Aravot, Delovoy Express, Hayastani Hanrapetutyun, Respublika Armenia, Haykakan Zhamanak, Hayots Ashkhar, Iravunk, Hraparak, Chorrord Ishkhanutyun, Zhamanak, Zhoghovurd and 168 Zham newspapers were used to collect the information. <eos/><bos/>Panarmenian, ARKA, Armbanks, Banks, Arminfo, Finport and Panorama and <cite.query w-seq-number="00015" w-ref-type="MM" w-normalized-cite="canonical_name::EBANK" ID="Id56cca01a27811e5adb5b2d88c817e61">Ebank</cite.query> Internet resources were used as well. ---0--<eos/><eop/></p><section-title>ACBA-CREDIT AGRICOLE BANK CONTINUES SUPPORTING STUDENTS</section-title><p><bop/><bos/>A ceremony of handing diplomas to graduates of the <cite.query w-seq-number="00016" w-ref-type="NM" w-normalized-cite="canonical_name::FRENCH UNIVERSITY" ID="Id57be530a27811e5adb5b2d88c817e61">French University</cite.query> in Armenia was held today in Arno Babajanyan Concert Hall with support from ACBA-<cite.query w-seq-number="00017" w-ref-type="NM" w-normalized-cite="canonical_name::CREDIT AGRICOLE BANK" ID="Id57be531a27811e5adb5b2d88c817e61">CREDIT AGRICOLE BANK</cite.query>.<eos/><eop/></p><p><bop/><bos/>The event was attended by French Ambassador to Armenia Jean-Francois Charpentier, ACBA-<cite.query w-seq-number="00018" w-ref-type="NM" w-normalized-cite="canonical_name::CREDIT AGRICOLE BANK" ID="Id5838650a27811e5adb5b2d88c817e61">CREDIT AGRICOLE BANK</cite.query> Chief Executive Officer Hakob Andreasyan as well as diplomats, heads of companies, graduates and students.<eos/><eop/></p><p><bop/><bos/>Congratulating the graduates, Andreasyan said that they, as graduates of one of the best universities of Armenia, create a firm basis for the process of shaping good specialists.<eos/><eop/></p><p><bop/><bos/>&quot;You will face many challenges on your way to your goals, and the obtained knowledge, skills and your insistence will help you in overcoming these difficulties,&quot; he said. &quot;<eos/><bos/>Be consistent in your every initiative and try to do whatever is possible to be first in the field chosen by you.&quot;<eos/><eop/></p><p><bop/><bos/>Sources: www.armbanks.am 7.12.2015, www.finport.am/ 7.12.2015, www.armlur.am/ 7.12.2015, www.arminfo.am/7.12.2015, www.banks.am 7.12.2015<eos/><eop/></p><section-title>ROBOTS INC. AND AMERIABANK OPEN BALL OF ROBOTS IN YEREVAN</section-title><p><bop/><bos/>For the first time in this part of the world, the Bal Robotov (Ball of Robots) was opened by <cite.query w-seq-number="00019" w-ref-type="NM" w-normalized-cite="canonical_name::ROBOTS INC" ID="Id58c38e0a27811e5adb5b2d88c817e61">Robots Inc.</cite.query> (Russia).<eos/><bos/> The project was directly initiated by Ameriabank. <eos/><bos/>Ameriabank CEO Artak Hanesyan said this unique event will introduce the young generation the latest developments of engineering.He said this is a charitable event, since the bulk of the income will be used for treating children with leukemia. &quot;<eos/><bos/>We are constantly providing support in this direction - in past years we organized auctions and targeted the collected money on treatment of ill children,&quot; he said. &quot;<eos/><bos/>This year we decided to act otherwise. <eos/><bos/>The event will be charitable, educational and entertaining ahead of New Year.&quot;<eos/><eop/></p><p><bop/><bos/>Sources: www.arka.am 9.12.2015, www.finport.am 9.12.2015, www.168.am 9.12.2015<eos/><eop/></p><section-title>ARMECONOMBANK AND BTA BANK (ARMENIA) MERGING</section-title><p><bop/><bos/>Armeconombank and BTA Bank (Armenia) intend to merge, the press office of <cite.query w-seq-number="00020" w-ref-type="CO" w-normalized-cite="I2C59557020D111DFA9FD9F668BA07E45" ID="Id5942820a27811e5adb5b2d88c817e61">Armeconombank</cite.query> reported on Tuesday.<eos/><eop/></p><p><bop/><bos/>According to the press release, the heads of Kazakh&apos;s <cite.query w-seq-number="00021" w-ref-type="NM" w-normalized-cite="canonical_name::BTA BANK AND ARMENIA" ID="Id5a258f0a27811e5adb5b2d88c817e61">BTA Bank and Armenia</cite.query>&apos;s <cite.query w-seq-number="00022" w-ref-type="CO" w-normalized-cite="I2C59557020D111DFA9FD9F668BA07E45" ID="Id5a258f1a27811e5adb5b2d88c817e61">Armeconombank</cite.query> signed an appropriate memorandum in Almaty.<eos/><eop/></p><p><bop/><bos/>&quot;The signed memorandum will allow the parties to embark on merger procedures - to convene shareholder assemblies and to obtain the central bank&apos;s authorization,&quot; the press office says.<eos/><eop/></p><p><bop/><bos/>Sources: www.armbanks.am 8.12.2015, www.finport.am 8.12.2015, www.express.am/ 8.12.2015, www.banks.am 8.12.2015<eos/><eop/></p><section-title>PAYMENT FOR ROSTELECOM-PROVIDED SERVICES CAN BE MADE VIA VTB BANK (ARMENIA)</section-title><p><bop/><bos/>From now not only corporate clients, but also individuals will be able to pay for <cite.query w-seq-number="00023" w-ref-type="WC" w-normalized-cite="IF2142130453D11DD94140014224D2780" ID="Id5bb1110a27811e5adb5b2d88c817e61">Rostelecom</cite.query>-provided services via <cite.query w-seq-number="00024" w-ref-type="CO" w-normalized-cite="IB9397CB0D0D811DF98F8FD3889AD24A2" ID="Id5bb1111a27811e5adb5b2d88c817e61">VTB Bank</cite.query> (Armenia).<eos/><eop/></p><p><bop/><bos/>They will be able to pay for IP telephony, Internet and Smart TV services in 67 offices of VTB Bank (Armenia) and through distant access.<eos/><eop/></p><p><bop/><bos/>TellCell terminals installed in Yerevan and provinces as well as in VTB Bank (Armenia) branches are available in 24/7 regime.<eos/><eop/></p><p><bop/><bos/>Sources: www.armbanks.am 11.12.2015, www.arka.am 11.12.2015, www.banks.am 11.12.2015<eos/><eop/></p><section-title>VTB BANK (ARMENIA) PROVIDING NEW SERVICE VIA &apos;BEST&apos; PAYMENT SYSTEM</section-title><p><bop/><bos/><cite.query w-seq-number="00025" w-ref-type="WC" w-normalized-cite="IF40B3643453D11DD94140014224D2780" ID="Id5c06840a27811e5adb5b2d88c817e61">VTB Bank (Armenia</cite.query>) jointly with Best payment system has launched a new money transfer service.<eos/><eop/></p><p><bop/><bos/>The direct money transfer to banking cards is now added to the two other money transfer ways available at the bank.<eos/><eop/></p><p><bop/><bos/>To use this service, holders of <cite.query w-seq-number="00026" w-ref-type="MM" w-normalized-cite="canonical_name::VISA" ID="Id5cbd9f0a27811e5adb5b2d88c817e61">VISA</cite.query> or <cite.query w-seq-number="00027" w-ref-type="NM" w-normalized-cite="canonical_name::MASTERCARD OF VTB BANK" ID="Id5cbd9f1a27811e5adb5b2d88c817e61">MasterCard of VTB Bank</cite.query> (Armenia) need to tell money senders the four final figures of their card numbers and the last five figures of their passport numbers.<eos/><eop/></p><p><bop/><bos/>The sender provides the above-mentioned data to an officer of a sending bank and says that the money is to be sent right to VTB Bank (Armenia).<eos/><eop/></p><p><bop/><bos/>The money sent by this means is automatically transferred to <cite.query w-seq-number="00028" w-ref-type="WC" w-normalized-cite="IF40B3643453D11DD94140014224D2780" ID="Id5d094e0a27811e5adb5b2d88c817e61">VTB Bank (Armenia</cite.query>) cards in the currency it will be transferred. <eos/><bos/>IT means if money is transferred in Russian rubles, and three card accounts (in Armenian drams, US dollars and Russian rubles) it comes to ruble account, and if a similar currency doesn&apos;t exists, the transferred money is converted into the top-priority currency in the card accounts.<eos/><eop/></p><p><bop/><bos/>The service is free. <eos/><bos/>The sender will pay only for transfer via Best system. <eos/><bos/>The service is available in 24/7 regime.<eos/><eop/></p><p><bop/><bos/>Sources: www.armbanks.am 10.12.2015, www.panorama.am 10.12.2015, www.arminfo.am/10.12.2015, www.banks.am 10.12.2015<eos/><eop/></p><section-title>INECOBANK PURCHASES 100% OF PROCREDIT BANK&apos;S SHARES</section-title><p><bop/><bos/>Inecobank has bought 100% of <cite.query w-seq-number="00029" w-ref-type="MM" w-normalized-cite="canonical_name::PROCREDIT BANK" ID="Id5dcf0f0a27811e5adb5b2d88c817e61">ProCredit Bank</cite.query>, a subsidiary of <cite.query w-seq-number="00030" w-ref-type="CO" w-normalized-cite="I836722B541EA11DDAD6B0014224D2780" ID="Id5dcf0f1a27811e5adb5b2d88c817e61">ProCredit Holding AG</cite.query> &amp;amp; Co. KGa A.<eos/><eop/></p><p><bop/><bos/>The deal is financed from capital investments of the European bank for Reconstruction and Development (EBRD), replenishment of Inecobank two large shareholders&apos; capital and the $20 million attracted from the <cite.query w-seq-number="00031" w-ref-type="MM" w-normalized-cite="canonical_name::INTERNATIONAL FINANCE CORP" ID="Id5e22110a27811e5adb5b2d88c817e61">International Finance Corporation</cite.query>.<eos/><eop/></p><p><bop/><bos/>The EBRD makes capital investment amounting to <cite.query w-seq-number="00032" w-ref-type="CO" w-normalized-cite="I27218B6541EC11DDAD6B0014224D2780" ID="Id5e618b0a27811e5adb5b2d88c817e61">AMD</cite.query> 9.8 billion by purchasing 22.7% shares of Inecobank.<eos/><eop/></p><p><bop/><bos/>Taron Ganjalyan, the executive director of <cite.query w-seq-number="00033" w-ref-type="NM" w-normalized-cite="canonical_name::INECOBANK" ID="Id5ed44a0a27811e5adb5b2d88c817e61">Inecobank</cite.query>, said the bank is one of top profit gainers among Armenian banks throughout one decade. <eos/><bos/>It is also building up its share at the market thanks to growth in small and mid-scale businesses.<eos/><eop/></p><p><bop/><bos/>&quot;For this purpose we entered into negotiations with <cite.query w-seq-number="00034" w-ref-type="MM" w-normalized-cite="canonical_name::PROCREDIT HLDG" ID="Id5fb7570a27811e5adb5b2d88c817e61">ProCredit Holding</cite.query> in the first quarter of this year and reached preliminary arrangement on acquisition of 100% of <cite.query w-seq-number="00035" w-ref-type="MM" w-normalized-cite="canonical_name::PROCREDIT BANK" ID="Id5fb7571a27811e5adb5b2d88c817e61">ProCredit Bank</cite.query>&apos;s shares,&quot; he said.<eos/><eop/></p><p><bop/><bos/>In his words, <cite.query w-seq-number="00036" w-ref-type="MM" w-normalized-cite="canonical_name::PROCREDIT BANK" ID="Id603d9e0a27811e5adb5b2d88c817e61">ProCredit Bank</cite.query>&apos;s core corporate culture and values fully coincide with Inecobank&apos;s standards and values. <eos/><bos/>The two banks&apos; purposed clients are identical as well.<eos/><eop/></p><p><bop/><bos/>&quot;Taking into account <cite.query w-seq-number="00037" w-ref-type="MM" w-normalized-cite="canonical_name::PROCREDIT BANK" ID="Id60c1740a27811e5adb5b2d88c817e61">ProCredit Bank</cite.query>&apos;s share at SME market - 9.5% and the leading position of Inecobank, it can be said for sure that as a result of this deal, the merger bank will become one of the flagship banks in SME area,&quot; Ganjalyan said.<eos/><eop/></p><p><bop/><bos/>In his words, the bank will be sixth for its assets. <eos/><bos/>It will serve more than 10,000 corporate clients and 200,000 individuals.<eos/><eop/></p><p><bop/><bos/>Sources: www.armbanks.am 10.12.2015, 10.12.2015, www.finport.am/ 10.12.2015, www.arminfo.am/10.12.2015, www.banks.am 10.12.2015<eos/><eop/></p><section-title>PROCREDIT BANK&apos;S TEAM TO WORK FOR INECOBANK</section-title><p><bop/><bos/>Taron Ganjalyan, executive director of <cite.query w-seq-number="00038" w-ref-type="NM" w-normalized-cite="canonical_name::INECOBANK" ID="Id6223750a27811e5adb5b2d88c817e61">Inecobank</cite.query>, which bought 100% of <cite.query w-seq-number="00039" w-ref-type="MM" w-normalized-cite="canonical_name::PROCREDIT BANK" ID="Id6223751a27811e5adb5b2d88c817e61">ProCredit Bank</cite.query>&apos;s shares on Thursday, told journalists that the <cite.query w-seq-number="00040" w-ref-type="MM" w-normalized-cite="canonical_name::PROCREDIT BANK" ID="Id6223752a27811e5adb5b2d88c817e61">ProCredit Bank</cite.query>&apos;s team will continue working.<eos/><eop/></p><p><bop/><bos/>Inecobank has bought 100% of <cite.query w-seq-number="00041" w-ref-type="MM" w-normalized-cite="canonical_name::PROCREDIT BANK" ID="Id62ce5b0a27811e5adb5b2d88c817e61">ProCredit Bank</cite.query>, a subsidiary of <cite.query w-seq-number="00042" w-ref-type="CO" w-normalized-cite="I836722B541EA11DDAD6B0014224D2780" ID="Id62ce5b1a27811e5adb5b2d88c817e61">ProCredit Holding AG</cite.query> &amp;amp; Co. KGa A.<eos/><eop/></p><p><bop/><bos/>The deal is financed from capital investments of the European bank for Reconstruction and Development (EBRD), replenishment of Inecobank two large shareholders&apos; capital and the $20 million attracted from the <cite.query w-seq-number="00043" w-ref-type="MM" w-normalized-cite="canonical_name::INTERNATIONAL FINANCE CORP" ID="Id63263f0a27811e5adb5b2d88c817e61">International Finance Corporation</cite.query>.<eos/><eop/></p><p><bop/><bos/>The EBRD made capital investment amounting to <cite.query w-seq-number="00044" w-ref-type="CO" w-normalized-cite="I27218B6541EC11DDAD6B0014224D2780" ID="Id63ac860a27811e5adb5b2d88c817e61">AMD</cite.query> 9.8 billion by purchasing 22.7% shares of Inecobank, and $20 million was attracted from the <cite.query w-seq-number="00045" w-ref-type="MM" w-normalized-cite="canonical_name::INTERNATIONAL FINANCE CORP" ID="Id63ac861a27811e5adb5b2d88c817e61">International Finance Corporation</cite.query>.<eos/><eop/></p><p><bop/><bos/>Ganjalyan said that <cite.query w-seq-number="00046" w-ref-type="MM" w-normalized-cite="canonical_name::PROCREDIT BANK" ID="Id6424270a27811e5adb5b2d88c817e61">ProCredit Bank</cite.query> had created a very strong team.<eos/><eop/></p><p><bop/><bos/>&quot;We are happy that this team will join us. <eos/><bos/>Its knowledge and skills will be useful to us,&quot; he said adding that one of the aims of this deal was to unite with the <cite.query w-seq-number="00047" w-ref-type="MM" w-normalized-cite="canonical_name::PROCREDIT BANK" ID="Id64b4320a27811e5adb5b2d88c817e61">ProCredit Bank</cite.query> team.<eos/><eop/></p><p><bop/><bos/>&quot;This team will strengthen Inecobank and will continue working with us,&quot; Ganjalyan said.<eos/><eop/></p><p><bop/><bos/>Source: www.armbanks.am 10.12.2015<eos/><eop/></p><section-title>PROCREDIT BANK LEAVING ARMENIA BECAUSE OF MAJOR PROBLEMS IN SME DEVELOPMENT</section-title><p><bop/><bos/>International <cite.query w-seq-number="00048" w-ref-type="MM" w-normalized-cite="canonical_name::PROCREDIT BANK" ID="Id65ecb20a27811e5adb5b2d88c817e61">ProCredit Bank</cite.query> is leaving Armenia because of major problems in <cite.query w-seq-number="00049" w-ref-type="CO" w-normalized-cite="I74FB2AD0E64E11E0AD41F6019CFD433D" ID="Id65ecb21a27811e5adb5b2d88c817e61">SME</cite.query> development, <cite.query w-seq-number="00050" w-ref-type="MM" w-normalized-cite="canonical_name::PROCREDIT BANK" ID="Id65ecb22a27811e5adb5b2d88c817e61">ProCredit Bank</cite.query> Executive Director Avtandil Gogoli said Thursday at a new conference.<eos/><eop/></p><p><bop/><bos/>He said that for seven years of its activity in Armenia the bank has build an excellent management and a healthy loan portfolio, but it has failed to embrace the planned extent in its traditional SME segment at the market.<eos/><eop/></p><p><bop/><bos/>In his words, <cite.query w-seq-number="00051" w-ref-type="MM" w-normalized-cite="canonical_name::PROCREDIT BANK" ID="Id67141b0a27811e5adb5b2d88c817e61">ProCredit Bank</cite.query> intends to concentrate its activity on the countries where it had already occupied certain market niches.<eos/><eop/></p><p><bop/><bos/><cite.query w-seq-number="00052" w-ref-type="CO" w-normalized-cite="I1C05C8C00FF911E19ACDC1CB47DA3E4F" ID="Id680d210a27811e5adb5b2d88c817e61">ProCredit</cite.query> Holding sold 100% of its <cite.query w-seq-number="00053" w-ref-type="MM" w-normalized-cite="canonical_name::PROCREDIT BANK" ID="Id680d211a27811e5adb5b2d88c817e61">ProCredit Bank</cite.query> to INECOBANK.<eos/><eop/></p><p><bop/><bos/>&quot;The owner decided that further development of the Armenian subsidiary can be provided as powerful bank as <cite.query w-seq-number="00054" w-ref-type="NM" w-normalized-cite="canonical_name::INECOBANK" ID="Id687fe00a27811e5adb5b2d88c817e61">INECOBANK</cite.query>, which is able to provide better conditions for financing SMEs in Armenia,&quot; Gogoli said.<eos/><eop/></p><p><bop/><bos/>Sources: www.finport.am 10.12.2015, www.arminfo.am/10.12.2015<eos/><eop/></p><section-title>GUNMAN ATTACKS PROCREDIT BANK&apos;S OFFICE IN ARMENIA&apos;S CAPITAL</section-title><p><bop/><bos/>A gunman with sports cap rushed into <cite.query w-seq-number="00055" w-ref-type="MM" w-normalized-cite="canonical_name::PROCREDIT BANK" ID="Id6903b60a27811e5adb5b2d88c817e61">ProCredit Bank</cite.query>&apos;s office in Yerevan&apos;s Komitas Street on Tuesday and, turning his gun on the bank officers, took around 16,000 US dollars and 1,300,000 Armenian drams ($2,700) from there, according to shamshyan.com.<eos/><eop/></p><p><bop/><bos/>Investigation was launched into the bank robbery.<eos/><eop/></p><p><bop/><bos/><cite.query w-seq-number="00056" w-ref-type="MM" w-normalized-cite="canonical_name::PROCREDIT BANK" ID="Id69c4950a27811e5adb5b2d88c817e61">ProCredit Bank</cite.query> received his license from the <cite.query w-seq-number="00057" w-ref-type="CO" w-normalized-cite="I706C7C4142B311DDA5520014224D2780" ID="Id69c4951a27811e5adb5b2d88c817e61">Central Bank of Armenia</cite.query> on December 7, 2007.<eos/><eop/></p><p><bop/><bos/><cite.query w-seq-number="00058" w-ref-type="CO" w-normalized-cite="I1C05C8C00FF911E19ACDC1CB47DA3E4F" ID="Id6a3c360a27811e5adb5b2d88c817e61">ProCredit</cite.query> Holding holds 72.67% of the bank&apos;s shares and KfW 12.88%. ---0---<eos/><eop/></p><p><bop/><bos/>Sources: www.armbanks.am 8.12.2015, www.banks.am 8.12.2015<eos/><eop/></p><section-title>UNIBANK FIRST BANK IN ARMENIA TO CARRY OUT STOCK IPO AT NASDAQ OMX ARMENIA</section-title><p><bop/><bos/>Unibank is planning ordinary stock IPO at <cite.query w-seq-number="00059" w-ref-type="CO" w-normalized-cite="IB3F93E8029C011DF9BD7C7F341E042AB" ID="Id6aac840a27811e5adb5b2d88c817e61">NASDAQ</cite.query> OMX Armenia stock exchange, the bank&apos;s press office reports.<eos/><eop/></p><p><bop/><bos/>The stocks will be auctioned from December 18 to 24.<eos/><eop/></p><p><bop/><bos/>&quot;Unibank is the first bank in Armenia to auction stocks through IPO at <cite.query w-seq-number="00060" w-ref-type="CO" w-normalized-cite="IB3F93E8029C011DF9BD7C7F341E042AB" ID="Id6b21b40a27811e5adb5b2d88c817e61">NASDAQ</cite.query> OMX Armenia,&quot; Unibank says in its press release. &quot;<eos/><bos/>Unibank intends to auction 14.5 million ordinary equities.&quot;<eos/><eop/></p><p><bop/><bos/>The decision was prompted by <cite.query w-seq-number="00061" w-ref-type="CO" w-normalized-cite="I468D9A50625D11DFB2EA9307C0464836" ID="Id6b612e0a27811e5adb5b2d88c817e61">Unibank</cite.query>&apos;s ambition to reach a new development level and to become a people&apos;s bank.<eos/><eop/></p><p><bop/><bos/>The bank&apos;s activity is focused on making banking services available to various categories of people and promoting small- and mid-scale businesses.<eos/><eop/></p><p><bop/><bos/>Spouces: www.armbanks.am 11.12.2015, www.arka.am 11.12.2015, www.armlur.am/ 11.12.2015, www.168.am/11.12.2015, www.banks.am 11.12.2015<eos/><eop/></p><section-title>FITCH SAYS CIS BANKING SECTORS WILL REMAIN UNDER PRESSURE</section-title><p><bop/><bos/>The 2016 outlooks for banking sectors in Russia and most other countries of the <cite.query w-seq-number="00062" w-ref-type="WC" w-normalized-cite="I659140B0571611E080258F0E01953BF2" ID="Id6c46ac0a27811e5adb5b2d88c817e61">Commonwealth of Independent States</cite.query> (CIS) are negative, <cite.query w-seq-number="00063" w-ref-type="MM" w-normalized-cite="canonical_name::FITCH RATINGS" ID="Id6c46ac1a27811e5adb5b2d88c817e61">Fitch Ratings</cite.query> said in a report on Wednesday.<eos/><eop/></p><p><bop/><bos/>&quot;This reflects the agency&apos;s view that lenders&apos; financial metrics are likely to weaken further, as slower economies, weaker currencies and higher interest rates continue to hit asset quality, profitability and capital,&quot; the <cite.query w-seq-number="00064" w-ref-type="MM" w-normalized-cite="canonical_name::FITCH" ID="Id6d2c2a0a27811e5adb5b2d88c817e61">Fitch</cite.query> report is cited by <cite.query w-seq-number="00065" w-ref-type="MM" w-normalized-cite="canonical_name::TASS" ID="Id6d2c2a1a27811e5adb5b2d88c817e61">TASS</cite.query>.<eos/><eop/></p><p><bop/><bos/>However, <cite.query w-seq-number="00066" w-ref-type="MM" w-normalized-cite="canonical_name::FITCH" ID="Id6da3cb0a27811e5adb5b2d88c817e61">Fitch</cite.query> forecasts at least moderate positive economic growth across most of the region in 2016, which it says &quot;limits downside risks.&quot; <eos/><bos/>&quot;Capital cushions are also significant in some markets and banks, providing meaningful buffers to absorb larger loan losses,&quot; the agency said.<eos/><eop/></p><p><bop/><bos/>In end-November <cite.query w-seq-number="00067" w-ref-type="MM" w-normalized-cite="canonical_name::FITCH" ID="Id6e27a10a27811e5adb5b2d88c817e61">Fitch</cite.query> said Russian oil outlook is also negative due to &quot;expectation of continued low oil prices, higher taxes, an end to recent oil production growth and a gradually increasing impact from Western sanctions.&quot;<eos/><eop/></p><p><bop/><bos/>Sources: www.armbanks.am 10.12.2015, www.banks.am 10.12.2015<eos/><eop/></p><section-title>CONSOLIDATION OF BANKS PLAYING IMPORTANT PART IN EBRD DISCUSSIONS WITH ARMENIAN GOVERNMENT AND CENTRAL BANK</section-title><p><bop/><bos/>Consolidation of banks is playing an important part in the policy of the Yerevan office of the <cite.query w-seq-number="00068" w-ref-type="CO" w-normalized-cite="IBAFB90B169EC11DDB89AB9FC5024B35B" ID="Id73702b0a27811e5adb5b2d88c817e61">European Bank for Reconstruction and Development</cite.query> and its discussions with the government and the central bank, Mark Davis, head of the <cite.query w-seq-number="00069" w-ref-type="CO" w-normalized-cite="IBAFB90B169EC11DDB89AB9FC5024B35B" ID="Id73702b1a27811e5adb5b2d88c817e61">EBRD</cite.query>&apos;s Yerevan office, said Thursday at a joint press conference of Inecobank CJSC, <cite.query w-seq-number="00070" w-ref-type="MM" w-normalized-cite="canonical_name::PROCREDIT BANK" ID="Id73702b2a27811e5adb5b2d88c817e61">ProCredit Bank</cite.query> CJSC, <cite.query w-seq-number="00071" w-ref-type="CO" w-normalized-cite="IBAFB90B169EC11DDB89AB9FC5024B35B" ID="Id73702b3a27811e5adb5b2d88c817e61">European Bank for Reconstruction and Development</cite.query> (EBRD) and <cite.query w-seq-number="00072" w-ref-type="MM" w-normalized-cite="canonical_name::INTERNATIONAL FINANCE CORP" ID="Id73702b4a27811e5adb5b2d88c817e61">International Finance Corporation</cite.query> (IFC), where the signing of a contract between <cite.query w-seq-number="00073" w-ref-type="CO" w-normalized-cite="I55691EB041ED11DDAD6B0014224D2780" ID="Id73702b5a27811e5adb5b2d88c817e61">Inecobank CJSC</cite.query> and <cite.query w-seq-number="00074" w-ref-type="CO" w-normalized-cite="I836722B541EA11DDAD6B0014224D2780" ID="Id73702b6a27811e5adb5b2d88c817e61">ProCredit Holding AG</cite.query> &amp;amp; Co. KGaA on acquisition by <cite.query w-seq-number="00075" w-ref-type="NM" w-normalized-cite="canonical_name::INECOBANK OF" ID="Id73702b7a27811e5adb5b2d88c817e61">Inecobank of</cite.query> 100% shares of <cite.query w-seq-number="00076" w-ref-type="CO" w-normalized-cite="I23690B20010011E184BD9FF55C91DD55" ID="Id73702b8a27811e5adb5b2d88c817e61">ProCredit Bank CJSC</cite.query> was announced. <eos/><bos/>The transaction has been financed by equity investments of EBRD and two major local shareholders of <cite.query w-seq-number="00077" w-ref-type="NM" w-normalized-cite="canonical_name::INECOBANK" ID="Id73702b9a27811e5adb5b2d88c817e61">Inecobank</cite.query>, supported by a loan received from the <cite.query w-seq-number="00078" w-ref-type="MM" w-normalized-cite="canonical_name::INTERNATIONAL FINANCE CORP" ID="Id73702baa27811e5adb5b2d88c817e61">International Finance Corporation</cite.query> (IFC).<eos/><bos/> EBRD is making an <cite.query w-seq-number="00079" w-ref-type="CO" w-normalized-cite="I27218B6541EC11DDAD6B0014224D2780" ID="Id73702bba27811e5adb5b2d88c817e61">AMD</cite.query> 9.8 billion (USD 20.3 million) equity investment, acquiring 22.7% of shares of Inecobank CJSC, and the amount of the loan attracted from IFC comprises 20 million US dollars.<eos/><eop/></p><p><bop/><bos/>Sources: www.armbanks.am 10.12.2015, www.finport.am/ 10.12.2015<eos/><eop/></p><section-title>STABLE PRICES AND MACROECONOMIC ENVIRONMENT TO REDUCE DOLLARIZATION IN ARMENIA - REGULATOR</section-title><p><bop/><bos/>Stability of prices and general macroeconomic environment are the only ground for dollarization reduction and enhancement of confidence in the national currency in Armenia, the central bank&apos;s monetary policy department reports.<eos/><eop/></p><p><bop/><bos/>&quot;Confidence in any currency first of all depends on its paying ability,&quot; the central bank says. &quot;<eos/><bos/>The top goal of the central bank is to ensure price stability, which will ensure a stable payment capacity to the national currency.&quot;<eos/><eop/></p><p><bop/><bos/>The central bank&apos;s department says the regulator is guided by certain principles in its efforts to down dollarization in the country.<eos/><eop/></p><p><bop/><bos/>In particular, the law states that the only legal currency in calculations and price-making process is the Armenian dram.<eos/><eop/></p><p><bop/><bos/>Besides, deals in drams need lower expenses than those carried out in foreign currencies.<eos/><eop/></p><p><bop/><bos/>This principle is working in financial regulation principles, including mandatory reservation, insurance of deposits and also in all normative mechanisms of regulation and supervision. <eos/><bos/>According to the central bank&apos;s report, dollarization in Armenia stood at 64.5% in September 2015 after growing 0.6% since the beginning of the year.<eos/><eop/></p><p><bop/><bos/>Source: www.armbanks.am 7.12.2015<eos/><eop/></p><section-title>ARMENIA&apos;S CENTRAL BANK CALLS ON CITIZENS TO REFRAIN FROM USE OF VIRTUAL CURRENCIES</section-title><p><bop/><bos/>Armenia&apos;s <cite.query w-seq-number="00080" w-ref-type="MM" w-normalized-cite="canonical_name::CENTRAL BANK" ID="Id73f6720a27811e5adb5b2d88c817e61">Central Bank</cite.query> has called on citizens today to refrain from the use of virtual currencies before the enforcement of a relevant regulation.<eos/><eop/></p><p><bop/><bos/>&quot;According to Armenian legislation, virtual currencies, including Bitcoins are not considered electronic money. <eos/><bos/>This in view, the regulator calls on citizens to refrain from using them, given the absence of clear-cut approaches on this issue in international practice,&quot; the <cite.query w-seq-number="00081" w-ref-type="MM" w-normalized-cite="canonical_name::CENTRAL BANK" ID="Id7447030a27811e5adb5b2d88c817e61">Central Bank</cite.query> said in a statement.<eos/><eop/></p><p><bop/><bos/>&quot;The <cite.query w-seq-number="00082" w-ref-type="MM" w-normalized-cite="canonical_name::CENTRAL BANK" ID="Id7497940a27811e5adb5b2d88c817e61">Central Bank</cite.query> encourages the use of those innovative payment instruments, which enable risk-free transactions by protecting the interests of customers as much as possible and do not create a favorable environment for money laundering and terrorism financing,&quot; the regulator said.<eos/><eop/></p><p><bop/><bos/>It recommended transaction only with those e-currencies, whose issuers follow certain requirements (including the fight against money laundering and financing of terrorism) and are properly monitored by competent authorities.<eos/><eop/></p><p><bop/><bos/>The <cite.query w-seq-number="00083" w-ref-type="MM" w-normalized-cite="canonical_name::EUROPEAN UNION" ID="Id759a5e0a27811e5adb5b2d88c817e61">European Union</cite.query> plans to strengthen control of virtual currencies, including Bitcoins and anonymous electronic payments as part of the fight against the financing of terrorism. <eos/><bos/>The <cite.query w-seq-number="00084" w-ref-type="MM" w-normalized-cite="canonical_name::EU" ID="Id759a5e1a27811e5adb5b2d88c817e61">EU</cite.query> countries are going to ask n the <cite.query w-seq-number="00085" w-ref-type="CO" w-normalized-cite="I9A5E7BD06D0D11DF88BA8DF7398A82F3" ID="Id759a5e2a27811e5adb5b2d88c817e61">European Commission</cite.query> to take measures to strengthen the control over non-bank payment methods, such as electronic / anonymous payments, virtual currency, and also transactions with gold and other precious metals by the use of prepaid cards.<eos/><eop/></p><p><bop/><bos/>According to the <cite.query w-seq-number="00086" w-ref-type="MM" w-normalized-cite="canonical_name::CENTRAL BANK" ID="Id75e87e0a27811e5adb5b2d88c817e61">Central Bank</cite.query>, currently there are two issuers of electronic money in Armenia - Idram and MobiDram.&quot;<eos/><eop/></p><p><bop/><bos/>Source: www.armbanks.am 9.12.2015<eos/><eop/></p></text></content><indexing iso-language="en" value-add="machine-generated"><classification-terms><pres-location-block><bop/><bos/><pres-location-wrap><pres-location>Armenia</pres-location><pres-location-code>ISOAM</pres-location-code><alt1-location-code>1AR09</alt1-location-code></pres-location-wrap><pres-location-wrap><pres-location>Asia</pres-location><pres-location-code>GEOASIA</pres-location-code><alt1-location-code>1AS61</alt1-location-code></pres-location-wrap><pres-location-wrap><pres-location>CIS Countries</pres-location><pres-location-code>CISSTAT</pres-location-code><alt1-location-code>1CI64</alt1-location-code></pres-location-wrap><pres-location-wrap><pres-location>Central Asia</pres-location><pres-location-code>GEOCASIA</pres-location-code><alt1-location-code>1CE93</alt1-location-code></pres-location-wrap><pres-location-wrap><pres-location>Eastern Europe</pres-location><pres-location-code>GEOEEUR</pres-location-code><alt1-location-code>1EA48</alt1-location-code></pres-location-wrap><pres-location-wrap><pres-location>Europe</pres-location><pres-location-code>GEOEUR</pres-location-code><alt1-location-code>1EU83</alt1-location-code></pres-location-wrap><pres-location-wrap><pres-location>Kazakhstan</pres-location><pres-location-code>ISOKZ</pres-location-code><alt1-location-code>1KA50</alt1-location-code></pres-location-wrap><pres-location-wrap><pres-location>Russia</pres-location><pres-location-code>ISORU</pres-location-code><alt1-location-code>1RU33</alt1-location-code></pres-location-wrap><pres-location-wrap><pres-location>Western Asia</pres-location><pres-location-code>GEOWASIA</pres-location-code><alt1-location-code>1WE54</alt1-location-code></pres-location-wrap><eos/><eop/></pres-location-block></classification-terms><classification-terms><pres-subject-block><bop/><bos/><pres-subject-wrap><pres-subject>Business Management</pres-subject><pres-subject-code>BIZMGMT</pres-subject-code><alt1-subject-code>1BU42</alt1-subject-code></pres-subject-wrap><pres-subject-wrap><pres-subject>CIS</pres-subject><pres-subject-code>GEOCIS</pres-subject-code><alt1-subject-code>1CI65</alt1-subject-code></pres-subject-wrap><pres-subject-wrap><pres-subject>Corporate Events</pres-subject><pres-subject-code>BUSEVENT</pres-subject-code><alt1-subject-code>1CR05</alt1-subject-code></pres-subject-wrap><pres-subject-wrap><pres-subject>Economic Development</pres-subject><pres-subject-code>PTEDED</pres-subject-code><alt1-subject-code>1EC65</alt1-subject-code></pres-subject-wrap><pres-subject-wrap><pres-subject>Economic Development Agencies</pres-subject><pres-subject-code>ECONMGMT</pres-subject-code><alt1-subject-code>1EC15</alt1-subject-code></pres-subject-wrap><pres-subject-wrap><pres-subject>Economic Policy &amp; Policymakers</pres-subject><pres-subject-code>ECONRULE</pres-subject-code><alt1-subject-code>1EC69</alt1-subject-code></pres-subject-wrap><pres-subject-wrap><pres-subject>Economics &amp; Trade</pres-subject><pres-subject-code>TRADE</pres-subject-code><alt1-subject-code>1EC26</alt1-subject-code></pres-subject-wrap><pres-subject-wrap><pres-subject>Emerging Market Countries</pres-subject><pres-subject-code>EMERGING</pres-subject-code><alt1-subject-code>1EM65</alt1-subject-code></pres-subject-wrap><pres-subject-wrap><pres-subject>European Union</pres-subject><pres-subject-code>GEOEU</pres-subject-code><alt1-subject-code>1EU94</alt1-subject-code></pres-subject-wrap><pres-subject-wrap><pres-subject>Executive Personnel Changes</pres-subject><pres-subject-code>EXECMOVE</pres-subject-code><alt1-subject-code>1EX23</alt1-subject-code></pres-subject-wrap><pres-subject-wrap><pres-subject>Finance Management</pres-subject><pres-subject-code>FINMGMT</pres-subject-code><alt1-subject-code>1FI66</alt1-subject-code></pres-subject-wrap><pres-subject-wrap><pres-subject>HR &amp; Labor Management</pres-subject><pres-subject-code>HRMOVER</pres-subject-code><alt1-subject-code>1HR87</alt1-subject-code></pres-subject-wrap><pres-subject-wrap><pres-subject>Monetary Policy</pres-subject><pres-subject-code>PTMONET</pres-subject-code><alt1-subject-code>1MO18</alt1-subject-code></pres-subject-wrap><pres-subject-wrap><pres-subject>World Organizations</pres-subject><pres-subject-code>GEOORGS</pres-subject-code><alt1-subject-code>1IN77</alt1-subject-code></pres-subject-wrap><eos/><eop/></pres-subject-block><pres-industry-block><bop/><bos/><pres-industry-wrap><pres-industry>Banking</pres-industry><pres-industry-code>BANKOVER</pres-industry-code><alt1-industry-code>1BA20</alt1-industry-code></pres-industry-wrap><pres-industry-wrap><pres-industry>Commercial Banking Services</pres-industry><pres-industry-code>BANKCOML</pres-industry-code><alt1-industry-code>1CO19</alt1-industry-code></pres-industry-wrap><pres-industry-wrap><pres-industry>Financial Services</pres-industry><pres-industry-code>FINSVC</pres-industry-code><alt1-industry-code>1FI37</alt1-industry-code></pres-industry-wrap><pres-industry-wrap><pres-industry>Financial Services Regulatory</pres-industry><pres-industry-code>FINREG</pres-industry-code><alt1-industry-code>1FI03</alt1-industry-code></pres-industry-wrap><pres-industry-wrap><pres-industry>Major Central Banks</pres-industry><pres-industry-code>MAJCBANK</pres-industry-code><alt1-industry-code>1MA01</alt1-industry-code></pres-industry-wrap><pres-industry-wrap><pres-industry>Press Releases</pres-industry><pres-industry-code>ANNOUNCE</pres-industry-code><alt1-industry-code>1PR19</alt1-industry-code></pres-industry-wrap><eos/><eop/></pres-industry-block></classification-terms><classification-terms><rcs-block><rcs>B:126</rcs><rcs>B:125</rcs><rcs>E:5</rcs><rcs>B:128</rcs><rcs>B:127</rcs><rcs>E:4B</rcs><rcs>M:8</rcs><rcs>E:B</rcs><rcs>G:B</rcs><rcs>M:32</rcs><rcs>G:A</rcs><rcs>E:C</rcs><rcs>G:K</rcs><rcs>G:38</rcs><rcs>G:AJ</rcs><rcs>M:K</rcs><rcs>G:B2</rcs><rcs>G:7I</rcs><rcs>G:Y</rcs><rcs>B:131</rcs><rcs>M:Z</rcs><rcs>G:85</rcs><rcs>E:1</rcs><rcs>M:DU</rcs><rcs>G:1</rcs></rcs-block></classification-terms><extraction-terms><extr-company-block><bop/><bos/><extr-company>168 Zham</extr-company><extr-company-wrap><extr-company-name>168 Zham</extr-company-name><relevancy engine="1C">0.2</relevancy><confidence engine="1C">0.73</confidence></extr-company-wrap><extr-company>IN SME DEVELOPMENTInternational ProCredit Bank</extr-company><extr-company-wrap><extr-company-name>IN SME DEVELOPMENTInternational ProCredit Bank</extr-company-name><relevancy engine="1C">0.2</relevancy><confidence engine="1C">0.71</confidence></extr-company-wrap><extr-company>ProCredit Holding AG &amp; Co. KGa</extr-company><extr-company-wrap><extr-company-name>ProCredit Holding AG &amp; Co. KGa</extr-company-name><relevancy engine="1C">0.2</relevancy><confidence engine="1C">0.77</confidence></extr-company-wrap><extr-company>ProCredit Holding AG &amp;amp; Co.</extr-company><extr-company-wrap><extr-company-name>ProCredit Holding AG &amp;amp; Co.</extr-company-name><relevancy engine="1C">0.5</relevancy><confidence engine="1C">1</confidence></extr-company-wrap><extr-company>ProCreit Bank</extr-company><extr-company-wrap><extr-company-name>ProCreit Bank</extr-company-name><relevancy engine="1C">0.8</relevancy><confidence engine="1C">0.98</confidence></extr-company-wrap><norm-company oa-id="4297575894">ACBA CREDIT AGRICOLE BANK CLOSED JSK</norm-company><norm-company-wrap occur-sequence="14,16,17,18"><norm-company-name>ACBA CREDIT AGRICOLE BANK CLOSED JSK</norm-company-name><company-ids><oa-id>4297575894</oa-id></company-ids><company-classification><trbc-wrap><trbc type="RCS">B:128</trbc><trbc type="2012">55101010</trbc><trbc type="perm-id">4294952873</trbc></trbc-wrap></company-classification><relevancy engine="1C">0.2</relevancy><confidence engine="1C">0.93</confidence></norm-company-wrap><norm-company oa-id="5000943280">AMERIABANK CJSC</norm-company><norm-company-wrap occur-sequence="13,19,21,22"><norm-company-name>AMERIABANK CJSC</norm-company-name><company-ids><oa-id>5000943280</oa-id></company-ids><company-classification><trbc-wrap><trbc type="RCS">B:1615</trbc><trbc type="2012">5510101010</trbc><trbc type="perm-id">4294951386</trbc></trbc-wrap></company-classification><relevancy engine="1C">0.2</relevancy><confidence engine="1C">0.77</confidence></norm-company-wrap><norm-company oa-id="5000085423">ARMENIAN ECONOMY DEVELOPMENT BANK OJSC</norm-company><norm-company-wrap occur-sequence="5,24"><norm-company-name>ARMENIAN ECONOMY DEVELOPMENT BANK OJSC</norm-company-name><company-ids><oa-id>5000085423</oa-id></company-ids><company-classification><trbc-wrap><trbc type="RCS">B:128</trbc><trbc type="2012">55101010</trbc><trbc type="perm-id">4294952873</trbc></trbc-wrap></company-classification><relevancy engine="1C">0.2</relevancy><confidence engine="1C">0.85</confidence></norm-company-wrap><norm-company oa-id="5000621267">BTA BANK CLOSE JSK</norm-company><norm-company-wrap occur-sequence="6,23"><norm-company-name>BTA BANK CLOSE JSK</norm-company-name><company-ids><oa-id>5000621267</oa-id></company-ids><company-classification><trbc-wrap><trbc type="RCS">B:128</trbc><trbc type="2012">55101010</trbc><trbc type="perm-id">4294952873</trbc></trbc-wrap></company-classification><relevancy engine="1C">0.2</relevancy><confidence engine="1C">0.8</confidence></norm-company-wrap><norm-company oa-id="4295887248">VTB BANK (PUBLIC JOINT STOCK COMPANY)</norm-company><norm-company-wrap occur-sequence="9,10,25,26,29,30,31"><norm-company-name>VTB BANK (PUBLIC JOINT STOCK COMPANY)</norm-company-name><company-ids><oa-id>4295887248</oa-id><ric norm="VTBR.MMO">VTBR.MMO</ric></company-ids><company-classification><trbc-wrap><trbc type="RCS">B:1615</trbc><trbc type="2012">5510101010</trbc><trbc type="perm-id">4294951386</trbc></trbc-wrap></company-classification><relevancy engine="1C">0.2</relevancy><confidence engine="1C">0.89</confidence></norm-company-wrap><norm-company oa-id="4297609336">HOME ROBOTS INC</norm-company><norm-company-wrap occur-sequence="11,12,20"><norm-company-name>HOME ROBOTS INC</norm-company-name><company-ids><oa-id>4297609336</oa-id></company-ids><relevancy engine="1C">0.5</relevancy><confidence engine="1C">1</confidence></norm-company-wrap><norm-company oa-id="4296537663">INTERNATIONAL FINANCE CORP</norm-company><norm-company-wrap occur-sequence="35,49,51,63"><norm-company-name>INTERNATIONAL FINANCE CORP</norm-company-name><company-ids><oa-id>4296537663</oa-id></company-ids><company-classification><trbc-wrap><trbc type="RCS">B:1639</trbc><trbc type="2012">5510202010</trbc><trbc type="perm-id">4294951362</trbc></trbc-wrap></company-classification><relevancy engine="1C">0.5</relevancy><confidence engine="1C">1</confidence></norm-company-wrap><norm-company oa-id="4297927063">INECOBANK CLOSED JSK</norm-company><norm-company-wrap occur-sequence="1,4,34,36,37,40,42,43,46,48,50,54,62"><norm-company-name>INECOBANK CLOSED JSK</norm-company-name><company-ids><oa-id>4297927063</oa-id></company-ids><relevancy engine="1C">0.8</relevancy><confidence engine="1C">0.98</confidence></norm-company-wrap><norm-company oa-id="4295902520">MASTERCARD INC</norm-company><norm-company-wrap occur-sequence="28"><norm-company-name>MASTERCARD INC</norm-company-name><company-ids><oa-id>4295902520</oa-id><ric norm="MA.N">MA.N</ric></company-ids><company-classification><trbc-wrap><trbc type="RCS">B:1236</trbc><trbc type="2012">5220304027</trbc><trbc type="perm-id">4294951765</trbc></trbc-wrap></company-classification><relevancy engine="1C">0.2</relevancy><confidence engine="1C">0.88</confidence></norm-company-wrap><norm-company oa-id="5000143907">NASDAQ OMX ARMENIA OPEN JSK</norm-company><norm-company-wrap occur-sequence="8"><norm-company-name>NASDAQ OMX ARMENIA OPEN JSK</norm-company-name><company-ids><oa-id>5000143907</oa-id></company-ids><relevancy engine="1C">0.2</relevancy><confidence engine="1C">0.83</confidence></norm-company-wrap><norm-company oa-id="5000020913">PROCREDIT BANK SA</norm-company><norm-company-wrap occur-sequence="2,3,32,33,38,39,41,44,45,47,52,53,55,56,57"><norm-company-name>PROCREDIT BANK SA</norm-company-name><company-ids><oa-id>5000020913</oa-id></company-ids><company-classification><trbc-wrap><trbc type="RCS">B:1616</trbc><trbc type="2012">5510101011</trbc><trbc type="perm-id">4294951385</trbc></trbc-wrap></company-classification><relevancy engine="1C">0.5</relevancy><confidence engine="1C">0.99</confidence></norm-company-wrap><norm-company oa-id="5000645081">UNIBANK</norm-company><norm-company-wrap occur-sequence="7,58,59,60,61"><norm-company-name>UNIBANK</norm-company-name><company-ids><oa-id>5000645081</oa-id></company-ids><company-classification><trbc-wrap><trbc type="RCS">B:1616</trbc><trbc type="2012">5510101011</trbc><trbc type="perm-id">4294951385</trbc></trbc-wrap></company-classification><relevancy engine="1C">0.2</relevancy><confidence engine="1C">0.9</confidence></norm-company-wrap><norm-company oa-id="4298015179">VISA INC</norm-company><norm-company-wrap occur-sequence="27"><norm-company-name>VISA INC</norm-company-name><company-ids><oa-id>4298015179</oa-id><ric norm="V.N">V.N</ric></company-ids><company-classification><trbc-wrap><trbc type="RCS">B:1219</trbc><trbc type="2012">5220304010</trbc><trbc type="perm-id">4294951782</trbc></trbc-wrap></company-classification><relevancy engine="1C">0.2</relevancy><confidence engine="1C">0.98</confidence></norm-company-wrap><norm-company oa-id="4295901746">EBANK FINANCIAL SERVICES INC</norm-company><norm-company-wrap occur-sequence="15"><norm-company-name>EBANK FINANCIAL SERVICES INC</norm-company-name><company-ids><oa-id>4295901746</oa-id><ric norm="EBDC.PK">EBDC.PK</ric></company-ids><company-classification><trbc-wrap><trbc type="RCS">B:1615</trbc><trbc type="2012">5510101010</trbc><trbc type="perm-id">4294951386</trbc></trbc-wrap></company-classification><relevancy engine="1C">0.2</relevancy><confidence engine="1C">0.83</confidence></norm-company-wrap><eos/><eop/></extr-company-block></extraction-terms><extraction-terms><extr-person-block><bop/><bos/><extr-person>Hakob Andreasyan</extr-person><extr-person-wrap><extr-person-name>Hakob Andreasyan</extr-person-name><relevancy engine="1C">0.2</relevancy></extr-person-wrap><extr-person>Artak Hanesyan</extr-person><norm-person-wrap><norm-person-name>Artak Hanesyan</norm-person-name><person-ids><od-auth-id>2125586</od-auth-id><od-officer-id>2537931</od-officer-id><person-perm-id>34417322131</person-perm-id></person-ids><relevancy engine="1C">0.2</relevancy></norm-person-wrap><extr-person>Artak Hanesyan</extr-person><extr-person-wrap><extr-person-name>Artak Hanesyan</extr-person-name><relevancy engine="1C">0.2</relevancy></extr-person-wrap><extr-person>Avtandil Gogoli</extr-person><extr-person-wrap><extr-person-name>Avtandil Gogoli</extr-person-name><relevancy engine="1C">0.2</relevancy></extr-person-wrap><extr-person>Jean-Francois Charpentier</extr-person><extr-person-wrap><extr-person-name>Jean-Francois Charpentier</extr-person-name><relevancy engine="1C">0.2</relevancy></extr-person-wrap><extr-person>Taron Ganjalyan</extr-person><extr-person-wrap><extr-person-name>Taron Ganjalyan</extr-person-name><relevancy engine="1C">0.2</relevancy></extr-person-wrap><eos/><eop/></extr-person-block></extraction-terms></indexing></document></n-docbody>
</n-document>
<n-document guid="I4151c860a26a11e5ac01b95a1193ecad"><n-metadata><metadata.block><md.identifiers><md.cites><md.first.line.cite>12/14/15 NEWS 00:00:00</md.first.line.cite><md.second.line.cite>12/14/15 ARKA News Agency 00:00:00</md.second.line.cite></md.cites><md.uuid>I4151c860a26a11e5ac01b95a1193ecad</md.uuid></md.identifiers><md.infotype>news</md.infotype><md.sortkeys><md.ordersequence>f47363bec</md.ordersequence></md.sortkeys><md.descriptions><md.title>SOME $1.1 MILLION TRADED AT NASDAQ OMX ARMENIA STOCK EXCHANGE LAST WEEK</md.title><md.westlawdescrip><md.readlist>READLIST</md.readlist></md.westlawdescrip></md.descriptions><md.dates><md.publisheddatetime>20151214075914</md.publisheddatetime><md.loaddate>20151214</md.loaddate><md.createddatetime>20151214075914</md.createddatetime></md.dates><md.subjects><md.subject><md.pubtype.name/><md.doctype.name>DNR</md.doctype.name><md.doctype.rank/><md.view>CNGE</md.view><md.view>RGEurope</md.view><md.view>PTNewswires</md.view><md.view>ARKANEWS0063786</md.view><md.view>INALLNEWS_ACTEST</md.view><md.view>INFARNEWS_AC</md.view><md.view>MARKETSEIKON_CN</md.view><md.view>MARKETSEIKON</md.view><md.view>CB_ASIAWIRES</md.view><md.view>INWIRES_AC</md.view><md.view>GULF_INTL</md.view><md.view>ININTNEWS_AC</md.view><md.view>ANZ_INTLOS</md.view><md.view>CLEAR_RF</md.view><md.view>INALLNEWS_AC</md.view><md.view>INNEWSINT_PRO</md.view><md.view>INBUSNEWS</md.view><md.view>INNEWSWORLD_PRO</md.view><md.view>INBUSNEWS_AC</md.view></md.subject></md.subjects><md.jurisdictions><md.jurisdiction><md.jurisstate>FE</md.jurisstate></md.jurisdiction></md.jurisdictions><md.publications><md.publication/><md.sourcepubid>ARKANEWS</md.sourcepubid></md.publications><md.royalty><md.royalty.code>84104</md.royalty.code></md.royalty></metadata.block><news.metadata.block><md.text.preview>STOCK MARKETYEREVAN, December 14. /ARKA/. A total of $1.1 million was traded at NASDAQ OMX Armenia stock exchange from December 7 to 11, the press service of the Central Bank of Armenia told ARKA. It said also the average exchange rate of USD was</md.text.preview></news.metadata.block><newsplus.recommendable/><n-view>CNGE</n-view><n-view>RGEurope</n-view><n-view>PTNewswires</n-view><n-view>ARKANEWS0063786</n-view><n-view>INALLNEWS_ACTEST</n-view><n-view>INFARNEWS_AC</n-view><n-view>MARKETSEIKON_CN</n-view><n-view>MARKETSEIKON</n-view><n-view>CB_ASIAWIRES</n-view><n-view>INWIRES_AC</n-view><n-view>GULF_INTL</n-view><n-view>ININTNEWS_AC</n-view><n-view>ANZ_INTLOS</n-view><n-view>CLEAR_RF</n-view><n-view>INALLNEWS_AC</n-view><n-view>INNEWSINT_PRO</n-view><n-view>INBUSNEWS</n-view><n-view>INNEWSWORLD_PRO</n-view><n-view>INBUSNEWS_AC</n-view><prism-stylesheet guid="Ia3024d301b6a11d89fc5f34981d3242f"/><prism-clipdate>20151214075914</prism-clipdate></n-metadata>
<n-docbody><document version="1" collection="D-ARKANEWS-T001" first-load-date="20151214075914" ip-product="ARKANEWS" royalty-id="84104" data-model="text" dtd-version="5.2.29" content-type="news" load-language="en" pnac="nNRA0kasjz" pnac-date="20151214T135455.078"><supplier-info><supplier-num nitf="doc-id" nitf-regsrc="ARKA News Agency" type="accession">411800015abccf8d</supplier-num><internal-acc-num db-id="NEPRARKA" type="newz">20151214170.1_V411800015abccf8d</internal-acc-num><rec-status><last-load-date>20151214075914</last-load-date><nitf-date ne="datereceived">20151214T13:54:55Z</nitf-date><nitf-date nitf="date-issue">20151214T00:00:00Z</nitf-date><last-provider-update>20151214135455</last-provider-update></rec-status><supplier-copyright>Copyright Â© 2015 ARKA<copyright-year/><copyright-holder>ARKA</copyright-holder></supplier-copyright><supplier-note nitf="urgency" nitf-ed-urg="4"/><nitf-meta-content name="recommendable">0</nitf-meta-content><nitf-meta-content name="_newsmlg2-hashtype=nr-htype:doc-group-fuzzy">18907|98619|46897|57684|31935|39655|28270|10798|93066|29340|103059|88962|16303|51902|31950|46335|61020|66273|22369|7947|33633|90427|61794|72741|103430|29413|37732|15491|56508|102805|67943|56273|112461|4902|33902|57042|24300|95632|21188|15394|95195|72046|19934|15243|45672|85271|74660|</nitf-meta-content><nitf-meta-content name="_newsmlg2-hashtype=nr-htype:doc-group-content-length">589</nitf-meta-content><nitf-meta-content name="_newsmlg2-hashtype=nr-htype:doc-group-simple">468e560e54314f38f40acf572660bce35b14dd0b</nitf-meta-content><supplier-dtds><dtd dtd-version="working" dtd-date="20151110T00:00:00Z">Canonical Taxonomy</dtd><dtd dtd-version="20151103" dtd-date="20151110T00:00:00Z">Mapping File</dtd></supplier-dtds><copyright-block type="dialog"><service-copyright n-include_guid="Ice671660f30811d88920000083149a14" n-include_collection="D-DIALOGCOPYRIGHTS-T001"/></copyright-block><copyright-block type="west"><service-copyright n-include_guid="I1DA35ED81DD211B281BAD200220BDFCA" n-include_collection="w_wlnv_msg"/></copyright-block><west-citation-block><bop/><first-line-cite><bos/>12/14/15 NEWS 00:00:00<eos/></first-line-cite><second-line-cite><bos/>12/14/15 ARKA News Agency 00:00:00<eos/></second-line-cite><eop/></west-citation-block></supplier-info><title-info iso-language="en"><bop/><title type="headline" nitf-hedline="hl1" key="key-title"><bos/><sort-title>SOME $1.1 MILLION TRADED AT <cite.query w-seq-number="00001" w-ref-type="CO" w-normalized-cite="IB3F93E8029C011DF9BD7C7F341E042AB" ID="If117f3a0a26a11e598e0a1f49974d74d">NASDAQ</cite.query> OMX ARMENIA STOCK EXCHANGE LAST WEEK</sort-title><eos/></title><eop/></title-info><pub-info><journal key="key-journal"><bop/><bos/><sort-journal>ARKA News Agency</sort-journal><eos/><eop/></journal><pub-date key="key-date" iso-time="T00:00:00Z" type="date.publication"><full-pub-date>December 14, 2015</full-pub-date><sort-pub-date>20151214</sort-pub-date><sort-pub-timestamp>20151214000000</sort-pub-timestamp><rank-date>20151214</rank-date><currency-timestamp>20151214000000</currency-timestamp></pub-date><original-pub><language iso-language="en">English</language></original-pub><src-data><src-journal-code>ANPV</src-journal-code><src-pub-code>0063786</src-pub-code><src-pub-type>Newswire</src-pub-type><src-pub-country-wrap><src-pub-country-code>GE</src-pub-country-code><src-pub-country>Georgia CIS</src-pub-country></src-pub-country-wrap><src-pub-region>Europe</src-pub-region></src-data></pub-info><content iso-language="en"><total-char-count>1110</total-char-count><derived-word-count><bop/><bos/>Word Count: 176<eos/><eop/></derived-word-count><text type="lead-para"><p nitf="lede"><bop/><bos/>STOCK MARKET<eos/><eop/></p><p nitf="lede"><bop/><bos/>YEREVAN, December 14. /ARKA/. <eos/><bos/>A total of $1.1 million was traded at <cite.query w-seq-number="00002" w-ref-type="CO" w-normalized-cite="IB3F93E8029C011DF9BD7C7F341E042AB" ID="If168d2c0a26a11e598e0a1f49974d74d">NASDAQ</cite.query> OMX Armenia stock exchange from December 7 to 11, the press service of the <cite.query w-seq-number="00003" w-ref-type="CO" w-normalized-cite="I706C7C4142B311DDA5520014224D2780" ID="If168d2c1a26a11e598e0a1f49974d74d">Central Bank of Armenia</cite.query> told <cite.query w-seq-number="00004" w-ref-type="NM" w-normalized-cite="canonical_name::ARKA" ID="If168d2c2a26a11e598e0a1f49974d74d">ARKA</cite.query>. <eos/><bos/>It said also the average exchange rate of USD was 485.65 drams and that no transactions with Euros or Russian rubles were effected during the week. <eos/><bos/><cite.query w-seq-number="00005" w-ref-type="CO" w-normalized-cite="IB3F93E8029C011DF9BD7C7F341E042AB" ID="If168d2c3a26a11e598e0a1f49974d74d">NASDAQ</cite.query> OMX Armenia is the new name of the <cite.query w-seq-number="00006" w-ref-type="CO" w-normalized-cite="IFC75AA8441EC11DDAD6B0014224D2780" ID="If168d2c4a26a11e598e0a1f49974d74d">Armenian Stock Exchange</cite.query> ojsc (renamed on January 27, 2009), however, it is also used to refer jointly to the stock exchange and the Central Depository of Armenia ojsc (CDA), as the both companies have been members of the <cite.query w-seq-number="00007" w-ref-type="CO" w-normalized-cite="I259E58B041EA11DDAD6B0014224D2780" ID="If168d2c5a26a11e598e0a1f49974d74d">NASDAQ OMX Group, Inc.</cite.query> since early 2008. <eos/><bos/><cite.query w-seq-number="00008" w-ref-type="CO" w-normalized-cite="IB3F93E8029C011DF9BD7C7F341E042AB" ID="If168d2c6a26a11e598e0a1f49974d74d">NASDAQ</cite.query> OMX Armenia and the <cite.query w-seq-number="00009" w-ref-type="MM" w-normalized-cite="canonical_name::CDA" ID="If168d2c7a26a11e598e0a1f49974d74d">CDA</cite.query> are the major securities market infrastructure institutions in Armenia. <eos/><bos/>Since their inception in 2000, both companies had operated as self-regulatory organizations established by member broker companies, up until demutualization in 2007. <eos/><bos/><cite.query w-seq-number="00010" w-ref-type="CO" w-normalized-cite="IB3F93E8029C011DF9BD7C7F341E042AB" ID="If168d2c8a26a11e598e0a1f49974d74d">NASDAQ</cite.query> OMX Armenia is a part of the world&apos;s largest exchange company, the <cite.query w-seq-number="00011" w-ref-type="CO" w-normalized-cite="I259E58B041EA11DDAD6B0014224D2780" ID="If168d2c9a26a11e598e0a1f49974d74d">NASDAQ OMX Group, Inc.</cite.query> In late June there were 16 companies listed at <cite.query w-seq-number="00012" w-ref-type="CO" w-normalized-cite="IB3F93E8029C011DF9BD7C7F341E042AB" ID="If168d2caa26a11e598e0a1f49974d74d">Nasdaq</cite.query> OMX Armenia. <eos/><bos/>($1 - AMD 484.79).<eos/> M.V.-0---<eop/></p></text></content><indexing iso-language="en" value-add="machine-generated"><classification-terms><pres-location-block><bop/><bos/><pres-location-wrap><pres-location>Armenia</pres-location><pres-location-code>ISOAM</pres-location-code><alt1-location-code>1AR09</alt1-location-code></pres-location-wrap><pres-location-wrap><pres-location>CIS Countries</pres-location><pres-location-code>CISSTAT</pres-location-code><alt1-location-code>1CI64</alt1-location-code></pres-location-wrap><pres-location-wrap><pres-location>Eastern Europe</pres-location><pres-location-code>GEOEEUR</pres-location-code><alt1-location-code>1EA48</alt1-location-code></pres-location-wrap><pres-location-wrap><pres-location>Europe</pres-location><pres-location-code>GEOEUR</pres-location-code><alt1-location-code>1EU83</alt1-location-code></pres-location-wrap><eos/><eop/></pres-location-block></classification-terms><classification-terms><pres-subject-block><bop/><bos/><pres-subject-wrap><pres-subject>CIS</pres-subject><pres-subject-code>GEOCIS</pres-subject-code><alt1-subject-code>1CI65</alt1-subject-code></pres-subject-wrap><pres-subject-wrap><pres-subject>Equity Instruments</pres-subject><pres-subject-code>STOCKINS</pres-subject-code><alt1-subject-code>1EQ90</alt1-subject-code></pres-subject-wrap><pres-subject-wrap><pres-subject>Financial Markets</pres-subject><pres-subject-code>BOURSE</pres-subject-code><alt1-subject-code>1FI87</alt1-subject-code></pres-subject-wrap><pres-subject-wrap><pres-subject>Funding Instruments</pres-subject><pres-subject-code>INVSTING</pres-subject-code><alt1-subject-code>1FU41</alt1-subject-code></pres-subject-wrap><pres-subject-wrap><pres-subject>Stock Closings</pres-subject><pres-subject-code>STOCKEND</pres-subject-code><alt1-subject-code>1ST40</alt1-subject-code></pres-subject-wrap><pres-subject-wrap><pres-subject>Stock Markets</pres-subject><pres-subject-code>STOKMRKT</pres-subject-code><alt1-subject-code>1ST45</alt1-subject-code></pres-subject-wrap><pres-subject-wrap><pres-subject>World Organizations</pres-subject><pres-subject-code>GEOORGS</pres-subject-code><alt1-subject-code>1IN77</alt1-subject-code></pres-subject-wrap><eos/><eop/></pres-subject-block><pres-industry-block><bop/><bos/><pres-industry-wrap><pres-industry>Financial Services</pres-industry><pres-industry-code>FINSVC</pres-industry-code><alt1-industry-code>1FI37</alt1-industry-code></pres-industry-wrap><pres-industry-wrap><pres-industry>Investment Management</pres-industry><pres-industry-code>INVSTMAN</pres-industry-code><alt1-industry-code>1IN34</alt1-industry-code></pres-industry-wrap><pres-industry-wrap><pres-industry>Securities Investment</pres-industry><pres-industry-code>PTSECUR</pres-industry-code><alt1-industry-code>1SE57</alt1-industry-code></pres-industry-wrap><eos/><eop/></pres-industry-block></classification-terms><classification-terms><rcs-block><rcs>B:126</rcs><rcs>E:6</rcs><rcs>B:125</rcs><rcs>G:B2</rcs><rcs>G:7I</rcs><rcs>G:Y</rcs><rcs>A:1</rcs><rcs>B:130</rcs><rcs>G:AJ</rcs><rcs>M:DU</rcs><rcs>G:B</rcs><rcs>G:A</rcs></rcs-block></classification-terms><extraction-terms><extr-company-block><bop/><bos/><norm-company oa-id="5000143907">NASDAQ OMX ARMENIA OPEN JSK</norm-company><norm-company-wrap occur-sequence="1,2,3,4,6,7,9"><norm-company-name>NASDAQ OMX ARMENIA OPEN JSK</norm-company-name><company-ids><oa-id>5000143907</oa-id></company-ids><relevancy engine="1C">0.8</relevancy><confidence engine="1C">1</confidence></norm-company-wrap><norm-company oa-id="8589934167">NASDAQ INC</norm-company><norm-company-wrap occur-sequence="5,8"><norm-company-name>NASDAQ INC</norm-company-name><company-ids><oa-id>8589934167</oa-id><ric norm="NDAQ.OQ">NDAQ.OQ</ric></company-ids><company-classification><trbc-wrap><trbc type="RCS">B:1648</trbc><trbc type="2012">5510205010</trbc><trbc type="perm-id">4294951353</trbc></trbc-wrap></company-classification><relevancy engine="1C">0.2</relevancy><confidence engine="1C">0.99</confidence></norm-company-wrap><eos/><eop/></extr-company-block></extraction-terms></indexing></document></n-docbody>
</n-document>
<n-document guid="I4d383f009f5011e58356eac38027daa4"><n-metadata><metadata.block><md.identifiers><md.cites><md.first.line.cite>12/10/15 NEWS 00:00:00</md.first.line.cite><md.second.line.cite>12/10/15 ARKA News Agency 00:00:00</md.second.line.cite></md.cites><md.uuid>I4d383f009f5011e58356eac38027daa4</md.uuid></md.identifiers><md.infotype>news</md.infotype><md.sortkeys><md.ordersequence>f47363bec</md.ordersequence></md.sortkeys><md.descriptions><md.title>VTB BANK (ARMENIA) OFFERS NEW SERVICE VIA &apos;BEST&apos; PAYMENT SYSTEM</md.title><md.westlawdescrip><md.readlist>READLIST</md.readlist></md.westlawdescrip></md.descriptions><md.dates><md.publisheddatetime>20151210092015</md.publisheddatetime><md.loaddate>20151210</md.loaddate><md.createddatetime>20151210092015</md.createddatetime></md.dates><md.subjects><md.subject><md.pubtype.name/><md.doctype.name>DNR</md.doctype.name><md.doctype.rank/><md.view>CNGE</md.view><md.view>RGEurope</md.view><md.view>PTNewswires</md.view><md.view>ARKANEWS0063786</md.view><md.view>INALLNEWS_ACTEST</md.view><md.view>INFARNEWS_AC</md.view><md.view>MARKETSEIKON_CN</md.view><md.view>MARKETSEIKON</md.view><md.view>CB_ASIAWIRES</md.view><md.view>INWIRES_AC</md.view><md.view>GULF_INTL</md.view><md.view>ININTNEWS_AC</md.view><md.view>ANZ_INTLOS</md.view><md.view>CLEAR_RF</md.view><md.view>INALLNEWS_AC</md.view><md.view>INNEWSINT_PRO</md.view><md.view>INBUSNEWS</md.view><md.view>INNEWSWORLD_PRO</md.view><md.view>INBUSNEWS_AC</md.view></md.subject></md.subjects><md.jurisdictions><md.jurisdiction><md.jurisstate>FE</md.jurisstate></md.jurisdiction></md.jurisdictions><md.publications><md.publication/><md.sourcepubid>ARKANEWS</md.sourcepubid></md.publications><md.royalty><md.royalty.code>84104</md.royalty.code></md.royalty></metadata.block><news.metadata.block><md.text.preview>BANKING NEWSYEREVAN, December 10. /ARKA/. VTB Bank (Armenia) jointly with Best payment system has launched a new money transfer service.</md.text.preview></news.metadata.block><newsplus.recommendable/><n-view>CNGE</n-view><n-view>RGEurope</n-view><n-view>PTNewswires</n-view><n-view>ARKANEWS0063786</n-view><n-view>INALLNEWS_ACTEST</n-view><n-view>INFARNEWS_AC</n-view><n-view>MARKETSEIKON_CN</n-view><n-view>MARKETSEIKON</n-view><n-view>CB_ASIAWIRES</n-view><n-view>INWIRES_AC</n-view><n-view>GULF_INTL</n-view><n-view>ININTNEWS_AC</n-view><n-view>ANZ_INTLOS</n-view><n-view>CLEAR_RF</n-view><n-view>INALLNEWS_AC</n-view><n-view>INNEWSINT_PRO</n-view><n-view>INBUSNEWS</n-view><n-view>INNEWSWORLD_PRO</n-view><n-view>INBUSNEWS_AC</n-view><prism-stylesheet guid="Ia3024d301b6a11d89fc5f34981d3242f"/><prism-clipdate>20151210092015</prism-clipdate></n-metadata>
<n-docbody><document version="1" collection="D-ARKANEWS-T001" first-load-date="20151210092015" ip-product="ARKANEWS" royalty-id="84104" data-model="text" dtd-version="5.2.29" content-type="news" load-language="en" pnac="nNRA0jst5u" pnac-date="20151210T151134.640"><supplier-info><supplier-num nitf="doc-id" nitf-regsrc="ARKA News Agency" type="accession">88040002c40aa000</supplier-num><internal-acc-num db-id="NEPRARKA" type="newz">20151210170.1_V88040002c40aa000</internal-acc-num><rec-status><last-load-date>20151210092015</last-load-date><nitf-date ne="datereceived">20151210T15:11:34Z</nitf-date><nitf-date nitf="date-issue">20151210T00:00:00Z</nitf-date><last-provider-update>20151210151134</last-provider-update></rec-status><supplier-copyright>Copyright Â© 2015 ARKA<copyright-year/><copyright-holder>ARKA</copyright-holder></supplier-copyright><supplier-note nitf="urgency" nitf-ed-urg="4"/><nitf-meta-content name="recommendable">0</nitf-meta-content><nitf-meta-content name="_newsmlg2-hashtype=nr-htype:doc-group-fuzzy">800|98619|17526|11210|57684|42886|88968|31935|90581|2272|55954|4218|12051|71613|88962|11261|34965|72878|31950|73162|2362|59579|21016|24173|59907|18874|26613|30150|53149|71335|96408|26872|86119|7947|91659|109434|69250|28562|19344|49671|69056|63698|26745|88953|54478|103650|98787|63751|56237|63656|13375|58460|112975|49484|56020|98733|112461|36354|84162|93477|</nitf-meta-content><nitf-meta-content name="_newsmlg2-hashtype=nr-htype:doc-group-content-length">967</nitf-meta-content><nitf-meta-content name="_newsmlg2-hashtype=nr-htype:doc-group-simple">6885849cbd5ed991fc09b0692ccac138eab0846c</nitf-meta-content><supplier-dtds><dtd dtd-version="working" dtd-date="20151110T00:00:00Z">Canonical Taxonomy</dtd><dtd dtd-version="20151103" dtd-date="20151110T00:00:00Z">Mapping File</dtd></supplier-dtds><copyright-block type="dialog"><service-copyright n-include_guid="Ice671660f30811d88920000083149a14" n-include_collection="D-DIALOGCOPYRIGHTS-T001"/></copyright-block><copyright-block type="west"><service-copyright n-include_guid="I1DA35ED81DD211B281BAD200220BDFCA" n-include_collection="w_wlnv_msg"/></copyright-block><west-citation-block><bop/><first-line-cite><bos/>12/10/15 NEWS 00:00:00<eos/></first-line-cite><second-line-cite><bos/>12/10/15 ARKA News Agency 00:00:00<eos/></second-line-cite><eop/></west-citation-block></supplier-info><title-info iso-language="en"><bop/><title type="headline" nitf-hedline="hl1" key="key-title"><bos/><sort-title><cite.query w-seq-number="00001" w-ref-type="CO" w-normalized-cite="IB9397CB0D0D811DF98F8FD3889AD24A2" ID="Ia60263d09f5111e58c4ad58a83844fec">VTB BANK</cite.query> (ARMENIA) OFFERS NEW SERVICE VIA &apos;BEST&apos; PAYMENT SYSTEM</sort-title><eos/></title><eop/></title-info><pub-info><journal key="key-journal"><bop/><bos/><sort-journal>ARKA News Agency</sort-journal><eos/><eop/></journal><pub-date key="key-date" iso-time="T00:00:00Z" type="date.publication"><full-pub-date>December 10, 2015</full-pub-date><sort-pub-date>20151210</sort-pub-date><sort-pub-timestamp>20151210000000</sort-pub-timestamp><rank-date>20151210</rank-date><currency-timestamp>20151210000000</currency-timestamp></pub-date><original-pub><language iso-language="en">English</language></original-pub><src-data><src-journal-code>ANPV</src-journal-code><src-pub-code>0063786</src-pub-code><src-pub-type>Newswire</src-pub-type><src-pub-country-wrap><src-pub-country-code>GE</src-pub-country-code><src-pub-country>Georgia CIS</src-pub-country></src-pub-country-wrap><src-pub-region>Europe</src-pub-region></src-data></pub-info><content iso-language="en"><total-char-count>1572</total-char-count><derived-word-count><bop/><bos/>Word Count: 262<eos/><eop/></derived-word-count><text type="lead-para"><p nitf="lede"><bop/><bos/>BANKING NEWS<eos/><eop/></p><p nitf="lede"><bop/><bos/>YEREVAN, December 10. /ARKA/. <eos/><bos/>VTB Bank (Armenia) jointly with Best payment system has launched a new money transfer service.<eos/><eop/></p></text><text type="body"><p><bop/><bos/>The direct money transfer to banking cards is now added to the two other money transfer ways available at the bank.<eos/><eop/></p><p><bop/><bos/>To use this service, holders of <cite.query w-seq-number="00002" w-ref-type="MM" w-normalized-cite="canonical_name::VISA" ID="Ia616af209f5111e58c4ad58a83844fec">VISA</cite.query> or <cite.query w-seq-number="00003" w-ref-type="NM" w-normalized-cite="canonical_name::MASTERCARD OF VTB BANK" ID="Ia616af219f5111e58c4ad58a83844fec">MasterCard of VTB Bank</cite.query> (Armenia) need to tell money senders the four final figures of their card numbers and the last five figures of their passport numbers.<eos/><eop/></p><p><bop/><bos/>The sender provides the above-mentioned data to an officer of a sending bank and says that the money is to be sent right to VTB Bank (Armenia).<eos/><eop/></p><p><bop/><bos/>The money sent by this means is automatically transferred to <cite.query w-seq-number="00004" w-ref-type="WC" w-normalized-cite="IF40B3643453D11DD94140014224D2780" ID="Ia61b43009f5111e58c4ad58a83844fec">VTB Bank (Armenia</cite.query>) cards in the currency it will be transferred. <eos/><bos/>IT means if money is transferred in Russian rubles, and three card accounts (in Armenian drams, US dollars and Russian rubles) it comes to ruble account, and if a similar currency doesn&apos;t exists, the transferred money is converted into the top-priority currency in the card accounts.<eos/><eop/></p><p><bop/><bos/>The service is free. <eos/><bos/>The sender will pay only for transfer via Best system. <eos/><bos/>The service is available in 24/7 regime.<eos/><eop/></p><p><bop/><bos/>To receive more detailed information you can call 87-87 or visit any of the bank&apos;s branches.<eos/><eop/></p><p><bop/><bos/><cite.query w-seq-number="00005" w-ref-type="CO" w-normalized-cite="IB9397CB0D0D811DF98F8FD3889AD24A2" ID="Ia6392b409f5111e58c4ad58a83844fec">VTB Bank</cite.query> Armenia (<cite.query w-seq-number="00006" w-ref-type="NM" w-normalized-cite="canonical_name::ARMENIAN SAVINGS BANK" ID="Ia6392b419f5111e58c4ad58a83844fec">Armenian Savings Bank</cite.query> before June 2006) joined <cite.query w-seq-number="00007" w-ref-type="CO" w-normalized-cite="I5E22DEE0C55111DEAACEBB1B13A32B4A" ID="Ia6392b429f5111e58c4ad58a83844fec">VTB Group</cite.query> in April 2004. <eos/><bos/>VTB, the second largest bank of Russia, holds 100% of shares of <cite.query w-seq-number="00008" w-ref-type="CO" w-normalized-cite="IB9397CB0D0D811DF98F8FD3889AD24A2" ID="Ia6392b439f5111e58c4ad58a83844fec">VTB Bank</cite.query> (Armenia).<eos/><bos/> VTB Bank (Armenia) has 67 branches all over Armenia&apos;s territory - the largest branch network in the country. <eos/><bos/>VTB Bank (Armenia) is reckoned among leaders for general indicators. <eos/>M.V.----0---<eop/></p></text></content><indexing iso-language="en" value-add="machine-generated"><classification-terms><pres-location-block><bop/><bos/><pres-location-wrap><pres-location>Armenia</pres-location><pres-location-code>ISOAM</pres-location-code><alt1-location-code>1AR09</alt1-location-code></pres-location-wrap><pres-location-wrap><pres-location>CIS Countries</pres-location><pres-location-code>CISSTAT</pres-location-code><alt1-location-code>1CI64</alt1-location-code></pres-location-wrap><pres-location-wrap><pres-location>Eastern Europe</pres-location><pres-location-code>GEOEEUR</pres-location-code><alt1-location-code>1EA48</alt1-location-code></pres-location-wrap><pres-location-wrap><pres-location>Europe</pres-location><pres-location-code>GEOEUR</pres-location-code><alt1-location-code>1EU83</alt1-location-code></pres-location-wrap><pres-location-wrap><pres-location>Russia</pres-location><pres-location-code>ISORU</pres-location-code><alt1-location-code>1RU33</alt1-location-code></pres-location-wrap><eos/><eop/></pres-location-block></classification-terms><classification-terms><pres-subject-block><bop/><bos/><pres-subject-wrap><pres-subject>CIS</pres-subject><pres-subject-code>GEOCIS</pres-subject-code><alt1-subject-code>1CI65</alt1-subject-code></pres-subject-wrap><pres-subject-wrap><pres-subject>Economics &amp; Trade</pres-subject><pres-subject-code>TRADE</pres-subject-code><alt1-subject-code>1EC26</alt1-subject-code></pres-subject-wrap><pres-subject-wrap><pres-subject>Emerging Market Countries</pres-subject><pres-subject-code>EMERGING</pres-subject-code><alt1-subject-code>1EM65</alt1-subject-code></pres-subject-wrap><pres-subject-wrap><pres-subject>Major World Currencies</pres-subject><pres-subject-code>XCHANGR</pres-subject-code><alt1-subject-code>1MA67</alt1-subject-code></pres-subject-wrap><pres-subject-wrap><pres-subject>World Organizations</pres-subject><pres-subject-code>GEOORGS</pres-subject-code><alt1-subject-code>1IN77</alt1-subject-code></pres-subject-wrap><eos/><eop/></pres-subject-block><pres-industry-block><bop/><bos/><pres-industry-wrap><pres-industry>Banking</pres-industry><pres-industry-code>BANKOVER</pres-industry-code><alt1-industry-code>1BA20</alt1-industry-code></pres-industry-wrap><pres-industry-wrap><pres-industry>Financial Services</pres-industry><pres-industry-code>FINSVC</pres-industry-code><alt1-industry-code>1FI37</alt1-industry-code></pres-industry-wrap><eos/><eop/></pres-industry-block></classification-terms><classification-terms><rcs-block><rcs>B:126</rcs><rcs>A:9</rcs><rcs>B:125</rcs><rcs>E:5</rcs><rcs>B:128</rcs><rcs>G:B2</rcs><rcs>B:127</rcs><rcs>G:7I</rcs><rcs>G:Y</rcs><rcs>G:B</rcs><rcs>G:A</rcs><rcs>G:38</rcs><rcs>G:AJ</rcs><rcs>M:DU</rcs><rcs>G:1</rcs></rcs-block></classification-terms><extraction-terms><extr-company-block><bop/><bos/><extr-company>Armenian Savings Bank</extr-company><extr-company-wrap><extr-company-name>Armenian Savings Bank</extr-company-name><relevancy engine="1C">0.2</relevancy><confidence engine="1C">0.72</confidence></extr-company-wrap><extr-company>VTB Bank Armenia</extr-company><extr-company-wrap><extr-company-name>VTB Bank Armenia</extr-company-name><relevancy engine="1C">0.2</relevancy><confidence engine="1C">0.61</confidence></extr-company-wrap><norm-company oa-id="4295887248">VTB BANK (PUBLIC JOINT STOCK COMPANY)</norm-company><norm-company-wrap occur-sequence="1,2,5,6,7,9,10,11,12"><norm-company-name>VTB BANK (PUBLIC JOINT STOCK COMPANY)</norm-company-name><company-ids><oa-id>4295887248</oa-id><ric norm="VTBR.MMO">VTBR.MMO</ric></company-ids><company-classification><trbc-wrap><trbc type="RCS">B:1615</trbc><trbc type="2012">5510101010</trbc><trbc type="perm-id">4294951386</trbc></trbc-wrap></company-classification><relevancy engine="1C">0.8</relevancy><confidence engine="1C">0.92</confidence></norm-company-wrap><norm-company oa-id="4295902520">MASTERCARD INC</norm-company><norm-company-wrap occur-sequence="4"><norm-company-name>MASTERCARD INC</norm-company-name><company-ids><oa-id>4295902520</oa-id><ric norm="MA.N">MA.N</ric></company-ids><company-classification><trbc-wrap><trbc type="RCS">B:1236</trbc><trbc type="2012">5220304027</trbc><trbc type="perm-id">4294951765</trbc></trbc-wrap></company-classification><relevancy engine="1C">0.2</relevancy><confidence engine="1C">0.88</confidence></norm-company-wrap><norm-company oa-id="5000463519">VTB GROUP</norm-company><norm-company-wrap occur-sequence="8"><norm-company-name>VTB GROUP</norm-company-name><company-ids><oa-id>5000463519</oa-id></company-ids><relevancy engine="1C">0.2</relevancy><confidence engine="1C">0.88</confidence></norm-company-wrap><norm-company oa-id="4298015179">VISA INC</norm-company><norm-company-wrap occur-sequence="3"><norm-company-name>VISA INC</norm-company-name><company-ids><oa-id>4298015179</oa-id><ric norm="V.N">V.N</ric></company-ids><company-classification><trbc-wrap><trbc type="RCS">B:1219</trbc><trbc type="2012">5220304010</trbc><trbc type="perm-id">4294951782</trbc></trbc-wrap></company-classification><relevancy engine="1C">0.2</relevancy><confidence engine="1C">0.98</confidence></norm-company-wrap><norm-company>VTB BANK (ARMENIA)</norm-company><norm-company-wrap><norm-company-name>VTB BANK (ARMENIA)</norm-company-name></norm-company-wrap><norm-company oa-id="4298487762">VTB BANK (ARMENIA) CLOSED JSK</norm-company><norm-company-wrap><norm-company-name>VTB BANK (ARMENIA) CLOSED JSK</norm-company-name><company-ids><oa-id>4298487762</oa-id></company-ids></norm-company-wrap><eos/><eop/></extr-company-block></extraction-terms></indexing></document></n-docbody>
</n-document>
<n-document guid="I50cf5ec09cfb11e59fb38a128b536800"><n-metadata><metadata.block><md.identifiers><md.cites><md.parallelcite><md.parallelcite.info><md.display.parallelcite type="WLNR">2015 WLNR 36193556</md.display.parallelcite></md.parallelcite.info></md.parallelcite><md.first.line.cite>12/7/15 BANKSVCS (No Page)</md.first.line.cite><md.second.line.cite>12/7/15 ARKA Banking Services Bull. (Pg. Unavail. Online)</md.second.line.cite></md.cites><md.uuid>I50cf5ec09cfb11e59fb38a128b536800</md.uuid></md.identifiers><md.infotype>news</md.infotype><md.sortkeys><md.ordersequence>f469da56c</md.ordersequence></md.sortkeys><md.descriptions><md.title>PRESS-CLIPPING</md.title><md.westlawdescrip><md.readlist>READLIST</md.readlist></md.westlawdescrip></md.descriptions><md.dates><md.publisheddatetime>20151207100523</md.publisheddatetime><md.loaddate>20151207</md.loaddate><md.createddatetime>20151207100523</md.createddatetime></md.dates><md.subjects><md.subject><md.pubtype.name/><md.doctype.name>DNR</md.doctype.name><md.doctype.rank/><md.view>CNAM</md.view><md.view>RGEurope</md.view><md.view>PTMagazines</md.view><md.view>ARKANEWS0064119</md.view><md.view>ININTNEWS_AC</md.view><md.view>INFINNEWS</md.view><md.view>INALLNEWS_ACTEST</md.view><md.view>INFARNEWS_AC</md.view><md.view>ANZ_INTLBTI</md.view><md.view>INALLNEWS_AC</md.view><md.view>CLEAR_RF</md.view><md.view>INBUSNEWS</md.view><md.view>INBANKNEWS_AC</md.view><md.view>INBUSNEWS_AC</md.view></md.subject></md.subjects><md.jurisdictions><md.jurisdiction><md.jurisstate>FE</md.jurisstate></md.jurisdiction></md.jurisdictions><md.publications><md.publication/><md.sourcepubid>ARKANEWS</md.sourcepubid></md.publications><md.royalty><md.royalty.code>77232</md.royalty.code></md.royalty></metadata.block><news.metadata.block><md.text.preview>A monitoring of Armenian media reports on the local commercial banks performance released over a period between November 30 and December 4 shows that the then top story was that the legislative amendments that increase the amount of</md.text.preview></news.metadata.block><newsplus.recommendable>1</newsplus.recommendable><n-view>CNAM</n-view><n-view>RGEurope</n-view><n-view>PTMagazines</n-view><n-view>ARKANEWS0064119</n-view><n-view>ININTNEWS_AC</n-view><n-view>INFINNEWS</n-view><n-view>INALLNEWS_ACTEST</n-view><n-view>INFARNEWS_AC</n-view><n-view>ANZ_INTLBTI</n-view><n-view>INALLNEWS_AC</n-view><n-view>CLEAR_RF</n-view><n-view>INBUSNEWS</n-view><n-view>INBANKNEWS_AC</n-view><n-view>INBUSNEWS_AC</n-view><prism-stylesheet guid="Ia3024d301b6a11d89fc5f34981d3242f"/><prism-clipdate>20151207100523</prism-clipdate></n-metadata>
<n-docbody><document version="1" collection="D-ARKANEWS-T001" first-load-date="20151207100523" ip-product="ARKANEWS" royalty-id="77232" data-model="text" dtd-version="5.2.29" content-type="news" load-language="en" pnac="nNRA0jds0l" pnac-date="20151207T155811.116"><supplier-info><supplier-num nitf="doc-id" nitf-regsrc="ARKA Banking Services Bulletin" type="accession">5272007e4b87e075</supplier-num><internal-acc-num db-id="NEPRARKA" type="newz">20151207170.4_V5272007e4b87e075</internal-acc-num><rec-status><last-load-date>20151207100523</last-load-date><nitf-date ne="datereceived">20151207T15:58:11Z</nitf-date><nitf-date nitf="date-issue">20151207T00:00:00Z</nitf-date><last-provider-update>20151207155811</last-provider-update></rec-status><supplier-copyright>Copyright Â© 2015 ARKA<copyright-year/><copyright-holder>ARKA</copyright-holder></supplier-copyright><supplier-note nitf="urgency" nitf-ed-urg="4"/><nitf-meta-content name="_newsmlg2-hashtype=nr-htype:doc-group-fuzzy">95890|52749|46026|36499|58846|39952|67936|55705|69208|60069|54810|112968|77776|45715|65543|31118|89359|78000|98619|75026|66262|20273|72894|40616|28871|36913|29284|95681|74185|62815|28938|57684|27565|42501|17464|53166|46014|82709|89105|15772|49508|28021|48807|31935|83465|95013|16559|39655|98846|2272|27446|43974|110995|70485|81269|49388|12785|8179|101999|67352|</nitf-meta-content><nitf-meta-content name="_newsmlg2-hashtype=nr-htype:doc-group-content-length">6556</nitf-meta-content><nitf-meta-content name="_newsmlg2-hashtype=nr-htype:doc-group-simple">3853183aa253f1f2cb775fe03a8c76d9c2aa2105</nitf-meta-content><supplier-dtds><dtd dtd-version="working" dtd-date="20151110T00:00:00Z">Canonical Taxonomy</dtd><dtd dtd-version="20151103" dtd-date="20151110T00:00:00Z">Mapping File</dtd></supplier-dtds><copyright-block type="dialog"><service-copyright n-include_guid="Ice671660f30811d88920000083149a14" n-include_collection="D-DIALOGCOPYRIGHTS-T001"/></copyright-block><copyright-block type="west"><service-copyright n-include_guid="I1DA35ED81DD211B281BAD200220BDFCA" n-include_collection="w_wlnv_msg"/></copyright-block><west-citation-block><bop/><first-line-cite><bos/>12/7/15 BANKSVCS (No Page)<eos/></first-line-cite><second-line-cite><bos/>12/7/15 ARKA Banking Services Bull. (Pg. Unavail. Online)<eos/></second-line-cite><westlawcite><bos/>2015 WLNR 36193556<eos/></westlawcite><eop/></west-citation-block></supplier-info><title-info iso-language="en"><bop/><title type="headline" nitf-hedline="hl1" key="key-title"><bos/><sort-title>PRESS-CLIPPING</sort-title><eos/></title><eop/></title-info><pub-info><journal key="key-journal"><bop/><bos/><sort-journal>ARKA Banking Services Bulletin</sort-journal><eos/><eop/></journal><pub-date key="key-date" iso-time="T00:00:00Z" type="date.publication"><full-pub-date>December 7, 2015</full-pub-date><sort-pub-date>20151207</sort-pub-date><sort-pub-timestamp>20151207000000</sort-pub-timestamp><rank-date>20151207</rank-date><currency-timestamp>20151207000000</currency-timestamp></pub-date><original-pub><language iso-language="en">English</language></original-pub><src-data><src-journal-code>ANPY</src-journal-code><src-pub-code>0064119</src-pub-code><src-pub-type>Newsletter</src-pub-type><src-pub-country-wrap><src-pub-country-code>AM</src-pub-country-code><src-pub-country>Armenia</src-pub-country></src-pub-country-wrap><src-pub-region>Europe</src-pub-region></src-data></pub-info><content iso-language="en"><total-char-count>11228</total-char-count><derived-word-count><bop/><bos/>Word Count: 1699<eos/><eop/></derived-word-count><text type="lead-para"><p nitf="lede"><bop/><bos/>A monitoring of Armenian media reports on the local commercial banks performance released over a period between November 30 and December 4 shows that the then top story was that the legislative amendments that increase the amount of government-insured individual deposits 2.5 times have already come into force.<eos/><eop/></p><p nitf="lede"><bop/><bos/>Ameriabank recognized as the best bank in Armenia in 2015 by The Banker that is owned by <cite.query w-seq-number="00001" w-ref-type="MM" w-normalized-cite="canonical_name::FINANCIAL TIMES" ID="I7d6e99409cfc11e598e0a1f49974d74d">Financial Times</cite.query>.<eos/><eop/></p></text><text type="body"><p><bop/><bos/><cite.query w-seq-number="00002" w-ref-type="NM" w-normalized-cite="canonical_name::ROBOTS INC" ID="I7d7799f09cfc11e598e0a1f49974d74d">Robots Inc.</cite.query> (Russia) presented the Bal Robotov (Ball of Robots) project directly initiated by Ameriabank and featuring the world&apos;s most famous robots in Yerevan.<eos/><eop/></p><p><bop/><bos/>ACBA-<cite.query w-seq-number="00003" w-ref-type="NM" w-normalized-cite="canonical_name::CREDIT AGRICOLE BANK" ID="I7d8185009cfc11e598e0a1f49974d74d">CREDIT AGRICOLE BANK</cite.query>&apos;s football team has won the amateur mini football tournament held by financial and telecommunications companies.<eos/><eop/></p><p><bop/><bos/>It has also become known from media reports that the bank will conduct next business trainings for representatives of SMEs in February 2016.<eos/><eop/></p><p><bop/><bos/>VTB Bank (Armenia) has made loans secured by golden jewelry more affordable for its clients. <eos/><bos/>Individuals who use Unistream money transfer system in VTB Bank (Armenia) will get a chance to visit their relatives abroad.<eos/><eop/></p><p><bop/><bos/>In the time span from November 30 to December 4 media carried reports about three Armenian banks.<eos/><eop/></p><p><bop/><bos/>Azg, Golos Armenii, Novoe <cite.query w-seq-number="00004" w-ref-type="NM" w-normalized-cite="canonical_name::VREMYA" ID="I7da22c609cfc11e598e0a1f49974d74d">Vremya</cite.query>, Aravot, Delovoy Express, Hayastani Hanrapetutyun, Respublika Armenia, Haykakan Zhamanak, Hayots Ashkhar, Iravunk, Hraparak, Chorrord Ishkhanutyun, Zhamanak, Zhoghovurd and 168 Zham newspapers were used to collect the information. <eos/><bos/>Panarmenian, ARKA, Armbanks, Banks, Arminfo, Finport and Panorama and <cite.query w-seq-number="00005" w-ref-type="MM" w-normalized-cite="canonical_name::EBANK" ID="I7da22c619cfc11e598e0a1f49974d74d">Ebank</cite.query> Internet resources were used as well. ---0--<eos/><eop/></p><section-title>ACBA-CREDIT AGRICOLE BANK&apos;S FOOTBALL TEAM WINS AMATEUR MINI FOOTBALL TOURNAMENT</section-title><p><bop/><bos/>ACBA-<cite.query w-seq-number="00006" w-ref-type="NM" w-normalized-cite="canonical_name::CREDIT AGRICOLE BANK" ID="I7dae13409cfc11e598e0a1f49974d74d">CREDIT AGRICOLE BANK</cite.query>&apos;s football team has won the amateur mini football tournament held by financial and telecommunications companies.<eos/><eop/></p><p><bop/><bos/>The <cite.query w-seq-number="00007" w-ref-type="CO" w-normalized-cite="I4001E103747A11DD8AA8C467EE637EE9" ID="I7dc2acb09cfc11e598e0a1f49974d74d">Bank</cite.query> said in a press release that by defeating their opponents 5: 3, the team has once again won the tournament. <eos/><bos/>The best scorer of the 19th tournament was the ACBA-<cite.query w-seq-number="00008" w-ref-type="NM" w-normalized-cite="canonical_name::CREDIT AGRICOLE BANK" ID="I7dc2acb19cfc11e598e0a1f49974d74d">CREDIT AGRICOLE BANK</cite.query>&apos;s team player Sergey Mkrtchyan, who scored 15 goals. <eos/><bos/>Sources: www.armbanks.am 30.11.2015, www.arka.am 30.11.2015, www.banks.am 30.11.2015<eos/><eop/></p><section-title>ACBA-CREDIT AGRICOLE BANK TO CONDUCT NEXT BUSINESS TRAININGS FOR SMEs IN FEBRUARY 2016</section-title><p><bop/><bos/>ACBA-<cite.query w-seq-number="00009" w-ref-type="NM" w-normalized-cite="canonical_name::CREDIT AGRICOLE BANK" ID="I7dcc70b09cfc11e598e0a1f49974d74d">CREDIT AGRICOLE BANK</cite.query> will conduct next business trainings for representatives of SMEs in February 2016, the press service of the Bank said today.<eos/><eop/></p><p><bop/><bos/>ACBA-<cite.query w-seq-number="00010" w-ref-type="NM" w-normalized-cite="canonical_name::CREDIT AGRICOLE BANK" ID="I7dd91ae09cfc11e598e0a1f49974d74d">CREDIT AGRICOLE BANK</cite.query> is the first bank in Armenia that has started conducting regular business trainings for its customers with a view to promote small and medium-sized businesses throughout all the phases of their work. <eos/><bos/>The first training courses were held from 24 to 27 November.<eos/><eop/></p><p><bop/><bos/>According to a <cite.query w-seq-number="00011" w-ref-type="CO" w-normalized-cite="I4001E103747A11DD8AA8C467EE637EE9" ID="I7defd7309cfc11e598e0a1f49974d74d">Bank</cite.query>&apos;s press release, the participants of business trainings are offered five different topics, designed to provide them with theoretical and practical knowledge for the best management of their businesses and application of a number of marketing tools. <eos/><bos/>The trainings are designed not only for the heads of companies, which are the customers of the bank, but also for the heads of all SMEs who are not the bank&apos;s customers.<eos/><eop/></p><p><bop/><bos/>Sources: www.armbanks.am 30.11.2015, www.arka.am 30.11.2015, www.finport.am 30.11.2015, www.panorama.am/ 27.11.2015, www.arminfo.am 27.11.2015<eos/><eop/></p><section-title>AMERIABANK RECOGNIZED BY THE BANKER AS THE BEST BANK IN ARMENIA IN 2015</section-title><p><bop/><bos/>Ameriabank recognized as the best bank in Armenia in 2015 by The Banker that is owned by <cite.query w-seq-number="00012" w-ref-type="MM" w-normalized-cite="canonical_name::FINANCIAL TIMES" ID="I7e066c709cfc11e598e0a1f49974d74d">Financial Times</cite.query>, the press office of <cite.query w-seq-number="00013" w-ref-type="CO" w-normalized-cite="IC0E94EA04D4211DF8364B0DA947806B1" ID="I7e066c719cfc11e598e0a1f49974d74d">Ameriabank</cite.query> reported on Thursday.<eos/><eop/></p><p><bop/><bos/>The Banker Award is considered the highest mark in banking activity.<eos/><eop/></p><p><bop/><bos/>Organizers said a number of particular criteria were considered in choosing Ameriabank, including the bank&apos;s time-saving smart solutions.<eos/><eop/></p><p><bop/><bos/>Ameriabank&apos;s close cooperation with the <cite.query w-seq-number="00014" w-ref-type="NM" w-normalized-cite="canonical_name::EUROPEAN BANK OF RECONSTRUCTION AND DEVELOPMENT" ID="I7e12c8809cfc11e598e0a1f49974d74d">European Bank of Reconstruction and Development</cite.query> (EBRD), the Netherlands Development Finance Company (FMO), which has resulted in a Subordinated Convertible Loan Agreement with the latter, the first ever such deal in Armenia&apos;s banking history, was taken in consideration as well.<eos/><eop/></p><p><bop/><bos/>Sources: www.arka.am 3.12.2015, www.banks.am 3.12.2015, www.finport.am 3.12.2015, www.banks.am 3.12.2015, www.panorama.am/ 3.12.2015, www.panarmenian.net 3.12.2015, www.arminfo.am 3.12.2015<eos/><eop/></p><section-title>ROBOTS INC. AND AMERIABANK INTRODUCE WORLD&apos;S BEST ROBOTS IN YEREVAN</section-title><p><bop/><bos/>For the first time in this part of the world, <cite.query w-seq-number="00015" w-ref-type="NM" w-normalized-cite="canonical_name::ROBOTS INC" ID="I7e2454b09cfc11e598e0a1f49974d74d">Robots Inc.</cite.query> (Russia) presents the Bal Robotov (Ball of Robots) project directly initiated by Ameriabank and featuring the world&apos;s most famous robots in Yerevan, <cite.query w-seq-number="00016" w-ref-type="CO" w-normalized-cite="IC0E94EA04D4211DF8364B0DA947806B1" ID="I7e2454b19cfc11e598e0a1f49974d74d">Ameriabank</cite.query> said in a press release.<eos/><eop/></p><p><bop/><bos/>The first Ball of Robots was held in Moscow in 2014 to become the most successful ever exhibition project in Russia. <eos/><bos/>The subsequent country tour had breathtaking success in Sochi, Krasnodar, St. Petersburg, Minsk and Yekaterinburg alike.<eos/><eop/></p><p><bop/><bos/>And now for the first time ever Yerevan will host this fascinating exhibition from December 09 until January 10, 2016 (closed days: December 31 and January 01).<eos/><bos/> The exhibition will be held in Yerevan Mall. <eos/><bos/>Special discount rates are offered for children: AMD 2200 on weekdays and AMD 3300 on weekends. <eos/><bos/>Adult tickets will cost AMD 2900 and AMD 3900 respectively. <eos/><bos/>Special rates for group school tours are also available.<eos/><eop/></p><p><bop/><bos/>This unique event will introduce you to the latest developments of engineering through interacting with robots from all over the world, some of which perfectly incorporate the latest trends in robotics, artificial intelligence and robot teaching systems. <eos/><bos/>Since one of the major goals of this project is teaching, special attention is paid to it at all levels from selection of robots to accompanying activities and excursions, etc. <eos/><bos/>Visitors will get to interact personally with each robot, play with them, have fun with them and take photos.<eos/><eop/></p><p><bop/><bos/>The exhibition will feature over 20 interactive robots from various countries and the best of Armenian robotics. <eos/><bos/>Other entertainments include the dancing robot show, quadcopter zone, robolab, Lego brainstorming/robot building sessions, robot programming and robomarket.<eos/><eop/></p><p><bop/><bos/>Sources: www.arka.am 4.12.2015, www.banks.am 4.12.2015, www.finport.am 4.12.2015, www.banks.am 4.12.2015, www.panorama.am/ 4.12.2015<eos/><eop/></p><section-title>VTB BANK (ARMENIA) MAKES GOLD-SECURED LOANS MORE CONVENIENT FOR ITS CLIENTS</section-title><p><bop/><bos/>VTB Bank (Armenia) has made loans secured by golden jewelry more affordable for its clients, the press office of the bank reported on Wednesday.<eos/><eop/></p><p><bop/><bos/>Demand for the gold-secured loans is highest at the market. &quot;<eos/><bos/>When financial resources become necessary and one has golden jewelry, formalization of a gold-secured loan in VTB Bank (Armenia) is a convenient and safe solution,&quot; the pres release says.<eos/><eop/></p><p><bop/><bos/>The loan formalization takes 20 minutes and requires only one visit to the bank.<eos/><eop/></p><p><bop/><bos/>According to the press release, <cite.query w-seq-number="00017" w-ref-type="WC" w-normalized-cite="IF40B3643453D11DD94140014224D2780" ID="I7e2c92109cfc11e598e0a1f49974d74d">VTB Bank (Armenia</cite.query>) extends gold-secured loans to Armenian residents in drams. <eos/><bos/>Only an identification documents and the number of social card are needed.<eos/><eop/></p><p><bop/><bos/>The bank lends no more than AMD 3 million at nominal interest rates starting from 22%.<eos/><eop/></p><p><bop/><bos/>It accepts golden jewelry and diamonds (on jewelry or separately) as pledges.<eos/><eop/></p><p><bop/><bos/>&quot;The bank offers the assessed cost beneficial to clients, and loan-pledge ratio is set at 100%,&quot; the bank&apos;s press office says in the news release. &quot;<eos/><bos/>Assessing the cost of jewelry, the bank doesn&apos;t take into consideration artistic merits and other precious and other stones.&quot;<eos/><eop/></p><p><bop/><bos/>To formalize a loan it is necessary to visit any of the bank&apos;s 65 branches.<eos/><eop/></p><p><bop/><bos/>Sources: www.armbanks.am 2.12.2015, www.banks.am 2.12.2015, www.finport.am 2.12.2015, www.banks.am 2.12.2015, www.arminfo.am 2.12.2015<eos/><eop/></p><section-title>PARTICIPANTS OF VTB BANK (ARMENIA) &apos;THE LUCKY TRANSFER&apos; CAMPAIGN TO GET CHANCE TO VISIT THEIR RELATIVES ABROAD</section-title><p><bop/><bos/>Individuals who use Unistream money transfer system in VTB Bank (Armenia) will get a chance to visit their relatives abroad, the bank&apos;s press office reported on Thursday.<eos/><eop/></p><p><bop/><bos/>VTB Banj (Armenia) has unveiled the results of The Lucky Transfer, its joint campaign with Unistream money transfer system that was launched on August 1, 2015 and wrapped up on November 1, 2015.<eos/><eop/></p><p><bop/><bos/>All those who have received or sent at least three remittances amounting to minimum $1,000 (equivalent sums in drams, euros or Russian rubles on the exchange rate set by the central bank) over the mentioned period via Unistream at <cite.query w-seq-number="00018" w-ref-type="WC" w-normalized-cite="IF40B3643453D11DD94140014224D2780" ID="I7e3592c09cfc11e598e0a1f49974d74d">VTB Bank (Armenia</cite.query>) took part in the campaign.<eos/><eop/></p><p><bop/><bos/>According to the bank&apos;s press release, the 100 most active clients who transferred or received the largest amounts via <cite.query w-seq-number="00019" w-ref-type="NM" w-normalized-cite="canonical_name::UNISTREAM" ID="I7e4c28009cfc11e598e0a1f49974d74d">Unistream</cite.query> took part in a draw where five two-way air tickets were raffled to cities from which the last remittance has been received or where it has been sent.<eos/><eop/></p><p><bop/><bos/>The winners were Armine Hovsepyan, who won a Yerevan-Moscow-Yerevan air ticket, Tsolvard Gevorgyan (the same destination), Liana Gevorgyan (Lyubertsi), Tatevik Shakhtanyan (Moscow) and Rima Navasardyan (Tashkent).<eos/><eop/></p><p><bop/><bos/>Sources: www.armbanks.am 3.12.2015, www.banks.am 3.12.2015, www.finport.am 3.12.2015? www.banks.am 3.12.2015, www.arminfo.am 3.12.2015<eos/><eop/></p><section-title>VTB BANK (ARMENIA) AND MASTERCARD ENCOURAGE EMPLOYEES DEALING WITH SALE OF BANKING CARDS</section-title><p><bop/><bos/>VTB Bank (Armenia) and <cite.query w-seq-number="00020" w-ref-type="MM" w-normalized-cite="canonical_name::MASTERCARD" ID="I7e713c309cfc11e598e0a1f49974d74d">MasterCard</cite.query> international payment system have completed a special incentive campaign designed to encourage the bank&apos;s employees dealing with sale of Cirrus / Maestro, <cite.query w-seq-number="00021" w-ref-type="NM" w-normalized-cite="canonical_name::MASTERCARD STANDARD" ID="I7e713c319cfc11e598e0a1f49974d74d">MasterCard Standard</cite.query> and <cite.query w-seq-number="00022" w-ref-type="NM" w-normalized-cite="canonical_name::MASTERCARD GOLD" ID="I7e713c329cfc11e598e0a1f49974d74d">MasterCard Gold</cite.query> banking cards. <eos/><bos/>It was the second incentive campaign of the bank, the latter said in a press release.<eos/><eop/></p><p><bop/><bos/>According to the press release, the employees engaged in the sale of <cite.query w-seq-number="00023" w-ref-type="MM" w-normalized-cite="canonical_name::MASTERCARD" ID="I7f0bf5909cfc11e598e0a1f49974d74d">MasterCard</cite.query> cards from August 1 to October 30, 2015 were awarded bonuses, while 20 employees with the best results were allowed to participate in a raffle of prizes. <eos/><bos/>The winner of the monetary prize was financial consultant Mkhitar Mkhitaryan from a branch in the town of Aparan.<eos/><eop/></p><p><bop/><bos/>This incentive campaign was launched in May 2015, resulting in a substantial growth in sales of Cirrus / Maestro, <cite.query w-seq-number="00024" w-ref-type="NM" w-normalized-cite="canonical_name::MASTERCARD STANDARD" ID="I7f26d0909cfc11e598e0a1f49974d74d">MasterCard Standard</cite.query> and <cite.query w-seq-number="00025" w-ref-type="NM" w-normalized-cite="canonical_name::MASTERCARD GOLD" ID="I7f26d0919cfc11e598e0a1f49974d74d">MasterCard Gold</cite.query> cards, <cite.query w-seq-number="00026" w-ref-type="WC" w-normalized-cite="IF40B3643453D11DD94140014224D2780" ID="I7f26d0929cfc11e598e0a1f49974d74d">VTB Bank (Armenia</cite.query>) said.<eos/><eop/></p><p><bop/><bos/>Sources: www.armbanks.am 4.12.2015, www.banks.am 4.12.2015, www.finport.am 4.12.2015, www.banks.am 3.12.2015, www.arminfo.am 3.12.2015<eos/><eop/></p><section-title>AMOUNT OF GOVERNMENT-INSURED DEPOSITS IN ARMENIA INCREASED 2.5 TIMES</section-title><p><bop/><bos/>The legislative amendments that increase the amount of government-insured deposits 2.5 times have already come into force, Hermine Harutyunyan, the head of the <cite.query w-seq-number="00027" w-ref-type="MM" w-normalized-cite="canonical_name::DEPOSIT INSURANCE FUND" ID="I7f415d709cfc11e598e0a1f49974d74d">Deposit Insurance Fund</cite.query>, told <cite.query w-seq-number="00028" w-ref-type="NM" w-normalized-cite="canonical_name::ARKA NEWS AGENCY" ID="I7f415d719cfc11e598e0a1f49974d74d">ARKA News Agency</cite.query>.<eos/><eop/></p><p><bop/><bos/>On October 26, the <cite.query w-seq-number="00029" w-ref-type="NM" w-normalized-cite="canonical_name::ARMENIAN NATIONAL ASSEMBLY" ID="I7f5645009cfc11e598e0a1f49974d74d">Armenian National Assembly</cite.query> passed a bill that raises the amount of government-insured private deposits in Armenia&apos;s banks about 2.5 times to <cite.query w-seq-number="00030" w-ref-type="CO" w-normalized-cite="I27218B6541EC11DDAD6B0014224D2780" ID="I7f5645019cfc11e598e0a1f49974d74d">AMD</cite.query> 10 million against the present 4 million for dram deposits and <cite.query w-seq-number="00031" w-ref-type="CO" w-normalized-cite="I27218B6541EC11DDAD6B0014224D2780" ID="I7f5645029cfc11e598e0a1f49974d74d">AMD</cite.query> 5 million against the current 2 million for deposits in foreign currencies.<eos/><eop/></p><p><bop/><bos/>&quot;Amendments apply not only to new deposits that will be formalized after the amendments&apos; entry into legal force, but also to all the deposits formalized before that,&quot; she said.<eos/><eop/></p><p><bop/><bos/>The following scheme is designed for dram and foreign currency deposits: if a dram deposit exceeds AMD 5 million, only the mentioned amount will be insured, if a dram deposit is less than AMD 5 million, it will be fully insured plus a part of a foreign currency deposit, i.e. difference between the dram deposit and <cite.query w-seq-number="00032" w-ref-type="CO" w-normalized-cite="I27218B6541EC11DDAD6B0014224D2780" ID="I7f5c5f809cfc11e598e0a1f49974d74d">AMD</cite.query> 5 million.<eos/><eop/></p><p><bop/><bos/>According to the fund&apos;s figures, individuals&apos; deposits in banks have grown 10 times over one decade to more than AMD 1 086 billion, and the number of depositor has grown six fold to more than 1.7 million.<eos/><eop/></p><p><bop/><bos/>Sources: www.armbanks.am 1.12.2015, www.banks.am 1.12.2015<eos/><eop/></p></text></content><indexing iso-language="en" value-add="machine-generated"><classification-terms><pres-location-block><bop/><bos/><pres-location-wrap><pres-location>Armenia</pres-location><pres-location-code>ISOAM</pres-location-code><alt1-location-code>1AR09</alt1-location-code></pres-location-wrap><pres-location-wrap><pres-location>Asia</pres-location><pres-location-code>GEOASIA</pres-location-code><alt1-location-code>1AS61</alt1-location-code></pres-location-wrap><pres-location-wrap><pres-location>CIS Countries</pres-location><pres-location-code>CISSTAT</pres-location-code><alt1-location-code>1CI64</alt1-location-code></pres-location-wrap><pres-location-wrap><pres-location>Eastern Europe</pres-location><pres-location-code>GEOEEUR</pres-location-code><alt1-location-code>1EA48</alt1-location-code></pres-location-wrap><pres-location-wrap><pres-location>Europe</pres-location><pres-location-code>GEOEUR</pres-location-code><alt1-location-code>1EU83</alt1-location-code></pres-location-wrap><pres-location-wrap><pres-location>Russia</pres-location><pres-location-code>ISORU</pres-location-code><alt1-location-code>1RU33</alt1-location-code></pres-location-wrap><eos/><eop/></pres-location-block></classification-terms><classification-terms><pres-subject-block><bop/><bos/><pres-subject-wrap><pres-subject>Business Management</pres-subject><pres-subject-code>BIZMGMT</pres-subject-code><alt1-subject-code>1BU42</alt1-subject-code></pres-subject-wrap><pres-subject-wrap><pres-subject>CIS</pres-subject><pres-subject-code>GEOCIS</pres-subject-code><alt1-subject-code>1CI65</alt1-subject-code></pres-subject-wrap><pres-subject-wrap><pres-subject>Emerging Market Countries</pres-subject><pres-subject-code>EMERGING</pres-subject-code><alt1-subject-code>1EM65</alt1-subject-code></pres-subject-wrap><pres-subject-wrap><pres-subject>Small Business</pres-subject><pres-subject-code>SMALLBIZ</pres-subject-code><alt1-subject-code>1SM15</alt1-subject-code></pres-subject-wrap><pres-subject-wrap><pres-subject>World Organizations</pres-subject><pres-subject-code>GEOORGS</pres-subject-code><alt1-subject-code>1IN77</alt1-subject-code></pres-subject-wrap><eos/><eop/></pres-subject-block><pres-industry-block><bop/><bos/><pres-industry-wrap><pres-industry>Banking</pres-industry><pres-industry-code>BANKOVER</pres-industry-code><alt1-industry-code>1BA20</alt1-industry-code></pres-industry-wrap><pres-industry-wrap><pres-industry>Banking Services for Small Business</pres-industry><pres-industry-code>BKSMLSRV</pres-industry-code><alt1-industry-code>1BA68</alt1-industry-code></pres-industry-wrap><pres-industry-wrap><pres-industry>Commercial Banking Services</pres-industry><pres-industry-code>BANKCOML</pres-industry-code><alt1-industry-code>1CO19</alt1-industry-code></pres-industry-wrap><pres-industry-wrap><pres-industry>Financial Services</pres-industry><pres-industry-code>FINSVC</pres-industry-code><alt1-industry-code>1FI37</alt1-industry-code></pres-industry-wrap><pres-industry-wrap><pres-industry>Loans</pres-industry><pres-industry-code>LOANS</pres-industry-code><alt1-industry-code>1LO12</alt1-industry-code></pres-industry-wrap><pres-industry-wrap><pres-industry>Press Releases</pres-industry><pres-industry-code>ANNOUNCE</pres-industry-code><alt1-industry-code>1PR19</alt1-industry-code></pres-industry-wrap><pres-industry-wrap><pres-industry>Retail Banking Services</pres-industry><pres-industry-code>RTBNKOVR</pres-industry-code><alt1-industry-code>1RE38</alt1-industry-code></pres-industry-wrap><eos/><eop/></pres-industry-block></classification-terms><classification-terms><rcs-block><rcs>B:126</rcs><rcs>B:125</rcs><rcs>B:128</rcs><rcs>G:B2</rcs><rcs>B:127</rcs><rcs>G:7I</rcs><rcs>G:Y</rcs><rcs>B:131</rcs><rcs>A:E</rcs><rcs>G:B</rcs><rcs>M:32</rcs><rcs>G:A</rcs><rcs>G:K</rcs><rcs>G:38</rcs><rcs>B:129</rcs><rcs>G:AJ</rcs><rcs>M:DU</rcs><rcs>G:1</rcs></rcs-block></classification-terms><extraction-terms><extr-company-block><bop/><bos/><extr-company>168 Zham</extr-company><extr-company-wrap><extr-company-name>168 Zham</extr-company-name><relevancy engine="1C">0.2</relevancy><confidence engine="1C">0.73</confidence></extr-company-wrap><norm-company oa-id="4297575894">ACBA CREDIT AGRICOLE BANK CLOSED JSK</norm-company><norm-company-wrap occur-sequence="8,9"><norm-company-name>ACBA CREDIT AGRICOLE BANK CLOSED JSK</norm-company-name><company-ids><oa-id>4297575894</oa-id></company-ids><company-classification><trbc-wrap><trbc type="RCS">B:128</trbc><trbc type="2012">55101010</trbc><trbc type="perm-id">4294952873</trbc></trbc-wrap></company-classification><relevancy engine="1C">0.2</relevancy><confidence engine="1C">0.78</confidence></norm-company-wrap><norm-company oa-id="5000943280">AMERIABANK CJSC</norm-company><norm-company-wrap occur-sequence="1,4,10,11,12,15,16,17"><norm-company-name>AMERIABANK CJSC</norm-company-name><company-ids><oa-id>5000943280</oa-id></company-ids><company-classification><trbc-wrap><trbc type="RCS">B:1615</trbc><trbc type="2012">5510101010</trbc><trbc type="perm-id">4294951386</trbc></trbc-wrap></company-classification><relevancy engine="1C">0.2</relevancy><confidence engine="1C">0.81</confidence></norm-company-wrap><norm-company oa-id="4295887248">VTB BANK (PUBLIC JOINT STOCK COMPANY)</norm-company><norm-company-wrap occur-sequence="5,6,19,20,21,22,23"><norm-company-name>VTB BANK (PUBLIC JOINT STOCK COMPANY)</norm-company-name><company-ids><oa-id>4295887248</oa-id><ric norm="VTBR.MMO">VTBR.MMO</ric></company-ids><company-classification><trbc-wrap><trbc type="RCS">B:1615</trbc><trbc type="2012">5510101010</trbc><trbc type="perm-id">4294951386</trbc></trbc-wrap></company-classification><relevancy engine="1C">0.2</relevancy><confidence engine="1C">0.89</confidence></norm-company-wrap><norm-company oa-id="4297974179">NETHERLANDS DEVELOPMENT FINANCE COMPANY NV</norm-company><norm-company-wrap occur-sequence="13,14"><norm-company-name>NETHERLANDS DEVELOPMENT FINANCE COMPANY NV</norm-company-name><company-ids><oa-id>4297974179</oa-id></company-ids><company-classification><trbc-wrap><trbc type="RCS">B:1627</trbc><trbc type="2012">5510105010</trbc><trbc type="perm-id">4294951374</trbc></trbc-wrap></company-classification><relevancy engine="1C">0.2</relevancy><confidence engine="1C">1</confidence></norm-company-wrap><norm-company oa-id="4297609336">HOME ROBOTS INC</norm-company><norm-company-wrap occur-sequence="2,3,18"><norm-company-name>HOME ROBOTS INC</norm-company-name><company-ids><oa-id>4297609336</oa-id></company-ids><relevancy engine="1C">0.2</relevancy><confidence engine="1C">0.74</confidence></norm-company-wrap><norm-company oa-id="4295902520">MASTERCARD INC</norm-company><norm-company-wrap occur-sequence="24,25,26,27,28,29,30"><norm-company-name>MASTERCARD INC</norm-company-name><company-ids><oa-id>4295902520</oa-id><ric norm="MA.N">MA.N</ric></company-ids><company-classification><trbc-wrap><trbc type="RCS">B:1236</trbc><trbc type="2012">5220304027</trbc><trbc type="perm-id">4294951765</trbc></trbc-wrap></company-classification><relevancy engine="1C">0.5</relevancy><confidence engine="1C">1</confidence></norm-company-wrap><norm-company oa-id="4295901746">EBANK FINANCIAL SERVICES INC</norm-company><norm-company-wrap occur-sequence="7"><norm-company-name>EBANK FINANCIAL SERVICES INC</norm-company-name><company-ids><oa-id>4295901746</oa-id><ric norm="EBDC.PK">EBDC.PK</ric></company-ids><company-classification><trbc-wrap><trbc type="RCS">B:1615</trbc><trbc type="2012">5510101010</trbc><trbc type="perm-id">4294951386</trbc></trbc-wrap></company-classification><relevancy engine="1C">0.2</relevancy><confidence engine="1C">0.83</confidence></norm-company-wrap><eos/><eop/></extr-company-block></extraction-terms><extraction-terms><extr-person-block><bop/><bos/><extr-person>Maestro</extr-person><extr-person-wrap><extr-person-name>Maestro</extr-person-name><relevancy engine="1C">0.2</relevancy></extr-person-wrap><extr-person>Mkhitar Mkhitaryan</extr-person><extr-person-wrap><extr-person-name>Mkhitar Mkhitaryan</extr-person-name><relevancy engine="1C">0.2</relevancy></extr-person-wrap><extr-person>Sergey Mkrtchyan</extr-person><extr-person-wrap><extr-person-name>Sergey Mkrtchyan</extr-person-name><relevancy engine="1C">0.2</relevancy></extr-person-wrap><extr-person>Hermine Harutyunyan</extr-person><extr-person-wrap><extr-person-name>Hermine Harutyunyan</extr-person-name><relevancy engine="1C">0.2</relevancy></extr-person-wrap><eos/><eop/></extr-person-block></extraction-terms></indexing></document></n-docbody>
</n-document>
<n-document guid="I2614e7709cc611e5b7b983573ac5c229"><n-metadata><metadata.block><md.identifiers><md.cites><md.first.line.cite>12/7/15 NEWS 00:00:00</md.first.line.cite><md.second.line.cite>12/7/15 ARKA News Agency 00:00:00</md.second.line.cite></md.cites><md.uuid>I2614e7709cc611e5b7b983573ac5c229</md.uuid></md.identifiers><md.infotype>news</md.infotype><md.sortkeys><md.ordersequence>f47363bec</md.ordersequence></md.sortkeys><md.descriptions><md.title>SOME $5.35 MILLION TRADED AT NASDAQ OMX ARMENIA STOCK EXCHANGE LAST WEEK</md.title><md.westlawdescrip><md.readlist>READLIST</md.readlist></md.westlawdescrip></md.descriptions><md.dates><md.publisheddatetime>20151207034507</md.publisheddatetime><md.loaddate>20151207</md.loaddate><md.createddatetime>20151207034507</md.createddatetime></md.dates><md.subjects><md.subject><md.pubtype.name/><md.doctype.name>DNR</md.doctype.name><md.doctype.rank/><md.view>CNGE</md.view><md.view>RGEurope</md.view><md.view>PTNewswires</md.view><md.view>ARKANEWS0063786</md.view><md.view>INALLNEWS_ACTEST</md.view><md.view>INFARNEWS_AC</md.view><md.view>MARKETSEIKON_CN</md.view><md.view>MARKETSEIKON</md.view><md.view>CB_ASIAWIRES</md.view><md.view>INWIRES_AC</md.view><md.view>GULF_INTL</md.view><md.view>ININTNEWS_AC</md.view><md.view>ANZ_INTLOS</md.view><md.view>CLEAR_RF</md.view><md.view>INALLNEWS_AC</md.view><md.view>INNEWSINT_PRO</md.view><md.view>INBUSNEWS</md.view><md.view>INNEWSWORLD_PRO</md.view><md.view>INBUSNEWS_AC</md.view></md.subject></md.subjects><md.jurisdictions><md.jurisdiction><md.jurisstate>FE</md.jurisstate></md.jurisdiction></md.jurisdictions><md.publications><md.publication/><md.sourcepubid>ARKANEWS</md.sourcepubid></md.publications><md.royalty><md.royalty.code>84104</md.royalty.code></md.royalty></metadata.block><news.metadata.block><md.text.preview>STOCK MARKETYEREVAN, December 7. /ARKA/. A total of $5.35 million was traded at NASDAQ OMX Armenia stock exchange November 30 to December 4, the press service of the Central Bank of Armenia told ARKA. It said also the average exchange rate of USD</md.text.preview></news.metadata.block><newsplus.recommendable/><n-view>CNGE</n-view><n-view>RGEurope</n-view><n-view>PTNewswires</n-view><n-view>ARKANEWS0063786</n-view><n-view>INALLNEWS_ACTEST</n-view><n-view>INFARNEWS_AC</n-view><n-view>MARKETSEIKON_CN</n-view><n-view>MARKETSEIKON</n-view><n-view>CB_ASIAWIRES</n-view><n-view>INWIRES_AC</n-view><n-view>GULF_INTL</n-view><n-view>ININTNEWS_AC</n-view><n-view>ANZ_INTLOS</n-view><n-view>CLEAR_RF</n-view><n-view>INALLNEWS_AC</n-view><n-view>INNEWSINT_PRO</n-view><n-view>INBUSNEWS</n-view><n-view>INNEWSWORLD_PRO</n-view><n-view>INBUSNEWS_AC</n-view><prism-stylesheet guid="Ia3024d301b6a11d89fc5f34981d3242f"/><prism-clipdate>20151207034507</prism-clipdate></n-metadata>
<n-docbody><document version="1" collection="D-ARKANEWS-T001" first-load-date="20151207034507" ip-product="ARKANEWS" royalty-id="84104" data-model="text" dtd-version="5.2.29" content-type="news" load-language="en" pnac="nNRA0jcgb7" pnac-date="20151207T093736.103"><supplier-info><supplier-num nitf="doc-id" nitf-regsrc="ARKA News Agency" type="accession">980c0001607d1fcf</supplier-num><internal-acc-num db-id="NEPRARKA" type="newz">20151207170.1_V980c0001607d1fcf</internal-acc-num><rec-status><last-load-date>20151207034507</last-load-date><nitf-date ne="datereceived">20151207T09:37:36Z</nitf-date><nitf-date nitf="date-issue">20151207T00:00:00Z</nitf-date><last-provider-update>20151207093736</last-provider-update></rec-status><supplier-copyright>Copyright Â© 2015 ARKA<copyright-year/><copyright-holder>ARKA</copyright-holder></supplier-copyright><supplier-note nitf="urgency" nitf-ed-urg="4"/><nitf-meta-content name="recommendable">0</nitf-meta-content><nitf-meta-content name="_newsmlg2-hashtype=nr-htype:doc-group-fuzzy">18907|98619|46897|57684|31935|39655|28270|10798|93066|29340|103059|88962|16303|51902|31950|46335|61020|66273|22369|7947|33633|90427|61794|72741|103430|28158|29413|37732|15491|56508|102805|67943|56273|112461|4902|33902|57042|24300|95632|21188|15394|95195|72046|19934|15243|45672|85271|74660|</nitf-meta-content><nitf-meta-content name="_newsmlg2-hashtype=nr-htype:doc-group-content-length">598</nitf-meta-content><nitf-meta-content name="_newsmlg2-hashtype=nr-htype:doc-group-simple">468e560e54314f38f40acf572660bce35b14dd0b</nitf-meta-content><supplier-dtds><dtd dtd-version="working" dtd-date="20151110T00:00:00Z">Canonical Taxonomy</dtd><dtd dtd-version="20151103" dtd-date="20151110T00:00:00Z">Mapping File</dtd></supplier-dtds><copyright-block type="dialog"><service-copyright n-include_guid="Ice671660f30811d88920000083149a14" n-include_collection="D-DIALOGCOPYRIGHTS-T001"/></copyright-block><copyright-block type="west"><service-copyright n-include_guid="I1DA35ED81DD211B281BAD200220BDFCA" n-include_collection="w_wlnv_msg"/></copyright-block><west-citation-block><bop/><first-line-cite><bos/>12/7/15 NEWS 00:00:00<eos/></first-line-cite><second-line-cite><bos/>12/7/15 ARKA News Agency 00:00:00<eos/></second-line-cite><eop/></west-citation-block></supplier-info><title-info iso-language="en"><bop/><title type="headline" nitf-hedline="hl1" key="key-title"><bos/><sort-title>SOME $5.35 MILLION TRADED AT <cite.query w-seq-number="00001" w-ref-type="CO" w-normalized-cite="IB3F93E8029C011DF9BD7C7F341E042AB" ID="I3da09ff09cc711e592d99c8fe298361d">NASDAQ</cite.query> OMX ARMENIA STOCK EXCHANGE LAST WEEK</sort-title><eos/></title><eop/></title-info><pub-info><journal key="key-journal"><bop/><bos/><sort-journal>ARKA News Agency</sort-journal><eos/><eop/></journal><pub-date key="key-date" iso-time="T00:00:00Z" type="date.publication"><full-pub-date>December 7, 2015</full-pub-date><sort-pub-date>20151207</sort-pub-date><sort-pub-timestamp>20151207000000</sort-pub-timestamp><rank-date>20151207</rank-date><currency-timestamp>20151207000000</currency-timestamp></pub-date><original-pub><language iso-language="en">English</language></original-pub><src-data><src-journal-code>ANPV</src-journal-code><src-pub-code>0063786</src-pub-code><src-pub-type>Newswire</src-pub-type><src-pub-country-wrap><src-pub-country-code>GE</src-pub-country-code><src-pub-country>Georgia CIS</src-pub-country></src-pub-country-wrap><src-pub-region>Europe</src-pub-region></src-data></pub-info><content iso-language="en"><total-char-count>1113</total-char-count><derived-word-count><bop/><bos/>Word Count: 176<eos/><eop/></derived-word-count><text type="lead-para"><p nitf="lede"><bop/><bos/>STOCK MARKET<eos/><eop/></p><p nitf="lede"><bop/><bos/>YEREVAN, December 7. /ARKA/. <eos/><bos/>A total of $5.35 million was traded at <cite.query w-seq-number="00002" w-ref-type="CO" w-normalized-cite="IB3F93E8029C011DF9BD7C7F341E042AB" ID="I3dbc17309cc711e592d99c8fe298361d">NASDAQ</cite.query> OMX Armenia stock exchange November 30 to December 4, the press service of the <cite.query w-seq-number="00003" w-ref-type="CO" w-normalized-cite="I706C7C4142B311DDA5520014224D2780" ID="I3dbc17319cc711e592d99c8fe298361d">Central Bank of Armenia</cite.query> told <cite.query w-seq-number="00004" w-ref-type="NM" w-normalized-cite="canonical_name::ARKA" ID="I3dbc17329cc711e592d99c8fe298361d">ARKA</cite.query>. <eos/><bos/>It said also the average exchange rate of USD was 484.85 drams and that no transactions with Euros or Russian rubles were effected during the week.<eos/><eop/></p></text><text type="body"><p><bop/><bos/><cite.query w-seq-number="00005" w-ref-type="CO" w-normalized-cite="IB3F93E8029C011DF9BD7C7F341E042AB" ID="I3e8f1ea09cc711e592d99c8fe298361d">NASDAQ</cite.query> OMX Armenia is the new name of the <cite.query w-seq-number="00006" w-ref-type="CO" w-normalized-cite="IFC75AA8441EC11DDAD6B0014224D2780" ID="I3e8f1ea19cc711e592d99c8fe298361d">Armenian Stock Exchange</cite.query> ojsc (renamed on January 27, 2009), however, it is also used to refer jointly to the stock exchange and the Central Depository of Armenia ojsc (CDA), as the both companies have been members of the <cite.query w-seq-number="00007" w-ref-type="CO" w-normalized-cite="I259E58B041EA11DDAD6B0014224D2780" ID="I3e8f1ea29cc711e592d99c8fe298361d">NASDAQ OMX Group, Inc.</cite.query> since early 2008. <eos/><bos/><cite.query w-seq-number="00008" w-ref-type="CO" w-normalized-cite="IB3F93E8029C011DF9BD7C7F341E042AB" ID="I3e8f1ea39cc711e592d99c8fe298361d">NASDAQ</cite.query> OMX Armenia and the <cite.query w-seq-number="00009" w-ref-type="MM" w-normalized-cite="canonical_name::CDA" ID="I3e8f1ea49cc711e592d99c8fe298361d">CDA</cite.query> are the major securities market infrastructure institutions in Armenia. <eos/><bos/>Since their inception in 2000, both companies had operated as self-regulatory organizations established by member broker companies, up until demutualization in 2007. <eos/><bos/><cite.query w-seq-number="00010" w-ref-type="CO" w-normalized-cite="IB3F93E8029C011DF9BD7C7F341E042AB" ID="I3e8f1ea59cc711e592d99c8fe298361d">NASDAQ</cite.query> OMX Armenia is a part of the world&apos;s largest exchange company, the <cite.query w-seq-number="00011" w-ref-type="CO" w-normalized-cite="I259E58B041EA11DDAD6B0014224D2780" ID="I3e8f1ea69cc711e592d99c8fe298361d">NASDAQ OMX Group, Inc.</cite.query> In late June there were 16 companies listed at <cite.query w-seq-number="00012" w-ref-type="CO" w-normalized-cite="IB3F93E8029C011DF9BD7C7F341E042AB" ID="I3e8f1ea79cc711e592d99c8fe298361d">Nasdaq</cite.query> OMX Armenia. <eos/><bos/>($1 - AMD 484.43).<eos/> M.V.-0---<eop/></p></text></content><indexing iso-language="en" value-add="machine-generated"><classification-terms><pres-location-block><bop/><bos/><pres-location-wrap><pres-location>Armenia</pres-location><pres-location-code>ISOAM</pres-location-code><alt1-location-code>1AR09</alt1-location-code></pres-location-wrap><pres-location-wrap><pres-location>CIS Countries</pres-location><pres-location-code>CISSTAT</pres-location-code><alt1-location-code>1CI64</alt1-location-code></pres-location-wrap><pres-location-wrap><pres-location>Eastern Europe</pres-location><pres-location-code>GEOEEUR</pres-location-code><alt1-location-code>1EA48</alt1-location-code></pres-location-wrap><pres-location-wrap><pres-location>Europe</pres-location><pres-location-code>GEOEUR</pres-location-code><alt1-location-code>1EU83</alt1-location-code></pres-location-wrap><eos/><eop/></pres-location-block></classification-terms><classification-terms><pres-subject-block><bop/><bos/><pres-subject-wrap><pres-subject>CIS</pres-subject><pres-subject-code>GEOCIS</pres-subject-code><alt1-subject-code>1CI65</alt1-subject-code></pres-subject-wrap><pres-subject-wrap><pres-subject>Equity Instruments</pres-subject><pres-subject-code>STOCKINS</pres-subject-code><alt1-subject-code>1EQ90</alt1-subject-code></pres-subject-wrap><pres-subject-wrap><pres-subject>Financial Markets</pres-subject><pres-subject-code>BOURSE</pres-subject-code><alt1-subject-code>1FI87</alt1-subject-code></pres-subject-wrap><pres-subject-wrap><pres-subject>Funding Instruments</pres-subject><pres-subject-code>INVSTING</pres-subject-code><alt1-subject-code>1FU41</alt1-subject-code></pres-subject-wrap><pres-subject-wrap><pres-subject>Stock Closings</pres-subject><pres-subject-code>STOCKEND</pres-subject-code><alt1-subject-code>1ST40</alt1-subject-code></pres-subject-wrap><pres-subject-wrap><pres-subject>Stock Markets</pres-subject><pres-subject-code>STOKMRKT</pres-subject-code><alt1-subject-code>1ST45</alt1-subject-code></pres-subject-wrap><pres-subject-wrap><pres-subject>World Organizations</pres-subject><pres-subject-code>GEOORGS</pres-subject-code><alt1-subject-code>1IN77</alt1-subject-code></pres-subject-wrap><eos/><eop/></pres-subject-block><pres-industry-block><bop/><bos/><pres-industry-wrap><pres-industry>Financial Services</pres-industry><pres-industry-code>FINSVC</pres-industry-code><alt1-industry-code>1FI37</alt1-industry-code></pres-industry-wrap><pres-industry-wrap><pres-industry>Investment Management</pres-industry><pres-industry-code>INVSTMAN</pres-industry-code><alt1-industry-code>1IN34</alt1-industry-code></pres-industry-wrap><pres-industry-wrap><pres-industry>Securities Investment</pres-industry><pres-industry-code>PTSECUR</pres-industry-code><alt1-industry-code>1SE57</alt1-industry-code></pres-industry-wrap><eos/><eop/></pres-industry-block></classification-terms><classification-terms><rcs-block><rcs>B:126</rcs><rcs>E:6</rcs><rcs>B:125</rcs><rcs>G:B2</rcs><rcs>G:7I</rcs><rcs>G:Y</rcs><rcs>A:1</rcs><rcs>B:130</rcs><rcs>G:AJ</rcs><rcs>M:DU</rcs><rcs>G:B</rcs><rcs>G:A</rcs></rcs-block></classification-terms><extraction-terms><extr-company-block><bop/><bos/><norm-company oa-id="5000143907">NASDAQ OMX ARMENIA OPEN JSK</norm-company><norm-company-wrap occur-sequence="1,2,3,4,6,7,9"><norm-company-name>NASDAQ OMX ARMENIA OPEN JSK</norm-company-name><company-ids><oa-id>5000143907</oa-id></company-ids><relevancy engine="1C">0.8</relevancy><confidence engine="1C">1</confidence></norm-company-wrap><norm-company oa-id="8589934167">NASDAQ INC</norm-company><norm-company-wrap occur-sequence="5,8"><norm-company-name>NASDAQ INC</norm-company-name><company-ids><oa-id>8589934167</oa-id><ric norm="NDAQ.OQ">NDAQ.OQ</ric></company-ids><company-classification><trbc-wrap><trbc type="RCS">B:1648</trbc><trbc type="2012">5510205010</trbc><trbc type="perm-id">4294951353</trbc></trbc-wrap></company-classification><relevancy engine="1C">0.2</relevancy><confidence engine="1C">0.99</confidence></norm-company-wrap><eos/><eop/></extr-company-block></extraction-terms></indexing></document></n-docbody>
</n-document>
<n-document guid="I478646009a8811e5bc62fa2f895ba469"><n-metadata><metadata.block><md.identifiers><md.cites><md.first.line.cite>12/4/15 NEWS 00:00:00</md.first.line.cite><md.second.line.cite>12/4/15 ARKA News Agency 00:00:00</md.second.line.cite></md.cites><md.uuid>I478646009a8811e5bc62fa2f895ba469</md.uuid></md.identifiers><md.infotype>news</md.infotype><md.sortkeys><md.ordersequence>f47363bec</md.ordersequence></md.sortkeys><md.descriptions><md.title>VTB BANK (ARMENIA) AND MASTERCARD ENCOURAGE EMPLOYEES DEALING WITH SALE OF BANKING CARDS</md.title><md.westlawdescrip><md.readlist>READLIST</md.readlist></md.westlawdescrip></md.descriptions><md.dates><md.publisheddatetime>20151204071411</md.publisheddatetime><md.loaddate>20151204</md.loaddate><md.createddatetime>20151204071411</md.createddatetime></md.dates><md.subjects><md.subject><md.pubtype.name/><md.doctype.name>DNR</md.doctype.name><md.doctype.rank/><md.view>CNGE</md.view><md.view>RGEurope</md.view><md.view>PTNewswires</md.view><md.view>ARKANEWS0063786</md.view><md.view>INALLNEWS_ACTEST</md.view><md.view>INFARNEWS_AC</md.view><md.view>MARKETSEIKON_CN</md.view><md.view>MARKETSEIKON</md.view><md.view>CB_ASIAWIRES</md.view><md.view>INWIRES_AC</md.view><md.view>GULF_INTL</md.view><md.view>ININTNEWS_AC</md.view><md.view>ANZ_INTLOS</md.view><md.view>CLEAR_RF</md.view><md.view>INALLNEWS_AC</md.view><md.view>INNEWSINT_PRO</md.view><md.view>INBUSNEWS</md.view><md.view>INNEWSWORLD_PRO</md.view><md.view>INBUSNEWS_AC</md.view></md.subject></md.subjects><md.jurisdictions><md.jurisdiction><md.jurisstate>FE</md.jurisstate></md.jurisdiction></md.jurisdictions><md.publications><md.publication/><md.sourcepubid>ARKANEWS</md.sourcepubid></md.publications><md.royalty><md.royalty.code>84104</md.royalty.code></md.royalty></metadata.block><news.metadata.block><md.text.preview>BANKING NEWSYEREVAN, December 4. /ARKA/. VTB Bank (Armenia) and MasterCard international payment system have completed a special incentive campaign designed to encourage the bank&apos;s employees dealing with sale of Cirrus / Maestro, MasterCard</md.text.preview></news.metadata.block><newsplus.recommendable>1</newsplus.recommendable><n-view>CNGE</n-view><n-view>RGEurope</n-view><n-view>PTNewswires</n-view><n-view>ARKANEWS0063786</n-view><n-view>INALLNEWS_ACTEST</n-view><n-view>INFARNEWS_AC</n-view><n-view>MARKETSEIKON_CN</n-view><n-view>MARKETSEIKON</n-view><n-view>CB_ASIAWIRES</n-view><n-view>INWIRES_AC</n-view><n-view>GULF_INTL</n-view><n-view>ININTNEWS_AC</n-view><n-view>ANZ_INTLOS</n-view><n-view>CLEAR_RF</n-view><n-view>INALLNEWS_AC</n-view><n-view>INNEWSINT_PRO</n-view><n-view>INBUSNEWS</n-view><n-view>INNEWSWORLD_PRO</n-view><n-view>INBUSNEWS_AC</n-view><prism-stylesheet guid="Ia3024d301b6a11d89fc5f34981d3242f"/><prism-clipdate>20151204071411</prism-clipdate></n-metadata>
<n-docbody><document version="1" collection="D-ARKANEWS-T001" first-load-date="20151204071411" ip-product="ARKANEWS" royalty-id="84104" data-model="text" dtd-version="5.2.29" content-type="news" load-language="en" pnac="nNRA0j1sn9" pnac-date="20151204T130941.088"><supplier-info><supplier-num nitf="doc-id" nitf-regsrc="ARKA News Agency" type="accession">736b000212142343</supplier-num><internal-acc-num db-id="NEPRARKA" type="newz">20151204170.1_V736b000212142343</internal-acc-num><rec-status><last-load-date>20151204071411</last-load-date><nitf-date ne="datereceived">20151204T13:09:41Z</nitf-date><nitf-date nitf="date-issue">20151204T00:00:00Z</nitf-date><last-provider-update>20151204130941</last-provider-update></rec-status><supplier-copyright>Copyright Â© 2015 ARKA<copyright-year/><copyright-holder>ARKA</copyright-holder></supplier-copyright><supplier-note nitf="urgency" nitf-ed-urg="4"/><nitf-meta-content name="recommendable">1</nitf-meta-content><nitf-meta-content name="_newsmlg2-hashtype=nr-htype:doc-group-fuzzy">112968|92714|65543|98619|53166|31935|2272|67744|746|90764|55954|99237|75436|109315|11261|43136|94284|88087|14116|50902|99491|4676|38152|35628|24173|108407|59907|77272|43104|66164|37354|112565|109135|97181|84346|7947|106470|35577|44163|32865|19344|94538|83179|107324|63698|52237|58152|36249|84775|61609|62908|63751|36568|8782|110837|112461|11769|46919|110092|104980|</nitf-meta-content><nitf-meta-content name="_newsmlg2-hashtype=nr-htype:doc-group-content-length">863</nitf-meta-content><nitf-meta-content name="_newsmlg2-hashtype=nr-htype:doc-group-simple">-750d44ac79d8e71bdfd19fc7cfaf3785dd5cfbb</nitf-meta-content><supplier-dtds><dtd dtd-version="working" dtd-date="20151110T00:00:00Z">Canonical Taxonomy</dtd><dtd dtd-version="20151103" dtd-date="20151110T00:00:00Z">Mapping File</dtd></supplier-dtds><copyright-block type="dialog"><service-copyright n-include_guid="Ice671660f30811d88920000083149a14" n-include_collection="D-DIALOGCOPYRIGHTS-T001"/></copyright-block><copyright-block type="west"><service-copyright n-include_guid="I1DA35ED81DD211B281BAD200220BDFCA" n-include_collection="w_wlnv_msg"/></copyright-block><west-citation-block><bop/><first-line-cite><bos/>12/4/15 NEWS 00:00:00<eos/></first-line-cite><second-line-cite><bos/>12/4/15 ARKA News Agency 00:00:00<eos/></second-line-cite><eop/></west-citation-block></supplier-info><title-info iso-language="en"><bop/><title type="headline" nitf-hedline="hl1" key="key-title"><bos/><sort-title><cite.query w-seq-number="00001" w-ref-type="CO" w-normalized-cite="IB9397CB0D0D811DF98F8FD3889AD24A2" ID="I01c31f709a8911e5b3b2cc2ad1e36ff3">VTB BANK</cite.query> (ARMENIA) AND <cite.query w-seq-number="00002" w-ref-type="MM" w-normalized-cite="canonical_name::MASTERCARD" ID="I01c31f719a8911e5b3b2cc2ad1e36ff3">MASTERCARD</cite.query> ENCOURAGE EMPLOYEES DEALING WITH SALE OF BANKING CARDS</sort-title><eos/></title><eop/></title-info><pub-info><journal key="key-journal"><bop/><bos/><sort-journal>ARKA News Agency</sort-journal><eos/><eop/></journal><pub-date key="key-date" iso-time="T00:00:00Z" type="date.publication"><full-pub-date>December 4, 2015</full-pub-date><sort-pub-date>20151204</sort-pub-date><sort-pub-timestamp>20151204000000</sort-pub-timestamp><rank-date>20151204</rank-date><currency-timestamp>20151204000000</currency-timestamp></pub-date><original-pub><language iso-language="en">English</language></original-pub><src-data><src-journal-code>ANPV</src-journal-code><src-pub-code>0063786</src-pub-code><src-pub-type>Newswire</src-pub-type><src-pub-country-wrap><src-pub-country-code>GE</src-pub-country-code><src-pub-country>Georgia CIS</src-pub-country></src-pub-country-wrap><src-pub-region>Europe</src-pub-region></src-data></pub-info><content iso-language="en"><total-char-count>1301</total-char-count><derived-word-count><bop/><bos/>Word Count: 200<eos/><eop/></derived-word-count><text type="lead-para"><p nitf="lede"><bop/><bos/>BANKING NEWS<eos/><eop/></p><p nitf="lede"><bop/><bos/>YEREVAN, December 4. /ARKA/. <eos/><bos/>VTB Bank (Armenia) and <cite.query w-seq-number="00003" w-ref-type="MM" w-normalized-cite="canonical_name::MASTERCARD" ID="I01dff6409a8911e5b3b2cc2ad1e36ff3">MasterCard</cite.query> international payment system have completed a special incentive campaign designed to encourage the bank&apos;s employees dealing with sale of Cirrus / Maestro, <cite.query w-seq-number="00004" w-ref-type="NM" w-normalized-cite="canonical_name::MASTERCARD STANDARD" ID="I01dff6419a8911e5b3b2cc2ad1e36ff3">MasterCard Standard</cite.query> and <cite.query w-seq-number="00005" w-ref-type="NM" w-normalized-cite="canonical_name::MASTERCARD GOLD" ID="I01dff6429a8911e5b3b2cc2ad1e36ff3">MasterCard Gold</cite.query> banking cards. <eos/><bos/>It was the second incentive campaign of the bank, the latter said in a press release.<eos/><eop/></p></text><text type="body"><p><bop/><bos/>According to the press release, the employees engaged in the sale of <cite.query w-seq-number="00006" w-ref-type="MM" w-normalized-cite="canonical_name::MASTERCARD" ID="I01ea2f709a8911e5b3b2cc2ad1e36ff3">MasterCard</cite.query> cards from August 1 to October 30, 2015 were awarded bonuses, while 20 employees with the best results were allowed to participate in a raffle of prizes. <eos/><bos/>The winner of the monetary prize was financial consultant Mkhitar Mkhitaryan from a branch in the town of Aparan.<eos/><eop/></p><p><bop/><bos/>This incentive campaign was launched in May 2015, resulting in a substantial growth in sales of Cirrus / Maestro, <cite.query w-seq-number="00007" w-ref-type="NM" w-normalized-cite="canonical_name::MASTERCARD STANDARD" ID="I02066a009a8911e5b3b2cc2ad1e36ff3">MasterCard Standard</cite.query> and <cite.query w-seq-number="00008" w-ref-type="NM" w-normalized-cite="canonical_name::MASTERCARD GOLD" ID="I02066a019a8911e5b3b2cc2ad1e36ff3">MasterCard Gold</cite.query> cards, <cite.query w-seq-number="00009" w-ref-type="WC" w-normalized-cite="IF40B3643453D11DD94140014224D2780" ID="I02066a029a8911e5b3b2cc2ad1e36ff3">VTB Bank (Armenia</cite.query>) said.<eos/><eop/></p><p><bop/><bos/>VTB Bank (Armenia) CEO Yuri Gusev is quoted as saying that incentive campaigns are instrumental in raising the professional skills and motivation of employees.<eos/><eop/></p><p><bop/><bos/>&quot;We appreciate our colleagues who are not only professional, but also show initiative and commitment,&apos; he said.<eos/><eop/></p><p><bop/><bos/>VTB Bank (Armenia) is entirely owned by <cite.query w-seq-number="00010" w-ref-type="NM" w-normalized-cite="canonical_name::RUSSIAN VTB BANK" ID="I020f1c909a8911e5b3b2cc2ad1e36ff3">Russian VTB Bank</cite.query>. <eos/><bos/>It runs 67 branches across Armenia, more than any other local bank. -0-<eos/><eop/></p></text></content><indexing iso-language="en" value-add="machine-generated"><classification-terms><pres-location-block><bop/><bos/><pres-location-wrap><pres-location>Armenia</pres-location><pres-location-code>ISOAM</pres-location-code><alt1-location-code>1AR09</alt1-location-code></pres-location-wrap><pres-location-wrap><pres-location>CIS Countries</pres-location><pres-location-code>CISSTAT</pres-location-code><alt1-location-code>1CI64</alt1-location-code></pres-location-wrap><pres-location-wrap><pres-location>Eastern Europe</pres-location><pres-location-code>GEOEEUR</pres-location-code><alt1-location-code>1EA48</alt1-location-code></pres-location-wrap><pres-location-wrap><pres-location>Europe</pres-location><pres-location-code>GEOEUR</pres-location-code><alt1-location-code>1EU83</alt1-location-code></pres-location-wrap><eos/><eop/></pres-location-block></classification-terms><classification-terms><pres-subject-block><bop/><bos/><pres-subject-wrap><pres-subject>CIS</pres-subject><pres-subject-code>GEOCIS</pres-subject-code><alt1-subject-code>1CI65</alt1-subject-code></pres-subject-wrap><pres-subject-wrap><pres-subject>World Organizations</pres-subject><pres-subject-code>GEOORGS</pres-subject-code><alt1-subject-code>1IN77</alt1-subject-code></pres-subject-wrap><eos/><eop/></pres-subject-block><pres-industry-block><bop/><bos/><pres-industry-wrap><pres-industry>Banking</pres-industry><pres-industry-code>BANKOVER</pres-industry-code><alt1-industry-code>1BA20</alt1-industry-code></pres-industry-wrap><pres-industry-wrap><pres-industry>Credit, Debit &amp; Value Cards</pres-industry><pres-industry-code>CCARDS</pres-industry-code><alt1-industry-code>1CR28</alt1-industry-code></pres-industry-wrap><pres-industry-wrap><pres-industry>Financial Services</pres-industry><pres-industry-code>FINSVC</pres-industry-code><alt1-industry-code>1FI37</alt1-industry-code></pres-industry-wrap><pres-industry-wrap><pres-industry>Retail Banking Services</pres-industry><pres-industry-code>RTBNKOVR</pres-industry-code><alt1-industry-code>1RE38</alt1-industry-code></pres-industry-wrap><eos/><eop/></pres-industry-block></classification-terms><classification-terms><rcs-block><rcs>B:126</rcs><rcs>B:125</rcs><rcs>B:128</rcs><rcs>G:B2</rcs><rcs>B:127</rcs><rcs>G:7I</rcs><rcs>G:Y</rcs><rcs>B:129</rcs><rcs>G:AJ</rcs><rcs>M:DU</rcs><rcs>G:B</rcs><rcs>G:A</rcs></rcs-block></classification-terms><extraction-terms><extr-company-block><bop/><bos/><norm-company oa-id="4295887248">VTB BANK (PUBLIC JOINT STOCK COMPANY)</norm-company><norm-company-wrap occur-sequence="1,3,10,11,12"><norm-company-name>VTB BANK (PUBLIC JOINT STOCK COMPANY)</norm-company-name><company-ids><oa-id>4295887248</oa-id><ric norm="VTBR.MMO">VTBR.MMO</ric></company-ids><company-classification><trbc-wrap><trbc type="RCS">B:1615</trbc><trbc type="2012">5510101010</trbc><trbc type="perm-id">4294951386</trbc></trbc-wrap></company-classification><relevancy engine="1C">0.8</relevancy><confidence engine="1C">0.95</confidence></norm-company-wrap><norm-company oa-id="4295902520">MASTERCARD INC</norm-company><norm-company-wrap occur-sequence="2,4,5,6,7,8,9"><norm-company-name>MASTERCARD INC</norm-company-name><company-ids><oa-id>4295902520</oa-id><ric norm="MA.N">MA.N</ric></company-ids><company-classification><trbc-wrap><trbc type="RCS">B:1236</trbc><trbc type="2012">5220304027</trbc><trbc type="perm-id">4294951765</trbc></trbc-wrap></company-classification><relevancy engine="1C">0.8</relevancy><confidence engine="1C">0.99</confidence></norm-company-wrap><eos/><eop/></extr-company-block></extraction-terms><extraction-terms><extr-person-block><bop/><bos/><extr-person>Maestro</extr-person><extr-person-wrap><extr-person-name>Maestro</extr-person-name><relevancy engine="1C">0.2</relevancy></extr-person-wrap><extr-person>Mkhitar Mkhitaryan</extr-person><extr-person-wrap><extr-person-name>Mkhitar Mkhitaryan</extr-person-name><relevancy engine="1C">0.2</relevancy></extr-person-wrap><extr-person>Yuri Gusev</extr-person><extr-person-wrap><extr-person-name>Yuri Gusev</extr-person-name><relevancy engine="1C">0.2</relevancy></extr-person-wrap><eos/><eop/></extr-person-block></extraction-terms></indexing></document></n-docbody>
</n-document>
<n-document guid="I28eae2d09aad11e59d8acb17d7a99d6b"><n-metadata><metadata.block><md.identifiers><md.cites><md.first.line.cite>12/4/15 NEWS 00:00:00</md.first.line.cite><md.second.line.cite>12/4/15 ARKA News Agency 00:00:00</md.second.line.cite></md.cites><md.uuid>I28eae2d09aad11e59d8acb17d7a99d6b</md.uuid></md.identifiers><md.infotype>news</md.infotype><md.sortkeys><md.ordersequence>f47363bec</md.ordersequence></md.sortkeys><md.descriptions><md.title>ROBOTS INC. AND AMERIABANK INTRODUCE WORLD&apos;S BEST ROBOTS IN YEREVAN</md.title><md.westlawdescrip><md.readlist>READLIST</md.readlist></md.westlawdescrip></md.descriptions><md.dates><md.publisheddatetime>20151204114016</md.publisheddatetime><md.loaddate>20151204</md.loaddate><md.createddatetime>20151204114016</md.createddatetime></md.dates><md.subjects><md.subject><md.pubtype.name/><md.doctype.name>DNR</md.doctype.name><md.doctype.rank/><md.view>CNGE</md.view><md.view>RGEurope</md.view><md.view>PTNewswires</md.view><md.view>ARKANEWS0063786</md.view><md.view>INALLNEWS_ACTEST</md.view><md.view>INFARNEWS_AC</md.view><md.view>MARKETSEIKON_CN</md.view><md.view>MARKETSEIKON</md.view><md.view>CB_ASIAWIRES</md.view><md.view>INWIRES_AC</md.view><md.view>GULF_INTL</md.view><md.view>ININTNEWS_AC</md.view><md.view>ANZ_INTLOS</md.view><md.view>CLEAR_RF</md.view><md.view>INALLNEWS_AC</md.view><md.view>INNEWSINT_PRO</md.view><md.view>INBUSNEWS</md.view><md.view>INNEWSWORLD_PRO</md.view><md.view>INBUSNEWS_AC</md.view></md.subject></md.subjects><md.jurisdictions><md.jurisdiction><md.jurisstate>FE</md.jurisstate></md.jurisdiction></md.jurisdictions><md.publications><md.publication/><md.sourcepubid>ARKANEWS</md.sourcepubid></md.publications><md.royalty><md.royalty.code>84104</md.royalty.code></md.royalty></metadata.block><news.metadata.block><md.text.preview>INFORMATION TECHNOLOGIESYEREVAN, December 4. /ARKA/. For the first time in this part of the world, Robots Inc. (Russia) presents the Bal Robotov (Ball of Robots) project directly initiated by Ameriabank and featuring the world&apos;s most famous robots</md.text.preview></news.metadata.block><newsplus.recommendable>1</newsplus.recommendable><n-view>CNGE</n-view><n-view>RGEurope</n-view><n-view>PTNewswires</n-view><n-view>ARKANEWS0063786</n-view><n-view>INALLNEWS_ACTEST</n-view><n-view>INFARNEWS_AC</n-view><n-view>MARKETSEIKON_CN</n-view><n-view>MARKETSEIKON</n-view><n-view>CB_ASIAWIRES</n-view><n-view>INWIRES_AC</n-view><n-view>GULF_INTL</n-view><n-view>ININTNEWS_AC</n-view><n-view>ANZ_INTLOS</n-view><n-view>CLEAR_RF</n-view><n-view>INALLNEWS_AC</n-view><n-view>INNEWSINT_PRO</n-view><n-view>INBUSNEWS</n-view><n-view>INNEWSWORLD_PRO</n-view><n-view>INBUSNEWS_AC</n-view><prism-stylesheet guid="Ia3024d301b6a11d89fc5f34981d3242f"/><prism-clipdate>20151204114016</prism-clipdate></n-metadata>
<n-docbody><document version="1" collection="D-ARKANEWS-T001" first-load-date="20151204114016" ip-product="ARKANEWS" royalty-id="84104" data-model="text" dtd-version="5.2.29" content-type="news" load-language="en" pnac="nNRA0j2wbd" pnac-date="20151204T173341.117"><supplier-info><supplier-num nitf="doc-id" nitf-regsrc="ARKA News Agency" type="accession">97cb000e441fe75b</supplier-num><internal-acc-num db-id="NEPRARKA" type="newz">20151204170.1_V97cb000e441fe75b</internal-acc-num><rec-status><last-load-date>20151204114016</last-load-date><nitf-date ne="datereceived">20151204T17:33:41Z</nitf-date><nitf-date nitf="date-issue">20151204T00:00:00Z</nitf-date><last-provider-update>20151204173341</last-provider-update></rec-status><supplier-copyright>Copyright Â© 2015 ARKA<copyright-year/><copyright-holder>ARKA</copyright-holder></supplier-copyright><supplier-note nitf="urgency" nitf-ed-urg="4"/><nitf-meta-content name="recommendable">1</nitf-meta-content><nitf-meta-content name="_newsmlg2-hashtype=nr-htype:doc-group-fuzzy">93792|62653|58846|55705|95925|60069|77776|30112|89359|78000|98619|74067|66262|72894|40616|36913|28938|57684|5128|46803|46014|27228|38830|89105|44801|70488|11908|23944|48807|31935|16559|39223|39655|25907|34190|43974|31202|112700|81269|49388|92589|8179|86929|9889|9453|74097|74877|54415|23003|44251|11053|109972|36121|29035|67115|29544|102105|82487|95210|82398|</nitf-meta-content><nitf-meta-content name="_newsmlg2-hashtype=nr-htype:doc-group-content-length">2433</nitf-meta-content><nitf-meta-content name="_newsmlg2-hashtype=nr-htype:doc-group-simple">-41c31ff368582aad213cd74e6ee54b76190c2884</nitf-meta-content><supplier-dtds><dtd dtd-version="working" dtd-date="20151110T00:00:00Z">Canonical Taxonomy</dtd><dtd dtd-version="20151103" dtd-date="20151110T00:00:00Z">Mapping File</dtd></supplier-dtds><copyright-block type="dialog"><service-copyright n-include_guid="Ice671660f30811d88920000083149a14" n-include_collection="D-DIALOGCOPYRIGHTS-T001"/></copyright-block><copyright-block type="west"><service-copyright n-include_guid="I1DA35ED81DD211B281BAD200220BDFCA" n-include_collection="w_wlnv_msg"/></copyright-block><west-citation-block><bop/><first-line-cite><bos/>12/4/15 NEWS 00:00:00<eos/></first-line-cite><second-line-cite><bos/>12/4/15 ARKA News Agency 00:00:00<eos/></second-line-cite><eop/></west-citation-block></supplier-info><title-info iso-language="en"><bop/><title type="headline" nitf-hedline="hl1" key="key-title"><bos/><sort-title><cite.query w-seq-number="00001" w-ref-type="NM" w-normalized-cite="canonical_name::ROBOTS INC" ID="I2fefa6509aae11e5b2c5970881a1e5db">ROBOTS INC.</cite.query> AND AMERIABANK INTRODUCE WORLD&apos;S BEST ROBOTS IN YEREVAN</sort-title><eos/></title><eop/></title-info><pub-info><journal key="key-journal"><bop/><bos/><sort-journal>ARKA News Agency</sort-journal><eos/><eop/></journal><pub-date key="key-date" iso-time="T00:00:00Z" type="date.publication"><full-pub-date>December 4, 2015</full-pub-date><sort-pub-date>20151204</sort-pub-date><sort-pub-timestamp>20151204000000</sort-pub-timestamp><rank-date>20151204</rank-date><currency-timestamp>20151204000000</currency-timestamp></pub-date><original-pub><language iso-language="en">English</language></original-pub><src-data><src-journal-code>ANPV</src-journal-code><src-pub-code>0063786</src-pub-code><src-pub-type>Newswire</src-pub-type><src-pub-country-wrap><src-pub-country-code>GE</src-pub-country-code><src-pub-country>Georgia CIS</src-pub-country></src-pub-country-wrap><src-pub-region>Europe</src-pub-region></src-data></pub-info><content iso-language="en"><total-char-count>3611</total-char-count><derived-word-count><bop/><bos/>Word Count: 540<eos/><eop/></derived-word-count><text type="lead-para"><p nitf="lede"><bop/><bos/><cite.query w-seq-number="00002" w-ref-type="WC" w-normalized-cite="I76DF065242BE11DDA1BC0014224D2780" ID="I2ffd3ae09aae11e5b2c5970881a1e5db">INFORMATION TECHNOLOGIES</cite.query><eos/><eop/></p><p nitf="lede"><bop/><bos/>YEREVAN, December 4. /ARKA/. <eos/><bos/>For the first time in this part of the world, <cite.query w-seq-number="00003" w-ref-type="NM" w-normalized-cite="canonical_name::ROBOTS INC" ID="I300f3c409aae11e5b2c5970881a1e5db">Robots Inc.</cite.query> (Russia) presents the Bal Robotov (Ball of Robots) project directly initiated by Ameriabank and featuring the world&apos;s most famous robots in Yerevan, <cite.query w-seq-number="00004" w-ref-type="CO" w-normalized-cite="IC0E94EA04D4211DF8364B0DA947806B1" ID="I300f3c419aae11e5b2c5970881a1e5db">Ameriabank</cite.query> said in a press release.<eos/><eop/></p></text><text type="body"><p><bop/><bos/>The first Ball of Robots was held in Moscow in 2014 to become the most successful ever exhibition project in Russia. <eos/><bos/>The subsequent country tour had breathtaking success in Sochi, Krasnodar, St. Petersburg, Minsk and Yekaterinburg alike.<eos/><eop/></p><p><bop/><bos/>And now for the first time ever Yerevan will host this fascinating exhibition from December 09 until January 10, 2016 (closed days: December 31 and January 01).<eos/><bos/> The exhibition will be held in Yerevan Mall. <eos/><bos/>Special discount rates are offered for children: AMD 2200 on weekdays and AMD 3300 on weekends. <eos/><bos/>Adult tickets will cost AMD 2900 and AMD 3900 respectively. <eos/><bos/>Special rates for group school tours are also available.<eos/><eop/></p><p><bop/><bos/>This unique event will introduce you to the latest developments of engineering through interacting with robots from all over the world, some of which perfectly incorporate the latest trends in robotics, artificial intelligence and robot teaching systems. <eos/><bos/>Since one of the major goals of this project is teaching, special attention is paid to it at all levels from selection of robots to accompanying activities and excursions, etc. <eos/><bos/>Visitors will get to interact personally with each robot, play with them, have fun with them and take photos.<eos/><eop/></p><p><bop/><bos/>The exhibition will feature over 20 interactive robots from various countries and the best of Armenian robotics. <eos/><bos/>Other entertainments include the dancing robot show, quadcopter zone, robolab, Lego brainstorming/robot building sessions, robot programming and robomarket.<eos/><eop/></p><p><bop/><bos/>Among the robots will be the celebrated RoboThespian - a life-sized humanoid robot and one of the world&apos;s most cutting-edge and emotional robots. <eos/><bos/>It can interact with humans, imitate their movements, sing, dance, laugh, cry and even recite Shakespeare due to which it has already been featured in quite a few modern stage plays. <eos/><bos/>RoboThespian even performed onstage at the CeBit opening ceremony in 2014 in front of German Chancellor Angela Merkel and British Prime Minister David Cameron.<eos/><eop/></p><p><bop/><bos/>Another guest in Yerevan is therapeutic robot Paro from Japan designed to administer the documented benefits of animal therapy to patients in hospitals and nursing homes; also <cite.query w-seq-number="00005" w-ref-type="MM" w-normalized-cite="canonical_name::BAXTER" ID="I30a191309aae11e5b2c5970881a1e5db">Baxter</cite.query> from the US performing various industrial operations, robowaiter Yosha from Ukraine, RoboFootball from South Korea and many other interesting robots with diverse functionalities.<eos/><eop/></p><p><bop/><bos/>Giving high importance to the role of this event in social life in Armenia, <cite.query w-seq-number="00006" w-ref-type="CO" w-normalized-cite="IC0E94EA04D4211DF8364B0DA947806B1" ID="I30d795509aae11e5b2c5970881a1e5db">Ameriabank</cite.query> has involved its partners in the organization process. <eos/><bos/>Major partners of the Ball of Robots are Yerevan Mall and Yerevan Production, while &quot;INGO ARMENIA&quot; ICJSC provides insurance for robots and &quot;Panarmenian Media Group&quot; CJSC informational support. <eos/><bos/>Partners are Aray Electronics Chain, Technolife, Russkoye Radio and Radio Van, Matit, Creato and The Twenty Two design companies, <cite.query w-seq-number="00007" w-ref-type="NM" w-normalized-cite="canonical_name::TUMO CENTER FOR CREATIVE TECHNOLOGIES" ID="I30d795519aae11e5b2c5970881a1e5db">Tumo Center for Creative Technologies</cite.query>, UITE, Ayb School, UNITY Production, GAT Cutting, ImYerevan.com and cult.am and <cite.query w-seq-number="00008" w-ref-type="NM" w-normalized-cite="canonical_name::ASTGHIK PUBLISHING HOUSE" ID="I30d795529aae11e5b2c5970881a1e5db">Astghik Publishing House</cite.query>.<eos/><eop/></p><p><bop/><bos/>Ameriabank is a dynamically developing bank and one of the major and most stable financial institutions in Armenia. <eos/><bos/>The first investment bank in Armenia, Ameriabank has been providing a large package of innovative banking services since 2007. <eos/><bos/>Now Ameriabank CJSC is a universal bank offering corporate, investment and retail banking services in a comprehensive package of banking solutions. -0-<eos/><eop/></p></text></content><indexing iso-language="en" value-add="machine-generated"><classification-terms><pres-location-block><bop/><bos/><pres-location-wrap><pres-location>Armenia</pres-location><pres-location-code>ISOAM</pres-location-code><alt1-location-code>1AR09</alt1-location-code></pres-location-wrap><pres-location-wrap><pres-location>Asia</pres-location><pres-location-code>GEOASIA</pres-location-code><alt1-location-code>1AS61</alt1-location-code></pres-location-wrap><pres-location-wrap><pres-location>CIS Countries</pres-location><pres-location-code>CISSTAT</pres-location-code><alt1-location-code>1CI64</alt1-location-code></pres-location-wrap><pres-location-wrap><pres-location>Eastern Europe</pres-location><pres-location-code>GEOEEUR</pres-location-code><alt1-location-code>1EA48</alt1-location-code></pres-location-wrap><pres-location-wrap><pres-location>Europe</pres-location><pres-location-code>GEOEUR</pres-location-code><alt1-location-code>1EU83</alt1-location-code></pres-location-wrap><pres-location-wrap><pres-location>Russia</pres-location><pres-location-code>ISORU</pres-location-code><alt1-location-code>1RU33</alt1-location-code></pres-location-wrap><eos/><eop/></pres-location-block></classification-terms><classification-terms><pres-subject-block><bop/><bos/><pres-subject-wrap><pres-subject>CIS</pres-subject><pres-subject-code>GEOCIS</pres-subject-code><alt1-subject-code>1CI65</alt1-subject-code></pres-subject-wrap><pres-subject-wrap><pres-subject>Emerging Market Countries</pres-subject><pres-subject-code>EMERGING</pres-subject-code><alt1-subject-code>1EM65</alt1-subject-code></pres-subject-wrap><pres-subject-wrap><pres-subject>World Organizations</pres-subject><pres-subject-code>GEOORGS</pres-subject-code><alt1-subject-code>1IN77</alt1-subject-code></pres-subject-wrap><eos/><eop/></pres-subject-block><pres-industry-block><bop/><bos/><pres-industry-wrap><pres-industry>Artificial Intelligence</pres-industry><pres-industry-code>SOFAI</pres-industry-code><alt1-industry-code>1AR14</alt1-industry-code></pres-industry-wrap><pres-industry-wrap><pres-industry>Automobiles</pres-industry><pres-industry-code>AUTOMODL</pres-industry-code><alt1-industry-code>1AU45</alt1-industry-code></pres-industry-wrap><pres-industry-wrap><pres-industry>Automotive</pres-industry><pres-industry-code>AUTONEWS</pres-industry-code><alt1-industry-code>1AU29</alt1-industry-code></pres-industry-wrap><pres-industry-wrap><pres-industry>Automotive Factory Automation</pres-industry><pres-industry-code>AUTOFAUT</pres-industry-code><alt1-industry-code>1AU78</alt1-industry-code></pres-industry-wrap><pres-industry-wrap><pres-industry>Automotive Manufacturing</pres-industry><pres-industry-code>CARPLANT</pres-industry-code><alt1-industry-code>1AU46</alt1-industry-code></pres-industry-wrap><pres-industry-wrap><pres-industry>Automotive Technology</pres-industry><pres-industry-code>AUTOTECH</pres-industry-code><alt1-industry-code>1AU48</alt1-industry-code></pres-industry-wrap><pres-industry-wrap><pres-industry>Computer Equipment</pres-industry><pres-industry-code>CPTROVER</pres-industry-code><alt1-industry-code>1CO77</alt1-industry-code></pres-industry-wrap><pres-industry-wrap><pres-industry>Computer Equipment Manufacturing</pres-industry><pres-industry-code>HWMANF</pres-industry-code><alt1-industry-code>1CO57</alt1-industry-code></pres-industry-wrap><pres-industry-wrap><pres-industry>I.T.</pres-industry><pres-industry-code>ITOVER</pres-industry-code><alt1-industry-code>1IT96</alt1-industry-code></pres-industry-wrap><pres-industry-wrap><pres-industry>I.T. in Manufacturing</pres-industry><pres-industry-code>MFGITOVR</pres-industry-code><alt1-industry-code>1IT56</alt1-industry-code></pres-industry-wrap><pres-industry-wrap><pres-industry>I.T. in Transportation</pres-industry><pres-industry-code>TRSITOVR</pres-industry-code><alt1-industry-code>1IT48</alt1-industry-code></pres-industry-wrap><pres-industry-wrap><pres-industry>Land Transportation</pres-industry><pres-industry-code>LANDTRAN</pres-industry-code><alt1-industry-code>1LA43</alt1-industry-code></pres-industry-wrap><pres-industry-wrap><pres-industry>Manufacturing</pres-industry><pres-industry-code>MANFFP</pres-industry-code><alt1-industry-code>1MA74</alt1-industry-code></pres-industry-wrap><pres-industry-wrap><pres-industry>Manufacturing Automation</pres-industry><pres-industry-code>MANAUT</pres-industry-code><alt1-industry-code>1MA46</alt1-industry-code></pres-industry-wrap><pres-industry-wrap><pres-industry>Manufacturing Execution Systems</pres-industry><pres-industry-code>SOFMES</pres-industry-code><alt1-industry-code>1MA30</alt1-industry-code></pres-industry-wrap><pres-industry-wrap><pres-industry>PC Technology</pres-industry><pres-industry-code>PCTECH</pres-industry-code><alt1-industry-code>1PC89</alt1-industry-code></pres-industry-wrap><pres-industry-wrap><pres-industry>Passenger Transportation</pres-industry><pres-industry-code>PASSENGR</pres-industry-code><alt1-industry-code>1PA35</alt1-industry-code></pres-industry-wrap><pres-industry-wrap><pres-industry>Robotics &amp; Data Collection Applications</pres-industry><pres-industry-code>SOFFAC1</pres-industry-code><alt1-industry-code>1RO84</alt1-industry-code></pres-industry-wrap><pres-industry-wrap><pres-industry>Science &amp; Engineering</pres-industry><pres-industry-code>PTSCITCH</pres-industry-code><alt1-industry-code>1SC33</alt1-industry-code></pres-industry-wrap><pres-industry-wrap><pres-industry>Software</pres-industry><pres-industry-code>SOFOVER1</pres-industry-code><alt1-industry-code>1SO30</alt1-industry-code></pres-industry-wrap><pres-industry-wrap><pres-industry>Software Technology</pres-industry><pres-industry-code>SOFTECH</pres-industry-code><alt1-industry-code>1SO75</alt1-industry-code></pres-industry-wrap><pres-industry-wrap><pres-industry>Transportation</pres-industry><pres-industry-code>GETRAN</pres-industry-code><alt1-industry-code>1TR48</alt1-industry-code></pres-industry-wrap><pres-industry-wrap><pres-industry>Trends in Technology</pres-industry><pres-industry-code>TTRENDS</pres-industry-code><alt1-industry-code>1TR23</alt1-industry-code></pres-industry-wrap><eos/><eop/></pres-industry-block></classification-terms><classification-terms><rcs-block><rcs>B:169</rcs><rcs>G:B2</rcs><rcs>B:38</rcs><rcs>G:7I</rcs><rcs>B:69</rcs><rcs>B:168</rcs><rcs>B:66</rcs><rcs>B:56</rcs><rcs>G:Y</rcs><rcs>B:162</rcs><rcs>M:NL</rcs><rcs>B:161</rcs><rcs>B:65</rcs><rcs>B:172</rcs><rcs>B:174</rcs><rcs>B:71</rcs><rcs>B:72</rcs><rcs>G:B</rcs><rcs>G:A</rcs><rcs>G:K</rcs><rcs>G:38</rcs><rcs>G:AJ</rcs><rcs>M:DU</rcs><rcs>G:1</rcs></rcs-block></classification-terms><extraction-terms><extr-company-block><bop/><bos/><extr-company>Panarmenian Media Group</extr-company><extr-company-wrap><extr-company-name>Panarmenian Media Group</extr-company-name><relevancy engine="1C">0.2</relevancy><confidence engine="1C">0.73</confidence></extr-company-wrap><norm-company oa-id="5000943280">AMERIABANK CJSC</norm-company><norm-company-wrap occur-sequence="2,6,7,10,16,17"><norm-company-name>AMERIABANK CJSC</norm-company-name><company-ids><oa-id>5000943280</oa-id></company-ids><company-classification><trbc-wrap><trbc type="RCS">B:1615</trbc><trbc type="2012">5510101010</trbc><trbc type="perm-id">4294951386</trbc></trbc-wrap></company-classification><relevancy engine="1C">0.2</relevancy><confidence engine="1C">0.84</confidence></norm-company-wrap><norm-company oa-id="4295903531">BAXTER INTERNATIONAL INC</norm-company><norm-company-wrap occur-sequence="9"><norm-company-name>BAXTER INTERNATIONAL INC</norm-company-name><company-ids><oa-id>4295903531</oa-id><ric norm="BAX.N">BAX.N</ric></company-ids><company-classification><trbc-wrap><trbc type="RCS">B:1707</trbc><trbc type="2012">5610102010</trbc><trbc type="perm-id">4294951294</trbc></trbc-wrap></company-classification><relevancy engine="1C">0.2</relevancy><confidence engine="1C">0.88</confidence></norm-company-wrap><norm-company oa-id="4295887754">CREATIVE TECHNOLOGY LTD</norm-company><norm-company-wrap occur-sequence="15"><norm-company-name>CREATIVE TECHNOLOGY LTD</norm-company-name><company-ids><oa-id>4295887754</oa-id><ric norm="CREA.SI">CREA.SI</ric></company-ids><company-classification><trbc-wrap><trbc type="RCS">B:1763</trbc><trbc type="2012">5710601015</trbc><trbc type="perm-id">4294951238</trbc></trbc-wrap></company-classification><relevancy engine="1C">0.2</relevancy><confidence engine="1C">0.76</confidence></norm-company-wrap><norm-company oa-id="5000058835">CREATO LTD</norm-company><norm-company-wrap occur-sequence="13"><norm-company-name>CREATO LTD</norm-company-name><company-ids><oa-id>5000058835</oa-id></company-ids><company-classification><trbc-wrap><trbc type="RCS">B:1454</trbc><trbc type="2012">5330203014</trbc><trbc type="perm-id">4294951547</trbc></trbc-wrap></company-classification><relevancy engine="1C">0.2</relevancy><confidence engine="1C">0.68</confidence></norm-company-wrap><norm-company oa-id="4297609336">HOME ROBOTS INC</norm-company><norm-company-wrap occur-sequence="1,3,4,5,8,11"><norm-company-name>HOME ROBOTS INC</norm-company-name><company-ids><oa-id>4297609336</oa-id></company-ids><relevancy engine="1C">0.2</relevancy><confidence engine="1C">0.8</confidence></norm-company-wrap><norm-company oa-id="4297804291">INTEREL CONSULTING UK LTD</norm-company><norm-company-wrap occur-sequence="14"><norm-company-name>INTEREL CONSULTING UK LTD</norm-company-name><company-ids><oa-id>4297804291</oa-id></company-ids><company-classification><trbc-wrap><trbc type="RCS">B:1222</trbc><trbc type="2012">5220304013</trbc><trbc type="perm-id">4294951779</trbc></trbc-wrap></company-classification><relevancy engine="1C">0.2</relevancy><confidence engine="1C">0.85</confidence></norm-company-wrap><norm-company oa-id="4297275715">RUSSKOYE RADIO</norm-company><norm-company-wrap occur-sequence="12"><norm-company-name>RUSSKOYE RADIO</norm-company-name><company-ids><oa-id>4297275715</oa-id></company-ids><relevancy engine="1C">0.2</relevancy><confidence engine="1C">0.87</confidence></norm-company-wrap><eos/><eop/></extr-company-block></extraction-terms><extraction-terms><extr-person-block><bop/><bos/><extr-person>David Cameron</extr-person><extr-person-wrap><extr-person-name>David Cameron</extr-person-name><relevancy engine="1C">0.2</relevancy></extr-person-wrap><extr-person>Angela Merkel</extr-person><extr-person-wrap><extr-person-name>Angela Merkel</extr-person-name><relevancy engine="1C">0.2</relevancy></extr-person-wrap><eos/><eop/></extr-person-block></extraction-terms></indexing></document></n-docbody>
</n-document>
<n-document guid="I28250a80982b11e5bc62fa2f895ba469"><n-metadata><metadata.block><md.identifiers><md.cites><md.first.line.cite>12/1/15 NEWS 00:00:00</md.first.line.cite><md.second.line.cite>12/1/15 ARKA News Agency 00:00:00</md.second.line.cite></md.cites><md.uuid>I28250a80982b11e5bc62fa2f895ba469</md.uuid></md.identifiers><md.infotype>news</md.infotype><md.sortkeys><md.ordersequence>f47363bec</md.ordersequence></md.sortkeys><md.descriptions><md.title>TRANSACTIONS AT NASDAQ OMX ARMENIA SHRINK 24% TO AMD 4.2 BILLION IN 3RD Q 2015</md.title><md.westlawdescrip><md.readlist>READLIST</md.readlist></md.westlawdescrip></md.descriptions><md.dates><md.publisheddatetime>20151201070054</md.publisheddatetime><md.loaddate>20151201</md.loaddate><md.createddatetime>20151201070054</md.createddatetime></md.dates><md.subjects><md.subject><md.pubtype.name/><md.doctype.name>DNR</md.doctype.name><md.doctype.rank/><md.view>CNGE</md.view><md.view>RGEurope</md.view><md.view>PTNewswires</md.view><md.view>ARKANEWS0063786</md.view><md.view>INALLNEWS_ACTEST</md.view><md.view>INFARNEWS_AC</md.view><md.view>MARKETSEIKON_CN</md.view><md.view>MARKETSEIKON</md.view><md.view>CB_ASIAWIRES</md.view><md.view>INWIRES_AC</md.view><md.view>GULF_INTL</md.view><md.view>ININTNEWS_AC</md.view><md.view>ANZ_INTLOS</md.view><md.view>CLEAR_RF</md.view><md.view>INALLNEWS_AC</md.view><md.view>INNEWSINT_PRO</md.view><md.view>INBUSNEWS</md.view><md.view>INNEWSWORLD_PRO</md.view><md.view>INBUSNEWS_AC</md.view></md.subject></md.subjects><md.jurisdictions><md.jurisdiction><md.jurisstate>FE</md.jurisstate></md.jurisdiction></md.jurisdictions><md.publications><md.publication/><md.sourcepubid>ARKANEWS</md.sourcepubid></md.publications><md.royalty><md.royalty.code>84104</md.royalty.code></md.royalty></metadata.block><news.metadata.block><md.text.preview>STOCK MARKETYEREVAN, December 1. /ARKA/. Transactions effected at NASDAQ OMX Armenia stock exchange over the third quarter 2015 total AMD 4 179.2 million, and this amount is 24% less than the figure of the third quarter of 2014, the National</md.text.preview></news.metadata.block><newsplus.recommendable>1</newsplus.recommendable><n-view>CNGE</n-view><n-view>RGEurope</n-view><n-view>PTNewswires</n-view><n-view>ARKANEWS0063786</n-view><n-view>INALLNEWS_ACTEST</n-view><n-view>INFARNEWS_AC</n-view><n-view>MARKETSEIKON_CN</n-view><n-view>MARKETSEIKON</n-view><n-view>CB_ASIAWIRES</n-view><n-view>INWIRES_AC</n-view><n-view>GULF_INTL</n-view><n-view>ININTNEWS_AC</n-view><n-view>ANZ_INTLOS</n-view><n-view>CLEAR_RF</n-view><n-view>INALLNEWS_AC</n-view><n-view>INNEWSINT_PRO</n-view><n-view>INBUSNEWS</n-view><n-view>INNEWSWORLD_PRO</n-view><n-view>INBUSNEWS_AC</n-view><prism-stylesheet guid="Ia3024d301b6a11d89fc5f34981d3242f"/><prism-clipdate>20151201070054</prism-clipdate></n-metadata>
<n-docbody><document version="1" collection="D-ARKANEWS-T001" first-load-date="20151201070054" ip-product="ARKANEWS" royalty-id="84104" data-model="text" dtd-version="5.2.29" content-type="news" load-language="en" pnac="nNRA0ihe7g" pnac-date="20151201T125802.920"><supplier-info><supplier-num nitf="doc-id" nitf-regsrc="ARKA News Agency" type="accession">392d0003e65e6403</supplier-num><internal-acc-num db-id="NEPRARKA" type="newz">20151201170.1_V392d0003e65e6403</internal-acc-num><rec-status><last-load-date>20151201070054</last-load-date><nitf-date ne="datereceived">20151201T12:58:02Z</nitf-date><nitf-date nitf="date-issue">20151201T00:00:00Z</nitf-date><last-provider-update>20151201125802</last-provider-update></rec-status><supplier-copyright>Copyright Â© 2015 ARKA<copyright-year/><copyright-holder>ARKA</copyright-holder></supplier-copyright><supplier-note nitf="urgency" nitf-ed-urg="4"/><nitf-meta-content name="recommendable">1</nitf-meta-content><nitf-meta-content name="_newsmlg2-hashtype=nr-htype:doc-group-fuzzy">18907|98619|46897|57684|42886|38166|31935|39655|28270|10798|81433|93066|29340|11272|56377|103059|16303|51902|70994|31950|9909|61020|82604|61725|28254|66273|22369|109895|93836|33633|90427|67919|61794|72741|103430|29413|15491|18192|75004|78611|102805|67943|16246|56273|111920|109991|112461|15675|4902|33902|58991|57042|24300|87477|35633|58344|31442|22627|3432|102679|</nitf-meta-content><nitf-meta-content name="_newsmlg2-hashtype=nr-htype:doc-group-content-length">1050</nitf-meta-content><nitf-meta-content name="_newsmlg2-hashtype=nr-htype:doc-group-simple">-4bd361ad5ac677b04af986015e763ca31a09bf8e</nitf-meta-content><supplier-dtds><dtd dtd-version="working" dtd-date="20151110T00:00:00Z">Canonical Taxonomy</dtd><dtd dtd-version="20151103" dtd-date="20151110T00:00:00Z">Mapping File</dtd></supplier-dtds><copyright-block type="dialog"><service-copyright n-include_guid="Ice671660f30811d88920000083149a14" n-include_collection="D-DIALOGCOPYRIGHTS-T001"/></copyright-block><copyright-block type="west"><service-copyright n-include_guid="I1DA35ED81DD211B281BAD200220BDFCA" n-include_collection="w_wlnv_msg"/></copyright-block><west-citation-block><bop/><first-line-cite><bos/>12/1/15 NEWS 00:00:00<eos/></first-line-cite><second-line-cite><bos/>12/1/15 ARKA News Agency 00:00:00<eos/></second-line-cite><eop/></west-citation-block></supplier-info><title-info iso-language="en"><bop/><title type="headline" nitf-hedline="hl1" key="key-title"><bos/><sort-title>TRANSACTIONS AT <cite.query w-seq-number="00001" w-ref-type="CO" w-normalized-cite="IB3F93E8029C011DF9BD7C7F341E042AB" ID="Ibb3b75c0982b11e5b477f1ae06ea2140">NASDAQ</cite.query> OMX ARMENIA SHRINK 24% TO <cite.query w-seq-number="00002" w-ref-type="CO" w-normalized-cite="I27218B6541EC11DDAD6B0014224D2780" ID="Ibb3b75c1982b11e5b477f1ae06ea2140">AMD</cite.query> 4.2 BILLION IN 3RD Q 2015</sort-title><eos/></title><eop/></title-info><pub-info><journal key="key-journal"><bop/><bos/><sort-journal>ARKA News Agency</sort-journal><eos/><eop/></journal><pub-date key="key-date" iso-time="T00:00:00Z" type="date.publication"><full-pub-date>December 1, 2015</full-pub-date><sort-pub-date>20151201</sort-pub-date><sort-pub-timestamp>20151201000000</sort-pub-timestamp><rank-date>20151201</rank-date><currency-timestamp>20151201000000</currency-timestamp></pub-date><original-pub><language iso-language="en">English</language></original-pub><src-data><src-journal-code>ANPV</src-journal-code><src-pub-code>0063786</src-pub-code><src-pub-type>Newswire</src-pub-type><src-pub-country-wrap><src-pub-country-code>GE</src-pub-country-code><src-pub-country>Georgia CIS</src-pub-country></src-pub-country-wrap><src-pub-region>Europe</src-pub-region></src-data></pub-info><content iso-language="en"><total-char-count>1901</total-char-count><derived-word-count><bop/><bos/>Word Count: 285<eos/><eop/></derived-word-count><text type="lead-para"><p nitf="lede"><bop/><bos/>STOCK MARKET<eos/><eop/></p><p nitf="lede"><bop/><bos/>YEREVAN, December 1. /ARKA/. <eos/><bos/>Transactions effected at <cite.query w-seq-number="00003" w-ref-type="CO" w-normalized-cite="IB3F93E8029C011DF9BD7C7F341E042AB" ID="Ibb4316e0982b11e5b477f1ae06ea2140">NASDAQ</cite.query> OMX Armenia stock exchange over the third quarter 2015 total AMD 4 179.2 million, and this amount is 24% less than the figure of the third quarter of 2014, the National Statistical Service of Armenia reports.<eos/><eop/></p></text><text type="body"><p><bop/><bos/>Compared with the second quarter of this year, the amount shrank 57%.<eos/><eop/></p><p><bop/><bos/>According to the statistical report, transactions with government bonds totaled AMD 1 899.4 million showing a 39% decline, while transactions with corporate bonds grew 56% and with stocks grew by <cite.query w-seq-number="00004" w-ref-type="CO" w-normalized-cite="I27218B6541EC11DDAD6B0014224D2780" ID="Ibb4bf080982b11e5b477f1ae06ea2140">AMD</cite.query> 400,000 in the 3rd Q 2015, compared with the <cite.query w-seq-number="00005" w-ref-type="CO" w-normalized-cite="I27218B6541EC11DDAD6B0014224D2780" ID="Ibb4bf081982b11e5b477f1ae06ea2140">AMD</cite.query> 477.8 million reported at the third quarter of the previous year. <eos/><bos/>No REPO deals were made at the stock exchange in the 3rd Q 2015.<eos/><eop/></p><p><bop/><bos/>The total number of transactions at <cite.query w-seq-number="00006" w-ref-type="CO" w-normalized-cite="IB3F93E8029C011DF9BD7C7F341E042AB" ID="Ibb54f130982b11e5b477f1ae06ea2140">NASDAQ</cite.query> OMX Armenia is 169. <eos/><bos/>Sixteen organizations are listed at the stock exchange.<eos/><eop/></p><p><bop/><bos/>Transactions made by entities providing investment services over the third quarter of this year totaled AMD 2 896.2 billion.<eos/><eop/></p><p><bop/><bos/>In the 3rd Q 2015 there were eight organizations and 21 banks providing investment services in Armenia. <eos/><bos/>There were also 16 accountable entities issuing securities.<eos/><eop/></p><p><bop/><bos/><cite.query w-seq-number="00007" w-ref-type="CO" w-normalized-cite="IB3F93E8029C011DF9BD7C7F341E042AB" ID="Ibb896eb0982b11e5b477f1ae06ea2140">NASDAQ</cite.query> OMX Armenia is the new name of the <cite.query w-seq-number="00008" w-ref-type="CO" w-normalized-cite="IFC75AA8441EC11DDAD6B0014224D2780" ID="Ibb896eb1982b11e5b477f1ae06ea2140">Armenian Stock Exchange</cite.query> ojsc (renamed on January 27, 2009), however, it is also used to refer jointly to the stock exchange and the Central Depository of Armenia ojsc (CDA), as the both companies have been members of the <cite.query w-seq-number="00009" w-ref-type="CO" w-normalized-cite="I259E58B041EA11DDAD6B0014224D2780" ID="Ibb896eb2982b11e5b477f1ae06ea2140">NASDAQ OMX Group, Inc.</cite.query> since early 2008. <eos/><bos/><cite.query w-seq-number="00010" w-ref-type="CO" w-normalized-cite="IB3F93E8029C011DF9BD7C7F341E042AB" ID="Ibb896eb3982b11e5b477f1ae06ea2140">NASDAQ</cite.query> OMX Armenia and the <cite.query w-seq-number="00011" w-ref-type="MM" w-normalized-cite="canonical_name::CDA" ID="Ibb896eb4982b11e5b477f1ae06ea2140">CDA</cite.query> are the major securities market infrastructure institutions in Armenia. <eos/><bos/>Since their inception in 2000, both companies had operated as self-regulatory organizations established by member broker companies, up until demutualization in 2007. <eos/><bos/><cite.query w-seq-number="00012" w-ref-type="CO" w-normalized-cite="IB3F93E8029C011DF9BD7C7F341E042AB" ID="Ibb896eb5982b11e5b477f1ae06ea2140">NASDAQ</cite.query> OMX Armenia is a part of the world&apos;s largest exchange company, the <cite.query w-seq-number="00013" w-ref-type="CO" w-normalized-cite="I259E58B041EA11DDAD6B0014224D2780" ID="Ibb896eb6982b11e5b477f1ae06ea2140">NASDAQ OMX Group, Inc.</cite.query> In late June there were 16 companies listed at <cite.query w-seq-number="00014" w-ref-type="CO" w-normalized-cite="IB3F93E8029C011DF9BD7C7F341E042AB" ID="Ibb896eb7982b11e5b477f1ae06ea2140">Nasdaq</cite.query> OMX Armenia. <eos/><bos/>($1- AMD 482.81).<eos/> M.V.---0----<eop/></p></text></content><indexing iso-language="en" value-add="machine-generated"><classification-terms><pres-location-block><bop/><bos/><pres-location-wrap><pres-location>Armenia</pres-location><pres-location-code>ISOAM</pres-location-code><alt1-location-code>1AR09</alt1-location-code></pres-location-wrap><pres-location-wrap><pres-location>CIS Countries</pres-location><pres-location-code>CISSTAT</pres-location-code><alt1-location-code>1CI64</alt1-location-code></pres-location-wrap><pres-location-wrap><pres-location>Eastern Europe</pres-location><pres-location-code>GEOEEUR</pres-location-code><alt1-location-code>1EA48</alt1-location-code></pres-location-wrap><pres-location-wrap><pres-location>Europe</pres-location><pres-location-code>GEOEUR</pres-location-code><alt1-location-code>1EU83</alt1-location-code></pres-location-wrap><eos/><eop/></pres-location-block></classification-terms><classification-terms><pres-subject-block><bop/><bos/><pres-subject-wrap><pres-subject>CIS</pres-subject><pres-subject-code>GEOCIS</pres-subject-code><alt1-subject-code>1CI65</alt1-subject-code></pres-subject-wrap><pres-subject-wrap><pres-subject>Economics &amp; Trade</pres-subject><pres-subject-code>TRADE</pres-subject-code><alt1-subject-code>1EC26</alt1-subject-code></pres-subject-wrap><pres-subject-wrap><pres-subject>Exchange Listings &amp; Delistings</pres-subject><pres-subject-code>DELIST</pres-subject-code><alt1-subject-code>1EX12</alt1-subject-code></pres-subject-wrap><pres-subject-wrap><pres-subject>Financial Markets</pres-subject><pres-subject-code>BOURSE</pres-subject-code><alt1-subject-code>1FI87</alt1-subject-code></pres-subject-wrap><pres-subject-wrap><pres-subject>World Organizations</pres-subject><pres-subject-code>GEOORGS</pres-subject-code><alt1-subject-code>1IN77</alt1-subject-code></pres-subject-wrap><eos/><eop/></pres-subject-block><pres-industry-block><bop/><bos/><pres-industry-wrap><pres-industry>Electronic Components</pres-industry><pres-industry-code>ELECCOMP</pres-industry-code><alt1-industry-code>1EL91</alt1-industry-code></pres-industry-wrap><pres-industry-wrap><pres-industry>Electronics</pres-industry><pres-industry-code>ETRONICS</pres-industry-code><alt1-industry-code>1EL16</alt1-industry-code></pres-industry-wrap><pres-industry-wrap><pres-industry>Financial Services</pres-industry><pres-industry-code>FINSVC</pres-industry-code><alt1-industry-code>1FI37</alt1-industry-code></pres-industry-wrap><pres-industry-wrap><pres-industry>Semiconductor</pres-industry><pres-industry-code>SCIND1</pres-industry-code><alt1-industry-code>1SE88</alt1-industry-code></pres-industry-wrap><pres-industry-wrap><pres-industry>Semiconductor Applications</pres-industry><pres-industry-code>SCAPL1</pres-industry-code><alt1-industry-code>1SE81</alt1-industry-code></pres-industry-wrap><pres-industry-wrap><pres-industry>Semiconductors in Broadband &amp; Multimedia</pres-industry><pres-industry-code>TELESEMI</pres-industry-code><alt1-industry-code>1SE69</alt1-industry-code></pres-industry-wrap><pres-industry-wrap><pres-industry>U.S. Securities &amp; Exchange Commission</pres-industry><pres-industry-code>SECNEWS</pres-industry-code><alt1-industry-code>1US50</alt1-industry-code></pres-industry-wrap><eos/><eop/></pres-industry-block></classification-terms><classification-terms><rcs-block><rcs>E:6</rcs><rcs>B:125</rcs><rcs>E:5</rcs><rcs>G:B2</rcs><rcs>G:7I</rcs><rcs>G:Y</rcs><rcs>E:5G</rcs><rcs>B:164</rcs><rcs>B:41</rcs><rcs>B:163</rcs><rcs>G:B</rcs><rcs>G:A</rcs><rcs>G:AJ</rcs><rcs>M:DU</rcs></rcs-block></classification-terms><extraction-terms><extr-company-block><bop/><bos/><norm-company oa-id="5000143907">NASDAQ OMX ARMENIA OPEN JSK</norm-company><norm-company-wrap occur-sequence="1,2,3,4,5,7,8,10"><norm-company-name>NASDAQ OMX ARMENIA OPEN JSK</norm-company-name><company-ids><oa-id>5000143907</oa-id></company-ids><relevancy engine="1C">0.8</relevancy><confidence engine="1C">0.89</confidence></norm-company-wrap><norm-company oa-id="8589934167">NASDAQ INC</norm-company><norm-company-wrap occur-sequence="6,9"><norm-company-name>NASDAQ INC</norm-company-name><company-ids><oa-id>8589934167</oa-id><ric norm="NDAQ.OQ">NDAQ.OQ</ric></company-ids><company-classification><trbc-wrap><trbc type="RCS">B:1648</trbc><trbc type="2012">5510205010</trbc><trbc type="perm-id">4294951353</trbc></trbc-wrap></company-classification><relevancy engine="1C">0.2</relevancy><confidence engine="1C">0.99</confidence></norm-company-wrap><eos/><eop/></extr-company-block></extraction-terms></indexing></document></n-docbody>
</n-document>
<n-document guid="I7258a110975a11e5a521bc7df345e4e0"><n-metadata><metadata.block><md.identifiers><md.cites><md.first.line.cite>11/30/15 NEWS 00:00:00</md.first.line.cite><md.second.line.cite>11/30/15 ARKA News Agency 00:00:00</md.second.line.cite></md.cites><md.uuid>I7258a110975a11e5a521bc7df345e4e0</md.uuid></md.identifiers><md.infotype>news</md.infotype><md.sortkeys><md.ordersequence>f47363bec</md.ordersequence></md.sortkeys><md.descriptions><md.title>NO DOLLAR SALE-PURCHASE TRANSACTIONS AT NASDAQ OMX ARMENIA STOCK EXCHANGE LAST WEEK</md.title><md.westlawdescrip><md.readlist>READLIST</md.readlist></md.westlawdescrip></md.descriptions><md.dates><md.publisheddatetime>20151130060952</md.publisheddatetime><md.loaddate>20151130</md.loaddate><md.createddatetime>20151130060952</md.createddatetime></md.dates><md.subjects><md.subject><md.pubtype.name/><md.doctype.name>DNR</md.doctype.name><md.doctype.rank/><md.view>CNGE</md.view><md.view>RGEurope</md.view><md.view>PTNewswires</md.view><md.view>ARKANEWS0063786</md.view><md.view>INALLNEWS_ACTEST</md.view><md.view>INFARNEWS_AC</md.view><md.view>MARKETSEIKON_CN</md.view><md.view>MARKETSEIKON</md.view><md.view>CB_ASIAWIRES</md.view><md.view>INWIRES_AC</md.view><md.view>GULF_INTL</md.view><md.view>ININTNEWS_AC</md.view><md.view>ANZ_INTLOS</md.view><md.view>CLEAR_RF</md.view><md.view>INALLNEWS_AC</md.view><md.view>INNEWSINT_PRO</md.view><md.view>INBUSNEWS</md.view><md.view>INNEWSWORLD_PRO</md.view><md.view>INBUSNEWS_AC</md.view></md.subject></md.subjects><md.jurisdictions><md.jurisdiction><md.jurisstate>FE</md.jurisstate></md.jurisdiction></md.jurisdictions><md.publications><md.publication/><md.sourcepubid>ARKANEWS</md.sourcepubid></md.publications><md.royalty><md.royalty.code>84104</md.royalty.code></md.royalty></metadata.block><news.metadata.block><md.text.preview>STOCK MARKETYEREVAN, November 30. /ARKA/. No dollar sale-purchase transactions have been effected at NSDAQ OMX Armenia stock exchange over a period between November 23 and 27, the press service of the Central Bank of Armenia told ARKA.</md.text.preview></news.metadata.block><newsplus.recommendable/><n-view>CNGE</n-view><n-view>RGEurope</n-view><n-view>PTNewswires</n-view><n-view>ARKANEWS0063786</n-view><n-view>INALLNEWS_ACTEST</n-view><n-view>INFARNEWS_AC</n-view><n-view>MARKETSEIKON_CN</n-view><n-view>MARKETSEIKON</n-view><n-view>CB_ASIAWIRES</n-view><n-view>INWIRES_AC</n-view><n-view>GULF_INTL</n-view><n-view>ININTNEWS_AC</n-view><n-view>ANZ_INTLOS</n-view><n-view>CLEAR_RF</n-view><n-view>INALLNEWS_AC</n-view><n-view>INNEWSINT_PRO</n-view><n-view>INBUSNEWS</n-view><n-view>INNEWSWORLD_PRO</n-view><n-view>INBUSNEWS_AC</n-view><prism-stylesheet guid="Ia3024d301b6a11d89fc5f34981d3242f"/><prism-clipdate>20151130060952</prism-clipdate></n-metadata>
<n-docbody><document version="1" collection="D-ARKANEWS-T001" first-load-date="20151130060952" ip-product="ARKANEWS" royalty-id="84104" data-model="text" dtd-version="5.2.29" content-type="news" load-language="en" pnac="nNRA0ib93z" pnac-date="20151130T120402.593"><supplier-info><supplier-num nitf="doc-id" nitf-regsrc="ARKA News Agency" type="accession">698900016123f3d9</supplier-num><internal-acc-num db-id="NEPRARKA" type="newz">20151130170.1_V698900016123f3d9</internal-acc-num><rec-status><last-load-date>20151130060952</last-load-date><nitf-date ne="datereceived">20151130T12:04:02Z</nitf-date><nitf-date nitf="date-issue">20151130T00:00:00Z</nitf-date><last-provider-update>20151130120402</last-provider-update></rec-status><supplier-copyright>Copyright Â© 2015 ARKA<copyright-year/><copyright-holder>ARKA</copyright-holder></supplier-copyright><supplier-note nitf="urgency" nitf-ed-urg="4"/><nitf-meta-content name="recommendable">0</nitf-meta-content><nitf-meta-content name="_newsmlg2-hashtype=nr-htype:doc-group-fuzzy">18907|98619|46897|57684|31935|39655|28270|10798|93066|29340|103059|16303|51902|31950|61020|61725|66273|22369|33633|90427|61794|72741|103430|28158|29413|37732|15491|102805|67943|56273|85436|4902|33902|57042|24300|54491|95632|95195|9073|19934|3353|45672|74660|</nitf-meta-content><nitf-meta-content name="_newsmlg2-hashtype=nr-htype:doc-group-content-length">587</nitf-meta-content><nitf-meta-content name="_newsmlg2-hashtype=nr-htype:doc-group-simple">1667c7189b4f984f6b45bd994decf4042d1d80b5</nitf-meta-content><supplier-dtds><dtd dtd-version="working" dtd-date="20151110T00:00:00Z">Canonical Taxonomy</dtd><dtd dtd-version="20151103" dtd-date="20151110T00:00:00Z">Mapping File</dtd></supplier-dtds><copyright-block type="dialog"><service-copyright n-include_guid="Ice671660f30811d88920000083149a14" n-include_collection="D-DIALOGCOPYRIGHTS-T001"/></copyright-block><copyright-block type="west"><service-copyright n-include_guid="I1DA35ED81DD211B281BAD200220BDFCA" n-include_collection="w_wlnv_msg"/></copyright-block><west-citation-block><bop/><first-line-cite><bos/>11/30/15 NEWS 00:00:00<eos/></first-line-cite><second-line-cite><bos/>11/30/15 ARKA News Agency 00:00:00<eos/></second-line-cite><eop/></west-citation-block></supplier-info><title-info iso-language="en"><bop/><title type="headline" nitf-hedline="hl1" key="key-title"><bos/><sort-title>NO DOLLAR SALE-PURCHASE TRANSACTIONS AT <cite.query w-seq-number="00001" w-ref-type="CO" w-normalized-cite="IB3F93E8029C011DF9BD7C7F341E042AB" ID="I4ede5580975b11e59758e4d73b8d5a47">NASDAQ</cite.query> OMX ARMENIA STOCK EXCHANGE LAST WEEK</sort-title><eos/></title><eop/></title-info><pub-info><journal key="key-journal"><bop/><bos/><sort-journal>ARKA News Agency</sort-journal><eos/><eop/></journal><pub-date key="key-date" iso-time="T00:00:00Z" type="date.publication"><full-pub-date>November 30, 2015</full-pub-date><sort-pub-date>20151130</sort-pub-date><sort-pub-timestamp>20151130000000</sort-pub-timestamp><rank-date>20151130</rank-date><currency-timestamp>20151130000000</currency-timestamp></pub-date><original-pub><language iso-language="en">English</language></original-pub><src-data><src-journal-code>ANPV</src-journal-code><src-pub-code>0063786</src-pub-code><src-pub-type>Newswire</src-pub-type><src-pub-country-wrap><src-pub-country-code>GE</src-pub-country-code><src-pub-country>Georgia CIS</src-pub-country></src-pub-country-wrap><src-pub-region>Europe</src-pub-region></src-data></pub-info><content iso-language="en"><total-char-count>1098</total-char-count><derived-word-count><bop/><bos/>Word Count: 170<eos/><eop/></derived-word-count><text type="lead-para"><p nitf="lede"><bop/><bos/>STOCK MARKET<eos/><eop/></p><p nitf="lede"><bop/><bos/>YEREVAN, November 30. /ARKA/. <eos/><bos/>No dollar sale-purchase transactions have been effected at NSDAQ OMX Armenia stock exchange over a period between November 23 and 27, the press service of the <cite.query w-seq-number="00002" w-ref-type="CO" w-normalized-cite="I706C7C4142B311DDA5520014224D2780" ID="I4eec8650975b11e59758e4d73b8d5a47">Central Bank of Armenia</cite.query> told <cite.query w-seq-number="00003" w-ref-type="NM" w-normalized-cite="canonical_name::ARKA" ID="I4eec8651975b11e59758e4d73b8d5a47">ARKA</cite.query>.<eos/><eop/></p></text><text type="body"><p><bop/><bos/>It said the latest transactions were made here from November 16 to 20. <eos/><bos/>They totaled $3.08 million.<eos/><eop/></p><p><bop/><bos/><cite.query w-seq-number="00004" w-ref-type="CO" w-normalized-cite="IB3F93E8029C011DF9BD7C7F341E042AB" ID="I4f2e9860975b11e59758e4d73b8d5a47">NASDAQ</cite.query> OMX Armenia is the new name of the <cite.query w-seq-number="00005" w-ref-type="CO" w-normalized-cite="IFC75AA8441EC11DDAD6B0014224D2780" ID="I4f2e9861975b11e59758e4d73b8d5a47">Armenian Stock Exchange</cite.query> ojsc (renamed on January 27, 2009), however, it is also used to refer jointly to the stock exchange and the Central Depository of Armenia ojsc (CDA), as the both companies have been members of the <cite.query w-seq-number="00006" w-ref-type="CO" w-normalized-cite="I259E58B041EA11DDAD6B0014224D2780" ID="I4f2e9862975b11e59758e4d73b8d5a47">NASDAQ OMX Group, Inc.</cite.query> since early 2008. <eos/><bos/><cite.query w-seq-number="00007" w-ref-type="CO" w-normalized-cite="IB3F93E8029C011DF9BD7C7F341E042AB" ID="I4f2e9863975b11e59758e4d73b8d5a47">NASDAQ</cite.query> OMX Armenia and the <cite.query w-seq-number="00008" w-ref-type="MM" w-normalized-cite="canonical_name::CDA" ID="I4f2e9864975b11e59758e4d73b8d5a47">CDA</cite.query> are the major securities market infrastructure institutions in Armenia. <eos/><bos/>Since their inception in 2000, both companies had operated as self-regulatory organizations established by member broker companies, up until demutualization in 2007. <eos/><bos/><cite.query w-seq-number="00009" w-ref-type="CO" w-normalized-cite="IB3F93E8029C011DF9BD7C7F341E042AB" ID="I4f2e9865975b11e59758e4d73b8d5a47">NASDAQ</cite.query> OMX Armenia is a part of the world&apos;s largest exchange company, the <cite.query w-seq-number="00010" w-ref-type="CO" w-normalized-cite="I259E58B041EA11DDAD6B0014224D2780" ID="I4f2e9866975b11e59758e4d73b8d5a47">NASDAQ OMX Group, Inc.</cite.query> In late June there were 16 companies listed at <cite.query w-seq-number="00011" w-ref-type="CO" w-normalized-cite="IB3F93E8029C011DF9BD7C7F341E042AB" ID="I4f2e9867975b11e59758e4d73b8d5a47">Nasdaq</cite.query> OMX Armenia. <eos/><bos/>($1 - AMD 481.92).<eos/> M.V.-0---<eop/></p></text></content><indexing iso-language="en" value-add="machine-generated"><classification-terms><pres-location-block><bop/><bos/><pres-location-wrap><pres-location>Armenia</pres-location><pres-location-code>ISOAM</pres-location-code><alt1-location-code>1AR09</alt1-location-code></pres-location-wrap><pres-location-wrap><pres-location>CIS Countries</pres-location><pres-location-code>CISSTAT</pres-location-code><alt1-location-code>1CI64</alt1-location-code></pres-location-wrap><pres-location-wrap><pres-location>Eastern Europe</pres-location><pres-location-code>GEOEEUR</pres-location-code><alt1-location-code>1EA48</alt1-location-code></pres-location-wrap><pres-location-wrap><pres-location>Europe</pres-location><pres-location-code>GEOEUR</pres-location-code><alt1-location-code>1EU83</alt1-location-code></pres-location-wrap><eos/><eop/></pres-location-block></classification-terms><classification-terms><pres-subject-block><bop/><bos/><pres-subject-wrap><pres-subject>CIS</pres-subject><pres-subject-code>GEOCIS</pres-subject-code><alt1-subject-code>1CI65</alt1-subject-code></pres-subject-wrap><pres-subject-wrap><pres-subject>Economics &amp; Trade</pres-subject><pres-subject-code>TRADE</pres-subject-code><alt1-subject-code>1EC26</alt1-subject-code></pres-subject-wrap><pres-subject-wrap><pres-subject>Financial Markets</pres-subject><pres-subject-code>BOURSE</pres-subject-code><alt1-subject-code>1FI87</alt1-subject-code></pres-subject-wrap><pres-subject-wrap><pres-subject>World Organizations</pres-subject><pres-subject-code>GEOORGS</pres-subject-code><alt1-subject-code>1IN77</alt1-subject-code></pres-subject-wrap><eos/><eop/></pres-subject-block><pres-industry-block><bop/><bos/><pres-industry-wrap><pres-industry>Financial Services</pres-industry><pres-industry-code>FINSVC</pres-industry-code><alt1-industry-code>1FI37</alt1-industry-code></pres-industry-wrap><pres-industry-wrap><pres-industry>U.S. Securities &amp; Exchange Commission</pres-industry><pres-industry-code>SECNEWS</pres-industry-code><alt1-industry-code>1US50</alt1-industry-code></pres-industry-wrap><eos/><eop/></pres-industry-block></classification-terms><classification-terms><rcs-block><rcs>E:6</rcs><rcs>B:125</rcs><rcs>E:5</rcs><rcs>G:B2</rcs><rcs>G:7I</rcs><rcs>G:Y</rcs><rcs>G:AJ</rcs><rcs>M:DU</rcs><rcs>G:B</rcs><rcs>G:A</rcs></rcs-block></classification-terms><extraction-terms><extr-company-block><bop/><bos/><norm-company oa-id="5000143907">NASDAQ OMX ARMENIA OPEN JSK</norm-company><norm-company-wrap occur-sequence="1,2,3,5,6,8"><norm-company-name>NASDAQ OMX ARMENIA OPEN JSK</norm-company-name><company-ids><oa-id>5000143907</oa-id></company-ids><relevancy engine="1C">0.8</relevancy><confidence engine="1C">0.97</confidence></norm-company-wrap><norm-company oa-id="8589934167">NASDAQ INC</norm-company><norm-company-wrap occur-sequence="4,7"><norm-company-name>NASDAQ INC</norm-company-name><company-ids><oa-id>8589934167</oa-id><ric norm="NDAQ.OQ">NDAQ.OQ</ric></company-ids><company-classification><trbc-wrap><trbc type="RCS">B:1648</trbc><trbc type="2012">5510205010</trbc><trbc type="perm-id">4294951353</trbc></trbc-wrap></company-classification><relevancy engine="1C">0.2</relevancy><confidence engine="1C">0.99</confidence></norm-company-wrap><eos/><eop/></extr-company-block></extraction-terms></indexing></document></n-docbody>
</n-document>
<n-document guid="Iec5ee48091b811e5bdeae582ecaad6c2"><n-metadata><metadata.block><md.identifiers><md.cites><md.first.line.cite>11/23/15 NEWS 00:00:00</md.first.line.cite><md.second.line.cite>11/23/15 ARKA News Agency 00:00:00</md.second.line.cite></md.cites><md.uuid>Iec5ee48091b811e5bdeae582ecaad6c2</md.uuid></md.identifiers><md.infotype>news</md.infotype><md.sortkeys><md.ordersequence>f47363bec</md.ordersequence></md.sortkeys><md.descriptions><md.title>SOME $3.08 MILLION TRADED AT NASDAQ OMX ARMENIA STOCK EXCHANGE LAST WEEK</md.title><md.westlawdescrip><md.readlist>READLIST</md.readlist></md.westlawdescrip></md.descriptions><md.dates><md.publisheddatetime>20151123021116</md.publisheddatetime><md.loaddate>20151123</md.loaddate><md.createddatetime>20151123021116</md.createddatetime></md.dates><md.subjects><md.subject><md.pubtype.name/><md.doctype.name>DNR</md.doctype.name><md.doctype.rank/><md.view>CNGE</md.view><md.view>RGEurope</md.view><md.view>PTNewswires</md.view><md.view>ARKANEWS0063786</md.view><md.view>INALLNEWS_ACTEST</md.view><md.view>INFARNEWS_AC</md.view><md.view>MARKETSEIKON_CN</md.view><md.view>MARKETSEIKON</md.view><md.view>CB_ASIAWIRES</md.view><md.view>INWIRES_AC</md.view><md.view>GULF_INTL</md.view><md.view>ININTNEWS_AC</md.view><md.view>ANZ_INTLOS</md.view><md.view>CLEAR_RF</md.view><md.view>INALLNEWS_AC</md.view><md.view>INNEWSINT_PRO</md.view><md.view>INBUSNEWS</md.view><md.view>INNEWSWORLD_PRO</md.view><md.view>INBUSNEWS_AC</md.view></md.subject></md.subjects><md.jurisdictions><md.jurisdiction><md.jurisstate>FE</md.jurisstate></md.jurisdiction></md.jurisdictions><md.publications><md.publication/><md.sourcepubid>ARKANEWS</md.sourcepubid></md.publications><md.royalty><md.royalty.code>84104</md.royalty.code></md.royalty></metadata.block><news.metadata.block><md.text.preview>STOCK MARKETYEREVAN, November 23. /ARKA/. A total of $3.08 million was traded at NASDAQ OMX Armenia stock exchange November 16 to 20, the press service of the Central Bank of Armenia told ARKA. It said also the average exchange rate of USD was 482</md.text.preview></news.metadata.block><newsplus.recommendable/><n-view>CNGE</n-view><n-view>RGEurope</n-view><n-view>PTNewswires</n-view><n-view>ARKANEWS0063786</n-view><n-view>INALLNEWS_ACTEST</n-view><n-view>INFARNEWS_AC</n-view><n-view>MARKETSEIKON_CN</n-view><n-view>MARKETSEIKON</n-view><n-view>CB_ASIAWIRES</n-view><n-view>INWIRES_AC</n-view><n-view>GULF_INTL</n-view><n-view>ININTNEWS_AC</n-view><n-view>ANZ_INTLOS</n-view><n-view>CLEAR_RF</n-view><n-view>INALLNEWS_AC</n-view><n-view>INNEWSINT_PRO</n-view><n-view>INBUSNEWS</n-view><n-view>INNEWSWORLD_PRO</n-view><n-view>INBUSNEWS_AC</n-view><prism-stylesheet guid="Ia3024d301b6a11d89fc5f34981d3242f"/><prism-clipdate>20151123021116</prism-clipdate></n-metadata>
<n-docbody><document version="1" collection="D-ARKANEWS-T001" first-load-date="20151123021116" ip-product="ARKANEWS" royalty-id="84104" data-model="text" dtd-version="5.2.29" content-type="news" load-language="en" pnac="nNRA0gvbte" pnac-date="20151123T080513.032"><supplier-info><supplier-num nitf="doc-id" nitf-regsrc="ARKA News Agency" type="accession">3efa0001a5668220</supplier-num><internal-acc-num db-id="NEPRARKA" type="newz">20151123170.1_V3efa0001a5668220</internal-acc-num><rec-status><last-load-date>20151123021116</last-load-date><nitf-date ne="datereceived">20151123T08:05:13Z</nitf-date><nitf-date nitf="date-issue">20151123T00:00:00Z</nitf-date><last-provider-update>20151123080513</last-provider-update></rec-status><supplier-copyright>Copyright Â© 2015 ARKA<copyright-year/><copyright-holder>ARKA</copyright-holder></supplier-copyright><supplier-note nitf="urgency" nitf-ed-urg="4"/><nitf-meta-content name="recommendable">0</nitf-meta-content><nitf-meta-content name="_newsmlg2-hashtype=nr-htype:doc-group-fuzzy">18907|98619|46897|57684|31935|39655|28270|10798|93066|29340|103059|88962|16303|51902|31950|46335|61020|66273|22369|7947|33633|90427|61794|72741|103430|28158|29413|37732|15491|56508|102805|67943|56273|85436|4902|33902|57042|24300|95632|21188|15394|95195|72046|19934|3353|15243|45672|85271|74660|</nitf-meta-content><nitf-meta-content name="_newsmlg2-hashtype=nr-htype:doc-group-content-length">657</nitf-meta-content><nitf-meta-content name="_newsmlg2-hashtype=nr-htype:doc-group-simple">-1a150e06cbb2e8dc9c79a1f5be19539a02549a10</nitf-meta-content><supplier-dtds><dtd dtd-version="working" dtd-date="20151110T00:00:00Z">Canonical Taxonomy</dtd><dtd dtd-version="20151103" dtd-date="20151110T00:00:00Z">Mapping File</dtd></supplier-dtds><copyright-block type="dialog"><service-copyright n-include_guid="Ice671660f30811d88920000083149a14" n-include_collection="D-DIALOGCOPYRIGHTS-T001"/></copyright-block><copyright-block type="west"><service-copyright n-include_guid="I1DA35ED81DD211B281BAD200220BDFCA" n-include_collection="w_wlnv_msg"/></copyright-block><west-citation-block><bop/><first-line-cite><bos/>11/23/15 NEWS 00:00:00<eos/></first-line-cite><second-line-cite><bos/>11/23/15 ARKA News Agency 00:00:00<eos/></second-line-cite><eop/></west-citation-block></supplier-info><title-info iso-language="en"><bop/><title type="headline" nitf-hedline="hl1" key="key-title"><bos/><sort-title>SOME $3.08 MILLION TRADED AT <cite.query w-seq-number="00001" w-ref-type="CO" w-normalized-cite="IB3F93E8029C011DF9BD7C7F341E042AB" ID="I0929b12091ba11e5a046e1e52c4d3d75">NASDAQ</cite.query> OMX ARMENIA STOCK EXCHANGE LAST WEEK</sort-title><eos/></title><eop/></title-info><pub-info><journal key="key-journal"><bop/><bos/><sort-journal>ARKA News Agency</sort-journal><eos/><eop/></journal><pub-date key="key-date" iso-time="T00:00:00Z" type="date.publication"><full-pub-date>November 23, 2015</full-pub-date><sort-pub-date>20151123</sort-pub-date><sort-pub-timestamp>20151123000000</sort-pub-timestamp><rank-date>20151123</rank-date><currency-timestamp>20151123000000</currency-timestamp></pub-date><original-pub><language iso-language="en">English</language></original-pub><src-data><src-journal-code>ANPV</src-journal-code><src-pub-code>0063786</src-pub-code><src-pub-type>Newswire</src-pub-type><src-pub-country-wrap><src-pub-country-code>GE</src-pub-country-code><src-pub-country>Georgia CIS</src-pub-country></src-pub-country-wrap><src-pub-region>Europe</src-pub-region></src-data></pub-info><content iso-language="en"><total-char-count>1224</total-char-count><derived-word-count><bop/><bos/>Word Count: 193<eos/><eop/></derived-word-count><text type="lead-para"><p nitf="lede"><bop/><bos/>STOCK MARKET<eos/><eop/></p><p nitf="lede"><bop/><bos/>YEREVAN, November 23. /ARKA/. <eos/><bos/>A total of $3.08 million was traded at <cite.query w-seq-number="00002" w-ref-type="CO" w-normalized-cite="IB3F93E8029C011DF9BD7C7F341E042AB" ID="I093b3d5091ba11e5a046e1e52c4d3d75">NASDAQ</cite.query> OMX Armenia stock exchange November 16 to 20, the press service of the <cite.query w-seq-number="00003" w-ref-type="CO" w-normalized-cite="I706C7C4142B311DDA5520014224D2780" ID="I093b3d5191ba11e5a046e1e52c4d3d75">Central Bank of Armenia</cite.query> told <cite.query w-seq-number="00004" w-ref-type="NM" w-normalized-cite="canonical_name::ARKA" ID="I093b3d5291ba11e5a046e1e52c4d3d75">ARKA</cite.query>. <eos/><bos/>It said also the average exchange rate of USD was 482.67 drams and that no transactions with Euros or Russian rubles were effected during the week.<eos/><eop/></p></text><text type="body"><p><bop/><bos/>No dollar sale-purchase transactions have been effected at the stock exchange over a period between November 9 and 13. <eos/><bos/><cite.query w-seq-number="00005" w-ref-type="CO" w-normalized-cite="IB3F93E8029C011DF9BD7C7F341E042AB" ID="I096dbf0091ba11e5a046e1e52c4d3d75">NASDAQ</cite.query> OMX Armenia is the new name of the <cite.query w-seq-number="00006" w-ref-type="CO" w-normalized-cite="IFC75AA8441EC11DDAD6B0014224D2780" ID="I096de61091ba11e5a046e1e52c4d3d75">Armenian Stock Exchange</cite.query> ojsc (renamed on January 27, 2009), however, it is also used to refer jointly to the stock exchange and the Central Depository of Armenia ojsc (CDA), as the both companies have been members of the <cite.query w-seq-number="00007" w-ref-type="CO" w-normalized-cite="I259E58B041EA11DDAD6B0014224D2780" ID="I096de61191ba11e5a046e1e52c4d3d75">NASDAQ OMX Group, Inc.</cite.query> since early 2008. <eos/><bos/><cite.query w-seq-number="00008" w-ref-type="CO" w-normalized-cite="IB3F93E8029C011DF9BD7C7F341E042AB" ID="I096de61291ba11e5a046e1e52c4d3d75">NASDAQ</cite.query> OMX Armenia and the <cite.query w-seq-number="00009" w-ref-type="MM" w-normalized-cite="canonical_name::CDA" ID="I096de61391ba11e5a046e1e52c4d3d75">CDA</cite.query> are the major securities market infrastructure institutions in Armenia. <eos/><bos/>Since their inception in 2000, both companies had operated as self-regulatory organizations established by member broker companies, up until demutualization in 2007. <eos/><bos/><cite.query w-seq-number="00010" w-ref-type="CO" w-normalized-cite="IB3F93E8029C011DF9BD7C7F341E042AB" ID="I096de61491ba11e5a046e1e52c4d3d75">NASDAQ</cite.query> OMX Armenia is a part of the world&apos;s largest exchange company, the <cite.query w-seq-number="00011" w-ref-type="CO" w-normalized-cite="I259E58B041EA11DDAD6B0014224D2780" ID="I096de61591ba11e5a046e1e52c4d3d75">NASDAQ OMX Group, Inc.</cite.query> In late June there were 16 companies listed at <cite.query w-seq-number="00012" w-ref-type="CO" w-normalized-cite="IB3F93E8029C011DF9BD7C7F341E042AB" ID="I096de61691ba11e5a046e1e52c4d3d75">Nasdaq</cite.query> OMX Armenia. <eos/><bos/>($1 - AMD 481.7).<eos/> M.V.-0---<eop/></p></text></content><indexing iso-language="en" value-add="machine-generated"><classification-terms><pres-location-block><bop/><bos/><pres-location-wrap><pres-location>Armenia</pres-location><pres-location-code>ISOAM</pres-location-code><alt1-location-code>1AR09</alt1-location-code></pres-location-wrap><pres-location-wrap><pres-location>CIS Countries</pres-location><pres-location-code>CISSTAT</pres-location-code><alt1-location-code>1CI64</alt1-location-code></pres-location-wrap><pres-location-wrap><pres-location>Eastern Europe</pres-location><pres-location-code>GEOEEUR</pres-location-code><alt1-location-code>1EA48</alt1-location-code></pres-location-wrap><pres-location-wrap><pres-location>Europe</pres-location><pres-location-code>GEOEUR</pres-location-code><alt1-location-code>1EU83</alt1-location-code></pres-location-wrap><eos/><eop/></pres-location-block></classification-terms><classification-terms><pres-subject-block><bop/><bos/><pres-subject-wrap><pres-subject>CIS</pres-subject><pres-subject-code>GEOCIS</pres-subject-code><alt1-subject-code>1CI65</alt1-subject-code></pres-subject-wrap><pres-subject-wrap><pres-subject>Economics &amp; Trade</pres-subject><pres-subject-code>TRADE</pres-subject-code><alt1-subject-code>1EC26</alt1-subject-code></pres-subject-wrap><pres-subject-wrap><pres-subject>Financial Markets</pres-subject><pres-subject-code>BOURSE</pres-subject-code><alt1-subject-code>1FI87</alt1-subject-code></pres-subject-wrap><pres-subject-wrap><pres-subject>World Organizations</pres-subject><pres-subject-code>GEOORGS</pres-subject-code><alt1-subject-code>1IN77</alt1-subject-code></pres-subject-wrap><eos/><eop/></pres-subject-block><pres-industry-block><bop/><bos/><pres-industry-wrap><pres-industry>Financial Services</pres-industry><pres-industry-code>FINSVC</pres-industry-code><alt1-industry-code>1FI37</alt1-industry-code></pres-industry-wrap><pres-industry-wrap><pres-industry>U.S. Securities &amp; Exchange Commission</pres-industry><pres-industry-code>SECNEWS</pres-industry-code><alt1-industry-code>1US50</alt1-industry-code></pres-industry-wrap><eos/><eop/></pres-industry-block></classification-terms><classification-terms><rcs-block><rcs>E:6</rcs><rcs>B:125</rcs><rcs>E:5</rcs><rcs>G:B2</rcs><rcs>G:7I</rcs><rcs>G:Y</rcs><rcs>G:AJ</rcs><rcs>M:DU</rcs><rcs>G:B</rcs><rcs>G:A</rcs></rcs-block></classification-terms><extraction-terms><extr-company-block><bop/><bos/><norm-company oa-id="5000143907">NASDAQ OMX ARMENIA OPEN JSK</norm-company><norm-company-wrap occur-sequence="1,2,3,4,6,7,9"><norm-company-name>NASDAQ OMX ARMENIA OPEN JSK</norm-company-name><company-ids><oa-id>5000143907</oa-id></company-ids><relevancy engine="1C">0.8</relevancy><confidence engine="1C">1</confidence></norm-company-wrap><norm-company oa-id="8589934167">NASDAQ INC</norm-company><norm-company-wrap occur-sequence="5,8"><norm-company-name>NASDAQ INC</norm-company-name><company-ids><oa-id>8589934167</oa-id><ric norm="NDAQ.OQ">NDAQ.OQ</ric></company-ids><company-classification><trbc-wrap><trbc type="RCS">B:1648</trbc><trbc type="2012">5510205010</trbc><trbc type="perm-id">4294951353</trbc></trbc-wrap></company-classification><relevancy engine="1C">0.2</relevancy><confidence engine="1C">0.99</confidence></norm-company-wrap><eos/><eop/></extr-company-block></extraction-terms></indexing></document></n-docbody>
</n-document>
<n-document guid="I50a21c608dd511e5b1efd4ff0826b523"><n-metadata><metadata.block><md.identifiers><md.cites><md.first.line.cite>11/18/15 NEWS 00:00:00</md.first.line.cite><md.second.line.cite>11/18/15 ARKA News Agency 00:00:00</md.second.line.cite></md.cites><md.uuid>I50a21c608dd511e5b1efd4ff0826b523</md.uuid></md.identifiers><md.infotype>news</md.infotype><md.sortkeys><md.ordersequence>f47363bec</md.ordersequence></md.sortkeys><md.descriptions><md.title>YEVGENY KASPERSKY RECEIVES ARMENIAN PRESIDENT&apos;S GLOBAL IT AWARD</md.title><md.westlawdescrip><md.readlist>READLIST</md.readlist></md.westlawdescrip></md.descriptions><md.dates><md.publisheddatetime>20151118032513</md.publisheddatetime><md.loaddate>20151118</md.loaddate><md.createddatetime>20151118032513</md.createddatetime></md.dates><md.subjects><md.subject><md.pubtype.name/><md.doctype.name>DNR</md.doctype.name><md.doctype.rank/><md.view>CNGE</md.view><md.view>RGEurope</md.view><md.view>PTNewswires</md.view><md.view>ARKANEWS0063786</md.view><md.view>INALLNEWS_ACTEST</md.view><md.view>INFARNEWS_AC</md.view><md.view>MARKETSEIKON_CN</md.view><md.view>MARKETSEIKON</md.view><md.view>CB_ASIAWIRES</md.view><md.view>INWIRES_AC</md.view><md.view>GULF_INTL</md.view><md.view>ININTNEWS_AC</md.view><md.view>ANZ_INTLOS</md.view><md.view>CLEAR_RF</md.view><md.view>INALLNEWS_AC</md.view><md.view>INNEWSINT_PRO</md.view><md.view>INBUSNEWS</md.view><md.view>INNEWSWORLD_PRO</md.view><md.view>INBUSNEWS_AC</md.view></md.subject></md.subjects><md.jurisdictions><md.jurisdiction><md.jurisstate>FE</md.jurisstate></md.jurisdiction></md.jurisdictions><md.publications><md.publication/><md.sourcepubid>ARKANEWS</md.sourcepubid></md.publications><md.royalty><md.royalty.code>84104</md.royalty.code></md.royalty></metadata.block><news.metadata.block><md.text.preview>INFORMATION TECHNOLOGIESYEREVAN, November 18, /ARKA/. President Serzh Sargsyan received November 17 Evgeny Kaspersky - the winner of the 2015 RA Presidential Award in the area of Information Technologies (IT). E. Kaspersky, who was bestowed the</md.text.preview></news.metadata.block><newsplus.recommendable>1</newsplus.recommendable><n-view>CNGE</n-view><n-view>RGEurope</n-view><n-view>PTNewswires</n-view><n-view>ARKANEWS0063786</n-view><n-view>INALLNEWS_ACTEST</n-view><n-view>INFARNEWS_AC</n-view><n-view>MARKETSEIKON_CN</n-view><n-view>MARKETSEIKON</n-view><n-view>CB_ASIAWIRES</n-view><n-view>INWIRES_AC</n-view><n-view>GULF_INTL</n-view><n-view>ININTNEWS_AC</n-view><n-view>ANZ_INTLOS</n-view><n-view>CLEAR_RF</n-view><n-view>INALLNEWS_AC</n-view><n-view>INNEWSINT_PRO</n-view><n-view>INBUSNEWS</n-view><n-view>INNEWSWORLD_PRO</n-view><n-view>INBUSNEWS_AC</n-view><prism-stylesheet guid="Ia3024d301b6a11d89fc5f34981d3242f"/><prism-clipdate>20151118032513</prism-clipdate></n-metadata>
<n-docbody><document version="1" collection="D-ARKANEWS-T001" first-load-date="20151118032513" ip-product="ARKANEWS" royalty-id="84104" data-model="text" dtd-version="5.2.29" content-type="news" load-language="en" pnac="nNRA0fshxe" pnac-date="20151118T091822.502"><supplier-info><supplier-num nitf="doc-id" nitf-regsrc="ARKA News Agency" type="accession">706e000d70ceee17</supplier-num><internal-acc-num db-id="NEPRARKA" type="newz">20151118170.1_V706e000d70ceee17</internal-acc-num><rec-status><last-load-date>20151118032513</last-load-date><nitf-date ne="datereceived">20151118T09:18:22Z</nitf-date><nitf-date nitf="date-issue">20151118T00:00:00Z</nitf-date><last-provider-update>20151118091822</last-provider-update></rec-status><supplier-copyright>Copyright Â© 2015 ARKA<copyright-year/><copyright-holder>ARKA</copyright-holder></supplier-copyright><supplier-note nitf="urgency" nitf-ed-urg="4"/><nitf-meta-content name="recommendable">1</nitf-meta-content><nitf-meta-content name="_newsmlg2-hashtype=nr-htype:doc-group-fuzzy">19225|4907|110555|6508|48213|15094|86685|1123|107618|103358|59508|766|98619|104134|98366|74526|65631|96546|95428|78787|19817|32365|5599|28349|31935|91620|19101|18515|92026|88372|98583|80116|90958|64480|50200|48326|99565|19512|109837|110366|14723|75970|66075|100287|110605|12738|9439|27539|11261|533|2038|52009|26414|92969|11457|48973|58700|89301|105594|88087|</nitf-meta-content><nitf-meta-content name="_newsmlg2-hashtype=nr-htype:doc-group-content-length">2185</nitf-meta-content><nitf-meta-content name="_newsmlg2-hashtype=nr-htype:doc-group-simple">-6bffbe7a6110e77955f9cdfeb93398f808ea40bf</nitf-meta-content><supplier-dtds><dtd dtd-version="working" dtd-date="20151110T00:00:00Z">Canonical Taxonomy</dtd><dtd dtd-version="20151103" dtd-date="20151110T00:00:00Z">Mapping File</dtd></supplier-dtds><copyright-block type="dialog"><service-copyright n-include_guid="Ice671660f30811d88920000083149a14" n-include_collection="D-DIALOGCOPYRIGHTS-T001"/></copyright-block><copyright-block type="west"><service-copyright n-include_guid="I1DA35ED81DD211B281BAD200220BDFCA" n-include_collection="w_wlnv_msg"/></copyright-block><west-citation-block><bop/><first-line-cite><bos/>11/18/15 NEWS 00:00:00<eos/></first-line-cite><second-line-cite><bos/>11/18/15 ARKA News Agency 00:00:00<eos/></second-line-cite><eop/></west-citation-block></supplier-info><title-info iso-language="en"><bop/><title type="headline" nitf-hedline="hl1" key="key-title"><bos/><sort-title>YEVGENY KASPERSKY RECEIVES ARMENIAN PRESIDENT&apos;S GLOBAL IT AWARD</sort-title><eos/></title><eop/></title-info><pub-info><journal key="key-journal"><bop/><bos/><sort-journal>ARKA News Agency</sort-journal><eos/><eop/></journal><pub-date key="key-date" iso-time="T00:00:00Z" type="date.publication"><full-pub-date>November 18, 2015</full-pub-date><sort-pub-date>20151118</sort-pub-date><sort-pub-timestamp>20151118000000</sort-pub-timestamp><rank-date>20151118</rank-date><currency-timestamp>20151118000000</currency-timestamp></pub-date><original-pub><language iso-language="en">English</language></original-pub><src-data><src-journal-code>ANPV</src-journal-code><src-pub-code>0063786</src-pub-code><src-pub-type>Newswire</src-pub-type><src-pub-country-wrap><src-pub-country-code>GE</src-pub-country-code><src-pub-country>Georgia CIS</src-pub-country></src-pub-country-wrap><src-pub-region>Europe</src-pub-region></src-data></pub-info><content iso-language="en"><total-char-count>3526</total-char-count><derived-word-count><bop/><bos/>Word Count: 563<eos/><eop/></derived-word-count><text type="lead-para"><p nitf="lede"><bop/><bos/><cite.query w-seq-number="00001" w-ref-type="WC" w-normalized-cite="I76DF065242BE11DDA1BC0014224D2780" ID="I6709a0308dd611e59758e4d73b8d5a47">INFORMATION TECHNOLOGIES</cite.query><eos/><eop/></p><p nitf="lede"><bop/><bos/>YEREVAN, November 18, /ARKA/. <eos/><bos/>President Serzh Sargsyan received November 17 Evgeny Kaspersky - the winner of the 2015 RA Presidential Award in the area of <cite.query w-seq-number="00002" w-ref-type="WC" w-normalized-cite="I76DF065242BE11DDA1BC0014224D2780" ID="I6711dd908dd611e59758e4d73b8d5a47">Information Technologies</cite.query> (IT).<eos/><bos/> E. Kaspersky, who was bestowed the award for his global contribution to the IT area and his considerable input in the area of high technologies. <eos/><bos/>He is also a world-class specialist in the area of cyber security and the Director General of Kaspersky Lab - one of the leading private companies in the area.<eos/><eop/></p></text><text type="body"><p><bop/><bos/>The President of Armenia welcomed Evgeny Kaspersky and his spouse Khu Shirong and noted that Armenia attaches utmost importance to the development of the information technologies - one of the key branches of its economy. <eos/><bos/>Serzh Sargsyan stressed that the Lab headed by <cite.query w-seq-number="00003" w-ref-type="NM" w-normalized-cite="canonical_name::EVGENIY KASPERSKY" ID="I6719f3e08dd611e59758e4d73b8d5a47">Evgeniy Kaspersky</cite.query> is doing invaluable job in the area of cyber security and wished him every success in his very important work.<eos/><eop/></p><p><bop/><bos/>Evgeniy Kaspersky noted that this is his third visit to Armenia and each time he has been able to combine work with sightseeing and has wonderful impressions of our country. <eos/><bos/>He stressed that Armenia&apos;s progress in the IT area is noticeable.<eos/><eop/></p><p><bop/><bos/>&quot;I am very happy to receive this prestigious award. <eos/><bos/>I am also proud that I&apos;ve joined the list of the awardees which comprises true legends of the IT community. <eos/><bos/>I would like to thank the Executive Council for the award as well as for the opportunity to familiarize with the IT area in this country. <eos/><bos/>The world is becoming more computerized and digitalized, and significance of the information technologies in economy and social life continues to grow.<eos/><eop/></p><p><bop/><bos/>We will undoubtedly continue to support Armenia&apos;s initiatives aimed at the development of the IT area,&quot; said Evgeniy Kaspersky during his meeting with the President of Armenia.<eos/><eop/></p><p><bop/><bos/>After the meeting, at the Presidential Palace there took place the ceremony of cancelling a postage card and special envelope dedicated to the awardees of the RA Presidential Award in the IT area.<eos/><eop/></p><p><bop/><bos/>Later, on the occasion of the 2015 RA Presidential Award ceremony, at the Presidential Palace there was also held a reception in honor of Mr. Evgeny Kaspersky and Mrs. Khu Shirong.<eos/><eop/></p><p><bop/><bos/>Evgeny Kaspersky is the sixth winner of the RA Presidential Award for the global contribution to the area of <cite.query w-seq-number="00004" w-ref-type="WC" w-normalized-cite="I76DF065242BE11DDA1BC0014224D2780" ID="I67591fc08dd611e59758e4d73b8d5a47">Information Technologies</cite.query>. <eos/><bos/>The first award was bestowed on the former President of the Board of Directors of the <cite.query w-seq-number="00005" w-ref-type="MM" w-normalized-cite="canonical_name::INTEL CORP" ID="I67591fc18dd611e59758e4d73b8d5a47">Intel Corporation</cite.query> Craig Barrett in 2010, the second was awarded Steve Wozniak - cofounder of the <cite.query w-seq-number="00006" w-ref-type="NM" w-normalized-cite="canonical_name::APPLE COMPUTERS CORP" ID="I67591fc28dd611e59758e4d73b8d5a47">Apple Computers Corporation</cite.query> in 2011, the third went to the Honorary President of <cite.query w-seq-number="00007" w-ref-type="MM" w-normalized-cite="canonical_name::SYNAPTICS" ID="I67591fc38dd611e59758e4d73b8d5a47">Synaptics</cite.query> Federico Faggine in 2012, the fourth - to the President of the Union of Semiconductors Manufacturers Experts, President of <cite.query w-seq-number="00008" w-ref-type="NM" w-normalized-cite="canonical_name::TECHNO VISION" ID="I67591fc48dd611e59758e4d73b8d5a47">Techno Vision</cite.query> and former CEO of the <cite.query w-seq-number="00009" w-ref-type="NM" w-normalized-cite="canonical_name::HITACHI CO" ID="I67591fc58dd611e59758e4d73b8d5a47">Hitachi Company</cite.query> Tsugio Makimoto, and the fifth award went to Mario Mazzola - Chief Development Officer of <cite.query w-seq-number="00010" w-ref-type="NM" w-normalized-cite="canonical_name::CISCO CO" ID="I67591fc68dd611e59758e4d73b8d5a47">Cisco Company</cite.query>.<eos/><eop/></p><p><bop/><bos/>The RA Presidential Award in the area of <cite.query w-seq-number="00011" w-ref-type="WC" w-normalized-cite="I76DF065242BE11DDA1BC0014224D2780" ID="I6760c0e08dd611e59758e4d73b8d5a47">Information Technologies</cite.query> was established by the 2009 July 6 executive order of President Sargsyan and is intended to boost the development of the IT area. <eos/><bos/>The annual award is bestowed on the individuals who have made outstanding contribution to the IT area, whose input - technological, educational, administrative, and financial or other has resulted in the significant advancement in the IT area.<eos/><eop/></p><p><bop/><bos/>The nomination is carried out by the Award Committee appointed by the President of Armenia and by the international selection commission. <eos/><bos/>The Award comprises the Medal symbolizing Armenia and high technologies, a diploma and a symbolic souvenir. -0-<eos/><eop/></p></text></content><indexing iso-language="en" value-add="machine-generated"><classification-terms><pres-location-block><bop/><bos/><pres-location-wrap><pres-location>Armenia</pres-location><pres-location-code>ISOAM</pres-location-code><alt1-location-code>1AR09</alt1-location-code></pres-location-wrap><pres-location-wrap><pres-location>CIS Countries</pres-location><pres-location-code>CISSTAT</pres-location-code><alt1-location-code>1CI64</alt1-location-code></pres-location-wrap><pres-location-wrap><pres-location>Eastern Europe</pres-location><pres-location-code>GEOEEUR</pres-location-code><alt1-location-code>1EA48</alt1-location-code></pres-location-wrap><pres-location-wrap><pres-location>Europe</pres-location><pres-location-code>GEOEUR</pres-location-code><alt1-location-code>1EU83</alt1-location-code></pres-location-wrap><eos/><eop/></pres-location-block></classification-terms><classification-terms><pres-subject-block><bop/><bos/><pres-subject-wrap><pres-subject>Business Management</pres-subject><pres-subject-code>BIZMGMT</pres-subject-code><alt1-subject-code>1BU42</alt1-subject-code></pres-subject-wrap><pres-subject-wrap><pres-subject>CIS</pres-subject><pres-subject-code>GEOCIS</pres-subject-code><alt1-subject-code>1CI65</alt1-subject-code></pres-subject-wrap><pres-subject-wrap><pres-subject>Corporate Events</pres-subject><pres-subject-code>BUSEVENT</pres-subject-code><alt1-subject-code>1CR05</alt1-subject-code></pres-subject-wrap><pres-subject-wrap><pres-subject>Executive Personnel Changes</pres-subject><pres-subject-code>EXECMOVE</pres-subject-code><alt1-subject-code>1EX23</alt1-subject-code></pres-subject-wrap><pres-subject-wrap><pres-subject>HR &amp; Labor Management</pres-subject><pres-subject-code>HRMOVER</pres-subject-code><alt1-subject-code>1HR87</alt1-subject-code></pres-subject-wrap><pres-subject-wrap><pres-subject>Top World News</pres-subject><pres-subject-code>WRLDNEW</pres-subject-code><alt1-subject-code>1WO62</alt1-subject-code></pres-subject-wrap><pres-subject-wrap><pres-subject>World Organizations</pres-subject><pres-subject-code>GEOORGS</pres-subject-code><alt1-subject-code>1IN77</alt1-subject-code></pres-subject-wrap><eos/><eop/></pres-subject-block><pres-industry-block><bop/><bos/><pres-industry-wrap><pres-industry>Business Services</pres-industry><pres-industry-code>PTBIZSRV</pres-industry-code><alt1-industry-code>1BU80</alt1-industry-code></pres-industry-wrap><pres-industry-wrap><pres-industry>Generic Drugs</pres-industry><pres-industry-code>PHMGNRIC</pres-industry-code><alt1-industry-code>1GE93</alt1-industry-code></pres-industry-wrap><pres-industry-wrap><pres-industry>Pharmaceuticals</pres-industry><pres-industry-code>PHARMA</pres-industry-code><alt1-industry-code>1PH33</alt1-industry-code></pres-industry-wrap><pres-industry-wrap><pres-industry>Pharmaceuticals &amp; Biotechnology</pres-industry><pres-industry-code>PHARMIND</pres-industry-code><alt1-industry-code>1PH13</alt1-industry-code></pres-industry-wrap><eos/><eop/></pres-industry-block></classification-terms><classification-terms><rcs-block><rcs>G:B2</rcs><rcs>B:49</rcs><rcs>E:4B</rcs><rcs>G:7I</rcs><rcs>B:157</rcs><rcs>B:156</rcs><rcs>G:Y</rcs><rcs>B:195</rcs><rcs>B:43</rcs><rcs>M:Z</rcs><rcs>B:160</rcs><rcs>G:B</rcs><rcs>G:A</rcs><rcs>E:C</rcs><rcs>M:E7</rcs><rcs>G:AJ</rcs><rcs>E:1</rcs><rcs>M:DU</rcs></rcs-block></classification-terms><extraction-terms><extr-company-block><bop/><bos/><extr-company>Cisco Company</extr-company><extr-company-wrap><extr-company-name>Cisco Company</extr-company-name><relevancy engine="1C">0.2</relevancy><confidence engine="1C">0.68</confidence></extr-company-wrap><extr-company>Tsugio Makimoto</extr-company><extr-company-wrap><extr-company-name>Tsugio Makimoto</extr-company-name><relevancy engine="1C">0.2</relevancy><confidence engine="1C">0.85</confidence></extr-company-wrap><norm-company oa-id="4295905573">APPLE INC</norm-company><norm-company-wrap occur-sequence="4"><norm-company-name>APPLE INC</norm-company-name><company-ids><oa-id>4295905573</oa-id><ric norm="AAPL.OQ">AAPL.OQ</ric></company-ids><company-classification><trbc-wrap><trbc type="RCS">B:1758</trbc><trbc type="2012">5710601010</trbc><trbc type="perm-id">4294951243</trbc></trbc-wrap></company-classification><relevancy engine="1C">0.2</relevancy><confidence engine="1C">0.99</confidence></norm-company-wrap><norm-company oa-id="4295877325">HITACHI LTD</norm-company><norm-company-wrap occur-sequence="7"><norm-company-name>HITACHI LTD</norm-company-name><company-ids><oa-id>4295877325</oa-id><ric norm="6501.T">6501.T</ric></company-ids><company-classification><trbc-wrap><trbc type="RCS">B:1251</trbc><trbc type="2012">5230101010</trbc><trbc type="perm-id">4294951750</trbc></trbc-wrap></company-classification><relevancy engine="1C">0.2</relevancy><confidence engine="1C">0.99</confidence></norm-company-wrap><norm-company oa-id="4295906830">INTEL CORP</norm-company><norm-company-wrap occur-sequence="3"><norm-company-name>INTEL CORP</norm-company-name><company-ids><oa-id>4295906830</oa-id><ric norm="INTC.OQ">INTC.OQ</ric></company-ids><company-classification><trbc-wrap><trbc type="RCS">B:1740</trbc><trbc type="2012">5710101010</trbc><trbc type="perm-id">4294951261</trbc></trbc-wrap></company-classification><relevancy engine="1C">0.2</relevancy><confidence engine="1C">1</confidence></norm-company-wrap><norm-company oa-id="4295901980">SYNAPTICS INC</norm-company><norm-company-wrap occur-sequence="5"><norm-company-name>SYNAPTICS INC</norm-company-name><company-ids><oa-id>4295901980</oa-id><ric norm="SYNA.OQ">SYNA.OQ</ric></company-ids><company-classification><trbc-wrap><trbc type="RCS">B:1758</trbc><trbc type="2012">5710601010</trbc><trbc type="perm-id">4294951243</trbc></trbc-wrap></company-classification><relevancy engine="1C">0.2</relevancy><confidence engine="1C">0.88</confidence></norm-company-wrap><norm-company oa-id="5038907447">TECHNO VISION APS</norm-company><norm-company-wrap occur-sequence="6"><norm-company-name>TECHNO VISION APS</norm-company-name><company-ids><oa-id>5038907447</oa-id></company-ids><relevancy engine="1C">0.2</relevancy><confidence engine="1C">0.63</confidence></norm-company-wrap><norm-company oa-id="4295908468">WESTELL TECHNOLOGIES INC</norm-company><norm-company-wrap occur-sequence="1,2,8"><norm-company-name>WESTELL TECHNOLOGIES INC</norm-company-name><company-ids><oa-id>4295908468</oa-id><ric norm="WSTL.OQ">WSTL.OQ</ric></company-ids><company-classification><trbc-wrap><trbc type="RCS">B:1769</trbc><trbc type="2012">5710602011</trbc><trbc type="perm-id">4294951232</trbc></trbc-wrap></company-classification><relevancy engine="1C">0.2</relevancy><confidence engine="1C">0.92</confidence></norm-company-wrap><eos/><eop/></extr-company-block></extraction-terms><extraction-terms><extr-person-block><bop/><bos/><extr-person>Khu Shirong</extr-person><extr-person-wrap><extr-person-name>Khu Shirong</extr-person-name><relevancy engine="1C">0.2</relevancy></extr-person-wrap><extr-person>Serzh Sargsyan</extr-person><extr-person-wrap><extr-person-name>Serzh Sargsyan</extr-person-name><relevancy engine="1C">0.2</relevancy></extr-person-wrap><extr-person>Federico Faggine</extr-person><extr-person-wrap><extr-person-name>Federico Faggine</extr-person-name><relevancy engine="1C">0.2</relevancy></extr-person-wrap><extr-person>E. Kaspersky</extr-person><extr-person-wrap><extr-person-name>E. Kaspersky</extr-person-name><relevancy engine="1C">0.2</relevancy></extr-person-wrap><extr-person>Evgeny Kaspersky</extr-person><extr-person-wrap><extr-person-name>Evgeny Kaspersky</extr-person-name><relevancy engine="1C">0.2</relevancy></extr-person-wrap><extr-person>Mario Mazzola</extr-person><norm-person-wrap><norm-person-name>Mario Mazzola</norm-person-name><person-ids><od-auth-id>55802</od-auth-id><od-officer-id>55802</od-officer-id><person-perm-id>34413176616</person-perm-id></person-ids><relevancy engine="1C">0.2</relevancy></norm-person-wrap><extr-person>Mario Mazzola</extr-person><extr-person-wrap><extr-person-name>Mario Mazzola</extr-person-name><relevancy engine="1C">0.2</relevancy></extr-person-wrap><extr-person>Steve Wozniak</extr-person><extr-person-wrap><extr-person-name>Steve Wozniak</extr-person-name><relevancy engine="1C">0.2</relevancy></extr-person-wrap><extr-person>Evgeniy Kaspersky</extr-person><extr-person-wrap><extr-person-name>Evgeniy Kaspersky</extr-person-name><relevancy engine="1C">0.2</relevancy></extr-person-wrap><eos/><eop/></extr-person-block></extraction-terms></indexing></document></n-docbody>
</n-document>
<n-document guid="Ic4cbdbc08d2c11e581c5b5dbd775c426"><n-metadata><metadata.block><md.identifiers><md.cites><md.first.line.cite>11/17/15 NEWS 00:00:00</md.first.line.cite><md.second.line.cite>11/17/15 ARKA News Agency 00:00:00</md.second.line.cite></md.cites><md.uuid>Ic4cbdbc08d2c11e581c5b5dbd775c426</md.uuid></md.identifiers><md.infotype>news</md.infotype><md.sortkeys><md.ordersequence>f47363bec</md.ordersequence></md.sortkeys><md.descriptions><md.title>NASDAQ OMX ARMENIA STOCK EXCHANGE AND CONSULTING DZON ANNOUNCE THE LAUNCH OF LEARN TO INVEST. PROJECT</md.title><md.westlawdescrip><md.readlist>READLIST</md.readlist></md.westlawdescrip></md.descriptions><md.dates><md.publisheddatetime>20151117071500</md.publisheddatetime><md.loaddate>20151117</md.loaddate><md.createddatetime>20151117071500</md.createddatetime></md.dates><md.subjects><md.subject><md.pubtype.name/><md.doctype.name>DNR</md.doctype.name><md.doctype.rank/><md.view>CNGE</md.view><md.view>RGEurope</md.view><md.view>PTNewswires</md.view><md.view>ARKANEWS0063786</md.view><md.view>INALLNEWS_ACTEST</md.view><md.view>INFARNEWS_AC</md.view><md.view>MARKETSEIKON_CN</md.view><md.view>MARKETSEIKON</md.view><md.view>CB_ASIAWIRES</md.view><md.view>INWIRES_AC</md.view><md.view>GULF_INTL</md.view><md.view>ININTNEWS_AC</md.view><md.view>ANZ_INTLOS</md.view><md.view>CLEAR_RF</md.view><md.view>INALLNEWS_AC</md.view><md.view>INNEWSINT_PRO</md.view><md.view>INBUSNEWS</md.view><md.view>INNEWSWORLD_PRO</md.view><md.view>INBUSNEWS_AC</md.view></md.subject></md.subjects><md.jurisdictions><md.jurisdiction><md.jurisstate>FE</md.jurisstate></md.jurisdiction></md.jurisdictions><md.publications><md.publication/><md.sourcepubid>ARKANEWS</md.sourcepubid></md.publications><md.royalty><md.royalty.code>84104</md.royalty.code></md.royalty></metadata.block><news.metadata.block><md.text.preview>STOCK MARKETYEREVAN, November 17. /ARKA/. NASDAQ OMX Armenia stock exchange and Consulting Dzon firm have announced the launch of a new educational project for the securities market called &quot;Learn to Invest.&quot;</md.text.preview></news.metadata.block><newsplus.recommendable>1</newsplus.recommendable><n-view>CNGE</n-view><n-view>RGEurope</n-view><n-view>PTNewswires</n-view><n-view>ARKANEWS0063786</n-view><n-view>INALLNEWS_ACTEST</n-view><n-view>INFARNEWS_AC</n-view><n-view>MARKETSEIKON_CN</n-view><n-view>MARKETSEIKON</n-view><n-view>CB_ASIAWIRES</n-view><n-view>INWIRES_AC</n-view><n-view>GULF_INTL</n-view><n-view>ININTNEWS_AC</n-view><n-view>ANZ_INTLOS</n-view><n-view>CLEAR_RF</n-view><n-view>INALLNEWS_AC</n-view><n-view>INNEWSINT_PRO</n-view><n-view>INBUSNEWS</n-view><n-view>INNEWSWORLD_PRO</n-view><n-view>INBUSNEWS_AC</n-view><prism-stylesheet guid="Ia3024d301b6a11d89fc5f34981d3242f"/><prism-clipdate>20151117071500</prism-clipdate></n-metadata>
<n-docbody><document version="1" collection="D-ARKANEWS-T001" first-load-date="20151117071500" ip-product="ARKANEWS" royalty-id="84104" data-model="text" dtd-version="5.2.29" content-type="news" load-language="en" pnac="nNRA0fnjie" pnac-date="20151117T131152.444"><supplier-info><supplier-num nitf="doc-id" nitf-regsrc="ARKA News Agency" type="accession">55040003d3e94bad</supplier-num><internal-acc-num db-id="NEPRARKA" type="newz">20151117170.1_V55040003d3e94bad</internal-acc-num><rec-status><last-load-date>20151117071500</last-load-date><nitf-date ne="datereceived">20151117T13:11:52Z</nitf-date><nitf-date nitf="date-issue">20151117T00:00:00Z</nitf-date><last-provider-update>20151117131152</last-provider-update></rec-status><supplier-copyright>Copyright Â© 2015 ARKA<copyright-year/><copyright-holder>ARKA</copyright-holder></supplier-copyright><supplier-note nitf="urgency" nitf-ed-urg="4"/><nitf-meta-content name="recommendable">0</nitf-meta-content><nitf-meta-content name="_newsmlg2-hashtype=nr-htype:doc-group-fuzzy">18907|87511|98619|46897|57684|31935|47953|28270|10798|79811|32097|51909|41888|93066|32280|103059|34267|6868|16303|51902|31950|13415|99491|66717|61020|37711|64722|30817|76847|24943|20942|66273|35407|22369|33633|90427|13986|19877|44443|9696|61794|103496|72741|52237|103430|79788|28158|14132|29413|77845|53814|7484|15491|112196|13839|100036|81302|102805|67943|8269|</nitf-meta-content><nitf-meta-content name="_newsmlg2-hashtype=nr-htype:doc-group-content-length">1017</nitf-meta-content><nitf-meta-content name="_newsmlg2-hashtype=nr-htype:doc-group-simple">32cac14e2131d5194a4ca4fd2a841b67d8bee32f</nitf-meta-content><supplier-dtds><dtd dtd-version="working" dtd-date="20151110T00:00:00Z">Canonical Taxonomy</dtd><dtd dtd-version="20151103" dtd-date="20151110T00:00:00Z">Mapping File</dtd></supplier-dtds><copyright-block type="dialog"><service-copyright n-include_guid="Ice671660f30811d88920000083149a14" n-include_collection="D-DIALOGCOPYRIGHTS-T001"/></copyright-block><copyright-block type="west"><service-copyright n-include_guid="I1DA35ED81DD211B281BAD200220BDFCA" n-include_collection="w_wlnv_msg"/></copyright-block><west-citation-block><bop/><first-line-cite><bos/>11/17/15 NEWS 00:00:00<eos/></first-line-cite><second-line-cite><bos/>11/17/15 ARKA News Agency 00:00:00<eos/></second-line-cite><eop/></west-citation-block></supplier-info><title-info iso-language="en"><bop/><title type="headline" nitf-hedline="hl1" key="key-title"><bos/><sort-title><cite.query w-seq-number="00001" w-ref-type="CO" w-normalized-cite="IB3F93E8029C011DF9BD7C7F341E042AB" ID="I63e7f9a08d2d11e5816ae2030f04de6b">NASDAQ</cite.query> OMX ARMENIA STOCK EXCHANGE AND CONSULTING DZON ANNOUNCE THE LAUNCH OF LEARN TO INVEST. PROJECT</sort-title><eos/></title><eop/></title-info><pub-info><journal key="key-journal"><bop/><bos/><sort-journal>ARKA News Agency</sort-journal><eos/><eop/></journal><pub-date key="key-date" iso-time="T00:00:00Z" type="date.publication"><full-pub-date>November 17, 2015</full-pub-date><sort-pub-date>20151117</sort-pub-date><sort-pub-timestamp>20151117000000</sort-pub-timestamp><rank-date>20151117</rank-date><currency-timestamp>20151117000000</currency-timestamp></pub-date><original-pub><language iso-language="en">English</language></original-pub><src-data><src-journal-code>ANPV</src-journal-code><src-pub-code>0063786</src-pub-code><src-pub-type>Newswire</src-pub-type><src-pub-country-wrap><src-pub-country-code>GE</src-pub-country-code><src-pub-country>Georgia CIS</src-pub-country></src-pub-country-wrap><src-pub-region>Europe</src-pub-region></src-data></pub-info><content iso-language="en"><total-char-count>1805</total-char-count><derived-word-count><bop/><bos/>Word Count: 281<eos/><eop/></derived-word-count><text type="lead-para"><p nitf="lede"><bop/><bos/>STOCK MARKET<eos/><eop/></p><p nitf="lede"><bop/><bos/>YEREVAN, November 17. /ARKA/. <eos/><bos/><cite.query w-seq-number="00002" w-ref-type="CO" w-normalized-cite="IB3F93E8029C011DF9BD7C7F341E042AB" ID="I63f037008d2d11e5816ae2030f04de6b">NASDAQ</cite.query> OMX Armenia stock exchange and Consulting Dzon firm have announced the launch of a new educational project for the securities market called &quot;Learn to Invest.&quot;<eos/><eop/></p></text><text type="body"><p><bop/><bos/>The project is designed to help people obtain business skills in the field of securities as well as increase their financial literacy.<eos/><eop/></p><p><bop/><bos/>The educational programs of Consulting Dzon will include a wide range of courses, including free seminars and workshops for everyone to get basic knowledge about the securities market and financial instruments. <eos/><bos/>It will also organize advanced courses and workshops to improve the skills of market participants.<eos/><eop/></p><p><bop/><bos/>The courses will be conducted by lecturers who, in addition to in-depth knowledge of the theory also have extensive experience in international financial markets. <eos/><bos/>The focus of the courses will be on the practical aspects of the development of business skills.<eos/><eop/></p><p><bop/><bos/>Consulting Dzon and its Western partners provide consulting services in the field of finance and business to a wide range of retail and institutional clients.<eos/><eop/></p><p><bop/><bos/><cite.query w-seq-number="00003" w-ref-type="CO" w-normalized-cite="IB3F93E8029C011DF9BD7C7F341E042AB" ID="I64071a608d2d11e5816ae2030f04de6b">NASDAQ</cite.query> OMX Armenia is the new name of the <cite.query w-seq-number="00004" w-ref-type="CO" w-normalized-cite="IFC75AA8441EC11DDAD6B0014224D2780" ID="I64071a618d2d11e5816ae2030f04de6b">Armenian Stock Exchange</cite.query> ojsc (renamed on January 27, 2009); however, it is also used to refer jointly to the stock exchange and the Central Depository of Armenia ojsc (CDA), as the both companies have been members of the <cite.query w-seq-number="00005" w-ref-type="CO" w-normalized-cite="I259E58B041EA11DDAD6B0014224D2780" ID="I64071a628d2d11e5816ae2030f04de6b">NASDAQ OMX Group, Inc.</cite.query> since early 2008.<eos/><eop/></p><p><bop/><bos/><cite.query w-seq-number="00006" w-ref-type="CO" w-normalized-cite="IB3F93E8029C011DF9BD7C7F341E042AB" ID="I641fd2808d2d11e5816ae2030f04de6b">NASDAQ</cite.query> OMX Armenia and the <cite.query w-seq-number="00007" w-ref-type="MM" w-normalized-cite="canonical_name::CDA" ID="I641fd2818d2d11e5816ae2030f04de6b">CDA</cite.query> are the major securities market infrastructure institutions in Armenia. <eos/><bos/>Since their inception in 2000, both companies had operated as self-regulatory organizations established by member broker companies, up until demutualization in 2007.<eos/><eop/></p><p><bop/><bos/><cite.query w-seq-number="00008" w-ref-type="CO" w-normalized-cite="IB3F93E8029C011DF9BD7C7F341E042AB" ID="I643926e08d2d11e5816ae2030f04de6b">NASDAQ</cite.query> OMX Armenia is a part of the world&apos;s largest exchange company, the <cite.query w-seq-number="00009" w-ref-type="CO" w-normalized-cite="I259E58B041EA11DDAD6B0014224D2780" ID="I643926e18d2d11e5816ae2030f04de6b">NASDAQ OMX Group, Inc.</cite.query> In late June there were 16 companies listed at <cite.query w-seq-number="00010" w-ref-type="CO" w-normalized-cite="IB3F93E8029C011DF9BD7C7F341E042AB" ID="I643926e28d2d11e5816ae2030f04de6b">Nasdaq</cite.query> OMX Armenia. -0-<eos/><eop/></p></text></content><indexing iso-language="en" value-add="machine-generated"><classification-terms><pres-location-block><bop/><bos/><pres-location-wrap><pres-location>Armenia</pres-location><pres-location-code>ISOAM</pres-location-code><alt1-location-code>1AR09</alt1-location-code></pres-location-wrap><pres-location-wrap><pres-location>CIS Countries</pres-location><pres-location-code>CISSTAT</pres-location-code><alt1-location-code>1CI64</alt1-location-code></pres-location-wrap><pres-location-wrap><pres-location>Eastern Europe</pres-location><pres-location-code>GEOEEUR</pres-location-code><alt1-location-code>1EA48</alt1-location-code></pres-location-wrap><pres-location-wrap><pres-location>Europe</pres-location><pres-location-code>GEOEUR</pres-location-code><alt1-location-code>1EU83</alt1-location-code></pres-location-wrap><eos/><eop/></pres-location-block></classification-terms><classification-terms><pres-subject-block><bop/><bos/><pres-subject-wrap><pres-subject>Business Management</pres-subject><pres-subject-code>BIZMGMT</pres-subject-code><alt1-subject-code>1BU42</alt1-subject-code></pres-subject-wrap><pres-subject-wrap><pres-subject>CIS</pres-subject><pres-subject-code>GEOCIS</pres-subject-code><alt1-subject-code>1CI65</alt1-subject-code></pres-subject-wrap><pres-subject-wrap><pres-subject>Education</pres-subject><pres-subject-code>EDFRONT</pres-subject-code><alt1-subject-code>1ED85</alt1-subject-code></pres-subject-wrap><pres-subject-wrap><pres-subject>Exchange Listings &amp; Delistings</pres-subject><pres-subject-code>DELIST</pres-subject-code><alt1-subject-code>1EX12</alt1-subject-code></pres-subject-wrap><pres-subject-wrap><pres-subject>Financial Markets</pres-subject><pres-subject-code>BOURSE</pres-subject-code><alt1-subject-code>1FI87</alt1-subject-code></pres-subject-wrap><pres-subject-wrap><pres-subject>Sales &amp; Marketing</pres-subject><pres-subject-code>MKTFRONT</pres-subject-code><alt1-subject-code>1MA51</alt1-subject-code></pres-subject-wrap><pres-subject-wrap><pres-subject>Technology in Education</pres-subject><pres-subject-code>EDADMIN</pres-subject-code><alt1-subject-code>1TE07</alt1-subject-code></pres-subject-wrap><pres-subject-wrap><pres-subject>World Organizations</pres-subject><pres-subject-code>GEOORGS</pres-subject-code><alt1-subject-code>1IN77</alt1-subject-code></pres-subject-wrap><eos/><eop/></pres-subject-block><pres-industry-block><bop/><bos/><pres-industry-wrap><pres-industry>Financial Services</pres-industry><pres-industry-code>FINSVC</pres-industry-code><alt1-industry-code>1FI37</alt1-industry-code></pres-industry-wrap><pres-industry-wrap><pres-industry>I.T.</pres-industry><pres-industry-code>ITOVER</pres-industry-code><alt1-industry-code>1IT96</alt1-industry-code></pres-industry-wrap><pres-industry-wrap><pres-industry>I.T. Vertical Markets</pres-industry><pres-industry-code>IAS</pres-industry-code><alt1-industry-code>1IT38</alt1-industry-code></pres-industry-wrap><pres-industry-wrap><pres-industry>I.T. in Education</pres-industry><pres-industry-code>ITEDU</pres-industry-code><alt1-industry-code>1IT61</alt1-industry-code></pres-industry-wrap><eos/><eop/></pres-industry-block></classification-terms><classification-terms><rcs-block><rcs>E:6</rcs><rcs>B:125</rcs><rcs>G:B2</rcs><rcs>G:7I</rcs><rcs>G:Y</rcs><rcs>E:5G</rcs><rcs>M:NL</rcs><rcs>B:161</rcs><rcs>B:93</rcs><rcs>G:B</rcs><rcs>G:A</rcs><rcs>M:F</rcs><rcs>M:I4</rcs><rcs>G:AJ</rcs><rcs>M:DU</rcs></rcs-block></classification-terms><extraction-terms><extr-company-block><bop/><bos/><norm-company oa-id="4295867677">ALPES SA</norm-company><norm-company-wrap occur-sequence="7"><norm-company-name>ALPES SA</norm-company-name><company-ids><oa-id>4295867677</oa-id><ric norm="CDAF.PA">CDAF.PA</ric></company-ids><company-classification><trbc-wrap><trbc type="RCS">B:1419</trbc><trbc type="2012">5330104010</trbc><trbc type="perm-id">4294951582</trbc></trbc-wrap></company-classification><relevancy engine="1C">0.2</relevancy><confidence engine="1C">0.92</confidence></norm-company-wrap><norm-company oa-id="5000143907">NASDAQ OMX ARMENIA OPEN JSK</norm-company><norm-company-wrap occur-sequence="1,2,3,4,6,8,10"><norm-company-name>NASDAQ OMX ARMENIA OPEN JSK</norm-company-name><company-ids><oa-id>5000143907</oa-id></company-ids><relevancy engine="1C">0.8</relevancy><confidence engine="1C">0.99</confidence></norm-company-wrap><norm-company oa-id="8589934167">NASDAQ INC</norm-company><norm-company-wrap occur-sequence="5,9"><norm-company-name>NASDAQ INC</norm-company-name><company-ids><oa-id>8589934167</oa-id><ric norm="NDAQ.OQ">NDAQ.OQ</ric></company-ids><company-classification><trbc-wrap><trbc type="RCS">B:1648</trbc><trbc type="2012">5510205010</trbc><trbc type="perm-id">4294951353</trbc></trbc-wrap></company-classification><relevancy engine="1C">0.2</relevancy><confidence engine="1C">0.99</confidence></norm-company-wrap><eos/><eop/></extr-company-block></extraction-terms></indexing></document></n-docbody>
</n-document>
<n-document guid="I339596b08c7211e5981cbb7e05981996"><n-metadata><metadata.block><md.identifiers><md.cites><md.parallelcite><md.parallelcite.info><md.display.parallelcite type="WLNR">2015 WLNR 34035263</md.display.parallelcite></md.parallelcite.info></md.parallelcite><md.first.line.cite>11/16/15 BANKSVCS (No Page)</md.first.line.cite><md.second.line.cite>11/16/15 ARKA Banking Services Bull. (Pg. Unavail. Online)</md.second.line.cite></md.cites><md.uuid>I339596b08c7211e5981cbb7e05981996</md.uuid></md.identifiers><md.infotype>news</md.infotype><md.sortkeys><md.ordersequence>f469da56c</md.ordersequence></md.sortkeys><md.descriptions><md.title>PRESS-CLIPPING</md.title><md.westlawdescrip><md.readlist>READLIST</md.readlist></md.westlawdescrip></md.descriptions><md.dates><md.publisheddatetime>20151116090428</md.publisheddatetime><md.loaddate>20151116</md.loaddate><md.createddatetime>20151116090428</md.createddatetime></md.dates><md.subjects><md.subject><md.pubtype.name/><md.doctype.name>DNR</md.doctype.name><md.doctype.rank/><md.view>CNAM</md.view><md.view>RGEurope</md.view><md.view>PTMagazines</md.view><md.view>ARKANEWS0064119</md.view><md.view>ININTNEWS_AC</md.view><md.view>INFINNEWS</md.view><md.view>INALLNEWS_ACTEST</md.view><md.view>INFARNEWS_AC</md.view><md.view>ANZ_INTLBTI</md.view><md.view>INALLNEWS_AC</md.view><md.view>CLEAR_RF</md.view><md.view>INBUSNEWS</md.view><md.view>INBANKNEWS_AC</md.view><md.view>INBUSNEWS_AC</md.view></md.subject></md.subjects><md.jurisdictions><md.jurisdiction><md.jurisstate>FE</md.jurisstate></md.jurisdiction></md.jurisdictions><md.publications><md.publication/><md.sourcepubid>ARKANEWS</md.sourcepubid></md.publications><md.royalty><md.royalty.code>77232</md.royalty.code></md.royalty></metadata.block><news.metadata.block><md.text.preview>A monitoring of Armenian media reports on the local commercial banks performance released over a period between November 9 and 13 shows that the then top news item was that Armenia&apos;s Central Bank had cut its key refinancing rate to 9.75 percent</md.text.preview></news.metadata.block><newsplus.recommendable/><n-view>CNAM</n-view><n-view>RGEurope</n-view><n-view>PTMagazines</n-view><n-view>ARKANEWS0064119</n-view><n-view>ININTNEWS_AC</n-view><n-view>INFINNEWS</n-view><n-view>INALLNEWS_ACTEST</n-view><n-view>INFARNEWS_AC</n-view><n-view>ANZ_INTLBTI</n-view><n-view>INALLNEWS_AC</n-view><n-view>CLEAR_RF</n-view><n-view>INBUSNEWS</n-view><n-view>INBANKNEWS_AC</n-view><n-view>INBUSNEWS_AC</n-view><prism-stylesheet guid="Ia3024d301b6a11d89fc5f34981d3242f"/><prism-clipdate>20151116090428</prism-clipdate></n-metadata>
<n-docbody><document version="1" collection="D-ARKANEWS-T001" first-load-date="20151116090428" ip-product="ARKANEWS" royalty-id="77232" data-model="text" dtd-version="5.2.29" content-type="news" load-language="en" pnac="nNRA0fj0dn" pnac-date="20151116T145622.427"><supplier-info><supplier-num nitf="doc-id" nitf-regsrc="ARKA Banking Services Bulletin" type="accession">50b1004fe2ce50f7</supplier-num><internal-acc-num db-id="NEPRARKA" type="newz">20151116170.4_V50b1004fe2ce50f7</internal-acc-num><rec-status><last-load-date>20151116193715</last-load-date><nitf-date ne="datereceived">20151116T14:56:22Z</nitf-date><nitf-date nitf="date-issue">20151116T00:00:00Z</nitf-date><last-provider-update>20151116145622</last-provider-update></rec-status><supplier-copyright>Copyright Â© 2015 ARKA<copyright-year/><copyright-holder>ARKA</copyright-holder></supplier-copyright><supplier-note nitf="urgency" nitf-ed-urg="4"/><supplier-dtds><dtd dtd-version="working" dtd-date="20151110T00:00:00Z">Canonical Taxonomy</dtd><dtd dtd-version="20151103" dtd-date="20151110T00:00:00Z">Mapping File</dtd></supplier-dtds><copyright-block type="dialog"><service-copyright n-include_guid="Ice671660f30811d88920000083149a14" n-include_collection="D-DIALOGCOPYRIGHTS-T001"/></copyright-block><copyright-block type="west"><service-copyright n-include_guid="I1DA35ED81DD211B281BAD200220BDFCA" n-include_collection="w_wlnv_msg"/></copyright-block><west-citation-block><bop/><first-line-cite><bos/>11/16/15 BANKSVCS (No Page)<eos/></first-line-cite><second-line-cite><bos/>11/16/15 ARKA Banking Services Bull. (Pg. Unavail. Online)<eos/></second-line-cite><westlawcite><bos/>2015 WLNR 34035263<eos/></westlawcite><eop/></west-citation-block></supplier-info><title-info iso-language="en"><bop/><title type="headline" nitf-hedline="hl1" key="key-title"><bos/><sort-title>PRESS-CLIPPING</sort-title><eos/></title><eop/></title-info><pub-info><journal key="key-journal"><bop/><bos/><sort-journal>ARKA Banking Services Bulletin</sort-journal><eos/><eop/></journal><pub-date key="key-date" iso-time="T00:00:00Z" type="date.publication"><full-pub-date>November 16, 2015</full-pub-date><sort-pub-date>20151116</sort-pub-date><sort-pub-timestamp>20151116000000</sort-pub-timestamp><rank-date>20151116</rank-date><currency-timestamp>20151116000000</currency-timestamp></pub-date><original-pub><language iso-language="en">English</language></original-pub><src-data><src-journal-code>ANPY</src-journal-code><src-pub-code>0064119</src-pub-code><src-pub-type>Newsletter</src-pub-type><src-pub-country-wrap><src-pub-country-code>AM</src-pub-country-code><src-pub-country>Armenia</src-pub-country></src-pub-country-wrap><src-pub-region>Europe</src-pub-region></src-data></pub-info><content iso-language="en"><total-char-count>8734</total-char-count><derived-word-count><bop/><bos/>Word Count: 1340<eos/><eop/></derived-word-count><text type="lead-para"><p nitf="lede"><bop/><bos/>A monitoring of Armenian media reports on the local commercial banks performance released over a period between November 9 and 13 shows that the then top news item was that Armenia&apos;s <cite.query w-seq-number="00001" w-ref-type="MM" w-normalized-cite="canonical_name::CENTRAL BANK" ID="Ie435f7e08ccb11e5ada5b1f2a03d2601">Central Bank</cite.query> had cut its key refinancing rate to 9.75 percent from 10.25 percent.<eos/><eop/></p><p nitf="lede"><bop/><bos/>The <cite.query w-seq-number="00002" w-ref-type="CO" w-normalized-cite="I706C7C4142B311DDA5520014224D2780" ID="Ie43cfcc08ccb11e5ada5b1f2a03d2601">Central Bank of Armenia</cite.query> has also mitigated the process of mandatory reservation of the financial resources attracted by banks.<eos/><eop/></p></text><text type="body"><p><bop/><bos/>The Armenian National Assembly allowed the central bank to institute a new position in its structure, particularly the post of the second deputy of the bank chairman.<eos/><eop/></p><p><bop/><bos/>It has also become known from media reports that Armenian Armeconombank ojsc and <cite.query w-seq-number="00003" w-ref-type="NM" w-normalized-cite="canonical_name::BLUEORCHARD MICROFINANCE FUND LLC" ID="Ie44735f08ccb11e5ada5b1f2a03d2601">BlueOrchard Microfinance Fund LLC</cite.query>, an investment company located in Grand Duchy of Luxembourg, had signed a $3 million loan agreement, proceeds from which will be used for on-lending to and development of micro and small businesses in Armenia.<eos/><eop/></p><p><bop/><bos/>According to media reports, VTB Bank (Armenia) has issued its 500,000th plastic card.<eos/><eop/></p><p><bop/><bos/>In the time span from November 9 to 13 media carried reports about two Armenian banks.<eos/><eop/></p><p><bop/><bos/>Azg, Golos Armenii, Novoe <cite.query w-seq-number="00004" w-ref-type="NM" w-normalized-cite="canonical_name::VREMYA" ID="Ie45910408ccb11e5ada5b1f2a03d2601">Vremya</cite.query>, Aravot, Delovoy Express, Hayastani Hanrapetutyun, Respublika Armenia, Haykakan Zhamanak, Hayots Ashkhar, Iravunk, Hraparak, Chorrord Ishkhanutyun, Zhamanak, Zhoghovurd and 168 Zham newspapers were used to collect the information. <eos/><bos/>Panarmenian, ARKA, Armbanks, Banks, Arminfo, Finport and Panorama and <cite.query w-seq-number="00005" w-ref-type="MM" w-normalized-cite="canonical_name::EBANK" ID="Ie45910418ccb11e5ada5b1f2a03d2601">Ebank</cite.query> Internet resources were used as well. ---0---<eos/><eop/></p><section-title>ARMECONOMBANK TO RECEIVE $3 MILLION LOAN FROM BLUEORCHARD MICROFINANCE FUND LLC</section-title><p><bop/><bos/>Armenian Armeconombank ojsc and <cite.query w-seq-number="00006" w-ref-type="NM" w-normalized-cite="canonical_name::BLUEORCHARD MICROFINANCE FUND LLC" ID="Ie46656b08ccb11e5ada5b1f2a03d2601">BlueOrchard Microfinance Fund LLC</cite.query>, an investment company located in Grand Duchy of Luxembourg, signed a $3 million loan agreement, proceeds from which will be used for on-lending to and development of micro and small businesses in Armenia.<eos/><eop/></p><p><bop/><bos/>According to a press release by Armeconombank, it has been cooperating with <cite.query w-seq-number="00007" w-ref-type="NM" w-normalized-cite="canonical_name::BLUEORCHARD MICROFINANCE FUND LLC" ID="Ie47f5cf08ccb11e5ada5b1f2a03d2601">BlueOrchard Microfinance Fund LLC</cite.query> since 2010 when the latter played a role of B-loan&apos;s participant in the 10 million US Dollars&apos; syndicated loan extended to Armeconombank.<eos/><eop/></p><p><bop/><bos/>Sources: www.armbanks.am 11.11.2015, www.banks.am 11.11.2015<eos/><eop/></p><section-title>VTB BANK (ARMENIA) ISSUES 500,000TH PLASTIC CARD</section-title><p><bop/><bos/>The 500,000th plastic card, issued by <cite.query w-seq-number="00008" w-ref-type="WC" w-normalized-cite="IF40B3643453D11DD94140014224D2780" ID="Ie48661d08ccb11e5ada5b1f2a03d2601">VTB Bank (Armenia</cite.query>) was given to 27-year-old Ani Pashikyan, a teacher of computer science at a secondary school in the village of Saralanj in the northwestern province of Shirak.<eos/><eop/></p><p><bop/><bos/>The plastic card together with a 500,000 dram certificate was handed to Ms. Ani Pashikyan by <cite.query w-seq-number="00009" w-ref-type="CO" w-normalized-cite="IB9397CB0D0D811DF98F8FD3889AD24A2" ID="Ie4915e508ccb11e5ada5b1f2a03d2601">VTB Bank</cite.query> (Armenia) CEO Yuri Gusev at a ceremony at the bank&apos;s head office. <eos/><bos/>The amount was transferred to Ms. Pashikyan&apos;s payroll card.<eos/><eop/></p><p><bop/><bos/>VTB Bank (Armenia) has been the leading bank in Armenia for several years already by the number of active plastic cards (35% of the total <cite.query w-seq-number="00010" w-ref-type="MM" w-normalized-cite="canonical_name::VISA" ID="Ie4a5f7c08ccb11e5ada5b1f2a03d2601">Visa</cite.query> and <cite.query w-seq-number="00011" w-ref-type="MM" w-normalized-cite="canonical_name::MASTERCARD" ID="Ie4a5f7c18ccb11e5ada5b1f2a03d2601">MasterCard</cite.query> cards) and by the total turnover made by using its cards.<eos/><eop/></p><p><bop/><bos/>&quot;The release of the 500,000th card comes to confirm that our payment cards enjoy the highest demand in the country. <eos/><bos/>They also indicate the confidence of a wide range of customers in our services,&quot; Gusev said.<eos/><eop/></p><p><bop/><bos/>Sources: www.armbanks.am 10.11.2015, www.banks.am 10.11.2015<eos/><eop/></p><section-title>JRBASHYAN: ARMENIA&apos;S BANKING SYSTEM IS NOT READY FOR TECHNOLOGICAL DEVELOPMENT</section-title><p><bop/><bos/>Armenia&apos;s banking system is not ready for technological development, Ameria Group Development Director Tigran Jrbashyan said at a business innovation forum in Dilijan, Armenia.<eos/><eop/></p><p><bop/><bos/>Banks are in need of large financial resources.<eos/><eop/></p><p><bop/><bos/>The expert is convinced that the country&apos;s banking sector is on the edge of substantial transformations. &quot; <eos/><bos/>In 2017 you will have a cash-starving and technologically underdeveloped but competing with major world players banking system, which will have to make larger investments in technological development,&quot; he said.<eos/><eop/></p><p><bop/><bos/>Jrbashyan also said that advanced tecvhnologies change things - many tranditional services lose their actuality.<eos/><eop/></p><p><bop/><bos/>Source: www.armbanks.am 13.11.2015<eos/><eop/></p><section-title>NUMBER OF DEPOSITORS AT ARMENIAN BANKS INCREASED FOURFOLD OVER LAST SEVEN YEARS - REGULATOR</section-title><p><bop/><bos/>The number of depositors at Armenia&apos;s banks has grown fourfold over the last seven years, and deposits have reached <cite.query w-seq-number="00012" w-ref-type="CO" w-normalized-cite="I27218B6541EC11DDAD6B0014224D2780" ID="Ie4b958b08ccb11e5ada5b1f2a03d2601">AMD</cite.query> 1.7 trillion, Arthur Javadyan, the head of the <cite.query w-seq-number="00013" w-ref-type="CO" w-normalized-cite="I706C7C4142B311DDA5520014224D2780" ID="Ie4b958b18ccb11e5ada5b1f2a03d2601">Central Bank of Armenia</cite.query> said Tuesday at an extraordinary session of the National Assembly.<eos/><eop/></p><p><bop/><bos/>In his words, financial intermediation in Armenia has developed a great deal in recent years. <eos/><bos/>There are more than 1 million depositors and over 1.7 million deposits in the country now.<eos/><eop/></p><p><bop/><bos/>&quot;The number of depositors rose by 327% in the last seven years,&quot; Javadyan said. &quot;<eos/><bos/>Besides, the country population&apos;s deposits totaled <cite.query w-seq-number="00014" w-ref-type="CO" w-normalized-cite="I27218B6541EC11DDAD6B0014224D2780" ID="Ie4d4cff08ccb11e5ada5b1f2a03d2601">AMD</cite.query> 378 billion in late 2007, while now individuals&apos; deposits exceed <cite.query w-seq-number="00015" w-ref-type="CO" w-normalized-cite="I27218B6541EC11DDAD6B0014224D2780" ID="Ie4d4cff18ccb11e5ada5b1f2a03d2601">AMD</cite.query> 1.1 trillion and the total amount of deposits <cite.query w-seq-number="00016" w-ref-type="CO" w-normalized-cite="I27218B6541EC11DDAD6B0014224D2780" ID="Ie4d4cff28ccb11e5ada5b1f2a03d2601">AMD</cite.query> 1.7 trillion.&quot;<eos/><eop/></p><p><bop/><bos/>The central bank head finds this indicator good even despite the fact that the bulk of these deposits are small in size.<eos/><eop/></p><p><bop/><bos/>He said that despite financial intermediation in Armenia is developing loan interest rates are not satisfactory though they are quite low in business lending.<eos/><eop/></p><p><bop/><bos/>Source: www.armbanks.am 10.11.2015<eos/><eop/></p><section-title>ARMENIA&apos;S CENTRAL BANK CUTS KEY RATE BY 0.5 PERCENT TO 9.75%</section-title><p><bop/><bos/>Armenia&apos;s <cite.query w-seq-number="00017" w-ref-type="MM" w-normalized-cite="canonical_name::CENTRAL BANK" ID="Ie4e439408ccb11e5ada5b1f2a03d2601">Central Bank</cite.query> said on Tuesday it had cut its key refinancing rate to 9.75 percent from 10.25 percent. <eos/><bos/>The annual inflation in the country was at 1.9 percent in October, down from 3.3 percent in September, according to <cite.query w-seq-number="00018" w-ref-type="MM" w-normalized-cite="canonical_name::CENTRAL BANK" ID="Ie4e439418ccb11e5ada5b1f2a03d2601">Central Bank</cite.query> data.<eos/><eop/></p><p><bop/><bos/>The <cite.query w-seq-number="00019" w-ref-type="MM" w-normalized-cite="canonical_name::CENTRAL BANK" ID="Ie4ecebd08ccb11e5ada5b1f2a03d2601">Central Bank</cite.query> said also the slow growth of the world economy, accompanied by a steady decline in prices at world commodity markets will continue in the coming months, and this in mind it expects the deflationary impact of the external sector on domestic prices.<eos/><eop/></p><p><bop/><bos/>The <cite.query w-seq-number="00020" w-ref-type="MM" w-normalized-cite="canonical_name::CENTRAL BANK" ID="Ie4f32d608ccb11e5ada5b1f2a03d2601">Central Bank</cite.query> said the 3.7% economic activity in January-September was driven largely by the growth in agricultural sector and the mining industry. <eos/><bos/>The domestic demand remains weak, despite the stimulating effect of the fiscal policy.<eos/><eop/></p><p><bop/><bos/>The <cite.query w-seq-number="00021" w-ref-type="MM" w-normalized-cite="canonical_name::CENTRAL BANK" ID="Ie4fb1ca08ccb11e5ada5b1f2a03d2601">Central Bank</cite.query> believes that along with the decline in inflation expectations the rise in prices for seasonal agricultural products will also reduce. <eos/><bos/>Under these conditions, the regulator considers it appropriate to ease monetary conditions, which in the case of low inflation expectations, could have been more abrupt. <eos/><bos/>Sources: www.armbanks.am 10.11.2015, www.finport.am 10.11.2015, www.banks.am 10.11.2015, www.panorama.am/ 10.11.2015<eos/><eop/></p><section-title>ARMENIAN REGULATOR MITIGATES PROCESS OF OBLIGATORY RESERVATION OF FINANCIAL RESOURCES ATTRACTED BY BANKS</section-title><p><bop/><bos/>The <cite.query w-seq-number="00022" w-ref-type="CO" w-normalized-cite="I706C7C4142B311DDA5520014224D2780" ID="Ie500c1f08ccb11e5ada5b1f2a03d2601">Central Bank of Armenia</cite.query> has mitigated the process of mandatory reservation of the financial resources attracted by banks.<eos/><eop/></p><p><bop/><bos/>The aim of the mitigation is to encourage attraction of long-term and stable financial resources, emission of bonds and listing at international stock exchange.<eos/><eop/></p><p><bop/><bos/>Sources: www.armbanks.am 13.11.2015, www.finport.am 13.11.2015, www.banks.am 13.11.2015<eos/><eop/></p><section-title>ARMENIAN CENTRAL BANK HEAD TO GET SECOND DEPUTY</section-title><p><bop/><bos/>The Armenian National Assembly passed at the first reading amendments to the law on the central bank and other laws related to this one.<eos/><eop/></p><p><bop/><bos/>Arthur Javadyan, the head of the <cite.query w-seq-number="00023" w-ref-type="CO" w-normalized-cite="I706C7C4142B311DDA5520014224D2780" ID="Ie508d8408ccb11e5ada5b1f2a03d2601">Central Bank of Armenia</cite.query>, presenting the amendments to the lawmakers, said the amended laws would make it possible to identify and control risks in the country&apos;s financial systems and ensure financial stability to Armenia.<eos/><eop/></p><p><bop/><bos/>He said the central bank is controlling the financial systems formed in recent years, but without legislative ground. <eos/><bos/>The aamendments, he said, will put things right.<eos/><eop/></p><p><bop/><bos/>In his words, the amendments also imply a new position in the central bank&apos;s structure, particularly the post of the second deputy of the bank chairman. <eos/><bos/>The second deputy will be in charge of operational management and decision-making processes.<eos/><eop/></p><p><bop/><bos/>Javadyan said that such a structure is specific to developed countries and all the central banks of the region have it.<eos/><eop/></p><p><bop/><bos/>&quot;The existence of only one central bank chairman deputy contradicts to corporate management principles and to full implementation of management functions,&quot; he said.<eos/><eop/></p><p><bop/><bos/>In this case, he said, the board of the regulator will consist of eight members who have executive institution functions, and decisions will be made by five votes, of which three will be independent.<eos/><eop/></p><p><bop/><bos/>Under the current law, deputies are appointed by the Armenian president for six years, and there are no differences between their functions.<eos/><eop/></p><p><bop/><bos/>The second deputy will have no separate staff and assistants and cars, and all the expenses on the salary are borne by the regulator.<eos/><eop/></p><p><bop/><bos/>The second deputy&apos;s salary will not differ from that of the first deputy and the central bank id financed solely from its own financial resources, and therefore the new position will put no additional burden on the government budget.<eos/><eop/></p><p><bop/><bos/>MPs, however, were opposed to Javadyan&apos;s initiative. <eos/><bos/>They said the institution of a new position will inevitably prompt additional spending.<eos/><eop/></p><p><bop/><bos/>Sources: www.armbanks.am 12.11.2015, www.finport.am 12.11.2015, www.panorama.am/ 12.11.2015<eos/><eop/></p></text></content><indexing iso-language="en" value-add="machine-generated"><classification-terms><pres-location-block><bop/><bos/><pres-location-wrap><pres-location>Armenia</pres-location><pres-location-code>ISOAM</pres-location-code><alt1-location-code>1AR09</alt1-location-code></pres-location-wrap><pres-location-wrap><pres-location>CIS Countries</pres-location><pres-location-code>CISSTAT</pres-location-code><alt1-location-code>1CI64</alt1-location-code></pres-location-wrap><pres-location-wrap><pres-location>Eastern Europe</pres-location><pres-location-code>GEOEEUR</pres-location-code><alt1-location-code>1EA48</alt1-location-code></pres-location-wrap><pres-location-wrap><pres-location>Europe</pres-location><pres-location-code>GEOEUR</pres-location-code><alt1-location-code>1EU83</alt1-location-code></pres-location-wrap><pres-location-wrap><pres-location>Eurozone Countries</pres-location><pres-location-code>EUROZONE</pres-location-code><alt1-location-code>1EU86</alt1-location-code></pres-location-wrap><pres-location-wrap><pres-location>Luxembourg</pres-location><pres-location-code>ISOLU</pres-location-code><alt1-location-code>1LU87</alt1-location-code></pres-location-wrap><pres-location-wrap><pres-location>Western Europe</pres-location><pres-location-code>GEOWEUR</pres-location-code><alt1-location-code>1WE41</alt1-location-code></pres-location-wrap><eos/><eop/></pres-location-block></classification-terms><classification-terms><pres-subject-block><bop/><bos/><pres-subject-wrap><pres-subject>CIS</pres-subject><pres-subject-code>GEOCIS</pres-subject-code><alt1-subject-code>1CI65</alt1-subject-code></pres-subject-wrap><pres-subject-wrap><pres-subject>Economic Development</pres-subject><pres-subject-code>PTEDED</pres-subject-code><alt1-subject-code>1EC65</alt1-subject-code></pres-subject-wrap><pres-subject-wrap><pres-subject>Economic Policy &amp; Policymakers</pres-subject><pres-subject-code>ECONRULE</pres-subject-code><alt1-subject-code>1EC69</alt1-subject-code></pres-subject-wrap><pres-subject-wrap><pres-subject>Economics &amp; Trade</pres-subject><pres-subject-code>TRADE</pres-subject-code><alt1-subject-code>1EC26</alt1-subject-code></pres-subject-wrap><pres-subject-wrap><pres-subject>Microcredit</pres-subject><pres-subject-code>MINILOAN</pres-subject-code><alt1-subject-code>1MI25</alt1-subject-code></pres-subject-wrap><pres-subject-wrap><pres-subject>Monetary Policy</pres-subject><pres-subject-code>PTMONET</pres-subject-code><alt1-subject-code>1MO18</alt1-subject-code></pres-subject-wrap><pres-subject-wrap><pres-subject>World Organizations</pres-subject><pres-subject-code>GEOORGS</pres-subject-code><alt1-subject-code>1IN77</alt1-subject-code></pres-subject-wrap><eos/><eop/></pres-subject-block><pres-industry-block><bop/><bos/><pres-industry-wrap><pres-industry>Banking</pres-industry><pres-industry-code>BANKOVER</pres-industry-code><alt1-industry-code>1BA20</alt1-industry-code></pres-industry-wrap><pres-industry-wrap><pres-industry>Commercial Banking Services</pres-industry><pres-industry-code>BANKCOML</pres-industry-code><alt1-industry-code>1CO19</alt1-industry-code></pres-industry-wrap><pres-industry-wrap><pres-industry>Financial Services</pres-industry><pres-industry-code>FINSVC</pres-industry-code><alt1-industry-code>1FI37</alt1-industry-code></pres-industry-wrap><pres-industry-wrap><pres-industry>Financial Services Regulatory</pres-industry><pres-industry-code>FINREG</pres-industry-code><alt1-industry-code>1FI03</alt1-industry-code></pres-industry-wrap><pres-industry-wrap><pres-industry>Major Central Banks</pres-industry><pres-industry-code>MAJCBANK</pres-industry-code><alt1-industry-code>1MA01</alt1-industry-code></pres-industry-wrap><pres-industry-wrap><pres-industry>Press Releases</pres-industry><pres-industry-code>ANNOUNCE</pres-industry-code><alt1-industry-code>1PR19</alt1-industry-code></pres-industry-wrap><eos/><eop/></pres-industry-block></classification-terms><classification-terms><rcs-block><rcs>B:126</rcs><rcs>B:125</rcs><rcs>G:3</rcs><rcs>E:5</rcs><rcs>B:128</rcs><rcs>G:B2</rcs><rcs>B:127</rcs><rcs>G:7I</rcs><rcs>G:Y</rcs><rcs>G:7M</rcs><rcs>B:131</rcs><rcs>M:8</rcs><rcs>E:B</rcs><rcs>G:B</rcs><rcs>M:32</rcs><rcs>G:A</rcs><rcs>G:AJ</rcs><rcs>M:DU</rcs><rcs>G:AL</rcs></rcs-block></classification-terms><extraction-terms><extr-company-block><bop/><bos/><extr-company>168 Zham</extr-company><extr-company-wrap><extr-company-name>168 Zham</extr-company-name><relevancy engine="1C">0.2</relevancy><confidence engine="1C">0.73</confidence></extr-company-wrap><norm-company oa-id="5000085423">ARMENIAN ECONOMY DEVELOPMENT BANK OJSC</norm-company><norm-company-wrap occur-sequence="6"><norm-company-name>ARMENIAN ECONOMY DEVELOPMENT BANK OJSC</norm-company-name><company-ids><oa-id>5000085423</oa-id></company-ids><company-classification><trbc-wrap><trbc type="RCS">B:128</trbc><trbc type="2012">55101010</trbc><trbc type="perm-id">4294952873</trbc></trbc-wrap></company-classification><relevancy engine="1C">0.2</relevancy><confidence engine="1C">0.74</confidence></norm-company-wrap><norm-company oa-id="4295887248">VTB BANK (PUBLIC JOINT STOCK COMPANY)</norm-company><norm-company-wrap occur-sequence="4,9,10"><norm-company-name>VTB BANK (PUBLIC JOINT STOCK COMPANY)</norm-company-name><company-ids><oa-id>4295887248</oa-id><ric norm="VTBR.MMO">VTBR.MMO</ric></company-ids><company-classification><trbc-wrap><trbc type="RCS">B:1615</trbc><trbc type="2012">5510101010</trbc><trbc type="perm-id">4294951386</trbc></trbc-wrap></company-classification><relevancy engine="1C">0.2</relevancy><confidence engine="1C">0.94</confidence></norm-company-wrap><norm-company oa-id="5035434454">BLUEORCHARD MICROFINANCE FUND SICAV</norm-company><norm-company-wrap occur-sequence="3,7,8"><norm-company-name>BLUEORCHARD MICROFINANCE FUND SICAV</norm-company-name><company-ids><oa-id>5035434454</oa-id></company-ids><relevancy engine="1C">0.2</relevancy><confidence engine="1C">0.84</confidence></norm-company-wrap><norm-company oa-id="5000660256">CENTRAL BANK</norm-company><norm-company-wrap occur-sequence="1,2,12,13,14,15,16,17,18,19"><norm-company-name>CENTRAL BANK</norm-company-name><company-ids><oa-id>5000660256</oa-id></company-ids><relevancy engine="1C">0.8</relevancy><confidence engine="1C">0.96</confidence></norm-company-wrap><norm-company oa-id="4298015179">VISA INC</norm-company><norm-company-wrap occur-sequence="11"><norm-company-name>VISA INC</norm-company-name><company-ids><oa-id>4298015179</oa-id><ric norm="V.N">V.N</ric></company-ids><company-classification><trbc-wrap><trbc type="RCS">B:1219</trbc><trbc type="2012">5220304010</trbc><trbc type="perm-id">4294951782</trbc></trbc-wrap></company-classification><relevancy engine="1C">0.2</relevancy><confidence engine="1C">0.94</confidence></norm-company-wrap><norm-company oa-id="4295901746">EBANK FINANCIAL SERVICES INC</norm-company><norm-company-wrap occur-sequence="5"><norm-company-name>EBANK FINANCIAL SERVICES INC</norm-company-name><company-ids><oa-id>4295901746</oa-id><ric norm="EBDC.PK">EBDC.PK</ric></company-ids><company-classification><trbc-wrap><trbc type="RCS">B:1615</trbc><trbc type="2012">5510101010</trbc><trbc type="perm-id">4294951386</trbc></trbc-wrap></company-classification><relevancy engine="1C">0.2</relevancy><confidence engine="1C">0.83</confidence></norm-company-wrap><eos/><eop/></extr-company-block></extraction-terms><extraction-terms><extr-person-block><bop/><bos/><extr-person>Tigran Jrbashyan</extr-person><extr-person-wrap><extr-person-name>Tigran Jrbashyan</extr-person-name><relevancy engine="1C">0.2</relevancy></extr-person-wrap><extr-person>Arthur Javadyan</extr-person><extr-person-wrap><extr-person-name>Arthur Javadyan</extr-person-name><relevancy engine="1C">0.2</relevancy></extr-person-wrap><extr-person>Yuri Gusev</extr-person><extr-person-wrap><extr-person-name>Yuri Gusev</extr-person-name><relevancy engine="1C">0.2</relevancy></extr-person-wrap><extr-person>Ani Pashikyan</extr-person><extr-person-wrap><extr-person-name>Ani Pashikyan</extr-person-name><relevancy engine="1C">0.2</relevancy></extr-person-wrap><eos/><eop/></extr-person-block></extraction-terms></indexing></document></n-docbody>
</n-document>
<n-document guid="I47c6a5908c3e11e58f2fc926f7abfade"><n-metadata><metadata.block><md.identifiers><md.cites><md.first.line.cite>11/16/15 NEWS 00:00:00</md.first.line.cite><md.second.line.cite>11/16/15 ARKA News Agency 00:00:00</md.second.line.cite></md.cites><md.uuid>I47c6a5908c3e11e58f2fc926f7abfade</md.uuid></md.identifiers><md.infotype>news</md.infotype><md.sortkeys><md.ordersequence>f47363bec</md.ordersequence></md.sortkeys><md.descriptions><md.title>SOAR PRODUCTIONS ARRANGE CONAN O&apos;BRIEN&apos;S TRIP TO ARMENIA</md.title><md.westlawdescrip><md.readlist>READLIST</md.readlist></md.westlawdescrip></md.descriptions><md.dates><md.publisheddatetime>20151116043113</md.publisheddatetime><md.loaddate>20151116</md.loaddate><md.createddatetime>20151116043113</md.createddatetime></md.dates><md.subjects><md.subject><md.pubtype.name/><md.doctype.name>DNR</md.doctype.name><md.doctype.rank/><md.view>CNGE</md.view><md.view>RGEurope</md.view><md.view>PTNewswires</md.view><md.view>ARKANEWS0063786</md.view><md.view>INALLNEWS_ACTEST</md.view><md.view>INFARNEWS_AC</md.view><md.view>MARKETSEIKON_CN</md.view><md.view>MARKETSEIKON</md.view><md.view>CB_ASIAWIRES</md.view><md.view>INWIRES_AC</md.view><md.view>GULF_INTL</md.view><md.view>ININTNEWS_AC</md.view><md.view>ANZ_INTLOS</md.view><md.view>CLEAR_RF</md.view><md.view>INALLNEWS_AC</md.view><md.view>INNEWSINT_PRO</md.view><md.view>INBUSNEWS</md.view><md.view>INNEWSWORLD_PRO</md.view><md.view>INBUSNEWS_AC</md.view></md.subject></md.subjects><md.jurisdictions><md.jurisdiction><md.jurisstate>FE</md.jurisstate></md.jurisdiction></md.jurisdictions><md.publications><md.publication/><md.sourcepubid>ARKANEWS</md.sourcepubid></md.publications><md.royalty><md.royalty.code>84104</md.royalty.code></md.royalty></metadata.block><news.metadata.block><md.text.preview>TOURISMYEREVAN, November 16. /ARKA/. On November 17, TBS&apos; show Conan, hosted by legendary late-night comedian Conan O&apos;Brien, will broadcast a special episode, filmed in Armenia, which was co-produced by Soar Productions, the press office of Soar</md.text.preview></news.metadata.block><newsplus.recommendable>1</newsplus.recommendable><n-view>CNGE</n-view><n-view>RGEurope</n-view><n-view>PTNewswires</n-view><n-view>ARKANEWS0063786</n-view><n-view>INALLNEWS_ACTEST</n-view><n-view>INFARNEWS_AC</n-view><n-view>MARKETSEIKON_CN</n-view><n-view>MARKETSEIKON</n-view><n-view>CB_ASIAWIRES</n-view><n-view>INWIRES_AC</n-view><n-view>GULF_INTL</n-view><n-view>ININTNEWS_AC</n-view><n-view>ANZ_INTLOS</n-view><n-view>CLEAR_RF</n-view><n-view>INALLNEWS_AC</n-view><n-view>INNEWSINT_PRO</n-view><n-view>INBUSNEWS</n-view><n-view>INNEWSWORLD_PRO</n-view><n-view>INBUSNEWS_AC</n-view><prism-stylesheet guid="Ia3024d301b6a11d89fc5f34981d3242f"/><prism-clipdate>20151116043113</prism-clipdate></n-metadata>
<n-docbody><document version="1" collection="D-ARKANEWS-T001" first-load-date="20151116043113" ip-product="ARKANEWS" royalty-id="84104" data-model="text" dtd-version="5.2.29" content-type="news" load-language="en" pnac="nNRA0fhl9a" pnac-date="20151116T084442.473"><supplier-info><supplier-num nitf="doc-id" nitf-regsrc="ARKA News Agency" type="accession">3d5e000252750397</supplier-num><internal-acc-num db-id="NEPRARKA" type="newz">20151116170.1_V3d5e000252750397</internal-acc-num><rec-status><last-load-date>20151116170559</last-load-date><nitf-date ne="datereceived">20151116T08:44:42Z</nitf-date><nitf-date nitf="date-issue">20151116T00:00:00Z</nitf-date><last-provider-update>20151116084442</last-provider-update></rec-status><supplier-copyright>Copyright Â© 2015 ARKA<copyright-year/><copyright-holder>ARKA</copyright-holder></supplier-copyright><supplier-note nitf="urgency" nitf-ed-urg="4"/><nitf-meta-content name="recommendable">1</nitf-meta-content><supplier-dtds><dtd dtd-version="working" dtd-date="20151110T00:00:00Z">Canonical Taxonomy</dtd><dtd dtd-version="20151103" dtd-date="20151110T00:00:00Z">Mapping File</dtd></supplier-dtds><copyright-block type="dialog"><service-copyright n-include_guid="Ice671660f30811d88920000083149a14" n-include_collection="D-DIALOGCOPYRIGHTS-T001"/></copyright-block><copyright-block type="west"><service-copyright n-include_guid="I1DA35ED81DD211B281BAD200220BDFCA" n-include_collection="w_wlnv_msg"/></copyright-block><west-citation-block><bop/><first-line-cite><bos/>11/16/15 NEWS 00:00:00<eos/></first-line-cite><second-line-cite><bos/>11/16/15 ARKA News Agency 00:00:00<eos/></second-line-cite><eop/></west-citation-block></supplier-info><title-info iso-language="en"><bop/><title type="headline" nitf-hedline="hl1" key="key-title"><bos/><sort-title>SOAR PRODUCTIONS ARRANGE CONAN O&apos;BRIEN&apos;S TRIP TO ARMENIA</sort-title><eos/></title><eop/></title-info><pub-info><journal key="key-journal"><bop/><bos/><sort-journal>ARKA News Agency</sort-journal><eos/><eop/></journal><pub-date key="key-date" iso-time="T00:00:00Z" type="date.publication"><full-pub-date>November 16, 2015</full-pub-date><sort-pub-date>20151116</sort-pub-date><sort-pub-timestamp>20151116000000</sort-pub-timestamp><rank-date>20151116</rank-date><currency-timestamp>20151116000000</currency-timestamp></pub-date><original-pub><language iso-language="en">English</language></original-pub><src-data><src-journal-code>ANPV</src-journal-code><src-pub-code>0063786</src-pub-code><src-pub-type>Newswire</src-pub-type><src-pub-country-wrap><src-pub-country-code>GE</src-pub-country-code><src-pub-country>Georgia CIS</src-pub-country></src-pub-country-wrap><src-pub-region>Europe</src-pub-region></src-data></pub-info><content iso-language="en"><total-char-count>1416</total-char-count><derived-word-count><bop/><bos/>Word Count: 230<eos/><eop/></derived-word-count><text type="lead-para"><p nitf="lede"><bop/>TOURISM<eop/></p><p nitf="lede"><bop/><bos/>YEREVAN, November 16. /ARKA/. <eos/><bos/>On November 17, <cite.query w-seq-number="00001" w-ref-type="MM" w-normalized-cite="canonical_name::TBS" ID="Ia3b5b8008cb611e584968a36333786a3">TBS</cite.query>&apos; show Conan, hosted by legendary late-night comedian Conan O&apos;Brien, will broadcast a special episode, filmed in Armenia, which was co-produced by <cite.query w-seq-number="00002" w-ref-type="NM" w-normalized-cite="canonical_name::SOAR PRODUCTIONS" ID="Ia3b5b8018cb611e584968a36333786a3">Soar Productions</cite.query>, the press office of <cite.query w-seq-number="00003" w-ref-type="NM" w-normalized-cite="canonical_name::SOAR PRODUCTIONS" ID="Ia3b5b8028cb611e584968a36333786a3">Soar Productions</cite.query> told <cite.query w-seq-number="00004" w-ref-type="NM" w-normalized-cite="canonical_name::ARKA NEWS AGENCY" ID="Ia3b5b8038cb611e584968a36333786a3">ARKA News Agency</cite.query>.<eos/><eop/></p></text><text type="body"><p><bop/><bos/>Earlier in the year, Mr. O&apos;Brien became the first <cite.query w-seq-number="00005" w-ref-type="WC" w-normalized-cite="ICC2014C056EC11E0B507DE267DF909C1" ID="Ia3b9d6b08cb611e584968a36333786a3">US TV</cite.query> host to make a show in Cuba amid the island nation&apos;s rapprochement with the United States. <eos/><bos/>After the incredible success of the show, O&apos;Brien headed East to disclose Armenia to the US public.<eos/><eop/></p><p><bop/><bos/>Headed by CEO Stanislav Solovkin, <cite.query w-seq-number="00006" w-ref-type="NM" w-normalized-cite="canonical_name::SOAR PRODUCTIONS" ID="Ia3c177d08cb611e584968a36333786a3">Soar Productions</cite.query> took the fixing and facilitating responsibilities for Conan. <eos/><bos/>Over the several days of the production, Conan&apos;s team shot a number of sketches, visiting famous attractions and remote areas across the country.<eos/><eop/></p><p><bop/><bos/>&quot;<cite.query w-seq-number="00007" w-ref-type="NM" w-normalized-cite="canonical_name::SOAR PRODUCTIONS" ID="Ia3cebe408cb611e584968a36333786a3">Soar Productions</cite.query> was proud to organize the first-ever shooting of an American TV show in Armenia and is grateful to <cite.query w-seq-number="00008" w-ref-type="NM" w-normalized-cite="canonical_name::CONAN" ID="Ia3cebe418cb611e584968a36333786a3">Conan</cite.query>&apos;s team of outstanding professionals and personally to Mr. O&apos;Brien for this opportunity,&quot; the press release says.<eos/><eop/></p><p><bop/><bos/><cite.query w-seq-number="00009" w-ref-type="NM" w-normalized-cite="canonical_name::SOAR PRODUCTIONS" ID="Ia3dd16208cb611e584968a36333786a3">Soar Productions</cite.query> remains the only company to offer the full pack of pre-production and production services of top quality in all the post-Soviet space. <eos/><bos/>Apart from Conan, the company has co-produced such programs as <cite.query w-seq-number="00010" w-ref-type="MM" w-normalized-cite="canonical_name::CBS" ID="Ia3dd16218cb611e584968a36333786a3">CBS</cite.query>&apos; Emmy award-winning The Amazing Race, <cite.query w-seq-number="00011" w-ref-type="WC" w-normalized-cite="ID5D9B5B0570611E080258F0E01953BF2" ID="Ia3dd16228cb611e584968a36333786a3">BBC</cite.query>&apos;s Top Gear, and many others. <eos/><bos/>Contact us for best services and support - from logistics and scouting to talent and manpower. <eos/>M.V.----0----<eop/></p></text></content><indexing iso-language="en" value-add="machine-generated"><classification-terms><pres-location-block><bop/><bos/><pres-location-wrap><pres-location>Armenia</pres-location><pres-location-code>ISOAM</pres-location-code><alt1-location-code>1AR09</alt1-location-code></pres-location-wrap><pres-location-wrap><pres-location>CIS Countries</pres-location><pres-location-code>CISSTAT</pres-location-code><alt1-location-code>1CI64</alt1-location-code></pres-location-wrap><pres-location-wrap><pres-location>Eastern Europe</pres-location><pres-location-code>GEOEEUR</pres-location-code><alt1-location-code>1EA48</alt1-location-code></pres-location-wrap><pres-location-wrap><pres-location>Europe</pres-location><pres-location-code>GEOEUR</pres-location-code><alt1-location-code>1EU83</alt1-location-code></pres-location-wrap><eos/><eop/></pres-location-block></classification-terms><classification-terms><pres-subject-block><bop/><bos/><pres-subject-wrap><pres-subject>CIS</pres-subject><pres-subject-code>GEOCIS</pres-subject-code><alt1-subject-code>1CI65</alt1-subject-code></pres-subject-wrap><pres-subject-wrap><pres-subject>World Organizations</pres-subject><pres-subject-code>GEOORGS</pres-subject-code><alt1-subject-code>1IN77</alt1-subject-code></pres-subject-wrap><eos/><eop/></pres-subject-block><pres-industry-block><bop/><bos/><pres-industry-wrap><pres-industry>Broadcast TV</pres-industry><pres-industry-code>TVBROAD</pres-industry-code><alt1-industry-code>1BR25</alt1-industry-code></pres-industry-wrap><pres-industry-wrap><pres-industry>Broadcast TV Programming</pres-industry><pres-industry-code>TVBRDPRG</pres-industry-code><alt1-industry-code>1BR42</alt1-industry-code></pres-industry-wrap><pres-industry-wrap><pres-industry>Entertainment</pres-industry><pres-industry-code>SHOWBIZ</pres-industry-code><alt1-industry-code>1EN08</alt1-industry-code></pres-industry-wrap><pres-industry-wrap><pres-industry>TV</pres-industry><pres-industry-code>TV</pres-industry-code><alt1-industry-code>1TV19</alt1-industry-code></pres-industry-wrap><pres-industry-wrap><pres-industry>TV Programming</pres-industry><pres-industry-code>TVPROG</pres-industry-code><alt1-industry-code>1TV26</alt1-industry-code></pres-industry-wrap><pres-industry-wrap><pres-industry>TV Stations</pres-industry><pres-industry-code>PTTVSTA</pres-industry-code><alt1-industry-code>1TV23</alt1-industry-code></pres-industry-wrap><pres-industry-wrap><pres-industry>Traditional Media</pres-industry><pres-industry-code>MEDIANUZ</pres-industry-code><alt1-industry-code>1TR30</alt1-industry-code></pres-industry-wrap><eos/><eop/></pres-industry-block></classification-terms><classification-terms><rcs-block><rcs>G:B2</rcs><rcs>G:7I</rcs><rcs>B:69</rcs><rcs>M:3</rcs><rcs>G:Y</rcs><rcs>B:86</rcs><rcs>B:95</rcs><rcs>B:94</rcs><rcs>B:91</rcs><rcs>G:B</rcs><rcs>B:92</rcs><rcs>G:A</rcs><rcs>M:H3</rcs><rcs>G:AJ</rcs><rcs>M:DU</rcs></rcs-block></classification-terms><extraction-terms><extr-company-block><bop/><bos/><norm-company oa-id="4295908715">CBS CORP</norm-company><norm-company-wrap occur-sequence="1"><norm-company-name>CBS CORP</norm-company-name><company-ids><oa-id>4295908715</oa-id><ric norm="CBS.N">CBS.N</ric></company-ids><company-classification><trbc-wrap><trbc type="RCS">B:1446</trbc><trbc type="2012">5330202010</trbc><trbc type="perm-id">4294951555</trbc></trbc-wrap></company-classification><relevancy engine="1C">0.2</relevancy><confidence engine="1C">0.86</confidence></norm-company-wrap><norm-company oa-id="5017397263">LUXEYARD INC</norm-company><norm-company-wrap occur-sequence="2"><norm-company-name>LUXEYARD INC</norm-company-name><company-ids><oa-id>5017397263</oa-id><ric norm="LUXR.PK">LUXR.PK</ric></company-ids><company-classification><trbc-wrap><trbc type="RCS">B:1807</trbc><trbc type="2012">5720103013</trbc><trbc type="perm-id">4294951194</trbc></trbc-wrap></company-classification><relevancy engine="1C">0.2</relevancy><confidence engine="1C">0.97</confidence></norm-company-wrap><eos/><eop/></extr-company-block></extraction-terms><extraction-terms><extr-person-block><bop/><bos/><extr-person>Conan O&apos;Brien</extr-person><extr-person-wrap><extr-person-name>Conan O&apos;Brien</extr-person-name><relevancy engine="1C">0.8</relevancy></extr-person-wrap><extr-person>Stanislav Solovkin</extr-person><extr-person-wrap><extr-person-name>Stanislav Solovkin</extr-person-name><relevancy engine="1C">0.2</relevancy></extr-person-wrap><eos/><eop/></extr-person-block></extraction-terms></indexing></document></n-docbody>
</n-document>
<n-document guid="I9cf5d0e08c6111e58181d263374176b6"><n-metadata><metadata.block><md.identifiers><md.cites><md.first.line.cite>11/16/15 NEWS 00:00:00</md.first.line.cite><md.second.line.cite>11/16/15 ARKA News Agency 00:00:00</md.second.line.cite></md.cites><md.uuid>I9cf5d0e08c6111e58181d263374176b6</md.uuid></md.identifiers><md.infotype>news</md.infotype><md.sortkeys><md.ordersequence>f47363bec</md.ordersequence></md.sortkeys><md.descriptions><md.title>KASPERSKY SAYS HE IS THE MOST DANGEROUS MAN FOR CYBER CRIMINALS</md.title><md.westlawdescrip><md.readlist>READLIST</md.readlist></md.westlawdescrip></md.descriptions><md.dates><md.publisheddatetime>20151116070512</md.publisheddatetime><md.loaddate>20151116</md.loaddate><md.createddatetime>20151116070512</md.createddatetime></md.dates><md.subjects><md.subject><md.pubtype.name/><md.doctype.name>DNR</md.doctype.name><md.doctype.rank/><md.view>CNGE</md.view><md.view>RGEurope</md.view><md.view>PTNewswires</md.view><md.view>ARKANEWS0063786</md.view><md.view>INALLNEWS_ACTEST</md.view><md.view>INFARNEWS_AC</md.view><md.view>MARKETSEIKON_CN</md.view><md.view>MARKETSEIKON</md.view><md.view>CB_ASIAWIRES</md.view><md.view>INWIRES_AC</md.view><md.view>GULF_INTL</md.view><md.view>ININTNEWS_AC</md.view><md.view>ANZ_INTLOS</md.view><md.view>CLEAR_RF</md.view><md.view>INALLNEWS_AC</md.view><md.view>INNEWSINT_PRO</md.view><md.view>INBUSNEWS</md.view><md.view>INNEWSWORLD_PRO</md.view><md.view>INBUSNEWS_AC</md.view></md.subject></md.subjects><md.jurisdictions><md.jurisdiction><md.jurisstate>FE</md.jurisstate></md.jurisdiction></md.jurisdictions><md.publications><md.publication/><md.sourcepubid>ARKANEWS</md.sourcepubid></md.publications><md.royalty><md.royalty.code>84104</md.royalty.code></md.royalty></metadata.block><news.metadata.block><md.text.preview>INFORMATION TECHNOLOGIESYEREVAN, November 16. / ARKA /. The executive director of Kaspersky Lab Evgeny Kaspersky, the winner of the sixth annual Global IT (GIT) Award of the Armenian president, said on Monday in Yerevan that he is one of the &apos;most</md.text.preview></news.metadata.block><newsplus.recommendable>1</newsplus.recommendable><n-view>CNGE</n-view><n-view>RGEurope</n-view><n-view>PTNewswires</n-view><n-view>ARKANEWS0063786</n-view><n-view>INALLNEWS_ACTEST</n-view><n-view>INFARNEWS_AC</n-view><n-view>MARKETSEIKON_CN</n-view><n-view>MARKETSEIKON</n-view><n-view>CB_ASIAWIRES</n-view><n-view>INWIRES_AC</n-view><n-view>GULF_INTL</n-view><n-view>ININTNEWS_AC</n-view><n-view>ANZ_INTLOS</n-view><n-view>CLEAR_RF</n-view><n-view>INALLNEWS_AC</n-view><n-view>INNEWSINT_PRO</n-view><n-view>INBUSNEWS</n-view><n-view>INNEWSWORLD_PRO</n-view><n-view>INBUSNEWS_AC</n-view><prism-stylesheet guid="Ia3024d301b6a11d89fc5f34981d3242f"/><prism-clipdate>20151116070512</prism-clipdate></n-metadata>
<n-docbody><document version="1" collection="D-ARKANEWS-T001" first-load-date="20151116070512" ip-product="ARKANEWS" royalty-id="84104" data-model="text" dtd-version="5.2.29" content-type="news" load-language="en" pnac="nNRA0fifce" pnac-date="20151116T125737.774"><supplier-info><supplier-num nitf="doc-id" nitf-regsrc="ARKA News Agency" type="accession">bca900073efddf6e</supplier-num><internal-acc-num db-id="NEPRARKA" type="newz">20151116170.1_Vbca900073efddf6e</internal-acc-num><rec-status><last-load-date>20151116183715</last-load-date><nitf-date ne="datereceived">20151116T12:57:37Z</nitf-date><nitf-date nitf="date-issue">20151116T00:00:00Z</nitf-date><last-provider-update>20151116125737</last-provider-update></rec-status><supplier-copyright>Copyright Â© 2015 ARKA<copyright-year/><copyright-holder>ARKA</copyright-holder></supplier-copyright><supplier-note nitf="urgency" nitf-ed-urg="4"/><nitf-meta-content name="recommendable">1</nitf-meta-content><supplier-dtds><dtd dtd-version="working" dtd-date="20151110T00:00:00Z">Canonical Taxonomy</dtd><dtd dtd-version="20151103" dtd-date="20151110T00:00:00Z">Mapping File</dtd></supplier-dtds><copyright-block type="dialog"><service-copyright n-include_guid="Ice671660f30811d88920000083149a14" n-include_collection="D-DIALOGCOPYRIGHTS-T001"/></copyright-block><copyright-block type="west"><service-copyright n-include_guid="I1DA35ED81DD211B281BAD200220BDFCA" n-include_collection="w_wlnv_msg"/></copyright-block><west-citation-block><bop/><first-line-cite><bos/>11/16/15 NEWS 00:00:00<eos/></first-line-cite><second-line-cite><bos/>11/16/15 ARKA News Agency 00:00:00<eos/></second-line-cite><eop/></west-citation-block></supplier-info><title-info iso-language="en"><bop/><title type="headline" nitf-hedline="hl1" key="key-title"><bos/><sort-title>KASPERSKY SAYS HE IS THE MOST DANGEROUS MAN FOR <cite.query w-seq-number="00001" w-ref-type="CO" w-normalized-cite="I0AFAAC0056E311E089AC8CE04EA54993" ID="I6ef269808cc311e581d085460dd1c05b">CYBER</cite.query> CRIMINALS</sort-title><eos/></title><eop/></title-info><pub-info><journal key="key-journal"><bop/><bos/><sort-journal>ARKA News Agency</sort-journal><eos/><eop/></journal><pub-date key="key-date" iso-time="T00:00:00Z" type="date.publication"><full-pub-date>November 16, 2015</full-pub-date><sort-pub-date>20151116</sort-pub-date><sort-pub-timestamp>20151116000000</sort-pub-timestamp><rank-date>20151116</rank-date><currency-timestamp>20151116000000</currency-timestamp></pub-date><original-pub><language iso-language="en">English</language></original-pub><src-data><src-journal-code>ANPV</src-journal-code><src-pub-code>0063786</src-pub-code><src-pub-type>Newswire</src-pub-type><src-pub-country-wrap><src-pub-country-code>GE</src-pub-country-code><src-pub-country>Georgia CIS</src-pub-country></src-pub-country-wrap><src-pub-region>Europe</src-pub-region></src-data></pub-info><content iso-language="en"><total-char-count>2537</total-char-count><derived-word-count><bop/><bos/>Word Count: 395<eos/><eop/></derived-word-count><text type="lead-para"><p nitf="lede"><bop/><bos/><cite.query w-seq-number="00002" w-ref-type="WC" w-normalized-cite="I76DF065242BE11DDA1BC0014224D2780" ID="I6efd17e08cc311e581d085460dd1c05b">INFORMATION TECHNOLOGIES</cite.query><eos/><eop/></p><p nitf="lede"><bop/><bos/>YEREVAN, November 16. / ARKA /. The executive director of <cite.query w-seq-number="00003" w-ref-type="CO" w-normalized-cite="IAB2EDF202A7911E0A5F5F1A18C48378B" ID="I6f124d908cc311e581d085460dd1c05b">Kaspersky Lab</cite.query> Evgeny Kaspersky, the winner of the sixth annual Global IT (GIT) Award of the Armenian president, said on Monday in Yerevan that he is one of the &apos;most dangerous and evil people&apos; for cyber criminals.<eos/><eop/></p></text><text type="body"><p><bop/><bos/>&quot;They hate me. <eos/><bos/>Those who are not engaged in cybercrime, receive my assistance. <eos/><bos/>I give them THE opportunity to work in a quiet, safe, comfortable and clean environment &quot;Kaspersky, who has arrived in Armenia to receive the award, told local journalists and representatives of IT-sphere.<eos/><eop/></p><p><bop/><bos/>Kaspersky said he not only provides anti-virus software, but also helps law enforcement authorities to track down and arrest cybercriminals.<eos/><eop/></p><p><bop/><bos/>&quot;The targets of hackers, for obvious reasons, are most often the servers of public institutions, major banks, telecommunications companies. <eos/><bos/>To stop them, the <cite.query w-seq-number="00004" w-ref-type="CO" w-normalized-cite="IAB2EDF202A7911E0A5F5F1A18C48378B" ID="I6f249d108cc311e581d085460dd1c05b">Kaspersky Lab</cite.query> cooperates with law enforcement agencies around the world, including the <cite.query w-seq-number="00005" w-ref-type="WC" w-normalized-cite="IB3ECADC056EF11E089AC8CE04EA54993" ID="I6f249d118cc311e581d085460dd1c05b">FBI</cite.query> and <cite.query w-seq-number="00006" w-ref-type="WC" w-normalized-cite="I971FF4900C6C11E0977AEE44A90EFCCF" ID="I6f249d128cc311e581d085460dd1c05b">Interpol</cite.query>, &quot;he said.<eos/><eop/></p><p><bop/><bos/>&quot;We know more than we can tell. <eos/><bos/>But sooner or later there comes a time when the police tell us: &quot;Kaspersky - you can!&quot;.<eos/><bos/> And then we tell the technical details,&quot; he added.<eos/><eop/></p><p><bop/><bos/>Evgeny Kaspersky is a Russian specialist in the information security field. <eos/><bos/>He heads the global IT security company <cite.query w-seq-number="00007" w-ref-type="CO" w-normalized-cite="IAB2EDF202A7911E0A5F5F1A18C48378B" ID="I6f3788d08cc311e581d085460dd1c05b">Kaspersky Lab</cite.query>, which was established in 1997. <eos/><bos/><cite.query w-seq-number="00008" w-ref-type="CO" w-normalized-cite="IAB2EDF202A7911E0A5F5F1A18C48378B" ID="I6f3788d18cc311e581d085460dd1c05b">Kaspersky Lab</cite.query> now operates in almost 200 countries; with more than 30 regional and country offices worldwide, it is the world&apos;s largest privately held vendor of software security products.<eos/><eop/></p><p><bop/><bos/>The previous laureates of this award are Mario Mazzola, the Chief Development Officer at <cite.query w-seq-number="00009" w-ref-type="CO" w-normalized-cite="I0E9C006166C811DD9282C69956308E6D" ID="I6f8645108cc311e581d085460dd1c05b">Cisco Systems, Inc.</cite.query>; Tsugio Makimoto, president of the <cite.query w-seq-number="00010" w-ref-type="MM" w-normalized-cite="canonical_name::SEMICONDUCTOR INDUSTRY ASSOCIATION" ID="I6f8645118cc311e581d085460dd1c05b">Semiconductor Industry Association</cite.query> ; ex-chairman of the Board of <cite.query w-seq-number="00011" w-ref-type="MM" w-normalized-cite="canonical_name::INTEL CORP" ID="I6f8645128cc311e581d085460dd1c05b">Intel Corporation</cite.query> Craig Barrett, co-founder of <cite.query w-seq-number="00012" w-ref-type="CO" w-normalized-cite="I49C9F2E441E911DDAD6B0014224D2780" ID="I6f8645138cc311e581d085460dd1c05b">Apple Computers, Inc.</cite.query> Steve Wozniak, and the chairman Emeritus of <cite.query w-seq-number="00013" w-ref-type="NM" w-normalized-cite="canonical_name::SINAPTICS INC" ID="I6f8645148cc311e581d085460dd1c05b">Sinaptics, Inc.</cite.query> Federico Faggin.<eos/><eop/></p><p><bop/><bos/>The GIT Award was established by the Armenian president Serzh Sargsyan in 2009 for outstanding contribution to humanity through IT (Global IT Award).<eos/><bos/> The award highlights Armenia on the world IT map as a growing high-tech destination. <eos/><bos/>It is granted on an annual basis to an individual whose internationally acclaimed contributions to IT have resulted in near-revolutionary or revolutionary developments that have positively impacted or hold the potential to positively impact the humanity.<eos/><eop/></p><p><bop/><bos/>The Global IT Award consists of a gold and diamond medal, diploma and trophy evoking Armenia and high tech. The traditional sponsor of the event is VivaCell-MTS telecom provider.-0-0-<eos/><eop/></p></text></content><indexing iso-language="en" value-add="machine-generated"><classification-terms><pres-location-block><bop/><bos/><pres-location-wrap><pres-location>Armenia</pres-location><pres-location-code>ISOAM</pres-location-code><alt1-location-code>1AR09</alt1-location-code></pres-location-wrap><pres-location-wrap><pres-location>CIS Countries</pres-location><pres-location-code>CISSTAT</pres-location-code><alt1-location-code>1CI64</alt1-location-code></pres-location-wrap><pres-location-wrap><pres-location>Eastern Europe</pres-location><pres-location-code>GEOEEUR</pres-location-code><alt1-location-code>1EA48</alt1-location-code></pres-location-wrap><pres-location-wrap><pres-location>Europe</pres-location><pres-location-code>GEOEUR</pres-location-code><alt1-location-code>1EU83</alt1-location-code></pres-location-wrap><eos/><eop/></pres-location-block></classification-terms><classification-terms><pres-subject-block><bop/><bos/><pres-subject-wrap><pres-subject>CIS</pres-subject><pres-subject-code>GEOCIS</pres-subject-code><alt1-subject-code>1CI65</alt1-subject-code></pres-subject-wrap><pres-subject-wrap><pres-subject>Cybercrime &amp; Viruses</pres-subject><pres-subject-code>ECRIME</pres-subject-code><alt1-subject-code>1CY34</alt1-subject-code></pres-subject-wrap><pres-subject-wrap><pres-subject>Legal</pres-subject><pres-subject-code>LAW</pres-subject-code><alt1-subject-code>1LE33</alt1-subject-code></pres-subject-wrap><pres-subject-wrap><pres-subject>Major Corporations</pres-subject><pres-subject-code>MAJCORP</pres-subject-code><alt1-subject-code>1MA93</alt1-subject-code></pres-subject-wrap><pres-subject-wrap><pres-subject>Police</pres-subject><pres-subject-code>PTPOLICE</pres-subject-code><alt1-subject-code>1PO98</alt1-subject-code></pres-subject-wrap><pres-subject-wrap><pres-subject>World Organizations</pres-subject><pres-subject-code>GEOORGS</pres-subject-code><alt1-subject-code>1IN77</alt1-subject-code></pres-subject-wrap><eos/><eop/></pres-subject-block><pres-industry-block><bop/><bos/><pres-industry-wrap><pres-industry>Broadcast TV</pres-industry><pres-industry-code>TVBROAD</pres-industry-code><alt1-industry-code>1BR25</alt1-industry-code></pres-industry-wrap><pres-industry-wrap><pres-industry>Computer Equipment</pres-industry><pres-industry-code>CPTROVER</pres-industry-code><alt1-industry-code>1CO77</alt1-industry-code></pres-industry-wrap><pres-industry-wrap><pres-industry>Entertainment</pres-industry><pres-industry-code>SHOWBIZ</pres-industry-code><alt1-industry-code>1EN08</alt1-industry-code></pres-industry-wrap><pres-industry-wrap><pres-industry>I.T.</pres-industry><pres-industry-code>ITOVER</pres-industry-code><alt1-industry-code>1IT96</alt1-industry-code></pres-industry-wrap><pres-industry-wrap><pres-industry>Internet</pres-industry><pres-industry-code>INTERNET</pres-industry-code><alt1-industry-code>1IN27</alt1-industry-code></pres-industry-wrap><pres-industry-wrap><pres-industry>Internet Regulatory</pres-industry><pres-industry-code>INETREG</pres-industry-code><alt1-industry-code>1IN49</alt1-industry-code></pres-industry-wrap><pres-industry-wrap><pres-industry>Internet Security</pres-industry><pres-industry-code>WEBSECUR</pres-industry-code><alt1-industry-code>1IN07</alt1-industry-code></pres-industry-wrap><pres-industry-wrap><pres-industry>Public Television</pres-industry><pres-industry-code>PUBLICTV</pres-industry-code><alt1-industry-code>1PU41</alt1-industry-code></pres-industry-wrap><pres-industry-wrap><pres-industry>Security Software</pres-industry><pres-industry-code>SOFSEC</pres-industry-code><alt1-industry-code>1SE53</alt1-industry-code></pres-industry-wrap><pres-industry-wrap><pres-industry>TV</pres-industry><pres-industry-code>TV</pres-industry-code><alt1-industry-code>1TV19</alt1-industry-code></pres-industry-wrap><pres-industry-wrap><pres-industry>Television Networks</pres-industry><pres-industry-code>NETWRKOP</pres-industry-code><alt1-industry-code>1TE85</alt1-industry-code></pres-industry-wrap><eos/><eop/></pres-industry-block></classification-terms><classification-terms><rcs-block><rcs>B:169</rcs><rcs>G:B2</rcs><rcs>G:7I</rcs><rcs>B:69</rcs><rcs>M:3</rcs><rcs>M:S</rcs><rcs>G:Y</rcs><rcs>B:162</rcs><rcs>B:86</rcs><rcs>M:NL</rcs><rcs>M:FD</rcs><rcs>B:161</rcs><rcs>B:95</rcs><rcs>B:94</rcs><rcs>B:91</rcs><rcs>G:B</rcs><rcs>B:92</rcs><rcs>G:A</rcs><rcs>M:ES</rcs><rcs>M:H3</rcs><rcs>G:AJ</rcs><rcs>M:DU</rcs></rcs-block></classification-terms><extraction-terms><extr-company-block><bop/><bos/><extr-company>Craig Barrett</extr-company><extr-company-wrap><extr-company-name>Craig Barrett</extr-company-name><relevancy engine="1C">0.2</relevancy><confidence engine="1C">0.85</confidence></extr-company-wrap><extr-company>Kaspersky Lab Evgeny Kaspersky</extr-company><extr-company-wrap><extr-company-name>Kaspersky Lab Evgeny Kaspersky</extr-company-name><relevancy engine="1C">0.2</relevancy><confidence engine="1C">0.96</confidence></extr-company-wrap><norm-company oa-id="4295905573">APPLE INC</norm-company><norm-company-wrap occur-sequence="3"><norm-company-name>APPLE INC</norm-company-name><company-ids><oa-id>4295905573</oa-id><ric norm="AAPL.OQ">AAPL.OQ</ric></company-ids><company-classification><trbc-wrap><trbc type="RCS">B:1758</trbc><trbc type="2012">5710601010</trbc><trbc type="perm-id">4294951243</trbc></trbc-wrap></company-classification><relevancy engine="1C">0.2</relevancy><confidence engine="1C">0.99</confidence></norm-company-wrap><norm-company oa-id="4295905952">CISCO SYSTEMS INC</norm-company><norm-company-wrap occur-sequence="1"><norm-company-name>CISCO SYSTEMS INC</norm-company-name><company-ids><oa-id>4295905952</oa-id><ric norm="CSCO.OQ">CSCO.OQ</ric></company-ids><company-classification><trbc-wrap><trbc type="RCS">B:1750</trbc><trbc type="2012">5710201010</trbc><trbc type="perm-id">4294951251</trbc></trbc-wrap></company-classification><relevancy engine="1C">0.2</relevancy><confidence engine="1C">1</confidence></norm-company-wrap><norm-company oa-id="4295906830">INTEL CORP</norm-company><norm-company-wrap occur-sequence="2"><norm-company-name>INTEL CORP</norm-company-name><company-ids><oa-id>4295906830</oa-id><ric norm="INTC.OQ">INTC.OQ</ric></company-ids><company-classification><trbc-wrap><trbc type="RCS">B:1740</trbc><trbc type="2012">5710101010</trbc><trbc type="perm-id">4294951261</trbc></trbc-wrap></company-classification><relevancy engine="1C">0.2</relevancy><confidence engine="1C">1</confidence></norm-company-wrap><eos/><eop/></extr-company-block></extraction-terms><extraction-terms><extr-person-block><bop/><bos/><extr-person>Serzh Sargsyan</extr-person><extr-person-wrap><extr-person-name>Serzh Sargsyan</extr-person-name><relevancy engine="1C">0.2</relevancy></extr-person-wrap><extr-person>Evgeny Kaspersky</extr-person><extr-person-wrap><extr-person-name>Evgeny Kaspersky</extr-person-name><relevancy engine="1C">0.2</relevancy></extr-person-wrap><extr-person>Steve Wozniak</extr-person><extr-person-wrap><extr-person-name>Steve Wozniak</extr-person-name><relevancy engine="1C">0.2</relevancy></extr-person-wrap><extr-person>Federico Faggin</extr-person><extr-person-wrap><extr-person-name>Federico Faggin</extr-person-name><relevancy engine="1C">0.2</relevancy></extr-person-wrap><extr-person>Mario Mazzola</extr-person><norm-person-wrap><norm-person-name>Mario Mazzola</norm-person-name><person-ids><od-auth-id>55802</od-auth-id><od-officer-id>55802</od-officer-id><person-perm-id>34413176616</person-perm-id></person-ids><relevancy engine="1C">0.2</relevancy></norm-person-wrap><extr-person>Mario Mazzola</extr-person><extr-person-wrap><extr-person-name>Mario Mazzola</extr-person-name><relevancy engine="1C">0.2</relevancy></extr-person-wrap><extr-person>Tsugio Makimoto</extr-person><extr-person-wrap><extr-person-name>Tsugio Makimoto</extr-person-name><relevancy engine="1C">0.2</relevancy></extr-person-wrap><eos/><eop/></extr-person-block></extraction-terms></indexing></document></n-docbody>
</n-document>
<n-document guid="Ida46ede087b511e596cf8593adaef07a"><n-metadata><metadata.block><md.identifiers><md.cites><md.first.line.cite>11/10/15 NEWS 00:00:00</md.first.line.cite><md.second.line.cite>11/10/15 ARKA News Agency 00:00:00</md.second.line.cite></md.cites><md.uuid>Ida46ede087b511e596cf8593adaef07a</md.uuid></md.identifiers><md.infotype>news</md.infotype><md.sortkeys><md.ordersequence>f47363bec</md.ordersequence></md.sortkeys><md.descriptions><md.title>VTB BANK (ARMENIA) ISSUES 500,000TH PLASTIC CARD</md.title><md.westlawdescrip><md.readlist>READLIST</md.readlist></md.westlawdescrip></md.descriptions><md.dates><md.publisheddatetime>20151110082411</md.publisheddatetime><md.loaddate>20151110</md.loaddate><md.createddatetime>20151110082411</md.createddatetime></md.dates><md.subjects><md.subject><md.pubtype.name/><md.doctype.name>DNR</md.doctype.name><md.doctype.rank/><md.view>CNGE</md.view><md.view>RGEurope</md.view><md.view>PTNewswires</md.view><md.view>ARKANEWS0063786</md.view><md.view>INALLNEWS_ACTEST</md.view><md.view>INFARNEWS_AC</md.view><md.view>MARKETSEIKON_CN</md.view><md.view>MARKETSEIKON</md.view><md.view>CB_ASIAWIRES</md.view><md.view>INWIRES_AC</md.view><md.view>GULF_INTL</md.view><md.view>ININTNEWS_AC</md.view><md.view>ANZ_INTLOS</md.view><md.view>CLEAR_RF</md.view><md.view>INALLNEWS_AC</md.view><md.view>INNEWSINT_PRO</md.view><md.view>INBUSNEWS</md.view><md.view>INNEWSWORLD_PRO</md.view><md.view>INBUSNEWS_AC</md.view></md.subject></md.subjects><md.jurisdictions><md.jurisdiction><md.jurisstate>FE</md.jurisstate></md.jurisdiction></md.jurisdictions><md.publications><md.publication/><md.sourcepubid>ARKANEWS</md.sourcepubid></md.publications><md.royalty><md.royalty.code>84104</md.royalty.code></md.royalty></metadata.block><news.metadata.block><md.text.preview>BANKING NEWSYEREVAN, November 10. / ARKA /. The 500,000th plastic card, issued by VTB Bank (Armenia) was given to 27-year-old Ani Pashikyan, a teacher of computer science at a secondary school in the village of Saralanj in the northwestern province</md.text.preview></news.metadata.block><newsplus.recommendable>1</newsplus.recommendable><n-view>CNGE</n-view><n-view>RGEurope</n-view><n-view>PTNewswires</n-view><n-view>ARKANEWS0063786</n-view><n-view>INALLNEWS_ACTEST</n-view><n-view>INFARNEWS_AC</n-view><n-view>MARKETSEIKON_CN</n-view><n-view>MARKETSEIKON</n-view><n-view>CB_ASIAWIRES</n-view><n-view>INWIRES_AC</n-view><n-view>GULF_INTL</n-view><n-view>ININTNEWS_AC</n-view><n-view>ANZ_INTLOS</n-view><n-view>CLEAR_RF</n-view><n-view>INALLNEWS_AC</n-view><n-view>INNEWSINT_PRO</n-view><n-view>INBUSNEWS</n-view><n-view>INNEWSWORLD_PRO</n-view><n-view>INBUSNEWS_AC</n-view><prism-stylesheet guid="Ia3024d301b6a11d89fc5f34981d3242f"/><prism-clipdate>20151110082411</prism-clipdate></n-metadata>
<n-docbody><document version="1" collection="D-ARKANEWS-T001" first-load-date="20151110082411" ip-product="ARKANEWS" royalty-id="84104" data-model="text" dtd-version="5.2.29" content-type="news" load-language="en" pnac="nNRA0etf2p" pnac-date="20151110T141802.558"><supplier-info><supplier-num nitf="doc-id" nitf-regsrc="ARKA News Agency" type="accession">11aa00030d82ff5e</supplier-num><internal-acc-num db-id="NEPRARKA" type="newz">20151110170.1_V11aa00030d82ff5e</internal-acc-num><rec-status><last-load-date>20151110082411</last-load-date><nitf-date ne="datereceived">20151110T14:18:02Z</nitf-date><nitf-date nitf="date-issue">20151110T00:00:00Z</nitf-date><last-provider-update>20151110141802</last-provider-update></rec-status><supplier-copyright>Copyright Â© 2015 ARKA<copyright-year/><copyright-holder>ARKA</copyright-holder></supplier-copyright><supplier-note nitf="urgency" nitf-ed-urg="4"/><nitf-meta-content name="recommendable">0</nitf-meta-content><nitf-meta-content name="_newsmlg2-hashtype=nr-htype:doc-group-fuzzy">92714|98619|39624|42501|95872|31935|2272|96986|17620|102550|55954|4218|24035|9937|11261|17248|24164|11457|17241|29298|50902|91382|21016|11213|59907|18874|33838|37059|77272|85774|12893|17610|61725|75149|32593|72594|105553|22335|7947|19877|16677|1305|24553|111744|72209|69056|61019|72741|55152|63698|9825|69871|28158|77845|83389|61609|103650|62908|63751|103975|</nitf-meta-content><nitf-meta-content name="_newsmlg2-hashtype=nr-htype:doc-group-content-length">1099</nitf-meta-content><nitf-meta-content name="_newsmlg2-hashtype=nr-htype:doc-group-simple">4135e4adb6580ffe455090ac6162385b1468fdab</nitf-meta-content><supplier-dtds><dtd dtd-version="working" dtd-date="20151013T00:00:00Z">Canonical Taxonomy</dtd><dtd dtd-version="20151006" dtd-date="20151013T00:00:00Z">Mapping File</dtd></supplier-dtds><copyright-block type="dialog"><service-copyright n-include_guid="Ice671660f30811d88920000083149a14" n-include_collection="D-DIALOGCOPYRIGHTS-T001"/></copyright-block><copyright-block type="west"><service-copyright n-include_guid="I1DA35ED81DD211B281BAD200220BDFCA" n-include_collection="w_wlnv_msg"/></copyright-block><west-citation-block><bop/><first-line-cite><bos/>11/10/15 NEWS 00:00:00<eos/></first-line-cite><second-line-cite><bos/>11/10/15 ARKA News Agency 00:00:00<eos/></second-line-cite><eop/></west-citation-block></supplier-info><title-info iso-language="en"><bop/><title type="headline" nitf-hedline="hl1" key="key-title"><bos/><sort-title><cite.query w-seq-number="00001" w-ref-type="CO" w-normalized-cite="IB9397CB0D0D811DF98F8FD3889AD24A2" ID="Ida0e5c4087b611e5afefe386ac4958f7">VTB BANK</cite.query> (ARMENIA) ISSUES 500,000TH PLASTIC CARD</sort-title><eos/></title><eop/></title-info><pub-info><journal key="key-journal"><bop/><bos/><sort-journal>ARKA News Agency</sort-journal><eos/><eop/></journal><pub-date key="key-date" iso-time="T00:00:00Z" type="date.publication"><full-pub-date>November 10, 2015</full-pub-date><sort-pub-date>20151110</sort-pub-date><sort-pub-timestamp>20151110000000</sort-pub-timestamp><rank-date>20151110</rank-date><currency-timestamp>20151110000000</currency-timestamp></pub-date><original-pub><language iso-language="en">English</language></original-pub><src-data><src-journal-code>ANPV</src-journal-code><src-pub-code>0063786</src-pub-code><src-pub-type>Newswire</src-pub-type><src-pub-country-wrap><src-pub-country-code>GE</src-pub-country-code><src-pub-country>Georgia CIS</src-pub-country></src-pub-country-wrap><src-pub-region>Europe</src-pub-region></src-data></pub-info><content iso-language="en"><total-char-count>1684</total-char-count><derived-word-count><bop/><bos/>Word Count: 273<eos/><eop/></derived-word-count><text type="lead-para"><p nitf="lede"><bop/><bos/>BANKING NEWS<eos/><eop/></p><p nitf="lede"><bop/><bos/>YEREVAN, November 10. / ARKA /. The 500,000th plastic card, issued by <cite.query w-seq-number="00002" w-ref-type="WC" w-normalized-cite="IF40B3643453D11DD94140014224D2780" ID="Ida149dd087b611e5afefe386ac4958f7">VTB Bank (Armenia</cite.query>) was given to 27-year-old Ani Pashikyan, a teacher of computer science at a secondary school in the village of Saralanj in the northwestern province of Shirak.<eos/><eop/></p></text><text type="body"><p><bop/><bos/>The plastic card together with a 500,000 dram certificate was handed to Ms. Ani Pashikyan by <cite.query w-seq-number="00003" w-ref-type="CO" w-normalized-cite="IB9397CB0D0D811DF98F8FD3889AD24A2" ID="Ida1d024087b611e5afefe386ac4958f7">VTB Bank</cite.query> (Armenia) CEO Yuri Gusev at a ceremony at the bank&apos;s head office. <eos/><bos/>The amount was transferred to Ms. Pashikyan&apos;s payroll card.<eos/><eop/></p><p><bop/><bos/>VTB Bank (Armenia) has been the leading bank in Armenia for several years already by the number of active plastic cards (35% of the total <cite.query w-seq-number="00004" w-ref-type="MM" w-normalized-cite="canonical_name::VISA" ID="Ida2ae4f087b611e5afefe386ac4958f7">Visa</cite.query> and <cite.query w-seq-number="00005" w-ref-type="MM" w-normalized-cite="canonical_name::MASTERCARD" ID="Ida2ae4f187b611e5afefe386ac4958f7">MasterCard</cite.query> cards) and by the total turnover made by using its cards.<eos/><eop/></p><p><bop/><bos/>&quot;The release of the 500,000th card comes to confirm that our payment cards enjoy the highest demand in the country. <eos/><bos/>They also indicate the confidence of a wide range of customers in our services,&quot; Gusev said.<eos/><eop/></p><p><bop/><bos/>VTB Bank (Armenia) is a full member of international payment systems <cite.query w-seq-number="00006" w-ref-type="CO" w-normalized-cite="I4526177017D611E187D9B0292DDB5914" ID="Ida4f5ce087b611e5afefe386ac4958f7">VISA International</cite.query> and <cite.query w-seq-number="00007" w-ref-type="NM" w-normalized-cite="canonical_name::MASTERCARD WORLDWIDE" ID="Ida4f5ce187b611e5afefe386ac4958f7">MasterCard Worldwide</cite.query>. <eos/><bos/>The <cite.query w-seq-number="00008" w-ref-type="CO" w-normalized-cite="I4001E103747A11DD8AA8C467EE637EE9" ID="Ida4f5ce287b611e5afefe386ac4958f7">Bank</cite.query> offers its clients a wide range of standard <cite.query w-seq-number="00009" w-ref-type="MM" w-normalized-cite="canonical_name::VISA" ID="Ida4f5ce387b611e5afefe386ac4958f7">Visa</cite.query> and <cite.query w-seq-number="00010" w-ref-type="MM" w-normalized-cite="canonical_name::MASTERCARD" ID="Ida4f5ce487b611e5afefe386ac4958f7">MasterCard</cite.query> cards. <eos/><bos/>It also serves local ArCa bank cards.<eos/><eop/></p><p><bop/><bos/>VTB Bank (Armenia) runs 67 branches across Armenia and operates 158 ATMs. <eos/><bos/>Its customers can use their cards to pay utility bill, make purchases in retail outlets and in the Internet. <eos/><bos/>VTB Bank (Armenia) is owned entirely by Russian VTB financial group.<eos/><eop/></p><p><bop/><bos/>At the end of the third quarter, its assets totaled 296.1 billion drams, liabilities stood at 266.8 billion drams, its capital was worth 29.2 billion drams and it had 20.9 billion drams of authorized capital having provided also a total of 185.7 billion drams lending. <eos/><bos/>($ 1 - 479.86 drams) -0-<eos/><eop/></p></text></content><indexing iso-language="en" value-add="machine-generated"><classification-terms><pres-location-block><bop/><bos/><pres-location-wrap><pres-location>Armenia</pres-location><pres-location-code>ISOAM</pres-location-code><alt1-location-code>1AR09</alt1-location-code></pres-location-wrap><pres-location-wrap><pres-location>CIS Countries</pres-location><pres-location-code>CISSTAT</pres-location-code><alt1-location-code>1CI64</alt1-location-code></pres-location-wrap><pres-location-wrap><pres-location>Eastern Europe</pres-location><pres-location-code>GEOEEUR</pres-location-code><alt1-location-code>1EA48</alt1-location-code></pres-location-wrap><pres-location-wrap><pres-location>Europe</pres-location><pres-location-code>GEOEUR</pres-location-code><alt1-location-code>1EU83</alt1-location-code></pres-location-wrap><eos/><eop/></pres-location-block></classification-terms><classification-terms><pres-subject-block><bop/><bos/><pres-subject-wrap><pres-subject>CIS</pres-subject><pres-subject-code>GEOCIS</pres-subject-code><alt1-subject-code>1CI65</alt1-subject-code></pres-subject-wrap><pres-subject-wrap><pres-subject>World Organizations</pres-subject><pres-subject-code>GEOORGS</pres-subject-code><alt1-subject-code>1IN77</alt1-subject-code></pres-subject-wrap><eos/><eop/></pres-subject-block><pres-industry-block><bop/><bos/><pres-industry-wrap><pres-industry>Banking</pres-industry><pres-industry-code>BANKOVER</pres-industry-code><alt1-industry-code>1BA20</alt1-industry-code></pres-industry-wrap><pres-industry-wrap><pres-industry>Credit</pres-industry><pres-industry-code>PTCRDT</pres-industry-code><alt1-industry-code>1CR60</alt1-industry-code></pres-industry-wrap><pres-industry-wrap><pres-industry>Credit, Debit &amp; Value Cards</pres-industry><pres-industry-code>CCARDS</pres-industry-code><alt1-industry-code>1CR28</alt1-industry-code></pres-industry-wrap><pres-industry-wrap><pres-industry>Debit Cards</pres-industry><pres-industry-code>DEBCARDS</pres-industry-code><alt1-industry-code>1DE11</alt1-industry-code></pres-industry-wrap><pres-industry-wrap><pres-industry>Financial Services</pres-industry><pres-industry-code>FINSVC</pres-industry-code><alt1-industry-code>1FI37</alt1-industry-code></pres-industry-wrap><pres-industry-wrap><pres-industry>Metals &amp; Mining</pres-industry><pres-industry-code>METALS</pres-industry-code><alt1-industry-code>1ME07</alt1-industry-code></pres-industry-wrap><pres-industry-wrap><pres-industry>Minor Metals &amp; Minerals</pres-industry><pres-industry-code>MINORORE</pres-industry-code><alt1-industry-code>1MI41</alt1-industry-code></pres-industry-wrap><pres-industry-wrap><pres-industry>Molybdenum</pres-industry><pres-industry-code>MOLY</pres-industry-code><alt1-industry-code>1MO03</alt1-industry-code></pres-industry-wrap><pres-industry-wrap><pres-industry>Natural Resources</pres-industry><pres-industry-code>RESOURCE</pres-industry-code><alt1-industry-code>1NA60</alt1-industry-code></pres-industry-wrap><pres-industry-wrap><pres-industry>Retail Banking Services</pres-industry><pres-industry-code>RTBNKOVR</pres-industry-code><alt1-industry-code>1RE38</alt1-industry-code></pres-industry-wrap><eos/><eop/></pres-industry-block></classification-terms><classification-terms><rcs-block><rcs>B:126</rcs><rcs>B:125</rcs><rcs>B:128</rcs><rcs>G:B2</rcs><rcs>B:127</rcs><rcs>U:42</rcs><rcs>G:7I</rcs><rcs>B:12</rcs><rcs>G:Y</rcs><rcs>B:20</rcs><rcs>U:1</rcs><rcs>G:B</rcs><rcs>G:A</rcs><rcs>B:129</rcs><rcs>G:AJ</rcs><rcs>M:DU</rcs><rcs>B:19</rcs></rcs-block></classification-terms><extraction-terms><extr-company-block><bop/><bos/><norm-company oa-id="4295887248">VTB BANK (OPEN JOINT STOCK COMPANY)</norm-company><norm-company-wrap occur-sequence="1,2,3,4,7,12,13,14"><norm-company-name>VTB BANK (OPEN JOINT STOCK COMPANY)</norm-company-name><company-ids><oa-id>4295887248</oa-id><ric norm="VTBR.MMO">VTBR.MMO</ric></company-ids><company-classification><trbc-wrap><trbc type="RCS">B:1615</trbc><trbc type="2012">5510101010</trbc><trbc type="perm-id">4294951386</trbc></trbc-wrap></company-classification><relevancy engine="1C">0.8</relevancy><confidence engine="1C">0.96</confidence></norm-company-wrap><norm-company oa-id="4298214194">MASTERCARD INTERNATIONAL INC</norm-company><norm-company-wrap occur-sequence="6,9,11"><norm-company-name>MASTERCARD INTERNATIONAL INC</norm-company-name><company-ids><oa-id>4298214194</oa-id></company-ids><company-classification><trbc-wrap><trbc type="RCS">B:1615</trbc><trbc type="2012">5510101010</trbc><trbc type="perm-id">4294951386</trbc></trbc-wrap></company-classification><relevancy engine="1C">0.5</relevancy><confidence engine="1C">1</confidence></norm-company-wrap><norm-company oa-id="4298015179">VISA INC</norm-company><norm-company-wrap occur-sequence="5,10"><norm-company-name>VISA INC</norm-company-name><company-ids><oa-id>4298015179</oa-id><ric norm="V.N">V.N</ric></company-ids><company-classification><trbc-wrap><trbc type="RCS">B:1219</trbc><trbc type="2012">5220304010</trbc><trbc type="perm-id">4294951782</trbc></trbc-wrap></company-classification><relevancy engine="1C">0.2</relevancy><confidence engine="1C">0.87</confidence></norm-company-wrap><norm-company oa-id="5000115616">VISA INTERNATIONAL (HOLLAND) BV</norm-company><norm-company-wrap occur-sequence="8"><norm-company-name>VISA INTERNATIONAL (HOLLAND) BV</norm-company-name><company-ids><oa-id>5000115616</oa-id></company-ids><relevancy engine="1C">0.2</relevancy><confidence engine="1C">0.99</confidence></norm-company-wrap><eos/><eop/></extr-company-block></extraction-terms><extraction-terms><extr-person-block><bop/><bos/><extr-person>Ani Pashikyan</extr-person><extr-person-wrap><extr-person-name>Ani Pashikyan</extr-person-name><relevancy engine="1C">0.2</relevancy></extr-person-wrap><extr-person>Yuri Gusev</extr-person><extr-person-wrap><extr-person-name>Yuri Gusev</extr-person-name><relevancy engine="1C">0.2</relevancy></extr-person-wrap><eos/><eop/></extr-person-block></extraction-terms></indexing></document></n-docbody>
</n-document>
<n-document guid="I73d922f086b911e58461cdde5d2e5a8b"><n-metadata><metadata.block><md.identifiers><md.cites><md.first.line.cite>11/9/15 NEWS 00:00:00</md.first.line.cite><md.second.line.cite>11/9/15 ARKA News Agency 00:00:00</md.second.line.cite></md.cites><md.uuid>I73d922f086b911e58461cdde5d2e5a8b</md.uuid></md.identifiers><md.infotype>news</md.infotype><md.sortkeys><md.ordersequence>f47363bec</md.ordersequence></md.sortkeys><md.descriptions><md.title>NO DOLLAR EXCHANGE TRANSACTIONS EFFECTED AT NASDAQ OMX ARMENIA STOCK EXCHANGE LAST WEEK</md.title><md.westlawdescrip><md.readlist>READLIST</md.readlist></md.westlawdescrip></md.descriptions><md.dates><md.publisheddatetime>20151109021813</md.publisheddatetime><md.loaddate>20151109</md.loaddate><md.createddatetime>20151109021813</md.createddatetime></md.dates><md.subjects><md.subject><md.pubtype.name/><md.doctype.name>DNR</md.doctype.name><md.doctype.rank/><md.view>CNGE</md.view><md.view>RGEurope</md.view><md.view>PTNewswires</md.view><md.view>ARKANEWS0063786</md.view><md.view>INALLNEWS_ACTEST</md.view><md.view>INFARNEWS_AC</md.view><md.view>MARKETSEIKON_CN</md.view><md.view>MARKETSEIKON</md.view><md.view>CB_ASIAWIRES</md.view><md.view>INWIRES_AC</md.view><md.view>GULF_INTL</md.view><md.view>ININTNEWS_AC</md.view><md.view>ANZ_INTLOS</md.view><md.view>CLEAR_RF</md.view><md.view>INALLNEWS_AC</md.view><md.view>INNEWSINT_PRO</md.view><md.view>INBUSNEWS</md.view><md.view>INNEWSWORLD_PRO</md.view><md.view>INBUSNEWS_AC</md.view></md.subject></md.subjects><md.jurisdictions><md.jurisdiction><md.jurisstate>FE</md.jurisstate></md.jurisdiction></md.jurisdictions><md.publications><md.publication/><md.sourcepubid>ARKANEWS</md.sourcepubid></md.publications><md.royalty><md.royalty.code>84104</md.royalty.code></md.royalty></metadata.block><news.metadata.block><md.text.preview>STOCK MARKETYEREVAN, November 9. /ARKA/. No dollar exchange transactions were effected at NASDAQ OMX Armenia stock exchange over a period between November 2 and 6.</md.text.preview></news.metadata.block><newsplus.recommendable/><n-view>CNGE</n-view><n-view>RGEurope</n-view><n-view>PTNewswires</n-view><n-view>ARKANEWS0063786</n-view><n-view>INALLNEWS_ACTEST</n-view><n-view>INFARNEWS_AC</n-view><n-view>MARKETSEIKON_CN</n-view><n-view>MARKETSEIKON</n-view><n-view>CB_ASIAWIRES</n-view><n-view>INWIRES_AC</n-view><n-view>GULF_INTL</n-view><n-view>ININTNEWS_AC</n-view><n-view>ANZ_INTLOS</n-view><n-view>CLEAR_RF</n-view><n-view>INALLNEWS_AC</n-view><n-view>INNEWSINT_PRO</n-view><n-view>INBUSNEWS</n-view><n-view>INNEWSWORLD_PRO</n-view><n-view>INBUSNEWS_AC</n-view><prism-stylesheet guid="Ia3024d301b6a11d89fc5f34981d3242f"/><prism-clipdate>20151109021813</prism-clipdate></n-metadata>
<n-docbody><document version="1" collection="D-ARKANEWS-T001" first-load-date="20151109021813" ip-product="ARKANEWS" royalty-id="84104" data-model="text" dtd-version="5.2.29" content-type="news" load-language="en" pnac="nNRA0en3ta" pnac-date="20151109T081117.535"><supplier-info><supplier-num nitf="doc-id" nitf-regsrc="ARKA News Agency" type="accession">bbeb00017c34240e</supplier-num><internal-acc-num db-id="NEPRARKA" type="newz">20151109170.1_Vbbeb00017c34240e</internal-acc-num><rec-status><last-load-date>20151109021813</last-load-date><nitf-date ne="datereceived">20151109T08:11:17Z</nitf-date><nitf-date nitf="date-issue">20151109T00:00:00Z</nitf-date><last-provider-update>20151109081117</last-provider-update></rec-status><supplier-copyright>Copyright Â© 2015 ARKA<copyright-year/><copyright-holder>ARKA</copyright-holder></supplier-copyright><supplier-note nitf="urgency" nitf-ed-urg="4"/><nitf-meta-content name="recommendable">0</nitf-meta-content><nitf-meta-content name="_newsmlg2-hashtype=nr-htype:doc-group-fuzzy">18907|98619|46897|57684|42886|31935|39655|28270|10798|93066|29340|103059|88962|16303|51902|31950|46335|61020|66273|22369|7947|33633|90427|18280|61794|72741|103430|28158|29413|15491|51133|102805|67943|63656|56273|85436|4902|11769|24658|33902|57042|24300|3432|95632|15394|95195|3353|15243|45672|19722|74660|</nitf-meta-content><nitf-meta-content name="_newsmlg2-hashtype=nr-htype:doc-group-content-length">634</nitf-meta-content><nitf-meta-content name="_newsmlg2-hashtype=nr-htype:doc-group-simple">3e4ca6f84acff6230cf53d055e333dd58ab5df63</nitf-meta-content><supplier-dtds><dtd dtd-version="working" dtd-date="20151013T00:00:00Z">Canonical Taxonomy</dtd><dtd dtd-version="20151006" dtd-date="20151013T00:00:00Z">Mapping File</dtd></supplier-dtds><copyright-block type="dialog"><service-copyright n-include_guid="Ice671660f30811d88920000083149a14" n-include_collection="D-DIALOGCOPYRIGHTS-T001"/></copyright-block><copyright-block type="west"><service-copyright n-include_guid="I1DA35ED81DD211B281BAD200220BDFCA" n-include_collection="w_wlnv_msg"/></copyright-block><west-citation-block><bop/><first-line-cite><bos/>11/9/15 NEWS 00:00:00<eos/></first-line-cite><second-line-cite><bos/>11/9/15 ARKA News Agency 00:00:00<eos/></second-line-cite><eop/></west-citation-block></supplier-info><title-info iso-language="en"><bop/><title type="headline" nitf-hedline="hl1" key="key-title"><bos/><sort-title>NO DOLLAR EXCHANGE TRANSACTIONS EFFECTED AT <cite.query w-seq-number="00001" w-ref-type="CO" w-normalized-cite="IB3F93E8029C011DF9BD7C7F341E042AB" ID="Ib93d009086ba11e5b9bad15e1fa8820e">NASDAQ</cite.query> OMX ARMENIA STOCK EXCHANGE LAST WEEK</sort-title><eos/></title><eop/></title-info><pub-info><journal key="key-journal"><bop/><bos/><sort-journal>ARKA News Agency</sort-journal><eos/><eop/></journal><pub-date key="key-date" iso-time="T00:00:00Z" type="date.publication"><full-pub-date>November 9, 2015</full-pub-date><sort-pub-date>20151109</sort-pub-date><sort-pub-timestamp>20151109000000</sort-pub-timestamp><rank-date>20151109</rank-date><currency-timestamp>20151109000000</currency-timestamp></pub-date><original-pub><language iso-language="en">English</language></original-pub><src-data><src-journal-code>ANPV</src-journal-code><src-pub-code>0063786</src-pub-code><src-pub-type>Newswire</src-pub-type><src-pub-country-wrap><src-pub-country-code>GE</src-pub-country-code><src-pub-country>Georgia CIS</src-pub-country></src-pub-country-wrap><src-pub-region>Europe</src-pub-region></src-data></pub-info><content iso-language="en"><total-char-count>1131</total-char-count><derived-word-count><bop/><bos/>Word Count: 174<eos/><eop/></derived-word-count><text type="lead-para"><p nitf="lede"><bop/><bos/>STOCK MARKET<eos/><eop/></p><p nitf="lede"><bop/><bos/>YEREVAN, November 9. /ARKA/. <eos/><bos/>No dollar exchange transactions were effected at <cite.query w-seq-number="00002" w-ref-type="CO" w-normalized-cite="IB3F93E8029C011DF9BD7C7F341E042AB" ID="Ib946eba086ba11e5b9bad15e1fa8820e">NASDAQ</cite.query> OMX Armenia stock exchange over a period between November 2 and 6.<eos/><eop/></p></text><text type="body"><p><bop/><bos/>Neither Russian rubles nor euros were traded at <cite.query w-seq-number="00003" w-ref-type="CO" w-normalized-cite="IB3F93E8029C011DF9BD7C7F341E042AB" ID="Ib9520f3086ba11e5b9bad15e1fa8820e">NASDAQ</cite.query> OMX Armenia last week as well.<eos/><eop/></p><p><bop/><bos/>According to the report received from the stock exchange, $5.55 million dollars traded here between October 26 and 30.<eos/><eop/></p><p><bop/><bos/><cite.query w-seq-number="00004" w-ref-type="CO" w-normalized-cite="IB3F93E8029C011DF9BD7C7F341E042AB" ID="Ib995a7e086ba11e5b9bad15e1fa8820e">NASDAQ</cite.query> OMX Armenia is the new name of the <cite.query w-seq-number="00005" w-ref-type="CO" w-normalized-cite="IFC75AA8441EC11DDAD6B0014224D2780" ID="Ib995a7e186ba11e5b9bad15e1fa8820e">Armenian Stock Exchange</cite.query> ojsc (renamed on January 27, 2009), however, it is also used to refer jointly to the stock exchange and the Central Depository of Armenia ojsc (CDA), as the both companies have been members of the <cite.query w-seq-number="00006" w-ref-type="CO" w-normalized-cite="I259E58B041EA11DDAD6B0014224D2780" ID="Ib995a7e286ba11e5b9bad15e1fa8820e">NASDAQ OMX Group, Inc.</cite.query> since early 2008. <eos/><bos/><cite.query w-seq-number="00007" w-ref-type="CO" w-normalized-cite="IB3F93E8029C011DF9BD7C7F341E042AB" ID="Ib995a7e386ba11e5b9bad15e1fa8820e">NASDAQ</cite.query> OMX Armenia and the <cite.query w-seq-number="00008" w-ref-type="MM" w-normalized-cite="canonical_name::CDA" ID="Ib995a7e486ba11e5b9bad15e1fa8820e">CDA</cite.query> are the major securities market infrastructure institutions in Armenia. <eos/><bos/>Since their inception in 2000, both companies had operated as self-regulatory organizations established by member broker companies, up until demutualization in 2007. <eos/><bos/><cite.query w-seq-number="00009" w-ref-type="CO" w-normalized-cite="IB3F93E8029C011DF9BD7C7F341E042AB" ID="Ib995a7e586ba11e5b9bad15e1fa8820e">NASDAQ</cite.query> OMX Armenia is a part of the world&apos;s largest exchange company, the <cite.query w-seq-number="00010" w-ref-type="CO" w-normalized-cite="I259E58B041EA11DDAD6B0014224D2780" ID="Ib995a7e686ba11e5b9bad15e1fa8820e">NASDAQ OMX Group, Inc.</cite.query> In late June there were 16 companies listed at <cite.query w-seq-number="00011" w-ref-type="CO" w-normalized-cite="IB3F93E8029C011DF9BD7C7F341E042AB" ID="Ib995a7e786ba11e5b9bad15e1fa8820e">Nasdaq</cite.query> OMX Armenia. <eos/><bos/>($1 - AMD 477.72).<eos/> M.V.---0-<eop/></p></text></content><indexing iso-language="en" value-add="machine-generated"><classification-terms><pres-location-block><bop/><bos/><pres-location-wrap><pres-location>Armenia</pres-location><pres-location-code>ISOAM</pres-location-code><alt1-location-code>1AR09</alt1-location-code></pres-location-wrap><pres-location-wrap><pres-location>CIS Countries</pres-location><pres-location-code>CISSTAT</pres-location-code><alt1-location-code>1CI64</alt1-location-code></pres-location-wrap><pres-location-wrap><pres-location>Eastern Europe</pres-location><pres-location-code>GEOEEUR</pres-location-code><alt1-location-code>1EA48</alt1-location-code></pres-location-wrap><pres-location-wrap><pres-location>Europe</pres-location><pres-location-code>GEOEUR</pres-location-code><alt1-location-code>1EU83</alt1-location-code></pres-location-wrap><eos/><eop/></pres-location-block></classification-terms><classification-terms><pres-subject-block><bop/><bos/><pres-subject-wrap><pres-subject>CIS</pres-subject><pres-subject-code>GEOCIS</pres-subject-code><alt1-subject-code>1CI65</alt1-subject-code></pres-subject-wrap><pres-subject-wrap><pres-subject>Economics &amp; Trade</pres-subject><pres-subject-code>TRADE</pres-subject-code><alt1-subject-code>1EC26</alt1-subject-code></pres-subject-wrap><pres-subject-wrap><pres-subject>Financial Markets</pres-subject><pres-subject-code>BOURSE</pres-subject-code><alt1-subject-code>1FI87</alt1-subject-code></pres-subject-wrap><pres-subject-wrap><pres-subject>World Organizations</pres-subject><pres-subject-code>GEOORGS</pres-subject-code><alt1-subject-code>1IN77</alt1-subject-code></pres-subject-wrap><eos/><eop/></pres-subject-block><pres-industry-block><bop/><bos/><pres-industry-wrap><pres-industry>Financial Services</pres-industry><pres-industry-code>FINSVC</pres-industry-code><alt1-industry-code>1FI37</alt1-industry-code></pres-industry-wrap><pres-industry-wrap><pres-industry>U.S. Securities &amp; Exchange Commission</pres-industry><pres-industry-code>SECNEWS</pres-industry-code><alt1-industry-code>1US50</alt1-industry-code></pres-industry-wrap><eos/><eop/></pres-industry-block></classification-terms><classification-terms><rcs-block><rcs>E:6</rcs><rcs>B:125</rcs><rcs>E:5</rcs><rcs>G:B2</rcs><rcs>G:7I</rcs><rcs>G:Y</rcs><rcs>G:AJ</rcs><rcs>M:DU</rcs><rcs>G:B</rcs><rcs>G:A</rcs></rcs-block></classification-terms><extraction-terms><extr-company-block><bop/><bos/><norm-company oa-id="5000143907">NASDAQ OMX ARMENIA OPEN JSK</norm-company><norm-company-wrap occur-sequence="1,2,3,4,5,7,8,10"><norm-company-name>NASDAQ OMX ARMENIA OPEN JSK</norm-company-name><company-ids><oa-id>5000143907</oa-id></company-ids><relevancy engine="1C">0.8</relevancy><confidence engine="1C">0.99</confidence></norm-company-wrap><norm-company oa-id="8589934167">NASDAQ OMX GROUP INC (THE)</norm-company><norm-company-wrap occur-sequence="6,9"><norm-company-name>NASDAQ OMX GROUP INC (THE)</norm-company-name><company-ids><oa-id>8589934167</oa-id><ric norm="NDAQ.OQ">NDAQ.OQ</ric></company-ids><company-classification><trbc-wrap><trbc type="RCS">B:1648</trbc><trbc type="2012">5510205010</trbc><trbc type="perm-id">4294951353</trbc></trbc-wrap></company-classification><relevancy engine="1C">0.2</relevancy><confidence engine="1C">0.99</confidence></norm-company-wrap><eos/><eop/></extr-company-block></extraction-terms></indexing></document></n-docbody>
</n-document>
<n-document guid="Id3f1ff30848f11e5a7eba5afa42d601a"><n-metadata><metadata.block><md.identifiers><md.cites><md.first.line.cite>11/6/15 NEWS 00:00:00</md.first.line.cite><md.second.line.cite>11/6/15 ARKA News Agency 00:00:00</md.second.line.cite></md.cites><md.uuid>Id3f1ff30848f11e5a7eba5afa42d601a</md.uuid></md.identifiers><md.infotype>news</md.infotype><md.sortkeys><md.ordersequence>f47363bec</md.ordersequence></md.sortkeys><md.descriptions><md.title>DIGITAL TECHNOLOGY IS THE FUTURE OF BANKING IN ARMENIA</md.title><md.westlawdescrip><md.readlist>READLIST</md.readlist></md.westlawdescrip></md.descriptions><md.dates><md.publisheddatetime>20151106081706</md.publisheddatetime><md.loaddate>20151106</md.loaddate><md.createddatetime>20151106081706</md.createddatetime></md.dates><md.subjects><md.subject><md.pubtype.name/><md.doctype.name>DNR</md.doctype.name><md.doctype.rank/><md.view>CNGE</md.view><md.view>RGEurope</md.view><md.view>PTNewswires</md.view><md.view>ARKANEWS0063786</md.view><md.view>INALLNEWS_ACTEST</md.view><md.view>INFARNEWS_AC</md.view><md.view>MARKETSEIKON_CN</md.view><md.view>MARKETSEIKON</md.view><md.view>CB_ASIAWIRES</md.view><md.view>INWIRES_AC</md.view><md.view>GULF_INTL</md.view><md.view>ININTNEWS_AC</md.view><md.view>ANZ_INTLOS</md.view><md.view>CLEAR_RF</md.view><md.view>INALLNEWS_AC</md.view><md.view>INNEWSINT_PRO</md.view><md.view>INBUSNEWS</md.view><md.view>INNEWSWORLD_PRO</md.view><md.view>INBUSNEWS_AC</md.view></md.subject></md.subjects><md.jurisdictions><md.jurisdiction><md.jurisstate>FE</md.jurisstate></md.jurisdiction></md.jurisdictions><md.publications><md.publication/><md.sourcepubid>ARKANEWS</md.sourcepubid></md.publications><md.royalty><md.royalty.code>84104</md.royalty.code></md.royalty></metadata.block><news.metadata.block><md.text.preview>BANKING NEWSYEREVAN, November 6. / ARKA /. Digital technologies continue to progress rapidly, penetrating into virtually every area of our lives, including the banking business. The ongoing globalization and fierce competition made the largest</md.text.preview></news.metadata.block><newsplus.recommendable>1</newsplus.recommendable><n-view>CNGE</n-view><n-view>RGEurope</n-view><n-view>PTNewswires</n-view><n-view>ARKANEWS0063786</n-view><n-view>INALLNEWS_ACTEST</n-view><n-view>INFARNEWS_AC</n-view><n-view>MARKETSEIKON_CN</n-view><n-view>MARKETSEIKON</n-view><n-view>CB_ASIAWIRES</n-view><n-view>INWIRES_AC</n-view><n-view>GULF_INTL</n-view><n-view>ININTNEWS_AC</n-view><n-view>ANZ_INTLOS</n-view><n-view>CLEAR_RF</n-view><n-view>INALLNEWS_AC</n-view><n-view>INNEWSINT_PRO</n-view><n-view>INBUSNEWS</n-view><n-view>INNEWSWORLD_PRO</n-view><n-view>INBUSNEWS_AC</n-view><prism-stylesheet guid="Ia3024d301b6a11d89fc5f34981d3242f"/><prism-clipdate>20151106081706</prism-clipdate></n-metadata>
<n-docbody><document version="1" collection="D-ARKANEWS-T001" first-load-date="20151106081706" ip-product="ARKANEWS" royalty-id="84104" data-model="text" dtd-version="5.2.29" content-type="news" load-language="en" pnac="nNRA0eeoc4" pnac-date="20151106T140817.571"><supplier-info><supplier-num nitf="doc-id" nitf-regsrc="ARKA News Agency" type="accession">0c61003088c2e2a1</supplier-num><internal-acc-num db-id="NEPRARKA" type="newz">20151106170.1_V0c61003088c2e2a1</internal-acc-num><rec-status><last-load-date>20151106081706</last-load-date><nitf-date ne="datereceived">20151106T14:08:17Z</nitf-date><nitf-date nitf="date-issue">20151106T00:00:00Z</nitf-date><last-provider-update>20151106140817</last-provider-update></rec-status><supplier-copyright>Copyright Â© 2015 ARKA<copyright-year/><copyright-holder>ARKA</copyright-holder></supplier-copyright><supplier-note nitf="urgency" nitf-ed-urg="4"/><nitf-meta-content name="recommendable">1</nitf-meta-content><nitf-meta-content name="_newsmlg2-hashtype=nr-htype:doc-group-fuzzy">112917|109801|6700|10834|98619|109585|65187|48301|87948|57684|83193|67696|41706|99624|15807|103470|87559|68797|70915|18460|49508|31935|86150|83525|28105|65319|64480|4285|106171|61715|17629|24422|38305|82898|90957|80298|68313|101141|88877|21606|101873|106397|62927|29288|103172|24035|15464|90102|83483|11261|67874|71966|99592|105272|50916|111444|12568|43095|84345|94648|</nitf-meta-content><nitf-meta-content name="_newsmlg2-hashtype=nr-htype:doc-group-content-length">4007</nitf-meta-content><nitf-meta-content name="_newsmlg2-hashtype=nr-htype:doc-group-simple">-11109432a49dfa0d15fe5f38e4e22c00cf66df64</nitf-meta-content><supplier-dtds><dtd dtd-version="working" dtd-date="20151013T00:00:00Z">Canonical Taxonomy</dtd><dtd dtd-version="20151006" dtd-date="20151013T00:00:00Z">Mapping File</dtd></supplier-dtds><copyright-block type="dialog"><service-copyright n-include_guid="Ice671660f30811d88920000083149a14" n-include_collection="D-DIALOGCOPYRIGHTS-T001"/></copyright-block><copyright-block type="west"><service-copyright n-include_guid="I1DA35ED81DD211B281BAD200220BDFCA" n-include_collection="w_wlnv_msg"/></copyright-block><west-citation-block><bop/><first-line-cite><bos/>11/6/15 NEWS 00:00:00<eos/></first-line-cite><second-line-cite><bos/>11/6/15 ARKA News Agency 00:00:00<eos/></second-line-cite><eop/></west-citation-block></supplier-info><title-info iso-language="en"><bop/><title type="headline" nitf-hedline="hl1" key="key-title"><bos/><sort-title>DIGITAL TECHNOLOGY IS THE FUTURE OF BANKING IN ARMENIA</sort-title><eos/></title><eop/></title-info><pub-info><journal key="key-journal"><bop/><bos/><sort-journal>ARKA News Agency</sort-journal><eos/><eop/></journal><pub-date key="key-date" iso-time="T00:00:00Z" type="date.publication"><full-pub-date>November 6, 2015</full-pub-date><sort-pub-date>20151106</sort-pub-date><sort-pub-timestamp>20151106000000</sort-pub-timestamp><rank-date>20151106</rank-date><currency-timestamp>20151106000000</currency-timestamp></pub-date><original-pub><language iso-language="en">English</language></original-pub><src-data><src-journal-code>ANPV</src-journal-code><src-pub-code>0063786</src-pub-code><src-pub-type>Newswire</src-pub-type><src-pub-country-wrap><src-pub-country-code>GE</src-pub-country-code><src-pub-country>Georgia CIS</src-pub-country></src-pub-country-wrap><src-pub-region>Europe</src-pub-region></src-data></pub-info><content iso-language="en"><total-char-count>6680</total-char-count><derived-word-count><bop/><bos/>Word Count: 1040<eos/><eop/></derived-word-count><text type="lead-para"><p nitf="lede"><bop/><bos/>BANKING NEWS<eos/><eop/></p><p nitf="lede"><bop/><bos/>YEREVAN, November 6. / ARKA /. Digital technologies continue to progress rapidly, penetrating into virtually every area of our lives, including the banking business. <eos/><bos/>The ongoing globalization and fierce competition made the largest banks in the world shift to a new business model - digital bank model, enabling their clients to make transactions by using remote channels such as Internet and mobile devices.<eos/><eop/></p></text><text type="body"><p><bop/><bos/>Armenian banks too try to follow the new trends in order to become more competitive in the market. <eos/><bos/>To that end Ameriabank held recently a plenary discussion on the topic of &quot;Is the spread of remote banking services in Armenia grounded?&quot;.<eos/><bos/> The event brought together representatives of Ameriabank, <cite.query w-seq-number="00001" w-ref-type="MM" w-normalized-cite="canonical_name::HSBC BANK" ID="I3fe11c70849111e58dfef474a38b74f2">HSBC Bank</cite.query> Armenia, Beeline and Ucom telecom providers, the <cite.query w-seq-number="00002" w-ref-type="CO" w-normalized-cite="I706C7C4142B311DDA5520014224D2780" ID="I3fe11c71849111e58dfef474a38b74f2">Central Bank of Armenia</cite.query>, as well as information security experts and representatives of IT companies. <eos/><bos/>The participants discussed the current trends in the banking services, as well as the prospects for the use of remote services.<eos/><eop/></p><p><bop/><bos/><cite.query w-seq-number="00003" w-ref-type="NM" w-normalized-cite="canonical_name::DIGITAL BANK" ID="I4003e6b0849111e58dfef474a38b74f2">Digital Bank</cite.query> is the strategy of the future<eos/><eop/></p><p><bop/><bos/>The use of digital technologies is not something new for the global banking business. <eos/><bos/>As for Armenian banks, they began to use digital technologies quite recently. <eos/><bos/>More precisely, they have begun to actively introduce various channels of remote services, particularly, the online and mobile banking only this year.<eos/><eop/></p><p><bop/><bos/>According to a study by Ameria advisory firm, only three of the 21 banks operating in Armenia provide no online banking services, in particular, for individual customers. <eos/><bos/>The survey, conducted by the advisory firm in 11 towns of Armenia, revealed that at the end of 2014 only 2% of bank customer used online banking, up from 1.3% in 2013.<eos/><eop/></p><p><bop/><bos/>However, the Armenian banks still have much room for development. <eos/><bos/>Thus, the global percentage of online banking use is 28.7%, with the most active users being in North America (48%) and Europe (37.8%).<eos/><bos/> The most active users of online banking are in Iceland (91%).<eos/><bos/> Although the level of the use of remote service channels in Armenia is still low, market experts believe that a digital bank is the future of the banking business in Armenia.<eos/><eop/></p><p><bop/><bos/>Ameriabank retail operations director Arman Barseghyan says widespread use of remote services in Armenia has no alternative, but this will take time. <eos/><bos/>According to him, the success depends primarily on the general welfare of the population. <eos/><bos/>He says these services are unavailable for certain segments of the population, the majority of who are residents of provinces where the level of the use of Internet, smartphones and simple banking services is still very low.<eos/><eop/></p><p><bop/><bos/>Mihran Muradyan, the head of the retail operations department at <cite.query w-seq-number="00004" w-ref-type="CO" w-normalized-cite="I58479C307B3711DF84C49AAC7EA8C725" ID="I407f3130849111e58dfef474a38b74f2">HSBC Bank Armenia</cite.query>, says the future of banking operations in Armenia depends on the use of digital technologies. <eos/><bos/>According to him, in some countries, for example, in Singapore, bank branches do not use the human resource and the entire work is done entirely in digital format.<eos/><eop/></p><p><bop/><bos/>According to experts, the development of technology in the world has changed dramatically not only businesses, but also the people, their lives, habits and the way of thinking. <eos/><bos/>According to Vakhtang Abrahamyan, a member of the <cite.query w-seq-number="00005" w-ref-type="NM" w-normalized-cite="canonical_name::ARMENIAN CENTRAL BANK BOARD" ID="I40d5dcb0849111e58dfef474a38b74f2">Armenian Central Bank Board</cite.query>, development of digital technologies in Armenia&apos;s banking sector is linked with the young generation that does not imagine their life without smartphones and gadgets.<eos/><eop/></p><p><bop/><bos/>&quot;The 21st century bank customers who master new technologies very quickly will require new technologies, and the banks will have to follow these rapidly changing trends,&quot; he said. <eos/><bos/>These trends, according to <cite.query w-seq-number="00006" w-ref-type="NM" w-normalized-cite="canonical_name::ABRAHAMYAN" ID="I41130cc0849111e58dfef474a38b74f2">Abrahamyan</cite.query>, are confirmed by the example of the UK, where 40% of bank customers from the millennium generation have never visited their bank. &quot;<eos/><eop/></p><p><bop/><bos/>No progress without risk<eos/><eop/></p><p><bop/><bos/>Naturally, the development of new technologies brings about new risks, in particular, the threat of fraud and hacker attacks. <eos/><bos/>The <cite.query w-seq-number="00007" w-ref-type="CO" w-normalized-cite="I706C7C4142B311DDA5520014224D2780" ID="I412c3a10849111e58dfef474a38b74f2">Central Bank of Armenia</cite.query>, as the regulator, pays great attention to the safety of the banking system and banking products, including online banking. <eos/><bos/>All the banks in Armenia have their internal set of rules under which the banks must conduct periodically - monthly or quarterly - &quot;penetration testing.&quot; <eos/><bos/>International safety certificates are also effective in the country.<eos/><eop/></p><p><bop/><bos/>Nonetheless, the risks are still present. <eos/><bos/>According to a cyber security expert Samvel Martirosyan, the majority of Armenian banks are equipped with quality protection systems against hacker attacks, but there are also 4-5 banks with serious vulnerability that expose their online customers to danger. <eos/><bos/>He added that no serious hacker attacks on domestic banks have been reported yet.<eos/><eop/></p><p><bop/><bos/>&quot;We are not interesting yet to hackers because of small online market of the country. <eos/><bos/>However, the market is growing and no one can rule out hacker attacks in the future,&quot; Martirosyan said. <eos/><bos/>He, however, considers that potential vulnerability of banks to hacker attacks is a theoretical threat, but nevertheless it must be taken into account by the banks.<eos/><eop/></p><p><bop/><bos/>Non-bank players and banks are partners<eos/><eop/></p><p><bop/><bos/>The development of digital technologies today is ahead of time, with banks having little time to transform their activities in order to adapt to new realities and fully comply with modern trends. <eos/><bos/>Therefore, along with the banks the other non-bank institutions, in particular, payment systems and telecommunication companies, began to provide financial services.<eos/><eop/></p><p><bop/><bos/>According to many bankers, new digital companies pose a significant competition to the main types of banking services by depriving the banks of part of their profits. <eos/><bos/>One such example is <cite.query w-seq-number="00008" w-ref-type="MM" w-normalized-cite="canonical_name::GOOGLE" ID="I422b0c70849111e58dfef474a38b74f2">Google</cite.query>, running the plastic debit card, which is used by millions of consumers in the <cite.query w-seq-number="00009" w-ref-type="MM" w-normalized-cite="canonical_name::GOOGLE" ID="I422b0c71849111e58dfef474a38b74f2">Google</cite.query> Wallet. <eos/><bos/>In many countries <cite.query w-seq-number="00010" w-ref-type="MM" w-normalized-cite="canonical_name::PAYPAL" ID="I422b0c72849111e58dfef474a38b74f2">PayPal</cite.query>, <cite.query w-seq-number="00011" w-ref-type="MM" w-normalized-cite="canonical_name::APPLE" ID="I422b0c73849111e58dfef474a38b74f2">Apple</cite.query> Pay and other mobile banking services and wallets rank first in the provision of online payment services.<eos/><eop/></p><p><bop/><bos/>According to Maxim Khalmatov, the head of information technology unit at ArmenTel telecommunications company, banking and telecommunications companies in Armenia are not going to compete with banks in the market of financial solutions, but want to become partners. <eos/><bos/>He believes that that will happen, largely due to the regulatory peculiarities of Armenia and its market characteristics, in particular, the behavior of banking institutions and telecommunications companies, as well as due to the limited market.<eos/><eop/></p><p><bop/><bos/>In such circumstances, the banking business will be preserved in its pure form for a limited segment of customers only, in particular, for corporate and premium segments, while the combined products and services, where banks and non-bank player will have respective roles in the provision of customer services will be increasingly dominating in retail operations market. -0-<eos/><eop/></p></text></content><indexing iso-language="en" value-add="machine-generated"><classification-terms><pres-location-block><bop/><bos/><pres-location-wrap><pres-location>Armenia</pres-location><pres-location-code>ISOAM</pres-location-code><alt1-location-code>1AR09</alt1-location-code></pres-location-wrap><pres-location-wrap><pres-location>CIS Countries</pres-location><pres-location-code>CISSTAT</pres-location-code><alt1-location-code>1CI64</alt1-location-code></pres-location-wrap><pres-location-wrap><pres-location>Eastern Europe</pres-location><pres-location-code>GEOEEUR</pres-location-code><alt1-location-code>1EA48</alt1-location-code></pres-location-wrap><pres-location-wrap><pres-location>Europe</pres-location><pres-location-code>GEOEUR</pres-location-code><alt1-location-code>1EU83</alt1-location-code></pres-location-wrap><eos/><eop/></pres-location-block></classification-terms><classification-terms><pres-subject-block><bop/><bos/><pres-subject-wrap><pres-subject>CIS</pres-subject><pres-subject-code>GEOCIS</pres-subject-code><alt1-subject-code>1CI65</alt1-subject-code></pres-subject-wrap><pres-subject-wrap><pres-subject>Cybercrime &amp; Viruses</pres-subject><pres-subject-code>ECRIME</pres-subject-code><alt1-subject-code>1CY34</alt1-subject-code></pres-subject-wrap><pres-subject-wrap><pres-subject>Major Corporations</pres-subject><pres-subject-code>MAJCORP</pres-subject-code><alt1-subject-code>1MA93</alt1-subject-code></pres-subject-wrap><pres-subject-wrap><pres-subject>World Organizations</pres-subject><pres-subject-code>GEOORGS</pres-subject-code><alt1-subject-code>1IN77</alt1-subject-code></pres-subject-wrap><eos/><eop/></pres-subject-block><pres-industry-block><bop/><bos/><pres-industry-wrap><pres-industry>Banking</pres-industry><pres-industry-code>BANKOVER</pres-industry-code><alt1-industry-code>1BA20</alt1-industry-code></pres-industry-wrap><pres-industry-wrap><pres-industry>Electronic Banking</pres-industry><pres-industry-code>ELECBANK</pres-industry-code><alt1-industry-code>1EL98</alt1-industry-code></pres-industry-wrap><pres-industry-wrap><pres-industry>Financial Services</pres-industry><pres-industry-code>FINSVC</pres-industry-code><alt1-industry-code>1FI37</alt1-industry-code></pres-industry-wrap><pres-industry-wrap><pres-industry>I.T. in Banking</pres-industry><pres-industry-code>BKITOVR</pres-industry-code><alt1-industry-code>1IT59</alt1-industry-code></pres-industry-wrap><pres-industry-wrap><pres-industry>I.T. in Financial Services</pres-industry><pres-industry-code>FSITOVR</pres-industry-code><alt1-industry-code>1IT24</alt1-industry-code></pres-industry-wrap><pres-industry-wrap><pres-industry>Internet</pres-industry><pres-industry-code>INTERNET</pres-industry-code><alt1-industry-code>1IN27</alt1-industry-code></pres-industry-wrap><pres-industry-wrap><pres-industry>Internet Security</pres-industry><pres-industry-code>WEBSECUR</pres-industry-code><alt1-industry-code>1IN07</alt1-industry-code></pres-industry-wrap><pres-industry-wrap><pres-industry>Online Banking</pres-industry><pres-industry-code>HOMEBANK</pres-industry-code><alt1-industry-code>1ON44</alt1-industry-code></pres-industry-wrap><pres-industry-wrap><pres-industry>Security Software</pres-industry><pres-industry-code>SOFSEC</pres-industry-code><alt1-industry-code>1SE53</alt1-industry-code></pres-industry-wrap><eos/><eop/></pres-industry-block></classification-terms><classification-terms><rcs-block><rcs>B:126</rcs><rcs>B:125</rcs><rcs>B:128</rcs><rcs>G:B2</rcs><rcs>B:127</rcs><rcs>G:7I</rcs><rcs>M:S</rcs><rcs>G:Y</rcs><rcs>M:FD</rcs><rcs>G:B</rcs><rcs>G:A</rcs><rcs>G:AJ</rcs><rcs>M:DU</rcs></rcs-block></classification-terms><extraction-terms><extr-company-block><bop/><bos/><norm-company oa-id="5030853586">Alphabet</norm-company><norm-company-wrap occur-sequence="5,6"><norm-company-name>Alphabet</norm-company-name><company-ids><oa-id>5030853586</oa-id><ric norm="GOOGL.OQ">GOOGL.OQ</ric></company-ids><company-classification><trbc-wrap><trbc type="RCS">B:1805</trbc><trbc type="2012">5720103011</trbc><trbc type="perm-id">4294951196</trbc></trbc-wrap></company-classification><relevancy engine="1C">0.2</relevancy><confidence engine="1C">0.98</confidence></norm-company-wrap><norm-company oa-id="4295905573">APPLE INC</norm-company><norm-company-wrap occur-sequence="7"><norm-company-name>APPLE INC</norm-company-name><company-ids><oa-id>4295905573</oa-id><ric norm="AAPL.OQ">AAPL.OQ</ric></company-ids><company-classification><trbc-wrap><trbc type="RCS">B:1758</trbc><trbc type="2012">5710601010</trbc><trbc type="perm-id">4294951243</trbc></trbc-wrap></company-classification><relevancy engine="1C">0.2</relevancy><confidence engine="1C">0.86</confidence></norm-company-wrap><norm-company oa-id="4297938841">BEELINE TECHNOLOGIES PTY LTD</norm-company><norm-company-wrap occur-sequence="2"><norm-company-name>BEELINE TECHNOLOGIES PTY LTD</norm-company-name><company-ids><oa-id>4297938841</oa-id></company-ids><company-classification><trbc-wrap><trbc type="RCS">B:174</trbc><trbc type="2012">57201020</trbc><trbc type="perm-id">4294952827</trbc></trbc-wrap></company-classification><relevancy engine="1C">0.2</relevancy><confidence engine="1C">0.8</confidence></norm-company-wrap><norm-company oa-id="5000763683">HSBC BANK ARMENIA CJSC</norm-company><norm-company-wrap occur-sequence="1,4"><norm-company-name>HSBC BANK ARMENIA CJSC</norm-company-name><company-ids><oa-id>5000763683</oa-id></company-ids><relevancy engine="1C">0.2</relevancy><confidence engine="1C">0.81</confidence></norm-company-wrap><norm-company oa-id="5037341327">UCOM LLC</norm-company><norm-company-wrap occur-sequence="3"><norm-company-name>UCOM LLC</norm-company-name><company-ids><oa-id>5037341327</oa-id></company-ids><relevancy engine="1C">0.2</relevancy><confidence engine="1C">0.84</confidence></norm-company-wrap><eos/><eop/></extr-company-block></extraction-terms><extraction-terms><extr-person-block><bop/><bos/><extr-person>Arman Barseghyan</extr-person><norm-person-wrap><norm-person-name>Arman Barseghyan</norm-person-name><person-ids><od-auth-id>2125629</od-auth-id><od-officer-id>2537989</od-officer-id><person-perm-id>34417322174</person-perm-id></person-ids><relevancy engine="1C">0.2</relevancy></norm-person-wrap><extr-person>Arman Barseghyan</extr-person><extr-person-wrap><extr-person-name>Arman Barseghyan</extr-person-name><relevancy engine="1C">0.2</relevancy></extr-person-wrap><extr-person>Mihran Muradyan</extr-person><extr-person-wrap><extr-person-name>Mihran Muradyan</extr-person-name><relevancy engine="1C">0.2</relevancy></extr-person-wrap><extr-person>Maxim Khalmatov</extr-person><extr-person-wrap><extr-person-name>Maxim Khalmatov</extr-person-name><relevancy engine="1C">0.2</relevancy></extr-person-wrap><eos/><eop/></extr-person-block></extraction-terms></indexing></document></n-docbody>
</n-document>
<n-document guid="I2f6ff000823911e595e6b3b9be37203c"><n-metadata><metadata.block><md.identifiers><md.cites><md.first.line.cite>11/3/15 NEWS 00:00:00</md.first.line.cite><md.second.line.cite>11/3/15 ARKA News Agency 00:00:00</md.second.line.cite></md.cites><md.uuid>I2f6ff000823911e595e6b3b9be37203c</md.uuid></md.identifiers><md.infotype>news</md.infotype><md.sortkeys><md.ordersequence>f47363bec</md.ordersequence></md.sortkeys><md.descriptions><md.title>ARMENTEL AWARDS WINNER OF LET US GO CONTEST</md.title><md.westlawdescrip><md.readlist>READLIST</md.readlist></md.westlawdescrip></md.descriptions><md.dates><md.publisheddatetime>20151103084523</md.publisheddatetime><md.loaddate>20151103</md.loaddate><md.createddatetime>20151103084523</md.createddatetime></md.dates><md.subjects><md.subject><md.pubtype.name/><md.doctype.name>DNR</md.doctype.name><md.doctype.rank/><md.view>CNGE</md.view><md.view>RGEurope</md.view><md.view>PTNewswires</md.view><md.view>ARKANEWS0063786</md.view><md.view>INALLNEWS_ACTEST</md.view><md.view>INFARNEWS_AC</md.view><md.view>MARKETSEIKON_CN</md.view><md.view>MARKETSEIKON</md.view><md.view>CB_ASIAWIRES</md.view><md.view>INWIRES_AC</md.view><md.view>GULF_INTL</md.view><md.view>ININTNEWS_AC</md.view><md.view>ANZ_INTLOS</md.view><md.view>CLEAR_RF</md.view><md.view>INALLNEWS_AC</md.view><md.view>INNEWSINT_PRO</md.view><md.view>INBUSNEWS</md.view><md.view>INNEWSWORLD_PRO</md.view><md.view>INBUSNEWS_AC</md.view></md.subject></md.subjects><md.jurisdictions><md.jurisdiction><md.jurisstate>FE</md.jurisstate></md.jurisdiction></md.jurisdictions><md.publications><md.publication/><md.sourcepubid>ARKANEWS</md.sourcepubid></md.publications><md.royalty><md.royalty.code>84104</md.royalty.code></md.royalty></metadata.block><news.metadata.block><md.text.preview>COMPANIESYEREVAN, November 3. / ARKA /. ArmenTel telecommunications company (trading as Beeline) has awarded today the winner of &quot;Let us go &quot;, contest that was conducted on its official page in Facebook.</md.text.preview></news.metadata.block><newsplus.recommendable>1</newsplus.recommendable><n-view>CNGE</n-view><n-view>RGEurope</n-view><n-view>PTNewswires</n-view><n-view>ARKANEWS0063786</n-view><n-view>INALLNEWS_ACTEST</n-view><n-view>INFARNEWS_AC</n-view><n-view>MARKETSEIKON_CN</n-view><n-view>MARKETSEIKON</n-view><n-view>CB_ASIAWIRES</n-view><n-view>INWIRES_AC</n-view><n-view>GULF_INTL</n-view><n-view>ININTNEWS_AC</n-view><n-view>ANZ_INTLOS</n-view><n-view>CLEAR_RF</n-view><n-view>INALLNEWS_AC</n-view><n-view>INNEWSINT_PRO</n-view><n-view>INBUSNEWS</n-view><n-view>INNEWSWORLD_PRO</n-view><n-view>INBUSNEWS_AC</n-view><prism-stylesheet guid="Ia3024d301b6a11d89fc5f34981d3242f"/><prism-clipdate>20151103084523</prism-clipdate></n-metadata>
<n-docbody><document version="1" collection="D-ARKANEWS-T001" first-load-date="20151103084523" ip-product="ARKANEWS" royalty-id="84104" data-model="text" dtd-version="5.2.29" content-type="news" load-language="en" pnac="nNRA0dx7te" pnac-date="20151103T144302.528"><supplier-info><supplier-num nitf="doc-id" nitf-regsrc="ARKA News Agency" type="accession">a52b00021e8347d5</supplier-num><internal-acc-num db-id="NEPRARKA" type="newz">20151103170.1_Va52b00021e8347d5</internal-acc-num><rec-status><last-load-date>20151103084523</last-load-date><nitf-date ne="datereceived">20151103T14:43:02Z</nitf-date><nitf-date nitf="date-issue">20151103T00:00:00Z</nitf-date><last-provider-update>20151103144302</last-provider-update></rec-status><supplier-copyright>Copyright Â© 2015 ARKA<copyright-year/><copyright-holder>ARKA</copyright-holder></supplier-copyright><supplier-note nitf="urgency" nitf-ed-urg="4"/><nitf-meta-content name="recommendable">1</nitf-meta-content><nitf-meta-content name="_newsmlg2-hashtype=nr-htype:doc-group-fuzzy">52932|81437|98619|67529|84729|67696|28070|83279|31935|15235|11|106105|14399|15544|107000|72459|22962|102550|44750|103632|1615|85564|76539|20084|37224|95210|19836|18652|87911|64359|41612|103246|88087|95893|43888|55788|88557|50902|106566|38152|28156|67997|88887|9412|105815|39222|92231|88617|66164|82159|33584|58062|32593|1430|84637|20942|2759|27735|13986|1305|</nitf-meta-content><nitf-meta-content name="_newsmlg2-hashtype=nr-htype:doc-group-content-length">852</nitf-meta-content><nitf-meta-content name="_newsmlg2-hashtype=nr-htype:doc-group-simple">65eb0292178757ae79f125d96df3ad6c5ee7c625</nitf-meta-content><supplier-dtds><dtd dtd-version="working" dtd-date="20151013T00:00:00Z">Canonical Taxonomy</dtd><dtd dtd-version="20151006" dtd-date="20151013T00:00:00Z">Mapping File</dtd></supplier-dtds><copyright-block type="dialog"><service-copyright n-include_guid="Ice671660f30811d88920000083149a14" n-include_collection="D-DIALOGCOPYRIGHTS-T001"/></copyright-block><copyright-block type="west"><service-copyright n-include_guid="I1DA35ED81DD211B281BAD200220BDFCA" n-include_collection="w_wlnv_msg"/></copyright-block><west-citation-block><bop/><first-line-cite><bos/>11/3/15 NEWS 00:00:00<eos/></first-line-cite><second-line-cite><bos/>11/3/15 ARKA News Agency 00:00:00<eos/></second-line-cite><eop/></west-citation-block></supplier-info><title-info iso-language="en"><bop/><title type="headline" nitf-hedline="hl1" key="key-title"><bos/><sort-title>ARMENTEL AWARDS WINNER OF LET US GO CONTEST</sort-title><eos/></title><eop/></title-info><pub-info><journal key="key-journal"><bop/><bos/><sort-journal>ARKA News Agency</sort-journal><eos/><eop/></journal><pub-date key="key-date" iso-time="T00:00:00Z" type="date.publication"><full-pub-date>November 3, 2015</full-pub-date><sort-pub-date>20151103</sort-pub-date><sort-pub-timestamp>20151103000000</sort-pub-timestamp><rank-date>20151103</rank-date><currency-timestamp>20151103000000</currency-timestamp></pub-date><original-pub><language iso-language="en">English</language></original-pub><src-data><src-journal-code>ANPV</src-journal-code><src-pub-code>0063786</src-pub-code><src-pub-type>Newswire</src-pub-type><src-pub-country-wrap><src-pub-country-code>GE</src-pub-country-code><src-pub-country>Georgia CIS</src-pub-country></src-pub-country-wrap><src-pub-region>Europe</src-pub-region></src-data></pub-info><content iso-language="en"><total-char-count>1346</total-char-count><derived-word-count><bop/><bos/>Word Count: 212<eos/><eop/></derived-word-count><text type="lead-para"><p nitf="lede"><bop/>COMPANIES<eop/></p><p nitf="lede"><bop/><bos/>YEREVAN, November 3. / ARKA /. ArmenTel telecommunications company (trading as Beeline) has awarded today the winner of &quot;Let us go &quot;, contest that was conducted on its official page in <cite.query w-seq-number="00001" w-ref-type="CO" w-normalized-cite="IE9D0907041EC11DDAD6B0014224D2780" ID="Ib7318210823911e5af27c4d6e2a6263f">Facebook</cite.query>.<eos/><eop/></p></text><text type="body"><p><bop/><bos/>The winner is Araik Tumanyan from the town of Spitak, who was awarded a trip to Egypt. <eos/><bos/>The certificate was handed by ArmenTel CEO Andrei Pyatakhin.<eos/><eop/></p><p><bop/><bos/>The participants of the contest had to write an essay and indicate the reasons why they would like to visit a specific country.<eos/><eop/></p><p><bop/><bos/>Pyatakhin said the country originally chosen by Araik was Portugal, but after learning that Araik was a newlywed ArmenTel decided to make him and his wife a wedding gift providing them with two tickets to Egypt, the country they chose to visit together.<eos/><eop/></p><p><bop/><bos/>The contest was timed to coincide with the launch of the company&apos;s &quot;Roaming packages&quot; service, allowing subscribers to prepaid and postpaid billing systems of Beeline mobile connection to pay 50 drams per minute of incoming and outgoing phone conversations and one MB mobile internet.<eos/><eop/></p><p><bop/><bos/>The service is available in Armenia, Austria, Belgium, Bulgaria, Great Britain, Germany, Greece, Egypt, Israel, Spain, Cyprus, United Arab Emirates, Portugal, Thailand, France and the Czech Republic. <eos/><bos/>ArmenTel is owned entirely by <cite.query w-seq-number="00002" w-ref-type="MM" w-normalized-cite="canonical_name::VIMPELCOM" ID="Ib73db710823911e5af27c4d6e2a6263f">VimpelCom</cite.query>. <eos/><bos/>It provides fixed and mobile telephony services as well as high-speed Internet and IPTV.-0-<eos/><eop/></p></text></content><indexing iso-language="en" value-add="machine-generated"><classification-terms><pres-location-block><bop/><bos/><pres-location-wrap><pres-location>Africa</pres-location><pres-location-code>GEOAFR</pres-location-code><alt1-location-code>1AF90</alt1-location-code></pres-location-wrap><pres-location-wrap><pres-location>Arab States</pres-location><pres-location-code>GEOARST</pres-location-code><alt1-location-code>1AR46</alt1-location-code></pres-location-wrap><pres-location-wrap><pres-location>Armenia</pres-location><pres-location-code>ISOAM</pres-location-code><alt1-location-code>1AR09</alt1-location-code></pres-location-wrap><pres-location-wrap><pres-location>CIS Countries</pres-location><pres-location-code>CISSTAT</pres-location-code><alt1-location-code>1CI64</alt1-location-code></pres-location-wrap><pres-location-wrap><pres-location>Central Europe</pres-location><pres-location-code>GEOCEUR</pres-location-code><alt1-location-code>1CE50</alt1-location-code></pres-location-wrap><pres-location-wrap><pres-location>Czech Republic</pres-location><pres-location-code>ISOCZ</pres-location-code><alt1-location-code>1CZ90</alt1-location-code></pres-location-wrap><pres-location-wrap><pres-location>Eastern Europe</pres-location><pres-location-code>GEOEEUR</pres-location-code><alt1-location-code>1EA48</alt1-location-code></pres-location-wrap><pres-location-wrap><pres-location>Egypt</pres-location><pres-location-code>ISOEG</pres-location-code><alt1-location-code>1EG34</alt1-location-code></pres-location-wrap><pres-location-wrap><pres-location>Europe</pres-location><pres-location-code>GEOEUR</pres-location-code><alt1-location-code>1EU83</alt1-location-code></pres-location-wrap><pres-location-wrap><pres-location>Mediterranean</pres-location><pres-location-code>GEOMEDIT</pres-location-code><alt1-location-code>1ME20</alt1-location-code></pres-location-wrap><pres-location-wrap><pres-location>North Africa</pres-location><pres-location-code>GEONAFR</pres-location-code><alt1-location-code>1NO44</alt1-location-code></pres-location-wrap><eos/><eop/></pres-location-block></classification-terms><classification-terms><pres-subject-block><bop/><bos/><pres-subject-wrap><pres-subject>Emerging Market Countries</pres-subject><pres-subject-code>EMERGING</pres-subject-code><alt1-subject-code>1EM65</alt1-subject-code></pres-subject-wrap><eos/><eop/></pres-subject-block><pres-industry-block><bop/><bos/><pres-industry-wrap><pres-industry>I.T.</pres-industry><pres-industry-code>ITOVER</pres-industry-code><alt1-industry-code>1IT96</alt1-industry-code></pres-industry-wrap><pres-industry-wrap><pres-industry>Networking</pres-industry><pres-industry-code>DCTOP10</pres-industry-code><alt1-industry-code>1NE45</alt1-industry-code></pres-industry-wrap><pres-industry-wrap><pres-industry>Next Generation Wireless Technology</pres-industry><pres-industry-code>DCWLSACC</pres-industry-code><alt1-industry-code>1NE48</alt1-industry-code></pres-industry-wrap><pres-industry-wrap><pres-industry>Telecom</pres-industry><pres-industry-code>TITOP</pres-industry-code><alt1-industry-code>1TE27</alt1-industry-code></pres-industry-wrap><pres-industry-wrap><pres-industry>Telecom Service Pricing</pres-industry><pres-industry-code>TELPRICE</pres-industry-code><alt1-industry-code>1TE06</alt1-industry-code></pres-industry-wrap><pres-industry-wrap><pres-industry>Telecom Services</pres-industry><pres-industry-code>TELSVCFR</pres-industry-code><alt1-industry-code>1TE09</alt1-industry-code></pres-industry-wrap><pres-industry-wrap><pres-industry>Wireless Networking</pres-industry><pres-industry-code>DCWRLSS</pres-industry-code><alt1-industry-code>1WI62</alt1-industry-code></pres-industry-wrap><eos/><eop/></pres-industry-block></classification-terms><classification-terms><rcs-block><rcs>G:V</rcs><rcs>G:B2</rcs><rcs>B:177</rcs><rcs>G:7I</rcs><rcs>G:3G</rcs><rcs>G:2E</rcs><rcs>G:Y</rcs><rcs>M:NL</rcs><rcs>B:161</rcs><rcs>G:B</rcs><rcs>G:A</rcs><rcs>G:AJ</rcs><rcs>G:1</rcs></rcs-block></classification-terms><extraction-terms><extr-company-block><bop/><bos/><norm-company oa-id="4297297477">FACEBOOK INC</norm-company><norm-company-wrap occur-sequence="1"><norm-company-name>FACEBOOK INC</norm-company-name><company-ids><oa-id>4297297477</oa-id><ric norm="FB.OQ">FB.OQ</ric></company-ids><company-classification><trbc-wrap><trbc type="RCS">B:1806</trbc><trbc type="2012">5720103012</trbc><trbc type="perm-id">4294951195</trbc></trbc-wrap></company-classification><relevancy engine="1C">0.5</relevancy><confidence engine="1C">1</confidence></norm-company-wrap><norm-company oa-id="5000708211">VIMPELCOM LTD</norm-company><norm-company-wrap occur-sequence="2"><norm-company-name>VIMPELCOM LTD</norm-company-name><company-ids><oa-id>5000708211</oa-id><ric norm="VIP.OQ">VIP.OQ</ric></company-ids><company-classification><trbc-wrap><trbc type="RCS">B:1821</trbc><trbc type="2012">5810102014</trbc><trbc type="perm-id">4294951180</trbc></trbc-wrap></company-classification><relevancy engine="1C">0.5</relevancy><confidence engine="1C">1</confidence></norm-company-wrap><eos/><eop/></extr-company-block></extraction-terms><extraction-terms><extr-person-block><bop/><bos/><extr-person>Andrei Pyatakhin</extr-person><extr-person-wrap><extr-person-name>Andrei Pyatakhin</extr-person-name><relevancy engine="1C">0.2</relevancy></extr-person-wrap><eos/><eop/></extr-person-block></extraction-terms></indexing></document></n-docbody>
</n-document>
<n-document guid="I890f4af0819111e5b215d879b8afa075"><n-metadata><metadata.block><md.identifiers><md.cites><md.parallelcite><md.parallelcite.info><md.display.parallelcite type="WLNR">2015 WLNR 32546607</md.display.parallelcite></md.parallelcite.info></md.parallelcite><md.first.line.cite>11/2/15 BANKSVCS (No Page)</md.first.line.cite><md.second.line.cite>11/2/15 ARKA Banking Services Bull. (Pg. Unavail. Online)</md.second.line.cite></md.cites><md.uuid>I890f4af0819111e5b215d879b8afa075</md.uuid></md.identifiers><md.infotype>news</md.infotype><md.sortkeys><md.ordersequence>f469da56c</md.ordersequence></md.sortkeys><md.descriptions><md.title>PRESS-CLIPPING</md.title><md.westlawdescrip><md.readlist>READLIST</md.readlist></md.westlawdescrip></md.descriptions><md.dates><md.publisheddatetime>20151102124804</md.publisheddatetime><md.loaddate>20151102</md.loaddate><md.createddatetime>20151102124804</md.createddatetime></md.dates><md.subjects><md.subject><md.pubtype.name/><md.doctype.name>DNR</md.doctype.name><md.doctype.rank/><md.view>CNAM</md.view><md.view>RGEurope</md.view><md.view>PTMagazines</md.view><md.view>ARKANEWS0064119</md.view><md.view>ININTNEWS_AC</md.view><md.view>INFINNEWS</md.view><md.view>INALLNEWS_ACTEST</md.view><md.view>INFARNEWS_AC</md.view><md.view>ANZ_INTLBTI</md.view><md.view>INALLNEWS_AC</md.view><md.view>CLEAR_RF</md.view><md.view>INBUSNEWS</md.view><md.view>INBANKNEWS_AC</md.view><md.view>INBUSNEWS_AC</md.view></md.subject></md.subjects><md.jurisdictions><md.jurisdiction><md.jurisstate>FE</md.jurisstate></md.jurisdiction></md.jurisdictions><md.publications><md.publication/><md.sourcepubid>ARKANEWS</md.sourcepubid></md.publications><md.royalty><md.royalty.code>77232</md.royalty.code></md.royalty></metadata.block><news.metadata.block><md.text.preview>A monitoring of Armenian media reports on the local commercial banks performance shows that the top news from October 26 to 30 was the word of increase of the amount of government-insured private deposits 2.5 times.ACBA-CREDIT AGRICOLE BANK has</md.text.preview></news.metadata.block><newsplus.recommendable/><n-view>CNAM</n-view><n-view>RGEurope</n-view><n-view>PTMagazines</n-view><n-view>ARKANEWS0064119</n-view><n-view>ININTNEWS_AC</n-view><n-view>INFINNEWS</n-view><n-view>INALLNEWS_ACTEST</n-view><n-view>INFARNEWS_AC</n-view><n-view>ANZ_INTLBTI</n-view><n-view>INALLNEWS_AC</n-view><n-view>CLEAR_RF</n-view><n-view>INBUSNEWS</n-view><n-view>INBANKNEWS_AC</n-view><n-view>INBUSNEWS_AC</n-view><prism-stylesheet guid="Ia3024d301b6a11d89fc5f34981d3242f"/><prism-clipdate>20151102124804</prism-clipdate></n-metadata>
<n-docbody><document version="1" collection="D-ARKANEWS-T001" first-load-date="20151102124804" ip-product="ARKANEWS" royalty-id="77232" data-model="text" dtd-version="5.2.29" content-type="news" load-language="en" pnac="nNRA0dss2f" pnac-date="20151102T184257.439"><supplier-info><supplier-num nitf="doc-id" nitf-regsrc="ARKA Banking Services Bulletin" type="accession">c11600c18d6eb3f9</supplier-num><internal-acc-num db-id="NEPRARKA" type="newz">20151102170.4_Vc11600c18d6eb3f9</internal-acc-num><rec-status><last-load-date>20151102124804</last-load-date><nitf-date ne="datereceived">20151102T18:42:57Z</nitf-date><nitf-date nitf="date-issue">20151102T00:00:00Z</nitf-date><last-provider-update>20151102184257</last-provider-update></rec-status><supplier-copyright>Copyright Â© 2015 ARKA<copyright-year/><copyright-holder>ARKA</copyright-holder></supplier-copyright><supplier-note nitf="urgency" nitf-ed-urg="4"/><nitf-meta-content name="_newsmlg2-hashtype=nr-htype:doc-group-fuzzy">52749|22317|109801|39952|38507|76103|65394|48822|54951|27675|10834|90457|33832|98619|102126|74185|57684|64748|108431|7651|67696|42501|39350|59955|64902|103057|27535|26399|95998|76695|34200|31935|43913|64334|95743|50684|39655|31382|86261|66671|2272|48945|74578|89289|83525|27496|74088|96986|38913|55954|4218|19989|101141|66657|88877|82519|82086|79879|66688|86836|</nitf-meta-content><nitf-meta-content name="_newsmlg2-hashtype=nr-htype:doc-group-content-length">8657</nitf-meta-content><nitf-meta-content name="_newsmlg2-hashtype=nr-htype:doc-group-simple">7a4c768e9e1c51d13277bedc7dde496eddadc1d9</nitf-meta-content><supplier-dtds><dtd dtd-version="working" dtd-date="20151013T00:00:00Z">Canonical Taxonomy</dtd><dtd dtd-version="20151006" dtd-date="20151013T00:00:00Z">Mapping File</dtd></supplier-dtds><copyright-block type="dialog"><service-copyright n-include_guid="Ice671660f30811d88920000083149a14" n-include_collection="D-DIALOGCOPYRIGHTS-T001"/></copyright-block><copyright-block type="west"><service-copyright n-include_guid="I1DA35ED81DD211B281BAD200220BDFCA" n-include_collection="w_wlnv_msg"/></copyright-block><west-citation-block><bop/><first-line-cite><bos/>11/2/15 BANKSVCS (No Page)<eos/></first-line-cite><second-line-cite><bos/>11/2/15 ARKA Banking Services Bull. (Pg. Unavail. Online)<eos/></second-line-cite><westlawcite><bos/>2015 WLNR 32546607<eos/></westlawcite><eop/></west-citation-block></supplier-info><title-info iso-language="en"><bop/><title type="headline" nitf-hedline="hl1" key="key-title"><bos/><sort-title>PRESS-CLIPPING</sort-title><eos/></title><eop/></title-info><pub-info><journal key="key-journal"><bop/><bos/><sort-journal>ARKA Banking Services Bulletin</sort-journal><eos/><eop/></journal><pub-date key="key-date" iso-time="T00:00:00Z" type="date.publication"><full-pub-date>November 2, 2015</full-pub-date><sort-pub-date>20151102</sort-pub-date><sort-pub-timestamp>20151102000000</sort-pub-timestamp><rank-date>20151102</rank-date><currency-timestamp>20151102000000</currency-timestamp></pub-date><original-pub><language iso-language="en">English</language></original-pub><src-data><src-journal-code>ANPY</src-journal-code><src-pub-code>0064119</src-pub-code><src-pub-type>Newsletter</src-pub-type><src-pub-country-wrap><src-pub-country-code>AM</src-pub-country-code><src-pub-country>Armenia</src-pub-country></src-pub-country-wrap><src-pub-region>Europe</src-pub-region></src-data></pub-info><content iso-language="en"><total-char-count>13864</total-char-count><derived-word-count><bop/><bos/>Word Count: 2112<eos/><eop/></derived-word-count><text type="lead-para"><p nitf="lede"><bop/><bos/>A monitoring of Armenian media reports on the local commercial banks performance shows that the top news from October 26 to 30 was the word of increase of the amount of government-insured private deposits 2.5 times.<eos/><eop/></p><p nitf="lede"><bop/><bos/>ACBA-<cite.query w-seq-number="00001" w-ref-type="NM" w-normalized-cite="canonical_name::CREDIT AGRICOLE BANK" ID="I4c3fdc10819211e58445973a9a08dce0">CREDIT AGRICOLE BANK</cite.query> has re-launched today its renovated and modernized &apos;Lori&apos; branch in Armenia&apos;s third largest town of Vanadzor.<eos/><eop/></p></text><text type="body"><p><bop/><bos/>Armeconombank&apos;s expected merger with <cite.query w-seq-number="00002" w-ref-type="MM" w-normalized-cite="canonical_name::BTA BANK" ID="I4c917e80819211e58445973a9a08dce0">BTA Bank</cite.query> will increase <cite.query w-seq-number="00003" w-ref-type="CO" w-normalized-cite="I2C59557020D111DFA9FD9F668BA07E45" ID="I4c917e81819211e58445973a9a08dce0">Armeconombank</cite.query>&apos;s regulatory capital.<eos/><eop/></p><p><bop/><bos/><cite.query w-seq-number="00004" w-ref-type="CO" w-normalized-cite="IC0E94EA04D4211DF8364B0DA947806B1" ID="I4ca72960819211e58445973a9a08dce0">Ameriabank</cite.query>&apos;s online banking clients are protected from possible hacker attacks.<eos/><eop/></p><p><bop/><bos/>Armenia-based <cite.query w-seq-number="00005" w-ref-type="CO" w-normalized-cite="IAB5AD290E2CE11DE916D8A11856AA63E" ID="I4d0eebe0819211e58445973a9a08dce0">Anelik Bank</cite.query> has announced today a new lending tool designed specifically for farmers as part of two credit programs - &quot;Rural Financial Structure&quot; and &quot;Millennium Challenges.&quot; <eos/><bos/>The bank has also raised to a new higher 3D secure level the e-commerce for holders of <cite.query w-seq-number="00006" w-ref-type="MM" w-normalized-cite="canonical_name::VISA" ID="I4d0eebe1819211e58445973a9a08dce0">Visa</cite.query> and <cite.query w-seq-number="00007" w-ref-type="MM" w-normalized-cite="canonical_name::MASTERCARD" ID="I4d0eebe2819211e58445973a9a08dce0">MasterCard</cite.query> payment cards.<eos/><eop/></p><p><bop/><bos/><cite.query w-seq-number="00008" w-ref-type="WC" w-normalized-cite="IF40B3643453D11DD94140014224D2780" ID="I4d21b090819211e58445973a9a08dce0">VTB Bank (Armenia</cite.query>) said today it has raised its authorized capital to 37.8 billion drams.<eos/><eop/></p><p><bop/><bos/>In the time span from October 26 to 30 media carried reports about five Armenian banks.<eos/><eop/></p><p><bop/><bos/>Azg, Golos Armenii, Novoe <cite.query w-seq-number="00009" w-ref-type="NM" w-normalized-cite="canonical_name::VREMYA" ID="I4d73ef40819211e58445973a9a08dce0">Vremya</cite.query>, Aravot, Delovoy Express, Hayastani Hanrapetutyun, Respublika Armenia, Haykakan Zhamanak, Hayots Ashkhar, Iravunk, Hraparak, Chorrord Ishkhanutyun, Zhamanak, Zhoghovurd and 168 Zham newspapers were used to collect the information. <eos/><bos/>Panarmenian, ARKA, Armbanks, Banks, Arminfo, Finport and Panorama and <cite.query w-seq-number="00010" w-ref-type="MM" w-normalized-cite="canonical_name::EBANK" ID="I4d73ef41819211e58445973a9a08dce0">Ebank</cite.query> Internet resources were used as well. ---0---<eos/><eop/></p><section-title>ACBA-CREDIT AGRICOLE BANK RE-LAUNCHES RENOVATED &apos;LORI&apos; BRANCH IN VANADZOR</section-title><p><bop/><bos/>ACBA-<cite.query w-seq-number="00011" w-ref-type="NM" w-normalized-cite="canonical_name::CREDIT AGRICOLE BANK" ID="I4da0f2b0819211e58445973a9a08dce0">CREDIT AGRICOLE BANK</cite.query> has re-launched today its renovated and modernized &apos;Lori&apos; branch in Armenia&apos;s third largest town of Vanadzor, the administrative center of the northern province of Lori. <eos/><bos/>The bank said the branch, located at 22, Tigran Mets Street, is ready to provide customers with the full range of its services.<eos/><eop/></p><p><bop/><bos/>&quot;The re-launch of &quot;Lori&quot; branch is another step, initiated and implemented by the Bank as part of its program of ongoing development and improvement of the branch network,&apos; the <cite.query w-seq-number="00012" w-ref-type="CO" w-normalized-cite="I4001E103747A11DD8AA8C467EE637EE9" ID="I4dec0570819211e58445973a9a08dce0">Bank</cite.query> said in a press release.<eos/><eop/></p><p><bop/><bos/>It said a set of comprehensive measures were taken to optimize all the processes related to customer service, to upgrade jobs places and service areas and to install new equipment. <eos/><bos/>Now the branch has broad technical capabilities, allowing customers to make use of banking services more enjoyable and easy.<eos/><eop/></p><p><bop/><bos/>The new branch will operate a cash accepting terminal, allowing customers to make around the clock transactions, including payment of utility bills, including also Internet services of <cite.query w-seq-number="00013" w-ref-type="WC" w-normalized-cite="I1CE9F38056F711E0B507DE267DF909C1" ID="I4e1167c0819211e58445973a9a08dce0">Ucom</cite.query>, Orange, VivaCell and Beeline telecom providers. <eos/><bos/>Customers can also repay their loans, to replenish current card accounts and deposits.<eos/><eop/></p><p><bop/><bos/>Sources: www.armbanks.am 29.10.2015, www.arka.am 29.10.2015, www.finport.am 29.10.2015, www.arminfo.am 29.10.2015, www.banks.am 29 .10.2015, www.panorama.am 29 .10.2015<eos/><eop/></p><section-title>AMERIABANK&apos;S ONLINE BANKING CLIENTS PROTECTED FROM POSSIBLE HACKER ATTACKS</section-title><p><bop/><bos/><cite.query w-seq-number="00014" w-ref-type="CO" w-normalized-cite="IC0E94EA04D4211DF8364B0DA947806B1" ID="I4e454900819211e58445973a9a08dce0">Ameriabank</cite.query>&apos;s online banking clients are protected from possible hacker attacks, Burastan Movsisyan, technology and operation director of <cite.query w-seq-number="00015" w-ref-type="CO" w-normalized-cite="IC0E94EA04D4211DF8364B0DA947806B1" ID="I4e454901819211e58445973a9a08dce0">Ameriabank</cite.query>, said at a discussion focused on reasonability of distant banking services in Armenia.<eos/><eop/></p><p><bop/><bos/>To protect its online banking clients Ameriabank uses <cite.query w-seq-number="00016" w-ref-type="MM" w-normalized-cite="canonical_name::VERISIGN" ID="I4e609930819211e58445973a9a08dce0">VeriSign</cite.query> security technology.<eos/><eop/></p><p><bop/><bos/>Movsistan said that not a single case of breaking this system is known. <eos/><bos/>She added that every Armenian banks has internal norms, in accordance with which, banks ought to carry out Penetration Testing every month or every quarter.<eos/><eop/></p><p><bop/><bos/>&quot;Our bank carried out such tests quarterly. <eos/><bos/>I should say that we have had no alarming results since we started regular testing. <eos/><bos/>Our clients can sleep peacefully, since our system is protected properly,&quot; she added.<eos/><eop/></p><p><bop/><bos/>Source: www.armbanks.am 30.10.2015<eos/><eop/></p><section-title>MERGER WITH BTA BANK WILL INCREASE ARMECONOMBANK&apos;S REGULATORY CAPITAL</section-title><p><bop/><bos/>Armeconombank&apos;s expected merger with <cite.query w-seq-number="00017" w-ref-type="MM" w-normalized-cite="canonical_name::BTA BANK" ID="I4ec6fc20819211e58445973a9a08dce0">BTA Bank</cite.query> will increase <cite.query w-seq-number="00018" w-ref-type="CO" w-normalized-cite="I2C59557020D111DFA9FD9F668BA07E45" ID="I4ec6fc21819211e58445973a9a08dce0">Armeconombank</cite.query>&apos;s regulatory capital, Saribek Sukiasyan, a shareholder of <cite.query w-seq-number="00019" w-ref-type="CO" w-normalized-cite="I2C59557020D111DFA9FD9F668BA07E45" ID="I4ec6fc22819211e58445973a9a08dce0">Armeconombank</cite.query>, said in an interview with Armenian daily &quot;Hraparak.&quot;<eos/><eop/></p><p><bop/><bos/>Sukiasyan said Armeconombank launched a financial and legal due diligence of <cite.query w-seq-number="00020" w-ref-type="MM" w-normalized-cite="canonical_name::BTA BANK" ID="I4ed66570819211e58445973a9a08dce0">BTA Bank</cite.query> which will last two months, after which, in all probability, the deal will be finalized.<eos/><eop/></p><p><bop/><bos/>&quot;Our goal is to strengthen Armeconombank. <eos/><bos/>Therefore, all our actions will be aimed at its consolidation and strengthening&quot;, he said.<eos/><eop/></p><p><bop/><bos/>Sukiasyan said that in addition to the merger, the bank is replenishing its capital also via issuance of new shares. <eos/><bos/>According to him, by the end of this year the bank will offer 5.4 billion drams worth shares.<eos/><eop/></p><p><bop/><bos/>Sukiasyan said Armeconombank is ready to consider merger proposals from other local banks both with local or foreign capital.<eos/><eop/></p><p><bop/><bos/>&quot;If we succeed in merging another small bank, it will increase more the level of our stability, cleanse the local banking system and increase its credibility,&quot; he said.<eos/><eop/></p><p><bop/><bos/>Source: Hraparak 29.10.2015<eos/><eop/></p><section-title>ANELIK BANK RAISES SECURITY OF E-COMMERCE TO MAXIMUM HIGHEST LEVEL FOR HOLDERS OF VISA AND MASTERCARD PAYMENT CARDS</section-title><p><bop/><bos/><cite.query w-seq-number="00021" w-ref-type="CO" w-normalized-cite="IAB5AD290E2CE11DE916D8A11856AA63E" ID="I4f903f90819211e58445973a9a08dce0">Anelik Bank</cite.query> said today it has raised to a new higher 3D secure level the e-commerce for holders of <cite.query w-seq-number="00022" w-ref-type="MM" w-normalized-cite="canonical_name::VISA" ID="I4f903f91819211e58445973a9a08dce0">Visa</cite.query> and <cite.query w-seq-number="00023" w-ref-type="MM" w-normalized-cite="canonical_name::MASTERCARD" ID="I4f903f92819211e58445973a9a08dce0">MasterCard</cite.query> payment cards.<eos/><eop/></p><p><bop/><bos/>&quot;E-commerce for holders of <cite.query w-seq-number="00024" w-ref-type="MM" w-normalized-cite="canonical_name::VISA" ID="I4fcb4cc0819211e58445973a9a08dce0">Visa</cite.query> and <cite.query w-seq-number="00025" w-ref-type="MM" w-normalized-cite="canonical_name::MASTERCARD" ID="I4fcb4cc1819211e58445973a9a08dce0">MasterCard</cite.query> payment cards has become more secure and safe, since holders of these cards are now able to make purchases backed by 3D Secure system&quot;, the bank said in a press release.<eos/><eop/></p><p><bop/><bos/>&apos;This system ensures the latest Verified security standards by <cite.query w-seq-number="00026" w-ref-type="MM" w-normalized-cite="canonical_name::VISA" ID="I5007b980819211e58445973a9a08dce0">Visa</cite.query> and <cite.query w-seq-number="00027" w-ref-type="MM" w-normalized-cite="canonical_name::MASTERCARD" ID="I5007b981819211e58445973a9a08dce0">MasterCard</cite.query> Secure Code for online payments in shops,&apos; the press release said.<eos/><eop/></p><p><bop/><bos/>The system creates new opportunities and benefits for cardholders by providing them with additional level of authentication for the transactions, as well as reduces the risk of fraud and provides customers with a safe and comfortable conditions.<eos/><eop/></p><p><bop/><bos/>&quot;The bank is doing everything possible to ensure the comfort and safety of its clients&apos; funds. <eos/><bos/>Cardholders need only to meet the minimum requirements set by payment and settlement systems for electronic shops - they must enable the SMS message service,&apos; Astghik Martirosyan, a press officer for the bank, said.<eos/><eop/></p><p><bop/><bos/>According to her, when making an online purchase cardholders will be sent SMS-message, indicating the one time purchase authorization code. <eos/><bos/>The purchase will be confirmed after the entry of the numeric password in the relating field.<eos/><eop/></p><p><bop/><bos/>Sources: www.armbanks.am 30.10.2015, www.banks.am 30 .10.2015<eos/><eop/></p><section-title>ANELIK BANK ANNOUNCES NEW LENDING PROGRAM FOR FARMERS</section-title><p><bop/><bos/>Armenia-based <cite.query w-seq-number="00028" w-ref-type="CO" w-normalized-cite="IAB5AD290E2CE11DE916D8A11856AA63E" ID="I502d42e0819211e58445973a9a08dce0">Anelik Bank</cite.query> has announced today a new lending tool designed specifically for farmers as part of two credit programs - &quot;Rural Financial Structure&quot; and &quot;Millennium Challenges.&quot;<eos/><eop/></p><p><bop/><bos/>The <cite.query w-seq-number="00029" w-ref-type="CO" w-normalized-cite="I4001E103747A11DD8AA8C467EE637EE9" ID="I50536880819211e58445973a9a08dce0">Bank</cite.query> said in a press release that the lending will be provided for capital expenditures, acquisition of seeds, as well as for increasing working assets.<eos/><eop/></p><p><bop/><bos/>Loans under the &quot;Millennium Challenges&quot; program up to 20 million drams with the maturity period of 5 years and 12% interest rate will be provided for capital investment or purchase of seeds.<eos/><eop/></p><p><bop/><bos/>Loans under the &quot;Rural Financial Structure&apos; program up to $150,000 or the equivalent in drams, will be provided to farms that seek to make capital investments or replenish their working capital<eos/><eop/></p><p><bop/><bos/>&quot;Agriculture is one of the most important and priority sectors of the Armenian economy. <eos/><bos/>This is the reason why Anelik Bank uses all available means to help this sector&apos;s development&quot;, a press officer of the Bank, Astghik Martirosyan is quoted as saying in the press release.<eos/><eop/></p><p><bop/><bos/>Martirosyan recalled that <cite.query w-seq-number="00030" w-ref-type="CO" w-normalized-cite="IAB5AD290E2CE11DE916D8A11856AA63E" ID="I5076f610819211e58445973a9a08dce0">Anelik Bank</cite.query> also provides three types of loans to individual farmers -mortgage loans, as well as loans secured by guarantees and gold.<eos/><eop/></p><p><bop/><bos/>Sources: www.armbanks.am 27.10.2015, www.finport.am 27.10.2015, www.arminfo.am 27.10.2015, www.banks.am 27 .10.2015<eos/><eop/></p><section-title>VTB BANK (ARMENIA) RAISES ITS AUTHORIZED CAPITAL TO 37.8 BILLION DRAMS</section-title><p><bop/><bos/><cite.query w-seq-number="00031" w-ref-type="WC" w-normalized-cite="IF40B3643453D11DD94140014224D2780" ID="I50d23570819211e58445973a9a08dce0">VTB Bank (Armenia</cite.query>) said today it has raised its authorized capital to 37.8 billion drams. <eos/><bos/>According to a press release, <cite.query w-seq-number="00032" w-ref-type="CO" w-normalized-cite="IB9397CB0D0D811DF98F8FD3889AD24A2" ID="I50d23571819211e58445973a9a08dce0">VTB Bank</cite.query> plc (the Russian parent company) has bought the entire additional issue of shares by <cite.query w-seq-number="00033" w-ref-type="WC" w-normalized-cite="IF40B3643453D11DD94140014224D2780" ID="I50d23572819211e58445973a9a08dce0">VTB Bank (Armenia</cite.query>) in the amount of 17 billion drams.<eos/><eop/></p><p><bop/><bos/>As a result, the authorized capital of <cite.query w-seq-number="00034" w-ref-type="CO" w-normalized-cite="IB9397CB0D0D811DF98F8FD3889AD24A2" ID="I50f5c300819211e58445973a9a08dce0">VTB Bank</cite.query> (Armenia) has risen to 37.8 billion drams. <eos/><bos/>VTB Bank plc holds the 100% of <cite.query w-seq-number="00035" w-ref-type="WC" w-normalized-cite="IF40B3643453D11DD94140014224D2780" ID="I50f5c301819211e58445973a9a08dce0">VTB Bank (Armenia</cite.query>) shares.<eos/><eop/></p><p><bop/><bos/>The additional capitalization of VTB Bank (Armenia) is made in accordance with a decision, made in July. <eos/><bos/>VTB Bank (Armenia) believes that the move will contribute to the strengthening of the bank&apos;s position in Armenia&apos;s banking sector. <eos/><bos/>VTB Bank (Armenia) is entirely owned by <cite.query w-seq-number="00036" w-ref-type="CO" w-normalized-cite="IB9397CB0D0D811DF98F8FD3889AD24A2" ID="I512f2280819211e58445973a9a08dce0">VTB Bank</cite.query>. <eos/><bos/>It runs 67 branches in Armenia. <eos/><bos/>($1 - 470.74 drams).<eos/> -0-<eop/></p><p><bop/><bos/>Sources: www.armbanks.am 26.10.2015, www.arka.am 26.10.2015, www.arminfo.am 26.10.2015, www.banks.am 26 .10.2015, , www.panorama.am 26 .10.2015<eos/><eop/></p><section-title>NO SHARP CHANGES IN DEPOSIT INTERESTS EXPECTED, UNION OF BANKS OF ARMENIA</section-title><p><bop/><bos/>The vice-president of the <cite.query w-seq-number="00037" w-ref-type="NM" w-normalized-cite="canonical_name::UNION OF BANKS OF ARMENIA SEYRAN SARGSYAN" ID="I515f0c20819211e58445973a9a08dce0">Union of Banks of Armenia Seyran Sargsyan</cite.query> ruled out today sharp changes in interest rates on deposits in Armenian dram. <eos/><bos/>Speaking at a news conference Seyran Sarkisian said contrary to interest rates on deposits in drams that are on the rise the interest rates on deposits in foreign currency continue to decline.<eos/><eop/></p><p><bop/><bos/>According to <cite.query w-seq-number="00038" w-ref-type="MM" w-normalized-cite="canonical_name::CENTRAL BANK" ID="I51755340819211e58445973a9a08dce0">Central Bank</cite.query> figures, the average interest rate on deposits in Armenia&apos;s national currency in September was 14.06%, an increase of 1.8% over the previous month.<eos/><eop/></p><p><bop/><bos/>Sarkisian said there was no link between the growth of rates and the banks&apos; moves to replenish their capital or reserves &apos;because the banks&apos; liquidity is high.&apos;<eos/><eop/></p><p><bop/><bos/>According to him, the rise in interest rates on dram deposits is prompted by the desire of banks to attract short-term funds.<eos/><eop/></p><p><bop/><bos/>Source: www.armbanks.am 30.10.2015<eos/><eop/></p><section-title>AMOUNT OF GOVERNMENT-INSURED PRIVATE DEPOSITS IN ARMENIA&apos;S BANKS INCREASED 2.5 TIMES</section-title><p><bop/><bos/>On Monday, the <cite.query w-seq-number="00039" w-ref-type="NM" w-normalized-cite="canonical_name::ARMENIAN NATIONAL ASSEMBLY" ID="I51b80190819211e58445973a9a08dce0">Armenian National Assembly</cite.query> passed at the final reading a law that raises the amount of government-insured private deposits in Armenia&apos;s banks about 2.5 times to <cite.query w-seq-number="00040" w-ref-type="CO" w-normalized-cite="I27218B6541EC11DDAD6B0014224D2780" ID="I51b80191819211e58445973a9a08dce0">AMD</cite.query> 10 million against the present 4 million for dram deposits and <cite.query w-seq-number="00041" w-ref-type="CO" w-normalized-cite="I27218B6541EC11DDAD6B0014224D2780" ID="I51b80192819211e58445973a9a08dce0">AMD</cite.query> 5 million against the current 2 million for deposits in foreign currencies.<eos/><eop/></p><p><bop/><bos/>The following scheme is designed for dram and foreign currency deposits: if a dram deposit exceeds AMD 5 million, only the mentioned amount will be insured, if a dram deposit is less than AMD 5 million, it will be fully insured plus a part of a foreign currency deposit, i.e. difference between the dram deposit and <cite.query w-seq-number="00042" w-ref-type="CO" w-normalized-cite="I27218B6541EC11DDAD6B0014224D2780" ID="I51c4abc0819211e58445973a9a08dce0">AMD</cite.query> 5 million.<eos/><eop/></p><p><bop/><bos/>The law comes into force in ten days after its official publication. <eos/><bos/>The <cite.query w-seq-number="00043" w-ref-type="CO" w-normalized-cite="I706C7C4142B311DDA5520014224D2780" ID="I51de4e40819211e58445973a9a08dce0">Central Bank of Armenia</cite.query> says the increase of the amount of government-insured private deposits 2.5 times will allow insuring 95% of Armenian depositors&apos; deposits.<eos/><eop/></p><p><bop/><bos/>Sources: www.armbanks.am 26.10.2015, www.banks.am 27 .10.2015<eos/><eop/></p><section-title>ARMENIAN COMMERCIAL BANKS PAID 31.8 BILLION DRAMS IN TAXES FOR FIRST NINE MONTHS</section-title><p><bop/><bos/>The list of the 1000 largest corporate taxpayers in Armenia for the first nine months of 2015 includes all 21 commercial banks operating in the country, which paid a total of 31.8 billion drams in various taxes, up from 29.9 billion drams, paid for the same period of 2014, the State Revenue Committee (<cite.query w-seq-number="00044" w-ref-type="MM" w-normalized-cite="canonical_name::SRC" ID="I51fe0b40819211e58445973a9a08dce0">SRC</cite.query>) said in a statement placed on its official website.<eos/><eop/></p><p><bop/><bos/>Of that amount more than 31.7 billion drams were collected by tax authorities and about 121.8 million drams by customs officers.<eos/><eop/></p><p><bop/><bos/>Some 28.8 billion drams were direct taxes (income and profit taxes) and 1.75 billion drams were indirect taxes, including VAT and excise taxes. <eos/><bos/>Also more 1.2 billion drams were collected as other taxes, duties and obligatory payments<eos/><eop/></p><p><bop/><bos/>The banks accounted for 6.2% of the total taxes paid during the reporting period by the 1000 largest corporate taxpayers.<eos/><eop/></p><p><bop/><bos/>The five leading banks by size of paid taxes were Ameriabank- 4.37 billion drams (15th), Ardshinbank - 3.36 billion drams (23rd), VTB Bank (Armenia) - about 3.1 billion drams (26th), <cite.query w-seq-number="00045" w-ref-type="MM" w-normalized-cite="canonical_name::HSBC BANK" ID="I524378b0819211e58445973a9a08dce0">HSBC Bank</cite.query> Armenia - 2.9 billion drams (28th) and Armbusinessbank - 2.8 billion drams (32nd).<eos/><eop/></p><p><bop/><bos/>The list of the first hundred largest taxpayers included also ACBA-CREDIT AGRICOLE BANK - about 2.3 billion drams (38th), Unibank - 1.7 billion drams (53rd), Inecobank - about 1.6 million drams (55th), Araratbank- 1.34 billion drams (63rd), <cite.query w-seq-number="00046" w-ref-type="WC" w-normalized-cite="I3EFADCB442B311DDA5520014224D2780" ID="I52ca5bf0819211e58445973a9a08dce0">Converse Bank</cite.query> - 1.26 million drams (67th), Armeconombank - 1.23 billion drams (69th), Anelik Bank - 1.1 billion drams(82nd), ArmSwissbank - 998.5 million drams (89th), Areximbank-Gazprombank Group - 993.270 million drams (90th) .<eos/><eop/></p><p><bop/><bos/>Sources: www.armbanks.am 26.10.2015, www.finport.am 27.10.2015<eos/><eop/></p><section-title>DISTANT BANKING SERVICES SERVICES HAVE NO ALTERNATION IN ARMENIA</section-title><p><bop/><bos/>Arman Barseghyan, retail services director at <cite.query w-seq-number="00047" w-ref-type="CO" w-normalized-cite="IC0E94EA04D4211DF8364B0DA947806B1" ID="I52d4bc30819211e58445973a9a08dce0">Ameriabank</cite.query>, speaking at a discussion of reasonability of distant banking services in Armenia, said that extensive use of distant banking services have no alternation in the country.<eos/><eop/></p><p><bop/><bos/>He said that remote banking services are popular all over the world and in Armenia distant banking services consist of processing systems, <cite.query w-seq-number="00048" w-ref-type="MM" w-normalized-cite="canonical_name::ATMS" ID="I52e86b40819211e58445973a9a08dce0">ATMs</cite.query>, online banking, mobile banking and telephone banking.<eos/><eop/></p><p><bop/><bos/>He said that development of distant services depends on the population welfare. <eos/><bos/>It means people of a certain category can&apos;t afford such services. <eos/><bos/>First of all this applies to residents of provinces, where few use Internet, smartphones and banking services.<eos/><eop/></p><p><bop/><bos/>In Yerevan the number of online banking users is constantly growing.<eos/><eop/></p><p><bop/><bos/>Source: www.arka.am 30.10.2015<eos/><eop/></p><section-title>CENTRAL BANK OF ARMENIA AND NATIONAL BANK OF BELGIUM TO DEEPEN TIES</section-title><p><bop/><bos/>Mark Werlei and Xavier Havian, two senior officials from the financial monitoring department of the <cite.query w-seq-number="00049" w-ref-type="NM" w-normalized-cite="canonical_name::BELGIAN NATIONAL BANK" ID="I53145d40819211e58445973a9a08dce0">Belgian National Bank</cite.query>, who are in Yerevan as part of partnership between the national banks of the two countries, had in Yerevan a series of meetings with representatives of the financial monitoring, regulation of the financial system, financial system stability and economic studies departments of the <cite.query w-seq-number="00050" w-ref-type="CO" w-normalized-cite="I706C7C4142B311DDA5520014224D2780" ID="I53145d41819211e58445973a9a08dce0">Central Bank of Armenia</cite.query>, the latter reported today.<eos/><eop/></p><p><bop/><bos/>It said during a round table Armenian officials spoke about the process of supervision and regulation of the national banking system.<eos/><eop/></p><p><bop/><bos/>The guests in their turn presented the experience of Belgium and the European countries in the field of financial monitoring and regulation. -0-<eos/><eop/></p><p><bop/><bos/>Source: www.armbanks.am 27.10.2015<eos/><eop/></p></text></content><indexing iso-language="en" value-add="machine-generated"><classification-terms><pres-location-block><bop/><bos/><pres-location-wrap><pres-location>Armenia</pres-location><pres-location-code>ISOAM</pres-location-code><alt1-location-code>1AR09</alt1-location-code></pres-location-wrap><pres-location-wrap><pres-location>Belgium</pres-location><pres-location-code>ISOBE</pres-location-code><alt1-location-code>1BE51</alt1-location-code></pres-location-wrap><pres-location-wrap><pres-location>CIS Countries</pres-location><pres-location-code>CISSTAT</pres-location-code><alt1-location-code>1CI64</alt1-location-code></pres-location-wrap><pres-location-wrap><pres-location>Eastern Europe</pres-location><pres-location-code>GEOEEUR</pres-location-code><alt1-location-code>1EA48</alt1-location-code></pres-location-wrap><pres-location-wrap><pres-location>Europe</pres-location><pres-location-code>GEOEUR</pres-location-code><alt1-location-code>1EU83</alt1-location-code></pres-location-wrap><pres-location-wrap><pres-location>Eurozone Countries</pres-location><pres-location-code>EUROZONE</pres-location-code><alt1-location-code>1EU86</alt1-location-code></pres-location-wrap><pres-location-wrap><pres-location>Western Europe</pres-location><pres-location-code>GEOWEUR</pres-location-code><alt1-location-code>1WE41</alt1-location-code></pres-location-wrap><eos/><eop/></pres-location-block></classification-terms><classification-terms><pres-subject-block><bop/><bos/><pres-subject-wrap><pres-subject>CIS</pres-subject><pres-subject-code>GEOCIS</pres-subject-code><alt1-subject-code>1CI65</alt1-subject-code></pres-subject-wrap><pres-subject-wrap><pres-subject>Economic Policy &amp; Policymakers</pres-subject><pres-subject-code>ECONRULE</pres-subject-code><alt1-subject-code>1EC69</alt1-subject-code></pres-subject-wrap><pres-subject-wrap><pres-subject>Economics &amp; Trade</pres-subject><pres-subject-code>TRADE</pres-subject-code><alt1-subject-code>1EC26</alt1-subject-code></pres-subject-wrap><pres-subject-wrap><pres-subject>Monetary Policy</pres-subject><pres-subject-code>PTMONET</pres-subject-code><alt1-subject-code>1MO18</alt1-subject-code></pres-subject-wrap><pres-subject-wrap><pres-subject>World Organizations</pres-subject><pres-subject-code>GEOORGS</pres-subject-code><alt1-subject-code>1IN77</alt1-subject-code></pres-subject-wrap><eos/><eop/></pres-subject-block><pres-industry-block><bop/><bos/><pres-industry-wrap><pres-industry>Banking</pres-industry><pres-industry-code>BANKOVER</pres-industry-code><alt1-industry-code>1BA20</alt1-industry-code></pres-industry-wrap><pres-industry-wrap><pres-industry>Commercial Banking Services</pres-industry><pres-industry-code>BANKCOML</pres-industry-code><alt1-industry-code>1CO19</alt1-industry-code></pres-industry-wrap><pres-industry-wrap><pres-industry>Credit, Debit &amp; Value Cards</pres-industry><pres-industry-code>CCARDS</pres-industry-code><alt1-industry-code>1CR28</alt1-industry-code></pres-industry-wrap><pres-industry-wrap><pres-industry>Financial Services</pres-industry><pres-industry-code>FINSVC</pres-industry-code><alt1-industry-code>1FI37</alt1-industry-code></pres-industry-wrap><pres-industry-wrap><pres-industry>Financial Services Regulatory</pres-industry><pres-industry-code>FINREG</pres-industry-code><alt1-industry-code>1FI03</alt1-industry-code></pres-industry-wrap><pres-industry-wrap><pres-industry>Major Central Banks</pres-industry><pres-industry-code>MAJCBANK</pres-industry-code><alt1-industry-code>1MA01</alt1-industry-code></pres-industry-wrap><pres-industry-wrap><pres-industry>Press Releases</pres-industry><pres-industry-code>ANNOUNCE</pres-industry-code><alt1-industry-code>1PR19</alt1-industry-code></pres-industry-wrap><pres-industry-wrap><pres-industry>Retail Banking Services</pres-industry><pres-industry-code>RTBNKOVR</pres-industry-code><alt1-industry-code>1RE38</alt1-industry-code></pres-industry-wrap><eos/><eop/></pres-industry-block></classification-terms><classification-terms><rcs-block><rcs>B:126</rcs><rcs>B:125</rcs><rcs>G:3</rcs><rcs>E:5</rcs><rcs>B:128</rcs><rcs>G:B2</rcs><rcs>B:127</rcs><rcs>G:7I</rcs><rcs>G:Y</rcs><rcs>B:131</rcs><rcs>M:8</rcs><rcs>E:B</rcs><rcs>G:B</rcs><rcs>M:32</rcs><rcs>G:A</rcs><rcs>G:9Y</rcs><rcs>B:129</rcs><rcs>G:AJ</rcs><rcs>M:DU</rcs><rcs>G:AL</rcs></rcs-block></classification-terms><extraction-terms><extr-company-block><bop/><bos/><extr-company>168 Zham</extr-company><extr-company-wrap><extr-company-name>168 Zham</extr-company-name><relevancy engine="1C">0.2</relevancy><confidence engine="1C">0.73</confidence></extr-company-wrap><extr-company>ACBA-CREDIT AGRICOLE BANK RE-LAUNCHES</extr-company><extr-company-wrap><extr-company-name>ACBA-CREDIT AGRICOLE BANK RE-LAUNCHES</extr-company-name><relevancy engine="1C">0.2</relevancy><confidence engine="1C">0.62</confidence></extr-company-wrap><extr-company>BANK (ARMENIA) RAISES ITS AUTHORIZED CAPITAL</extr-company><extr-company-wrap><extr-company-name>BANK (ARMENIA) RAISES ITS AUTHORIZED CAPITAL</extr-company-name><relevancy engine="1C">0.2</relevancy><confidence engine="1C">0.81</confidence></extr-company-wrap><extr-company>Hraparak 29.10.2015ANELIK BANK</extr-company><extr-company-wrap><extr-company-name>Hraparak 29.10.2015ANELIK BANK</extr-company-name><relevancy engine="1C">0.2</relevancy><confidence engine="1C">0.63</confidence></extr-company-wrap><extr-company>IN VANADZORACBA-CREDIT AGRICOLE BANK</extr-company><extr-company-wrap><extr-company-name>IN VANADZORACBA-CREDIT AGRICOLE BANK</extr-company-name><relevancy engine="1C">0.2</relevancy><confidence engine="1C">0.62</confidence></extr-company-wrap><norm-company oa-id="5000890309">ARMBUSINESSBANK CLOSED JSK</norm-company><norm-company-wrap occur-sequence="42"><norm-company-name>ARMBUSINESSBANK CLOSED JSK</norm-company-name><company-ids><oa-id>5000890309</oa-id></company-ids><relevancy engine="1C">0.2</relevancy><confidence engine="1C">0.64</confidence></norm-company-wrap><norm-company oa-id="4297575894">ACBA CREDIT AGRICOLE BANK CLOSED JSK</norm-company><norm-company-wrap occur-sequence="43"><norm-company-name>ACBA CREDIT AGRICOLE BANK CLOSED JSK</norm-company-name><company-ids><oa-id>4297575894</oa-id></company-ids><company-classification><trbc-wrap><trbc type="RCS">B:128</trbc><trbc type="2012">55101010</trbc><trbc type="perm-id">4294952873</trbc></trbc-wrap></company-classification><relevancy engine="1C">0.2</relevancy><confidence engine="1C">0.73</confidence></norm-company-wrap><norm-company oa-id="5000943296">ARMSWISSBANK CLOSED JSK</norm-company><norm-company-wrap occur-sequence="49"><norm-company-name>ARMSWISSBANK CLOSED JSK</norm-company-name><company-ids><oa-id>5000943296</oa-id></company-ids><company-classification><trbc-wrap><trbc type="RCS">B:128</trbc><trbc type="2012">55101010</trbc><trbc type="perm-id">4294952873</trbc></trbc-wrap></company-classification><relevancy engine="1C">0.2</relevancy><confidence engine="1C">0.65</confidence></norm-company-wrap><norm-company oa-id="5000023584">ANELIK BANK CLOSED JSK</norm-company><norm-company-wrap occur-sequence="3,28,29,48"><norm-company-name>ANELIK BANK CLOSED JSK</norm-company-name><company-ids><oa-id>5000023584</oa-id></company-ids><company-classification><trbc-wrap><trbc type="RCS">B:128</trbc><trbc type="2012">55101010</trbc><trbc type="perm-id">4294952873</trbc></trbc-wrap></company-classification><relevancy engine="1C">0.2</relevancy><confidence engine="1C">0.84</confidence></norm-company-wrap><norm-company oa-id="4297861134">ARARATBANK OPEN JSK</norm-company><norm-company-wrap occur-sequence="46"><norm-company-name>ARARATBANK OPEN JSK</norm-company-name><company-ids><oa-id>4297861134</oa-id></company-ids><company-classification><trbc-wrap><trbc type="RCS">B:1615</trbc><trbc type="2012">5510101010</trbc><trbc type="perm-id">4294951386</trbc></trbc-wrap></company-classification><relevancy engine="1C">0.2</relevancy><confidence engine="1C">0.7</confidence></norm-company-wrap><norm-company oa-id="4297689786">ARDSHINBANK CJSC</norm-company><norm-company-wrap occur-sequence="39"><norm-company-name>ARDSHINBANK CJSC</norm-company-name><company-ids><oa-id>4297689786</oa-id></company-ids><company-classification><trbc-wrap><trbc type="RCS">B:1615</trbc><trbc type="2012">5510101010</trbc><trbc type="perm-id">4294951386</trbc></trbc-wrap></company-classification><relevancy engine="1C">0.2</relevancy><confidence engine="1C">0.72</confidence></norm-company-wrap><norm-company oa-id="5000094276">AREXIMBANK GAZPROMBANK GROUP CJSC</norm-company><norm-company-wrap occur-sequence="50"><norm-company-name>AREXIMBANK GAZPROMBANK GROUP CJSC</norm-company-name><company-ids><oa-id>5000094276</oa-id></company-ids><relevancy engine="1C">0.2</relevancy><confidence engine="1C">0.84</confidence></norm-company-wrap><norm-company oa-id="5000085423">ARMENIAN ECONOMY DEVELOPMENT BANK OJSC</norm-company><norm-company-wrap occur-sequence="2,12,14,15,16,18,19,47"><norm-company-name>ARMENIAN ECONOMY DEVELOPMENT BANK OJSC</norm-company-name><company-ids><oa-id>5000085423</oa-id></company-ids><company-classification><trbc-wrap><trbc type="RCS">B:128</trbc><trbc type="2012">55101010</trbc><trbc type="perm-id">4294952873</trbc></trbc-wrap></company-classification><relevancy engine="1C">0.8</relevancy><confidence engine="1C">0.99</confidence></norm-company-wrap><norm-company oa-id="4297938841">BEELINE TECHNOLOGIES PTY LTD</norm-company><norm-company-wrap occur-sequence="9"><norm-company-name>BEELINE TECHNOLOGIES PTY LTD</norm-company-name><company-ids><oa-id>4297938841</oa-id></company-ids><company-classification><trbc-wrap><trbc type="RCS">B:174</trbc><trbc type="2012">57201020</trbc><trbc type="perm-id">4294952827</trbc></trbc-wrap></company-classification><relevancy engine="1C">0.2</relevancy><confidence engine="1C">0.8</confidence></norm-company-wrap><norm-company oa-id="4296603817">BTA BANK</norm-company><norm-company-wrap occur-sequence="1,11,13,17"><norm-company-name>BTA BANK</norm-company-name><company-ids><oa-id>4296603817</oa-id></company-ids><company-classification><trbc-wrap><trbc type="RCS">B:128</trbc><trbc type="2012">55101010</trbc><trbc type="perm-id">4294952873</trbc></trbc-wrap></company-classification><relevancy engine="1C">0.8</relevancy><confidence engine="1C">0.83</confidence></norm-company-wrap><norm-company oa-id="4295887248">VTB BANK (OPEN JOINT STOCK COMPANY)</norm-company><norm-company-wrap occur-sequence="6,30,31,32,33,34,35,36,37,38,40"><norm-company-name>VTB BANK (OPEN JOINT STOCK COMPANY)</norm-company-name><company-ids><oa-id>4295887248</oa-id><ric norm="VTBR.MMO">VTBR.MMO</ric></company-ids><company-classification><trbc-wrap><trbc type="RCS">B:1615</trbc><trbc type="2012">5510101010</trbc><trbc type="perm-id">4294951386</trbc></trbc-wrap></company-classification><relevancy engine="1C">0.2</relevancy><confidence engine="1C">0.97</confidence></norm-company-wrap><norm-company oa-id="5000763683">HSBC BANK ARMENIA CJSC</norm-company><norm-company-wrap occur-sequence="41"><norm-company-name>HSBC BANK ARMENIA CJSC</norm-company-name><company-ids><oa-id>5000763683</oa-id></company-ids><relevancy engine="1C">0.2</relevancy><confidence engine="1C">0.77</confidence></norm-company-wrap><norm-company oa-id="4297927063">INECOBANK CLOSED JSK</norm-company><norm-company-wrap occur-sequence="45"><norm-company-name>INECOBANK CLOSED JSK</norm-company-name><company-ids><oa-id>4297927063</oa-id></company-ids><relevancy engine="1C">0.2</relevancy><confidence engine="1C">0.66</confidence></norm-company-wrap><norm-company oa-id="4295902520">MASTERCARD INC</norm-company><norm-company-wrap occur-sequence="5,21,23,25,27"><norm-company-name>MASTERCARD INC</norm-company-name><company-ids><oa-id>4295902520</oa-id><ric norm="MA.N">MA.N</ric></company-ids><company-classification><trbc-wrap><trbc type="RCS">B:1236</trbc><trbc type="2012">5220304027</trbc><trbc type="perm-id">4294951765</trbc></trbc-wrap></company-classification><relevancy engine="1C">0.2</relevancy><confidence engine="1C">0.93</confidence></norm-company-wrap><norm-company oa-id="4295868416">ORANGE SA</norm-company><norm-company-wrap occur-sequence="8"><norm-company-name>ORANGE SA</norm-company-name><company-ids><oa-id>4295868416</oa-id><ric norm="ORAN.PA">ORAN.PA</ric></company-ids><company-classification><trbc-wrap><trbc type="RCS">B:1811</trbc><trbc type="2012">5810101010</trbc><trbc type="perm-id">4294951190</trbc></trbc-wrap></company-classification><relevancy engine="1C">0.2</relevancy><confidence engine="1C">0.82</confidence></norm-company-wrap><norm-company oa-id="5000645081">UNIBANK</norm-company><norm-company-wrap occur-sequence="44"><norm-company-name>UNIBANK</norm-company-name><company-ids><oa-id>5000645081</oa-id></company-ids><company-classification><trbc-wrap><trbc type="RCS">B:1616</trbc><trbc type="2012">5510101011</trbc><trbc type="perm-id">4294951385</trbc></trbc-wrap></company-classification><relevancy engine="1C">0.2</relevancy><confidence engine="1C">0.82</confidence></norm-company-wrap><norm-company oa-id="4295908306">VERISIGN INC</norm-company><norm-company-wrap occur-sequence="10"><norm-company-name>VERISIGN INC</norm-company-name><company-ids><oa-id>4295908306</oa-id><ric norm="VRSN.OQ">VRSN.OQ</ric></company-ids><company-classification><trbc-wrap><trbc type="RCS">B:1790</trbc><trbc type="2012">5720101010</trbc><trbc type="perm-id">4294951211</trbc></trbc-wrap></company-classification><relevancy engine="1C">0.2</relevancy><confidence engine="1C">1</confidence></norm-company-wrap><norm-company oa-id="4298015179">VISA INC</norm-company><norm-company-wrap occur-sequence="4,20,22,24,26"><norm-company-name>VISA INC</norm-company-name><company-ids><oa-id>4298015179</oa-id><ric norm="V.N">V.N</ric></company-ids><company-classification><trbc-wrap><trbc type="RCS">B:1219</trbc><trbc type="2012">5220304010</trbc><trbc type="perm-id">4294951782</trbc></trbc-wrap></company-classification><relevancy engine="1C">0.5</relevancy><confidence engine="1C">0.99</confidence></norm-company-wrap><norm-company oa-id="4295901746">EBANK FINANCIAL SERVICES INC</norm-company><norm-company-wrap occur-sequence="7"><norm-company-name>EBANK FINANCIAL SERVICES INC</norm-company-name><company-ids><oa-id>4295901746</oa-id><ric norm="EBDC.PK">EBDC.PK</ric></company-ids><company-classification><trbc-wrap><trbc type="RCS">B:1615</trbc><trbc type="2012">5510101010</trbc><trbc type="perm-id">4294951386</trbc></trbc-wrap></company-classification><relevancy engine="1C">0.2</relevancy><confidence engine="1C">0.83</confidence></norm-company-wrap><eos/><eop/></extr-company-block></extraction-terms><extraction-terms><extr-person-block><bop/><bos/><extr-person>Astghik Martirosyan</extr-person><extr-person-wrap><extr-person-name>Astghik Martirosyan</extr-person-name><relevancy engine="1C">0.8</relevancy></extr-person-wrap><eos/><eop/></extr-person-block></extraction-terms></indexing></document></n-docbody>
</n-document>
<n-document guid="I62ef8e707f0c11e5a6e7f3cb59a5bd82"><n-metadata><metadata.block><md.identifiers><md.cites><md.first.line.cite>10/30/15 NEWS 00:00:00</md.first.line.cite><md.second.line.cite>10/30/15 ARKA News Agency 00:00:00</md.second.line.cite></md.cites><md.uuid>I62ef8e707f0c11e5a6e7f3cb59a5bd82</md.uuid></md.identifiers><md.infotype>news</md.infotype><md.sortkeys><md.ordersequence>f47363bec</md.ordersequence></md.sortkeys><md.descriptions><md.title>ANELIK BANK RAISES SECURITY OF E-COMMERCE TO MAXIMUM HIGHEST LEVEL FOR HOLDERS OF VISA AND MASTERCARD PAYMENT CARDS</md.title><md.westlawdescrip><md.readlist>READLIST</md.readlist></md.westlawdescrip></md.descriptions><md.dates><md.publisheddatetime>20151030085103</md.publisheddatetime><md.loaddate>20151030</md.loaddate><md.createddatetime>20151030085103</md.createddatetime></md.dates><md.subjects><md.subject><md.pubtype.name/><md.doctype.name>DNR</md.doctype.name><md.doctype.rank/><md.view>CNGE</md.view><md.view>RGEurope</md.view><md.view>PTNewswires</md.view><md.view>ARKANEWS0063786</md.view><md.view>INALLNEWS_ACTEST</md.view><md.view>INFARNEWS_AC</md.view><md.view>MARKETSEIKON_CN</md.view><md.view>MARKETSEIKON</md.view><md.view>CB_ASIAWIRES</md.view><md.view>INWIRES_AC</md.view><md.view>GULF_INTL</md.view><md.view>ININTNEWS_AC</md.view><md.view>ANZ_INTLOS</md.view><md.view>CLEAR_RF</md.view><md.view>INALLNEWS_AC</md.view><md.view>INNEWSINT_PRO</md.view><md.view>INBUSNEWS</md.view><md.view>INNEWSWORLD_PRO</md.view><md.view>INBUSNEWS_AC</md.view></md.subject></md.subjects><md.jurisdictions><md.jurisdiction><md.jurisstate>FE</md.jurisstate></md.jurisdiction></md.jurisdictions><md.publications><md.publication/><md.sourcepubid>ARKANEWS</md.sourcepubid></md.publications><md.royalty><md.royalty.code>84104</md.royalty.code></md.royalty></metadata.block><news.metadata.block><md.text.preview>BANKING NEWSYEREVAN, October 30. / ARKA /. Anelik Bank said today it has raised to a new higher 3D secure level the e-commerce for holders of Visa and MasterCard payment cards.</md.text.preview></news.metadata.block><newsplus.recommendable>1</newsplus.recommendable><n-view>CNGE</n-view><n-view>RGEurope</n-view><n-view>PTNewswires</n-view><n-view>ARKANEWS0063786</n-view><n-view>INALLNEWS_ACTEST</n-view><n-view>INFARNEWS_AC</n-view><n-view>MARKETSEIKON_CN</n-view><n-view>MARKETSEIKON</n-view><n-view>CB_ASIAWIRES</n-view><n-view>INWIRES_AC</n-view><n-view>GULF_INTL</n-view><n-view>ININTNEWS_AC</n-view><n-view>ANZ_INTLOS</n-view><n-view>CLEAR_RF</n-view><n-view>INALLNEWS_AC</n-view><n-view>INNEWSINT_PRO</n-view><n-view>INBUSNEWS</n-view><n-view>INNEWSWORLD_PRO</n-view><n-view>INBUSNEWS_AC</n-view><prism-stylesheet guid="Ia3024d301b6a11d89fc5f34981d3242f"/><prism-clipdate>20151030085103</prism-clipdate></n-metadata>
<n-docbody><document version="1" collection="D-ARKANEWS-T001" first-load-date="20151030085103" ip-product="ARKANEWS" royalty-id="84104" data-model="text" dtd-version="5.2.29" content-type="news" load-language="en" pnac="nNRA0dhjh6" pnac-date="20151030T134448.087"><supplier-info><supplier-num nitf="doc-id" nitf-regsrc="ARKA News Agency" type="accession">aba900032c1100d9</supplier-num><internal-acc-num db-id="NEPRARKA" type="newz">20151030170.1_Vaba900032c1100d9</internal-acc-num><rec-status><last-load-date>20151030085103</last-load-date><nitf-date ne="datereceived">20151030T13:44:48Z</nitf-date><nitf-date nitf="date-issue">20151030T00:00:00Z</nitf-date><last-provider-update>20151030134448</last-provider-update></rec-status><supplier-copyright>Copyright Â© 2015 ARKA<copyright-year/><copyright-holder>ARKA</copyright-holder></supplier-copyright><supplier-note nitf="urgency" nitf-ed-urg="4"/><nitf-meta-content name="recommendable">1</nitf-meta-content><nitf-meta-content name="_newsmlg2-hashtype=nr-htype:doc-group-fuzzy">54951|98619|48375|20446|64748|75678|95743|2272|48945|27496|4218|19989|66657|1079|5718|107806|66304|36688|104235|10403|13819|82871|110621|108833|24173|9121|59907|24899|37343|96714|53149|86119|82771|42308|44443|67884|102783|75703|27574|63698|53716|59983|74021|74742|104170|77845|48800|85765|676|12223|87270|61609|88947|99651|63751|103975|95426|53516|75004|42560|</nitf-meta-content><nitf-meta-content name="_newsmlg2-hashtype=nr-htype:doc-group-content-length">1033</nitf-meta-content><nitf-meta-content name="_newsmlg2-hashtype=nr-htype:doc-group-simple">22ead5f8822e36f31e3a24950efd71b01f09380</nitf-meta-content><supplier-dtds><dtd dtd-version="working" dtd-date="20151013T00:00:00Z">Canonical Taxonomy</dtd><dtd dtd-version="20151006" dtd-date="20151013T00:00:00Z">Mapping File</dtd></supplier-dtds><copyright-block type="dialog"><service-copyright n-include_guid="Ice671660f30811d88920000083149a14" n-include_collection="D-DIALOGCOPYRIGHTS-T001"/></copyright-block><copyright-block type="west"><service-copyright n-include_guid="I1DA35ED81DD211B281BAD200220BDFCA" n-include_collection="w_wlnv_msg"/></copyright-block><west-citation-block><bop/><first-line-cite><bos/>10/30/15 NEWS 00:00:00<eos/></first-line-cite><second-line-cite><bos/>10/30/15 ARKA News Agency 00:00:00<eos/></second-line-cite><eop/></west-citation-block></supplier-info><title-info iso-language="en"><bop/><title type="headline" nitf-hedline="hl1" key="key-title"><bos/><sort-title><cite.query w-seq-number="00001" w-ref-type="CO" w-normalized-cite="IAB5AD290E2CE11DE916D8A11856AA63E" ID="I5563bb907f0d11e5a31fcc2bc2be6b37">ANELIK BANK</cite.query> RAISES SECURITY OF E-COMMERCE TO MAXIMUM HIGHEST LEVEL FOR HOLDERS OF VISA AND <cite.query w-seq-number="00002" w-ref-type="MM" w-normalized-cite="canonical_name::MASTERCARD" ID="I5563bb917f0d11e5a31fcc2bc2be6b37">MASTERCARD</cite.query> PAYMENT CARDS</sort-title><eos/></title><eop/></title-info><pub-info><journal key="key-journal"><bop/><bos/><sort-journal>ARKA News Agency</sort-journal><eos/><eop/></journal><pub-date key="key-date" iso-time="T00:00:00Z" type="date.publication"><full-pub-date>October 30, 2015</full-pub-date><sort-pub-date>20151030</sort-pub-date><sort-pub-timestamp>20151030000000</sort-pub-timestamp><rank-date>20151030</rank-date><currency-timestamp>20151030000000</currency-timestamp></pub-date><original-pub><language iso-language="en">English</language></original-pub><src-data><src-journal-code>ANPV</src-journal-code><src-pub-code>0063786</src-pub-code><src-pub-type>Newswire</src-pub-type><src-pub-country-wrap><src-pub-country-code>GE</src-pub-country-code><src-pub-country>Georgia CIS</src-pub-country></src-pub-country-wrap><src-pub-region>Europe</src-pub-region></src-data></pub-info><content iso-language="en"><total-char-count>1604</total-char-count><derived-word-count><bop/><bos/>Word Count: 262<eos/><eop/></derived-word-count><text type="lead-para"><p nitf="lede"><bop/><bos/>BANKING NEWS<eos/><eop/></p><p nitf="lede"><bop/><bos/>YEREVAN, October 30. / <cite.query w-seq-number="00003" w-ref-type="NM" w-normalized-cite="canonical_name::ARKA / ANELIK BANK" ID="I5595a1007f0d11e5a31fcc2bc2be6b37">ARKA /. Anelik Bank</cite.query> said today it has raised to a new higher 3D secure level the e-commerce for holders of <cite.query w-seq-number="00004" w-ref-type="MM" w-normalized-cite="canonical_name::VISA" ID="I5595a1017f0d11e5a31fcc2bc2be6b37">Visa</cite.query> and <cite.query w-seq-number="00005" w-ref-type="MM" w-normalized-cite="canonical_name::MASTERCARD" ID="I5595a1027f0d11e5a31fcc2bc2be6b37">MasterCard</cite.query> payment cards.<eos/><eop/></p></text><text type="body"><p><bop/><bos/>&quot;E-commerce for holders of <cite.query w-seq-number="00006" w-ref-type="MM" w-normalized-cite="canonical_name::VISA" ID="I55ad20a07f0d11e5a31fcc2bc2be6b37">Visa</cite.query> and <cite.query w-seq-number="00007" w-ref-type="MM" w-normalized-cite="canonical_name::MASTERCARD" ID="I55ad20a17f0d11e5a31fcc2bc2be6b37">MasterCard</cite.query> payment cards has become more secure and safe, since holders of these cards are now able to make purchases tbacked by 3D Secure system&quot;, the bank said in a press release.<eos/><eop/></p><p><bop/><bos/>&apos;This system ensures the latest Verified security standards by <cite.query w-seq-number="00008" w-ref-type="MM" w-normalized-cite="canonical_name::VISA" ID="I55c626e07f0d11e5a31fcc2bc2be6b37">Visa</cite.query> and <cite.query w-seq-number="00009" w-ref-type="MM" w-normalized-cite="canonical_name::MASTERCARD" ID="I55c626e17f0d11e5a31fcc2bc2be6b37">MasterCard</cite.query> Secure Code for online payments in shops,&apos; the press release said.<eos/><eop/></p><p><bop/><bos/>The system creates new opportunities and benefits for cardholders by providing them with additional level of authentication for the transactions, as well as reduces the risk of fraud and provides customers with a safe and comfortable conditions.<eos/><eop/></p><p><bop/><bos/>&quot;The bank is doing everything possible to ensure the comfort and safety of its clients&apos; funds. <eos/><bos/>Cardholders need only to meet the minimum requirements set by payment and settlement systems for electronic shops - they must enable the SMS message service,&apos; Astghik Martirosyan, a press officer for the bank, said.<eos/><eop/></p><p><bop/><bos/>According to her, when making an online purchase cardholders will be sent SMS-message, indicating the one time purchase authorization code. <eos/><bos/>The purchase will be confirmed after the entry of the numeric password in the relating field.<eos/><eop/></p><p><bop/><bos/>Martirosyan said to enable SMS messages service, cardholders should visit the head office or any branch of <cite.query w-seq-number="00010" w-ref-type="CO" w-normalized-cite="IAB5AD290E2CE11DE916D8A11856AA63E" ID="I55e19e207f0d11e5a31fcc2bc2be6b37">Anelik Bank</cite.query> with their passports and fill in an application form.<eos/><eop/></p><p><bop/><bos/>Anelik Bank was founded in 1990. <eos/><bos/>It is now owned by <cite.query w-seq-number="00011" w-ref-type="NM" w-normalized-cite="canonical_name::LEBANESE CREDITBANK SAL" ID="I55f574407f0d11e5a31fcc2bc2be6b37">Lebanese CreditBank SAL.</cite.query> <eos/><bos/>($ 1 - 472.58 drams).<eos/> -0-<eop/></p></text></content><indexing iso-language="en" value-add="machine-generated"><classification-terms><pres-industry-block><bop/><bos/><pres-industry-wrap><pres-industry>Banking</pres-industry><pres-industry-code>BANKOVER</pres-industry-code><alt1-industry-code>1BA20</alt1-industry-code></pres-industry-wrap><pres-industry-wrap><pres-industry>Credit, Debit &amp; Value Cards</pres-industry><pres-industry-code>CCARDS</pres-industry-code><alt1-industry-code>1CR28</alt1-industry-code></pres-industry-wrap><pres-industry-wrap><pres-industry>Debit Cards</pres-industry><pres-industry-code>DEBCARDS</pres-industry-code><alt1-industry-code>1DE11</alt1-industry-code></pres-industry-wrap><pres-industry-wrap><pres-industry>E-Commerce Technology</pres-industry><pres-industry-code>INETCMRC</pres-industry-code><alt1-industry-code>1EC54</alt1-industry-code></pres-industry-wrap><pres-industry-wrap><pres-industry>Electronic Bill Payment</pres-industry><pres-industry-code>EBILLS</pres-industry-code><alt1-industry-code>1EL93</alt1-industry-code></pres-industry-wrap><pres-industry-wrap><pres-industry>Electronic Transaction Technology</pres-industry><pres-industry-code>ELECCASH</pres-industry-code><alt1-industry-code>1EL86</alt1-industry-code></pres-industry-wrap><pres-industry-wrap><pres-industry>Financial Services</pres-industry><pres-industry-code>FINSVC</pres-industry-code><alt1-industry-code>1FI37</alt1-industry-code></pres-industry-wrap><pres-industry-wrap><pres-industry>I.T.</pres-industry><pres-industry-code>ITOVER</pres-industry-code><alt1-industry-code>1IT96</alt1-industry-code></pres-industry-wrap><pres-industry-wrap><pres-industry>Retail Banking Services</pres-industry><pres-industry-code>RTBNKOVR</pres-industry-code><alt1-industry-code>1RE38</alt1-industry-code></pres-industry-wrap><eos/><eop/></pres-industry-block></classification-terms><classification-terms><rcs-block><rcs>B:126</rcs><rcs>B:125</rcs><rcs>B:128</rcs><rcs>B:127</rcs><rcs>M:NL</rcs><rcs>B:161</rcs><rcs>B:129</rcs></rcs-block></classification-terms><extraction-terms><extr-company-block><bop/><bos/><norm-company oa-id="5000023584">ANELIK BANK CLOSED JSK</norm-company><norm-company-wrap occur-sequence="1,4,11,12"><norm-company-name>ANELIK BANK CLOSED JSK</norm-company-name><company-ids><oa-id>5000023584</oa-id></company-ids><company-classification><trbc-wrap><trbc type="RCS">B:128</trbc><trbc type="2012">55101010</trbc><trbc type="perm-id">4294952873</trbc></trbc-wrap></company-classification><relevancy engine="1C">0.8</relevancy><confidence engine="1C">0.84</confidence></norm-company-wrap><norm-company oa-id="4295902520">MASTERCARD INC</norm-company><norm-company-wrap occur-sequence="3,6,8,10"><norm-company-name>MASTERCARD INC</norm-company-name><company-ids><oa-id>4295902520</oa-id><ric norm="MA.N">MA.N</ric></company-ids><company-classification><trbc-wrap><trbc type="RCS">B:1236</trbc><trbc type="2012">5220304027</trbc><trbc type="perm-id">4294951765</trbc></trbc-wrap></company-classification><relevancy engine="1C">0.8</relevancy><confidence engine="1C">0.93</confidence></norm-company-wrap><norm-company oa-id="4298015179">VISA INC</norm-company><norm-company-wrap occur-sequence="2,5,7,9"><norm-company-name>VISA INC</norm-company-name><company-ids><oa-id>4298015179</oa-id><ric norm="V.N">V.N</ric></company-ids><company-classification><trbc-wrap><trbc type="RCS">B:1219</trbc><trbc type="2012">5220304010</trbc><trbc type="perm-id">4294951782</trbc></trbc-wrap></company-classification><relevancy engine="1C">0.8</relevancy><confidence engine="1C">0.99</confidence></norm-company-wrap><eos/><eop/></extr-company-block></extraction-terms><extraction-terms><extr-person-block><bop/><bos/><extr-person>Astghik Martirosyan</extr-person><extr-person-wrap><extr-person-name>Astghik Martirosyan</extr-person-name><relevancy engine="1C">0.2</relevancy></extr-person-wrap><eos/><eop/></extr-person-block></extraction-terms></indexing></document></n-docbody>
</n-document>
<n-document guid="I6308e2d07f0c11e59926ee28d63655fa"><n-metadata><metadata.block><md.identifiers><md.cites><md.first.line.cite>10/30/15 NEWS 00:00:00</md.first.line.cite><md.second.line.cite>10/30/15 ARKA News Agency 00:00:00</md.second.line.cite></md.cites><md.uuid>I6308e2d07f0c11e59926ee28d63655fa</md.uuid></md.identifiers><md.infotype>news</md.infotype><md.sortkeys><md.ordersequence>f47363bec</md.ordersequence></md.sortkeys><md.descriptions><md.title>VISA INC. TO BUY ITS FORMER SUBSIDIARY VISA EUROPE</md.title><md.westlawdescrip><md.readlist>READLIST</md.readlist></md.westlawdescrip></md.descriptions><md.dates><md.publisheddatetime>20151030085103</md.publisheddatetime><md.loaddate>20151030</md.loaddate><md.createddatetime>20151030085103</md.createddatetime></md.dates><md.subjects><md.subject><md.pubtype.name/><md.doctype.name>DNR</md.doctype.name><md.doctype.rank/><md.view>CNGE</md.view><md.view>RGEurope</md.view><md.view>PTNewswires</md.view><md.view>ARKANEWS0063786</md.view><md.view>INALLNEWS_ACTEST</md.view><md.view>INFARNEWS_AC</md.view><md.view>MARKETSEIKON_CN</md.view><md.view>MARKETSEIKON</md.view><md.view>CB_ASIAWIRES</md.view><md.view>INWIRES_AC</md.view><md.view>GULF_INTL</md.view><md.view>ININTNEWS_AC</md.view><md.view>ANZ_INTLOS</md.view><md.view>CLEAR_RF</md.view><md.view>INALLNEWS_AC</md.view><md.view>INNEWSINT_PRO</md.view><md.view>INBUSNEWS</md.view><md.view>INNEWSWORLD_PRO</md.view><md.view>INBUSNEWS_AC</md.view></md.subject></md.subjects><md.jurisdictions><md.jurisdiction><md.jurisstate>FE</md.jurisstate></md.jurisdiction></md.jurisdictions><md.publications><md.publication/><md.sourcepubid>ARKANEWS</md.sourcepubid></md.publications><md.royalty><md.royalty.code>84104</md.royalty.code></md.royalty></metadata.block><news.metadata.block><md.text.preview>BANKING NEWSYEREVAN, October 30. / ARKA /. Visa Inc. is close to buy its former subsidiary Visa Europe, making its biggest deal in history as the acquisition may worth around _20 billion, Bloomberg reported, citing The Wall Street Journal.</md.text.preview></news.metadata.block><newsplus.recommendable>1</newsplus.recommendable><n-view>CNGE</n-view><n-view>RGEurope</n-view><n-view>PTNewswires</n-view><n-view>ARKANEWS0063786</n-view><n-view>INALLNEWS_ACTEST</n-view><n-view>INFARNEWS_AC</n-view><n-view>MARKETSEIKON_CN</n-view><n-view>MARKETSEIKON</n-view><n-view>CB_ASIAWIRES</n-view><n-view>INWIRES_AC</n-view><n-view>GULF_INTL</n-view><n-view>ININTNEWS_AC</n-view><n-view>ANZ_INTLOS</n-view><n-view>CLEAR_RF</n-view><n-view>INALLNEWS_AC</n-view><n-view>INNEWSINT_PRO</n-view><n-view>INBUSNEWS</n-view><n-view>INNEWSWORLD_PRO</n-view><n-view>INBUSNEWS_AC</n-view><prism-stylesheet guid="Ia3024d301b6a11d89fc5f34981d3242f"/><prism-clipdate>20151030085103</prism-clipdate></n-metadata>
<n-docbody><document version="1" collection="D-ARKANEWS-T001" first-load-date="20151030085103" ip-product="ARKANEWS" royalty-id="84104" data-model="text" dtd-version="5.2.29" content-type="news" load-language="en" pnac="nNRA0dhjil" pnac-date="20151030T134448.253"><supplier-info><supplier-num nitf="doc-id" nitf-regsrc="ARKA News Agency" type="accession">05c1000356fc4543</supplier-num><internal-acc-num db-id="NEPRARKA" type="newz">20151030170.1_V05c1000356fc4543</internal-acc-num><rec-status><last-load-date>20151030085103</last-load-date><nitf-date ne="datereceived">20151030T13:44:48Z</nitf-date><nitf-date nitf="date-issue">20151030T00:00:00Z</nitf-date><last-provider-update>20151030134448</last-provider-update></rec-status><supplier-copyright>Copyright Â© 2015 ARKA<copyright-year/><copyright-holder>ARKA</copyright-holder></supplier-copyright><supplier-note nitf="urgency" nitf-ed-urg="4"/><nitf-meta-content name="_newsmlg2-hashtype=nr-htype:doc-group-fuzzy">19568|98619|2272|97491|4218|35353|96939|33749|102668|5118|63386|13160|44242|57585|2660|28310|8379|32731|54934|52059|28414|22189|84676|102942|57133|80942|4889|24395|52270|41749|103325|65380|65372|75953|88943|93836|31177|20767|80130|50978|109783|24553|96884|48209|27574|57726|59995|63698|6652|43000|26953|37732|14581|36337|93840|41696|61609|9160|85124|65310|</nitf-meta-content><nitf-meta-content name="_newsmlg2-hashtype=nr-htype:doc-group-content-length">1044</nitf-meta-content><nitf-meta-content name="_newsmlg2-hashtype=nr-htype:doc-group-simple">-27bf13b4b729aaa6d2a708408127fcf7785a5d64</nitf-meta-content><supplier-dtds><dtd dtd-version="working" dtd-date="20151013T00:00:00Z">Canonical Taxonomy</dtd><dtd dtd-version="20151006" dtd-date="20151013T00:00:00Z">Mapping File</dtd></supplier-dtds><copyright-block type="dialog"><service-copyright n-include_guid="Ice671660f30811d88920000083149a14" n-include_collection="D-DIALOGCOPYRIGHTS-T001"/></copyright-block><copyright-block type="west"><service-copyright n-include_guid="I1DA35ED81DD211B281BAD200220BDFCA" n-include_collection="w_wlnv_msg"/></copyright-block><west-citation-block><bop/><first-line-cite><bos/>10/30/15 NEWS 00:00:00<eos/></first-line-cite><second-line-cite><bos/>10/30/15 ARKA News Agency 00:00:00<eos/></second-line-cite><eop/></west-citation-block></supplier-info><title-info iso-language="en"><bop/><title type="headline" nitf-hedline="hl1" key="key-title"><bos/><sort-title><cite.query w-seq-number="00001" w-ref-type="CO" w-normalized-cite="I8E613450688F11DD8998C44458E1459D" ID="I560579d07f0d11e5a31fcc2bc2be6b37">VISA INC.</cite.query> TO BUY ITS FORMER SUBSIDIARY VISA EUROPE</sort-title><eos/></title><eop/></title-info><pub-info><journal key="key-journal"><bop/><bos/><sort-journal>ARKA News Agency</sort-journal><eos/><eop/></journal><pub-date key="key-date" iso-time="T00:00:00Z" type="date.publication"><full-pub-date>October 30, 2015</full-pub-date><sort-pub-date>20151030</sort-pub-date><sort-pub-timestamp>20151030000000</sort-pub-timestamp><rank-date>20151030</rank-date><currency-timestamp>20151030000000</currency-timestamp></pub-date><original-pub><language iso-language="en">English</language></original-pub><src-data><src-journal-code>ANPV</src-journal-code><src-pub-code>0063786</src-pub-code><src-pub-type>Newswire</src-pub-type><src-pub-country-wrap><src-pub-country-code>GE</src-pub-country-code><src-pub-country>Georgia CIS</src-pub-country></src-pub-country-wrap><src-pub-region>Europe</src-pub-region></src-data></pub-info><content iso-language="en"><total-char-count>1712</total-char-count><derived-word-count><bop/><bos/>Word Count: 281<eos/><eop/></derived-word-count><text type="lead-para"><p nitf="lede"><bop/><bos/>BANKING NEWS<eos/><eop/></p><p nitf="lede"><bop/><bos/>YEREVAN, October 30. / ARKA /. <cite.query w-seq-number="00002" w-ref-type="CO" w-normalized-cite="I8E613450688F11DD8998C44458E1459D" ID="I56369bf07f0d11e5a31fcc2bc2be6b37">Visa Inc.</cite.query> is close to buy its former subsidiary Visa Europe, making its biggest deal in history as the acquisition may worth around _20 billion, <cite.query w-seq-number="00003" w-ref-type="MM" w-normalized-cite="canonical_name::BLOOMBERG" ID="I56369bf17f0d11e5a31fcc2bc2be6b37">Bloomberg</cite.query> reported, citing The <cite.query w-seq-number="00004" w-ref-type="NM" w-normalized-cite="canonical_name::WALL STREET JOURNAL" ID="I56369bf27f0d11e5a31fcc2bc2be6b37">Wall Street Journal</cite.query>.<eos/><eop/></p></text><text type="body"><p><bop/><bos/><cite.query w-seq-number="00005" w-ref-type="NM" w-normalized-cite="canonical_name::WALL STREET JOURNAL" ID="I566b8ea07f0d11e5a31fcc2bc2be6b37">Wall Street Journal</cite.query> reported that <cite.query w-seq-number="00006" w-ref-type="CO" w-normalized-cite="I8E613450688F11DD8998C44458E1459D" ID="I566b8ea17f0d11e5a31fcc2bc2be6b37">Visa Inc.</cite.query> said in recent months that it would try to finish the deal with Visa Europe by the end of October. <eos/><bos/>Analysts told the financial newspaper that they expect a deal could be announced as soon as Monday when <cite.query w-seq-number="00007" w-ref-type="MM" w-normalized-cite="canonical_name::VISA" ID="I566b8ea27f0d11e5a31fcc2bc2be6b37">Visa</cite.query> releases its quarterly results. <eos/><bos/><cite.query w-seq-number="00008" w-ref-type="MM" w-normalized-cite="canonical_name::BLOOMBERG" ID="I566b8ea37f0d11e5a31fcc2bc2be6b37">Bloomberg</cite.query> also cited a person who knows about the progress of talks, who also said that the world&apos;s largest payments network, may announce as early as Monday the historic acquisition.<eos/><eop/></p><p><bop/><bos/><cite.query w-seq-number="00009" w-ref-type="MM" w-normalized-cite="canonical_name::VISA" ID="I56824af07f0d11e5a31fcc2bc2be6b37">Visa</cite.query> and Visa Europe have been separate companies for the last eight years but the two firms have a licensing agreement together. <eos/><bos/>Now, US based Visa wants to boost its presence in Europe as it sees its main competitor, <cite.query w-seq-number="00010" w-ref-type="MM" w-normalized-cite="canonical_name::MASTERCARD" ID="I56824af17f0d11e5a31fcc2bc2be6b37">MasterCard</cite.query> owing the European market.<eos/><eop/></p><p><bop/><bos/>Still, the negotiations with Visa Europe are extremely complicated as the European firm is owned by more than 3,000 European banks. <eos/><bos/>Wall Street Journal contacted with both <cite.query w-seq-number="00011" w-ref-type="CO" w-normalized-cite="I8E613450688F11DD8998C44458E1459D" ID="I568b99c07f0d11e5a31fcc2bc2be6b37">Visa Inc.</cite.query> and Visa Europe representatives.<eos/><eop/></p><p><bop/><bos/>A spokeswoman for <cite.query w-seq-number="00012" w-ref-type="CO" w-normalized-cite="I8E613450688F11DD8998C44458E1459D" ID="I56a42ad07f0d11e5a31fcc2bc2be6b37">Visa Inc.</cite.query> declined to comment on the timing of the important acquisition while a spokeswoman for <cite.query w-seq-number="00013" w-ref-type="MM" w-normalized-cite="canonical_name::VISA EUROPE" ID="I56a42ad17f0d11e5a31fcc2bc2be6b37">Visa Europe</cite.query> said that &quot;at this stage, there is no certainty about the outcome of those discussions, and Visa Europe remains focused on continuing to develop its business.&quot;<eos/><eop/></p><p><bop/><bos/>In March 2014, <cite.query w-seq-number="00014" w-ref-type="MM" w-normalized-cite="canonical_name::VISA" ID="I56ad04707f0d11e5a31fcc2bc2be6b37">Visa</cite.query> Chief Executive Officer Charlie Scharf said at an investor conference: &quot;Over the long term, we absolutely would love Visa Europe to be part of the company...It just to us makes extraordinary amount of sense. <eos/><bos/>Sooner is better.&quot; -0-<eos/><eop/></p></text></content><indexing iso-language="en" value-add="machine-generated"><classification-terms><pres-location-block><bop/><bos/><pres-location-wrap><pres-location>Europe</pres-location><pres-location-code>GEOEUR</pres-location-code><alt1-location-code>1EU83</alt1-location-code></pres-location-wrap><eos/><eop/></pres-location-block></classification-terms><classification-terms><pres-subject-block><bop/><bos/><pres-subject-wrap><pres-subject>Business Management</pres-subject><pres-subject-code>BIZMGMT</pres-subject-code><alt1-subject-code>1BU42</alt1-subject-code></pres-subject-wrap><pres-subject-wrap><pres-subject>Corporate Events</pres-subject><pres-subject-code>BUSEVENT</pres-subject-code><alt1-subject-code>1CR05</alt1-subject-code></pres-subject-wrap><pres-subject-wrap><pres-subject>Corporate Groups &amp; Ownership</pres-subject><pres-subject-code>PTCPGRP</pres-subject-code><alt1-subject-code>1XO09</alt1-subject-code></pres-subject-wrap><pres-subject-wrap><pres-subject>Immigration &amp; Naturalization</pres-subject><pres-subject-code>CITIZENS</pres-subject-code><alt1-subject-code>1IM88</alt1-subject-code></pres-subject-wrap><pres-subject-wrap><pres-subject>Mergers &amp; Acquisitions</pres-subject><pres-subject-code>MERGERS</pres-subject-code><alt1-subject-code>1ME39</alt1-subject-code></pres-subject-wrap><pres-subject-wrap><pres-subject>Social Issues</pres-subject><pres-subject-code>PTSOCISS</pres-subject-code><alt1-subject-code>1SO05</alt1-subject-code></pres-subject-wrap><eos/><eop/></pres-subject-block><pres-industry-block><bop/><bos/><pres-industry-wrap><pres-industry>Banking</pres-industry><pres-industry-code>BANKOVER</pres-industry-code><alt1-industry-code>1BA20</alt1-industry-code></pres-industry-wrap><pres-industry-wrap><pres-industry>Credit, Debit &amp; Value Cards</pres-industry><pres-industry-code>CCARDS</pres-industry-code><alt1-industry-code>1CR28</alt1-industry-code></pres-industry-wrap><pres-industry-wrap><pres-industry>Debit Cards</pres-industry><pres-industry-code>DEBCARDS</pres-industry-code><alt1-industry-code>1DE11</alt1-industry-code></pres-industry-wrap><pres-industry-wrap><pres-industry>Financial Services</pres-industry><pres-industry-code>FINSVC</pres-industry-code><alt1-industry-code>1FI37</alt1-industry-code></pres-industry-wrap><pres-industry-wrap><pres-industry>Retail Banking Services</pres-industry><pres-industry-code>RTBNKOVR</pres-industry-code><alt1-industry-code>1RE38</alt1-industry-code></pres-industry-wrap><eos/><eop/></pres-industry-block></classification-terms><classification-terms><rcs-block><rcs>B:126</rcs><rcs>B:125</rcs><rcs>B:128</rcs><rcs>B:127</rcs><rcs>E:J</rcs><rcs>M:4</rcs><rcs>M:I4</rcs><rcs>M:Z</rcs><rcs>B:129</rcs><rcs>E:1</rcs><rcs>G:A</rcs></rcs-block></classification-terms><extraction-terms><extr-company-block><bop/><bos/><norm-company oa-id="4295902520">MASTERCARD INC</norm-company><norm-company-wrap occur-sequence="11"><norm-company-name>MASTERCARD INC</norm-company-name><company-ids><oa-id>4295902520</oa-id><ric norm="MA.N">MA.N</ric></company-ids><company-classification><trbc-wrap><trbc type="RCS">B:1236</trbc><trbc type="2012">5220304027</trbc><trbc type="perm-id">4294951765</trbc></trbc-wrap></company-classification><relevancy engine="1C">0.2</relevancy><confidence engine="1C">0.98</confidence></norm-company-wrap><norm-company oa-id="4298015179">VISA INC</norm-company><norm-company-wrap occur-sequence="1,3,5,7,8,10,13,15,18"><norm-company-name>VISA INC</norm-company-name><company-ids><oa-id>4298015179</oa-id><ric norm="V.N">V.N</ric></company-ids><company-classification><trbc-wrap><trbc type="RCS">B:1219</trbc><trbc type="2012">5220304010</trbc><trbc type="perm-id">4294951782</trbc></trbc-wrap></company-classification><relevancy engine="1C">0.8</relevancy><confidence engine="1C">1</confidence></norm-company-wrap><norm-company oa-id="5040943011">VISA EUROPE LTD</norm-company><norm-company-wrap occur-sequence="2,4,6,9,12,14,16,17,19"><norm-company-name>VISA EUROPE LTD</norm-company-name><company-ids><oa-id>5040943011</oa-id></company-ids><relevancy engine="1C">0.8</relevancy><confidence engine="1C">0.94</confidence></norm-company-wrap><eos/><eop/></extr-company-block></extraction-terms><extraction-terms><extr-person-block><bop/><bos/><extr-person>Charles W. Scharf</extr-person><norm-person-wrap><norm-person-name>Charles W. Scharf</norm-person-name><person-ids><od-auth-id>2010481</od-auth-id><od-officer-id>1053837</od-officer-id><person-perm-id>34415516773</person-perm-id></person-ids><relevancy engine="1C">0.2</relevancy></norm-person-wrap><extr-person>Charles Scharf</extr-person><extr-person-wrap><extr-person-name>Charles Scharf</extr-person-name><relevancy engine="1C">0.2</relevancy></extr-person-wrap><eos/><eop/></extr-person-block></extraction-terms></indexing></document></n-docbody>
</n-document>
<n-document guid="I40a454507d5d11e58adeb9d40edc5910"><n-metadata><metadata.block><md.identifiers><md.cites><md.first.line.cite>10/28/15 NEWS 00:00:00</md.first.line.cite><md.second.line.cite>10/28/15 ARKA News Agency 00:00:00</md.second.line.cite></md.cites><md.uuid>I40a454507d5d11e58adeb9d40edc5910</md.uuid></md.identifiers><md.infotype>news</md.infotype><md.sortkeys><md.ordersequence>f47363bec</md.ordersequence></md.sortkeys><md.descriptions><md.title>APPLE EARNS 11.1 BILLION DOLLARS IN NET PROFITS IN Q4</md.title><md.westlawdescrip><md.readlist>READLIST</md.readlist></md.westlawdescrip></md.descriptions><md.dates><md.publisheddatetime>20151028052120</md.publisheddatetime><md.loaddate>20151028</md.loaddate><md.createddatetime>20151028052120</md.createddatetime></md.dates><md.subjects><md.subject><md.pubtype.name/><md.doctype.name>DNR</md.doctype.name><md.doctype.rank/><md.view>CNGE</md.view><md.view>RGEurope</md.view><md.view>PTNewswires</md.view><md.view>ARKANEWS0063786</md.view><md.view>INALLNEWS_ACTEST</md.view><md.view>INFARNEWS_AC</md.view><md.view>MARKETSEIKON_CN</md.view><md.view>MARKETSEIKON</md.view><md.view>CB_ASIAWIRES</md.view><md.view>INWIRES_AC</md.view><md.view>GULF_INTL</md.view><md.view>ININTNEWS_AC</md.view><md.view>ANZ_INTLOS</md.view><md.view>CLEAR_RF</md.view><md.view>INALLNEWS_AC</md.view><md.view>INNEWSINT_PRO</md.view><md.view>INBUSNEWS</md.view><md.view>INNEWSWORLD_PRO</md.view><md.view>INBUSNEWS_AC</md.view></md.subject></md.subjects><md.jurisdictions><md.jurisdiction><md.jurisstate>FE</md.jurisstate></md.jurisdiction></md.jurisdictions><md.publications><md.publication/><md.sourcepubid>ARKANEWS</md.sourcepubid></md.publications><md.royalty><md.royalty.code>84104</md.royalty.code></md.royalty></metadata.block><news.metadata.block><md.text.preview>COMPANIESYEREVAN, October 28. /ARKA/. Apple raked in 11.1 billion dollars in net profits in the fourth quarter thanks to the world&apos;s continuing appetite for the iPhone, The Peninsula reports referring to the information received from the company.</md.text.preview></news.metadata.block><newsplus.recommendable>1</newsplus.recommendable><n-view>CNGE</n-view><n-view>RGEurope</n-view><n-view>PTNewswires</n-view><n-view>ARKANEWS0063786</n-view><n-view>INALLNEWS_ACTEST</n-view><n-view>INFARNEWS_AC</n-view><n-view>MARKETSEIKON_CN</n-view><n-view>MARKETSEIKON</n-view><n-view>CB_ASIAWIRES</n-view><n-view>INWIRES_AC</n-view><n-view>GULF_INTL</n-view><n-view>ININTNEWS_AC</n-view><n-view>ANZ_INTLOS</n-view><n-view>CLEAR_RF</n-view><n-view>INALLNEWS_AC</n-view><n-view>INNEWSINT_PRO</n-view><n-view>INBUSNEWS</n-view><n-view>INNEWSWORLD_PRO</n-view><n-view>INBUSNEWS_AC</n-view><prism-stylesheet guid="Ia3024d301b6a11d89fc5f34981d3242f"/><prism-clipdate>20151028052120</prism-clipdate></n-metadata>
<n-docbody><document version="1" collection="D-ARKANEWS-T001" first-load-date="20151028052120" ip-product="ARKANEWS" royalty-id="84104" data-model="text" dtd-version="5.2.29" content-type="news" load-language="en" pnac="nNRA0d2ul3" pnac-date="20151028T101837.461"><supplier-info><supplier-num nitf="doc-id" nitf-regsrc="ARKA News Agency" type="accession">080f0001a388a028</supplier-num><internal-acc-num db-id="NEPRARKA" type="newz">20151028170.1_V080f0001a388a028</internal-acc-num><rec-status><last-load-date>20151028052120</last-load-date><nitf-date ne="datereceived">20151028T10:18:37Z</nitf-date><nitf-date nitf="date-issue">20151028T00:00:00Z</nitf-date><last-provider-update>20151028101837</last-provider-update></rec-status><supplier-copyright>Copyright Â© 2015 ARKA<copyright-year/><copyright-holder>ARKA</copyright-holder></supplier-copyright><supplier-note nitf="urgency" nitf-ed-urg="4"/><nitf-meta-content name="recommendable">1</nitf-meta-content><nitf-meta-content name="_newsmlg2-hashtype=nr-htype:doc-group-fuzzy">110491|98619|78559|49716|42886|25082|65343|80986|63588|3276|85322|87683|20185|75749|105594|52571|12568|56060|545|36760|1579|57337|91805|43816|10088|72750|20539|105099|13986|109783|96586|21491|9206|96884|107667|7204|83389|93182|41696|61665|92584|7234|83327|63656|32980|75776|11769|24658|24300|80162|35633|58344|33685|105139|102679|4446|85590|110127|19175|103103|</nitf-meta-content><nitf-meta-content name="_newsmlg2-hashtype=nr-htype:doc-group-content-length">693</nitf-meta-content><nitf-meta-content name="_newsmlg2-hashtype=nr-htype:doc-group-simple">58e5bac4f363175fc15b2114827ea5fc74d4925e</nitf-meta-content><supplier-dtds><dtd dtd-version="working" dtd-date="20151013T00:00:00Z">Canonical Taxonomy</dtd><dtd dtd-version="20151006" dtd-date="20151013T00:00:00Z">Mapping File</dtd></supplier-dtds><copyright-block type="dialog"><service-copyright n-include_guid="Ice671660f30811d88920000083149a14" n-include_collection="D-DIALOGCOPYRIGHTS-T001"/></copyright-block><copyright-block type="west"><service-copyright n-include_guid="I1DA35ED81DD211B281BAD200220BDFCA" n-include_collection="w_wlnv_msg"/></copyright-block><west-citation-block><bop/><first-line-cite><bos/>10/28/15 NEWS 00:00:00<eos/></first-line-cite><second-line-cite><bos/>10/28/15 ARKA News Agency 00:00:00<eos/></second-line-cite><eop/></west-citation-block></supplier-info><title-info iso-language="en"><bop/><title type="headline" nitf-hedline="hl1" key="key-title"><bos/><sort-title><cite.query w-seq-number="00001" w-ref-type="MM" w-normalized-cite="canonical_name::APPLE" ID="Ie30515e07d5d11e5a31fcc2bc2be6b37">APPLE</cite.query> EARNS 11.1 BILLION DOLLARS IN NET PROFITS IN Q4</sort-title><eos/></title><eop/></title-info><pub-info><journal key="key-journal"><bop/><bos/><sort-journal>ARKA News Agency</sort-journal><eos/><eop/></journal><pub-date key="key-date" iso-time="T00:00:00Z" type="date.publication"><full-pub-date>October 28, 2015</full-pub-date><sort-pub-date>20151028</sort-pub-date><sort-pub-timestamp>20151028000000</sort-pub-timestamp><rank-date>20151028</rank-date><currency-timestamp>20151028000000</currency-timestamp></pub-date><original-pub><language iso-language="en">English</language></original-pub><src-data><src-journal-code>ANPV</src-journal-code><src-pub-code>0063786</src-pub-code><src-pub-type>Newswire</src-pub-type><src-pub-country-wrap><src-pub-country-code>GE</src-pub-country-code><src-pub-country>Georgia CIS</src-pub-country></src-pub-country-wrap><src-pub-region>Europe</src-pub-region></src-data></pub-info><content iso-language="en"><total-char-count>1218</total-char-count><derived-word-count><bop/><bos/>Word Count: 198<eos/><eop/></derived-word-count><text type="lead-para"><p nitf="lede"><bop/>COMPANIES<eop/></p><p nitf="lede"><bop/><bos/>YEREVAN, October 28. /ARKA/. <eos/><bos/>Apple raked in 11.1 billion dollars in net profits in the fourth quarter thanks to the world&apos;s continuing appetite for the iPhone, The Peninsula reports referring to the information received from the company. <eos/><bos/>The company sold 48 million iPhones worldwide in the fourth quarter, a 22 per cent increase on sales in the same quarter in 2014. <eos/><bos/>The quarter reflects initial sales of the iPhone 6s and 6s Plus, the new model that the Cupertino, California-based company introduced in September. <eos/><bos/>The iPhone makes up more than 60 per cent of <cite.query w-seq-number="00002" w-ref-type="MM" w-normalized-cite="canonical_name::APPLE" ID="Ie32bb0b07d5d11e5a31fcc2bc2be6b37">Apple</cite.query>&apos;s profits, by far the most important slice of <cite.query w-seq-number="00003" w-ref-type="MM" w-normalized-cite="canonical_name::APPLE" ID="Ie32bb0b17d5d11e5a31fcc2bc2be6b37">Apple</cite.query>&apos;s earnings pie. <eos/><bos/>In a conference call to discuss earnings, chief executive Tim Cook said demand for the quarter had exceeded supply. <eos/><bos/>Demand for the new iPhones got a boost from the company&apos;s decision to include China in the initial launch. <eos/><bos/><cite.query w-seq-number="00004" w-ref-type="MM" w-normalized-cite="canonical_name::APPLE" ID="Ie32bb0b27d5d11e5a31fcc2bc2be6b37">Apple</cite.query>&apos;s China business doubled compared to the previous quarter, to 12.5 billion dollars, about a quarter of total revenues. <eos/><bos/>Amid a PC market downturn, sales of the company&apos;s <cite.query w-seq-number="00005" w-ref-type="CO" w-normalized-cite="I75C0CD8241EC11DDAD6B0014224D2780" ID="Ie32bb0b37d5d11e5a31fcc2bc2be6b37">Mac</cite.query> computers were up 3 per cent to 5.7 million units. <eos/><bos/>Sales of the iPad tablet, on the other hand, sank year-on-year by almost one fifth, to 9.89 million units. <eos/>M.V.----0----<eop/></p></text></content><indexing iso-language="en" value-add="machine-generated"><classification-terms><pres-subject-block><bop/><bos/><pres-subject-wrap><pres-subject>Business Management</pres-subject><pres-subject-code>BIZMGMT</pres-subject-code><alt1-subject-code>1BU42</alt1-subject-code></pres-subject-wrap><pres-subject-wrap><pres-subject>Corporate Events</pres-subject><pres-subject-code>BUSEVENT</pres-subject-code><alt1-subject-code>1CR05</alt1-subject-code></pres-subject-wrap><pres-subject-wrap><pres-subject>Corporate Financial Data</pres-subject><pres-subject-code>PTCPFIN</pres-subject-code><alt1-subject-code>1XO59</alt1-subject-code></pres-subject-wrap><pres-subject-wrap><pres-subject>Major Corporations</pres-subject><pres-subject-code>MAJCORP</pres-subject-code><alt1-subject-code>1MA93</alt1-subject-code></pres-subject-wrap><eos/><eop/></pres-subject-block><pres-industry-block><bop/><bos/><pres-industry-wrap><pres-industry>Computer Equipment</pres-industry><pres-industry-code>CPTROVER</pres-industry-code><alt1-industry-code>1CO77</alt1-industry-code></pres-industry-wrap><pres-industry-wrap><pres-industry>Consumer Electronics</pres-industry><pres-industry-code>CEOVR</pres-industry-code><alt1-industry-code>1CO61</alt1-industry-code></pres-industry-wrap><pres-industry-wrap><pres-industry>Consumer Products &amp; Services</pres-industry><pres-industry-code>BUYBUY</pres-industry-code><alt1-industry-code>1CO62</alt1-industry-code></pres-industry-wrap><pres-industry-wrap><pres-industry>Electronics</pres-industry><pres-industry-code>ETRONICS</pres-industry-code><alt1-industry-code>1EL16</alt1-industry-code></pres-industry-wrap><pres-industry-wrap><pres-industry>I.T.</pres-industry><pres-industry-code>ITOVER</pres-industry-code><alt1-industry-code>1IT96</alt1-industry-code></pres-industry-wrap><pres-industry-wrap><pres-industry>Mobile Phones &amp; Pagers</pres-industry><pres-industry-code>TWPHONE</pres-industry-code><alt1-industry-code>1WI07</alt1-industry-code></pres-industry-wrap><pres-industry-wrap><pres-industry>Telecom Consumer Equipment</pres-industry><pres-industry-code>TCCONEQ</pres-industry-code><alt1-industry-code>1TE03</alt1-industry-code></pres-industry-wrap><eos/><eop/></pres-industry-block></classification-terms><classification-terms><rcs-block><rcs>B:169</rcs><rcs>E:G</rcs><rcs>B:69</rcs><rcs>B:78</rcs><rcs>B:162</rcs><rcs>B:75</rcs><rcs>M:NL</rcs><rcs>B:161</rcs><rcs>M:Z</rcs><rcs>E:1</rcs></rcs-block></classification-terms><extraction-terms><extr-company-block><bop/><bos/><norm-company oa-id="4295905573">APPLE INC</norm-company><norm-company-wrap occur-sequence="1,2,3,4,5"><norm-company-name>APPLE INC</norm-company-name><company-ids><oa-id>4295905573</oa-id><ric norm="AAPL.OQ">AAPL.OQ</ric></company-ids><company-classification><trbc-wrap><trbc type="RCS">B:1758</trbc><trbc type="2012">5710601010</trbc><trbc type="perm-id">4294951243</trbc></trbc-wrap></company-classification><relevancy engine="1C">0.8</relevancy><confidence engine="1C">0.99</confidence></norm-company-wrap><eos/><eop/></extr-company-block></extraction-terms><extraction-terms><extr-person-block><bop/><bos/><extr-person>Timothy D. Cook</extr-person><norm-person-wrap><norm-person-name>Timothy D. Cook</norm-person-name><person-ids><od-auth-id>88090</od-auth-id><od-officer-id>88090</od-officer-id><person-perm-id>34413199178</person-perm-id></person-ids><relevancy engine="1C">0.2</relevancy></norm-person-wrap><extr-person>Tim Cook</extr-person><extr-person-wrap><extr-person-name>Tim Cook</extr-person-name><relevancy engine="1C">0.2</relevancy></extr-person-wrap><eos/><eop/></extr-person-block></extraction-terms></indexing></document></n-docbody>
</n-document>
<n-document guid="Ie6ed66f07c8911e58170b08e597f6125"><n-metadata><metadata.block><md.identifiers><md.cites><md.first.line.cite>10/27/15 NEWS 00:00:00</md.first.line.cite><md.second.line.cite>10/27/15 ARKA News Agency 00:00:00</md.second.line.cite></md.cites><md.uuid>Ie6ed66f07c8911e58170b08e597f6125</md.uuid></md.identifiers><md.infotype>news</md.infotype><md.sortkeys><md.ordersequence>f47363bec</md.ordersequence></md.sortkeys><md.descriptions><md.title>OIL PRICES CONTINUE THE FALL; BRENT FELL TO $47.34</md.title><md.westlawdescrip><md.readlist>READLIST</md.readlist></md.westlawdescrip></md.descriptions><md.dates><md.publisheddatetime>20151027041212</md.publisheddatetime><md.loaddate>20151027</md.loaddate><md.createddatetime>20151027041212</md.createddatetime></md.dates><md.subjects><md.subject><md.pubtype.name/><md.doctype.name>DNR</md.doctype.name><md.doctype.rank/><md.view>CNGE</md.view><md.view>RGEurope</md.view><md.view>PTNewswires</md.view><md.view>ARKANEWS0063786</md.view><md.view>INALLNEWS_ACTEST</md.view><md.view>INFARNEWS_AC</md.view><md.view>MARKETSEIKON_CN</md.view><md.view>MARKETSEIKON</md.view><md.view>CB_ASIAWIRES</md.view><md.view>INWIRES_AC</md.view><md.view>GULF_INTL</md.view><md.view>ININTNEWS_AC</md.view><md.view>ANZ_INTLOS</md.view><md.view>CLEAR_RF</md.view><md.view>INALLNEWS_AC</md.view><md.view>INNEWSINT_PRO</md.view><md.view>INBUSNEWS</md.view><md.view>INNEWSWORLD_PRO</md.view><md.view>INBUSNEWS_AC</md.view></md.subject></md.subjects><md.jurisdictions><md.jurisdiction><md.jurisstate>FE</md.jurisstate></md.jurisdiction></md.jurisdictions><md.publications><md.publication/><md.sourcepubid>ARKANEWS</md.sourcepubid></md.publications><md.royalty><md.royalty.code>84104</md.royalty.code></md.royalty></metadata.block><news.metadata.block><md.text.preview>ECONOMYYEREVAN, October 27. / ARKA /. Oil prices reversed course mid-day on Monday falling most of the day after lackluster US housing data weighed on the markets, according to news reports. Crude oil fell 64 cents to 43.96 while Brent oil tumbled</md.text.preview></news.metadata.block><newsplus.recommendable>1</newsplus.recommendable><n-view>CNGE</n-view><n-view>RGEurope</n-view><n-view>PTNewswires</n-view><n-view>ARKANEWS0063786</n-view><n-view>INALLNEWS_ACTEST</n-view><n-view>INFARNEWS_AC</n-view><n-view>MARKETSEIKON_CN</n-view><n-view>MARKETSEIKON</n-view><n-view>CB_ASIAWIRES</n-view><n-view>INWIRES_AC</n-view><n-view>GULF_INTL</n-view><n-view>ININTNEWS_AC</n-view><n-view>ANZ_INTLOS</n-view><n-view>CLEAR_RF</n-view><n-view>INALLNEWS_AC</n-view><n-view>INNEWSINT_PRO</n-view><n-view>INBUSNEWS</n-view><n-view>INNEWSWORLD_PRO</n-view><n-view>INBUSNEWS_AC</n-view><prism-stylesheet guid="Ia3024d301b6a11d89fc5f34981d3242f"/><prism-clipdate>20151027041212</prism-clipdate></n-metadata>
<n-docbody><document version="1" collection="D-ARKANEWS-T001" first-load-date="20151027041212" ip-product="ARKANEWS" royalty-id="84104" data-model="text" dtd-version="5.2.29" content-type="news" load-language="en" pnac="nNRA0cn86u" pnac-date="20151027T090543.135"><supplier-info><supplier-num nitf="doc-id" nitf-regsrc="ARKA News Agency" type="accession">632900039a70a074</supplier-num><internal-acc-num db-id="NEPRARKA" type="newz">20151027170.1_V632900039a70a074</internal-acc-num><rec-status><last-load-date>20151027041212</last-load-date><nitf-date ne="datereceived">20151027T09:05:43Z</nitf-date><nitf-date nitf="date-issue">20151027T00:00:00Z</nitf-date><last-provider-update>20151027090543</last-provider-update></rec-status><supplier-copyright>Copyright Â© 2015 ARKA<copyright-year/><copyright-holder>ARKA</copyright-holder></supplier-copyright><supplier-note nitf="urgency" nitf-ed-urg="4"/><nitf-meta-content name="recommendable">1</nitf-meta-content><nitf-meta-content name="_newsmlg2-hashtype=nr-htype:doc-group-fuzzy">98619|54259|106750|16136|54999|54849|26832|27783|39695|39749|48082|57775|87911|12526|71289|55029|9430|57800|28310|5363|103964|23095|74210|18444|9960|23623|31283|13497|109390|62264|469|62857|112565|98812|75357|9932|35480|48202|72199|72408|1495|89660|590|64530|62182|51729|8627|103110|49671|7204|72607|67112|80018|78668|16513|111588|37732|23966|108207|44738|</nitf-meta-content><nitf-meta-content name="_newsmlg2-hashtype=nr-htype:doc-group-content-length">1096</nitf-meta-content><nitf-meta-content name="_newsmlg2-hashtype=nr-htype:doc-group-simple">7fe739b8dc4a889e3479ce84f14e002e7b58569c</nitf-meta-content><supplier-dtds><dtd dtd-version="working" dtd-date="20151013T00:00:00Z">Canonical Taxonomy</dtd><dtd dtd-version="20151006" dtd-date="20151013T00:00:00Z">Mapping File</dtd></supplier-dtds><copyright-block type="dialog"><service-copyright n-include_guid="Ice671660f30811d88920000083149a14" n-include_collection="D-DIALOGCOPYRIGHTS-T001"/></copyright-block><copyright-block type="west"><service-copyright n-include_guid="I1DA35ED81DD211B281BAD200220BDFCA" n-include_collection="w_wlnv_msg"/></copyright-block><west-citation-block><bop/><first-line-cite><bos/>10/27/15 NEWS 00:00:00<eos/></first-line-cite><second-line-cite><bos/>10/27/15 ARKA News Agency 00:00:00<eos/></second-line-cite><eop/></west-citation-block></supplier-info><title-info iso-language="en"><bop/><title type="headline" nitf-hedline="hl1" key="key-title"><bos/><sort-title>OIL PRICES CONTINUE THE FALL; BRENT FELL TO $47.34</sort-title><eos/></title><eop/></title-info><pub-info><journal key="key-journal"><bop/><bos/><sort-journal>ARKA News Agency</sort-journal><eos/><eop/></journal><pub-date key="key-date" iso-time="T00:00:00Z" type="date.publication"><full-pub-date>October 27, 2015</full-pub-date><sort-pub-date>20151027</sort-pub-date><sort-pub-timestamp>20151027000000</sort-pub-timestamp><rank-date>20151027</rank-date><currency-timestamp>20151027000000</currency-timestamp></pub-date><original-pub><language iso-language="en">English</language></original-pub><src-data><src-journal-code>ANPV</src-journal-code><src-pub-code>0063786</src-pub-code><src-pub-type>Newswire</src-pub-type><src-pub-country-wrap><src-pub-country-code>GE</src-pub-country-code><src-pub-country>Georgia CIS</src-pub-country></src-pub-country-wrap><src-pub-region>Europe</src-pub-region></src-data></pub-info><content iso-language="en"><total-char-count>1784</total-char-count><derived-word-count><bop/><bos/>Word Count: 293<eos/><eop/></derived-word-count><text type="lead-para"><p nitf="lede"><bop/>ECONOMY<eop/></p><p nitf="lede"><bop/><bos/>YEREVAN, October 27. / ARKA /. Oil prices reversed course mid-day on Monday falling most of the day after lackluster US housing data weighed on the markets, according to news reports. <eos/><bos/>Crude oil fell 64 cents to 43.96 while Brent oil tumbled 48 cents to 47.51 On Tuesday morning oil continues to fall, with crude oil dipping another 45 cents to 43.54 and Brent dipping to 47.34.<eos/><eop/></p></text><text type="body"><p><bop/><bos/>The commodity&apos;s ultimate scarcity means the bounce is inevitable, Ali Al Mansoori, the head of Abu Dhabi&apos;s <cite.query w-seq-number="00001" w-ref-type="CO" w-normalized-cite="IB2099400E26511DEAB49EC13A692F1C6" ID="If2259af07c8a11e5afd3b9f38caea521">Department of Economic Development</cite.query>, told <cite.query w-seq-number="00002" w-ref-type="MM" w-normalized-cite="canonical_name::BLOOMBERG" ID="If2259af17c8a11e5afd3b9f38caea521">Bloomberg</cite.query> in an interview on 25 October. <eos/><bos/>The price of crude will probably recover next year to $60 per barrel, after bottoming out at $45, Al Mansoori said.<eos/><eop/></p><p><bop/><bos/>&quot;It is a gift to the world that oil has dropped to $50,&quot; he added, as it allowed buyers to put in place economic policies needed to foster economic growth in the next five years.<eos/><eop/></p><p><bop/><bos/>Faith Birol, executive director of the <cite.query w-seq-number="00003" w-ref-type="WC" w-normalized-cite="I9F8B96003DE311DF903EC579B005C555" ID="If2310ca07c8a11e5afd3b9f38caea521">International Energy Agency</cite.query>, is expecting still further declines in oil industry investment in the coming year. <eos/><bos/>Speaking at <cite.query w-seq-number="00004" w-ref-type="NM" w-normalized-cite="canonical_name::SINGAPORE INTERNATIONAL ENERGY WEEK" ID="If2310ca17c8a11e5afd3b9f38caea521">Singapore International Energy Week</cite.query> on Monday, he said it would be the first time in two decades that oil investment declines for two consecutive years.<eos/><eop/></p><p><bop/><bos/>Traders are also waiting to hear whether the U.S. <cite.query w-seq-number="00005" w-ref-type="CO" w-normalized-cite="I9C354A30571611E080258F0E01953BF2" ID="If23ddde07c8a11e5afd3b9f38caea521">Federal Reserve</cite.query> raises interest rates after its meeting this week. <eos/><bos/>Speculation that the <cite.query w-seq-number="00006" w-ref-type="CO" w-normalized-cite="I6A49F4A09B5311E4A277FC95A6CDDB59" ID="If23ddde17c8a11e5afd3b9f38caea521">Fed</cite.query> will not raise rates has pushed down the U.S. currency.<eos/><eop/></p><p><bop/><bos/><cite.query w-seq-number="00007" w-ref-type="WC" w-normalized-cite="I16D8924054E911E089AC8CE04EA54993" ID="If2430e007c8a11e5afd3b9f38caea521">Goldman Sachs</cite.query> sees further risk to crude prices which are already down 60 per cent from a year ago.<eos/><eop/></p><p><bop/><bos/>&quot;Distillate storage utilization in the U.S. and Europe is nearing historically high levels, following near record refinery utilization, only modest demand growth (especially relative to gasoline), and increased imports from the East on refinery expansion and Chinese exports,&quot; it said in its report. <eos/>M.V.-0-<eop/></p></text></content><indexing iso-language="en" value-add="machine-generated"><classification-terms><pres-industry-block><bop/><bos/><pres-industry-wrap><pres-industry>Crude Oil</pres-industry><pres-industry-code>CRUDE</pres-industry-code><alt1-industry-code>1CR88</alt1-industry-code></pres-industry-wrap><pres-industry-wrap><pres-industry>Downstream Oil</pres-industry><pres-industry-code>ENGLOBDN</pres-industry-code><alt1-industry-code>1DO72</alt1-industry-code></pres-industry-wrap><pres-industry-wrap><pres-industry>Energy &amp; Fuel</pres-industry><pres-industry-code>ENERGY</pres-industry-code><alt1-industry-code>1EN13</alt1-industry-code></pres-industry-wrap><pres-industry-wrap><pres-industry>Oil &amp; Gas</pres-industry><pres-industry-code>ENTOPONG</pres-industry-code><alt1-industry-code>1OI76</alt1-industry-code></pres-industry-wrap><pres-industry-wrap><pres-industry>Oil &amp; Gas Market</pres-industry><pres-industry-code>ENOILMKT</pres-industry-code><alt1-industry-code>1OI62</alt1-industry-code></pres-industry-wrap><pres-industry-wrap><pres-industry>Oil &amp; Gas Prices</pres-industry><pres-industry-code>ENPRICES</pres-industry-code><alt1-industry-code>1OI34</alt1-industry-code></pres-industry-wrap><pres-industry-wrap><pres-industry>Oil Production</pres-industry><pres-industry-code>ENOILPRD</pres-industry-code><alt1-industry-code>1OI71</alt1-industry-code></pres-industry-wrap><pres-industry-wrap><pres-industry>Oil Refining</pres-industry><pres-industry-code>ENREFINE</pres-industry-code><alt1-industry-code>1OI93</alt1-industry-code></pres-industry-wrap><pres-industry-wrap><pres-industry>Refined Oil Products</pres-industry><pres-industry-code>REFINED</pres-industry-code><alt1-industry-code>1RE10</alt1-industry-code></pres-industry-wrap><pres-industry-wrap><pres-industry>Refineries</pres-industry><pres-industry-code>REFINE</pres-industry-code><alt1-industry-code>1RE12</alt1-industry-code></pres-industry-wrap><pres-industry-wrap><pres-industry>Upstream Oil</pres-industry><pres-industry-code>ENGLOBUP</pres-industry-code><alt1-industry-code>1UP67</alt1-industry-code></pres-industry-wrap><eos/><eop/></pres-industry-block></classification-terms><classification-terms><rcs-block><rcs>B:8</rcs><rcs>U:24</rcs><rcs>U:45</rcs><rcs>B:9</rcs><rcs>F:8</rcs><rcs>B:2</rcs><rcs>B:5</rcs><rcs>B:6</rcs><rcs>U:C</rcs><rcs>B:7</rcs></rcs-block></classification-terms><extraction-terms><extr-company-block><bop/><bos/><norm-company oa-id="4295911963">GOLDMAN SACHS GROUP INC (THE)</norm-company><norm-company-wrap occur-sequence="3"><norm-company-name>GOLDMAN SACHS GROUP INC (THE)</norm-company-name><company-ids><oa-id>4295911963</oa-id><ric norm="GS.N">GS.N</ric></company-ids><company-classification><trbc-wrap><trbc type="RCS">B:1633</trbc><trbc type="2012">5510201010</trbc><trbc type="perm-id">4294951368</trbc></trbc-wrap></company-classification><relevancy engine="1C">0.2</relevancy><confidence engine="1C">0.92</confidence></norm-company-wrap><norm-company oa-id="5000688249">INTERNATIONAL ENERGY AGENCY</norm-company><norm-company-wrap occur-sequence="1,2"><norm-company-name>INTERNATIONAL ENERGY AGENCY</norm-company-name><company-ids><oa-id>5000688249</oa-id></company-ids><relevancy engine="1C">0.2</relevancy><confidence engine="1C">0.8</confidence></norm-company-wrap><eos/><eop/></extr-company-block></extraction-terms><extraction-terms><extr-person-block><bop/><bos/><extr-person>Ali Al Mansoori</extr-person><extr-person-wrap><extr-person-name>Ali Al Mansoori</extr-person-name><relevancy engine="1C">0.2</relevancy></extr-person-wrap><extr-person>Faith Birol</extr-person><extr-person-wrap><extr-person-name>Faith Birol</extr-person-name><relevancy engine="1C">0.2</relevancy></extr-person-wrap><eos/><eop/></extr-person-block></extraction-terms></indexing></document></n-docbody>
</n-document>
<n-document guid="I47363fa07bdb11e58d08976cca792f57"><n-metadata><metadata.block><md.identifiers><md.cites><md.first.line.cite>10/26/15 NEWS 00:00:00</md.first.line.cite><md.second.line.cite>10/26/15 ARKA News Agency 00:00:00</md.second.line.cite></md.cites><md.uuid>I47363fa07bdb11e58d08976cca792f57</md.uuid></md.identifiers><md.infotype>news</md.infotype><md.sortkeys><md.ordersequence>f47363bec</md.ordersequence></md.sortkeys><md.descriptions><md.title>A TOTAL OF $3.87 MILLION TRADED LAST WEEK AT NASDAQ OMX ARMENIA STOCK EXCHANGE</md.title><md.westlawdescrip><md.readlist>READLIST</md.readlist></md.westlawdescrip></md.descriptions><md.dates><md.publisheddatetime>20151026072412</md.publisheddatetime><md.loaddate>20151026</md.loaddate><md.createddatetime>20151026072412</md.createddatetime></md.dates><md.subjects><md.subject><md.pubtype.name/><md.doctype.name>DNR</md.doctype.name><md.doctype.rank/><md.view>CNGE</md.view><md.view>RGEurope</md.view><md.view>PTNewswires</md.view><md.view>ARKANEWS0063786</md.view><md.view>INALLNEWS_ACTEST</md.view><md.view>INFARNEWS_AC</md.view><md.view>MARKETSEIKON_CN</md.view><md.view>MARKETSEIKON</md.view><md.view>CB_ASIAWIRES</md.view><md.view>INWIRES_AC</md.view><md.view>GULF_INTL</md.view><md.view>ININTNEWS_AC</md.view><md.view>ANZ_INTLOS</md.view><md.view>CLEAR_RF</md.view><md.view>INALLNEWS_AC</md.view><md.view>INNEWSINT_PRO</md.view><md.view>INBUSNEWS</md.view><md.view>INNEWSWORLD_PRO</md.view><md.view>INBUSNEWS_AC</md.view></md.subject></md.subjects><md.jurisdictions><md.jurisdiction><md.jurisstate>FE</md.jurisstate></md.jurisdiction></md.jurisdictions><md.publications><md.publication/><md.sourcepubid>ARKANEWS</md.sourcepubid></md.publications><md.royalty><md.royalty.code>84104</md.royalty.code></md.royalty></metadata.block><news.metadata.block><md.text.preview>STOCK MARKETYEREVAN, October 26. / ARKA /. A total of $3.87 million were traded at NASDAQ OMX Armenia stock exchange on October 19 -23, up from $1.55 million traded a week earlier, the Central Bank of Armenia said today.</md.text.preview></news.metadata.block><newsplus.recommendable/><n-view>CNGE</n-view><n-view>RGEurope</n-view><n-view>PTNewswires</n-view><n-view>ARKANEWS0063786</n-view><n-view>INALLNEWS_ACTEST</n-view><n-view>INFARNEWS_AC</n-view><n-view>MARKETSEIKON_CN</n-view><n-view>MARKETSEIKON</n-view><n-view>CB_ASIAWIRES</n-view><n-view>INWIRES_AC</n-view><n-view>GULF_INTL</n-view><n-view>ININTNEWS_AC</n-view><n-view>ANZ_INTLOS</n-view><n-view>CLEAR_RF</n-view><n-view>INALLNEWS_AC</n-view><n-view>INNEWSINT_PRO</n-view><n-view>INBUSNEWS</n-view><n-view>INNEWSWORLD_PRO</n-view><n-view>INBUSNEWS_AC</n-view><prism-stylesheet guid="Ia3024d301b6a11d89fc5f34981d3242f"/><prism-clipdate>20151026072412</prism-clipdate></n-metadata>
<n-docbody><document version="1" collection="D-ARKANEWS-T001" first-load-date="20151026072412" ip-product="ARKANEWS" royalty-id="84104" data-model="text" dtd-version="5.2.29" content-type="news" load-language="en" pnac="nNRA0cj9dq" pnac-date="20151026T121542.746"><supplier-info><supplier-num nitf="doc-id" nitf-regsrc="ARKA News Agency" type="accession">ba5a000193ff1d78</supplier-num><internal-acc-num db-id="NEPRARKA" type="newz">20151026170.1_Vba5a000193ff1d78</internal-acc-num><rec-status><last-load-date>20151026072412</last-load-date><nitf-date ne="datereceived">20151026T12:15:42Z</nitf-date><nitf-date nitf="date-issue">20151026T00:00:00Z</nitf-date><last-provider-update>20151026121542</last-provider-update></rec-status><supplier-copyright>Copyright Â© 2015 ARKA<copyright-year/><copyright-holder>ARKA</copyright-holder></supplier-copyright><supplier-note nitf="urgency" nitf-ed-urg="4"/><nitf-meta-content name="recommendable">0</nitf-meta-content><nitf-meta-content name="_newsmlg2-hashtype=nr-htype:doc-group-fuzzy">18907|98619|46897|57684|31935|28270|10798|93066|103059|88962|16303|51902|31950|46335|61020|66273|22369|7947|33633|90427|61794|107533|72741|103430|29413|15491|102805|67943|56273|85436|4902|11769|33902|57042|24300|7946|95632|21188|15394|95195|72046|9073|19934|15243|45672|85271|74660|</nitf-meta-content><nitf-meta-content name="_newsmlg2-hashtype=nr-htype:doc-group-content-length">637</nitf-meta-content><nitf-meta-content name="_newsmlg2-hashtype=nr-htype:doc-group-simple">28677f596726cdb06535539f6faa92024bb2235</nitf-meta-content><supplier-dtds><dtd dtd-version="working" dtd-date="20151013T00:00:00Z">Canonical Taxonomy</dtd><dtd dtd-version="20151006" dtd-date="20151013T00:00:00Z">Mapping File</dtd></supplier-dtds><copyright-block type="dialog"><service-copyright n-include_guid="Ice671660f30811d88920000083149a14" n-include_collection="D-DIALOGCOPYRIGHTS-T001"/></copyright-block><copyright-block type="west"><service-copyright n-include_guid="I1DA35ED81DD211B281BAD200220BDFCA" n-include_collection="w_wlnv_msg"/></copyright-block><west-citation-block><bop/><first-line-cite><bos/>10/26/15 NEWS 00:00:00<eos/></first-line-cite><second-line-cite><bos/>10/26/15 ARKA News Agency 00:00:00<eos/></second-line-cite><eop/></west-citation-block></supplier-info><title-info iso-language="en"><bop/><title type="headline" nitf-hedline="hl1" key="key-title"><bos/><sort-title>A TOTAL OF $3.87 MILLION TRADED LAST WEEK AT <cite.query w-seq-number="00001" w-ref-type="CO" w-normalized-cite="IB3F93E8029C011DF9BD7C7F341E042AB" ID="I809729c07bdc11e58445973a9a08dce0">NASDAQ</cite.query> OMX ARMENIA STOCK EXCHANGE</sort-title><eos/></title><eop/></title-info><pub-info><journal key="key-journal"><bop/><bos/><sort-journal>ARKA News Agency</sort-journal><eos/><eop/></journal><pub-date key="key-date" iso-time="T00:00:00Z" type="date.publication"><full-pub-date>October 26, 2015</full-pub-date><sort-pub-date>20151026</sort-pub-date><sort-pub-timestamp>20151026000000</sort-pub-timestamp><rank-date>20151026</rank-date><currency-timestamp>20151026000000</currency-timestamp></pub-date><original-pub><language iso-language="en">English</language></original-pub><src-data><src-journal-code>ANPV</src-journal-code><src-pub-code>0063786</src-pub-code><src-pub-type>Newswire</src-pub-type><src-pub-country-wrap><src-pub-country-code>GE</src-pub-country-code><src-pub-country>Georgia CIS</src-pub-country></src-pub-country-wrap><src-pub-region>Europe</src-pub-region></src-data></pub-info><content iso-language="en"><total-char-count>1182</total-char-count><derived-word-count><bop/><bos/>Word Count: 187<eos/><eop/></derived-word-count><text type="lead-para"><p nitf="lede"><bop/><bos/>STOCK MARKET<eos/><eop/></p><p nitf="lede"><bop/><bos/>YEREVAN, October 26. / ARKA /. A total of $3.87 million were traded at <cite.query w-seq-number="00002" w-ref-type="CO" w-normalized-cite="IB3F93E8029C011DF9BD7C7F341E042AB" ID="I80a24d507bdc11e58445973a9a08dce0">NASDAQ</cite.query> OMX Armenia stock exchange on October 19 -23, up from $1.55 million traded a week earlier, the <cite.query w-seq-number="00003" w-ref-type="CO" w-normalized-cite="I706C7C4142B311DDA5520014224D2780" ID="I80a24d517bdc11e58445973a9a08dce0">Central Bank of Armenia</cite.query> said today.<eos/><eop/></p></text><text type="body"><p><bop/><bos/>It said also that the average weighted exchange rate of a US Dollar in last week trading at the exchange was 471.1 drams. <eos/><bos/>No transactions with euros and Russian rubles were made, the <cite.query w-seq-number="00004" w-ref-type="MM" w-normalized-cite="canonical_name::CENTRAL BANK" ID="I80a6e1307bdc11e58445973a9a08dce0">Central Bank</cite.query> said.<eos/><eop/></p><p><bop/><bos/><cite.query w-seq-number="00005" w-ref-type="CO" w-normalized-cite="IB3F93E8029C011DF9BD7C7F341E042AB" ID="I80d655a07bdc11e58445973a9a08dce0">NASDAQ</cite.query> OMX Armenia is the new name of the <cite.query w-seq-number="00006" w-ref-type="CO" w-normalized-cite="IFC75AA8441EC11DDAD6B0014224D2780" ID="I80d655a17bdc11e58445973a9a08dce0">Armenian Stock Exchange</cite.query> ojsc (renamed on January 27, 2009), however, it is also used to refer jointly to the stock exchange and the Central Depository of Armenia ojsc (CDA), as the both companies have been members of the <cite.query w-seq-number="00007" w-ref-type="CO" w-normalized-cite="I259E58B041EA11DDAD6B0014224D2780" ID="I80d655a27bdc11e58445973a9a08dce0">NASDAQ OMX Group, Inc.</cite.query> since early 2008. <eos/><bos/><cite.query w-seq-number="00008" w-ref-type="CO" w-normalized-cite="IB3F93E8029C011DF9BD7C7F341E042AB" ID="I80d655a37bdc11e58445973a9a08dce0">NASDAQ</cite.query> OMX Armenia and the <cite.query w-seq-number="00009" w-ref-type="MM" w-normalized-cite="canonical_name::CDA" ID="I80d655a47bdc11e58445973a9a08dce0">CDA</cite.query> are the major securities market infrastructure institutions in Armenia. <eos/><bos/>Since their inception in 2000, both companies had operated as self-regulatory organizations established by member broker companies, up until demutualization in 2007. <eos/><bos/><cite.query w-seq-number="00010" w-ref-type="CO" w-normalized-cite="IB3F93E8029C011DF9BD7C7F341E042AB" ID="I80d655a57bdc11e58445973a9a08dce0">NASDAQ</cite.query> OMX Armenia is a part of the world&apos;s largest exchange company, the <cite.query w-seq-number="00011" w-ref-type="CO" w-normalized-cite="I259E58B041EA11DDAD6B0014224D2780" ID="I80d655a67bdc11e58445973a9a08dce0">NASDAQ OMX Group, Inc.</cite.query> In late June there were 16 companies listed at <cite.query w-seq-number="00012" w-ref-type="CO" w-normalized-cite="IB3F93E8029C011DF9BD7C7F341E042AB" ID="I80d655a77bdc11e58445973a9a08dce0">Nasdaq</cite.query> OMX Armenia. <eos/><bos/>($1 - 469.79 drams).<eos/> -0-<eop/></p></text></content><indexing iso-language="en" value-add="machine-generated"><classification-terms><pres-location-block><bop/><bos/><pres-location-wrap><pres-location>Armenia</pres-location><pres-location-code>ISOAM</pres-location-code><alt1-location-code>1AR09</alt1-location-code></pres-location-wrap><pres-location-wrap><pres-location>CIS Countries</pres-location><pres-location-code>CISSTAT</pres-location-code><alt1-location-code>1CI64</alt1-location-code></pres-location-wrap><pres-location-wrap><pres-location>Eastern Europe</pres-location><pres-location-code>GEOEEUR</pres-location-code><alt1-location-code>1EA48</alt1-location-code></pres-location-wrap><pres-location-wrap><pres-location>Europe</pres-location><pres-location-code>GEOEUR</pres-location-code><alt1-location-code>1EU83</alt1-location-code></pres-location-wrap><eos/><eop/></pres-location-block></classification-terms><classification-terms><pres-subject-block><bop/><bos/><pres-subject-wrap><pres-subject>CIS</pres-subject><pres-subject-code>GEOCIS</pres-subject-code><alt1-subject-code>1CI65</alt1-subject-code></pres-subject-wrap><pres-subject-wrap><pres-subject>Economics &amp; Trade</pres-subject><pres-subject-code>TRADE</pres-subject-code><alt1-subject-code>1EC26</alt1-subject-code></pres-subject-wrap><pres-subject-wrap><pres-subject>Equity Instruments</pres-subject><pres-subject-code>STOCKINS</pres-subject-code><alt1-subject-code>1EQ90</alt1-subject-code></pres-subject-wrap><pres-subject-wrap><pres-subject>Financial Markets</pres-subject><pres-subject-code>BOURSE</pres-subject-code><alt1-subject-code>1FI87</alt1-subject-code></pres-subject-wrap><pres-subject-wrap><pres-subject>Funding Instruments</pres-subject><pres-subject-code>INVSTING</pres-subject-code><alt1-subject-code>1FU41</alt1-subject-code></pres-subject-wrap><pres-subject-wrap><pres-subject>Stock Closings</pres-subject><pres-subject-code>STOCKEND</pres-subject-code><alt1-subject-code>1ST40</alt1-subject-code></pres-subject-wrap><pres-subject-wrap><pres-subject>Stock Markets</pres-subject><pres-subject-code>STOKMRKT</pres-subject-code><alt1-subject-code>1ST45</alt1-subject-code></pres-subject-wrap><pres-subject-wrap><pres-subject>World Organizations</pres-subject><pres-subject-code>GEOORGS</pres-subject-code><alt1-subject-code>1IN77</alt1-subject-code></pres-subject-wrap><pres-subject-wrap><pres-subject>World Trade</pres-subject><pres-subject-code>TRADENUZ</pres-subject-code><alt1-subject-code>1WO85</alt1-subject-code></pres-subject-wrap><eos/><eop/></pres-subject-block><pres-industry-block><bop/><bos/><pres-industry-wrap><pres-industry>Financial Services</pres-industry><pres-industry-code>FINSVC</pres-industry-code><alt1-industry-code>1FI37</alt1-industry-code></pres-industry-wrap><pres-industry-wrap><pres-industry>Investment Management</pres-industry><pres-industry-code>INVSTMAN</pres-industry-code><alt1-industry-code>1IN34</alt1-industry-code></pres-industry-wrap><pres-industry-wrap><pres-industry>Securities Investment</pres-industry><pres-industry-code>PTSECUR</pres-industry-code><alt1-industry-code>1SE57</alt1-industry-code></pres-industry-wrap><eos/><eop/></pres-industry-block></classification-terms><classification-terms><rcs-block><rcs>B:126</rcs><rcs>E:6</rcs><rcs>B:125</rcs><rcs>E:5</rcs><rcs>G:B2</rcs><rcs>G:7I</rcs><rcs>M:R</rcs><rcs>G:Y</rcs><rcs>B:130</rcs><rcs>G:B</rcs><rcs>G:A</rcs><rcs>I:1U</rcs><rcs>A:1</rcs><rcs>G:AJ</rcs><rcs>M:DU</rcs></rcs-block></classification-terms><extraction-terms><extr-company-block><bop/><bos/><norm-company oa-id="5000143907">NASDAQ OMX ARMENIA OPEN JSK</norm-company><norm-company-wrap occur-sequence="1,2,3,4,6,7,9"><norm-company-name>NASDAQ OMX ARMENIA OPEN JSK</norm-company-name><company-ids><oa-id>5000143907</oa-id></company-ids><relevancy engine="1C">0.8</relevancy><confidence engine="1C">0.99</confidence></norm-company-wrap><norm-company oa-id="8589934167">NASDAQ OMX GROUP INC (THE)</norm-company><norm-company-wrap occur-sequence="5,8"><norm-company-name>NASDAQ OMX GROUP INC (THE)</norm-company-name><company-ids><oa-id>8589934167</oa-id><ric norm="NDAQ.OQ">NDAQ.OQ</ric></company-ids><company-classification><trbc-wrap><trbc type="RCS">B:1648</trbc><trbc type="2012">5510205010</trbc><trbc type="perm-id">4294951353</trbc></trbc-wrap></company-classification><relevancy engine="1C">0.2</relevancy><confidence engine="1C">0.99</confidence></norm-company-wrap><eos/><eop/></extr-company-block></extraction-terms></indexing></document></n-docbody>
</n-document>
<n-document guid="I1f5826f0797a11e59065d8e94d735119"><n-metadata><metadata.block><md.identifiers><md.cites><md.first.line.cite>10/23/15 NEWS 00:00:00</md.first.line.cite><md.second.line.cite>10/23/15 ARKA News Agency 00:00:00</md.second.line.cite></md.cites><md.uuid>I1f5826f0797a11e59065d8e94d735119</md.uuid></md.identifiers><md.infotype>news</md.infotype><md.sortkeys><md.ordersequence>f47363bec</md.ordersequence></md.sortkeys><md.descriptions><md.title>INSTAGRAM LAUNCHES NEW APP &apos;BOOMERANG</md.title><md.westlawdescrip><md.readlist>READLIST</md.readlist></md.westlawdescrip></md.descriptions><md.dates><md.publisheddatetime>20151023064446</md.publisheddatetime><md.loaddate>20151023</md.loaddate><md.createddatetime>20151023064446</md.createddatetime></md.dates><md.subjects><md.subject><md.pubtype.name/><md.doctype.name>DNR</md.doctype.name><md.doctype.rank/><md.view>CNGE</md.view><md.view>RGEurope</md.view><md.view>PTNewswires</md.view><md.view>ARKANEWS0063786</md.view><md.view>INALLNEWS_ACTEST</md.view><md.view>INFARNEWS_AC</md.view><md.view>MARKETSEIKON_CN</md.view><md.view>MARKETSEIKON</md.view><md.view>CB_ASIAWIRES</md.view><md.view>INWIRES_AC</md.view><md.view>GULF_INTL</md.view><md.view>ININTNEWS_AC</md.view><md.view>ANZ_INTLOS</md.view><md.view>CLEAR_RF</md.view><md.view>INALLNEWS_AC</md.view><md.view>INNEWSINT_PRO</md.view><md.view>INBUSNEWS</md.view><md.view>INNEWSWORLD_PRO</md.view><md.view>INBUSNEWS_AC</md.view></md.subject></md.subjects><md.jurisdictions><md.jurisdiction><md.jurisstate>FE</md.jurisstate></md.jurisdiction></md.jurisdictions><md.publications><md.publication/><md.sourcepubid>ARKANEWS</md.sourcepubid></md.publications><md.royalty><md.royalty.code>84104</md.royalty.code></md.royalty></metadata.block><news.metadata.block><md.text.preview>INFORMATION TECHNOLOGIESYEREVAN, October 23. /ARKA/. Instagram built a new video app for making short, action-packed video loops, Forbes reports.</md.text.preview></news.metadata.block><newsplus.recommendable>1</newsplus.recommendable><n-view>CNGE</n-view><n-view>RGEurope</n-view><n-view>PTNewswires</n-view><n-view>ARKANEWS0063786</n-view><n-view>INALLNEWS_ACTEST</n-view><n-view>INFARNEWS_AC</n-view><n-view>MARKETSEIKON_CN</n-view><n-view>MARKETSEIKON</n-view><n-view>CB_ASIAWIRES</n-view><n-view>INWIRES_AC</n-view><n-view>GULF_INTL</n-view><n-view>ININTNEWS_AC</n-view><n-view>ANZ_INTLOS</n-view><n-view>CLEAR_RF</n-view><n-view>INALLNEWS_AC</n-view><n-view>INNEWSINT_PRO</n-view><n-view>INBUSNEWS</n-view><n-view>INNEWSWORLD_PRO</n-view><n-view>INBUSNEWS_AC</n-view><prism-stylesheet guid="Ia3024d301b6a11d89fc5f34981d3242f"/><prism-clipdate>20151023064446</prism-clipdate></n-metadata>
<n-docbody><document version="1" collection="D-ARKANEWS-T001" first-load-date="20151023064446" ip-product="ARKANEWS" royalty-id="84104" data-model="text" dtd-version="5.2.29" content-type="news" load-language="en" pnac="nNRA0c93tb" pnac-date="20151023T113512.351"><supplier-info><supplier-num nitf="doc-id" nitf-regsrc="ARKA News Agency" type="accession">7831000360add298</supplier-num><internal-acc-num db-id="NEPRARKA" type="newz">20151023170.1_V7831000360add298</internal-acc-num><rec-status><last-load-date>20151023064446</last-load-date><nitf-date ne="datereceived">20151023T11:35:12Z</nitf-date><nitf-date nitf="date-issue">20151023T00:00:00Z</nitf-date><last-provider-update>20151023113512</last-provider-update></rec-status><supplier-copyright>Copyright Â© 2015 ARKA<copyright-year/><copyright-holder>ARKA</copyright-holder></supplier-copyright><supplier-note nitf="urgency" nitf-ed-urg="4"/><nitf-meta-content name="recommendable">1</nitf-meta-content><nitf-meta-content name="_newsmlg2-hashtype=nr-htype:doc-group-fuzzy">60839|45733|44432|22169|3701|4507|28747|98619|8076|26486|42384|42886|19486|103365|14915|61017|24087|43991|62949|37793|73286|111228|40161|26946|88612|112065|56139|82487|20185|87572|110793|2421|80525|64799|12568|84345|77556|72878|81831|51102|40093|69613|26238|84777|22030|28156|106705|68879|37796|93328|85455|1508|33320|41199|106295|102247|29392|63128|94751|32973|</nitf-meta-content><nitf-meta-content name="_newsmlg2-hashtype=nr-htype:doc-group-content-length">1228</nitf-meta-content><nitf-meta-content name="_newsmlg2-hashtype=nr-htype:doc-group-simple">-23a7b185ede2b0772338a5bc689db160f8ea5c5f</nitf-meta-content><supplier-dtds><dtd dtd-version="working" dtd-date="20151013T00:00:00Z">Canonical Taxonomy</dtd><dtd dtd-version="20151006" dtd-date="20151013T00:00:00Z">Mapping File</dtd></supplier-dtds><copyright-block type="dialog"><service-copyright n-include_guid="Ice671660f30811d88920000083149a14" n-include_collection="D-DIALOGCOPYRIGHTS-T001"/></copyright-block><copyright-block type="west"><service-copyright n-include_guid="I1DA35ED81DD211B281BAD200220BDFCA" n-include_collection="w_wlnv_msg"/></copyright-block><west-citation-block><bop/><first-line-cite><bos/>10/23/15 NEWS 00:00:00<eos/></first-line-cite><second-line-cite><bos/>10/23/15 ARKA News Agency 00:00:00<eos/></second-line-cite><eop/></west-citation-block></supplier-info><title-info iso-language="en"><bop/><title type="headline" nitf-hedline="hl1" key="key-title"><bos/><sort-title>INSTAGRAM LAUNCHES NEW APP &apos;BOOMERANG</sort-title><eos/></title><eop/></title-info><pub-info><journal key="key-journal"><bop/><bos/><sort-journal>ARKA News Agency</sort-journal><eos/><eop/></journal><pub-date key="key-date" iso-time="T00:00:00Z" type="date.publication"><full-pub-date>October 23, 2015</full-pub-date><sort-pub-date>20151023</sort-pub-date><sort-pub-timestamp>20151023000000</sort-pub-timestamp><rank-date>20151023</rank-date><currency-timestamp>20151023000000</currency-timestamp></pub-date><original-pub><language iso-language="en">English</language></original-pub><src-data><src-journal-code>ANPV</src-journal-code><src-pub-code>0063786</src-pub-code><src-pub-type>Newswire</src-pub-type><src-pub-country-wrap><src-pub-country-code>GE</src-pub-country-code><src-pub-country>Georgia CIS</src-pub-country></src-pub-country-wrap><src-pub-region>Europe</src-pub-region></src-data></pub-info><content iso-language="en"><total-char-count>1773</total-char-count><derived-word-count><bop/><bos/>Word Count: 274<eos/><eop/></derived-word-count><text type="lead-para"><p nitf="lede"><bop/><bos/><cite.query w-seq-number="00001" w-ref-type="WC" w-normalized-cite="I76DF065242BE11DDA1BC0014224D2780" ID="I905b77c0797b11e5a670eb9fcd8303dc">INFORMATION TECHNOLOGIES</cite.query><eos/><eop/></p><p nitf="lede"><bop/><bos/>YEREVAN, October 23. /ARKA/. <eos/><bos/>Instagram built a new video app for making short, action-packed video loops, <cite.query w-seq-number="00002" w-ref-type="MM" w-normalized-cite="canonical_name::FORBES" ID="I90633ff0797b11e5a670eb9fcd8303dc">Forbes</cite.query> reports.<eos/><eop/></p></text><text type="body"><p><bop/><bos/>The standalone app, called &quot;Boomerang,&quot; rolled out on iOS and Android devices on Thursday. <eos/><bos/>The bare-bones app combines photos into one-second videos that play forward and backward in a loop. <eos/><bos/>Videos can be shot in portrait or landscape and automatically save to users&apos; camera rolls. <eos/><bos/>Although Boomerang videos must be shot within the app, they can be shared on Instagram or elsewhere online. <eos/><bos/>Fast and simple to use, the app doesn&apos;t require users to have Instagram accounts.<eos/><eop/></p><p><bop/><bos/>Boomerang bears some resemblance to &quot;Vine,&quot; a six-second video app owned by <cite.query w-seq-number="00003" w-ref-type="NM" w-normalized-cite="canonical_name::TWITTER TWTR" ID="I906c1990797b11e5a670eb9fcd8303dc">Twitter TWTR</cite.query> +0.00%, and the new Apple AAPL +1.74% &quot;Live Photos&quot; feature on the iPhone 6S. <eos/><bos/>The new tool could help Instagram introduce more variety into its flagship app without complicating its interface.<eos/><eop/></p><p><bop/><bos/>Boomerang isn&apos;t Instagram&apos;s first standalone app. This year, the photo-and-video sharing service launched the app &quot;Layout&quot; for making photo collages. <eos/><bos/>Last August, Instagram created &quot;Hyperlapse&quot; for making time lapse videos using stabilization technology. <eos/><bos/>And last July, Instagram debuted a Snapchat-like photo sharing app called &quot;Bolt.&quot;<eos/><eop/></p><p><bop/><bos/><cite.query w-seq-number="00004" w-ref-type="CO" w-normalized-cite="IE9D0907041EC11DDAD6B0014224D2780" ID="I909cc680797b11e5a670eb9fcd8303dc">Facebook</cite.query> acquired Instagram for $1 billion in 2012. <eos/><bos/>The photo app now has 400 million monthly active users, and about 80 million photos are shared on the service every day. <eos/><bos/>Instagram, which has been ramping up its advertising offerings this year, is poised to deliver a powerful shot in the arm for <cite.query w-seq-number="00005" w-ref-type="CO" w-normalized-cite="IE9D0907041EC11DDAD6B0014224D2780" ID="I909cc681797b11e5a670eb9fcd8303dc">Facebook</cite.query>. <eos/><bos/>Research firm <cite.query w-seq-number="00006" w-ref-type="WC" w-normalized-cite="I044E6A5342B311DDA5520014224D2780" ID="I909cc682797b11e5a670eb9fcd8303dc">eMarketer</cite.query> recently estimated that <cite.query w-seq-number="00007" w-ref-type="WC" w-normalized-cite="IFD945DA0844E11E19D4BC40D358E22C7" ID="I909cc683797b11e5a670eb9fcd8303dc">Instagram</cite.query>&apos;s ad revenue will reach about $1.5 billion in 2016 and $2.8 billion in 2017. <eos/><bos/>This year, <cite.query w-seq-number="00008" w-ref-type="WC" w-normalized-cite="I044E6A5342B311DDA5520014224D2780" ID="I909cc684797b11e5a670eb9fcd8303dc">eMarketer</cite.query> forecasts <cite.query w-seq-number="00009" w-ref-type="WC" w-normalized-cite="IFD945DA0844E11E19D4BC40D358E22C7" ID="I909cc685797b11e5a670eb9fcd8303dc">Instagram</cite.query>&apos;s global ad revenue will be $600 million. <eos/>M.V.----0----<eop/></p></text></content><indexing iso-language="en" value-add="machine-generated"><classification-terms><pres-industry-block><bop/><bos/><pres-industry-wrap><pres-industry>Application Software</pres-industry><pres-industry-code>SOFAPS1</pres-industry-code><alt1-industry-code>1AP32</alt1-industry-code></pres-industry-wrap><pres-industry-wrap><pres-industry>Consumer Electronics</pres-industry><pres-industry-code>CEOVR</pres-industry-code><alt1-industry-code>1CO61</alt1-industry-code></pres-industry-wrap><pres-industry-wrap><pres-industry>Consumer Products &amp; Services</pres-industry><pres-industry-code>BUYBUY</pres-industry-code><alt1-industry-code>1CO62</alt1-industry-code></pres-industry-wrap><pres-industry-wrap><pres-industry>Electronics</pres-industry><pres-industry-code>ETRONICS</pres-industry-code><alt1-industry-code>1EL16</alt1-industry-code></pres-industry-wrap><pres-industry-wrap><pres-industry>Home, Personal &amp; Consumer Software</pres-industry><pres-industry-code>SOFONE</pres-industry-code><alt1-industry-code>1HO01</alt1-industry-code></pres-industry-wrap><pres-industry-wrap><pres-industry>I.T.</pres-industry><pres-industry-code>ITOVER</pres-industry-code><alt1-industry-code>1IT96</alt1-industry-code></pres-industry-wrap><pres-industry-wrap><pres-industry>Internet</pres-industry><pres-industry-code>INTERNET</pres-industry-code><alt1-industry-code>1IN27</alt1-industry-code></pres-industry-wrap><pres-industry-wrap><pres-industry>Internet Media</pres-industry><pres-industry-code>INTMEDIA</pres-industry-code><alt1-industry-code>1IN67</alt1-industry-code></pres-industry-wrap><pres-industry-wrap><pres-industry>Internet Software</pres-industry><pres-industry-code>WEBSOFT</pres-industry-code><alt1-industry-code>1IN50</alt1-industry-code></pres-industry-wrap><pres-industry-wrap><pres-industry>Mobile Application Software</pres-industry><pres-industry-code>MOBILEAP</pres-industry-code><alt1-industry-code>1MO12</alt1-industry-code></pres-industry-wrap><pres-industry-wrap><pres-industry>Mobile Phones &amp; Pagers</pres-industry><pres-industry-code>TWPHONE</pres-industry-code><alt1-industry-code>1WI07</alt1-industry-code></pres-industry-wrap><pres-industry-wrap><pres-industry>Online Social Media</pres-industry><pres-industry-code>SOCIALME</pres-industry-code><alt1-industry-code>1ON38</alt1-industry-code></pres-industry-wrap><pres-industry-wrap><pres-industry>Software</pres-industry><pres-industry-code>SOFOVER1</pres-industry-code><alt1-industry-code>1SO30</alt1-industry-code></pres-industry-wrap><pres-industry-wrap><pres-industry>Software Products</pres-industry><pres-industry-code>SOFTPROD</pres-industry-code><alt1-industry-code>1SO56</alt1-industry-code></pres-industry-wrap><pres-industry-wrap><pres-industry>Telecom Consumer Equipment</pres-industry><pres-industry-code>TCCONEQ</pres-industry-code><alt1-industry-code>1TE03</alt1-industry-code></pres-industry-wrap><eos/><eop/></pres-industry-block></classification-terms><classification-terms><rcs-block><rcs>B:69</rcs><rcs>B:78</rcs><rcs>M:S</rcs><rcs>B:75</rcs><rcs>M:NL</rcs><rcs>B:161</rcs><rcs>B:172</rcs><rcs>B:174</rcs><rcs>M:QR</rcs><rcs>B:92</rcs></rcs-block></classification-terms><extraction-terms><extr-company-block><bop/><bos/><norm-company oa-id="4295905573">APPLE INC</norm-company><norm-company-wrap occur-sequence="2"><norm-company-name>APPLE INC</norm-company-name><company-ids><oa-id>4295905573</oa-id><ric norm="AAPL.OQ">AAPL.OQ</ric></company-ids><company-classification><trbc-wrap><trbc type="RCS">B:1758</trbc><trbc type="2012">5710601010</trbc><trbc type="perm-id">4294951243</trbc></trbc-wrap></company-classification><relevancy engine="1C">0.5</relevancy><confidence engine="1C">0.99</confidence></norm-company-wrap><norm-company oa-id="4296968344">EMARKETER INC</norm-company><norm-company-wrap occur-sequence="5,6"><norm-company-name>EMARKETER INC</norm-company-name><company-ids><oa-id>4296968344</oa-id></company-ids><relevancy engine="1C">0.2</relevancy><confidence engine="1C">0.96</confidence></norm-company-wrap><norm-company oa-id="4297297477">FACEBOOK INC</norm-company><norm-company-wrap occur-sequence="3,4"><norm-company-name>FACEBOOK INC</norm-company-name><company-ids><oa-id>4297297477</oa-id><ric norm="FB.OQ">FB.OQ</ric></company-ids><company-classification><trbc-wrap><trbc type="RCS">B:1806</trbc><trbc type="2012">5720103012</trbc><trbc type="perm-id">4294951195</trbc></trbc-wrap></company-classification><relevancy engine="1C">0.2</relevancy><confidence engine="1C">1</confidence></norm-company-wrap><norm-company oa-id="4296301199">TWITTER INC</norm-company><norm-company-wrap occur-sequence="1"><norm-company-name>TWITTER INC</norm-company-name><company-ids><oa-id>4296301199</oa-id><ric norm="TWTR.N">TWTR.N</ric></company-ids><company-classification><trbc-wrap><trbc type="RCS">B:1806</trbc><trbc type="2012">5720103012</trbc><trbc type="perm-id">4294951195</trbc></trbc-wrap></company-classification><relevancy engine="1C">0.2</relevancy><confidence engine="1C">0.83</confidence></norm-company-wrap><eos/><eop/></extr-company-block></extraction-terms></indexing></document></n-docbody>
</n-document>
<n-document guid="Ia0f4fde078cc11e5baeccbf5b5b0ede8"><n-metadata><metadata.block><md.identifiers><md.cites><md.first.line.cite>10/22/15 NEWS 00:00:00</md.first.line.cite><md.second.line.cite>10/22/15 ARKA News Agency 00:00:00</md.second.line.cite></md.cites><md.uuid>Ia0f4fde078cc11e5baeccbf5b5b0ede8</md.uuid></md.identifiers><md.infotype>news</md.infotype><md.sortkeys><md.ordersequence>f47363bec</md.ordersequence></md.sortkeys><md.descriptions><md.title>ARMENTEL UNVEILS THREE NEW ELECTRONIC SERVICES FOR CUSTOMERS</md.title><md.westlawdescrip><md.readlist>READLIST</md.readlist></md.westlawdescrip></md.descriptions><md.dates><md.publisheddatetime>20151022100516</md.publisheddatetime><md.loaddate>20151022</md.loaddate><md.createddatetime>20151022100516</md.createddatetime></md.dates><md.subjects><md.subject><md.pubtype.name/><md.doctype.name>DNR</md.doctype.name><md.doctype.rank/><md.view>CNGE</md.view><md.view>RGEurope</md.view><md.view>PTNewswires</md.view><md.view>ARKANEWS0063786</md.view><md.view>INALLNEWS_ACTEST</md.view><md.view>INFARNEWS_AC</md.view><md.view>MARKETSEIKON_CN</md.view><md.view>MARKETSEIKON</md.view><md.view>CB_ASIAWIRES</md.view><md.view>INWIRES_AC</md.view><md.view>GULF_INTL</md.view><md.view>ININTNEWS_AC</md.view><md.view>ANZ_INTLOS</md.view><md.view>CLEAR_RF</md.view><md.view>INALLNEWS_AC</md.view><md.view>INNEWSINT_PRO</md.view><md.view>INBUSNEWS</md.view><md.view>INNEWSWORLD_PRO</md.view><md.view>INBUSNEWS_AC</md.view></md.subject></md.subjects><md.jurisdictions><md.jurisdiction><md.jurisstate>FE</md.jurisstate></md.jurisdiction></md.jurisdictions><md.publications><md.publication/><md.sourcepubid>ARKANEWS</md.sourcepubid></md.publications><md.royalty><md.royalty.code>84104</md.royalty.code></md.royalty></metadata.block><news.metadata.block><md.text.preview>INFORMATION TECHNOLOGIESYEREVAN, October 22. / ARKA /. ArmenTel telecom (trading as Beeline) has unveiled today three new electronic customer services -one is in the Facebook, the second is available through customer_care@beeline.am and the third</md.text.preview></news.metadata.block><newsplus.recommendable>1</newsplus.recommendable><n-view>CNGE</n-view><n-view>RGEurope</n-view><n-view>PTNewswires</n-view><n-view>ARKANEWS0063786</n-view><n-view>INALLNEWS_ACTEST</n-view><n-view>INFARNEWS_AC</n-view><n-view>MARKETSEIKON_CN</n-view><n-view>MARKETSEIKON</n-view><n-view>CB_ASIAWIRES</n-view><n-view>INWIRES_AC</n-view><n-view>GULF_INTL</n-view><n-view>ININTNEWS_AC</n-view><n-view>ANZ_INTLOS</n-view><n-view>CLEAR_RF</n-view><n-view>INALLNEWS_AC</n-view><n-view>INNEWSINT_PRO</n-view><n-view>INBUSNEWS</n-view><n-view>INNEWSWORLD_PRO</n-view><n-view>INBUSNEWS_AC</n-view><prism-stylesheet guid="Ia3024d301b6a11d89fc5f34981d3242f"/><prism-clipdate>20151022100516</prism-clipdate></n-metadata>
<n-docbody><document version="1" collection="D-ARKANEWS-T001" first-load-date="20151022100516" ip-product="ARKANEWS" royalty-id="84104" data-model="text" dtd-version="5.2.29" content-type="news" load-language="en" pnac="nNRA0c3zjq" pnac-date="20151022T145317.374"><supplier-info><supplier-num nitf="doc-id" nitf-regsrc="ARKA News Agency" type="accession">4f4e00031e419ab1</supplier-num><internal-acc-num db-id="NEPRARKA" type="newz">20151022170.1_V4f4e00031e419ab1</internal-acc-num><rec-status><last-load-date>20151022100516</last-load-date><nitf-date ne="datereceived">20151022T14:53:17Z</nitf-date><nitf-date nitf="date-issue">20151022T00:00:00Z</nitf-date><last-provider-update>20151022145317</last-provider-update></rec-status><supplier-copyright>Copyright Â© 2015 ARKA<copyright-year/><copyright-holder>ARKA</copyright-holder></supplier-copyright><supplier-note nitf="urgency" nitf-ed-urg="4"/><nitf-meta-content name="recommendable">1</nitf-meta-content><nitf-meta-content name="_newsmlg2-hashtype=nr-htype:doc-group-fuzzy">98619|67696|4560|107000|26559|94518|102902|18652|14116|28156|108833|25043|38543|9412|107627|107771|40127|36080|86354|95048|96310|25022|85987|86119|78212|35407|35577|98221|23416|88943|103198|67884|35013|73182|107324|67112|36683|105654|45747|104170|54718|82002|103566|103975|85124|56020|56606|111920|8269|35269|32489|25590|15675|13851|11769|24658|103696|92045|15720|79217|</nitf-meta-content><nitf-meta-content name="_newsmlg2-hashtype=nr-htype:doc-group-content-length">856</nitf-meta-content><nitf-meta-content name="_newsmlg2-hashtype=nr-htype:doc-group-simple">6a4bf5e60507d530922c263c4fcb105dfcb52843</nitf-meta-content><supplier-dtds><dtd dtd-version="working" dtd-date="20151013T00:00:00Z">Canonical Taxonomy</dtd><dtd dtd-version="20151006" dtd-date="20151013T00:00:00Z">Mapping File</dtd></supplier-dtds><copyright-block type="dialog"><service-copyright n-include_guid="Ice671660f30811d88920000083149a14" n-include_collection="D-DIALOGCOPYRIGHTS-T001"/></copyright-block><copyright-block type="west"><service-copyright n-include_guid="I1DA35ED81DD211B281BAD200220BDFCA" n-include_collection="w_wlnv_msg"/></copyright-block><west-citation-block><bop/><first-line-cite><bos/>10/22/15 NEWS 00:00:00<eos/></first-line-cite><second-line-cite><bos/>10/22/15 ARKA News Agency 00:00:00<eos/></second-line-cite><eop/></west-citation-block></supplier-info><title-info iso-language="en"><bop/><title type="headline" nitf-hedline="hl1" key="key-title"><bos/><sort-title>ARMENTEL UNVEILS THREE NEW ELECTRONIC SERVICES FOR CUSTOMERS</sort-title><eos/></title><eop/></title-info><pub-info><journal key="key-journal"><bop/><bos/><sort-journal>ARKA News Agency</sort-journal><eos/><eop/></journal><pub-date key="key-date" iso-time="T00:00:00Z" type="date.publication"><full-pub-date>October 22, 2015</full-pub-date><sort-pub-date>20151022</sort-pub-date><sort-pub-timestamp>20151022000000</sort-pub-timestamp><rank-date>20151022</rank-date><currency-timestamp>20151022000000</currency-timestamp></pub-date><original-pub><language iso-language="en">English</language></original-pub><src-data><src-journal-code>ANPV</src-journal-code><src-pub-code>0063786</src-pub-code><src-pub-type>Newswire</src-pub-type><src-pub-country-wrap><src-pub-country-code>GE</src-pub-country-code><src-pub-country>Georgia CIS</src-pub-country></src-pub-country-wrap><src-pub-region>Europe</src-pub-region></src-data></pub-info><content iso-language="en"><total-char-count>1653</total-char-count><derived-word-count><bop/><bos/>Word Count: 263<eos/><eop/></derived-word-count><text type="lead-para"><p nitf="lede"><bop/><bos/><cite.query w-seq-number="00001" w-ref-type="WC" w-normalized-cite="I76DF065242BE11DDA1BC0014224D2780" ID="I9218e7d078ce11e58719a7b409581f69">INFORMATION TECHNOLOGIES</cite.query><eos/><eop/></p><p nitf="lede"><bop/><bos/>YEREVAN, October 22. / ARKA /. ArmenTel telecom (trading as Beeline) has unveiled today three new electronic customer services -one is in the <cite.query w-seq-number="00002" w-ref-type="CO" w-normalized-cite="IE9D0907041EC11DDAD6B0014224D2780" ID="I9228512078ce11e58719a7b409581f69">Facebook</cite.query>, the second is available through customer_care@beeline.am and the third is the &quot;on-line consultant&quot; available on the company&apos;s official website. <eos/><bos/>Beeline customers can use the chat section on its official page in <cite.query w-seq-number="00003" w-ref-type="CO" w-normalized-cite="IE9D0907041EC11DDAD6B0014224D2780" ID="I9228512178ce11e58719a7b409581f69">Facebook</cite.query> to get the same services, which are provided by the company&apos;s call-centre. <eos/><bos/>Subscribers only need to ask questions concerning Beeline&apos;s fixed and mobile telephony as well as Interne services.<eos/><eop/></p></text><text type="body"><p><bop/><bos/>The customers can also use customer_care@beeline.am e-mail address to seek help. <eos/><bos/>In the first stage of this new project customer services in <cite.query w-seq-number="00004" w-ref-type="CO" w-normalized-cite="IE9D0907041EC11DDAD6B0014224D2780" ID="I92308e8078ce11e58719a7b409581f69">Facebook</cite.query> and via e-mail will be available daily from 09:00 to 24:00. <eos/><bos/>The response time in the chat room or via e-mail on the average does not exceed 28 minutes, ArmenTel said in a press release. <eos/><bos/>The &apos;online consultant&apos; service is available on the official website of the company at www.beeline.am.<eos/><eop/></p><p><bop/><bos/>Anna Avetisyan, head of Beeline&apos;s customer service unit, is quoted as saying in the press release that the company has extensive experience in customer service. <eos/><bos/>She also hopes that the new services will become popular, especially with young people. <eos/><bos/>Electronic customer services are performed in the language in which the request is received. <eos/><bos/>If the response requires additional time, the customer is sent an additional letter or message about the amount of time needed to find a solution to their problem.<eos/><eop/></p><p><bop/><bos/>ArmenTel is 100% subsidiary of VimpelCo. <eos/><bos/>It provides fixed and mobile telephony, as well as high-speed Internet and IPTV.-0-<eos/><eop/></p></text></content><indexing iso-language="en" value-add="machine-generated"><classification-terms><pres-subject-block><bop/><bos/><pres-subject-wrap><pres-subject>Business Management</pres-subject><pres-subject-code>BIZMGMT</pres-subject-code><alt1-subject-code>1BU42</alt1-subject-code></pres-subject-wrap><pres-subject-wrap><pres-subject>Customer Service Effectiveness</pres-subject><pres-subject-code>CUSTSERV</pres-subject-code><alt1-subject-code>1CU08</alt1-subject-code></pres-subject-wrap><pres-subject-wrap><pres-subject>Customer Service Management</pres-subject><pres-subject-code>CSERVMAN</pres-subject-code><alt1-subject-code>1CU78</alt1-subject-code></pres-subject-wrap><pres-subject-wrap><pres-subject>Sales &amp; Marketing</pres-subject><pres-subject-code>MKTFRONT</pres-subject-code><alt1-subject-code>1MA51</alt1-subject-code></pres-subject-wrap><eos/><eop/></pres-subject-block><pres-industry-block><bop/><bos/><pres-industry-wrap><pres-industry>I.T.</pres-industry><pres-industry-code>ITOVER</pres-industry-code><alt1-industry-code>1IT96</alt1-industry-code></pres-industry-wrap><pres-industry-wrap><pres-industry>Internet</pres-industry><pres-industry-code>INTERNET</pres-industry-code><alt1-industry-code>1IN27</alt1-industry-code></pres-industry-wrap><pres-industry-wrap><pres-industry>Internet Media</pres-industry><pres-industry-code>INTMEDIA</pres-industry-code><alt1-industry-code>1IN67</alt1-industry-code></pres-industry-wrap><pres-industry-wrap><pres-industry>Networking</pres-industry><pres-industry-code>DCTOP10</pres-industry-code><alt1-industry-code>1NE45</alt1-industry-code></pres-industry-wrap><pres-industry-wrap><pres-industry>Next Generation Wireless Technology</pres-industry><pres-industry-code>DCWLSACC</pres-industry-code><alt1-industry-code>1NE48</alt1-industry-code></pres-industry-wrap><pres-industry-wrap><pres-industry>Online Social Media</pres-industry><pres-industry-code>SOCIALME</pres-industry-code><alt1-industry-code>1ON38</alt1-industry-code></pres-industry-wrap><pres-industry-wrap><pres-industry>Telecom</pres-industry><pres-industry-code>TITOP</pres-industry-code><alt1-industry-code>1TE27</alt1-industry-code></pres-industry-wrap><pres-industry-wrap><pres-industry>Telecom Service Pricing</pres-industry><pres-industry-code>TELPRICE</pres-industry-code><alt1-industry-code>1TE06</alt1-industry-code></pres-industry-wrap><pres-industry-wrap><pres-industry>Telecom Services</pres-industry><pres-industry-code>TELSVCFR</pres-industry-code><alt1-industry-code>1TE09</alt1-industry-code></pres-industry-wrap><pres-industry-wrap><pres-industry>Wireless Networking</pres-industry><pres-industry-code>DCWRLSS</pres-industry-code><alt1-industry-code>1WI62</alt1-industry-code></pres-industry-wrap><eos/><eop/></pres-industry-block></classification-terms><classification-terms><rcs-block><rcs>B:177</rcs><rcs>M:S</rcs><rcs>M:NL</rcs><rcs>B:161</rcs><rcs>B:93</rcs><rcs>M:QR</rcs><rcs>B:92</rcs></rcs-block></classification-terms><extraction-terms><extr-company-block><bop/><bos/><norm-company oa-id="4297938841">BEELINE TECHNOLOGIES PTY LTD</norm-company><norm-company-wrap occur-sequence="1,3,5"><norm-company-name>BEELINE TECHNOLOGIES PTY LTD</norm-company-name><company-ids><oa-id>4297938841</oa-id></company-ids><company-classification><trbc-wrap><trbc type="RCS">B:174</trbc><trbc type="2012">57201020</trbc><trbc type="perm-id">4294952827</trbc></trbc-wrap></company-classification><relevancy engine="1C">0.5</relevancy><confidence engine="1C">0.99</confidence></norm-company-wrap><norm-company oa-id="4297297477">FACEBOOK INC</norm-company><norm-company-wrap occur-sequence="2,4,6"><norm-company-name>FACEBOOK INC</norm-company-name><company-ids><oa-id>4297297477</oa-id><ric norm="FB.OQ">FB.OQ</ric></company-ids><company-classification><trbc-wrap><trbc type="RCS">B:1806</trbc><trbc type="2012">5720103012</trbc><trbc type="perm-id">4294951195</trbc></trbc-wrap></company-classification><relevancy engine="1C">0.2</relevancy><confidence engine="1C">0.92</confidence></norm-company-wrap><eos/><eop/></extr-company-block></extraction-terms><extraction-terms><extr-person-block><bop/><bos/><extr-person>Anna Avetisyan</extr-person><extr-person-wrap><extr-person-name>Anna Avetisyan</extr-person-name><relevancy engine="1C">0.2</relevancy></extr-person-wrap><eos/><eop/></extr-person-block></extraction-terms></indexing></document></n-docbody>
</n-document>
<n-document guid="I7ee0e08076f511e59ccb8088074976dd"><n-metadata><metadata.block><md.identifiers><md.cites><md.first.line.cite>10/20/15 NEWS 00:00:00</md.first.line.cite><md.second.line.cite>10/20/15 ARKA News Agency 00:00:00</md.second.line.cite></md.cites><md.uuid>I7ee0e08076f511e59ccb8088074976dd</md.uuid></md.identifiers><md.infotype>news</md.infotype><md.sortkeys><md.ordersequence>f47363bec</md.ordersequence></md.sortkeys><md.descriptions><md.title>ARMENIAN-INDIAN CENTER FOR EXCELLENCE IN ICT JOINS PEARSON VUE</md.title><md.westlawdescrip><md.readlist>READLIST</md.readlist></md.westlawdescrip></md.descriptions><md.dates><md.publisheddatetime>20151020014409</md.publisheddatetime><md.loaddate>20151020</md.loaddate><md.createddatetime>20151020014409</md.createddatetime></md.dates><md.subjects><md.subject><md.pubtype.name/><md.doctype.name>DNR</md.doctype.name><md.doctype.rank/><md.view>CNGE</md.view><md.view>RGEurope</md.view><md.view>PTNewswires</md.view><md.view>ARKANEWS0063786</md.view><md.view>INALLNEWS_ACTEST</md.view><md.view>INFARNEWS_AC</md.view><md.view>MARKETSEIKON_CN</md.view><md.view>MARKETSEIKON</md.view><md.view>CB_ASIAWIRES</md.view><md.view>INWIRES_AC</md.view><md.view>GULF_INTL</md.view><md.view>ININTNEWS_AC</md.view><md.view>ANZ_INTLOS</md.view><md.view>CLEAR_RF</md.view><md.view>INALLNEWS_AC</md.view><md.view>INNEWSINT_PRO</md.view><md.view>INBUSNEWS</md.view><md.view>INNEWSWORLD_PRO</md.view><md.view>INBUSNEWS_AC</md.view></md.subject></md.subjects><md.jurisdictions><md.jurisdiction><md.jurisstate>FE</md.jurisstate></md.jurisdiction></md.jurisdictions><md.publications><md.publication/><md.sourcepubid>ARKANEWS</md.sourcepubid></md.publications><md.royalty><md.royalty.code>84104</md.royalty.code></md.royalty></metadata.block><news.metadata.block><md.text.preview>INFORMATION TECHNOLOGIESYEREVAN, October 20. / ARKA /. The Yerevan-based Armenian-Indian Center for Excellence in ICT has joined the international certification network Pearson VUE, offering innovative computer-based testing solutions through</md.text.preview></news.metadata.block><newsplus.recommendable/><n-view>CNGE</n-view><n-view>RGEurope</n-view><n-view>PTNewswires</n-view><n-view>ARKANEWS0063786</n-view><n-view>INALLNEWS_ACTEST</n-view><n-view>INFARNEWS_AC</n-view><n-view>MARKETSEIKON_CN</n-view><n-view>MARKETSEIKON</n-view><n-view>CB_ASIAWIRES</n-view><n-view>INWIRES_AC</n-view><n-view>GULF_INTL</n-view><n-view>ININTNEWS_AC</n-view><n-view>ANZ_INTLOS</n-view><n-view>CLEAR_RF</n-view><n-view>INALLNEWS_AC</n-view><n-view>INNEWSINT_PRO</n-view><n-view>INBUSNEWS</n-view><n-view>INNEWSWORLD_PRO</n-view><n-view>INBUSNEWS_AC</n-view><prism-stylesheet guid="Ia3024d301b6a11d89fc5f34981d3242f"/><prism-clipdate>20151020014409</prism-clipdate></n-metadata>
<n-docbody><document version="1" collection="D-ARKANEWS-T001" first-load-date="20151020014409" ip-product="ARKANEWS" royalty-id="84104" data-model="text" dtd-version="5.2.29" content-type="news" load-language="en" pnac="nNRA0brcz1" pnac-date="20151020T064047.240"><supplier-info><supplier-num nitf="doc-id" nitf-regsrc="ARKA News Agency" type="accession">131c0001d9e6af48</supplier-num><internal-acc-num db-id="NEPRARKA" type="newz">20151020170.1_V131c0001d9e6af48</internal-acc-num><rec-status><last-load-date>20151020014409</last-load-date><nitf-date ne="datereceived">20151020T06:40:47Z</nitf-date><nitf-date nitf="date-issue">20151020T00:00:00Z</nitf-date><last-provider-update>20151020064047</last-provider-update></rec-status><supplier-copyright>Copyright Â© 2015 ARKA<copyright-year/><copyright-holder>ARKA</copyright-holder></supplier-copyright><supplier-note nitf="urgency" nitf-ed-urg="4"/><nitf-meta-content name="recommendable">0</nitf-meta-content><nitf-meta-content name="_newsmlg2-hashtype=nr-htype:doc-group-fuzzy">55965|52177|45408|25705|98619|30195|86826|651|8073|57684|78334|44072|111099|31935|37592|70540|45269|99195|32280|68308|65246|55478|57585|61074|23588|94727|67550|45035|73301|26613|77272|4645|101843|54041|22489|81372|25045|106401|78974|96714|22017|4860|1747|108615|68225|72693|67884|104678|67030|61019|19377|83110|79788|83389|29454|46251|102409|103566|18192|19928|</nitf-meta-content><nitf-meta-content name="_newsmlg2-hashtype=nr-htype:doc-group-content-length">908</nitf-meta-content><nitf-meta-content name="_newsmlg2-hashtype=nr-htype:doc-group-simple">1556dfd6e110199d3f5047b4f3204c8d773de109</nitf-meta-content><supplier-dtds><dtd dtd-version="working" dtd-date="20151013T00:00:00Z">Canonical Taxonomy</dtd><dtd dtd-version="20151006" dtd-date="20151013T00:00:00Z">Mapping File</dtd></supplier-dtds><copyright-block type="dialog"><service-copyright n-include_guid="Ice671660f30811d88920000083149a14" n-include_collection="D-DIALOGCOPYRIGHTS-T001"/></copyright-block><copyright-block type="west"><service-copyright n-include_guid="I1DA35ED81DD211B281BAD200220BDFCA" n-include_collection="w_wlnv_msg"/></copyright-block><west-citation-block><bop/><first-line-cite><bos/>10/20/15 NEWS 00:00:00<eos/></first-line-cite><second-line-cite><bos/>10/20/15 ARKA News Agency 00:00:00<eos/></second-line-cite><eop/></west-citation-block></supplier-info><title-info iso-language="en"><bop/><title type="headline" nitf-hedline="hl1" key="key-title"><bos/><sort-title>ARMENIAN-INDIAN CENTER FOR EXCELLENCE IN ICT JOINS PEARSON VUE</sort-title><eos/></title><eop/></title-info><pub-info><journal key="key-journal"><bop/><bos/><sort-journal>ARKA News Agency</sort-journal><eos/><eop/></journal><pub-date key="key-date" iso-time="T00:00:00Z" type="date.publication"><full-pub-date>October 20, 2015</full-pub-date><sort-pub-date>20151020</sort-pub-date><sort-pub-timestamp>20151020000000</sort-pub-timestamp><rank-date>20151020</rank-date><currency-timestamp>20151020000000</currency-timestamp></pub-date><original-pub><language iso-language="en">English</language></original-pub><src-data><src-journal-code>ANPV</src-journal-code><src-pub-code>0063786</src-pub-code><src-pub-type>Newswire</src-pub-type><src-pub-country-wrap><src-pub-country-code>GE</src-pub-country-code><src-pub-country>Georgia CIS</src-pub-country></src-pub-country-wrap><src-pub-region>Europe</src-pub-region></src-data></pub-info><content iso-language="en"><total-char-count>1247</total-char-count><derived-word-count><bop/><bos/>Word Count: 170<eos/><eop/></derived-word-count><text type="lead-para"><p nitf="lede"><bop/><bos/><cite.query w-seq-number="00001" w-ref-type="WC" w-normalized-cite="I76DF065242BE11DDA1BC0014224D2780" ID="I274788a076f611e58719a7b409581f69">INFORMATION TECHNOLOGIES</cite.query><eos/><eop/></p><p nitf="lede"><bop/><bos/>YEREVAN, October 20. / ARKA /. The Yerevan-based <cite.query w-seq-number="00002" w-ref-type="NM" w-normalized-cite="canonical_name::ARMENIAN INDIAN CENTER FOR EXCELLENCE" ID="I279d49c076f611e58719a7b409581f69">Armenian-Indian Center for Excellence</cite.query> in ICT has joined the international certification network <cite.query w-seq-number="00003" w-ref-type="CO" w-normalized-cite="I2F6A02E0A15E11E180AF869F7B820B8B" ID="I279d49c176f611e58719a7b409581f69">Pearson VUE</cite.query>, offering innovative computer-based testing solutions through secure, electronic test delivery, the <cite.query w-seq-number="00004" w-ref-type="NM" w-normalized-cite="canonical_name::ENTERPRISE INCUBATOR FOUNDATION" ID="I279d49c276f611e58719a7b409581f69">Enterprise Incubator Foundation</cite.query> (EIF) said today. <eos/><bos/><cite.query w-seq-number="00005" w-ref-type="CO" w-normalized-cite="I2F6A02E0A15E11E180AF869F7B820B8B" ID="I279d49c376f611e58719a7b409581f69">Pearson VUE</cite.query> is the leader in computer-based-testing enabling IT professionals and developers of advanced software to pass qualifying exams. <eos/><bos/>According to EIF , <cite.query w-seq-number="00006" w-ref-type="CO" w-normalized-cite="I2F6A02E0A15E11E180AF869F7B820B8B" ID="I279d49c476f611e58719a7b409581f69">Pearson VUE</cite.query> provides licensing, certification, regulation and management testing services worldwide to millions of customers. <eos/><bos/>The company runs 5,000 offices in 180 countries. <eos/><bos/>Rapid development of information technology is Armenia brings about an increasing demand for skilled IT workers. <eos/><bos/>Now Armenian professionals can get certificates of more than 450 leading international companies (<cite.query w-seq-number="00007" w-ref-type="CO" w-normalized-cite="I7B889470542011E0B507DE267DF909C1" ID="I279d49c576f611e58719a7b409581f69">Cisco</cite.query>, <cite.query w-seq-number="00008" w-ref-type="CO" w-normalized-cite="I6C5161D2453C11DD902D0014224D2780" ID="I279d49c676f611e58719a7b409581f69">CompTIA</cite.query>, <cite.query w-seq-number="00009" w-ref-type="MM" w-normalized-cite="canonical_name::EMC" ID="I279d49c776f611e58719a7b409581f69">EMC</cite.query>, <cite.query w-seq-number="00010" w-ref-type="MM" w-normalized-cite="canonical_name::HP" ID="I279d49c876f611e58719a7b409581f69">HP</cite.query>, <cite.query w-seq-number="00011" w-ref-type="CO" w-normalized-cite="I9A856890227111E39CC3A4B05B45AE8C" ID="I279d49c976f611e58719a7b409581f69">LPI</cite.query>, <cite.query w-seq-number="00012" w-ref-type="MM" w-normalized-cite="canonical_name::ORACLE" ID="I279d49ca76f611e58719a7b409581f69">Oracle</cite.query>, <cite.query w-seq-number="00013" w-ref-type="MM" w-normalized-cite="canonical_name::VMWARE" ID="I279d49cb76f611e58719a7b409581f69">VMware</cite.query>, etc.).<eos/><bos/> The Armenian-<cite.query w-seq-number="00014" w-ref-type="NM" w-normalized-cite="canonical_name::INDIAN CENTER OF EXCELLENCE" ID="I279d49cc76f611e58719a7b409581f69">Indian Center of Excellence</cite.query> in <cite.query w-seq-number="00015" w-ref-type="MM" w-normalized-cite="canonical_name::ICT" ID="I279d49cd76f611e58719a7b409581f69">ICT</cite.query> operates under the joint program of the two governments, implemented by the Enterprises Incubator Foundation and C-DAC Center. <eos/><bos/>Housed at the <cite.query w-seq-number="00016" w-ref-type="NM" w-normalized-cite="canonical_name::YEREVAN STATE UNIVERSITY THE CENTER" ID="I279d49ce76f611e58719a7b409581f69">Yerevan State University the Center</cite.query> organizes courses on narrow IT specialties and deals also with research and development. -0--<eos/><eop/></p></text></content><indexing iso-language="en" value-add="machine-generated"><classification-terms><pres-location-block><bop/><bos/><pres-location-wrap><pres-location>Armenia</pres-location><pres-location-code>ISOAM</pres-location-code><alt1-location-code>1AR09</alt1-location-code></pres-location-wrap><pres-location-wrap><pres-location>Asia</pres-location><pres-location-code>GEOASIA</pres-location-code><alt1-location-code>1AS61</alt1-location-code></pres-location-wrap><pres-location-wrap><pres-location>CIS Countries</pres-location><pres-location-code>CISSTAT</pres-location-code><alt1-location-code>1CI64</alt1-location-code></pres-location-wrap><pres-location-wrap><pres-location>Eastern Europe</pres-location><pres-location-code>GEOEEUR</pres-location-code><alt1-location-code>1EA48</alt1-location-code></pres-location-wrap><pres-location-wrap><pres-location>Europe</pres-location><pres-location-code>GEOEUR</pres-location-code><alt1-location-code>1EU83</alt1-location-code></pres-location-wrap><pres-location-wrap><pres-location>Indian Subcontinent</pres-location><pres-location-code>GEOINSUB</pres-location-code><alt1-location-code>1IN32</alt1-location-code></pres-location-wrap><pres-location-wrap><pres-location>Southern Asia</pres-location><pres-location-code>GEOSASIA</pres-location-code><alt1-location-code>1SO52</alt1-location-code></pres-location-wrap><eos/><eop/></pres-location-block></classification-terms><classification-terms><pres-subject-block><bop/><bos/><pres-subject-wrap><pres-subject>Business Management</pres-subject><pres-subject-code>BIZMGMT</pres-subject-code><alt1-subject-code>1BU42</alt1-subject-code></pres-subject-wrap><pres-subject-wrap><pres-subject>Foundations</pres-subject><pres-subject-code>FDATIONS</pres-subject-code><alt1-subject-code>1FO95</alt1-subject-code></pres-subject-wrap><pres-subject-wrap><pres-subject>Philanthropy</pres-subject><pres-subject-code>DONATE</pres-subject-code><alt1-subject-code>1PH09</alt1-subject-code></pres-subject-wrap><pres-subject-wrap><pres-subject>Social Issues</pres-subject><pres-subject-code>PTSOCISS</pres-subject-code><alt1-subject-code>1SO05</alt1-subject-code></pres-subject-wrap><eos/><eop/></pres-subject-block><pres-industry-block><bop/><bos/><pres-industry-wrap><pres-industry>Business Theory</pres-industry><pres-industry-code>PTBIZTHR</pres-industry-code><alt1-industry-code>1BU14</alt1-industry-code></pres-industry-wrap><pres-industry-wrap><pres-industry>TQM &amp; Quality Assurance</pres-industry><pres-industry-code>QMREPORT</pres-industry-code><alt1-industry-code>1TQ46</alt1-industry-code></pres-industry-wrap><pres-industry-wrap><pres-industry>Theoretical Analysis</pres-industry><pres-industry-code>PTHEORY</pres-industry-code><alt1-industry-code>1TH79</alt1-industry-code></pres-industry-wrap><eos/><eop/></pres-industry-block></classification-terms><classification-terms><rcs-block><rcs>G:B2</rcs><rcs>G:7I</rcs><rcs>G:Y</rcs><rcs>G:K</rcs><rcs>M:I4</rcs><rcs>G:AJ</rcs><rcs>G:B</rcs><rcs>G:A</rcs></rcs-block></classification-terms><extraction-terms><extr-company-block><bop/><bos/><norm-company oa-id="4295905952">CISCO SYSTEMS INC</norm-company><norm-company-wrap occur-sequence="1"><norm-company-name>CISCO SYSTEMS INC</norm-company-name><company-ids><oa-id>4295905952</oa-id><ric norm="CSCO.OQ">CSCO.OQ</ric></company-ids><company-classification><trbc-wrap><trbc type="RCS">B:1750</trbc><trbc type="2012">5710201010</trbc><trbc type="perm-id">4294951251</trbc></trbc-wrap></company-classification><relevancy engine="1C">0.2</relevancy><confidence engine="1C">0.99</confidence></norm-company-wrap><norm-company oa-id="4295903890">EMC CORP</norm-company><norm-company-wrap occur-sequence="2"><norm-company-name>EMC CORP</norm-company-name><company-ids><oa-id>4295903890</oa-id><ric norm="EMC.N">EMC.N</ric></company-ids><company-classification><trbc-wrap><trbc type="RCS">B:1758</trbc><trbc type="2012">5710601010</trbc><trbc type="perm-id">4294951243</trbc></trbc-wrap></company-classification><relevancy engine="1C">0.2</relevancy><confidence engine="1C">0.99</confidence></norm-company-wrap><norm-company oa-id="4295904170">HEWLETT PACKARD CO</norm-company><norm-company-wrap occur-sequence="3"><norm-company-name>HEWLETT PACKARD CO</norm-company-name><company-ids><oa-id>4295904170</oa-id><ric norm="HPQ.N">HPQ.N</ric></company-ids><company-classification><trbc-wrap><trbc type="RCS">B:1758</trbc><trbc type="2012">5710601010</trbc><trbc type="perm-id">4294951243</trbc></trbc-wrap></company-classification><relevancy engine="1C">0.2</relevancy><confidence engine="1C">0.99</confidence></norm-company-wrap><norm-company oa-id="4295891940">LINGSEN PRECISION INDUSTRIES LTD</norm-company><norm-company-wrap occur-sequence="4"><norm-company-name>LINGSEN PRECISION INDUSTRIES LTD</norm-company-name><company-ids><oa-id>4295891940</oa-id><ric norm="2369.TW">2369.TW</ric></company-ids><company-classification><trbc-wrap><trbc type="RCS">B:1748</trbc><trbc type="2012">5710102012</trbc><trbc type="perm-id">4294951253</trbc></trbc-wrap></company-classification><relevancy engine="1C">0.2</relevancy><confidence engine="1C">0.82</confidence></norm-company-wrap><norm-company oa-id="4295907485">ORACLE CORP</norm-company><norm-company-wrap occur-sequence="5"><norm-company-name>ORACLE CORP</norm-company-name><company-ids><oa-id>4295907485</oa-id><ric norm="ORCL.N">ORCL.N</ric></company-ids><company-classification><trbc-wrap><trbc type="RCS">B:1799</trbc><trbc type="2012">5720102013</trbc><trbc type="perm-id">4294951202</trbc></trbc-wrap></company-classification><relevancy engine="1C">0.2</relevancy><confidence engine="1C">0.99</confidence></norm-company-wrap><norm-company oa-id="4295907347">VMWARE INC</norm-company><norm-company-wrap occur-sequence="6"><norm-company-name>VMWARE INC</norm-company-name><company-ids><oa-id>4295907347</oa-id><ric norm="VMW.N">VMW.N</ric></company-ids><company-classification><trbc-wrap><trbc type="RCS">B:1790</trbc><trbc type="2012">5720101010</trbc><trbc type="perm-id">4294951211</trbc></trbc-wrap></company-classification><relevancy engine="1C">0.2</relevancy><confidence engine="1C">0.98</confidence></norm-company-wrap><eos/><eop/></extr-company-block></extraction-terms></indexing></document></n-docbody>
</n-document>
<n-document guid="I4007b9c0770811e5bad9e6f356e1f054"><n-metadata><metadata.block><md.identifiers><md.cites><md.first.line.cite>10/20/15 NEWS 00:00:00</md.first.line.cite><md.second.line.cite>10/20/15 ARKA News Agency 00:00:00</md.second.line.cite></md.cites><md.uuid>I4007b9c0770811e5bad9e6f356e1f054</md.uuid></md.identifiers><md.infotype>news</md.infotype><md.sortkeys><md.ordersequence>f47363bec</md.ordersequence></md.sortkeys><md.descriptions><md.title>BARCLAYS TO PAY $325 MILLION TO SETTLE TWO LAWSUITS</md.title><md.westlawdescrip><md.readlist>READLIST</md.readlist></md.westlawdescrip></md.descriptions><md.dates><md.publisheddatetime>20151020040109</md.publisheddatetime><md.loaddate>20151020</md.loaddate><md.createddatetime>20151020040109</md.createddatetime></md.dates><md.subjects><md.subject><md.pubtype.name/><md.doctype.name>DNR</md.doctype.name><md.doctype.rank/><md.view>CNGE</md.view><md.view>RGEurope</md.view><md.view>PTNewswires</md.view><md.view>ARKANEWS0063786</md.view><md.view>INALLNEWS_ACTEST</md.view><md.view>INFARNEWS_AC</md.view><md.view>MARKETSEIKON_CN</md.view><md.view>MARKETSEIKON</md.view><md.view>CB_ASIAWIRES</md.view><md.view>INWIRES_AC</md.view><md.view>GULF_INTL</md.view><md.view>ININTNEWS_AC</md.view><md.view>ANZ_INTLOS</md.view><md.view>CLEAR_RF</md.view><md.view>INALLNEWS_AC</md.view><md.view>INNEWSINT_PRO</md.view><md.view>INBUSNEWS</md.view><md.view>INNEWSWORLD_PRO</md.view><md.view>INBUSNEWS_AC</md.view></md.subject></md.subjects><md.jurisdictions><md.jurisdiction><md.jurisstate>FE</md.jurisstate></md.jurisdiction></md.jurisdictions><md.publications><md.publication/><md.sourcepubid>ARKANEWS</md.sourcepubid></md.publications><md.royalty><md.royalty.code>84104</md.royalty.code></md.royalty></metadata.block><news.metadata.block><md.text.preview>BANKING NEWSYEREVAN, October 20. /ARKA/. The British bank Barclays said on Monday that it had agreed to pay $325 million to settle two lawsuits related to the sale of residential mortgage-backed securities in the United States, The New York Times</md.text.preview></news.metadata.block><newsplus.recommendable>1</newsplus.recommendable><n-view>CNGE</n-view><n-view>RGEurope</n-view><n-view>PTNewswires</n-view><n-view>ARKANEWS0063786</n-view><n-view>INALLNEWS_ACTEST</n-view><n-view>INFARNEWS_AC</n-view><n-view>MARKETSEIKON_CN</n-view><n-view>MARKETSEIKON</n-view><n-view>CB_ASIAWIRES</n-view><n-view>INWIRES_AC</n-view><n-view>GULF_INTL</n-view><n-view>ININTNEWS_AC</n-view><n-view>ANZ_INTLOS</n-view><n-view>CLEAR_RF</n-view><n-view>INALLNEWS_AC</n-view><n-view>INNEWSINT_PRO</n-view><n-view>INBUSNEWS</n-view><n-view>INNEWSWORLD_PRO</n-view><n-view>INBUSNEWS_AC</n-view><prism-stylesheet guid="Ia3024d301b6a11d89fc5f34981d3242f"/><prism-clipdate>20151020040109</prism-clipdate></n-metadata>
<n-docbody><document version="1" collection="D-ARKANEWS-T001" first-load-date="20151020040109" ip-product="ARKANEWS" royalty-id="84104" data-model="text" dtd-version="5.2.29" content-type="news" load-language="en" pnac="nNRA0brw9p" pnac-date="20151020T085502.231"><supplier-info><supplier-num nitf="doc-id" nitf-regsrc="ARKA News Agency" type="accession">3216000b32924fa1</supplier-num><internal-acc-num db-id="NEPRARKA" type="newz">20151020170.1_V3216000b32924fa1</internal-acc-num><rec-status><last-load-date>20151020040109</last-load-date><nitf-date ne="datereceived">20151020T08:55:02Z</nitf-date><nitf-date nitf="date-issue">20151020T00:00:00Z</nitf-date><last-provider-update>20151020085502</last-provider-update></rec-status><supplier-copyright>Copyright Â© 2015 ARKA<copyright-year/><copyright-holder>ARKA</copyright-holder></supplier-copyright><supplier-note nitf="urgency" nitf-ed-urg="4"/><nitf-meta-content name="recommendable">1</nitf-meta-content><nitf-meta-content name="_newsmlg2-hashtype=nr-htype:doc-group-fuzzy">9322|53789|98619|109116|42886|69153|38349|27618|16955|32534|66251|17130|107679|112847|113012|50968|8092|60817|96661|62202|107061|95596|109721|90122|30192|34448|80307|29292|26537|44934|104769|21575|76255|20568|9390|30123|108854|55312|31577|86080|3656|67452|108384|64567|87934|73531|105584|24038|108703|98812|75357|112497|68034|13910|96714|30969|85987|77816|56807|92635|</nitf-meta-content><nitf-meta-content name="_newsmlg2-hashtype=nr-htype:doc-group-content-length">2040</nitf-meta-content><nitf-meta-content name="_newsmlg2-hashtype=nr-htype:doc-group-simple">-73c1f24b1ab94bdefa0a9cd60b12f2daecdd51f2</nitf-meta-content><supplier-dtds><dtd dtd-version="working" dtd-date="20151013T00:00:00Z">Canonical Taxonomy</dtd><dtd dtd-version="20151006" dtd-date="20151013T00:00:00Z">Mapping File</dtd></supplier-dtds><copyright-block type="dialog"><service-copyright n-include_guid="Ice671660f30811d88920000083149a14" n-include_collection="D-DIALOGCOPYRIGHTS-T001"/></copyright-block><copyright-block type="west"><service-copyright n-include_guid="I1DA35ED81DD211B281BAD200220BDFCA" n-include_collection="w_wlnv_msg"/></copyright-block><west-citation-block><bop/><first-line-cite><bos/>10/20/15 NEWS 00:00:00<eos/></first-line-cite><second-line-cite><bos/>10/20/15 ARKA News Agency 00:00:00<eos/></second-line-cite><eop/></west-citation-block></supplier-info><title-info iso-language="en"><bop/><title type="headline" nitf-hedline="hl1" key="key-title"><bos/><sort-title><cite.query w-seq-number="00001" w-ref-type="MM" w-normalized-cite="canonical_name::BARCLAYS" ID="I4666ee70770911e59ebbcb0c48ff65e2">BARCLAYS</cite.query> TO PAY $325 MILLION TO SETTLE TWO LAWSUITS</sort-title><eos/></title><eop/></title-info><pub-info><journal key="key-journal"><bop/><bos/><sort-journal>ARKA News Agency</sort-journal><eos/><eop/></journal><pub-date key="key-date" iso-time="T00:00:00Z" type="date.publication"><full-pub-date>October 20, 2015</full-pub-date><sort-pub-date>20151020</sort-pub-date><sort-pub-timestamp>20151020000000</sort-pub-timestamp><rank-date>20151020</rank-date><currency-timestamp>20151020000000</currency-timestamp></pub-date><original-pub><language iso-language="en">English</language></original-pub><src-data><src-journal-code>ANPV</src-journal-code><src-pub-code>0063786</src-pub-code><src-pub-type>Newswire</src-pub-type><src-pub-country-wrap><src-pub-country-code>GE</src-pub-country-code><src-pub-country>Georgia CIS</src-pub-country></src-pub-country-wrap><src-pub-region>Europe</src-pub-region></src-data></pub-info><content iso-language="en"><total-char-count>3185</total-char-count><derived-word-count><bop/><bos/>Word Count: 512<eos/><eop/></derived-word-count><text type="lead-para"><p nitf="lede"><bop/><bos/>BANKING NEWS<eos/><eop/></p><p nitf="lede"><bop/><bos/>YEREVAN, October 20. /ARKA/. <eos/><bos/>The British bank <cite.query w-seq-number="00002" w-ref-type="MM" w-normalized-cite="canonical_name::BARCLAYS" ID="I46926b40770911e59ebbcb0c48ff65e2">Barclays</cite.query> said on Monday that it had agreed to pay $325 million to settle two lawsuits related to the sale of residential mortgage-backed securities in the United States, The <cite.query w-seq-number="00003" w-ref-type="NM" w-normalized-cite="canonical_name::NEW YORK TIMES" ID="I46926b41770911e59ebbcb0c48ff65e2">New York Times</cite.query> reports.<eos/><eop/></p></text><text type="body"><p><bop/><bos/><cite.query w-seq-number="00004" w-ref-type="MM" w-normalized-cite="canonical_name::BARCLAYS" ID="I46b646f0770911e59ebbcb0c48ff65e2">Barclays</cite.query> said in a news release that it expected to book a charge of $325 million related to the settlements as part of its third-quarter results, which the bank will report on Oct. 29.<eos/><eop/></p><p><bop/><bos/>The lawsuits were filed in 2012 by the <cite.query w-seq-number="00005" w-ref-type="MM" w-normalized-cite="canonical_name::NATIONAL CREDIT UNION ADMINISTRATION" ID="I46bb5000770911e59ebbcb0c48ff65e2">National Credit Union Administration</cite.query>, a federal agency that regulates federal credit unions, and relate to the sale of so-called faulty residential mortgage-backed securities to corporate credit unions.<eos/><eop/></p><p><bop/><bos/>Once the settlements are completed, the <cite.query w-seq-number="00006" w-ref-type="MM" w-normalized-cite="canonical_name::NATIONAL CREDIT UNION ADMINISTRATION" ID="I46c0ce40770911e59ebbcb0c48ff65e2">National Credit Union Administration</cite.query> said it would seek to dismiss cases in federal courts in New York and Kansas.<eos/><eop/></p><p><bop/><bos/>&quot;In order to help minimize losses and future costs to the credit union system, <cite.query w-seq-number="00007" w-ref-type="NM" w-normalized-cite="canonical_name::NC UA" ID="I46d6c740770911e59ebbcb0c48ff65e2">N.C.U.A.</cite.query> is committed to pursuing recoveries against financial firms we maintain contributed to the corporate crisis,&quot; Debbie Matz, the <cite.query w-seq-number="00008" w-ref-type="MM" w-normalized-cite="canonical_name::NATIONAL CREDIT UNION ADMINISTRATION" ID="I46d6c741770911e59ebbcb0c48ff65e2">National Credit Union Administration</cite.query> chairwoman, is quoted by The <cite.query w-seq-number="00009" w-ref-type="NM" w-normalized-cite="canonical_name::NEW YORK TIMES" ID="I46d6c742770911e59ebbcb0c48ff65e2">New York Times</cite.query> as saying in a news release.<eos/><eop/></p><p><bop/><bos/>&quot;The agency has a statutory obligation to secure recoveries for credit unions and ensure that consumers remain protected, and we take that responsibility very seriously,&quot; she added.<eos/><eop/></p><p><bop/><bos/><cite.query w-seq-number="00010" w-ref-type="MM" w-normalized-cite="canonical_name::BARCLAYS" ID="I471270b0770911e59ebbcb0c48ff65e2">Barclays</cite.query> didn&apos;t admit fault as part of the settlement, <cite.query w-seq-number="00011" w-ref-type="NM" w-normalized-cite="canonical_name::NATIONAL CREDIT UNION ADMINISTRATION (THE)" ID="I471270b1770911e59ebbcb0c48ff65e2">the National Credit Union Administration</cite.query> said.<eos/><eop/></p><p><bop/><bos/>The credit union regulator on Monday also announced a $53 million settlement with <cite.query w-seq-number="00012" w-ref-type="MM" w-normalized-cite="canonical_name::WACHOVIA" ID="I475ce730770911e59ebbcb0c48ff65e2">Wachovia</cite.query> over the sale of residential mortgage-backed securities to credit unions. <eos/><bos/>As in the lawsuit against <cite.query w-seq-number="00013" w-ref-type="MM" w-normalized-cite="canonical_name::BARCLAYS" ID="I475ce731770911e59ebbcb0c48ff65e2">Barclays</cite.query>, the credit union regulator had alleged that <cite.query w-seq-number="00014" w-ref-type="MM" w-normalized-cite="canonical_name::WACHOVIA" ID="I475ce732770911e59ebbcb0c48ff65e2">Wachovia</cite.query>, now part of <cite.query w-seq-number="00015" w-ref-type="MM" w-normalized-cite="canonical_name::WELLS FARGO" ID="I475ce733770911e59ebbcb0c48ff65e2">Wells Fargo</cite.query>, had sold faulty mortgage securities to several credit unions, causing them losses during the financial crisis.<eos/><eop/></p><p><bop/><bos/>The N.C.U.A. is pursuing lawsuits in California, Kansas and New York against a number of financial firms, including <cite.query w-seq-number="00016" w-ref-type="MM" w-normalized-cite="canonical_name::CREDIT SUISSE" ID="I478333e0770911e59ebbcb0c48ff65e2">Credit Suisse</cite.query>, <cite.query w-seq-number="00017" w-ref-type="WC" w-normalized-cite="I16D8924054E911E089AC8CE04EA54993" ID="I478333e1770911e59ebbcb0c48ff65e2">Goldman Sachs</cite.query>, <cite.query w-seq-number="00018" w-ref-type="MM" w-normalized-cite="canonical_name::MORGAN STANLEY" ID="I478333e2770911e59ebbcb0c48ff65e2">Morgan Stanley</cite.query> and <cite.query w-seq-number="00019" w-ref-type="MM" w-normalized-cite="canonical_name::UBS" ID="I478333e3770911e59ebbcb0c48ff65e2">UBS</cite.query>, over the sale of what it claims were faulty securities that caused the collapse of five corporate credit unions.<eos/><eop/></p><p><bop/><bos/>The credit union regulator said in a news release that its litigation against banks over the sale of faulty mortgage securities has recovered more than $2.2 billion, with the proceeds going toward reducing contributions to a fund to cover losses incurred by the five failed credit unions.<eos/><eop/></p><p><bop/><bos/>Like many financial firms, <cite.query w-seq-number="00020" w-ref-type="MM" w-normalized-cite="canonical_name::BARCLAYS" ID="I47a86f20770911e59ebbcb0c48ff65e2">Barclays</cite.query> is facing several lawsuits and regulatory actions about the sale and securitization of mortgages in the United States before the financial crisis.<eos/><eop/></p><p><bop/><bos/>From 2005 to 2008, <cite.query w-seq-number="00021" w-ref-type="MM" w-normalized-cite="canonical_name::BARCLAYS" ID="I47cb3960770911e59ebbcb0c48ff65e2">Barclays</cite.query> sponsored and underwrote about $39 billion in mortgage securitizations in the United States and sold $19.4 billion in loans that were originated and sold to third parties by affiliates of an entity it acquired in 2007, according to a disclosure it issued in July as part of its second-quarter results.<eos/><eop/></p><p><bop/><bos/>The lender is quoted by The <cite.query w-seq-number="00022" w-ref-type="NM" w-normalized-cite="canonical_name::NEW YORK TIMES" ID="I47d376c0770911e59ebbcb0c48ff65e2">New York Times</cite.query> as saying on Monday that it &quot;continues to litigate&quot; several lawsuits related to residential mortgage-backed securities and &quot;to respond to requests from various regulatory and governmental authorities&quot; in the matter. <eos/>M.V.-----0----<eop/></p></text></content><indexing iso-language="en" value-add="machine-generated"><classification-terms><pres-location-block><bop/><bos/><pres-location-wrap><pres-location>Americas</pres-location><pres-location-code>GEOAMER</pres-location-code><alt1-location-code>1AM92</alt1-location-code></pres-location-wrap><pres-location-wrap><pres-location>Kansas</pres-location><pres-location-code>USAKS</pres-location-code><alt1-location-code>1KA13</alt1-location-code></pres-location-wrap><pres-location-wrap><pres-location>North America</pres-location><pres-location-code>GEONAMR</pres-location-code><alt1-location-code>1NO39</alt1-location-code></pres-location-wrap><pres-location-wrap><pres-location>U.S. Midwest Region</pres-location><pres-location-code>GEOMIDWT</pres-location-code><alt1-location-code>1MI19</alt1-location-code></pres-location-wrap><pres-location-wrap><pres-location>USA</pres-location><pres-location-code>ISOUS</pres-location-code><alt1-location-code>1US73</alt1-location-code></pres-location-wrap><eos/><eop/></pres-location-block></classification-terms><classification-terms><pres-subject-block><bop/><bos/><pres-subject-wrap><pres-subject>Funding Instruments</pres-subject><pres-subject-code>INVSTING</pres-subject-code><alt1-subject-code>1FU41</alt1-subject-code></pres-subject-wrap><pres-subject-wrap><pres-subject>Mortgage-Backed Markets</pres-subject><pres-subject-code>MORTMARK</pres-subject-code><alt1-subject-code>1MO87</alt1-subject-code></pres-subject-wrap><pres-subject-wrap><pres-subject>Real Estate Investments</pres-subject><pres-subject-code>PROPINVT</pres-subject-code><alt1-subject-code>1RE04</alt1-subject-code></pres-subject-wrap><pres-subject-wrap><pres-subject>Securitization</pres-subject><pres-subject-code>SECRITIZ</pres-subject-code><alt1-subject-code>1SE75</alt1-subject-code></pres-subject-wrap><eos/><eop/></pres-subject-block><pres-industry-block><bop/><bos/><pres-industry-wrap><pres-industry>Asset-Backed Securities</pres-industry><pres-industry-code>ABS</pres-industry-code><alt1-industry-code>1AS67</alt1-industry-code></pres-industry-wrap><pres-industry-wrap><pres-industry>Banking</pres-industry><pres-industry-code>BANKOVER</pres-industry-code><alt1-industry-code>1BA20</alt1-industry-code></pres-industry-wrap><pres-industry-wrap><pres-industry>Consumer Finance</pres-industry><pres-industry-code>CONSFIN</pres-industry-code><alt1-industry-code>1CO55</alt1-industry-code></pres-industry-wrap><pres-industry-wrap><pres-industry>Credit</pres-industry><pres-industry-code>PTCRDT</pres-industry-code><alt1-industry-code>1CR60</alt1-industry-code></pres-industry-wrap><pres-industry-wrap><pres-industry>Credit Unions</pres-industry><pres-industry-code>CASHCOOP</pres-industry-code><alt1-industry-code>1CR46</alt1-industry-code></pres-industry-wrap><pres-industry-wrap><pres-industry>Financial Services</pres-industry><pres-industry-code>FINSVC</pres-industry-code><alt1-industry-code>1FI37</alt1-industry-code></pres-industry-wrap><pres-industry-wrap><pres-industry>Investment Management</pres-industry><pres-industry-code>INVSTMAN</pres-industry-code><alt1-industry-code>1IN34</alt1-industry-code></pres-industry-wrap><pres-industry-wrap><pres-industry>Mortgage Banking</pres-industry><pres-industry-code>BANKMORT</pres-industry-code><alt1-industry-code>1MO85</alt1-industry-code></pres-industry-wrap><pres-industry-wrap><pres-industry>Press Releases</pres-industry><pres-industry-code>ANNOUNCE</pres-industry-code><alt1-industry-code>1PR19</alt1-industry-code></pres-industry-wrap><pres-industry-wrap><pres-industry>Retail Banking Services</pres-industry><pres-industry-code>RTBNKOVR</pres-industry-code><alt1-industry-code>1RE38</alt1-industry-code></pres-industry-wrap><pres-industry-wrap><pres-industry>Securities Investment</pres-industry><pres-industry-code>PTSECUR</pres-industry-code><alt1-industry-code>1SE57</alt1-industry-code></pres-industry-wrap><eos/><eop/></pres-industry-block></classification-terms><classification-terms><rcs-block><rcs>B:126</rcs><rcs>G:4</rcs><rcs>G:6D</rcs><rcs>B:125</rcs><rcs>B:128</rcs><rcs>B:127</rcs><rcs>I:1D</rcs><rcs>G:6J</rcs><rcs>A:A</rcs><rcs>B:130</rcs><rcs>A:D</rcs><rcs>B:141</rcs><rcs>I:1N</rcs><rcs>M:32</rcs><rcs>B:129</rcs><rcs>A:6</rcs></rcs-block></classification-terms><extraction-terms><extr-company-block><bop/><bos/><norm-company oa-id="8589934333">BARCLAYS PLC</norm-company><norm-company-wrap occur-sequence="1,2,3,4,6,13,14"><norm-company-name>BARCLAYS PLC</norm-company-name><company-ids><oa-id>8589934333</oa-id><ric norm="BARC.L">BARC.L</ric></company-ids><company-classification><trbc-wrap><trbc type="RCS">B:1615</trbc><trbc type="2012">5510101010</trbc><trbc type="perm-id">4294951386</trbc></trbc-wrap></company-classification><relevancy engine="1C">0.8</relevancy><confidence engine="1C">0.99</confidence></norm-company-wrap><norm-company oa-id="4295890645">CREDIT SUISSE AG</norm-company><norm-company-wrap occur-sequence="9"><norm-company-name>CREDIT SUISSE AG</norm-company-name><company-ids><oa-id>4295890645</oa-id><ric norm="MLPO.P">MLPO.P</ric></company-ids><company-classification><trbc-wrap><trbc type="RCS">B:1615</trbc><trbc type="2012">5510101010</trbc><trbc type="perm-id">4294951386</trbc></trbc-wrap></company-classification><relevancy engine="1C">0.2</relevancy><confidence engine="1C">1</confidence></norm-company-wrap><norm-company oa-id="4295911963">GOLDMAN SACHS GROUP INC (THE)</norm-company><norm-company-wrap occur-sequence="10"><norm-company-name>GOLDMAN SACHS GROUP INC (THE)</norm-company-name><company-ids><oa-id>4295911963</oa-id><ric norm="GS.N">GS.N</ric></company-ids><company-classification><trbc-wrap><trbc type="RCS">B:1633</trbc><trbc type="2012">5510201010</trbc><trbc type="perm-id">4294951368</trbc></trbc-wrap></company-classification><relevancy engine="1C">0.5</relevancy><confidence engine="1C">0.99</confidence></norm-company-wrap><norm-company oa-id="4295904557">MORGAN STANLEY</norm-company><norm-company-wrap occur-sequence="11"><norm-company-name>MORGAN STANLEY</norm-company-name><company-ids><oa-id>4295904557</oa-id><ric norm="MS.N">MS.N</ric></company-ids><company-classification><trbc-wrap><trbc type="RCS">B:1633</trbc><trbc type="2012">5510201010</trbc><trbc type="perm-id">4294951368</trbc></trbc-wrap></company-classification><relevancy engine="1C">0.5</relevancy><confidence engine="1C">0.99</confidence></norm-company-wrap><norm-company oa-id="4295890710">UBS AG</norm-company><norm-company-wrap occur-sequence="12"><norm-company-name>UBS AG</norm-company-name><company-ids><oa-id>4295890710</oa-id></company-ids><company-classification><trbc-wrap><trbc type="RCS">B:1643</trbc><trbc type="2012">5510202014</trbc><trbc type="perm-id">4294951358</trbc></trbc-wrap></company-classification><relevancy engine="1C">0.5</relevancy><confidence engine="1C">0.99</confidence></norm-company-wrap><norm-company oa-id="5000054439">WACHOVIA COMMODITIES LLC</norm-company><norm-company-wrap occur-sequence="5,7"><norm-company-name>WACHOVIA COMMODITIES LLC</norm-company-name><company-ids><oa-id>5000054439</oa-id></company-ids><relevancy engine="1C">0.5</relevancy><confidence engine="1C">0.99</confidence></norm-company-wrap><norm-company oa-id="8589934175">WELLS FARGO AND CO</norm-company><norm-company-wrap occur-sequence="8"><norm-company-name>WELLS FARGO AND CO</norm-company-name><company-ids><oa-id>8589934175</oa-id><ric norm="WFC.N">WFC.N</ric></company-ids><company-classification><trbc-wrap><trbc type="RCS">B:1615</trbc><trbc type="2012">5510101010</trbc><trbc type="perm-id">4294951386</trbc></trbc-wrap></company-classification><relevancy engine="1C">0.2</relevancy><confidence engine="1C">0.92</confidence></norm-company-wrap><eos/><eop/></extr-company-block></extraction-terms><extraction-terms><extr-person-block><bop/><bos/><extr-person>Debbie Matz</extr-person><extr-person-wrap><extr-person-name>Debbie Matz</extr-person-name><relevancy engine="1C">0.2</relevancy></extr-person-wrap><eos/><eop/></extr-person-block></extraction-terms></indexing></document></n-docbody>
</n-document>
<n-document guid="I22efd000773211e5a25dbd34bd4e3e10"><n-metadata><metadata.block><md.identifiers><md.cites><md.first.line.cite>10/20/15 NEWS 00:00:00</md.first.line.cite><md.second.line.cite>10/20/15 ARKA News Agency 00:00:00</md.second.line.cite></md.cites><md.uuid>I22efd000773211e5a25dbd34bd4e3e10</md.uuid></md.identifiers><md.infotype>news</md.infotype><md.sortkeys><md.ordersequence>f47363bec</md.ordersequence></md.sortkeys><md.descriptions><md.title>NEW APPLE TV TO GO UP FOR PRE-ORDER AND BEGIN SHIPPING NEXT WEEK</md.title><md.westlawdescrip><md.readlist>READLIST</md.readlist></md.westlawdescrip></md.descriptions><md.dates><md.publisheddatetime>20151020085913</md.publisheddatetime><md.loaddate>20151020</md.loaddate><md.createddatetime>20151020085913</md.createddatetime></md.dates><md.subjects><md.subject><md.pubtype.name/><md.doctype.name>DNR</md.doctype.name><md.doctype.rank/><md.view>CNGE</md.view><md.view>RGEurope</md.view><md.view>PTNewswires</md.view><md.view>ARKANEWS0063786</md.view><md.view>INALLNEWS_ACTEST</md.view><md.view>INFARNEWS_AC</md.view><md.view>MARKETSEIKON_CN</md.view><md.view>MARKETSEIKON</md.view><md.view>CB_ASIAWIRES</md.view><md.view>INWIRES_AC</md.view><md.view>GULF_INTL</md.view><md.view>ININTNEWS_AC</md.view><md.view>ANZ_INTLOS</md.view><md.view>CLEAR_RF</md.view><md.view>INALLNEWS_AC</md.view><md.view>INNEWSINT_PRO</md.view><md.view>INBUSNEWS</md.view><md.view>INNEWSWORLD_PRO</md.view><md.view>INBUSNEWS_AC</md.view></md.subject></md.subjects><md.jurisdictions><md.jurisdiction><md.jurisstate>FE</md.jurisstate></md.jurisdiction></md.jurisdictions><md.publications><md.publication/><md.sourcepubid>ARKANEWS</md.sourcepubid></md.publications><md.royalty><md.royalty.code>84104</md.royalty.code></md.royalty></metadata.block><news.metadata.block><md.text.preview>INFORMATION TECHNOLOGIESYEREVAN, October 20. / ARKA /. Apple CEO Tim Cook has confirmed that the new Apple TV will finally go up for pre-order and begin shipping next week. The device starts at $149 with 32GB of internal storage, while the 64GB</md.text.preview></news.metadata.block><n-view>CNGE</n-view><n-view>RGEurope</n-view><n-view>PTNewswires</n-view><n-view>ARKANEWS0063786</n-view><n-view>INALLNEWS_ACTEST</n-view><n-view>INFARNEWS_AC</n-view><n-view>MARKETSEIKON_CN</n-view><n-view>MARKETSEIKON</n-view><n-view>CB_ASIAWIRES</n-view><n-view>INWIRES_AC</n-view><n-view>GULF_INTL</n-view><n-view>ININTNEWS_AC</n-view><n-view>ANZ_INTLOS</n-view><n-view>CLEAR_RF</n-view><n-view>INALLNEWS_AC</n-view><n-view>INNEWSINT_PRO</n-view><n-view>INBUSNEWS</n-view><n-view>INNEWSWORLD_PRO</n-view><n-view>INBUSNEWS_AC</n-view><prism-stylesheet guid="Ia3024d301b6a11d89fc5f34981d3242f"/><prism-clipdate>20151020085913</prism-clipdate></n-metadata>
<n-docbody><document version="1" collection="D-ARKANEWS-T001" first-load-date="20151020085913" ip-product="ARKANEWS" royalty-id="84104" data-model="text" dtd-version="5.2.29" content-type="news" load-language="en" pnac="nNRA0bt63a" pnac-date="20151020T135452.288"><supplier-info><supplier-num nitf="doc-id" nitf-regsrc="ARKA News Agency" type="accession">f4c800011b4dddea</supplier-num><internal-acc-num db-id="NEPRARKA" type="newz">20151020170.1_Vf4c800011b4dddea</internal-acc-num><rec-status><last-load-date>20151020085913</last-load-date><nitf-date ne="datereceived">20151020T13:54:52Z</nitf-date><nitf-date nitf="date-issue">20151020T00:00:00Z</nitf-date><last-provider-update>20151020135452</last-provider-update></rec-status><supplier-copyright>Copyright Â© 2015 ARKA<copyright-year/><copyright-holder>ARKA</copyright-holder></supplier-copyright><supplier-note nitf="urgency" nitf-ed-urg="4"/><nitf-meta-content name="_newsmlg2-hashtype=nr-htype:doc-group-fuzzy">86891|22410|98619|84201|13406|95367|2009|19658|40161|3276|19251|84431|20185|41088|12568|84567|76220|34049|57337|1930|88867|31283|94844|81869|65132|27117|12559|98539|10705|91326|23092|8979|58079|65372|104597|20277|18090|21491|8627|68234|60479|75263|48239|65466|103215|74021|14581|103566|60514|88947|39997|56944|75776|11769|88645|46919|105139|93830|95632|22562|</nitf-meta-content><nitf-meta-content name="_newsmlg2-hashtype=nr-htype:doc-group-content-length">612</nitf-meta-content><nitf-meta-content name="_newsmlg2-hashtype=nr-htype:doc-group-simple">-e2dc9c33bf0dd3169d5f630a06dbb02cc7cda0f</nitf-meta-content><supplier-dtds><dtd dtd-version="working" dtd-date="20151013T00:00:00Z">Canonical Taxonomy</dtd><dtd dtd-version="20151006" dtd-date="20151013T00:00:00Z">Mapping File</dtd></supplier-dtds><copyright-block type="dialog"><service-copyright n-include_guid="Ice671660f30811d88920000083149a14" n-include_collection="D-DIALOGCOPYRIGHTS-T001"/></copyright-block><copyright-block type="west"><service-copyright n-include_guid="I1DA35ED81DD211B281BAD200220BDFCA" n-include_collection="w_wlnv_msg"/></copyright-block><west-citation-block><bop/><first-line-cite><bos/>10/20/15 NEWS 00:00:00<eos/></first-line-cite><second-line-cite><bos/>10/20/15 ARKA News Agency 00:00:00<eos/></second-line-cite><eop/></west-citation-block></supplier-info><title-info iso-language="en"><bop/><title type="headline" nitf-hedline="hl1" key="key-title"><bos/><sort-title><cite.query w-seq-number="00001" w-ref-type="NM" w-normalized-cite="canonical_name::NEW APPLE TV" ID="Icfce6bb0773211e5a31fcc2bc2be6b37">NEW APPLE TV</cite.query> TO GO UP FOR PRE-ORDER AND BEGIN SHIPPING NEXT WEEK</sort-title><eos/></title><eop/></title-info><pub-info><journal key="key-journal"><bop/><bos/><sort-journal>ARKA News Agency</sort-journal><eos/><eop/></journal><pub-date key="key-date" iso-time="T00:00:00Z" type="date.publication"><full-pub-date>October 20, 2015</full-pub-date><sort-pub-date>20151020</sort-pub-date><sort-pub-timestamp>20151020000000</sort-pub-timestamp><rank-date>20151020</rank-date><currency-timestamp>20151020000000</currency-timestamp></pub-date><original-pub><language iso-language="en">English</language></original-pub><src-data><src-journal-code>ANPV</src-journal-code><src-pub-code>0063786</src-pub-code><src-pub-type>Newswire</src-pub-type><src-pub-country-wrap><src-pub-country-code>GE</src-pub-country-code><src-pub-country>Georgia CIS</src-pub-country></src-pub-country-wrap><src-pub-region>Europe</src-pub-region></src-data></pub-info><content iso-language="en"><total-char-count>944</total-char-count><derived-word-count><bop/><bos/>Word Count: 160<eos/><eop/></derived-word-count><text type="lead-para"><p nitf="lede"><bop/><bos/><cite.query w-seq-number="00002" w-ref-type="WC" w-normalized-cite="I76DF065242BE11DDA1BC0014224D2780" ID="Icfd65af0773211e5a31fcc2bc2be6b37">INFORMATION TECHNOLOGIES</cite.query><eos/><eop/></p><p nitf="lede"><bop/><bos/>YEREVAN, October 20. / ARKA /. <cite.query w-seq-number="00003" w-ref-type="MM" w-normalized-cite="canonical_name::APPLE" ID="Icfed8c70773211e5a31fcc2bc2be6b37">Apple</cite.query> CEO Tim Cook has confirmed that the new <cite.query w-seq-number="00004" w-ref-type="NM" w-normalized-cite="canonical_name::APPLE TV" ID="Icfed8c71773211e5a31fcc2bc2be6b37">Apple TV</cite.query> will finally go up for pre-order and begin shipping next week. <eos/><bos/>The device starts at $149 with 32GB of internal storage, while the 64GB model is priced at $199, vesti ru reported.<eos/><eop/></p></text><text type="body"><p><bop/><bos/><cite.query w-seq-number="00005" w-ref-type="MM" w-normalized-cite="canonical_name::APPLE" ID="Icffca7a0773211e5a31fcc2bc2be6b37">Apple</cite.query> announced the new <cite.query w-seq-number="00006" w-ref-type="NM" w-normalized-cite="canonical_name::APPLE TV" ID="Icffca7a1773211e5a31fcc2bc2be6b37">Apple TV</cite.query> alongside the iPhone 6s and iPhone 6s Plus last month, and at the time, it promised the device would be available &quot;sometime in October&quot; - without being more specific.<eos/><eop/></p><p><bop/><bos/>During an interview at the <cite.query w-seq-number="00007" w-ref-type="NM" w-normalized-cite="canonical_name::WALL STREET JOURNAL" ID="Id00b2690773211e5a31fcc2bc2be6b37">Wall Street Journal</cite.query> Digital Live conference on Monday, Cook confirmed that fans will be able to pre-order the new <cite.query w-seq-number="00008" w-ref-type="NM" w-normalized-cite="canonical_name::APPLE TV" ID="Id00b2691773211e5a31fcc2bc2be6b37">Apple TV</cite.query> on Monday, October 26. <eos/><bos/>Shipments will also start next week.<eos/><eop/></p><p><bop/><bos/>The new <cite.query w-seq-number="00009" w-ref-type="NM" w-normalized-cite="canonical_name::APPLE TV" ID="Id01315d0773211e5a31fcc2bc2be6b37">Apple TV</cite.query> is a major improvement over its predecessor, with significantly faster internals that bring the ability to play games and run third-party apps from its dedicated App Store, an all-new remote with touchpad, and Siri integration. -0-<eos/><eop/></p></text></content><indexing iso-language="en" value-add="machine-generated"><classification-terms><pres-subject-block><bop/><bos/><pres-subject-wrap><pres-subject>Major Corporations</pres-subject><pres-subject-code>MAJCORP</pres-subject-code><alt1-subject-code>1MA93</alt1-subject-code></pres-subject-wrap><eos/><eop/></pres-subject-block><pres-industry-block><bop/><bos/><pres-industry-wrap><pres-industry>Computer Equipment</pres-industry><pres-industry-code>CPTROVER</pres-industry-code><alt1-industry-code>1CO77</alt1-industry-code></pres-industry-wrap><pres-industry-wrap><pres-industry>I.T.</pres-industry><pres-industry-code>ITOVER</pres-industry-code><alt1-industry-code>1IT96</alt1-industry-code></pres-industry-wrap><eos/><eop/></pres-industry-block></classification-terms><classification-terms><rcs-block><rcs>B:169</rcs><rcs>B:162</rcs><rcs>M:NL</rcs><rcs>B:161</rcs></rcs-block></classification-terms><extraction-terms><extr-company-block><bop/><bos/><extr-company>Wall Street Journal</extr-company><extr-company-wrap><extr-company-name>Wall Street Journal</extr-company-name><relevancy engine="1C">0.2</relevancy><confidence engine="1C">0.94</confidence></extr-company-wrap><norm-company oa-id="4295905573">APPLE INC</norm-company><norm-company-wrap occur-sequence="1,2,3,4,5,6,7"><norm-company-name>APPLE INC</norm-company-name><company-ids><oa-id>4295905573</oa-id><ric norm="AAPL.OQ">AAPL.OQ</ric></company-ids><company-classification><trbc-wrap><trbc type="RCS">B:1758</trbc><trbc type="2012">5710601010</trbc><trbc type="perm-id">4294951243</trbc></trbc-wrap></company-classification><relevancy engine="1C">0.8</relevancy><confidence engine="1C">1</confidence></norm-company-wrap><eos/><eop/></extr-company-block></extraction-terms><extraction-terms><extr-person-block><bop/><bos/><extr-person>Timothy D. Cook</extr-person><norm-person-wrap><norm-person-name>Timothy D. Cook</norm-person-name><person-ids><od-auth-id>88090</od-auth-id><od-officer-id>88090</od-officer-id><person-perm-id>34413199178</person-perm-id></person-ids><relevancy engine="1C">0.2</relevancy></norm-person-wrap><extr-person>Tim Cook</extr-person><extr-person-wrap><extr-person-name>Tim Cook</extr-person-name><relevancy engine="1C">0.2</relevancy></extr-person-wrap><eos/><eop/></extr-person-block></extraction-terms></indexing></document></n-docbody>
</n-document>
<n-document guid="I8cdeedb073f511e59b8c9bb5a8681273"><n-metadata><metadata.block><md.identifiers><md.cites><md.first.line.cite>10/16/15 NEWS 00:00:00</md.first.line.cite><md.second.line.cite>10/16/15 ARKA News Agency 00:00:00</md.second.line.cite></md.cites><md.uuid>I8cdeedb073f511e59b8c9bb5a8681273</md.uuid></md.identifiers><md.infotype>news</md.infotype><md.sortkeys><md.ordersequence>f47363bec</md.ordersequence></md.sortkeys><md.descriptions><md.title>DOW JONES AND S&amp;amp;P 500 HIT RECORD HIGH SINCE AUGUST</md.title><md.westlawdescrip><md.readlist>READLIST</md.readlist></md.westlawdescrip></md.descriptions><md.dates><md.publisheddatetime>20151016061418</md.publisheddatetime><md.loaddate>20151016</md.loaddate><md.createddatetime>20151016061418</md.createddatetime></md.dates><md.subjects><md.subject><md.pubtype.name/><md.doctype.name>DNR</md.doctype.name><md.doctype.rank/><md.view>CNGE</md.view><md.view>RGEurope</md.view><md.view>PTNewswires</md.view><md.view>ARKANEWS0063786</md.view><md.view>INALLNEWS_ACTEST</md.view><md.view>INFARNEWS_AC</md.view><md.view>MARKETSEIKON_CN</md.view><md.view>MARKETSEIKON</md.view><md.view>CB_ASIAWIRES</md.view><md.view>INWIRES_AC</md.view><md.view>GULF_INTL</md.view><md.view>ININTNEWS_AC</md.view><md.view>ANZ_INTLOS</md.view><md.view>CLEAR_RF</md.view><md.view>INALLNEWS_AC</md.view><md.view>INNEWSINT_PRO</md.view><md.view>INBUSNEWS</md.view><md.view>INNEWSWORLD_PRO</md.view><md.view>INBUSNEWS_AC</md.view></md.subject></md.subjects><md.jurisdictions><md.jurisdiction><md.jurisstate>FE</md.jurisstate></md.jurisdiction></md.jurisdictions><md.publications><md.publication/><md.sourcepubid>ARKANEWS</md.sourcepubid></md.publications><md.royalty><md.royalty.code>84104</md.royalty.code></md.royalty></metadata.block><news.metadata.block><md.text.preview>STOCK MARKETYEREVAN, October 16. /ARKA/. Dow, S&amp;amp;P 500 logged best closing levels since August&apos;s plunge, MarketWatch reports.</md.text.preview></news.metadata.block><newsplus.recommendable>1</newsplus.recommendable><n-view>CNGE</n-view><n-view>RGEurope</n-view><n-view>PTNewswires</n-view><n-view>ARKANEWS0063786</n-view><n-view>INALLNEWS_ACTEST</n-view><n-view>INFARNEWS_AC</n-view><n-view>MARKETSEIKON_CN</n-view><n-view>MARKETSEIKON</n-view><n-view>CB_ASIAWIRES</n-view><n-view>INWIRES_AC</n-view><n-view>GULF_INTL</n-view><n-view>ININTNEWS_AC</n-view><n-view>ANZ_INTLOS</n-view><n-view>CLEAR_RF</n-view><n-view>INALLNEWS_AC</n-view><n-view>INNEWSINT_PRO</n-view><n-view>INBUSNEWS</n-view><n-view>INNEWSWORLD_PRO</n-view><n-view>INBUSNEWS_AC</n-view><prism-stylesheet guid="Ia3024d301b6a11d89fc5f34981d3242f"/><prism-clipdate>20151016061418</prism-clipdate></n-metadata>
<n-docbody><document version="1" collection="D-ARKANEWS-T001" first-load-date="20151016061418" ip-product="ARKANEWS" royalty-id="84104" data-model="text" dtd-version="5.2.29" content-type="news" load-language="en" pnac="nNRA0bapew" pnac-date="20151016T110337.227"><supplier-info><supplier-num nitf="doc-id" nitf-regsrc="ARKA News Agency" type="accession">6f5a0006238cbdbb</supplier-num><internal-acc-num db-id="NEPRARKA" type="newz">20151016170.1_V6f5a0006238cbdbb</internal-acc-num><rec-status><last-load-date>20151016061418</last-load-date><nitf-date ne="datereceived">20151016T11:03:37Z</nitf-date><nitf-date nitf="date-issue">20151016T00:00:00Z</nitf-date><last-provider-update>20151016110337</last-provider-update></rec-status><supplier-copyright>Copyright Â© 2015 ARKA<copyright-year/><copyright-holder>ARKA</copyright-holder></supplier-copyright><supplier-note nitf="urgency" nitf-ed-urg="4"/><nitf-meta-content name="recommendable">1</nitf-meta-content><nitf-meta-content name="_newsmlg2-hashtype=nr-htype:doc-group-fuzzy">2202|26442|23414|98619|43680|22405|42886|1934|90832|111929|18912|16436|76576|55464|77391|48735|726|12975|26320|89074|6873|58130|100488|25629|16818|108771|60310|76330|94822|71411|59930|109646|91796|101990|83116|17582|98334|772|3318|81591|92774|13789|91996|86170|68348|84676|93765|52860|62264|13760|81773|102361|30503|20269|105553|59670|96408|64242|93332|35577|</nitf-meta-content><nitf-meta-content name="_newsmlg2-hashtype=nr-htype:doc-group-content-length">1231</nitf-meta-content><nitf-meta-content name="_newsmlg2-hashtype=nr-htype:doc-group-simple">-1f74c74ebf2b134dc88465a95d6f84d4fd10abbf</nitf-meta-content><supplier-dtds><dtd dtd-version="working" dtd-date="20151013T00:00:00Z">Canonical Taxonomy</dtd><dtd dtd-version="20151006" dtd-date="20151013T00:00:00Z">Mapping File</dtd></supplier-dtds><copyright-block type="dialog"><service-copyright n-include_guid="Ice671660f30811d88920000083149a14" n-include_collection="D-DIALOGCOPYRIGHTS-T001"/></copyright-block><copyright-block type="west"><service-copyright n-include_guid="I1DA35ED81DD211B281BAD200220BDFCA" n-include_collection="w_wlnv_msg"/></copyright-block><west-citation-block><bop/><first-line-cite><bos/>10/16/15 NEWS 00:00:00<eos/></first-line-cite><second-line-cite><bos/>10/16/15 ARKA News Agency 00:00:00<eos/></second-line-cite><eop/></west-citation-block></supplier-info><title-info iso-language="en"><bop/><title type="headline" nitf-hedline="hl1" key="key-title"><bos/><sort-title>DOW JONES AND S&amp;amp;P 500 HIT RECORD HIGH SINCE AUGUST</sort-title><eos/></title><eop/></title-info><pub-info><journal key="key-journal"><bop/><bos/><sort-journal>ARKA News Agency</sort-journal><eos/><eop/></journal><pub-date key="key-date" iso-time="T00:00:00Z" type="date.publication"><full-pub-date>October 16, 2015</full-pub-date><sort-pub-date>20151016</sort-pub-date><sort-pub-timestamp>20151016000000</sort-pub-timestamp><rank-date>20151016</rank-date><currency-timestamp>20151016000000</currency-timestamp></pub-date><original-pub><language iso-language="en">English</language></original-pub><src-data><src-journal-code>ANPV</src-journal-code><src-pub-code>0063786</src-pub-code><src-pub-type>Newswire</src-pub-type><src-pub-country-wrap><src-pub-country-code>GE</src-pub-country-code><src-pub-country>Georgia CIS</src-pub-country></src-pub-country-wrap><src-pub-region>Europe</src-pub-region></src-data></pub-info><content iso-language="en"><total-char-count>2249</total-char-count><derived-word-count><bop/><bos/>Word Count: 343<eos/><eop/></derived-word-count><text type="lead-para"><p nitf="lede"><bop/><bos/>STOCK MARKET<eos/><eop/></p><p nitf="lede"><bop/><bos/>YEREVAN, October 16. /ARKA/. <eos/><bos/>Dow, S&amp;amp;P 500 logged best closing levels since August&apos;s plunge, <cite.query w-seq-number="00001" w-ref-type="CO" w-normalized-cite="I44B6A9B341E911DDAD6B0014224D2780" ID="I398f7f1073f711e585a5f979a8f4f3b3">MarketWatch</cite.query> reports.<eos/><eop/></p></text><text type="body"><p><bop/><bos/>U.S. stocks rebounded from a two-day drop to reclaim key technical levels Thursday as robust gains by financial shares helped breathe new life into the market.<eos/><eop/></p><p><bop/><bos/>&quot;Today&apos;s rally is the result of generally better than expected results, especially in the financial sector<eos/><eop/></p><p><bop/><bos/>&quot;Bank loan portfolios are healthy thus increasing the odds of greater lending, hence greater economic activity,&quot; he said.<eos/><eop/></p><p><bop/><bos/>The run-up in the broader market pushed both the S&amp;amp;P 500 and the Dow industrials to their best closing levels since markets plunged in late August, according to <cite.query w-seq-number="00002" w-ref-type="MM" w-normalized-cite="canonical_name::FACTSET" ID="I39976e5073f711e585a5f979a8f4f3b3">FactSet</cite.query> data.<eos/><eop/></p><p><bop/><bos/>The S&amp;amp;P 500 <cite.query w-seq-number="00003" w-ref-type="MM" w-normalized-cite="canonical_name::SPX" ID="I39a63b6073f711e585a5f979a8f4f3b3">SPX</cite.query>, +1.49% rose 29.62 points, or 1.5%, to close at 2,023.86, gaining a foothold above the psychologically-important 2,000 level. <eos/><bos/>All 10 sectors in the large-cap index finished higher with the financial and health-care sectors both up more than 2%. <eos/><bos/>Thursday&apos;s close marks the best level for the index since Aug. 20, when stocks were at 2,035.73, according to <cite.query w-seq-number="00004" w-ref-type="MM" w-normalized-cite="canonical_name::FACTSET" ID="I39a63b6173f711e585a5f979a8f4f3b3">FactSet</cite.query> data.<eos/><eop/></p><p><bop/><bos/>The Dow Jones Industrial Average DJIA, +1.28% advanced 217 points, or 1.3%, to finish at 17,141.75. <eos/><bos/>That is the blue-chips gauge&apos;s best close since Aug. 19, when it ended at 17,349.<eos/><eop/></p><p><bop/><bos/>Meanwhile, the <cite.query w-seq-number="00005" w-ref-type="NM" w-normalized-cite="canonical_name::NASDAQ COMPOSITE CO" ID="I39adb57073f711e585a5f979a8f4f3b3">Nasdaq Composite COMP</cite.query>, +1.82% vaulted 87.25 points, or 1.8%, higher to 4,870.10, buoyed by beaten down biotech stocks.<eos/><eop/></p><p><bop/><bos/>&quot;The two-day pullback in the S&amp;amp;P 500 has relieved widespread short-term overbought conditions without impacting positive readings in our momentum indicators,&quot; <cite.query w-seq-number="00006" w-ref-type="CO" w-normalized-cite="I44B6A9B341E911DDAD6B0014224D2780" ID="I39bbe64073f711e585a5f979a8f4f3b3">MarketWatch</cite.query> also quoted Katie Stockton, chief technical strategist at <cite.query w-seq-number="00007" w-ref-type="MM" w-normalized-cite="canonical_name::BTIG" ID="I39bbe64173f711e585a5f979a8f4f3b3">BTIG</cite.query>, as saying in a note.<eos/><eop/></p><p><bop/><bos/>Stocks were beaten down on Wednesday, when the Dow industrials slid nearly 1% as a dour forecast from <cite.query w-seq-number="00008" w-ref-type="CO" w-normalized-cite="I8F61158341EA11DDAD6B0014224D2780" ID="I39c55c2073f711e585a5f979a8f4f3b3">Wal-Mart Stores Inc.</cite.query> WMT, -1.17% and the <cite.query w-seq-number="00009" w-ref-type="CO" w-normalized-cite="I6A49F4A09B5311E4A277FC95A6CDDB59" ID="I39c55c2173f711e585a5f979a8f4f3b3">Fed</cite.query>&apos;s Beige Book survey amplified concerns about the economic recovery.<eos/><eop/></p><p><bop/><bos/>Barring any major negative developments, the market is expected to maintain its upward momentum for the time being, according to Engelke.<eos/><eop/></p><p><bop/><bos/>Despite the stock-market rally, <cite.query w-seq-number="00010" w-ref-type="MM" w-normalized-cite="canonical_name::STOCKTON" ID="I39cd998073f711e585a5f979a8f4f3b3">Stockton</cite.query> sees resistance emerging near the S&amp;amp;P 500&apos;s 200-day moving average of 2,060. <eos/><bos/>The S&amp;amp;P 500 is still trading 1.7% lower so far this year, while the Dow industrials is off 3.8% for 2015. <eos/>M.V.----0----<eop/></p></text></content><indexing iso-language="en" value-add="machine-generated"><classification-terms><pres-subject-block><bop/><bos/><pres-subject-wrap><pres-subject>Equity Instruments</pres-subject><pres-subject-code>STOCKINS</pres-subject-code><alt1-subject-code>1EQ90</alt1-subject-code></pres-subject-wrap><pres-subject-wrap><pres-subject>Financial Markets</pres-subject><pres-subject-code>BOURSE</pres-subject-code><alt1-subject-code>1FI87</alt1-subject-code></pres-subject-wrap><pres-subject-wrap><pres-subject>Funding Instruments</pres-subject><pres-subject-code>INVSTING</pres-subject-code><alt1-subject-code>1FU41</alt1-subject-code></pres-subject-wrap><pres-subject-wrap><pres-subject>Stock Closings</pres-subject><pres-subject-code>STOCKEND</pres-subject-code><alt1-subject-code>1ST40</alt1-subject-code></pres-subject-wrap><pres-subject-wrap><pres-subject>Stock Markets</pres-subject><pres-subject-code>STOKMRKT</pres-subject-code><alt1-subject-code>1ST45</alt1-subject-code></pres-subject-wrap><pres-subject-wrap><pres-subject>Volatile Stocks</pres-subject><pres-subject-code>VOLATILE</pres-subject-code><alt1-subject-code>1VO70</alt1-subject-code></pres-subject-wrap><eos/><eop/></pres-subject-block><pres-industry-block><bop/><bos/><pres-industry-wrap><pres-industry>Financial Services</pres-industry><pres-industry-code>FINSVC</pres-industry-code><alt1-industry-code>1FI37</alt1-industry-code></pres-industry-wrap><pres-industry-wrap><pres-industry>Investment Management</pres-industry><pres-industry-code>INVSTMAN</pres-industry-code><alt1-industry-code>1IN34</alt1-industry-code></pres-industry-wrap><pres-industry-wrap><pres-industry>Securities Investment</pres-industry><pres-industry-code>PTSECUR</pres-industry-code><alt1-industry-code>1SE57</alt1-industry-code></pres-industry-wrap><pres-industry-wrap><pres-industry>Stocks</pres-industry><pres-industry-code>EQUITIES</pres-industry-code><alt1-industry-code>1EQ09</alt1-industry-code></pres-industry-wrap><eos/><eop/></pres-industry-block></classification-terms><classification-terms><rcs-block><rcs>B:126</rcs><rcs>E:6</rcs><rcs>B:125</rcs><rcs>A:1</rcs><rcs>A:C</rcs><rcs>B:130</rcs></rcs-block></classification-terms><extraction-terms><extr-company-block><bop/><bos/><extr-company>Nasdaq Composite COMP</extr-company><extr-company-wrap><extr-company-name>Nasdaq Composite COMP</extr-company-name><relevancy engine="1C">0.2</relevancy><confidence engine="1C">0.73</confidence></extr-company-wrap><norm-company oa-id="4295905298">WAL MART STORES INC</norm-company><norm-company-wrap occur-sequence="1"><norm-company-name>WAL MART STORES INC</norm-company-name><company-ids><oa-id>4295905298</oa-id><ric norm="WMT.N">WMT.N</ric></company-ids><company-classification><trbc-wrap><trbc type="RCS">B:1495</trbc><trbc type="2012">5340309010</trbc><trbc type="perm-id">4294951506</trbc></trbc-wrap></company-classification><relevancy engine="1C">0.2</relevancy><confidence engine="1C">1</confidence></norm-company-wrap><eos/><eop/></extr-company-block></extraction-terms><extraction-terms><extr-person-block><bop/><bos/><extr-person>Katie Stockton</extr-person><extr-person-wrap><extr-person-name>Katie Stockton</extr-person-name><relevancy engine="1C">0.2</relevancy></extr-person-wrap><eos/><eop/></extr-person-block></extraction-terms></indexing></document></n-docbody>
</n-document>
<n-document guid="Id578e590733111e59b8c9bb5a8681273"><n-metadata><metadata.block><md.identifiers><md.cites><md.first.line.cite>10/15/15 NEWS 00:00:00</md.first.line.cite><md.second.line.cite>10/15/15 ARKA News Agency 00:00:00</md.second.line.cite></md.cites><md.uuid>Id578e590733111e59b8c9bb5a8681273</md.uuid></md.identifiers><md.infotype>news</md.infotype><md.sortkeys><md.ordersequence>f47363bec</md.ordersequence></md.sortkeys><md.descriptions><md.title>SANDISK MAY BE SOLD</md.title><md.westlawdescrip><md.readlist>READLIST</md.readlist></md.westlawdescrip></md.descriptions><md.dates><md.publisheddatetime>20151015065315</md.publisheddatetime><md.loaddate>20151015</md.loaddate><md.createddatetime>20151015065315</md.createddatetime></md.dates><md.subjects><md.subject><md.pubtype.name/><md.doctype.name>DNR</md.doctype.name><md.doctype.rank/><md.view>CNGE</md.view><md.view>RGEurope</md.view><md.view>PTNewswires</md.view><md.view>ARKANEWS0063786</md.view><md.view>INALLNEWS_ACTEST</md.view><md.view>INFARNEWS_AC</md.view><md.view>MARKETSEIKON_CN</md.view><md.view>MARKETSEIKON</md.view><md.view>CB_ASIAWIRES</md.view><md.view>INWIRES_AC</md.view><md.view>GULF_INTL</md.view><md.view>ININTNEWS_AC</md.view><md.view>ANZ_INTLOS</md.view><md.view>CLEAR_RF</md.view><md.view>INALLNEWS_AC</md.view><md.view>INNEWSINT_PRO</md.view><md.view>INBUSNEWS</md.view><md.view>INNEWSWORLD_PRO</md.view><md.view>INBUSNEWS_AC</md.view></md.subject></md.subjects><md.jurisdictions><md.jurisdiction><md.jurisstate>FE</md.jurisstate></md.jurisdiction></md.jurisdictions><md.publications><md.publication/><md.sourcepubid>ARKANEWS</md.sourcepubid></md.publications><md.royalty><md.royalty.code>84104</md.royalty.code></md.royalty></metadata.block><news.metadata.block><md.text.preview>INFORMATION TECHNOLOGIESYEREVAN, October 15. /ARKA/. Bloomberg in its latest report reveals that Micron Technology and Western Digital Corporation plan to takeover SanDisk Corporation.</md.text.preview></news.metadata.block><newsplus.recommendable>1</newsplus.recommendable><n-view>CNGE</n-view><n-view>RGEurope</n-view><n-view>PTNewswires</n-view><n-view>ARKANEWS0063786</n-view><n-view>INALLNEWS_ACTEST</n-view><n-view>INFARNEWS_AC</n-view><n-view>MARKETSEIKON_CN</n-view><n-view>MARKETSEIKON</n-view><n-view>CB_ASIAWIRES</n-view><n-view>INWIRES_AC</n-view><n-view>GULF_INTL</n-view><n-view>ININTNEWS_AC</n-view><n-view>ANZ_INTLOS</n-view><n-view>CLEAR_RF</n-view><n-view>INALLNEWS_AC</n-view><n-view>INNEWSINT_PRO</n-view><n-view>INBUSNEWS</n-view><n-view>INNEWSWORLD_PRO</n-view><n-view>INBUSNEWS_AC</n-view><prism-stylesheet guid="Ia3024d301b6a11d89fc5f34981d3242f"/><prism-clipdate>20151015065315</prism-clipdate></n-metadata>
<n-docbody><document version="1" collection="D-ARKANEWS-T001" first-load-date="20151015065315" ip-product="ARKANEWS" royalty-id="84104" data-model="text" dtd-version="5.2.29" content-type="news" load-language="en" pnac="nNRA0b3rge" pnac-date="20151015T114237.673"><supplier-info><supplier-num nitf="doc-id" nitf-regsrc="ARKA News Agency" type="accession">12be00030e987a0b</supplier-num><internal-acc-num db-id="NEPRARKA" type="newz">20151015170.1_V12be00030e987a0b</internal-acc-num><rec-status><last-load-date>20151015065315</last-load-date><nitf-date ne="datereceived">20151015T11:42:37Z</nitf-date><nitf-date nitf="date-issue">20151015T00:00:00Z</nitf-date><last-provider-update>20151015114237</last-provider-update></rec-status><supplier-copyright>Copyright Â© 2015 ARKA<copyright-year/><copyright-holder>ARKA</copyright-holder></supplier-copyright><supplier-note nitf="urgency" nitf-ed-urg="4"/><nitf-meta-content name="recommendable">1</nitf-meta-content><nitf-meta-content name="_newsmlg2-hashtype=nr-htype:doc-group-fuzzy">31299|65660|58996|111430|106746|98619|75661|92539|42886|34259|17650|103030|59297|52229|21621|68355|75749|56313|15128|90244|1991|28310|4231|21933|96008|28414|36163|4889|82320|37134|33853|23167|98274|85230|23092|19876|88786|35577|35067|80152|75339|103198|105046|79271|94438|25719|8627|12447|61019|94538|107324|7484|46251|103566|88868|94058|171|23849|53516|91391|</nitf-meta-content><nitf-meta-content name="_newsmlg2-hashtype=nr-htype:doc-group-content-length">1026</nitf-meta-content><nitf-meta-content name="_newsmlg2-hashtype=nr-htype:doc-group-simple">5329d7bf074458712b09168aa0a2c9ab55e3ef23</nitf-meta-content><supplier-dtds><dtd dtd-version="working" dtd-date="20151013T00:00:00Z">Canonical Taxonomy</dtd><dtd dtd-version="20151006" dtd-date="20151013T00:00:00Z">Mapping File</dtd></supplier-dtds><copyright-block type="dialog"><service-copyright n-include_guid="Ice671660f30811d88920000083149a14" n-include_collection="D-DIALOGCOPYRIGHTS-T001"/></copyright-block><copyright-block type="west"><service-copyright n-include_guid="I1DA35ED81DD211B281BAD200220BDFCA" n-include_collection="w_wlnv_msg"/></copyright-block><west-citation-block><bop/><first-line-cite><bos/>10/15/15 NEWS 00:00:00<eos/></first-line-cite><second-line-cite><bos/>10/15/15 ARKA News Agency 00:00:00<eos/></second-line-cite><eop/></west-citation-block></supplier-info><title-info iso-language="en"><bop/><title type="headline" nitf-hedline="hl1" key="key-title"><bos/><sort-title><cite.query w-seq-number="00001" w-ref-type="MM" w-normalized-cite="canonical_name::SANDISK" ID="I74d5c080733311e5bc8ff9981bc07c9c">SANDISK</cite.query> MAY BE SOLD</sort-title><eos/></title><eop/></title-info><pub-info><journal key="key-journal"><bop/><bos/><sort-journal>ARKA News Agency</sort-journal><eos/><eop/></journal><pub-date key="key-date" iso-time="T00:00:00Z" type="date.publication"><full-pub-date>October 15, 2015</full-pub-date><sort-pub-date>20151015</sort-pub-date><sort-pub-timestamp>20151015000000</sort-pub-timestamp><rank-date>20151015</rank-date><currency-timestamp>20151015000000</currency-timestamp></pub-date><original-pub><language iso-language="en">English</language></original-pub><src-data><src-journal-code>ANPV</src-journal-code><src-pub-code>0063786</src-pub-code><src-pub-type>Newswire</src-pub-type><src-pub-country-wrap><src-pub-country-code>GE</src-pub-country-code><src-pub-country>Georgia CIS</src-pub-country></src-pub-country-wrap><src-pub-region>Europe</src-pub-region></src-data></pub-info><content iso-language="en"><total-char-count>1673</total-char-count><derived-word-count><bop/><bos/>Word Count: 261<eos/><eop/></derived-word-count><text type="lead-para"><p nitf="lede"><bop/><bos/><cite.query w-seq-number="00002" w-ref-type="WC" w-normalized-cite="I76DF065242BE11DDA1BC0014224D2780" ID="I74dcec70733311e5bc8ff9981bc07c9c">INFORMATION TECHNOLOGIES</cite.query><eos/><eop/></p><p nitf="lede"><bop/><bos/>YEREVAN, October 15. /ARKA/. <eos/><bos/>Bloomberg in its latest report reveals that <cite.query w-seq-number="00003" w-ref-type="MM" w-normalized-cite="canonical_name::MICRON TECHNOLOGY" ID="I74eaf630733311e5bc8ff9981bc07c9c">Micron Technology</cite.query> and <cite.query w-seq-number="00004" w-ref-type="CO" w-normalized-cite="I8D34F7F067A011DDB12EF8B4A40AA2EA" ID="I74eaf631733311e5bc8ff9981bc07c9c">Western Digital Corporation</cite.query> plan to takeover <cite.query w-seq-number="00005" w-ref-type="CO" w-normalized-cite="IFCE4523441E911DDAD6B0014224D2780" ID="I74eaf632733311e5bc8ff9981bc07c9c">SanDisk Corporation</cite.query>.<eos/><eop/></p></text><text type="body"><p><bop/><bos/><cite.query w-seq-number="00006" w-ref-type="CO" w-normalized-cite="I6D58E27241E911DDAD6B0014224D2780" ID="I75013d50733311e5bc8ff9981bc07c9c">Micron Technology Inc.</cite.query> and <cite.query w-seq-number="00007" w-ref-type="CO" w-normalized-cite="I8D34F7F067A011DDB12EF8B4A40AA2EA" ID="I75013d51733311e5bc8ff9981bc07c9c">Western Digital Corp.</cite.query> are in talks with <cite.query w-seq-number="00008" w-ref-type="MM" w-normalized-cite="canonical_name::SANDISK" ID="I75013d52733311e5bc8ff9981bc07c9c">SanDisk</cite.query> about a possible acquisition, <cite.query w-seq-number="00009" w-ref-type="MM" w-normalized-cite="canonical_name::BLOOMBERG" ID="I75013d53733311e5bc8ff9981bc07c9c">Bloomberg</cite.query> reported Wednesday referring to the people who spoke on the condition of anonymity.<eos/><eop/></p><p><bop/><bos/><cite.query w-seq-number="00010" w-ref-type="MM" w-normalized-cite="canonical_name::SANDISK" ID="I750f6e20733311e5bc8ff9981bc07c9c">SanDisk</cite.query>, based in Milpitas, California, operates flash-memory plants with <cite.query w-seq-number="00011" w-ref-type="CO" w-normalized-cite="IDEE6BFE045E311DD89820014224D2780" ID="I750f6e21733311e5bc8ff9981bc07c9c">Toshiba Corp.</cite.query> in Japan, and would likely need <cite.query w-seq-number="00012" w-ref-type="WC" w-normalized-cite="I0F1EBD5A453C11DD902D0014224D2780" ID="I750f6e22733311e5bc8ff9981bc07c9c">Toshiba</cite.query>&apos;s blessing for a deal.<eos/><eop/></p><p><bop/><bos/>The three companies, however, have not commented on the proceedings so far.<eos/><eop/></p><p><bop/><bos/>Analyst at <cite.query w-seq-number="00013" w-ref-type="CO" w-normalized-cite="IA864C1A35F2F11DD845B0014224D2780" ID="I75345b40733311e5bc8ff9981bc07c9c">Wedbush Securities</cite.query>, Betsy Van Hees, is quoted by <cite.query w-seq-number="00014" w-ref-type="NM" w-normalized-cite="canonical_name::TECH NEWS TODAY" ID="I75345b41733311e5bc8ff9981bc07c9c">Tech News Today</cite.query> as saying that <cite.query w-seq-number="00015" w-ref-type="MM" w-normalized-cite="canonical_name::SANDISK" ID="I75345b42733311e5bc8ff9981bc07c9c">SanDisk</cite.query> acquisition by <cite.query w-seq-number="00016" w-ref-type="CO" w-normalized-cite="ICBF318B060AD11E089AC8CE04EA54993" ID="I75345b43733311e5bc8ff9981bc07c9c">Micron</cite.query> or <cite.query w-seq-number="00017" w-ref-type="WC" w-normalized-cite="I6D1993D5453C11DD902D0014224D2780" ID="I75345b44733311e5bc8ff9981bc07c9c">Western Digital</cite.query> does not make much sense and that <cite.query w-seq-number="00018" w-ref-type="CO" w-normalized-cite="ICBF318B060AD11E089AC8CE04EA54993" ID="I75345b45733311e5bc8ff9981bc07c9c">Micron</cite.query> already has substantial operation in flash memory.<eos/><eop/></p><p><bop/><bos/>He added that a Chinese company acquiring <cite.query w-seq-number="00019" w-ref-type="MM" w-normalized-cite="canonical_name::SANDISK" ID="I753bfc60733311e5bc8ff9981bc07c9c">SanDisk</cite.query> would make more sense as China is trying to gain influence in the chip industry.<eos/><eop/></p><p><bop/><bos/>He pointed at China&apos;s state-owned <cite.query w-seq-number="00020" w-ref-type="NM" w-normalized-cite="canonical_name::TSINGHUA UNIGROUP" ID="I754683b0733311e5bc8ff9981bc07c9c">Tsinghua Unigroup</cite.query> as a potential buyer, which previously bid $23 billion for <cite.query w-seq-number="00021" w-ref-type="CO" w-normalized-cite="ICBF318B060AD11E089AC8CE04EA54993" ID="I754683b1733311e5bc8ff9981bc07c9c">Micron</cite.query> but failed to acquire due to increasing US security concerns.<eos/><eop/></p><p><bop/><bos/><cite.query w-seq-number="00022" w-ref-type="CO" w-normalized-cite="IC587C670E25911DEABD8EC6FDE5029E4" ID="I755047b0733311e5bc8ff9981bc07c9c">Tsinghua</cite.query> also have plans to acquire 15% stake in <cite.query w-seq-number="00023" w-ref-type="WC" w-normalized-cite="I6D1993D5453C11DD902D0014224D2780" ID="I755047b1733311e5bc8ff9981bc07c9c">Western Digital</cite.query> that would put the hard drive company in a better position for an acquisition.<eos/><eop/></p><p><bop/><bos/>The flash storage solution company currently has a market capitalization of around $12.6 billion and closed down1.72% at $61.77 as of yesterday. <eos/><bos/><cite.query w-seq-number="00024" w-ref-type="WC" w-normalized-cite="I6D1993D5453C11DD902D0014224D2780" ID="I755eedb0733311e5bc8ff9981bc07c9c">Western Digital</cite.query> also closed down 0.75% at $84.37 while <cite.query w-seq-number="00025" w-ref-type="CO" w-normalized-cite="ICBF318B060AD11E089AC8CE04EA54993" ID="I755eedb1733311e5bc8ff9981bc07c9c">Micron</cite.query> closed up 0.83% at $18.18. <eos/><bos/>While the stock of both the companies has shown a downward trend since last 12 months, acquiring <cite.query w-seq-number="00026" w-ref-type="MM" w-normalized-cite="canonical_name::SANDISK" ID="I755eedb2733311e5bc8ff9981bc07c9c">SanDisk</cite.query> seems to be puzzling decision. <eos/>M.V.----0----<eop/></p></text></content><indexing iso-language="en" value-add="machine-generated"><classification-terms><pres-location-block><bop/><bos/><pres-location-wrap><pres-location>Asia</pres-location><pres-location-code>GEOASIA</pres-location-code><alt1-location-code>1AS61</alt1-location-code></pres-location-wrap><pres-location-wrap><pres-location>Eastern Asia</pres-location><pres-location-code>GEOEASIA</pres-location-code><alt1-location-code>1EA61</alt1-location-code></pres-location-wrap><eos/><eop/></pres-location-block></classification-terms><classification-terms><pres-subject-block><bop/><bos/><pres-subject-wrap><pres-subject>Business Management</pres-subject><pres-subject-code>BIZMGMT</pres-subject-code><alt1-subject-code>1BU42</alt1-subject-code></pres-subject-wrap><pres-subject-wrap><pres-subject>Corporate Events</pres-subject><pres-subject-code>BUSEVENT</pres-subject-code><alt1-subject-code>1CR05</alt1-subject-code></pres-subject-wrap><pres-subject-wrap><pres-subject>Corporate Groups &amp; Ownership</pres-subject><pres-subject-code>PTCPGRP</pres-subject-code><alt1-subject-code>1XO09</alt1-subject-code></pres-subject-wrap><pres-subject-wrap><pres-subject>Mergers &amp; Acquisitions</pres-subject><pres-subject-code>MERGERS</pres-subject-code><alt1-subject-code>1ME39</alt1-subject-code></pres-subject-wrap><eos/><eop/></pres-subject-block><pres-industry-block><bop/><bos/><pres-industry-wrap><pres-industry>Computer Equipment</pres-industry><pres-industry-code>CPTROVER</pres-industry-code><alt1-industry-code>1CO77</alt1-industry-code></pres-industry-wrap><pres-industry-wrap><pres-industry>Computer Peripherals</pres-industry><pres-industry-code>DJPERIPH</pres-industry-code><alt1-industry-code>1CO58</alt1-industry-code></pres-industry-wrap><pres-industry-wrap><pres-industry>Electronic Components</pres-industry><pres-industry-code>ELECCOMP</pres-industry-code><alt1-industry-code>1EL91</alt1-industry-code></pres-industry-wrap><pres-industry-wrap><pres-industry>Electronics</pres-industry><pres-industry-code>ETRONICS</pres-industry-code><alt1-industry-code>1EL16</alt1-industry-code></pres-industry-wrap><pres-industry-wrap><pres-industry>Flash Memory</pres-industry><pres-industry-code>MSFLASH</pres-industry-code><alt1-industry-code>1FL10</alt1-industry-code></pres-industry-wrap><pres-industry-wrap><pres-industry>Hard Disk Data Storage</pres-industry><pres-industry-code>MSTORH</pres-industry-code><alt1-industry-code>1HA66</alt1-industry-code></pres-industry-wrap><pres-industry-wrap><pres-industry>I.T.</pres-industry><pres-industry-code>ITOVER</pres-industry-code><alt1-industry-code>1IT96</alt1-industry-code></pres-industry-wrap><pres-industry-wrap><pres-industry>Mass Storage</pres-industry><pres-industry-code>MSOVER</pres-industry-code><alt1-industry-code>1MA03</alt1-industry-code></pres-industry-wrap><pres-industry-wrap><pres-industry>Memory Chips</pres-industry><pres-industry-code>SCMEM</pres-industry-code><alt1-industry-code>1ME90</alt1-industry-code></pres-industry-wrap><pres-industry-wrap><pres-industry>Semiconductor</pres-industry><pres-industry-code>SCIND1</pres-industry-code><alt1-industry-code>1SE88</alt1-industry-code></pres-industry-wrap><pres-industry-wrap><pres-industry>Semiconductor Products</pres-industry><pres-industry-code>SCPROD1</pres-industry-code><alt1-industry-code>1SE02</alt1-industry-code></pres-industry-wrap><eos/><eop/></pres-industry-block></classification-terms><classification-terms><rcs-block><rcs>B:169</rcs><rcs>E:J</rcs><rcs>B:162</rcs><rcs>M:NL</rcs><rcs>B:161</rcs><rcs>G:K</rcs><rcs>B:164</rcs><rcs>B:41</rcs><rcs>B:163</rcs><rcs>M:Z</rcs><rcs>E:1</rcs></rcs-block></classification-terms><extraction-terms><extr-company-block><bop/><bos/><norm-company oa-id="4295903176">MICRON TECHNOLOGY INC</norm-company><norm-company-wrap occur-sequence="2,5,12,14,17,21"><norm-company-name>MICRON TECHNOLOGY INC</norm-company-name><company-ids><oa-id>4295903176</oa-id><ric norm="MU.OQ">MU.OQ</ric></company-ids><company-classification><trbc-wrap><trbc type="RCS">B:1740</trbc><trbc type="2012">5710101010</trbc><trbc type="perm-id">4294951261</trbc></trbc-wrap></company-classification><relevancy engine="1C">0.5</relevancy><confidence engine="1C">1</confidence></norm-company-wrap><norm-company oa-id="4295907857">SANDISK CORP</norm-company><norm-company-wrap occur-sequence="1,4,7,8,11,15,22"><norm-company-name>SANDISK CORP</norm-company-name><company-ids><oa-id>4295907857</oa-id><ric norm="SNDK.OQ">SNDK.OQ</ric></company-ids><company-classification><trbc-wrap><trbc type="RCS">B:1765</trbc><trbc type="2012">5710601017</trbc><trbc type="perm-id">4294951236</trbc></trbc-wrap></company-classification><relevancy engine="1C">0.8</relevancy><confidence engine="1C">1</confidence></norm-company-wrap><norm-company oa-id="4295877311">TOSHIBA CORP</norm-company><norm-company-wrap occur-sequence="9,10"><norm-company-name>TOSHIBA CORP</norm-company-name><company-ids><oa-id>4295877311</oa-id><ric norm="6502.T">6502.T</ric></company-ids><company-classification><trbc-wrap><trbc type="RCS">B:1251</trbc><trbc type="2012">5230101010</trbc><trbc type="perm-id">4294951750</trbc></trbc-wrap></company-classification><relevancy engine="1C">0.5</relevancy><confidence engine="1C">1</confidence></norm-company-wrap><norm-company oa-id="5046056960">TSINGHUA UNIGROUP INTERNATIONAL CO LTD</norm-company><norm-company-wrap occur-sequence="16,18"><norm-company-name>TSINGHUA UNIGROUP INTERNATIONAL CO LTD</norm-company-name><company-ids><oa-id>5046056960</oa-id></company-ids><relevancy engine="1C">0.2</relevancy><confidence engine="1C">0.77</confidence></norm-company-wrap><norm-company oa-id="4295905332">WESTERN DIGITAL CORP</norm-company><norm-company-wrap occur-sequence="3,6,13,19,20"><norm-company-name>WESTERN DIGITAL CORP</norm-company-name><company-ids><oa-id>4295905332</oa-id><ric norm="WDC.OQ">WDC.OQ</ric></company-ids><company-classification><trbc-wrap><trbc type="RCS">B:1765</trbc><trbc type="2012">5710601017</trbc><trbc type="perm-id">4294951236</trbc></trbc-wrap></company-classification><relevancy engine="1C">0.5</relevancy><confidence engine="1C">1</confidence></norm-company-wrap><eos/><eop/></extr-company-block></extraction-terms><extraction-terms><extr-person-block><bop/><bos/><extr-person>Betsy Van Hees</extr-person><extr-person-wrap><extr-person-name>Betsy Van Hees</extr-person-name><relevancy engine="1C">0.2</relevancy></extr-person-wrap><eos/><eop/></extr-person-block></extraction-terms></indexing></document></n-docbody>
</n-document>
<n-document guid="I3a61c330718611e5b472f730fe9592ed"><n-metadata><metadata.block><md.identifiers><md.cites><md.first.line.cite>10/13/15 NEWS 00:00:00</md.first.line.cite><md.second.line.cite>10/13/15 ARKA News Agency 00:00:00</md.second.line.cite></md.cites><md.uuid>I3a61c330718611e5b472f730fe9592ed</md.uuid></md.identifiers><md.infotype>news</md.infotype><md.sortkeys><md.ordersequence>f47363bec</md.ordersequence></md.sortkeys><md.descriptions><md.title>ABOUT 70-80 PERCENT OF BUSINESSES IN THE WORLD WILL MOVE TO DIGITAL TECHNOLOGIES BY 2020 - MICROSOFT</md.title><md.westlawdescrip><md.readlist>READLIST</md.readlist></md.westlawdescrip></md.descriptions><md.dates><md.publisheddatetime>20151013034243</md.publisheddatetime><md.loaddate>20151013</md.loaddate><md.createddatetime>20151013034243</md.createddatetime></md.dates><md.subjects><md.subject><md.pubtype.name/><md.doctype.name>DNR</md.doctype.name><md.doctype.rank/><md.view>CNGE</md.view><md.view>RGEurope</md.view><md.view>PTNewswires</md.view><md.view>ARKANEWS0063786</md.view><md.view>INALLNEWS_ACTEST</md.view><md.view>INFARNEWS_AC</md.view><md.view>MARKETSEIKON_CN</md.view><md.view>MARKETSEIKON</md.view><md.view>CB_ASIAWIRES</md.view><md.view>INWIRES_AC</md.view><md.view>GULF_INTL</md.view><md.view>ININTNEWS_AC</md.view><md.view>ANZ_INTLOS</md.view><md.view>CLEAR_RF</md.view><md.view>INALLNEWS_AC</md.view><md.view>INNEWSINT_PRO</md.view><md.view>INBUSNEWS</md.view><md.view>INNEWSWORLD_PRO</md.view><md.view>INBUSNEWS_AC</md.view></md.subject></md.subjects><md.jurisdictions><md.jurisdiction><md.jurisstate>FE</md.jurisstate></md.jurisdiction></md.jurisdictions><md.publications><md.publication/><md.sourcepubid>ARKANEWS</md.sourcepubid></md.publications><md.royalty><md.royalty.code>84104</md.royalty.code></md.royalty></metadata.block><news.metadata.block><md.text.preview>INFORMATION TECHNOLOGIESYEREVAN, October 13. /ARKA/. Corporate Vice President at Microsoft Vahe Torossian, speaking Monday at ArmTech Congress, the 8th Global Armenian High Tech Business Conference, said about 70 or 80 percent of businesses in the</md.text.preview></news.metadata.block><n-view>CNGE</n-view><n-view>RGEurope</n-view><n-view>PTNewswires</n-view><n-view>ARKANEWS0063786</n-view><n-view>INALLNEWS_ACTEST</n-view><n-view>INFARNEWS_AC</n-view><n-view>MARKETSEIKON_CN</n-view><n-view>MARKETSEIKON</n-view><n-view>CB_ASIAWIRES</n-view><n-view>INWIRES_AC</n-view><n-view>GULF_INTL</n-view><n-view>ININTNEWS_AC</n-view><n-view>ANZ_INTLOS</n-view><n-view>CLEAR_RF</n-view><n-view>INALLNEWS_AC</n-view><n-view>INNEWSINT_PRO</n-view><n-view>INBUSNEWS</n-view><n-view>INNEWSWORLD_PRO</n-view><n-view>INBUSNEWS_AC</n-view><prism-stylesheet guid="Ia3024d301b6a11d89fc5f34981d3242f"/><prism-clipdate>20151013034243</prism-clipdate></n-metadata>
<n-docbody><document version="1" collection="D-ARKANEWS-T001" first-load-date="20151013034243" ip-product="ARKANEWS" royalty-id="84104" data-model="text" dtd-version="5.2.29" content-type="news" load-language="en" pnac="nNRA0as43o" pnac-date="20151013T084142.371"><supplier-info><supplier-num nitf="doc-id" nitf-regsrc="ARKA News Agency" type="accession">5ee30001301634a7</supplier-num><internal-acc-num db-id="NEPRARKA" type="newz">20151013170.1_V5ee30001301634a7</internal-acc-num><rec-status><last-load-date>20151013034243</last-load-date><nitf-date ne="datereceived">20151013T08:41:42Z</nitf-date><nitf-date nitf="date-issue">20151013T00:00:00Z</nitf-date><last-provider-update>20151013084142</last-provider-update></rec-status><supplier-copyright>Copyright Â© 2015 ARKA<copyright-year/><copyright-holder>ARKA</copyright-holder></supplier-copyright><supplier-note nitf="urgency" nitf-ed-urg="4"/><nitf-meta-content name="_newsmlg2-hashtype=nr-htype:doc-group-fuzzy">98619|57684|42886|21364|31935|86150|101902|62480|20279|31169|69005|65246|81662|103201|64332|16312|54170|74210|17711|25920|91805|68597|14742|64300|23092|74348|35067|24393|36683|7194|102409|103566|57776|68087|51588|12053|75776|4458|11769|24300|35374|31541|22627|93830|36319|68992|10343|62268|105560|</nitf-meta-content><nitf-meta-content name="_newsmlg2-hashtype=nr-htype:doc-group-content-length">605</nitf-meta-content><nitf-meta-content name="_newsmlg2-hashtype=nr-htype:doc-group-simple">-21872b5aa72112f37ac40b191f9cd12a7a158f3a</nitf-meta-content><supplier-dtds><dtd dtd-version="working" dtd-date="20150915T00:00:00Z">Canonical Taxonomy</dtd><dtd dtd-version="20150911" dtd-date="20150915T00:00:00Z">Mapping File</dtd></supplier-dtds><copyright-block type="dialog"><service-copyright n-include_guid="Ice671660f30811d88920000083149a14" n-include_collection="D-DIALOGCOPYRIGHTS-T001"/></copyright-block><copyright-block type="west"><service-copyright n-include_guid="I1DA35ED81DD211B281BAD200220BDFCA" n-include_collection="w_wlnv_msg"/></copyright-block><west-citation-block><bop/><first-line-cite><bos/>10/13/15 NEWS 00:00:00<eos/></first-line-cite><second-line-cite><bos/>10/13/15 ARKA News Agency 00:00:00<eos/></second-line-cite><eop/></west-citation-block></supplier-info><title-info iso-language="en"><bop/><title type="headline" nitf-hedline="hl1" key="key-title"><bos/><sort-title>ABOUT 70-80 PERCENT OF BUSINESSES IN THE WORLD WILL MOVE TO DIGITAL TECHNOLOGIES BY 2020 - <cite.query w-seq-number="00001" w-ref-type="MM" w-normalized-cite="canonical_name::MICROSOFT" ID="Ib83fe660718611e58c1eed7cb7e06ea6">MICROSOFT</cite.query></sort-title><eos/></title><eop/></title-info><pub-info><journal key="key-journal"><bop/><bos/><sort-journal>ARKA News Agency</sort-journal><eos/><eop/></journal><pub-date key="key-date" iso-time="T00:00:00Z" type="date.publication"><full-pub-date>October 13, 2015</full-pub-date><sort-pub-date>20151013</sort-pub-date><sort-pub-timestamp>20151013000000</sort-pub-timestamp><rank-date>20151013</rank-date><currency-timestamp>20151013000000</currency-timestamp></pub-date><original-pub><language iso-language="en">English</language></original-pub><src-data><src-journal-code>ANPV</src-journal-code><src-pub-code>0063786</src-pub-code><src-pub-type>Newswire</src-pub-type><src-pub-country-wrap><src-pub-country-code>GE</src-pub-country-code><src-pub-country>Georgia CIS</src-pub-country></src-pub-country-wrap><src-pub-region>Europe</src-pub-region></src-data></pub-info><content iso-language="en"><total-char-count>925</total-char-count><derived-word-count><bop/><bos/>Word Count: 138<eos/><eop/></derived-word-count><text type="lead-para"><p nitf="lede"><bop/><bos/><cite.query w-seq-number="00002" w-ref-type="WC" w-normalized-cite="I76DF065242BE11DDA1BC0014224D2780" ID="Ib8495c40718611e58c1eed7cb7e06ea6">INFORMATION TECHNOLOGIES</cite.query><eos/><eop/></p><p nitf="lede"><bop/><bos/>YEREVAN, October 13. /ARKA/. <eos/><bos/>Corporate Vice President at <cite.query w-seq-number="00003" w-ref-type="MM" w-normalized-cite="canonical_name::MICROSOFT" ID="Ib85c20f0718611e58c1eed7cb7e06ea6">Microsoft</cite.query> Vahe Torossian, speaking Monday at <cite.query w-seq-number="00004" w-ref-type="NM" w-normalized-cite="canonical_name::ARMTECH CONGRESS" ID="Ib85c20f1718611e58c1eed7cb7e06ea6">ArmTech Congress</cite.query>, the 8th Global Armenian High Tech Business Conference, said about 70 or 80 percent of businesses in the world will move to digital technologies by 2020.<eos/><eop/></p></text><text type="body"><p><bop/><bos/>He said that the future is in digital technologies, and already now business is becoming digital turning to new technologies.<eos/><eop/></p><p><bop/><bos/>Torossian said that the processes will accelerate. <eos/><bos/>In his words, technologies are penetrating into everyday life deeper and deeper and it is necessary to adjust to new conditions and prepare high-qualified specialists.<eos/><eop/></p><p><bop/><bos/>In his opinion, Armenia may find its own niche in such conditions thanks to a high intellectual potential and skilled IT and high-tech specialists.<eos/><eop/></p><p><bop/><bos/>Torossian said Armenia has everything necessary for displaying flexible approaches and becoming a world leader in IT industry. <eos/>M.V.---0----<eop/></p></text></content><indexing iso-language="en" value-add="machine-generated"><classification-terms><pres-location-block><bop/><bos/><pres-location-wrap><pres-location>Armenia</pres-location><pres-location-code>ISOAM</pres-location-code><alt1-location-code>1AR09</alt1-location-code></pres-location-wrap><pres-location-wrap><pres-location>CIS Countries</pres-location><pres-location-code>CISSTAT</pres-location-code><alt1-location-code>1CI64</alt1-location-code></pres-location-wrap><pres-location-wrap><pres-location>Eastern Europe</pres-location><pres-location-code>GEOEEUR</pres-location-code><alt1-location-code>1EA48</alt1-location-code></pres-location-wrap><pres-location-wrap><pres-location>Europe</pres-location><pres-location-code>GEOEUR</pres-location-code><alt1-location-code>1EU83</alt1-location-code></pres-location-wrap><eos/><eop/></pres-location-block></classification-terms><classification-terms><pres-subject-block><bop/><bos/><pres-subject-wrap><pres-subject>Major Corporations</pres-subject><pres-subject-code>MAJCORP</pres-subject-code><alt1-subject-code>1MA93</alt1-subject-code></pres-subject-wrap><eos/><eop/></pres-subject-block><pres-industry-block><bop/><bos/><pres-industry-wrap><pres-industry>Broadcast Technology</pres-industry><pres-industry-code>BRDTECH</pres-industry-code><alt1-industry-code>1BR27</alt1-industry-code></pres-industry-wrap><pres-industry-wrap><pres-industry>Digital Broadcasting</pres-industry><pres-industry-code>DIGBROAD</pres-industry-code><alt1-industry-code>1DI81</alt1-industry-code></pres-industry-wrap><pres-industry-wrap><pres-industry>Entertainment</pres-industry><pres-industry-code>SHOWBIZ</pres-industry-code><alt1-industry-code>1EN08</alt1-industry-code></pres-industry-wrap><pres-industry-wrap><pres-industry>Entertainment Technology</pres-industry><pres-industry-code>SHOWTECH</pres-industry-code><alt1-industry-code>1EN50</alt1-industry-code></pres-industry-wrap><pres-industry-wrap><pres-industry>I.T.</pres-industry><pres-industry-code>ITOVER</pres-industry-code><alt1-industry-code>1IT96</alt1-industry-code></pres-industry-wrap><eos/><eop/></pres-industry-block></classification-terms><classification-terms><rcs-block><rcs>G:B2</rcs><rcs>G:7I</rcs><rcs>B:69</rcs><rcs>M:3</rcs><rcs>G:Y</rcs><rcs>B:86</rcs><rcs>M:NL</rcs><rcs>B:161</rcs><rcs>B:95</rcs><rcs>B:94</rcs><rcs>B:91</rcs><rcs>G:B</rcs><rcs>G:A</rcs><rcs>G:AJ</rcs></rcs-block></classification-terms><extraction-terms><extr-company-block><bop/><bos/><norm-company oa-id="4295907168">MICROSOFT CORP</norm-company><norm-company-wrap occur-sequence="1,2"><norm-company-name>MICROSOFT CORP</norm-company-name><company-ids><oa-id>4295907168</oa-id><ric norm="MSFT.OQ">MSFT.OQ</ric></company-ids><company-classification><trbc-wrap><trbc type="RCS">B:1796</trbc><trbc type="2012">5720102010</trbc><trbc type="perm-id">4294951205</trbc></trbc-wrap></company-classification><relevancy engine="1C">0.8</relevancy><confidence engine="1C">1</confidence></norm-company-wrap><eos/><eop/></extr-company-block></extraction-terms></indexing></document></n-docbody>
</n-document>
<n-document guid="Id49211b071b511e58f3d837d874466ed"><n-metadata><metadata.block><md.identifiers><md.cites><md.first.line.cite>10/13/15 NEWS 00:00:00</md.first.line.cite><md.second.line.cite>10/13/15 ARKA News Agency 00:00:00</md.second.line.cite></md.cites><md.uuid>Id49211b071b511e58f3d837d874466ed</md.uuid></md.identifiers><md.infotype>news</md.infotype><md.sortkeys><md.ordersequence>f47363bec</md.ordersequence></md.sortkeys><md.descriptions><md.title>DELL INC. BUYING DATA STORAGE EMS FOR $67 BILLION</md.title><md.westlawdescrip><md.readlist>READLIST</md.readlist></md.westlawdescrip></md.descriptions><md.dates><md.publisheddatetime>20151013092930</md.publisheddatetime><md.loaddate>20151013</md.loaddate><md.createddatetime>20151013092930</md.createddatetime></md.dates><md.subjects><md.subject><md.pubtype.name/><md.doctype.name>DNR</md.doctype.name><md.doctype.rank/><md.view>CNGE</md.view><md.view>RGEurope</md.view><md.view>PTNewswires</md.view><md.view>ARKANEWS0063786</md.view><md.view>INALLNEWS_ACTEST</md.view><md.view>INFARNEWS_AC</md.view><md.view>MARKETSEIKON_CN</md.view><md.view>MARKETSEIKON</md.view><md.view>CB_ASIAWIRES</md.view><md.view>INWIRES_AC</md.view><md.view>GULF_INTL</md.view><md.view>ININTNEWS_AC</md.view><md.view>ANZ_INTLOS</md.view><md.view>CLEAR_RF</md.view><md.view>INALLNEWS_AC</md.view><md.view>INNEWSINT_PRO</md.view><md.view>INBUSNEWS</md.view><md.view>INNEWSWORLD_PRO</md.view><md.view>INBUSNEWS_AC</md.view></md.subject></md.subjects><md.jurisdictions><md.jurisdiction><md.jurisstate>FE</md.jurisstate></md.jurisdiction></md.jurisdictions><md.publications><md.publication/><md.sourcepubid>ARKANEWS</md.sourcepubid></md.publications><md.royalty><md.royalty.code>84104</md.royalty.code></md.royalty></metadata.block><news.metadata.block><md.text.preview>COMPANIESYEREVAN, October 13. / ARKA /. Dell Inc. is buying data storage company EMC for $67 billion, according to news reports. The price makes this the largest deal ever between two technology companies, eclipsing Avago Technologies&apos; proposed $37</md.text.preview></news.metadata.block><newsplus.recommendable>1</newsplus.recommendable><n-view>CNGE</n-view><n-view>RGEurope</n-view><n-view>PTNewswires</n-view><n-view>ARKANEWS0063786</n-view><n-view>INALLNEWS_ACTEST</n-view><n-view>INFARNEWS_AC</n-view><n-view>MARKETSEIKON_CN</n-view><n-view>MARKETSEIKON</n-view><n-view>CB_ASIAWIRES</n-view><n-view>INWIRES_AC</n-view><n-view>GULF_INTL</n-view><n-view>ININTNEWS_AC</n-view><n-view>ANZ_INTLOS</n-view><n-view>CLEAR_RF</n-view><n-view>INALLNEWS_AC</n-view><n-view>INNEWSINT_PRO</n-view><n-view>INBUSNEWS</n-view><n-view>INNEWSWORLD_PRO</n-view><n-view>INBUSNEWS_AC</n-view><prism-stylesheet guid="Ia3024d301b6a11d89fc5f34981d3242f"/><prism-clipdate>20151013092930</prism-clipdate></n-metadata>
<n-docbody><document version="1" collection="D-ARKANEWS-T001" first-load-date="20151013092930" ip-product="ARKANEWS" royalty-id="84104" data-model="text" dtd-version="5.2.29" content-type="news" load-language="en" pnac="nNRA0atu36" pnac-date="20151013T142227.403"><supplier-info><supplier-num nitf="doc-id" nitf-regsrc="ARKA News Agency" type="accession">058f0002969bad4f</supplier-num><internal-acc-num db-id="NEPRARKA" type="newz">20151013170.1_V058f0002969bad4f</internal-acc-num><rec-status><last-load-date>20151013092930</last-load-date><nitf-date ne="datereceived">20151013T14:22:27Z</nitf-date><nitf-date nitf="date-issue">20151013T00:00:00Z</nitf-date><last-provider-update>20151013142227</last-provider-update></rec-status><supplier-copyright>Copyright Â© 2015 ARKA<copyright-year/><copyright-holder>ARKA</copyright-holder></supplier-copyright><supplier-note nitf="urgency" nitf-ed-urg="4"/><nitf-meta-content name="recommendable">1</nitf-meta-content><nitf-meta-content name="_newsmlg2-hashtype=nr-htype:doc-group-fuzzy">47345|60780|72711|98619|48833|50141|17293|55116|31685|108229|45269|8750|59122|80775|76546|5028|50916|111973|871|16529|42147|1579|30516|76234|44742|53648|96607|23092|97956|10612|29859|70286|96884|53398|8627|10281|73182|25477|62484|103430|83110|80514|72370|23993|69785|81450|7194|103566|19928|53516|39581|36008|15710|8782|19150|111920|100947|8697|103934|24767|</nitf-meta-content><nitf-meta-content name="_newsmlg2-hashtype=nr-htype:doc-group-content-length">868</nitf-meta-content><nitf-meta-content name="_newsmlg2-hashtype=nr-htype:doc-group-simple">-26ef7186451c2970f4b6a049fc2cff6794e47130</nitf-meta-content><supplier-dtds><dtd dtd-version="working" dtd-date="20150915T00:00:00Z">Canonical Taxonomy</dtd><dtd dtd-version="20150911" dtd-date="20150915T00:00:00Z">Mapping File</dtd></supplier-dtds><copyright-block type="dialog"><service-copyright n-include_guid="Ice671660f30811d88920000083149a14" n-include_collection="D-DIALOGCOPYRIGHTS-T001"/></copyright-block><copyright-block type="west"><service-copyright n-include_guid="I1DA35ED81DD211B281BAD200220BDFCA" n-include_collection="w_wlnv_msg"/></copyright-block><west-citation-block><bop/><first-line-cite><bos/>10/13/15 NEWS 00:00:00<eos/></first-line-cite><second-line-cite><bos/>10/13/15 ARKA News Agency 00:00:00<eos/></second-line-cite><eop/></west-citation-block></supplier-info><title-info iso-language="en"><bop/><title type="headline" nitf-hedline="hl1" key="key-title"><bos/><sort-title><cite.query w-seq-number="00001" w-ref-type="CO" w-normalized-cite="I9514483241EA11DDAD6B0014224D2780" ID="Idc804ad071b611e599bca4e539060a37">DELL INC.</cite.query> BUYING DATA STORAGE EMS FOR $67 BILLION</sort-title><eos/></title><eop/></title-info><pub-info><journal key="key-journal"><bop/><bos/><sort-journal>ARKA News Agency</sort-journal><eos/><eop/></journal><pub-date key="key-date" iso-time="T00:00:00Z" type="date.publication"><full-pub-date>October 13, 2015</full-pub-date><sort-pub-date>20151013</sort-pub-date><sort-pub-timestamp>20151013000000</sort-pub-timestamp><rank-date>20151013</rank-date><currency-timestamp>20151013000000</currency-timestamp></pub-date><original-pub><language iso-language="en">English</language></original-pub><src-data><src-journal-code>ANPV</src-journal-code><src-pub-code>0063786</src-pub-code><src-pub-type>Newswire</src-pub-type><src-pub-country-wrap><src-pub-country-code>GE</src-pub-country-code><src-pub-country>Georgia CIS</src-pub-country></src-pub-country-wrap><src-pub-region>Europe</src-pub-region></src-data></pub-info><content iso-language="en"><total-char-count>1508</total-char-count><derived-word-count><bop/><bos/>Word Count: 240<eos/><eop/></derived-word-count><text type="lead-para"><p nitf="lede"><bop/>COMPANIES<eop/></p><p nitf="lede"><bop/><bos/>YEREVAN, October 13. / ARKA /. <cite.query w-seq-number="00002" w-ref-type="CO" w-normalized-cite="I9514483241EA11DDAD6B0014224D2780" ID="Idca2c6f071b611e599bca4e539060a37">Dell Inc.</cite.query> is buying data storage company <cite.query w-seq-number="00003" w-ref-type="MM" w-normalized-cite="canonical_name::EMC" ID="Idca2c6f171b611e599bca4e539060a37">EMC</cite.query> for $67 billion, according to news reports. <eos/><bos/>The price makes this the largest deal ever between two technology companies, eclipsing <cite.query w-seq-number="00004" w-ref-type="MM" w-normalized-cite="canonical_name::AVAGO TECHNOLOGIES" ID="Idca2c6f271b611e599bca4e539060a37">Avago Technologies</cite.query>&apos; proposed $37 billion acquisition of rival chipmaker <cite.query w-seq-number="00005" w-ref-type="WC" w-normalized-cite="IAD962F61453F11DD8CB60014224D2780" ID="Idca2c6f371b611e599bca4e539060a37">Broadcom</cite.query> announced five months ago.<eos/><eop/></p></text><text type="body"><p><bop/><bos/>Since going private in a $25 billion deal completed in 2013, <cite.query w-seq-number="00006" w-ref-type="CO" w-normalized-cite="I9514483241EA11DDAD6B0014224D2780" ID="Idca733c071b611e599bca4e539060a37">Dell Inc.</cite.query> has been investing in research and development and expanding its software and services business.<eos/><eop/></p><p><bop/><bos/><cite.query w-seq-number="00007" w-ref-type="MM" w-normalized-cite="canonical_name::EMC" ID="Idcb0f7c071b611e599bca4e539060a37">EMC</cite.query> meanwhile has been shifting from a provider of data storage hardware such as on-premise data centers to offering a more comprehensive suite of products to businesses, from cloud storage to security offerings.<eos/><eop/></p><p><bop/><bos/>&quot;Our new company will be exceptionally well-positioned for growth in the most strategic areas of next generation IT including digital transformation, software-defined data center, converged infrastructure, hybrid cloud, mobile and security,<cite.query w-seq-number="00008" w-ref-type="NM" w-normalized-cite="canonical_name::&quot; MICHAEL DELL" ID="Idcb8bff071b611e599bca4e539060a37">&quot; Michael Dell</cite.query> said in a statement.<eos/><eop/></p><p><bop/><bos/><cite.query w-seq-number="00009" w-ref-type="MM" w-normalized-cite="canonical_name::DELL" ID="Idcca733071b611e599bca4e539060a37">Dell</cite.query> will serve as chairman and CEO of the combined company. <eos/><bos/>Joe Tucci, chairman and CEO of <cite.query w-seq-number="00010" w-ref-type="MM" w-normalized-cite="canonical_name::EMC" ID="Idcca733171b611e599bca4e539060a37">EMC</cite.query>, will remain in those roles until the deal is complete.<eos/><eop/></p><p><bop/><bos/>The deal, which was approved by <cite.query w-seq-number="00011" w-ref-type="MM" w-normalized-cite="canonical_name::EMC" ID="Idce5754071b611e599bca4e539060a37">EMC</cite.query>&apos;s board, is set to close in the second or third quarter of <cite.query w-seq-number="00012" w-ref-type="MM" w-normalized-cite="canonical_name::DELL" ID="Idce5754171b611e599bca4e539060a37">Dell</cite.query>&apos;s fiscal year ending Feb. 3, 2017. <eos/><bos/>It still needs approval from <cite.query w-seq-number="00013" w-ref-type="MM" w-normalized-cite="canonical_name::EMC" ID="Idce5754271b611e599bca4e539060a37">EMC</cite.query> shareholders.<eos/><eop/></p><p><bop/><bos/><cite.query w-seq-number="00014" w-ref-type="MM" w-normalized-cite="canonical_name::DELL" ID="Idcf41b4071b611e599bca4e539060a37">Dell</cite.query>, started by <cite.query w-seq-number="00015" w-ref-type="NM" w-normalized-cite="canonical_name::MICHAEL DELL" ID="Idcf41b4171b611e599bca4e539060a37">Michael Dell</cite.query> in 1984 when he was just a teenager, went on to change the PC business with low costs, customized orders and direct sales first over the phone and later the Internet.-0-<eos/><eop/></p></text></content><indexing iso-language="en" value-add="machine-generated"><classification-terms><pres-subject-block><bop/><bos/><pres-subject-wrap><pres-subject>Major Corporations</pres-subject><pres-subject-code>MAJCORP</pres-subject-code><alt1-subject-code>1MA93</alt1-subject-code></pres-subject-wrap><eos/><eop/></pres-subject-block><pres-industry-block><bop/><bos/><pres-industry-wrap><pres-industry>Cloud Computing</pres-industry><pres-industry-code>CLOUD</pres-industry-code><alt1-industry-code>1CL80</alt1-industry-code></pres-industry-wrap><pres-industry-wrap><pres-industry>Computer Equipment</pres-industry><pres-industry-code>CPTROVER</pres-industry-code><alt1-industry-code>1CO77</alt1-industry-code></pres-industry-wrap><pres-industry-wrap><pres-industry>I.T.</pres-industry><pres-industry-code>ITOVER</pres-industry-code><alt1-industry-code>1IT96</alt1-industry-code></pres-industry-wrap><pres-industry-wrap><pres-industry>I.T. Industry Highlights</pres-industry><pres-industry-code>TECHIH</pres-industry-code><alt1-industry-code>1IT04</alt1-industry-code></pres-industry-wrap><pres-industry-wrap><pres-industry>Network Services</pres-industry><pres-industry-code>NWRKSERV</pres-industry-code><alt1-industry-code>1NE60</alt1-industry-code></pres-industry-wrap><pres-industry-wrap><pres-industry>Networking</pres-industry><pres-industry-code>DCTOP10</pres-industry-code><alt1-industry-code>1NE45</alt1-industry-code></pres-industry-wrap><eos/><eop/></pres-industry-block></classification-terms><classification-terms><rcs-block><rcs>B:169</rcs><rcs>B:162</rcs><rcs>M:NL</rcs><rcs>B:161</rcs><rcs>M:1P2</rcs></rcs-block></classification-terms><extraction-terms><extr-company-block><bop/><bos/><norm-company oa-id="4297737915">AVAGO TECHNOLOGIES LTD</norm-company><norm-company-wrap occur-sequence="4"><norm-company-name>AVAGO TECHNOLOGIES LTD</norm-company-name><company-ids><oa-id>4297737915</oa-id><ric norm="AVGO.OQ">AVGO.OQ</ric></company-ids><company-classification><trbc-wrap><trbc type="RCS">B:1740</trbc><trbc type="2012">5710101010</trbc><trbc type="perm-id">4294951261</trbc></trbc-wrap></company-classification><relevancy engine="1C">0.5</relevancy><confidence engine="1C">0.99</confidence></norm-company-wrap><norm-company oa-id="4295905779">BROADCOM CORP</norm-company><norm-company-wrap occur-sequence="5"><norm-company-name>BROADCOM CORP</norm-company-name><company-ids><oa-id>4295905779</oa-id><ric norm="BRCM.OQ">BRCM.OQ</ric></company-ids><company-classification><trbc-wrap><trbc type="RCS">B:1740</trbc><trbc type="2012">5710101010</trbc><trbc type="perm-id">4294951261</trbc></trbc-wrap></company-classification><relevancy engine="1C">0.2</relevancy><confidence engine="1C">0.98</confidence></norm-company-wrap><norm-company oa-id="4295903890">EMC CORP</norm-company><norm-company-wrap occur-sequence="3,7,9,10,12"><norm-company-name>EMC CORP</norm-company-name><company-ids><oa-id>4295903890</oa-id><ric norm="EMC.N">EMC.N</ric></company-ids><company-classification><trbc-wrap><trbc type="RCS">B:1758</trbc><trbc type="2012">5710601010</trbc><trbc type="perm-id">4294951243</trbc></trbc-wrap></company-classification><relevancy engine="1C">0.5</relevancy><confidence engine="1C">1</confidence></norm-company-wrap><norm-company oa-id="5001143265">EQUALLOGIC INC</norm-company><norm-company-wrap occur-sequence="1,2,6,8,11,13"><norm-company-name>EQUALLOGIC INC</norm-company-name><company-ids><oa-id>5001143265</oa-id></company-ids><company-classification><trbc-wrap><trbc type="RCS">B:1796</trbc><trbc type="2012">5720102010</trbc><trbc type="perm-id">4294951205</trbc></trbc-wrap></company-classification><relevancy engine="1C">0.8</relevancy><confidence engine="1C">1</confidence></norm-company-wrap><eos/><eop/></extr-company-block></extraction-terms><extraction-terms><extr-person-block><bop/><bos/><extr-person>Michael S. Dell</extr-person><norm-person-wrap><norm-person-name>Michael S. Dell</norm-person-name><person-ids><od-auth-id>82072</od-auth-id><od-officer-id>82072</od-officer-id><person-perm-id>34413195207</person-perm-id></person-ids><relevancy engine="1C">0.2</relevancy></norm-person-wrap><extr-person>Michael Dell</extr-person><extr-person-wrap><extr-person-name>Michael Dell</extr-person-name><relevancy engine="1C">0.2</relevancy></extr-person-wrap><extr-person>Joseph M. Tucci</extr-person><norm-person-wrap><norm-person-name>Joseph M. Tucci</norm-person-name><person-ids><od-auth-id>112539</od-auth-id><od-officer-id>112539</od-officer-id><person-perm-id>34413215111</person-perm-id></person-ids><relevancy engine="1C">0.2</relevancy></norm-person-wrap><extr-person>Joe Tucci</extr-person><extr-person-wrap><extr-person-name>Joe Tucci</extr-person-name><relevancy engine="1C">0.2</relevancy></extr-person-wrap><eos/><eop/></extr-person-block></extraction-terms></indexing></document></n-docbody>
</n-document>
<n-document guid="Id49b397071b511e59676c306ed255d5c"><n-metadata><metadata.block><md.identifiers><md.cites><md.first.line.cite>10/13/15 NEWS 00:00:00</md.first.line.cite><md.second.line.cite>10/13/15 ARKA News Agency 00:00:00</md.second.line.cite></md.cites><md.uuid>Id49b397071b511e59676c306ed255d5c</md.uuid></md.identifiers><md.infotype>news</md.infotype><md.sortkeys><md.ordersequence>f47363bec</md.ordersequence></md.sortkeys><md.descriptions><md.title>ARMENIAN SECURITIES TO BECOME AVAILABLE FOR INVESTORS FROM AROUND THE WORLD</md.title><md.westlawdescrip><md.readlist>READLIST</md.readlist></md.westlawdescrip></md.descriptions><md.dates><md.publisheddatetime>20151013092930</md.publisheddatetime><md.loaddate>20151013</md.loaddate><md.createddatetime>20151013092930</md.createddatetime></md.dates><md.subjects><md.subject><md.pubtype.name/><md.doctype.name>DNR</md.doctype.name><md.doctype.rank/><md.view>CNGE</md.view><md.view>RGEurope</md.view><md.view>PTNewswires</md.view><md.view>ARKANEWS0063786</md.view><md.view>INALLNEWS_ACTEST</md.view><md.view>INFARNEWS_AC</md.view><md.view>MARKETSEIKON_CN</md.view><md.view>MARKETSEIKON</md.view><md.view>CB_ASIAWIRES</md.view><md.view>INWIRES_AC</md.view><md.view>GULF_INTL</md.view><md.view>ININTNEWS_AC</md.view><md.view>ANZ_INTLOS</md.view><md.view>CLEAR_RF</md.view><md.view>INALLNEWS_AC</md.view><md.view>INNEWSINT_PRO</md.view><md.view>INBUSNEWS</md.view><md.view>INNEWSWORLD_PRO</md.view><md.view>INBUSNEWS_AC</md.view></md.subject></md.subjects><md.jurisdictions><md.jurisdiction><md.jurisstate>FE</md.jurisstate></md.jurisdiction></md.jurisdictions><md.publications><md.publication/><md.sourcepubid>ARKANEWS</md.sourcepubid></md.publications><md.royalty><md.royalty.code>84104</md.royalty.code></md.royalty></metadata.block><news.metadata.block><md.text.preview>STOCK MARKETYEREVAN, October 13. / ARKA /. Armenian securities (government bonds for the time being) will be available for investors from around the world, Konstantin Saroyan, the director of NASDAQ OMX Armenia stock exchange, said in an exclusive</md.text.preview></news.metadata.block><newsplus.recommendable>1</newsplus.recommendable><n-view>CNGE</n-view><n-view>RGEurope</n-view><n-view>PTNewswires</n-view><n-view>ARKANEWS0063786</n-view><n-view>INALLNEWS_ACTEST</n-view><n-view>INFARNEWS_AC</n-view><n-view>MARKETSEIKON_CN</n-view><n-view>MARKETSEIKON</n-view><n-view>CB_ASIAWIRES</n-view><n-view>INWIRES_AC</n-view><n-view>GULF_INTL</n-view><n-view>ININTNEWS_AC</n-view><n-view>ANZ_INTLOS</n-view><n-view>CLEAR_RF</n-view><n-view>INALLNEWS_AC</n-view><n-view>INNEWSINT_PRO</n-view><n-view>INBUSNEWS</n-view><n-view>INNEWSWORLD_PRO</n-view><n-view>INBUSNEWS_AC</n-view><prism-stylesheet guid="Ia3024d301b6a11d89fc5f34981d3242f"/><prism-clipdate>20151013092930</prism-clipdate></n-metadata>
<n-docbody><document version="1" collection="D-ARKANEWS-T001" first-load-date="20151013092930" ip-product="ARKANEWS" royalty-id="84104" data-model="text" dtd-version="5.2.29" content-type="news" load-language="en" pnac="nNRA0atu7j" pnac-date="20151013T142227.463"><supplier-info><supplier-num nitf="doc-id" nitf-regsrc="ARKA News Agency" type="accession">91cc0006d5efde46</supplier-num><internal-acc-num db-id="NEPRARKA" type="newz">20151013170.1_V91cc0006d5efde46</internal-acc-num><rec-status><last-load-date>20151013092930</last-load-date><nitf-date ne="datereceived">20151013T14:22:27Z</nitf-date><nitf-date nitf="date-issue">20151013T00:00:00Z</nitf-date><last-provider-update>20151013142227</last-provider-update></rec-status><supplier-copyright>Copyright Â© 2015 ARKA<copyright-year/><copyright-holder>ARKA</copyright-holder></supplier-copyright><supplier-note nitf="urgency" nitf-ed-urg="4"/><nitf-meta-content name="recommendable">1</nitf-meta-content><nitf-meta-content name="_newsmlg2-hashtype=nr-htype:doc-group-fuzzy">108623|83248|74176|107865|98619|23197|46897|57684|8759|72743|18272|66772|31935|58245|102514|108158|69188|94261|103059|80894|5718|51902|111885|17659|23644|89494|36914|58412|56373|39472|73134|91805|31283|10233|89996|36348|35601|13657|60576|25390|73443|20105|13389|25068|24943|28865|61207|7446|88943|16601|28666|65428|76049|13986|507|81539|8627|59685|15014|93439|</nitf-meta-content><nitf-meta-content name="_newsmlg2-hashtype=nr-htype:doc-group-content-length">1550</nitf-meta-content><nitf-meta-content name="_newsmlg2-hashtype=nr-htype:doc-group-simple">63ee849923e04afe3b56ed16cca8572ca8307403</nitf-meta-content><supplier-dtds><dtd dtd-version="working" dtd-date="20150915T00:00:00Z">Canonical Taxonomy</dtd><dtd dtd-version="20150911" dtd-date="20150915T00:00:00Z">Mapping File</dtd></supplier-dtds><copyright-block type="dialog"><service-copyright n-include_guid="Ice671660f30811d88920000083149a14" n-include_collection="D-DIALOGCOPYRIGHTS-T001"/></copyright-block><copyright-block type="west"><service-copyright n-include_guid="I1DA35ED81DD211B281BAD200220BDFCA" n-include_collection="w_wlnv_msg"/></copyright-block><west-citation-block><bop/><first-line-cite><bos/>10/13/15 NEWS 00:00:00<eos/></first-line-cite><second-line-cite><bos/>10/13/15 ARKA News Agency 00:00:00<eos/></second-line-cite><eop/></west-citation-block></supplier-info><title-info iso-language="en"><bop/><title type="headline" nitf-hedline="hl1" key="key-title"><bos/><sort-title>ARMENIAN SECURITIES TO BECOME AVAILABLE FOR INVESTORS FROM AROUND THE WORLD</sort-title><eos/></title><eop/></title-info><pub-info><journal key="key-journal"><bop/><bos/><sort-journal>ARKA News Agency</sort-journal><eos/><eop/></journal><pub-date key="key-date" iso-time="T00:00:00Z" type="date.publication"><full-pub-date>October 13, 2015</full-pub-date><sort-pub-date>20151013</sort-pub-date><sort-pub-timestamp>20151013000000</sort-pub-timestamp><rank-date>20151013</rank-date><currency-timestamp>20151013000000</currency-timestamp></pub-date><original-pub><language iso-language="en">English</language></original-pub><src-data><src-journal-code>ANPV</src-journal-code><src-pub-code>0063786</src-pub-code><src-pub-type>Newswire</src-pub-type><src-pub-country-wrap><src-pub-country-code>GE</src-pub-country-code><src-pub-country>Georgia CIS</src-pub-country></src-pub-country-wrap><src-pub-region>Europe</src-pub-region></src-data></pub-info><content iso-language="en"><total-char-count>2459</total-char-count><derived-word-count><bop/><bos/>Word Count: 361<eos/><eop/></derived-word-count><text type="lead-para"><p nitf="lede"><bop/><bos/>STOCK MARKET<eos/><eop/></p><p nitf="lede"><bop/><bos/>YEREVAN, October 13. / ARKA /. Armenian securities (government bonds for the time being) will be available for investors from around the world, Konstantin Saroyan, the director of <cite.query w-seq-number="00001" w-ref-type="CO" w-normalized-cite="IB3F93E8029C011DF9BD7C7F341E042AB" ID="Idd517d8071b611e599bca4e539060a37">NASDAQ</cite.query> OMX Armenia stock exchange, said in an exclusive interview with <cite.query w-seq-number="00002" w-ref-type="NM" w-normalized-cite="canonical_name::ARKA" ID="Idd517d8171b611e599bca4e539060a37">ARKA</cite.query>. <eos/><bos/>He said this became possible thanks to securities nominee account opened with <cite.query w-seq-number="00003" w-ref-type="NM" w-normalized-cite="canonical_name::CLEARSTREAM BANKING LUXEMBURG OF CLEARSTREAM DEUTSCHE BORSE GROUP" ID="Idd517d8271b611e599bca4e539060a37">Clearstream Banking Luxemburg of Clearstream Deutsche Borse Group</cite.query> a few years ago.<eos/><eop/></p></text><text type="body"><p><bop/><bos/>He explained that introduction of link with <cite.query w-seq-number="00004" w-ref-type="CO" w-normalized-cite="IDBAF3490E2C911DE916D8A11856AA63E" ID="Idd5bddc071b611e599bca4e539060a37">Clearstream</cite.query> Banking Luxembourg provides Armenian investors with opportunity to invest in securities of 53 developed and developing countries around the world, while the Central Depository of Armenia (<cite.query w-seq-number="00005" w-ref-type="MM" w-normalized-cite="canonical_name::CDA" ID="Idd5bddc171b611e599bca4e539060a37">CDA</cite.query>) ensures servicing of transactions, registry keeping and custody, including registration of ownership rights towards foreign securities.<eos/><eop/></p><p><bop/><bos/>He said another agreement was signed this year to launch the reverse link, which opens access for foreign investors to Armenian securities through the <cite.query w-seq-number="00006" w-ref-type="WC" w-normalized-cite="I05C6216056F211E089AC8CE04EA54993" ID="Idd7977e071b611e599bca4e539060a37">Clearstream Banking</cite.query>. <eos/><bos/>Thus, Armenian securities (in the first stage they are government bonds) will be available to investors worldwide. <eos/><bos/>Saroyan explained that now foreign investors can buy Armenian bonds without opening an account in Armenia. <eos/><bos/>A bank account in <cite.query w-seq-number="00007" w-ref-type="CO" w-normalized-cite="IDBAF3490E2C911DE916D8A11856AA63E" ID="Idd7977e171b611e599bca4e539060a37">Clearstream</cite.query> or in a counteragent bank is enough. &quot;<eos/><bos/>This is a very serious step, because only larger countries have direct links with <cite.query w-seq-number="00008" w-ref-type="CO" w-normalized-cite="IDBAF3490E2C911DE916D8A11856AA63E" ID="Idd7977e271b611e599bca4e539060a37">Clearstream</cite.query> or the <cite.query w-seq-number="00009" w-ref-type="WC" w-normalized-cite="I9CECE551453F11DD8CB60014224D2780" ID="Idd7977e371b611e599bca4e539060a37">European Bank</cite.query> . <eos/><bos/>This is an unprecedented move on part of <cite.query w-seq-number="00010" w-ref-type="NM" w-normalized-cite="canonical_name::CLEARSTREAM BANK" ID="Idd7977e471b611e599bca4e539060a37">Clearstream Bank -</cite.query> to enter our region. <eos/><bos/>It has an agreement also with <cite.query w-seq-number="00011" w-ref-type="WC" w-normalized-cite="I8FC25D0056F911E080258F0E01953BF2" ID="Idd7977e571b611e599bca4e539060a37">Georgia</cite.query>,&quot; he added.<eos/><eop/></p><p><bop/><bos/>According to Saroyan, new opportunities will revitalize local issuers, while foreign investors will start scrutinizing Armenian securities market. <eos/><bos/>As a result, the growing demand will trigger bigger supply.<eos/><eop/></p><p><bop/><bos/><cite.query w-seq-number="00012" w-ref-type="MM" w-normalized-cite="canonical_name::CLEARSTREAM BANKING SA" ID="Idd7ea80071b611e599bca4e539060a37">Clearstream Banking SA</cite.query> is a settlement and clearing organization based in Luxembourg and Frankfurt.<eos/><eop/></p><p><bop/><bos/>It provides storage of securities, as well as clearing and settlement of securities transactions (stocks, bonds and shares of investment funds).<eos/><bos/> It was formed in 2000 through the merger of Cedel and the clearinghouse <cite.query w-seq-number="00013" w-ref-type="CO" w-normalized-cite="IEB6A27500A8E11DEB970BA82C7B89724" ID="Idd9cb75071b611e599bca4e539060a37">Deutsche Boerse</cite.query> Clearing; On July 2002 it came under the full control of <cite.query w-seq-number="00014" w-ref-type="CO" w-normalized-cite="IEB6A27500A8E11DEB970BA82C7B89724" ID="Idd9cb75171b611e599bca4e539060a37">Deutsche Boerse AG.</cite.query> <eos/><bos/>The system consists of three divisions: <cite.query w-seq-number="00015" w-ref-type="CO" w-normalized-cite="IDBAF3490E2C911DE916D8A11856AA63E" ID="Idd9cb75271b611e599bca4e539060a37">Clearstream</cite.query> Banking Frankfurt, <cite.query w-seq-number="00016" w-ref-type="CO" w-normalized-cite="IDBAF3490E2C911DE916D8A11856AA63E" ID="Idd9cb75371b611e599bca4e539060a37">Clearstream</cite.query> Banking Luxembourg and <cite.query w-seq-number="00017" w-ref-type="NM" w-normalized-cite="canonical_name::CLEARSTREAM SERVICES" ID="Idd9cb75471b611e599bca4e539060a37">Clearstream Services</cite.query>.<eos/><eop/></p><p><bop/><bos/>The Central Depository of Armenia (CDA ), the only centralized custodian and registrar in Armenia, is a subsidiary of <cite.query w-seq-number="00018" w-ref-type="CO" w-normalized-cite="IB3F93E8029C011DF9BD7C7F341E042AB" ID="Iddaac11071b611e599bca4e539060a37">NASDAQ</cite.query> OMX Armenia and part of <cite.query w-seq-number="00019" w-ref-type="CO" w-normalized-cite="I259E58B041EA11DDAD6B0014224D2780" ID="Iddaac11171b611e599bca4e539060a37">NASDAQ OMX Group Inc.</cite.query> ($ 1- 473.99 drams).<eos/> -0-<eop/></p></text></content><indexing iso-language="en" value-add="machine-generated"><classification-terms><pres-location-block><bop/><bos/><pres-location-wrap><pres-location>Armenia</pres-location><pres-location-code>ISOAM</pres-location-code><alt1-location-code>1AR09</alt1-location-code></pres-location-wrap><pres-location-wrap><pres-location>CIS Countries</pres-location><pres-location-code>CISSTAT</pres-location-code><alt1-location-code>1CI64</alt1-location-code></pres-location-wrap><pres-location-wrap><pres-location>Central Europe</pres-location><pres-location-code>GEOCEUR</pres-location-code><alt1-location-code>1CE50</alt1-location-code></pres-location-wrap><pres-location-wrap><pres-location>Eastern Europe</pres-location><pres-location-code>GEOEEUR</pres-location-code><alt1-location-code>1EA48</alt1-location-code></pres-location-wrap><pres-location-wrap><pres-location>Europe</pres-location><pres-location-code>GEOEUR</pres-location-code><alt1-location-code>1EU83</alt1-location-code></pres-location-wrap><pres-location-wrap><pres-location>Eurozone Countries</pres-location><pres-location-code>EUROZONE</pres-location-code><alt1-location-code>1EU86</alt1-location-code></pres-location-wrap><pres-location-wrap><pres-location>Germany</pres-location><pres-location-code>ISODE</pres-location-code><alt1-location-code>1GE16</alt1-location-code></pres-location-wrap><pres-location-wrap><pres-location>Luxembourg</pres-location><pres-location-code>ISOLU</pres-location-code><alt1-location-code>1LU87</alt1-location-code></pres-location-wrap><pres-location-wrap><pres-location>Western Europe</pres-location><pres-location-code>GEOWEUR</pres-location-code><alt1-location-code>1WE41</alt1-location-code></pres-location-wrap><eos/><eop/></pres-location-block></classification-terms><classification-terms><pres-subject-block><bop/><bos/><pres-subject-wrap><pres-subject>CIS</pres-subject><pres-subject-code>GEOCIS</pres-subject-code><alt1-subject-code>1CI65</alt1-subject-code></pres-subject-wrap><pres-subject-wrap><pres-subject>Economic Policy &amp; Policymakers</pres-subject><pres-subject-code>ECONRULE</pres-subject-code><alt1-subject-code>1EC69</alt1-subject-code></pres-subject-wrap><pres-subject-wrap><pres-subject>Economics &amp; Trade</pres-subject><pres-subject-code>TRADE</pres-subject-code><alt1-subject-code>1EC26</alt1-subject-code></pres-subject-wrap><pres-subject-wrap><pres-subject>Financial Markets</pres-subject><pres-subject-code>BOURSE</pres-subject-code><alt1-subject-code>1FI87</alt1-subject-code></pres-subject-wrap><pres-subject-wrap><pres-subject>Monetary Policy</pres-subject><pres-subject-code>PTMONET</pres-subject-code><alt1-subject-code>1MO18</alt1-subject-code></pres-subject-wrap><pres-subject-wrap><pres-subject>World Organizations</pres-subject><pres-subject-code>GEOORGS</pres-subject-code><alt1-subject-code>1IN77</alt1-subject-code></pres-subject-wrap><eos/><eop/></pres-subject-block><pres-industry-block><bop/><bos/><pres-industry-wrap><pres-industry>Banking</pres-industry><pres-industry-code>BANKOVER</pres-industry-code><alt1-industry-code>1BA20</alt1-industry-code></pres-industry-wrap><pres-industry-wrap><pres-industry>Banking &amp; Financial Services Software</pres-industry><pres-industry-code>BAS</pres-industry-code><alt1-industry-code>1BA49</alt1-industry-code></pres-industry-wrap><pres-industry-wrap><pres-industry>Financial Services</pres-industry><pres-industry-code>FINSVC</pres-industry-code><alt1-industry-code>1FI37</alt1-industry-code></pres-industry-wrap><pres-industry-wrap><pres-industry>Financial Services Regulatory</pres-industry><pres-industry-code>FINREG</pres-industry-code><alt1-industry-code>1FI03</alt1-industry-code></pres-industry-wrap><pres-industry-wrap><pres-industry>I.T.</pres-industry><pres-industry-code>ITOVER</pres-industry-code><alt1-industry-code>1IT96</alt1-industry-code></pres-industry-wrap><pres-industry-wrap><pres-industry>I.T. Vertical Markets</pres-industry><pres-industry-code>IAS</pres-industry-code><alt1-industry-code>1IT38</alt1-industry-code></pres-industry-wrap><pres-industry-wrap><pres-industry>I.T. in Banking</pres-industry><pres-industry-code>BKITOVR</pres-industry-code><alt1-industry-code>1IT59</alt1-industry-code></pres-industry-wrap><pres-industry-wrap><pres-industry>I.T. in Financial Services</pres-industry><pres-industry-code>FSITOVR</pres-industry-code><alt1-industry-code>1IT24</alt1-industry-code></pres-industry-wrap><pres-industry-wrap><pres-industry>I.T. in Investment Banking</pres-industry><pres-industry-code>INVSTIT</pres-industry-code><alt1-industry-code>1IT47</alt1-industry-code></pres-industry-wrap><pres-industry-wrap><pres-industry>Major Central Banks</pres-industry><pres-industry-code>MAJCBANK</pres-industry-code><alt1-industry-code>1MA01</alt1-industry-code></pres-industry-wrap><eos/><eop/></pres-industry-block></classification-terms><classification-terms><rcs-block><rcs>B:126</rcs><rcs>E:6</rcs><rcs>B:125</rcs><rcs>G:3</rcs><rcs>E:5</rcs><rcs>B:128</rcs><rcs>G:B2</rcs><rcs>B:127</rcs><rcs>G:7I</rcs><rcs>G:3D</rcs><rcs>G:Y</rcs><rcs>M:NL</rcs><rcs>G:7M</rcs><rcs>B:161</rcs><rcs>M:8</rcs><rcs>E:B</rcs><rcs>G:B</rcs><rcs>G:A</rcs><rcs>G:AJ</rcs><rcs>M:DU</rcs><rcs>G:AL</rcs></rcs-block></classification-terms><extraction-terms><extr-company-block><bop/><bos/><norm-company oa-id="5000775478">CLEARSTREAM SERVICES SA</norm-company><norm-company-wrap occur-sequence="14"><norm-company-name>CLEARSTREAM SERVICES SA</norm-company-name><company-ids><oa-id>5000775478</oa-id></company-ids><relevancy engine="1C">0.2</relevancy><confidence engine="1C">0.91</confidence></norm-company-wrap><norm-company oa-id="5000650602">CLEARSTREAM BANKING</norm-company><norm-company-wrap occur-sequence="6"><norm-company-name>CLEARSTREAM BANKING</norm-company-name><company-ids><oa-id>5000650602</oa-id></company-ids><relevancy engine="1C">0.2</relevancy><confidence engine="1C">0.72</confidence></norm-company-wrap><norm-company oa-id="4296839552">CLEARING CORP (THE)</norm-company><norm-company-wrap occur-sequence="7,8,10"><norm-company-name>CLEARING CORP (THE)</norm-company-name><company-ids><oa-id>4296839552</oa-id></company-ids><company-classification><trbc-wrap><trbc type="RCS">B:1650</trbc><trbc type="2012">5510205012</trbc><trbc type="perm-id">4294951351</trbc></trbc-wrap></company-classification><relevancy engine="1C">0.2</relevancy><confidence engine="1C">0.97</confidence></norm-company-wrap><norm-company oa-id="4297049191">CLEARSTREAM BANKING SA</norm-company><norm-company-wrap occur-sequence="2,4,5,12,13"><norm-company-name>CLEARSTREAM BANKING SA</norm-company-name><company-ids><oa-id>4297049191</oa-id></company-ids><company-classification><trbc-wrap><trbc type="RCS">B:1633</trbc><trbc type="2012">5510201010</trbc><trbc type="perm-id">4294951368</trbc></trbc-wrap></company-classification><relevancy engine="1C">0.2</relevancy><confidence engine="1C">0.96</confidence></norm-company-wrap><norm-company oa-id="4298007872">DEUTSCHE BOERSE AG</norm-company><norm-company-wrap occur-sequence="3,9,11"><norm-company-name>DEUTSCHE BOERSE AG</norm-company-name><company-ids><oa-id>4298007872</oa-id><ric norm="DB1Gn.DE">DB1Gn.DE</ric></company-ids><company-classification><trbc-wrap><trbc type="RCS">B:1648</trbc><trbc type="2012">5510205010</trbc><trbc type="perm-id">4294951353</trbc></trbc-wrap></company-classification><relevancy engine="1C">0.5</relevancy><confidence engine="1C">1</confidence></norm-company-wrap><norm-company oa-id="5000143907">NASDAQ OMX ARMENIA OPEN JSK</norm-company><norm-company-wrap occur-sequence="1,15"><norm-company-name>NASDAQ OMX ARMENIA OPEN JSK</norm-company-name><company-ids><oa-id>5000143907</oa-id></company-ids><relevancy engine="1C">0.2</relevancy><confidence engine="1C">0.92</confidence></norm-company-wrap><norm-company oa-id="8589934167">NASDAQ OMX GROUP INC (THE)</norm-company><norm-company-wrap occur-sequence="16"><norm-company-name>NASDAQ OMX GROUP INC (THE)</norm-company-name><company-ids><oa-id>8589934167</oa-id><ric norm="NDAQ.OQ">NDAQ.OQ</ric></company-ids><company-classification><trbc-wrap><trbc type="RCS">B:1648</trbc><trbc type="2012">5510205010</trbc><trbc type="perm-id">4294951353</trbc></trbc-wrap></company-classification><relevancy engine="1C">0.2</relevancy><confidence engine="1C">0.99</confidence></norm-company-wrap><eos/><eop/></extr-company-block></extraction-terms><extraction-terms><extr-person-block><bop/><bos/><extr-person>Konstantin Saroyan</extr-person><extr-person-wrap><extr-person-name>Konstantin Saroyan</extr-person-name><relevancy engine="1C">0.8</relevancy></extr-person-wrap><eos/><eop/></extr-person-block></extraction-terms></indexing></document></n-docbody>
</n-document>
<n-document guid="Id6d187f0719511e5837e96825677efc9"><n-metadata><metadata.block><md.identifiers><md.cites><md.parallelcite><md.parallelcite.info><md.display.parallelcite type="WLNR">2015 WLNR 30330546</md.display.parallelcite></md.parallelcite.info></md.parallelcite><md.first.line.cite>10/12/15 BANKSVCS (No Page)</md.first.line.cite><md.second.line.cite>10/12/15 ARKA Banking Services Bull. (Pg. Unavail. Online)</md.second.line.cite></md.cites><md.uuid>Id6d187f0719511e5837e96825677efc9</md.uuid></md.identifiers><md.infotype>news</md.infotype><md.sortkeys><md.ordersequence>f469da56c</md.ordersequence></md.sortkeys><md.descriptions><md.title>PRESS-CLIPPING</md.title><md.westlawdescrip><md.readlist>READLIST</md.readlist></md.westlawdescrip></md.descriptions><md.dates><md.publisheddatetime>20151013054212</md.publisheddatetime><md.loaddate>20151013</md.loaddate><md.createddatetime>20151013054212</md.createddatetime></md.dates><md.subjects><md.subject><md.pubtype.name/><md.doctype.name>DNR</md.doctype.name><md.doctype.rank/><md.view>CNAM</md.view><md.view>RGEurope</md.view><md.view>PTMagazines</md.view><md.view>ARKANEWS0064119</md.view><md.view>ININTNEWS_AC</md.view><md.view>INFINNEWS</md.view><md.view>INALLNEWS_ACTEST</md.view><md.view>INFARNEWS_AC</md.view><md.view>ANZ_INTLBTI</md.view><md.view>INALLNEWS_AC</md.view><md.view>CLEAR_RF</md.view><md.view>INBUSNEWS</md.view><md.view>INBANKNEWS_AC</md.view><md.view>INBUSNEWS_AC</md.view></md.subject></md.subjects><md.jurisdictions><md.jurisdiction><md.jurisstate>FE</md.jurisstate></md.jurisdiction></md.jurisdictions><md.publications><md.publication/><md.sourcepubid>ARKANEWS</md.sourcepubid></md.publications><md.royalty><md.royalty.code>77232</md.royalty.code></md.royalty></metadata.block><news.metadata.block><md.text.preview>A monitoring of Armenian media reports on the local commercial banks&apos; performance shows that the top news from October 5 to 9 was a report about Ameriabank that is introducing a new BankWorld omnichannel banking platform which marks CR2&apos;s first</md.text.preview></news.metadata.block><newsplus.recommendable/><n-view>CNAM</n-view><n-view>RGEurope</n-view><n-view>PTMagazines</n-view><n-view>ARKANEWS0064119</n-view><n-view>ININTNEWS_AC</n-view><n-view>INFINNEWS</n-view><n-view>INALLNEWS_ACTEST</n-view><n-view>INFARNEWS_AC</n-view><n-view>ANZ_INTLBTI</n-view><n-view>INALLNEWS_AC</n-view><n-view>CLEAR_RF</n-view><n-view>INBUSNEWS</n-view><n-view>INBANKNEWS_AC</n-view><n-view>INBUSNEWS_AC</n-view><prism-stylesheet guid="Ia3024d301b6a11d89fc5f34981d3242f"/><prism-clipdate>20151013054212</prism-clipdate></n-metadata>
<n-docbody><document version="1" collection="D-ARKANEWS-T001" first-load-date="20151013054212" ip-product="ARKANEWS" royalty-id="77232" data-model="text" dtd-version="5.2.29" content-type="news" load-language="en" pnac="nNRA0asokj" pnac-date="20151013T103327.279"><supplier-info><supplier-num nitf="doc-id" nitf-regsrc="ARKA Banking Services Bulletin" type="accession">1e980093f0806921</supplier-num><internal-acc-num db-id="NEPRARKA" type="newz">20151012170.4_V1e980093f0806921</internal-acc-num><rec-status><last-load-date>20151013054212</last-load-date><nitf-date ne="datereceived">20151013T10:33:27Z</nitf-date><nitf-date nitf="date-issue">20151012T00:00:00Z</nitf-date><last-provider-update>20151013103327</last-provider-update></rec-status><supplier-copyright>Copyright Â© 2015 ARKA<copyright-year/><copyright-holder>ARKA</copyright-holder></supplier-copyright><supplier-note nitf="urgency" nitf-ed-urg="4"/><nitf-meta-content name="_newsmlg2-hashtype=nr-htype:doc-group-fuzzy">52749|36499|32876|39952|24298|19680|109071|112887|65543|4219|99515|98619|87699|59895|74185|88031|42839|57684|64748|42501|19817|103918|69980|51155|31793|108857|9837|80493|31935|43913|31060|39655|37997|2272|100993|27827|212|75828|106965|74088|111165|7033|81433|746|53396|90957|48230|91624|102550|55954|23003|6122|96156|39299|27852|21606|79879|75436|32940|10302|</nitf-meta-content><nitf-meta-content name="_newsmlg2-hashtype=nr-htype:doc-group-content-length">7470</nitf-meta-content><nitf-meta-content name="_newsmlg2-hashtype=nr-htype:doc-group-simple">3406eb0358cf66b74da6d6698250b24bc6777aba</nitf-meta-content><supplier-dtds><dtd dtd-version="working" dtd-date="20150915T00:00:00Z">Canonical Taxonomy</dtd><dtd dtd-version="20150911" dtd-date="20150915T00:00:00Z">Mapping File</dtd></supplier-dtds><copyright-block type="dialog"><service-copyright n-include_guid="Ice671660f30811d88920000083149a14" n-include_collection="D-DIALOGCOPYRIGHTS-T001"/></copyright-block><copyright-block type="west"><service-copyright n-include_guid="I1DA35ED81DD211B281BAD200220BDFCA" n-include_collection="w_wlnv_msg"/></copyright-block><west-citation-block><bop/><first-line-cite><bos/>10/12/15 BANKSVCS (No Page)<eos/></first-line-cite><second-line-cite><bos/>10/12/15 ARKA Banking Services Bull. (Pg. Unavail. Online)<eos/></second-line-cite><westlawcite><bos/>2015 WLNR 30330546<eos/></westlawcite><eop/></west-citation-block></supplier-info><title-info iso-language="en"><bop/><title type="headline" nitf-hedline="hl1" key="key-title"><bos/><sort-title>PRESS-CLIPPING</sort-title><eos/></title><eop/></title-info><pub-info><journal key="key-journal"><bop/><bos/><sort-journal>ARKA Banking Services Bulletin</sort-journal><eos/><eop/></journal><pub-date key="key-date" iso-time="T00:00:00Z" type="date.publication"><full-pub-date>October 12, 2015</full-pub-date><sort-pub-date>20151012</sort-pub-date><sort-pub-timestamp>20151012000000</sort-pub-timestamp><rank-date>20151012</rank-date><currency-timestamp>20151012000000</currency-timestamp></pub-date><original-pub><language iso-language="en">English</language></original-pub><src-data><src-journal-code>ANPY</src-journal-code><src-pub-code>0064119</src-pub-code><src-pub-type>Newsletter</src-pub-type><src-pub-country-wrap><src-pub-country-code>AM</src-pub-country-code><src-pub-country>Armenia</src-pub-country></src-pub-country-wrap><src-pub-region>Europe</src-pub-region></src-data></pub-info><content iso-language="en"><total-char-count>12162</total-char-count><derived-word-count><bop/><bos/>Word Count: 1860<eos/><eop/></derived-word-count><text type="lead-para"><p nitf="lede"><bop/><bos/>A monitoring of Armenian media reports on the local commercial banks&apos; performance shows that the top news from October 5 to 9 was a report about Ameriabank that is introducing a new BankWorld omnichannel banking platform which marks CR2&apos;s first project in Armenia.<eos/><eop/></p><p nitf="lede"><bop/><bos/>Acting through its subsidiary ACBA Leasing, ACBA-<cite.query w-seq-number="00001" w-ref-type="NM" w-normalized-cite="canonical_name::CREDIT AGRICOLE BANK" ID="I36a8a310719711e5bc5beebdea3567e0">CREDIT AGRICOLE BANK</cite.query> was the chief sponsor of the traditional Harvest Festival in the Lori region of Armenia.<eos/><eop/></p></text><text type="body"><p><bop/><bos/><cite.query w-seq-number="00002" w-ref-type="WC" w-normalized-cite="I943C783B453F11DD8CB60014224D2780" ID="I36b54d40719711e5bc5beebdea3567e0">Armenian Development Bank</cite.query> has received ISO/IEC 27001:2013 certificate from <cite.query w-seq-number="00003" w-ref-type="WC" w-normalized-cite="IAB36C1C242B111DD961A0014224D2780" ID="I36b54d41719711e5bc5beebdea3567e0">Bureau Veritas</cite.query>.<eos/><eop/></p><p><bop/><bos/>Anelik Bank offers 180 tablets for its customers- holders of <cite.query w-seq-number="00004" w-ref-type="MM" w-normalized-cite="canonical_name::MASTERCARD" ID="I36bca040719711e5bc5beebdea3567e0">MasterCard</cite.query> and Maestro banking cards.<eos/><eop/></p><p><bop/><bos/>Four teams, all composed of VTB Bank (Armenia) employees, fought last Sunday for the bank&apos;s Mini-Football Cup.<eos/><eop/></p><p><bop/><bos/>It has also become known from media reports that all state and public non-commercial organizations - secondary schools, kindergartens, colleges, vocational and other schools - can use VTB Bank (Armenia) Bank-Client system without having to pay account service fee.<eos/><eop/></p><p><bop/><bos/>In the time span from October 5 to 9 media carried reports about five Armenian banks.<eos/><eop/></p><p><bop/><bos/>Azg, Golos Armenii, Novoe <cite.query w-seq-number="00005" w-ref-type="NM" w-normalized-cite="canonical_name::VREMYA" ID="I36c88720719711e5bc5beebdea3567e0">Vremya</cite.query>, Aravot, Delovoy Express, Hayastani Hanrapetutyun, Respublika Armenia, Haykakan Zhamanak, Hayots Ashkhar, Iravunk, Hraparak, Chorrord Ishkhanutyun, Zhamanak, Zhoghovurd and 168 Zham newspapers were used to collect the information. <eos/><bos/>Panarmenian, ARKA, Armbanks, Banks, Arminfo, Finport and Panorama and <cite.query w-seq-number="00006" w-ref-type="MM" w-normalized-cite="canonical_name::EBANK" ID="I36c88721719711e5bc5beebdea3567e0">Ebank</cite.query> Internet resources were used as well. ---0---<eos/><eop/></p><section-title>ACBA-CREDIT AGRICOLE BANK ACTS AS CHIEF SPONSOR OF HARVEST FESTIVAL IN LORI REGION</section-title><p><bop/><bos/>Acting through its subsidiary ACBA Leasing, ACBA-<cite.query w-seq-number="00007" w-ref-type="NM" w-normalized-cite="canonical_name::CREDIT AGRICOLE BANK" ID="I36de3200719711e5bc5beebdea3567e0">CREDIT AGRICOLE BANK</cite.query> was the chief sponsor of the traditional Harvest Festival in the Lori region of Armenia, the press service of the bank told <cite.query w-seq-number="00008" w-ref-type="NM" w-normalized-cite="canonical_name::ARKA" ID="I36de3201719711e5bc5beebdea3567e0">ARKA</cite.query>.<eos/><eop/></p><p><bop/><bos/>It said the Harvest Festival started with a prize drawing with the regional administration and ACBA CREDIT AGRICOLE BANK officials handing symbolic prizes and diplomas. <eos/><bos/>The grand prize was handed to the Spitak community. <eos/><bos/>Voskan Zakaryan, the manager of the bank&apos;s Lori branch is quoted as saying in a press release that this festival is the celebration of the crops, grown by local farmers.<eos/><eop/></p><p><bop/><bos/>&quot;Naturally, we could not fail to be next to them,&apos; he said.<eos/><eop/></p><p><bop/><bos/>Sources: www.armbanks.am 5.10.2015, www.banks.am 5.10.2015<eos/><eop/></p><section-title>AMERIABANK INTRODUCING BANKWORLD OMNICHANNEL BANKING PLATFORM IN ARMENIA</section-title><p><bop/><bos/>Ameriabank said that in cooperation with Ireland-based CR2 it is introducing a new BankWorld omnichannel banking platform which marks CR2&apos;s first project in Armenia.<eos/><eop/></p><p><bop/><bos/>CR2 is a leading software company specialised in innovative self-service and remote banking solutions. <eos/><bos/>The company has more than 100 customers in over 60 countries worldwide, including <cite.query w-seq-number="00009" w-ref-type="CO" w-normalized-cite="I59DA5B8041ED11DDAD6B0014224D2780" ID="I36e84420719711e5bc5beebdea3567e0">Standard Bank</cite.query>, <cite.query w-seq-number="00010" w-ref-type="MM" w-normalized-cite="canonical_name::STANDARD CHARTERED BANK" ID="I36e84421719711e5bc5beebdea3567e0">Standard Chartered Bank</cite.query> and other leading financial institutions.<eos/><eop/></p><p><bop/><bos/>BankWorld will enable Ameriabank to offer cutting-edge banking solutions available 24/7 via the self-service channels including the ATM and Kiosk network as well as the Internet and Mobile Banking channels.<eos/><eop/></p><p><bop/><bos/>This will be a new world in the Armenian financial market as all remote banking channels will be unified in a single platform providing clients with maximum convenience and standardising access to all services via any remote banking channel.<eos/><eop/></p><p><bop/><bos/>Sources: www.arka.am 5.10.2015, www.finport.am 5.10.2015, www.banks.am 5.10.2015, www.panorama.am/ 5.10.2015, www.panarmenian.net/ 5.10.2015<eos/><eop/></p><section-title>ARMENIAN DEVELOPMENT BANK RECEIVES ISO/IEC 27001:2013 FROM BUREAU VERITAS</section-title><p><bop/><bos/><cite.query w-seq-number="00011" w-ref-type="WC" w-normalized-cite="I943C783B453F11DD8CB60014224D2780" ID="I36f3dce0719711e5bc5beebdea3567e0">Armenian Development Bank</cite.query> has received ISO/IEC 27001:2013 certificate from <cite.query w-seq-number="00012" w-ref-type="WC" w-normalized-cite="IAB36C1C242B111DD961A0014224D2780" ID="I36f3dce1719711e5bc5beebdea3567e0">Bureau Veritas</cite.query>.<eos/><eop/></p><p><bop/><bos/>Source: www.banks.am 9.10.2015<eos/><eop/></p><section-title>ANELIK BANK OFFERS 180 TABLETS TO ITS CUSTOMERS</section-title><p><bop/><bos/>Anelik Bank offers 180 tablets for its customers- holders of <cite.query w-seq-number="00013" w-ref-type="MM" w-normalized-cite="canonical_name::MASTERCARD" ID="I36fb7e00719711e5bc5beebdea3567e0">MasterCard</cite.query> and Maestro banking cards. <eos/><bos/>Tablets can be won in a drawing by customers who will make 30 and more cashless transactions worth at least 300,000 drams from October 15 to December 15, apart from online transactions.<eos/><eop/></p><p><bop/><bos/>This joint offer implemented by <cite.query w-seq-number="00014" w-ref-type="NM" w-normalized-cite="canonical_name::ARMENIAN CARD" ID="I370edef0719711e5bc5beebdea3567e0">Armenian Card</cite.query>, <cite.query w-seq-number="00015" w-ref-type="NM" w-normalized-cite="canonical_name::MASTERCARD AND ANELIK BANK" ID="I370edef1719711e5bc5beebdea3567e0">MasterCard and Anelik Bank</cite.query> is designed to encourage cashless transactions, to use actively <cite.query w-seq-number="00016" w-ref-type="MM" w-normalized-cite="canonical_name::MASTERCARD" ID="I370edef2719711e5bc5beebdea3567e0">MasterCard</cite.query> cards and to attract new cardholders, the bank said in a press release.<eos/><eop/></p><p><bop/><bos/>&quot;We have joined this offer gladly whose motto is &apos;Convert money to gifts,&apos; which is aimed at encouraging cashless transactions. <eos/><bos/>This time <cite.query w-seq-number="00017" w-ref-type="CO" w-normalized-cite="IAB5AD290E2CE11DE916D8A11856AA63E" ID="I378128c0719711e5bc5beebdea3567e0">Anelik Bank</cite.query> and its partners have pleasant surprises for their customers,&apos; a press officer of the bank, <cite.query w-seq-number="00018" w-ref-type="NM" w-normalized-cite="canonical_name::ASTGHIK MARTIROSYAN" ID="I378128c1719711e5bc5beebdea3567e0">Astghik Martirosyan</cite.query> is quoted as saying.<eos/><eop/></p><p><bop/><bos/>She said the bank is working to offer all its customers convenient banking tools as well as useful and pleasant gifts.<eos/><eop/></p><p><bop/><bos/>Sources: www.armbanks.am 7.10.2015, www.finport.am 7.10.2015, www.banks.am 7.10.2015,<eos/><eop/></p><section-title>FOUR TEAMS FOUGHT FOR VTB BANK (ARMENIA) MINI-FOOTBALL CUP</section-title><p><bop/><bos/>Four teams, all composed of VTB Bank (Armenia) employees, fought last Sunday for the bank&apos;s Mini-Football Cup. &apos;<eos/><bos/>Sales&apos; team, made of employees of POS lending group and &quot;<cite.query w-seq-number="00019" w-ref-type="MM" w-normalized-cite="canonical_name::UNITED" ID="I37906b00719711e5bc5beebdea3567e0">United</cite.query>&quot; team comprising employees of the banking risks monitoring unit and operations dapartment played for the third place. <eos/><bos/>The winner was the &quot;<cite.query w-seq-number="00020" w-ref-type="MM" w-normalized-cite="canonical_name::UNITED" ID="I37906b01719711e5bc5beebdea3567e0">United</cite.query>&quot; team. <eos/><bos/>The Cup was fought for by &quot;KMB&quot; team, composed of employees of small business management unit and &quot;Yerevan 1&quot; team, composed of employees of the bank&apos;s Yerevan branches. <eos/><bos/>The Cup was handed to &quot;<cite.query w-seq-number="00021" w-ref-type="WC" w-normalized-cite="IDD3844E0FF6F11E084BD9FF55C91DD55" ID="I37906b02719711e5bc5beebdea3567e0">KMB</cite.query>&quot; team. <eos/><bos/>The bank&apos;s leadership congratulated all the participants and presented the winners with medals and the grand prize. <eos/><bos/>The best scorer of the tournament and the author of the best goal was Vahe Arsenyan from &quot;<cite.query w-seq-number="00022" w-ref-type="WC" w-normalized-cite="IDD3844E0FF6F11E084BD9FF55C91DD55" ID="I37906b03719711e5bc5beebdea3567e0">KMB</cite.query>&quot; team.<eos/><eop/></p><p><bop/><bos/>Sources: www.armbanks.am 5.10.2015, www.arka.am 5.10.2015, www.finport.am 5.10.2015, www.banks.am 10.10.2015, www.arminfo.am 10.10.2015<eos/><eop/></p><section-title>VTB BANK (ARMENIA) OFFERS BANK-CLIENT SYSTEM</section-title><p><bop/><bos/><cite.query w-seq-number="00023" w-ref-type="WC" w-normalized-cite="IF40B3643453D11DD94140014224D2780" ID="I379462a0719711e5bc5beebdea3567e0">VTB Bank (Armenia</cite.query>) said that all state and public non-commercial organizations - secondary schools, kindergartens, colleges, vocational and other schools- can use its Bank-Client system without having to pay account service fee.<eos/><eop/></p><p><bop/><bos/>It said the Bank - Client system is designed for online management of customer accounts. <eos/><bos/>It provides secure access to financial and reference data via the Internet. <eos/><bos/>According to a press release, the system enables customers to make the following online operations - use reference books, make non-cash transactions, including payments in Armenian drams and foreign currency, send messages to the bank and make inquires about specific transactions and accounts, apply for a next tranche from the loan accounts, etc.), obtain statements and information on the accounts and operations for any period of time.<eos/><eop/></p><p><bop/><bos/>Sources: www.armbanks.am 9.10.2015, www.arka.am 9.10.2015, www.finport.am 9.10.2015, www.banks.am 9.10.2015, www.arminfo.am 9.10.2015, www.panorama.am/ 9.10.2015<eos/><eop/></p><section-title>LENDING BECAME MORE EXPENSIVE IN AUGUST</section-title><p><bop/><bos/>In 2015 August Armenian banks&apos; loans were more expensive than in the previous month, the <cite.query w-seq-number="00024" w-ref-type="MM" w-normalized-cite="canonical_name::CENTRAL BANK" ID="I3799b9d0719711e5bc5beebdea3567e0">Central Bank</cite.query> said today adding that both short-term and long-term loans in drams and in US Dollars became more costly.<eos/><eop/></p><p><bop/><bos/>More precisely, interest rates on loans in Armenian drams repayable in less than 12 months increased by 0.68 percentage points to 18.86%, while loans in US dollars increased by 0.37 percentage points to 10.76%. <eos/><bos/>Interest rates on loans in drams repayable in more than a year rose by 0.61 percentage points to 18.26%, and loans in US Dollars became more expensive by 0.7 percentage points being issued at 11.79%.<eos/><eop/></p><p><bop/><bos/>The rise is primarily explained by high refinancing rate. <eos/><bos/>Following a dramatic depreciation of dram at the end of 2014 the <cite.query w-seq-number="00025" w-ref-type="MM" w-normalized-cite="canonical_name::CENTRAL BANK" ID="I379ee9f0719711e5bc5beebdea3567e0">Central Bank</cite.query> raised the refinancing rate from 6.75% to 8.5%. <eos/><bos/>Within 8 months of this year the refinancing rate was raised twice to 10.5% and 10.25%.<eos/><eop/></p><p><bop/><bos/>Another factor affecting the interest rates is high level forex reserve requirements. <eos/><bos/>In December 2014 the requirement was raised from 12% to 24%. <eos/><bos/>Today, the forex reserve requirement is 20%.<eos/><eop/></p><p><bop/><bos/>Source: www.armbanks.am 6.10.2015<eos/><eop/></p><section-title>RATES ON DRAM LOANS MAY DROP DEPENDING ON SEVERAL FACTORS, CENTRAL BANK DEPUTY GOVERNOR SAYS</section-title><p><bop/><bos/>Interest rates on loans in Armenian national currency, the dram, may drop depending on inflation forecasts, monetary policies and the refinancing rate, a deputy governor of the <cite.query w-seq-number="00026" w-ref-type="NM" w-normalized-cite="canonical_name::CENTRAL BANK NERSES YERITSYAN" ID="I37a68b10719711e5bc5beebdea3567e0">Central Bank, Nerses Yeritsyan</cite.query>, told the parliament on Tuesday.<eos/><eop/></p><p><bop/><bos/>According to him, inflation projections for the next three years are quite low, although inflationary pressures are possible. <eos/><bos/>As regards the refinancing rate, Yeritsyan said the regulator keeps it unchanged, but in the case of emergence of new inflation expectations, it may even be reduced. &quot;<eos/><bos/>There was a short-term sharp rise in rates, which was due to the crisis and shocks on the market in late 2014, as well as sharp fluctuations in the exchange rate,&quot; Yeritsyan said, adding that these trends are no longer observed.<eos/><eop/></p><p><bop/><bos/>According to the <cite.query w-seq-number="00027" w-ref-type="MM" w-normalized-cite="canonical_name::CENTRAL BANK" ID="I37abe240719711e5bc5beebdea3567e0">Central Bank</cite.query>, in August interest rates on loans in Armenian drams repayable in less than 12 months increased by 0.68 percentage points to 18.86%, while loans in US dollars increased by 0.37 percentage points to 10.76%. <eos/><bos/>Interest rates on loans in drams repayable in more than a year rose by 0.61 percentage points to 18.26%, and loans in US Dollars became more expensive by 0.7 percentage points being issued at 11.79%.<eos/><eop/></p><p><bop/><bos/>Source: www.armbanks.am 6.10.2015<eos/><eop/></p><section-title>DEPOSITS AT ARMENIA&apos;S COMMERCIAL BANKS REDUCE 0.8% TO AMD 1 835.6 BILLION IN AUGUST</section-title><p><bop/><bos/>Deposits at Armenia&apos;s commercial banks totaled <cite.query w-seq-number="00028" w-ref-type="CO" w-normalized-cite="I27218B6541EC11DDAD6B0014224D2780" ID="I37b000f0719711e5bc5beebdea3567e0">AMD</cite.query> 1 835.6 billion in late August after shrinking 0.8% over one month.<eos/><eop/></p><p><bop/><bos/>Residents&apos; deposits in the banks shrank 0.8% to <cite.query w-seq-number="00029" w-ref-type="CO" w-normalized-cite="I27218B6541EC11DDAD6B0014224D2780" ID="I37ba1310719711e5bc5beebdea3567e0">AMD</cite.query> 1 422.1 billion. <eos/><bos/>Their deposits in drams amounted to <cite.query w-seq-number="00030" w-ref-type="CO" w-normalized-cite="I27218B6541EC11DDAD6B0014224D2780" ID="I37ba1311719711e5bc5beebdea3567e0">AMD</cite.query> 497.5 billion (3.1% decline), and in foreign currencies to <cite.query w-seq-number="00031" w-ref-type="CO" w-normalized-cite="I27218B6541EC11DDAD6B0014224D2780" ID="I37ba1312719711e5bc5beebdea3567e0">AMD</cite.query> 924.6 billion (0.4% growth).<eos/><eop/></p><p><bop/><bos/>Residents&apos; demand deposits shrank 4% to <cite.query w-seq-number="00032" w-ref-type="CO" w-normalized-cite="I27218B6541EC11DDAD6B0014224D2780" ID="I37c0f0e0719711e5bc5beebdea3567e0">AMD</cite.query> 417.7 billion, of which deposits in drams amounted to <cite.query w-seq-number="00033" w-ref-type="CO" w-normalized-cite="I27218B6541EC11DDAD6B0014224D2780" ID="I37c0f0e1719711e5bc5beebdea3567e0">AMD</cite.query> 174.6 billion and in foreign currencies to AM D 243.1 billion.<eos/><eop/></p><p><bop/><bos/>Their time deposits grew 0.5% to <cite.query w-seq-number="00034" w-ref-type="CO" w-normalized-cite="I27218B6541EC11DDAD6B0014224D2780" ID="I37d05a30719711e5bc5beebdea3567e0">AMD</cite.query> 1 trillion, of which <cite.query w-seq-number="00035" w-ref-type="CO" w-normalized-cite="I27218B6541EC11DDAD6B0014224D2780" ID="I37d05a31719711e5bc5beebdea3567e0">AMD</cite.query> 322.9 billion, of which deposits in drams amounted to <cite.query w-seq-number="00036" w-ref-type="CO" w-normalized-cite="I27218B6541EC11DDAD6B0014224D2780" ID="I37d05a32719711e5bc5beebdea3567e0">AMD</cite.query> 322.9 billion and in foreign currencies <cite.query w-seq-number="00037" w-ref-type="CO" w-normalized-cite="I27218B6541EC11DDAD6B0014224D2780" ID="I37d05a33719711e5bc5beebdea3567e0">AMD</cite.query> 681.5 billion.<eos/><eop/></p><p><bop/><bos/>Source: www.armbanks.am 6.10.2015<eos/><eop/></p><section-title>ARMENIAN CENTRAL BANK NOT TO BUY GOLD YET</section-title><p><bop/><bos/>Given the current prices of gold Armenia&apos;s <cite.query w-seq-number="00038" w-ref-type="MM" w-normalized-cite="canonical_name::CENTRAL BANK" ID="I37e011a0719711e5bc5beebdea3567e0">Central Bank</cite.query> is not going to buy it from international markets now, a deputy governor of the <cite.query w-seq-number="00039" w-ref-type="NM" w-normalized-cite="canonical_name::CENTRAL BANK NERSES YERITSYAN" ID="I37e011a1719711e5bc5beebdea3567e0">Central Bank, Nerses Yeritsyan</cite.query>, told the parliament on Tuesday and recalled that Armenia has no gold reserves at all.<eos/><eop/></p><p><bop/><bos/>In late 2003 the <cite.query w-seq-number="00040" w-ref-type="MM" w-normalized-cite="canonical_name::CENTRAL BANK" ID="I37e4cc90719711e5bc5beebdea3567e0">Central Bank</cite.query> made a strategic decision not to use gold in its external gross reserves and sold 1.4 tons of gold for $17 million. <eos/><bos/>The move was explained by &apos;the high liquidity on the gold market over the past few years.&apos;<eos/><eop/></p><p><bop/><bos/>The <cite.query w-seq-number="00041" w-ref-type="MM" w-normalized-cite="canonical_name::CENTRAL BANK" ID="I37e96070719711e5bc5beebdea3567e0">Central Bank</cite.query> said at that time that &apos;the high correlation between gold and the euro means that even without gold in international reserves the necessary level of diversification can be maintained and at the same time the yield of international reserves can be raised.&quot;<eos/><eop/></p><p><bop/><bos/>In 2004 the <cite.query w-seq-number="00042" w-ref-type="MM" w-normalized-cite="canonical_name::CENTRAL BANK" ID="I37f23a10719711e5bc5beebdea3567e0">Central Bank</cite.query> converted the proceeds raised from the sale of gold reserves to pounds. <eos/><bos/>After the pound gained 8.4% against the US dollar, the <cite.query w-seq-number="00043" w-ref-type="MM" w-normalized-cite="canonical_name::CENTRAL BANK" ID="I37f23a11719711e5bc5beebdea3567e0">Central Bank</cite.query>&apos;s real return was about 13%, while the return on investment in gold could reach a maximum of 9%, solely due to an increase in gold price.<eos/><eop/></p><p><bop/><bos/>The net income from the sale of Armenia&apos;s gold reserves amounted to 3 bln Armenian drams. <eos/><bos/>The entire gold reserve, which over the years was estimated at $1--$18 million was sold at the best price - more than $400 per troy ounce.<eos/><eop/></p><p><bop/><bos/>According to Yeritsyan, the current structure of the <cite.query w-seq-number="00044" w-ref-type="MM" w-normalized-cite="canonical_name::CENTRAL BANK" ID="I37fb88e0719711e5bc5beebdea3567e0">Central Bank</cite.query>&apos;s reserves allows it to secure the necessary revenue. <eos/><bos/>He argued that not only Armenia, but many other countries have refused to keep gold as a reserve, &apos;because now this asset does not differ from other currencies.&apos; <eos/><bos/>According to the <cite.query w-seq-number="00045" w-ref-type="MM" w-normalized-cite="canonical_name::CENTRAL BANK" ID="I37fb88e1719711e5bc5beebdea3567e0">Central Bank</cite.query>, international gross reserves of Armenia in late August 2015 stood at $1. 646 billion, having decreased by 3.3% from the previous month.<eos/><eop/></p><p><bop/><bos/>Source: www.armbanks.am 7.10.2015<eos/><eop/></p><section-title>ARMENIAN REGULATOR NOT KEEPING DRAM&apos;S VALUE ARTIFICIALLY</section-title><p><bop/><bos/>The <cite.query w-seq-number="00046" w-ref-type="CO" w-normalized-cite="I706C7C4142B311DDA5520014224D2780" ID="I380091f0719711e5bc5beebdea3567e0">Central Bank of Armenia</cite.query> is not keeping the dram&apos;s value artificially, Nerses Yeritsyan, the deputy head of the central bank said in the National Assembly on Tuesday.<eos/><eop/></p><p><bop/><bos/>Various reports based on studies will be submitted soon, which will confirm no deviations from the market exchange rate.<eos/><eop/></p><p><bop/><bos/>Yeritsyan said that the regulator&apos;s interventions have no significant impacts on market things, they only produce short-term corrections of slight deviations.<eos/><eop/></p><p><bop/><bos/>Sources: www.armbanks.am 7.10.2015, www.finport.am 7.10.2015<eos/><eop/></p></text></content><indexing iso-language="en" value-add="machine-generated"><classification-terms><pres-location-block><bop/><bos/><pres-location-wrap><pres-location>Armenia</pres-location><pres-location-code>ISOAM</pres-location-code><alt1-location-code>1AR09</alt1-location-code></pres-location-wrap><pres-location-wrap><pres-location>CIS Countries</pres-location><pres-location-code>CISSTAT</pres-location-code><alt1-location-code>1CI64</alt1-location-code></pres-location-wrap><pres-location-wrap><pres-location>Eastern Europe</pres-location><pres-location-code>GEOEEUR</pres-location-code><alt1-location-code>1EA48</alt1-location-code></pres-location-wrap><pres-location-wrap><pres-location>Europe</pres-location><pres-location-code>GEOEUR</pres-location-code><alt1-location-code>1EU83</alt1-location-code></pres-location-wrap><eos/><eop/></pres-location-block></classification-terms><classification-terms><pres-subject-block><bop/><bos/><pres-subject-wrap><pres-subject>CIS</pres-subject><pres-subject-code>GEOCIS</pres-subject-code><alt1-subject-code>1CI65</alt1-subject-code></pres-subject-wrap><pres-subject-wrap><pres-subject>Economic Policy &amp; Policymakers</pres-subject><pres-subject-code>ECONRULE</pres-subject-code><alt1-subject-code>1EC69</alt1-subject-code></pres-subject-wrap><pres-subject-wrap><pres-subject>Economics &amp; Trade</pres-subject><pres-subject-code>TRADE</pres-subject-code><alt1-subject-code>1EC26</alt1-subject-code></pres-subject-wrap><pres-subject-wrap><pres-subject>Monetary Policy</pres-subject><pres-subject-code>PTMONET</pres-subject-code><alt1-subject-code>1MO18</alt1-subject-code></pres-subject-wrap><pres-subject-wrap><pres-subject>World Organizations</pres-subject><pres-subject-code>GEOORGS</pres-subject-code><alt1-subject-code>1IN77</alt1-subject-code></pres-subject-wrap><eos/><eop/></pres-subject-block><pres-industry-block><bop/><bos/><pres-industry-wrap><pres-industry>Banking</pres-industry><pres-industry-code>BANKOVER</pres-industry-code><alt1-industry-code>1BA20</alt1-industry-code></pres-industry-wrap><pres-industry-wrap><pres-industry>Commercial Banking Services</pres-industry><pres-industry-code>BANKCOML</pres-industry-code><alt1-industry-code>1CO19</alt1-industry-code></pres-industry-wrap><pres-industry-wrap><pres-industry>Financial Services</pres-industry><pres-industry-code>FINSVC</pres-industry-code><alt1-industry-code>1FI37</alt1-industry-code></pres-industry-wrap><pres-industry-wrap><pres-industry>Financial Services Regulatory</pres-industry><pres-industry-code>FINREG</pres-industry-code><alt1-industry-code>1FI03</alt1-industry-code></pres-industry-wrap><pres-industry-wrap><pres-industry>Loans</pres-industry><pres-industry-code>LOANS</pres-industry-code><alt1-industry-code>1LO12</alt1-industry-code></pres-industry-wrap><pres-industry-wrap><pres-industry>Major Central Banks</pres-industry><pres-industry-code>MAJCBANK</pres-industry-code><alt1-industry-code>1MA01</alt1-industry-code></pres-industry-wrap><pres-industry-wrap><pres-industry>Press Releases</pres-industry><pres-industry-code>ANNOUNCE</pres-industry-code><alt1-industry-code>1PR19</alt1-industry-code></pres-industry-wrap><pres-industry-wrap><pres-industry>Retail Banking Services</pres-industry><pres-industry-code>RTBNKOVR</pres-industry-code><alt1-industry-code>1RE38</alt1-industry-code></pres-industry-wrap><eos/><eop/></pres-industry-block></classification-terms><classification-terms><rcs-block><rcs>B:126</rcs><rcs>B:125</rcs><rcs>E:5</rcs><rcs>B:128</rcs><rcs>G:B2</rcs><rcs>B:127</rcs><rcs>G:7I</rcs><rcs>G:Y</rcs><rcs>B:131</rcs><rcs>M:8</rcs><rcs>A:E</rcs><rcs>E:B</rcs><rcs>G:B</rcs><rcs>M:32</rcs><rcs>G:A</rcs><rcs>B:129</rcs><rcs>G:AJ</rcs><rcs>M:DU</rcs></rcs-block></classification-terms><extraction-terms><extr-company-block><bop/><bos/><extr-company>168 Zham</extr-company><extr-company-wrap><extr-company-name>168 Zham</extr-company-name><relevancy engine="1C">0.2</relevancy><confidence engine="1C">0.73</confidence></extr-company-wrap><extr-company>ACBA Leasing</extr-company><extr-company-wrap><extr-company-name>ACBA Leasing</extr-company-name><relevancy engine="1C">0.2</relevancy><confidence engine="1C">0.93</confidence></extr-company-wrap><norm-company oa-id="4297575894">ACBA CREDIT AGRICOLE BANK CLOSED JSK</norm-company><norm-company-wrap occur-sequence="3,11,12,13"><norm-company-name>ACBA CREDIT AGRICOLE BANK CLOSED JSK</norm-company-name><company-ids><oa-id>4297575894</oa-id></company-ids><company-classification><trbc-wrap><trbc type="RCS">B:128</trbc><trbc type="2012">55101010</trbc><trbc type="perm-id">4294952873</trbc></trbc-wrap></company-classification><relevancy engine="1C">0.2</relevancy><confidence engine="1C">0.82</confidence></norm-company-wrap><norm-company oa-id="4297828720">ARMENIAN DEVELOPMENT BANK OPEN JSK</norm-company><norm-company-wrap occur-sequence="4"><norm-company-name>ARMENIAN DEVELOPMENT BANK OPEN JSK</norm-company-name><company-ids><oa-id>4297828720</oa-id></company-ids><company-classification><trbc-wrap><trbc type="RCS">B:1615</trbc><trbc type="2012">5510101010</trbc><trbc type="perm-id">4294951386</trbc></trbc-wrap></company-classification><relevancy engine="1C">0.2</relevancy><confidence engine="1C">0.77</confidence></norm-company-wrap><norm-company oa-id="5000943280">AMERIABANK CJSC</norm-company><norm-company-wrap occur-sequence="1,17"><norm-company-name>AMERIABANK CJSC</norm-company-name><company-ids><oa-id>5000943280</oa-id></company-ids><company-classification><trbc-wrap><trbc type="RCS">B:1615</trbc><trbc type="2012">5510101010</trbc><trbc type="perm-id">4294951386</trbc></trbc-wrap></company-classification><relevancy engine="1C">0.8</relevancy><confidence engine="1C">0.72</confidence></norm-company-wrap><norm-company oa-id="5000023584">ANELIK BANK CLOSED JSK</norm-company><norm-company-wrap occur-sequence="5,20,22"><norm-company-name>ANELIK BANK CLOSED JSK</norm-company-name><company-ids><oa-id>5000023584</oa-id></company-ids><company-classification><trbc-wrap><trbc type="RCS">B:128</trbc><trbc type="2012">55101010</trbc><trbc type="perm-id">4294952873</trbc></trbc-wrap></company-classification><relevancy engine="1C">0.2</relevancy><confidence engine="1C">0.83</confidence></norm-company-wrap><norm-company oa-id="4295887248">VTB BANK (OPEN JOINT STOCK COMPANY)</norm-company><norm-company-wrap occur-sequence="8,9"><norm-company-name>VTB BANK (OPEN JOINT STOCK COMPANY)</norm-company-name><company-ids><oa-id>4295887248</oa-id><ric norm="VTBR.MMO">VTBR.MMO</ric></company-ids><company-classification><trbc-wrap><trbc type="RCS">B:1615</trbc><trbc type="2012">5510101010</trbc><trbc type="perm-id">4294951386</trbc></trbc-wrap></company-classification><relevancy engine="1C">0.2</relevancy><confidence engine="1C">0.93</confidence></norm-company-wrap><norm-company oa-id="4295859887">CR2 EMPREENDIMENTOS IMOBILIARIOS SA</norm-company><norm-company-wrap occur-sequence="2,14"><norm-company-name>CR2 EMPREENDIMENTOS IMOBILIARIOS SA</norm-company-name><company-ids><oa-id>4295859887</oa-id><ric norm="CRDE3.SA">CRDE3.SA</ric></company-ids><company-classification><trbc-wrap><trbc type="RCS">B:1668</trbc><trbc type="2012">5540201010</trbc><trbc type="perm-id">4294951333</trbc></trbc-wrap></company-classification><relevancy engine="1C">0.8</relevancy><confidence engine="1C">0.69</confidence></norm-company-wrap><norm-company oa-id="5001425561">MAESTRO</norm-company><norm-company-wrap occur-sequence="7"><norm-company-name>MAESTRO</norm-company-name><company-ids><oa-id>5001425561</oa-id></company-ids><relevancy engine="1C">0.2</relevancy><confidence engine="1C">0.89</confidence></norm-company-wrap><norm-company oa-id="4295902520">MASTERCARD INC</norm-company><norm-company-wrap occur-sequence="6,18,19,21"><norm-company-name>MASTERCARD INC</norm-company-name><company-ids><oa-id>4295902520</oa-id><ric norm="MA.N">MA.N</ric></company-ids><company-classification><trbc-wrap><trbc type="RCS">B:1236</trbc><trbc type="2012">5220304027</trbc><trbc type="perm-id">4294951765</trbc></trbc-wrap></company-classification><relevancy engine="1C">0.5</relevancy><confidence engine="1C">1</confidence></norm-company-wrap><norm-company oa-id="4295881204">POSCO</norm-company><norm-company-wrap occur-sequence="23"><norm-company-name>POSCO</norm-company-name><company-ids><oa-id>4295881204</oa-id><ric norm="005490.KS">005490.KS</ric></company-ids><company-classification><trbc-wrap><trbc type="RCS">B:1086</trbc><trbc type="2012">5120102010</trbc><trbc type="perm-id">4294951915</trbc></trbc-wrap></company-classification><relevancy engine="1C">0.2</relevancy><confidence engine="1C">0.76</confidence></norm-company-wrap><norm-company oa-id="4295895205">STANDARD CHARTERED PLC</norm-company><norm-company-wrap occur-sequence="16"><norm-company-name>STANDARD CHARTERED PLC</norm-company-name><company-ids><oa-id>4295895205</oa-id><ric norm="STAN.L">STAN.L</ric></company-ids><company-classification><trbc-wrap><trbc type="RCS">B:1615</trbc><trbc type="2012">5510101010</trbc><trbc type="perm-id">4294951386</trbc></trbc-wrap></company-classification><relevancy engine="1C">0.2</relevancy><confidence engine="1C">0.91</confidence></norm-company-wrap><norm-company oa-id="4295889219">STANDARD BANK GROUP LTD</norm-company><norm-company-wrap occur-sequence="15"><norm-company-name>STANDARD BANK GROUP LTD</norm-company-name><company-ids><oa-id>4295889219</oa-id><ric norm="SBKJ.J">SBKJ.J</ric></company-ids><company-classification><trbc-wrap><trbc type="RCS">B:1616</trbc><trbc type="2012">5510101011</trbc><trbc type="perm-id">4294951385</trbc></trbc-wrap></company-classification><relevancy engine="1C">0.2</relevancy><confidence engine="1C">0.84</confidence></norm-company-wrap><norm-company oa-id="4295901746">EBANK FINANCIAL SERVICES INC</norm-company><norm-company-wrap occur-sequence="10"><norm-company-name>EBANK FINANCIAL SERVICES INC</norm-company-name><company-ids><oa-id>4295901746</oa-id><ric norm="EBDC.PK">EBDC.PK</ric></company-ids><company-classification><trbc-wrap><trbc type="RCS">B:1615</trbc><trbc type="2012">5510101010</trbc><trbc type="perm-id">4294951386</trbc></trbc-wrap></company-classification><relevancy engine="1C">0.2</relevancy><confidence engine="1C">0.83</confidence></norm-company-wrap><eos/><eop/></extr-company-block></extraction-terms><extraction-terms><extr-person-block><bop/><bos/><extr-person>Maestro</extr-person><extr-person-wrap><extr-person-name>Maestro</extr-person-name><relevancy engine="1C">0.2</relevancy></extr-person-wrap><extr-person>Voskan Zakaryan</extr-person><extr-person-wrap><extr-person-name>Voskan Zakaryan</extr-person-name><relevancy engine="1C">0.2</relevancy></extr-person-wrap><extr-person>Nerses Yeritsyan</extr-person><extr-person-wrap><extr-person-name>Nerses Yeritsyan</extr-person-name><relevancy engine="1C">0.2</relevancy></extr-person-wrap><eos/><eop/></extr-person-block></extraction-terms></indexing></document></n-docbody>
</n-document>
<n-document guid="Ie716fdd070ea11e5935cd2f9acebfb86"><n-metadata><metadata.block><md.identifiers><md.cites><md.first.line.cite>10/12/15 NEWS 00:00:00</md.first.line.cite><md.second.line.cite>10/12/15 ARKA News Agency 00:00:00</md.second.line.cite></md.cites><md.uuid>Ie716fdd070ea11e5935cd2f9acebfb86</md.uuid></md.identifiers><md.infotype>news</md.infotype><md.sortkeys><md.ordersequence>f47363bec</md.ordersequence></md.sortkeys><md.descriptions><md.title>VTB BANK (ARMENIA) AND VISA NAME WINNERS OF ANOTHER &quot;SUMMER WITH VTB&quot; CAMPAIGN</md.title><md.westlawdescrip><md.readlist>READLIST</md.readlist></md.westlawdescrip></md.descriptions><md.dates><md.publisheddatetime>20151012092012</md.publisheddatetime><md.loaddate>20151012</md.loaddate><md.createddatetime>20151012092012</md.createddatetime></md.dates><md.subjects><md.subject><md.pubtype.name/><md.doctype.name>DNR</md.doctype.name><md.doctype.rank/><md.view>CNGE</md.view><md.view>RGEurope</md.view><md.view>PTNewswires</md.view><md.view>ARKANEWS0063786</md.view><md.view>INALLNEWS_ACTEST</md.view><md.view>INFARNEWS_AC</md.view><md.view>MARKETSEIKON_CN</md.view><md.view>MARKETSEIKON</md.view><md.view>CB_ASIAWIRES</md.view><md.view>INWIRES_AC</md.view><md.view>GULF_INTL</md.view><md.view>ININTNEWS_AC</md.view><md.view>ANZ_INTLOS</md.view><md.view>CLEAR_RF</md.view><md.view>INALLNEWS_AC</md.view><md.view>INNEWSINT_PRO</md.view><md.view>INBUSNEWS</md.view><md.view>INNEWSWORLD_PRO</md.view><md.view>INBUSNEWS_AC</md.view></md.subject></md.subjects><md.jurisdictions><md.jurisdiction><md.jurisstate>FE</md.jurisstate></md.jurisdiction></md.jurisdictions><md.publications><md.publication/><md.sourcepubid>ARKANEWS</md.sourcepubid></md.publications><md.royalty><md.royalty.code>84104</md.royalty.code></md.royalty></metadata.block><news.metadata.block><md.text.preview>BANKING NEWSYEREVAN, October 12. / ARKA /. The Russian-owned VTB Bank (Armenia) and Visa named today the winners of their joint marketing campaign &quot;Summer with VTB.&quot;</md.text.preview></news.metadata.block><newsplus.recommendable>1</newsplus.recommendable><n-view>CNGE</n-view><n-view>RGEurope</n-view><n-view>PTNewswires</n-view><n-view>ARKANEWS0063786</n-view><n-view>INALLNEWS_ACTEST</n-view><n-view>INFARNEWS_AC</n-view><n-view>MARKETSEIKON_CN</n-view><n-view>MARKETSEIKON</n-view><n-view>CB_ASIAWIRES</n-view><n-view>INWIRES_AC</n-view><n-view>GULF_INTL</n-view><n-view>ININTNEWS_AC</n-view><n-view>ANZ_INTLOS</n-view><n-view>CLEAR_RF</n-view><n-view>INALLNEWS_AC</n-view><n-view>INNEWSINT_PRO</n-view><n-view>INBUSNEWS</n-view><n-view>INNEWSWORLD_PRO</n-view><n-view>INBUSNEWS_AC</n-view><prism-stylesheet guid="Ia3024d301b6a11d89fc5f34981d3242f"/><prism-clipdate>20151012092012</prism-clipdate></n-metadata>
<n-docbody><document version="1" collection="D-ARKANEWS-T001" first-load-date="20151012092012" ip-product="ARKANEWS" royalty-id="84104" data-model="text" dtd-version="5.2.29" content-type="news" load-language="en" pnac="nNRA0aorud" pnac-date="20151012T140950.637"><supplier-info><supplier-num nitf="doc-id" nitf-regsrc="ARKA News Agency" type="accession">e5390003b7ff4b77</supplier-num><internal-acc-num db-id="NEPRARKA" type="newz">20151012170.1_Ve5390003b7ff4b77</internal-acc-num><rec-status><last-load-date>20151012092012</last-load-date><nitf-date ne="datereceived">20151012T14:09:50Z</nitf-date><nitf-date nitf="date-issue">20151012T00:00:00Z</nitf-date><last-provider-update>20151012140950</last-provider-update></rec-status><supplier-copyright>Copyright Â© 2015 ARKA<copyright-year/><copyright-holder>ARKA</copyright-holder></supplier-copyright><supplier-note nitf="urgency" nitf-ed-urg="4"/><nitf-meta-content name="recommendable">1</nitf-meta-content><nitf-meta-content name="_newsmlg2-hashtype=nr-htype:doc-group-fuzzy">92714|98619|88031|64748|41724|90170|31935|97521|57801|8712|100679|105578|55954|4218|75436|4784|11261|27585|34905|66304|47982|82868|85822|50902|18144|56160|59907|1930|35656|103913|77272|57428|32832|97181|53149|13364|75269|7947|35577|43453|24553|27574|57726|86483|107324|55152|63698|67060|52237|27122|104170|112491|112196|84775|61609|29989|30964|63751|67170|95426|</nitf-meta-content><nitf-meta-content name="_newsmlg2-hashtype=nr-htype:doc-group-content-length">1149</nitf-meta-content><nitf-meta-content name="_newsmlg2-hashtype=nr-htype:doc-group-simple">-624bedbd87ea0fb5488128699e9c4c3743a499cd</nitf-meta-content><supplier-dtds><dtd dtd-version="working" dtd-date="20150915T00:00:00Z">Canonical Taxonomy</dtd><dtd dtd-version="20150911" dtd-date="20150915T00:00:00Z">Mapping File</dtd></supplier-dtds><copyright-block type="dialog"><service-copyright n-include_guid="Ice671660f30811d88920000083149a14" n-include_collection="D-DIALOGCOPYRIGHTS-T001"/></copyright-block><copyright-block type="west"><service-copyright n-include_guid="I1DA35ED81DD211B281BAD200220BDFCA" n-include_collection="w_wlnv_msg"/></copyright-block><west-citation-block><bop/><first-line-cite><bos/>10/12/15 NEWS 00:00:00<eos/></first-line-cite><second-line-cite><bos/>10/12/15 ARKA News Agency 00:00:00<eos/></second-line-cite><eop/></west-citation-block></supplier-info><title-info iso-language="en"><bop/><title type="headline" nitf-hedline="hl1" key="key-title"><bos/><sort-title><cite.query w-seq-number="00001" w-ref-type="CO" w-normalized-cite="IB9397CB0D0D811DF98F8FD3889AD24A2" ID="I71415d1070ec11e592eaca34cc942d19">VTB BANK</cite.query> (ARMENIA) AND VISA NAME WINNERS OF ANOTHER &quot;SUMMER WITH VTB&quot; CAMPAIGN</sort-title><eos/></title><eop/></title-info><pub-info><journal key="key-journal"><bop/><bos/><sort-journal>ARKA News Agency</sort-journal><eos/><eop/></journal><pub-date key="key-date" iso-time="T00:00:00Z" type="date.publication"><full-pub-date>October 12, 2015</full-pub-date><sort-pub-date>20151012</sort-pub-date><sort-pub-timestamp>20151012000000</sort-pub-timestamp><rank-date>20151012</rank-date><currency-timestamp>20151012000000</currency-timestamp></pub-date><original-pub><language iso-language="en">English</language></original-pub><src-data><src-journal-code>ANPV</src-journal-code><src-pub-code>0063786</src-pub-code><src-pub-type>Newswire</src-pub-type><src-pub-country-wrap><src-pub-country-code>GE</src-pub-country-code><src-pub-country>Georgia CIS</src-pub-country></src-pub-country-wrap><src-pub-region>Europe</src-pub-region></src-data></pub-info><content iso-language="en"><total-char-count>1812</total-char-count><derived-word-count><bop/><bos/>Word Count: 296<eos/><eop/></derived-word-count><text type="lead-para"><p nitf="lede"><bop/><bos/>BANKING NEWS<eos/><eop/></p><p nitf="lede"><bop/><bos/>YEREVAN, October 12. / ARKA /. The Russian-owned VTB Bank (Armenia) and <cite.query w-seq-number="00002" w-ref-type="MM" w-normalized-cite="canonical_name::VISA" ID="I714554b070ec11e592eaca34cc942d19">Visa</cite.query> named today the winners of their joint marketing campaign &quot;Summer with VTB.&quot;<eos/><eop/></p></text><text type="body"><p><bop/><bos/>The campaign, designed for holders of Visa payment cards, issued by <cite.query w-seq-number="00003" w-ref-type="WC" w-normalized-cite="IF40B3643453D11DD94140014224D2780" ID="I7149736070ec11e592eaca34cc942d19">VTB Bank (Armenia</cite.query>) ran from 15 June to 15 September 2015. <eos/><bos/>The eligible participants were those who used their cards to make at least 300,000 drams worth purchases in Armenia and abroad, including online purchases.<eos/><eop/></p><p><bop/><bos/>According to a bank press release, total cashless transactions made during the campaign by using <cite.query w-seq-number="00004" w-ref-type="MM" w-normalized-cite="canonical_name::VISA" ID="I71561d9070ec11e592eaca34cc942d19">Visa</cite.query> cards increased by 70% from the same period last year. <eos/><bos/>The televised prize drawing was held October 10 at <cite.query w-seq-number="00005" w-ref-type="NM" w-normalized-cite="canonical_name::KENTRON" ID="I71561d9170ec11e592eaca34cc942d19">Kentron</cite.query> TV. Ten winners, each receiving 500,000 drams, were named as a result of a random drawing.<eos/><eop/></p><p><bop/><bos/>VTB Bank (Armenia) CEO Yuri Gusev is quoted as saying in a press release that the results of another campaign show a steady growth of interest in the use of <cite.query w-seq-number="00006" w-ref-type="WC" w-normalized-cite="IF40B3643453D11DD94140014224D2780" ID="I7159c71070ec11e592eaca34cc942d19">VTB Bank (Armenia</cite.query>) issued Visa payment cards.<eos/><eop/></p><p><bop/><bos/>&apos;More and more people who value their time and comfort, tend to use cashless payments for goods and services. <eos/><bos/>We congratulate winners of &quot;Summer with VTB&quot; campaign and wish all the participants every success in the next drawings,&quot; he said. <eos/><bos/>According to Irina Kamkhadze, Visa regional manager for the South Caucasus, <cite.query w-seq-number="00007" w-ref-type="MM" w-normalized-cite="canonical_name::VISA" ID="I7164eaa070ec11e592eaca34cc942d19">Visa</cite.query> is pleased to support <cite.query w-seq-number="00008" w-ref-type="WC" w-normalized-cite="IF40B3643453D11DD94140014224D2780" ID="I7164eaa170ec11e592eaca34cc942d19">VTB Bank (Armenia</cite.query>)&apos;s desire to develop non-cash payments in Armenia and to promote their active use among <cite.query w-seq-number="00009" w-ref-type="MM" w-normalized-cite="canonical_name::VISA" ID="I7164eaa270ec11e592eaca34cc942d19">Visa</cite.query> cardholders.<eos/><eop/></p><p><bop/><bos/>&quot;Summer with <cite.query w-seq-number="00010" w-ref-type="MM" w-normalized-cite="canonical_name::VTB" ID="I71856af070ec11e592eaca34cc942d19">VTB</cite.query> is one of the most successful joint initiatives of VTB Bank (Armenia) and <cite.query w-seq-number="00011" w-ref-type="MM" w-normalized-cite="canonical_name::VISA" ID="I71856af170ec11e592eaca34cc942d19">Visa</cite.query>, which attracts more and more customers each year. <eos/><bos/>We wish all <cite.query w-seq-number="00012" w-ref-type="MM" w-normalized-cite="canonical_name::VISA" ID="I71856af270ec11e592eaca34cc942d19">Visa</cite.query> cardholders successful purchases with <cite.query w-seq-number="00013" w-ref-type="MM" w-normalized-cite="canonical_name::VISA" ID="I71856af370ec11e592eaca34cc942d19">Visa</cite.query> and congratulate the winners of the campaign,&apos; she said. <eos/><bos/>VTB Bank (Armenia) is entirely owned by <cite.query w-seq-number="00014" w-ref-type="NM" w-normalized-cite="canonical_name::RUSSIAN VTB BANK" ID="I71856af470ec11e592eaca34cc942d19">Russian VTB Bank</cite.query>. <eos/><bos/>It runs 67 branches across Armenia, more than any other local bank.-0-<eos/><eop/></p></text></content><indexing iso-language="en" value-add="machine-generated"><classification-terms><pres-location-block><bop/><bos/><pres-location-wrap><pres-location>Armenia</pres-location><pres-location-code>ISOAM</pres-location-code><alt1-location-code>1AR09</alt1-location-code></pres-location-wrap><pres-location-wrap><pres-location>CIS Countries</pres-location><pres-location-code>CISSTAT</pres-location-code><alt1-location-code>1CI64</alt1-location-code></pres-location-wrap><pres-location-wrap><pres-location>Eastern Europe</pres-location><pres-location-code>GEOEEUR</pres-location-code><alt1-location-code>1EA48</alt1-location-code></pres-location-wrap><pres-location-wrap><pres-location>Europe</pres-location><pres-location-code>GEOEUR</pres-location-code><alt1-location-code>1EU83</alt1-location-code></pres-location-wrap><eos/><eop/></pres-location-block></classification-terms><classification-terms><pres-subject-block><bop/><bos/><pres-subject-wrap><pres-subject>Business Management</pres-subject><pres-subject-code>BIZMGMT</pres-subject-code><alt1-subject-code>1BU42</alt1-subject-code></pres-subject-wrap><pres-subject-wrap><pres-subject>CIS</pres-subject><pres-subject-code>GEOCIS</pres-subject-code><alt1-subject-code>1CI65</alt1-subject-code></pres-subject-wrap><pres-subject-wrap><pres-subject>Corporate Events</pres-subject><pres-subject-code>BUSEVENT</pres-subject-code><alt1-subject-code>1CR05</alt1-subject-code></pres-subject-wrap><pres-subject-wrap><pres-subject>Privatization</pres-subject><pres-subject-code>PRIVATIZ</pres-subject-code><alt1-subject-code>1PR92</alt1-subject-code></pres-subject-wrap><pres-subject-wrap><pres-subject>World Organizations</pres-subject><pres-subject-code>GEOORGS</pres-subject-code><alt1-subject-code>1IN77</alt1-subject-code></pres-subject-wrap><eos/><eop/></pres-subject-block><pres-industry-block><bop/><bos/><pres-industry-wrap><pres-industry>Banking</pres-industry><pres-industry-code>BANKOVER</pres-industry-code><alt1-industry-code>1BA20</alt1-industry-code></pres-industry-wrap><pres-industry-wrap><pres-industry>Credit, Debit &amp; Value Cards</pres-industry><pres-industry-code>CCARDS</pres-industry-code><alt1-industry-code>1CR28</alt1-industry-code></pres-industry-wrap><pres-industry-wrap><pres-industry>Debit Cards</pres-industry><pres-industry-code>DEBCARDS</pres-industry-code><alt1-industry-code>1DE11</alt1-industry-code></pres-industry-wrap><pres-industry-wrap><pres-industry>Financial Services</pres-industry><pres-industry-code>FINSVC</pres-industry-code><alt1-industry-code>1FI37</alt1-industry-code></pres-industry-wrap><pres-industry-wrap><pres-industry>Retail Banking Services</pres-industry><pres-industry-code>RTBNKOVR</pres-industry-code><alt1-industry-code>1RE38</alt1-industry-code></pres-industry-wrap><eos/><eop/></pres-industry-block></classification-terms><classification-terms><rcs-block><rcs>B:126</rcs><rcs>B:125</rcs><rcs>B:128</rcs><rcs>G:B2</rcs><rcs>B:127</rcs><rcs>G:7I</rcs><rcs>G:Y</rcs><rcs>M:Z</rcs><rcs>G:B</rcs><rcs>E:4M</rcs><rcs>G:A</rcs><rcs>B:129</rcs><rcs>G:AJ</rcs><rcs>E:1</rcs><rcs>M:DU</rcs></rcs-block></classification-terms><extraction-terms><extr-company-block><bop/><bos/><norm-company oa-id="4295887248">VTB BANK (OPEN JOINT STOCK COMPANY)</norm-company><norm-company-wrap occur-sequence="1,3,4,6,8,10,11,13,16,18,19,23"><norm-company-name>VTB BANK (OPEN JOINT STOCK COMPANY)</norm-company-name><company-ids><oa-id>4295887248</oa-id><ric norm="VTBR.MMO">VTBR.MMO</ric></company-ids><company-classification><trbc-wrap><trbc type="RCS">B:1615</trbc><trbc type="2012">5510101010</trbc><trbc type="perm-id">4294951386</trbc></trbc-wrap></company-classification><relevancy engine="1C">0.8</relevancy><confidence engine="1C">0.97</confidence></norm-company-wrap><norm-company oa-id="4298015179">VISA INC</norm-company><norm-company-wrap occur-sequence="2,5,7,9,12,14,15,17,20,21,22"><norm-company-name>VISA INC</norm-company-name><company-ids><oa-id>4298015179</oa-id><ric norm="V.N">V.N</ric></company-ids><company-classification><trbc-wrap><trbc type="RCS">B:1219</trbc><trbc type="2012">5220304010</trbc><trbc type="perm-id">4294951782</trbc></trbc-wrap></company-classification><relevancy engine="1C">0.8</relevancy><confidence engine="1C">0.76</confidence></norm-company-wrap><eos/><eop/></extr-company-block></extraction-terms><extraction-terms><extr-person-block><bop/><bos/><extr-person>Yuri Gusev</extr-person><extr-person-wrap><extr-person-name>Yuri Gusev</extr-person-name><relevancy engine="1C">0.2</relevancy></extr-person-wrap><extr-person>Irina Kamkhadze</extr-person><extr-person-wrap><extr-person-name>Irina Kamkhadze</extr-person-name><relevancy engine="1C">0.2</relevancy></extr-person-wrap><eos/><eop/></extr-person-block></extraction-terms></indexing></document></n-docbody>
</n-document>
<n-document guid="Ia13dd4e0710411e5ace8f63266ae8337"><n-metadata><metadata.block><md.identifiers><md.cites><md.first.line.cite>10/12/15 NEWS 00:00:00</md.first.line.cite><md.second.line.cite>10/12/15 ARKA News Agency 00:00:00</md.second.line.cite></md.cites><md.uuid>Ia13dd4e0710411e5ace8f63266ae8337</md.uuid></md.identifiers><md.infotype>news</md.infotype><md.sortkeys><md.ordersequence>f47363bec</md.ordersequence></md.sortkeys><md.descriptions><md.title>ARMENIAN IT SECTOR MAKES SIGNIFICANT PROGRESS, MOROYAN</md.title><md.westlawdescrip><md.readlist>READLIST</md.readlist></md.westlawdescrip></md.descriptions><md.dates><md.publisheddatetime>20151012122018</md.publisheddatetime><md.loaddate>20151012</md.loaddate><md.createddatetime>20151012122018</md.createddatetime></md.dates><md.subjects><md.subject><md.pubtype.name/><md.doctype.name>DNR</md.doctype.name><md.doctype.rank/><md.view>CNGE</md.view><md.view>RGEurope</md.view><md.view>PTNewswires</md.view><md.view>ARKANEWS0063786</md.view><md.view>INALLNEWS_ACTEST</md.view><md.view>INFARNEWS_AC</md.view><md.view>MARKETSEIKON_CN</md.view><md.view>MARKETSEIKON</md.view><md.view>CB_ASIAWIRES</md.view><md.view>INWIRES_AC</md.view><md.view>GULF_INTL</md.view><md.view>ININTNEWS_AC</md.view><md.view>ANZ_INTLOS</md.view><md.view>CLEAR_RF</md.view><md.view>INALLNEWS_AC</md.view><md.view>INNEWSINT_PRO</md.view><md.view>INBUSNEWS</md.view><md.view>INNEWSWORLD_PRO</md.view><md.view>INBUSNEWS_AC</md.view></md.subject></md.subjects><md.jurisdictions><md.jurisdiction><md.jurisstate>FE</md.jurisstate></md.jurisdiction></md.jurisdictions><md.publications><md.publication/><md.sourcepubid>ARKANEWS</md.sourcepubid></md.publications><md.royalty><md.royalty.code>84104</md.royalty.code></md.royalty></metadata.block><news.metadata.block><md.text.preview>INFORMATION TECHNOLOGIESYEREVAN, October 12. / ARKA /. Armenian IT sector has made significant progress in recent years, shifting from outsourcing to development and marketing of their own products, Tony Moroyan, president and CEO of Viasphere</md.text.preview></news.metadata.block><newsplus.recommendable>1</newsplus.recommendable><n-view>CNGE</n-view><n-view>RGEurope</n-view><n-view>PTNewswires</n-view><n-view>ARKANEWS0063786</n-view><n-view>INALLNEWS_ACTEST</n-view><n-view>INFARNEWS_AC</n-view><n-view>MARKETSEIKON_CN</n-view><n-view>MARKETSEIKON</n-view><n-view>CB_ASIAWIRES</n-view><n-view>INWIRES_AC</n-view><n-view>GULF_INTL</n-view><n-view>ININTNEWS_AC</n-view><n-view>ANZ_INTLOS</n-view><n-view>CLEAR_RF</n-view><n-view>INALLNEWS_AC</n-view><n-view>INNEWSINT_PRO</n-view><n-view>INBUSNEWS</n-view><n-view>INNEWSWORLD_PRO</n-view><n-view>INBUSNEWS_AC</n-view><prism-stylesheet guid="Ia3024d301b6a11d89fc5f34981d3242f"/><prism-clipdate>20151012122018</prism-clipdate></n-metadata>
<n-docbody><document version="1" collection="D-ARKANEWS-T001" first-load-date="20151012122018" ip-product="ARKANEWS" royalty-id="84104" data-model="text" dtd-version="5.2.29" content-type="news" load-language="en" pnac="nNRA0apgie" pnac-date="20151012T171400.366"><supplier-info><supplier-num nitf="doc-id" nitf-regsrc="ARKA News Agency" type="accession">e4020005bcc09d61</supplier-num><internal-acc-num db-id="NEPRARKA" type="newz">20151012170.1_Ve4020005bcc09d61</internal-acc-num><rec-status><last-load-date>20151012122018</last-load-date><nitf-date ne="datereceived">20151012T17:14:00Z</nitf-date><nitf-date nitf="date-issue">20151012T00:00:00Z</nitf-date><last-provider-update>20151012171400</last-provider-update></rec-status><supplier-copyright>Copyright Â© 2015 ARKA<copyright-year/><copyright-holder>ARKA</copyright-holder></supplier-copyright><supplier-note nitf="urgency" nitf-ed-urg="4"/><nitf-meta-content name="recommendable">1</nitf-meta-content><nitf-meta-content name="_newsmlg2-hashtype=nr-htype:doc-group-fuzzy">90461|82175|71668|45721|98619|105342|30195|57684|84374|31935|14189|81331|100679|16389|45241|105257|99237|36121|75436|76539|99715|46371|76546|97037|2557|45010|88087|30717|103201|105513|68444|68733|54170|73243|88248|35544|27700|56160|81917|37799|16798|22866|22489|14387|102247|22012|30817|1046|109074|36908|26763|20942|37932|22017|56512|39406|44443|50978|91729|67030|</nitf-meta-content><nitf-meta-content name="_newsmlg2-hashtype=nr-htype:doc-group-content-length">1465</nitf-meta-content><nitf-meta-content name="_newsmlg2-hashtype=nr-htype:doc-group-simple">-3b0ef3f2a784c985caccb076832fa03589d0758e</nitf-meta-content><supplier-dtds><dtd dtd-version="working" dtd-date="20150915T00:00:00Z">Canonical Taxonomy</dtd><dtd dtd-version="20150911" dtd-date="20150915T00:00:00Z">Mapping File</dtd></supplier-dtds><copyright-block type="dialog"><service-copyright n-include_guid="Ice671660f30811d88920000083149a14" n-include_collection="D-DIALOGCOPYRIGHTS-T001"/></copyright-block><copyright-block type="west"><service-copyright n-include_guid="I1DA35ED81DD211B281BAD200220BDFCA" n-include_collection="w_wlnv_msg"/></copyright-block><west-citation-block><bop/><first-line-cite><bos/>10/12/15 NEWS 00:00:00<eos/></first-line-cite><second-line-cite><bos/>10/12/15 ARKA News Agency 00:00:00<eos/></second-line-cite><eop/></west-citation-block></supplier-info><title-info iso-language="en"><bop/><title type="headline" nitf-hedline="hl1" key="key-title"><bos/><sort-title>ARMENIAN IT SECTOR MAKES SIGNIFICANT PROGRESS, MOROYAN</sort-title><eos/></title><eop/></title-info><pub-info><journal key="key-journal"><bop/><bos/><sort-journal>ARKA News Agency</sort-journal><eos/><eop/></journal><pub-date key="key-date" iso-time="T00:00:00Z" type="date.publication"><full-pub-date>October 12, 2015</full-pub-date><sort-pub-date>20151012</sort-pub-date><sort-pub-timestamp>20151012000000</sort-pub-timestamp><rank-date>20151012</rank-date><currency-timestamp>20151012000000</currency-timestamp></pub-date><original-pub><language iso-language="en">English</language></original-pub><src-data><src-journal-code>ANPV</src-journal-code><src-pub-code>0063786</src-pub-code><src-pub-type>Newswire</src-pub-type><src-pub-country-wrap><src-pub-country-code>GE</src-pub-country-code><src-pub-country>Georgia CIS</src-pub-country></src-pub-country-wrap><src-pub-region>Europe</src-pub-region></src-data></pub-info><content iso-language="en"><total-char-count>2299</total-char-count><derived-word-count><bop/><bos/>Word Count: 347<eos/><eop/></derived-word-count><text type="lead-para"><p nitf="lede"><bop/><bos/><cite.query w-seq-number="00001" w-ref-type="WC" w-normalized-cite="I76DF065242BE11DDA1BC0014224D2780" ID="Ia50d36f0710511e59ebbcb0c48ff65e2">INFORMATION TECHNOLOGIES</cite.query><eos/><eop/></p><p nitf="lede"><bop/><bos/>YEREVAN, October 12. / ARKA /. Armenian IT sector has made significant progress in recent years, shifting from outsourcing to development and marketing of their own products, Tony Moroyan, president and CEO of <cite.query w-seq-number="00002" w-ref-type="NM" w-normalized-cite="canonical_name::VIASPHERE INTL" ID="Ia51f1140710511e59ebbcb0c48ff65e2">Viasphere International</cite.query> and co-founder and president of <cite.query w-seq-number="00003" w-ref-type="NM" w-normalized-cite="canonical_name::ARMTECH CONGRESS" ID="Ia51f1141710511e59ebbcb0c48ff65e2">ArmTech Congress</cite.query>, said today at the opening of the eighth annual ArmTech Congress in the Armenian capital city Yerevan.<eos/><eop/></p></text><text type="body"><p><bop/><bos/>He said Armenia&apos;s IT sector has a steady position in the global IT field, and it is now time to actively promote start-up companies, which are very important for the development of small countries like Armenia.<eos/><eop/></p><p><bop/><bos/>He said annual congresses of ArmTech have been instrumental in significantly improving the recognition of Armenia as a technological country, which may help it establish cooperation with the titans of Silicon Valley. <eos/><bos/>According to him, this co-operation and recognition of the country will attract additional investment into the sector that acquires strategic importance. <eos/><bos/>The eighth annual ArmTech congress is being held this year in Yerevan and Nagorno-Karabakh on October 12-14. <eos/><bos/>The annual event attracts famous industry professionals, high-level executives and interested parties from many countries. <eos/><bos/>This year a venture conference will be conducted along with ArmTech, where 25 companies will present their ideas and programs. <eos/><bos/>Five of them will receive grants in the amount of $15,000 each for further development. <eos/><bos/>Another feature of the event is a contest of business ideas &quot;Clean technologies: Armenia&apos; involving 24 companies, of which the four best will receive a prize of $10,000, while the winner will be able to present its program in Silicon Valley. <eos/><bos/>ArmTech <cite.query w-seq-number="00004" w-ref-type="NM" w-normalized-cite="canonical_name::CONGRESS" ID="Ia56f7b30710511e59ebbcb0c48ff65e2">Congress</cite.query> is held under the high patronage of the Armenian Prime Minister, with the assistance of the governments of Armenia and Nagorno-Karabakh, the <cite.query w-seq-number="00005" w-ref-type="MM" w-normalized-cite="canonical_name::WORLD BANK" ID="Ia56f7b31710511e59ebbcb0c48ff65e2">World Bank</cite.query> and with the support of <cite.query w-seq-number="00006" w-ref-type="NM" w-normalized-cite="canonical_name::ENTERPRISE INCUBATOR FOUNDATION" ID="Ia56f7b32710511e59ebbcb0c48ff65e2">Enterprise Incubator Foundation</cite.query>. <eos/><bos/>Sponsors of the event are PicsArt, <cite.query w-seq-number="00007" w-ref-type="WC" w-normalized-cite="IFBA2D54056EF11E080258F0E01953BF2" ID="Ia56f7b33710511e59ebbcb0c48ff65e2">National Instruments</cite.query>, <cite.query w-seq-number="00008" w-ref-type="NM" w-normalized-cite="canonical_name::CRONIMET CHARITABLE FOUNDATION" ID="Ia56f7b34710511e59ebbcb0c48ff65e2">Cronimet Charitable Foundation</cite.query>, the <cite.query w-seq-number="00009" w-ref-type="NM" w-normalized-cite="canonical_name::AMERICAN FOUNDATION FOR ARMENIA" ID="Ia56f7b35710511e59ebbcb0c48ff65e2">American Foundation for Armenia</cite.query>. <eos/><bos/>The partners of the <cite.query w-seq-number="00010" w-ref-type="NM" w-normalized-cite="canonical_name::CONGRESS" ID="Ia56f7b36710511e59ebbcb0c48ff65e2">Congress</cite.query> are <cite.query w-seq-number="00011" w-ref-type="MM" w-normalized-cite="canonical_name::MICROSOFT" ID="Ia56f7b37710511e59ebbcb0c48ff65e2">Microsoft</cite.query>, Viasphere Technopark, <cite.query w-seq-number="00012" w-ref-type="WC" w-normalized-cite="I8E340B81453D11DD94140014224D2780" ID="Ia56f7b38710511e59ebbcb0c48ff65e2">Synopsys</cite.query> Armenia, UNIDO, CRDF, <cite.query w-seq-number="00013" w-ref-type="NM" w-normalized-cite="canonical_name::PHILIP MORRIS ARMENIA" ID="Ia56f7b39710511e59ebbcb0c48ff65e2">Philip Morris Armenia</cite.query>, Feinberg and Green Travel. <eos/><bos/>ArmTech is held alternately in the USA and Armenia. <eos/><bos/>The first congress was held July 4-7, 2007 in San Francisco, USA.-0-.<eos/><eop/></p></text></content><indexing iso-language="en" value-add="machine-generated"><classification-terms><pres-location-block><bop/><bos/><pres-location-wrap><pres-location>Americas</pres-location><pres-location-code>GEOAMER</pres-location-code><alt1-location-code>1AM92</alt1-location-code></pres-location-wrap><pres-location-wrap><pres-location>Armenia</pres-location><pres-location-code>ISOAM</pres-location-code><alt1-location-code>1AR09</alt1-location-code></pres-location-wrap><pres-location-wrap><pres-location>Asia</pres-location><pres-location-code>GEOASIA</pres-location-code><alt1-location-code>1AS61</alt1-location-code></pres-location-wrap><pres-location-wrap><pres-location>CIS Countries</pres-location><pres-location-code>CISSTAT</pres-location-code><alt1-location-code>1CI64</alt1-location-code></pres-location-wrap><pres-location-wrap><pres-location>California</pres-location><pres-location-code>USACA</pres-location-code><alt1-location-code>1CA98</alt1-location-code></pres-location-wrap><pres-location-wrap><pres-location>Central Asia</pres-location><pres-location-code>GEOCASIA</pres-location-code><alt1-location-code>1CE93</alt1-location-code></pres-location-wrap><pres-location-wrap><pres-location>Eastern Europe</pres-location><pres-location-code>GEOEEUR</pres-location-code><alt1-location-code>1EA48</alt1-location-code></pres-location-wrap><pres-location-wrap><pres-location>Europe</pres-location><pres-location-code>GEOEUR</pres-location-code><alt1-location-code>1EU83</alt1-location-code></pres-location-wrap><pres-location-wrap><pres-location>North America</pres-location><pres-location-code>GEONAMR</pres-location-code><alt1-location-code>1NO39</alt1-location-code></pres-location-wrap><pres-location-wrap><pres-location>U.S. West Region</pres-location><pres-location-code>GEOWEST</pres-location-code><alt1-location-code>1WE46</alt1-location-code></pres-location-wrap><pres-location-wrap><pres-location>USA</pres-location><pres-location-code>ISOUS</pres-location-code><alt1-location-code>1US73</alt1-location-code></pres-location-wrap><eos/><eop/></pres-location-block></classification-terms><classification-terms><pres-subject-block><bop/><bos/><pres-subject-wrap><pres-subject>CIS</pres-subject><pres-subject-code>GEOCIS</pres-subject-code><alt1-subject-code>1CI65</alt1-subject-code></pres-subject-wrap><pres-subject-wrap><pres-subject>Conventions, Conferences &amp; Trade Shows</pres-subject><pres-subject-code>CONVENE</pres-subject-code><alt1-subject-code>1CO42</alt1-subject-code></pres-subject-wrap><pres-subject-wrap><pres-subject>Foundations</pres-subject><pres-subject-code>FDATIONS</pres-subject-code><alt1-subject-code>1FO95</alt1-subject-code></pres-subject-wrap><pres-subject-wrap><pres-subject>Philanthropy</pres-subject><pres-subject-code>DONATE</pres-subject-code><alt1-subject-code>1PH09</alt1-subject-code></pres-subject-wrap><pres-subject-wrap><pres-subject>Social Issues</pres-subject><pres-subject-code>PTSOCISS</pres-subject-code><alt1-subject-code>1SO05</alt1-subject-code></pres-subject-wrap><pres-subject-wrap><pres-subject>World Organizations</pres-subject><pres-subject-code>GEOORGS</pres-subject-code><alt1-subject-code>1IN77</alt1-subject-code></pres-subject-wrap><eos/><eop/></pres-subject-block><pres-industry-block><bop/><bos/><pres-industry-wrap><pres-industry>Broadcast TV</pres-industry><pres-industry-code>TVBROAD</pres-industry-code><alt1-industry-code>1BR25</alt1-industry-code></pres-industry-wrap><pres-industry-wrap><pres-industry>Entertainment</pres-industry><pres-industry-code>SHOWBIZ</pres-industry-code><alt1-industry-code>1EN08</alt1-industry-code></pres-industry-wrap><pres-industry-wrap><pres-industry>Public Television</pres-industry><pres-industry-code>PUBLICTV</pres-industry-code><alt1-industry-code>1PU41</alt1-industry-code></pres-industry-wrap><pres-industry-wrap><pres-industry>TV</pres-industry><pres-industry-code>TV</pres-industry-code><alt1-industry-code>1TV19</alt1-industry-code></pres-industry-wrap><pres-industry-wrap><pres-industry>Television Networks</pres-industry><pres-industry-code>NETWRKOP</pres-industry-code><alt1-industry-code>1TE85</alt1-industry-code></pres-industry-wrap><eos/><eop/></pres-industry-block></classification-terms><classification-terms><rcs-block><rcs>G:4</rcs><rcs>G:B2</rcs><rcs>G:7I</rcs><rcs>B:69</rcs><rcs>G:6J</rcs><rcs>M:3</rcs><rcs>G:Y</rcs><rcs>B:86</rcs><rcs>B:95</rcs><rcs>B:94</rcs><rcs>B:91</rcs><rcs>G:B</rcs><rcs>B:92</rcs><rcs>G:A</rcs><rcs>G:4V</rcs><rcs>G:K</rcs><rcs>M:H3</rcs><rcs>M:I4</rcs><rcs>G:AJ</rcs><rcs>M:DU</rcs></rcs-block></classification-terms><extraction-terms><extr-company-block><bop/><bos/><extr-company>Philip Morris Armenia</extr-company><extr-company-wrap><extr-company-name>Philip Morris Armenia</extr-company-name><relevancy engine="1C">0.2</relevancy><confidence engine="1C">0.62</confidence></extr-company-wrap><extr-company>Viasphere International</extr-company><extr-company-wrap><extr-company-name>Viasphere International</extr-company-name><relevancy engine="1C">0.2</relevancy><confidence engine="1C">0.92</confidence></extr-company-wrap><norm-company oa-id="5001229698">FEINBERG INVESTMENTS LLC</norm-company><norm-company-wrap occur-sequence="3"><norm-company-name>FEINBERG INVESTMENTS LLC</norm-company-name><company-ids><oa-id>5001229698</oa-id></company-ids><relevancy engine="1C">0.2</relevancy><confidence engine="1C">0.79</confidence></norm-company-wrap><norm-company oa-id="5036231187">GREEN TRAVEL LTD</norm-company><norm-company-wrap occur-sequence="4"><norm-company-name>GREEN TRAVEL LTD</norm-company-name><company-ids><oa-id>5036231187</oa-id></company-ids><relevancy engine="1C">0.2</relevancy><confidence engine="1C">0.9</confidence></norm-company-wrap><norm-company oa-id="4295907168">MICROSOFT CORP</norm-company><norm-company-wrap occur-sequence="2"><norm-company-name>MICROSOFT CORP</norm-company-name><company-ids><oa-id>4295907168</oa-id><ric norm="MSFT.OQ">MSFT.OQ</ric></company-ids><company-classification><trbc-wrap><trbc type="RCS">B:1796</trbc><trbc type="2012">5720102010</trbc><trbc type="perm-id">4294951205</trbc></trbc-wrap></company-classification><relevancy engine="1C">0.5</relevancy><confidence engine="1C">0.99</confidence></norm-company-wrap><norm-company oa-id="4295907263">NATIONAL INSTRUMENTS CORP</norm-company><norm-company-wrap occur-sequence="1"><norm-company-name>NATIONAL INSTRUMENTS CORP</norm-company-name><company-ids><oa-id>4295907263</oa-id><ric norm="NATI.OQ">NATI.OQ</ric></company-ids><company-classification><trbc-wrap><trbc type="RCS">B:1796</trbc><trbc type="2012">5720102010</trbc><trbc type="perm-id">4294951205</trbc></trbc-wrap></company-classification><relevancy engine="1C">0.2</relevancy><confidence engine="1C">0.63</confidence></norm-company-wrap><eos/><eop/></extr-company-block></extraction-terms><extraction-terms><extr-person-block><bop/><bos/><extr-person>Tony Moroyan</extr-person><extr-person-wrap><extr-person-name>Tony Moroyan</extr-person-name><relevancy engine="1C">0.2</relevancy></extr-person-wrap><eos/><eop/></extr-person-block></extraction-terms></indexing></document></n-docbody>
</n-document>
<n-document guid="I0290c7006d9711e58069b7b0f0ac41a1"><n-metadata><metadata.block><md.identifiers><md.cites><md.first.line.cite>10/8/15 NEWS 00:00:00</md.first.line.cite><md.second.line.cite>10/8/15 ARKA News Agency 00:00:00</md.second.line.cite></md.cites><md.uuid>I0290c7006d9711e58069b7b0f0ac41a1</md.uuid></md.identifiers><md.infotype>news</md.infotype><md.sortkeys><md.ordersequence>f47363bec</md.ordersequence></md.sortkeys><md.descriptions><md.title>ANELIK BANK OFFERS 180 TABLETS TO ITS CUSTOMERS</md.title><md.westlawdescrip><md.readlist>READLIST</md.readlist></md.westlawdescrip></md.descriptions><md.dates><md.publisheddatetime>20151008034016</md.publisheddatetime><md.loaddate>20151008</md.loaddate><md.createddatetime>20151008034016</md.createddatetime></md.dates><md.subjects><md.subject><md.pubtype.name/><md.doctype.name>DNR</md.doctype.name><md.doctype.rank/><md.view>CNGE</md.view><md.view>RGEurope</md.view><md.view>PTNewswires</md.view><md.view>ARKANEWS0063786</md.view><md.view>INALLNEWS_ACTEST</md.view><md.view>INFARNEWS_AC</md.view><md.view>MARKETSEIKON_CN</md.view><md.view>MARKETSEIKON</md.view><md.view>CB_ASIAWIRES</md.view><md.view>INWIRES_AC</md.view><md.view>GULF_INTL</md.view><md.view>ININTNEWS_AC</md.view><md.view>ANZ_INTLOS</md.view><md.view>CLEAR_RF</md.view><md.view>INALLNEWS_AC</md.view><md.view>INNEWSINT_PRO</md.view><md.view>INBUSNEWS</md.view><md.view>INNEWSWORLD_PRO</md.view><md.view>INBUSNEWS_AC</md.view></md.subject></md.subjects><md.jurisdictions><md.jurisdiction><md.jurisstate>FE</md.jurisstate></md.jurisdiction></md.jurisdictions><md.publications><md.publication/><md.sourcepubid>ARKANEWS</md.sourcepubid></md.publications><md.royalty><md.royalty.code>84104</md.royalty.code></md.royalty></metadata.block><news.metadata.block><md.text.preview>ECONOMYYEREVAN, October 8, /ARKA/. Anelik Bank offers 180 tablets for its customers- holders of MasterCard and Maestro banking cards. Tablets can be won in a drawing by customers who will make 30 and more cashless transactions worth at least</md.text.preview></news.metadata.block><newsplus.recommendable>1</newsplus.recommendable><n-view>CNGE</n-view><n-view>RGEurope</n-view><n-view>PTNewswires</n-view><n-view>ARKANEWS0063786</n-view><n-view>INALLNEWS_ACTEST</n-view><n-view>INFARNEWS_AC</n-view><n-view>MARKETSEIKON_CN</n-view><n-view>MARKETSEIKON</n-view><n-view>CB_ASIAWIRES</n-view><n-view>INWIRES_AC</n-view><n-view>GULF_INTL</n-view><n-view>ININTNEWS_AC</n-view><n-view>ANZ_INTLOS</n-view><n-view>CLEAR_RF</n-view><n-view>INALLNEWS_AC</n-view><n-view>INNEWSINT_PRO</n-view><n-view>INBUSNEWS</n-view><n-view>INNEWSWORLD_PRO</n-view><n-view>INBUSNEWS_AC</n-view><prism-stylesheet guid="Ia3024d301b6a11d89fc5f34981d3242f"/><prism-clipdate>20151008034016</prism-clipdate></n-metadata>
<n-docbody><document version="1" collection="D-ARKANEWS-T001" first-load-date="20151008034016" ip-product="ARKANEWS" royalty-id="84104" data-model="text" dtd-version="5.2.29" content-type="news" load-language="en" pnac="nNRA0a7sa5" pnac-date="20151008T083145.520"><supplier-info><supplier-num nitf="doc-id" nitf-regsrc="ARKA News Agency" type="accession">ea4e000141a6e9f9</supplier-num><internal-acc-num db-id="NEPRARKA" type="newz">20151008170.1_Vea4e000141a6e9f9</internal-acc-num><rec-status><last-load-date>20151008034016</last-load-date><nitf-date ne="datereceived">20151008T08:31:45Z</nitf-date><nitf-date nitf="date-issue">20151008T00:00:00Z</nitf-date><last-provider-update>20151008083145</last-provider-update></rec-status><supplier-copyright>Copyright Â© 2015 ARKA<copyright-year/><copyright-holder>ARKA</copyright-holder></supplier-copyright><supplier-note nitf="urgency" nitf-ed-urg="4"/><nitf-meta-content name="_newsmlg2-hashtype=nr-htype:doc-group-fuzzy">19680|65543|99515|98619|20446|88031|57684|64748|69980|2272|75828|111165|96156|13479|27585|19438|50902|37245|4676|21016|59907|100514|56421|26613|16798|4645|22866|35592|55575|53149|83908|35577|24553|107324|63698|52237|104170|61609|30964|99651|81302|98787|100027|56273|73798|112461|25590|11769|1116|9128|72692|19934|19722|</nitf-meta-content><nitf-meta-content name="_newsmlg2-hashtype=nr-htype:doc-group-content-length">711</nitf-meta-content><nitf-meta-content name="_newsmlg2-hashtype=nr-htype:doc-group-simple">77e58abeca08aae220fe6c22b2d785998074f1fd</nitf-meta-content><supplier-dtds><dtd dtd-version="working" dtd-date="20150915T00:00:00Z">Canonical Taxonomy</dtd><dtd dtd-version="20150911" dtd-date="20150915T00:00:00Z">Mapping File</dtd></supplier-dtds><copyright-block type="dialog"><service-copyright n-include_guid="Ice671660f30811d88920000083149a14" n-include_collection="D-DIALOGCOPYRIGHTS-T001"/></copyright-block><copyright-block type="west"><service-copyright n-include_guid="I1DA35ED81DD211B281BAD200220BDFCA" n-include_collection="w_wlnv_msg"/></copyright-block><west-citation-block><bop/><first-line-cite><bos/>10/8/15 NEWS 00:00:00<eos/></first-line-cite><second-line-cite><bos/>10/8/15 ARKA News Agency 00:00:00<eos/></second-line-cite><eop/></west-citation-block></supplier-info><title-info iso-language="en"><bop/><title type="headline" nitf-hedline="hl1" key="key-title"><bos/><sort-title><cite.query w-seq-number="00001" w-ref-type="CO" w-normalized-cite="IAB5AD290E2CE11DE916D8A11856AA63E" ID="I47a043106d9811e59fc7c25fed5cf238">ANELIK BANK</cite.query> OFFERS 180 TABLETS TO ITS CUSTOMERS</sort-title><eos/></title><eop/></title-info><pub-info><journal key="key-journal"><bop/><bos/><sort-journal>ARKA News Agency</sort-journal><eos/><eop/></journal><pub-date key="key-date" iso-time="T00:00:00Z" type="date.publication"><full-pub-date>October 8, 2015</full-pub-date><sort-pub-date>20151008</sort-pub-date><sort-pub-timestamp>20151008000000</sort-pub-timestamp><rank-date>20151008</rank-date><currency-timestamp>20151008000000</currency-timestamp></pub-date><original-pub><language iso-language="en">English</language></original-pub><src-data><src-journal-code>ANPV</src-journal-code><src-pub-code>0063786</src-pub-code><src-pub-type>Newswire</src-pub-type><src-pub-country-wrap><src-pub-country-code>GE</src-pub-country-code><src-pub-country>Georgia CIS</src-pub-country></src-pub-country-wrap><src-pub-region>Europe</src-pub-region></src-data></pub-info><content iso-language="en"><total-char-count>1019</total-char-count><derived-word-count><bop/><bos/>Word Count: 162<eos/><eop/></derived-word-count><text type="lead-para"><p nitf="lede"><bop/>ECONOMY<eop/></p><p nitf="lede"><bop/><bos/>YEREVAN, October 8, /ARKA/. <eos/><bos/>Anelik Bank offers 180 tablets for its customers- holders of <cite.query w-seq-number="00002" w-ref-type="MM" w-normalized-cite="canonical_name::MASTERCARD" ID="I47ac9f206d9811e59fc7c25fed5cf238">MasterCard</cite.query> and Maestro banking cards. <eos/><bos/>Tablets can be won in a drawing by customers who will make 30 and more cashless transactions worth at least 300,000 drams from October 15 to December 15, apart from online transactions.<eos/><eop/></p></text><text type="body"><p><bop/><bos/>This joint offer implemented by <cite.query w-seq-number="00003" w-ref-type="NM" w-normalized-cite="canonical_name::ARMENIAN CARD" ID="I47c493f06d9811e59fc7c25fed5cf238">Armenian Card</cite.query>, <cite.query w-seq-number="00004" w-ref-type="NM" w-normalized-cite="canonical_name::MASTERCARD AND ANELIK BANK" ID="I47c493f16d9811e59fc7c25fed5cf238">MasterCard and Anelik Bank</cite.query> is designed to encourage cashless transactions, to use actively <cite.query w-seq-number="00005" w-ref-type="MM" w-normalized-cite="canonical_name::MASTERCARD" ID="I47c493f26d9811e59fc7c25fed5cf238">MasterCard</cite.query> cards and to attract new cardholders, the bank said in a press release.<eos/><eop/></p><p><bop/><bos/>&quot;We have joined this offer gladly whose motto is &apos;Convert money to gifts,&apos; which is aimed at encouraging cashless transactions. <eos/><bos/>This time <cite.query w-seq-number="00006" w-ref-type="CO" w-normalized-cite="IAB5AD290E2CE11DE916D8A11856AA63E" ID="I47d3d6306d9811e59fc7c25fed5cf238">Anelik Bank</cite.query> and its partners have pleasant surprises for their customers,&apos; a press officer of the bank, <cite.query w-seq-number="00007" w-ref-type="NM" w-normalized-cite="canonical_name::ASTGHIK MARTIROSYAN" ID="I47d3d6316d9811e59fc7c25fed5cf238">Astghik Martirosyan</cite.query> is quoted as saying.<eos/><eop/></p><p><bop/><bos/>She said the bank is working to offer all its customers convenient banking tools as well as useful and pleasant gifts.<eos/><eop/></p><p><bop/><bos/>Anelik Bank, founded in 1990 is owned entirely by <cite.query w-seq-number="00008" w-ref-type="NM" w-normalized-cite="canonical_name::LEBANESE CREDITBANK S A L" ID="I47dc13906d9811e59fc7c25fed5cf238">Lebanese CreditBank S.A.L.</cite.query> -0-<eos/><eop/></p></text></content><indexing iso-language="en" value-add="machine-generated"><classification-terms><pres-location-block><bop/><bos/><pres-location-wrap><pres-location>Armenia</pres-location><pres-location-code>ISOAM</pres-location-code><alt1-location-code>1AR09</alt1-location-code></pres-location-wrap><pres-location-wrap><pres-location>CIS Countries</pres-location><pres-location-code>CISSTAT</pres-location-code><alt1-location-code>1CI64</alt1-location-code></pres-location-wrap><pres-location-wrap><pres-location>Eastern Europe</pres-location><pres-location-code>GEOEEUR</pres-location-code><alt1-location-code>1EA48</alt1-location-code></pres-location-wrap><pres-location-wrap><pres-location>Europe</pres-location><pres-location-code>GEOEUR</pres-location-code><alt1-location-code>1EU83</alt1-location-code></pres-location-wrap><eos/><eop/></pres-location-block></classification-terms><classification-terms><pres-industry-block><bop/><bos/><pres-industry-wrap><pres-industry>Banking</pres-industry><pres-industry-code>BANKOVER</pres-industry-code><alt1-industry-code>1BA20</alt1-industry-code></pres-industry-wrap><pres-industry-wrap><pres-industry>Credit, Debit &amp; Value Cards</pres-industry><pres-industry-code>CCARDS</pres-industry-code><alt1-industry-code>1CR28</alt1-industry-code></pres-industry-wrap><pres-industry-wrap><pres-industry>Financial Services</pres-industry><pres-industry-code>FINSVC</pres-industry-code><alt1-industry-code>1FI37</alt1-industry-code></pres-industry-wrap><pres-industry-wrap><pres-industry>Retail Banking Services</pres-industry><pres-industry-code>RTBNKOVR</pres-industry-code><alt1-industry-code>1RE38</alt1-industry-code></pres-industry-wrap><eos/><eop/></pres-industry-block></classification-terms><classification-terms><rcs-block><rcs>B:126</rcs><rcs>B:125</rcs><rcs>B:128</rcs><rcs>G:B2</rcs><rcs>B:127</rcs><rcs>G:7I</rcs><rcs>G:Y</rcs><rcs>B:129</rcs><rcs>G:AJ</rcs><rcs>G:B</rcs><rcs>G:A</rcs></rcs-block></classification-terms><extraction-terms><extr-company-block><bop/><bos/><norm-company oa-id="5000023584">ANELIK BANK CLOSED JSK</norm-company><norm-company-wrap occur-sequence="1,2,6,8,9"><norm-company-name>ANELIK BANK CLOSED JSK</norm-company-name><company-ids><oa-id>5000023584</oa-id></company-ids><company-classification><trbc-wrap><trbc type="RCS">B:128</trbc><trbc type="2012">55101010</trbc><trbc type="perm-id">4294952873</trbc></trbc-wrap></company-classification><relevancy engine="1C">0.8</relevancy><confidence engine="1C">0.86</confidence></norm-company-wrap><norm-company oa-id="5001425561">MAESTRO</norm-company><norm-company-wrap occur-sequence="4"><norm-company-name>MAESTRO</norm-company-name><company-ids><oa-id>5001425561</oa-id></company-ids><relevancy engine="1C">0.2</relevancy><confidence engine="1C">0.89</confidence></norm-company-wrap><norm-company oa-id="4295902520">MASTERCARD INC</norm-company><norm-company-wrap occur-sequence="3,5,7"><norm-company-name>MASTERCARD INC</norm-company-name><company-ids><oa-id>4295902520</oa-id><ric norm="MA.N">MA.N</ric></company-ids><company-classification><trbc-wrap><trbc type="RCS">B:1236</trbc><trbc type="2012">5220304027</trbc><trbc type="perm-id">4294951765</trbc></trbc-wrap></company-classification><relevancy engine="1C">0.5</relevancy><confidence engine="1C">1</confidence></norm-company-wrap><eos/><eop/></extr-company-block></extraction-terms><extraction-terms><extr-person-block><bop/><bos/><extr-person>Maestro</extr-person><extr-person-wrap><extr-person-name>Maestro</extr-person-name><relevancy engine="1C">0.2</relevancy></extr-person-wrap><eos/><eop/></extr-person-block></extraction-terms></indexing></document></n-docbody>
</n-document>
<n-document guid="I489055506dcd11e59a36814b729d2792"><n-metadata><metadata.block><md.identifiers><md.cites><md.first.line.cite>10/8/15 NEWS 00:00:00</md.first.line.cite><md.second.line.cite>10/8/15 ARKA News Agency 00:00:00</md.second.line.cite></md.cites><md.uuid>I489055506dcd11e59a36814b729d2792</md.uuid></md.identifiers><md.infotype>news</md.infotype><md.sortkeys><md.ordersequence>f47363bec</md.ordersequence></md.sortkeys><md.descriptions><md.title>AVERAGE YIELD ON ARMENIAN EUROBONDS IN AUGUST INCREASED BY 0.41%</md.title><md.westlawdescrip><md.readlist>READLIST</md.readlist></md.westlawdescrip></md.descriptions><md.dates><md.publisheddatetime>20151008100812</md.publisheddatetime><md.loaddate>20151008</md.loaddate><md.createddatetime>20151008100812</md.createddatetime></md.dates><md.subjects><md.subject><md.pubtype.name/><md.doctype.name>DNR</md.doctype.name><md.doctype.rank/><md.view>CNGE</md.view><md.view>RGEurope</md.view><md.view>PTNewswires</md.view><md.view>ARKANEWS0063786</md.view><md.view>INALLNEWS_ACTEST</md.view><md.view>INFARNEWS_AC</md.view><md.view>MARKETSEIKON_CN</md.view><md.view>MARKETSEIKON</md.view><md.view>CB_ASIAWIRES</md.view><md.view>INWIRES_AC</md.view><md.view>GULF_INTL</md.view><md.view>ININTNEWS_AC</md.view><md.view>ANZ_INTLOS</md.view><md.view>CLEAR_RF</md.view><md.view>INALLNEWS_AC</md.view><md.view>INNEWSINT_PRO</md.view><md.view>INBUSNEWS</md.view><md.view>INNEWSWORLD_PRO</md.view><md.view>INBUSNEWS_AC</md.view></md.subject></md.subjects><md.jurisdictions><md.jurisdiction><md.jurisstate>FE</md.jurisstate></md.jurisdiction></md.jurisdictions><md.publications><md.publication/><md.sourcepubid>ARKANEWS</md.sourcepubid></md.publications><md.royalty><md.royalty.code>84104</md.royalty.code></md.royalty></metadata.block><news.metadata.block><md.text.preview>STOCK MARKETYEREVAN, October 8. / ARKA /. The average yield on Armenian Eurobonds in August increased by 0.41 percentage points, reaching 6.84%, the Central Bank said in its monthly bulletin for August.It said a total of $9.94 million worth</md.text.preview></news.metadata.block><newsplus.recommendable>1</newsplus.recommendable><n-view>CNGE</n-view><n-view>RGEurope</n-view><n-view>PTNewswires</n-view><n-view>ARKANEWS0063786</n-view><n-view>INALLNEWS_ACTEST</n-view><n-view>INFARNEWS_AC</n-view><n-view>MARKETSEIKON_CN</n-view><n-view>MARKETSEIKON</n-view><n-view>CB_ASIAWIRES</n-view><n-view>INWIRES_AC</n-view><n-view>GULF_INTL</n-view><n-view>ININTNEWS_AC</n-view><n-view>ANZ_INTLOS</n-view><n-view>CLEAR_RF</n-view><n-view>INALLNEWS_AC</n-view><n-view>INNEWSINT_PRO</n-view><n-view>INBUSNEWS</n-view><n-view>INNEWSWORLD_PRO</n-view><n-view>INBUSNEWS_AC</n-view><prism-stylesheet guid="Ia3024d301b6a11d89fc5f34981d3242f"/><prism-clipdate>20151008100812</prism-clipdate></n-metadata>
<n-docbody><document version="1" collection="D-ARKANEWS-T001" first-load-date="20151008100812" ip-product="ARKANEWS" royalty-id="84104" data-model="text" dtd-version="5.2.29" content-type="news" load-language="en" pnac="nNRA0a9fot" pnac-date="20151008T150015.781"><supplier-info><supplier-num nitf="doc-id" nitf-regsrc="ARKA News Agency" type="accession">c2f9000337aebc54</supplier-num><internal-acc-num db-id="NEPRARKA" type="newz">20151008170.1_Vc2f9000337aebc54</internal-acc-num><rec-status><last-load-date>20151008100812</last-load-date><nitf-date ne="datereceived">20151008T15:00:15Z</nitf-date><nitf-date nitf="date-issue">20151008T00:00:00Z</nitf-date><last-provider-update>20151008150015</last-provider-update></rec-status><supplier-copyright>Copyright Â© 2015 ARKA<copyright-year/><copyright-holder>ARKA</copyright-holder></supplier-copyright><supplier-note nitf="urgency" nitf-ed-urg="4"/><nitf-meta-content name="recommendable">1</nitf-meta-content><nitf-meta-content name="_newsmlg2-hashtype=nr-htype:doc-group-fuzzy">28724|98619|57684|89828|37534|45726|63743|31935|75830|71411|41831|77051|109721|41005|23644|75482|98344|60446|36417|72220|48629|25159|20798|35601|25587|57428|38254|33584|68777|75149|20105|45025|7947|12702|42599|108803|68398|24553|53943|66266|99867|1672|41639|44391|68087|5964|12069|65310|58460|100463|91872|64393|14960|56273|21425|109991|85436|1045|15675|78383|</nitf-meta-content><nitf-meta-content name="_newsmlg2-hashtype=nr-htype:doc-group-content-length">1008</nitf-meta-content><nitf-meta-content name="_newsmlg2-hashtype=nr-htype:doc-group-simple">43647cdf9efcae53616fd27d8406e2858158644b</nitf-meta-content><supplier-dtds><dtd dtd-version="working" dtd-date="20150915T00:00:00Z">Canonical Taxonomy</dtd><dtd dtd-version="20150911" dtd-date="20150915T00:00:00Z">Mapping File</dtd></supplier-dtds><copyright-block type="dialog"><service-copyright n-include_guid="Ice671660f30811d88920000083149a14" n-include_collection="D-DIALOGCOPYRIGHTS-T001"/></copyright-block><copyright-block type="west"><service-copyright n-include_guid="I1DA35ED81DD211B281BAD200220BDFCA" n-include_collection="w_wlnv_msg"/></copyright-block><west-citation-block><bop/><first-line-cite><bos/>10/8/15 NEWS 00:00:00<eos/></first-line-cite><second-line-cite><bos/>10/8/15 ARKA News Agency 00:00:00<eos/></second-line-cite><eop/></west-citation-block></supplier-info><title-info iso-language="en"><bop/><title type="headline" nitf-hedline="hl1" key="key-title"><bos/><sort-title>AVERAGE YIELD ON ARMENIAN EUROBONDS IN AUGUST INCREASED BY 0.41%</sort-title><eos/></title><eop/></title-info><pub-info><journal key="key-journal"><bop/><bos/><sort-journal>ARKA News Agency</sort-journal><eos/><eop/></journal><pub-date key="key-date" iso-time="T00:00:00Z" type="date.publication"><full-pub-date>October 8, 2015</full-pub-date><sort-pub-date>20151008</sort-pub-date><sort-pub-timestamp>20151008000000</sort-pub-timestamp><rank-date>20151008</rank-date><currency-timestamp>20151008000000</currency-timestamp></pub-date><original-pub><language iso-language="en">English</language></original-pub><src-data><src-journal-code>ANPV</src-journal-code><src-pub-code>0063786</src-pub-code><src-pub-type>Newswire</src-pub-type><src-pub-country-wrap><src-pub-country-code>GE</src-pub-country-code><src-pub-country>Georgia CIS</src-pub-country></src-pub-country-wrap><src-pub-region>Europe</src-pub-region></src-data></pub-info><content iso-language="en"><total-char-count>1735</total-char-count><derived-word-count><bop/><bos/>Word Count: 279<eos/><eop/></derived-word-count><text type="lead-para"><p nitf="lede"><bop/><bos/>STOCK MARKET<eos/><eop/></p><p nitf="lede"><bop/><bos/>YEREVAN, October 8. / ARKA /. The average yield on <cite.query w-seq-number="00001" w-ref-type="NM" w-normalized-cite="canonical_name::ARMENIAN EUROBONDS" ID="I8b17c6f06dce11e5bfeefff7a2c47c9e">Armenian Eurobonds</cite.query> in August increased by 0.41 percentage points, reaching 6.84%, the <cite.query w-seq-number="00002" w-ref-type="MM" w-normalized-cite="canonical_name::CENTRAL BANK" ID="I8b17c6f16dce11e5bfeefff7a2c47c9e">Central Bank</cite.query> said in its monthly bulletin for August.It said a total of $9.94 million worth transactions with Eurobonds were made in August, up from $1.5 million in July. <eos/><bos/>The yield on Eurobonds rose by 0.12 percentage points in June to 6.21%, in July it rose further to 6.43% and in August it reached 6.84%. <eos/><bos/>According to analysts, the increase in the yield on Armenian Eurobonds is explained by unstable geopolitical situation in the region and a serious strengthening of the US dollar against almost all currencies of the world, which could not fail to reflect also on the Armenian financial market, impacting the interest rates.<eos/><eop/></p></text><text type="body"><p><bop/><bos/>The global financial markets in August saw high nervousness; in particular, the volatility of the markets was affected by the devaluation of the Yuan, the Black Monday on August 21 (collapse in prices in the US market) and the achievement of a final agreement with creditors of Greece. <eos/><bos/>According to the <cite.query w-seq-number="00003" w-ref-type="MM" w-normalized-cite="canonical_name::CENTRAL BANK" ID="I8e1ffde06dce11e5bfeefff7a2c47c9e">Central Bank</cite.query>, in January-August this year a total of $92.1 million worth transactions were made with Eurobonds in the secondary market with an average yield of 6.46%. <eos/><bos/>Armenia first issued $700 million worth dollar-denominated bonds in September 2013 at the yield of 6.25 percent. <eos/><bos/>The bulk was used to repay a $500 million Russian loan ten years ahead of schedule. <eos/><bos/>Armenia sold a second issue of $500 million 10-year dollar bond on March 19, 2014 paying a yield of 7.5%. <eos/><bos/><cite.query w-seq-number="00004" w-ref-type="MM" w-normalized-cite="canonical_name::DEUTSCHE BANK" ID="I8e1ffde16dce11e5bfeefff7a2c47c9e">Deutsche Bank</cite.query>, <cite.query w-seq-number="00005" w-ref-type="MM" w-normalized-cite="canonical_name::HSBC BANK" ID="I8e1ffde26dce11e5bfeefff7a2c47c9e">HSBC Bank</cite.query> and <cite.query w-seq-number="00006" w-ref-type="MM" w-normalized-cite="canonical_name::JP MORGAN" ID="I8e1ffde36dce11e5bfeefff7a2c47c9e">JP Morgan</cite.query> acted as underwriters. <eos/><bos/>Of that amount, about $205.8 million was spent to buy back part of the previous dollar bond issue carried out in 2013.-0-<eos/><eop/></p></text></content><indexing iso-language="en" value-add="machine-generated"><classification-terms><pres-location-block><bop/><bos/><pres-location-wrap><pres-location>Armenia</pres-location><pres-location-code>ISOAM</pres-location-code><alt1-location-code>1AR09</alt1-location-code></pres-location-wrap><pres-location-wrap><pres-location>CIS Countries</pres-location><pres-location-code>CISSTAT</pres-location-code><alt1-location-code>1CI64</alt1-location-code></pres-location-wrap><pres-location-wrap><pres-location>Eastern Europe</pres-location><pres-location-code>GEOEEUR</pres-location-code><alt1-location-code>1EA48</alt1-location-code></pres-location-wrap><pres-location-wrap><pres-location>Europe</pres-location><pres-location-code>GEOEUR</pres-location-code><alt1-location-code>1EU83</alt1-location-code></pres-location-wrap><eos/><eop/></pres-location-block></classification-terms><classification-terms><pres-subject-block><bop/><bos/><pres-subject-wrap><pres-subject>Bond Instruments</pres-subject><pres-subject-code>BONDINST</pres-subject-code><alt1-subject-code>1BO92</alt1-subject-code></pres-subject-wrap><pres-subject-wrap><pres-subject>Bond Issues</pres-subject><pres-subject-code>NEWBONDS</pres-subject-code><alt1-subject-code>1BO94</alt1-subject-code></pres-subject-wrap><pres-subject-wrap><pres-subject>Economics &amp; Trade</pres-subject><pres-subject-code>TRADE</pres-subject-code><alt1-subject-code>1EC26</alt1-subject-code></pres-subject-wrap><pres-subject-wrap><pres-subject>Eurobonds</pres-subject><pres-subject-code>EUROBOND</pres-subject-code><alt1-subject-code>1EU87</alt1-subject-code></pres-subject-wrap><pres-subject-wrap><pres-subject>Funding Instruments</pres-subject><pres-subject-code>INVSTING</pres-subject-code><alt1-subject-code>1FU41</alt1-subject-code></pres-subject-wrap><pres-subject-wrap><pres-subject>Major World Currencies</pres-subject><pres-subject-code>XCHANGR</pres-subject-code><alt1-subject-code>1MA67</alt1-subject-code></pres-subject-wrap><pres-subject-wrap><pres-subject>U.S. Dollar</pres-subject><pres-subject-code>USDOLLAR</pres-subject-code><alt1-subject-code>1US14</alt1-subject-code></pres-subject-wrap><eos/><eop/></pres-subject-block><pres-industry-block><bop/><bos/><pres-industry-wrap><pres-industry>Banking</pres-industry><pres-industry-code>BANKOVER</pres-industry-code><alt1-industry-code>1BA20</alt1-industry-code></pres-industry-wrap><pres-industry-wrap><pres-industry>Bonds</pres-industry><pres-industry-code>BONDS</pres-industry-code><alt1-industry-code>1BO97</alt1-industry-code></pres-industry-wrap><pres-industry-wrap><pres-industry>Financial Services</pres-industry><pres-industry-code>FINSVC</pres-industry-code><alt1-industry-code>1FI37</alt1-industry-code></pres-industry-wrap><pres-industry-wrap><pres-industry>Fixed Income Investments</pres-industry><pres-industry-code>FIXEDINV</pres-industry-code><alt1-industry-code>1FI12</alt1-industry-code></pres-industry-wrap><pres-industry-wrap><pres-industry>Investment Management</pres-industry><pres-industry-code>INVSTMAN</pres-industry-code><alt1-industry-code>1IN34</alt1-industry-code></pres-industry-wrap><pres-industry-wrap><pres-industry>Securities Investment</pres-industry><pres-industry-code>PTSECUR</pres-industry-code><alt1-industry-code>1SE57</alt1-industry-code></pres-industry-wrap><eos/><eop/></pres-industry-block></classification-terms><classification-terms><rcs-block><rcs>B:126</rcs><rcs>A:9</rcs><rcs>B:125</rcs><rcs>E:5</rcs><rcs>B:128</rcs><rcs>G:B2</rcs><rcs>B:127</rcs><rcs>E:W</rcs><rcs>G:7I</rcs><rcs>G:Y</rcs><rcs>E:5I</rcs><rcs>B:130</rcs><rcs>G:B</rcs><rcs>G:A</rcs><rcs>A:2</rcs><rcs>A:S</rcs><rcs>A:U</rcs><rcs>G:AJ</rcs></rcs-block></classification-terms><extraction-terms><extr-company-block><bop/><bos/><norm-company oa-id="4295869482">DEUTSCHE BANK AG</norm-company><norm-company-wrap occur-sequence="1"><norm-company-name>DEUTSCHE BANK AG</norm-company-name><company-ids><oa-id>4295869482</oa-id><ric norm="DBKGn.DE">DBKGn.DE</ric></company-ids><company-classification><trbc-wrap><trbc type="RCS">B:128</trbc><trbc type="2012">55101010</trbc><trbc type="perm-id">4294952873</trbc></trbc-wrap></company-classification><relevancy engine="1C">0.2</relevancy><confidence engine="1C">0.93</confidence></norm-company-wrap><norm-company oa-id="8589934275">HSBC HOLDINGS PLC</norm-company><norm-company-wrap occur-sequence="2"><norm-company-name>HSBC HOLDINGS PLC</norm-company-name><company-ids><oa-id>8589934275</oa-id><ric norm="HSBA.L">HSBA.L</ric></company-ids><company-classification><trbc-wrap><trbc type="RCS">B:1616</trbc><trbc type="2012">5510101011</trbc><trbc type="perm-id">4294951385</trbc></trbc-wrap></company-classification><relevancy engine="1C">0.2</relevancy><confidence engine="1C">1</confidence></norm-company-wrap><norm-company oa-id="5000021791">JPMORGAN CHASE AND CO</norm-company><norm-company-wrap occur-sequence="3"><norm-company-name>JPMORGAN CHASE AND CO</norm-company-name><company-ids><oa-id>5000021791</oa-id><ric norm="JPM.N">JPM.N</ric></company-ids><company-classification><trbc-wrap><trbc type="RCS">B:1615</trbc><trbc type="2012">5510101010</trbc><trbc type="perm-id">4294951386</trbc></trbc-wrap></company-classification><relevancy engine="1C">0.2</relevancy><confidence engine="1C">0.93</confidence></norm-company-wrap><eos/><eop/></extr-company-block></extraction-terms></indexing></document></n-docbody>
</n-document>
<n-document guid="I664be2006b4611e587a8e1d477d7dc4b"><n-metadata><metadata.block><md.identifiers><md.cites><md.first.line.cite>10/5/15 NEWS 00:00:00</md.first.line.cite><md.second.line.cite>10/5/15 ARKA News Agency 00:00:00</md.second.line.cite></md.cites><md.uuid>I664be2006b4611e587a8e1d477d7dc4b</md.uuid></md.identifiers><md.infotype>news</md.infotype><md.sortkeys><md.ordersequence>f47363bec</md.ordersequence></md.sortkeys><md.descriptions><md.title>SOME $2.85 MILLION TRADED AT NASDAQ OMX ARMENIA STOCK EXCHANGE FROM SEPTEMBER 28 TO OCTOBER 2</md.title><md.westlawdescrip><md.readlist>READLIST</md.readlist></md.westlawdescrip></md.descriptions><md.dates><md.publisheddatetime>20151005045759</md.publisheddatetime><md.loaddate>20151005</md.loaddate><md.createddatetime>20151005045759</md.createddatetime></md.dates><md.subjects><md.subject><md.pubtype.name/><md.doctype.name>DNR</md.doctype.name><md.doctype.rank/><md.view>CNGE</md.view><md.view>RGEurope</md.view><md.view>PTNewswires</md.view><md.view>ARKANEWS0063786</md.view><md.view>INALLNEWS_ACTEST</md.view><md.view>INFARNEWS_AC</md.view><md.view>MARKETSEIKON_CN</md.view><md.view>MARKETSEIKON</md.view><md.view>CB_ASIAWIRES</md.view><md.view>INWIRES_AC</md.view><md.view>GULF_INTL</md.view><md.view>ININTNEWS_AC</md.view><md.view>ANZ_INTLOS</md.view><md.view>CLEAR_RF</md.view><md.view>INALLNEWS_AC</md.view><md.view>INNEWSINT_PRO</md.view><md.view>INBUSNEWS</md.view><md.view>INNEWSWORLD_PRO</md.view><md.view>INBUSNEWS_AC</md.view></md.subject></md.subjects><md.jurisdictions><md.jurisdiction><md.jurisstate>FE</md.jurisstate></md.jurisdiction></md.jurisdictions><md.publications><md.publication/><md.sourcepubid>ARKANEWS</md.sourcepubid></md.publications><md.royalty><md.royalty.code>84104</md.royalty.code></md.royalty></metadata.block><news.metadata.block><md.text.preview>STOCK MARKETYEREVAN, October 5. / ARKA /. A total of $2.85 were traded at NASDAQ OMX Armenia stock exchange from September 28 to October 2, down from $5.2 million, traded from September 22 to 25, the press service of the Central Bank of Armenia</md.text.preview></news.metadata.block><newsplus.recommendable/><n-view>CNGE</n-view><n-view>RGEurope</n-view><n-view>PTNewswires</n-view><n-view>ARKANEWS0063786</n-view><n-view>INALLNEWS_ACTEST</n-view><n-view>INFARNEWS_AC</n-view><n-view>MARKETSEIKON_CN</n-view><n-view>MARKETSEIKON</n-view><n-view>CB_ASIAWIRES</n-view><n-view>INWIRES_AC</n-view><n-view>GULF_INTL</n-view><n-view>ININTNEWS_AC</n-view><n-view>ANZ_INTLOS</n-view><n-view>CLEAR_RF</n-view><n-view>INALLNEWS_AC</n-view><n-view>INNEWSINT_PRO</n-view><n-view>INBUSNEWS</n-view><n-view>INNEWSWORLD_PRO</n-view><n-view>INBUSNEWS_AC</n-view><prism-stylesheet guid="Ia3024d301b6a11d89fc5f34981d3242f"/><prism-clipdate>20151005045759</prism-clipdate></n-metadata>
<n-docbody><document version="1" collection="D-ARKANEWS-T001" first-load-date="20151005045759" ip-product="ARKANEWS" royalty-id="84104" data-model="text" dtd-version="5.2.29" content-type="news" load-language="en" pnac="nNRA09rwcn" pnac-date="20151005T094941.280"><supplier-info><supplier-num nitf="doc-id" nitf-regsrc="ARKA News Agency" type="accession">a87e00019282d975</supplier-num><internal-acc-num db-id="NEPRARKA" type="newz">20151005170.1_Va87e00019282d975</internal-acc-num><rec-status><last-load-date>20151005045759</last-load-date><nitf-date ne="datereceived">20151005T09:49:41Z</nitf-date><nitf-date nitf="date-issue">20151005T00:00:00Z</nitf-date><last-provider-update>20151005094941</last-provider-update></rec-status><supplier-copyright>Copyright Â© 2015 ARKA<copyright-year/><copyright-holder>ARKA</copyright-holder></supplier-copyright><supplier-note nitf="urgency" nitf-ed-urg="4"/><nitf-meta-content name="recommendable">0</nitf-meta-content><nitf-meta-content name="_newsmlg2-hashtype=nr-htype:doc-group-fuzzy">18907|98619|46897|57684|31935|28270|10798|93066|29340|103059|88962|16303|51902|31950|46335|61020|66273|22369|7947|33633|90427|61794|72741|103430|29413|37732|15491|56508|102805|67943|56273|4902|11769|33902|57042|24300|95632|21188|15394|95195|72046|19934|15243|43634|45672|85271|74660|</nitf-meta-content><nitf-meta-content name="_newsmlg2-hashtype=nr-htype:doc-group-content-length">613</nitf-meta-content><nitf-meta-content name="_newsmlg2-hashtype=nr-htype:doc-group-simple">-4117dffde8539e20b283539af205c2f69b4e6c72</nitf-meta-content><supplier-dtds><dtd dtd-version="working" dtd-date="20150915T00:00:00Z">Canonical Taxonomy</dtd><dtd dtd-version="20150911" dtd-date="20150915T00:00:00Z">Mapping File</dtd></supplier-dtds><copyright-block type="dialog"><service-copyright n-include_guid="Ice671660f30811d88920000083149a14" n-include_collection="D-DIALOGCOPYRIGHTS-T001"/></copyright-block><copyright-block type="west"><service-copyright n-include_guid="I1DA35ED81DD211B281BAD200220BDFCA" n-include_collection="w_wlnv_msg"/></copyright-block><west-citation-block><bop/><first-line-cite><bos/>10/5/15 NEWS 00:00:00<eos/></first-line-cite><second-line-cite><bos/>10/5/15 ARKA News Agency 00:00:00<eos/></second-line-cite><eop/></west-citation-block></supplier-info><title-info iso-language="en"><bop/><title type="headline" nitf-hedline="hl1" key="key-title"><bos/><sort-title>SOME $2.85 MILLION TRADED AT <cite.query w-seq-number="00001" w-ref-type="CO" w-normalized-cite="IB3F93E8029C011DF9BD7C7F341E042AB" ID="Ia29ce7306b4711e5afdb8b819c93ac15">NASDAQ</cite.query> OMX ARMENIA STOCK EXCHANGE FROM SEPTEMBER 28 TO OCTOBER 2</sort-title><eos/></title><eop/></title-info><pub-info><journal key="key-journal"><bop/><bos/><sort-journal>ARKA News Agency</sort-journal><eos/><eop/></journal><pub-date key="key-date" iso-time="T00:00:00Z" type="date.publication"><full-pub-date>October 5, 2015</full-pub-date><sort-pub-date>20151005</sort-pub-date><sort-pub-timestamp>20151005000000</sort-pub-timestamp><rank-date>20151005</rank-date><currency-timestamp>20151005000000</currency-timestamp></pub-date><original-pub><language iso-language="en">English</language></original-pub><src-data><src-journal-code>ANPV</src-journal-code><src-pub-code>0063786</src-pub-code><src-pub-type>Newswire</src-pub-type><src-pub-country-wrap><src-pub-country-code>GE</src-pub-country-code><src-pub-country>Georgia CIS</src-pub-country></src-pub-country-wrap><src-pub-region>Europe</src-pub-region></src-data></pub-info><content iso-language="en"><total-char-count>1162</total-char-count><derived-word-count><bop/><bos/>Word Count: 182<eos/><eop/></derived-word-count><text type="lead-para"><p nitf="lede"><bop/><bos/>STOCK MARKET<eos/><eop/></p><p nitf="lede"><bop/><bos/>YEREVAN, October 5. / ARKA /. A total of $2.85 were traded at <cite.query w-seq-number="00002" w-ref-type="CO" w-normalized-cite="IB3F93E8029C011DF9BD7C7F341E042AB" ID="Ia2b3a3806b4711e5afdb8b819c93ac15">NASDAQ</cite.query> OMX Armenia stock exchange from September 28 to October 2, down from $5.2 million, traded from September 22 to 25, the press service of the <cite.query w-seq-number="00003" w-ref-type="CO" w-normalized-cite="I706C7C4142B311DDA5520014224D2780" ID="Ia2b3a3816b4711e5afdb8b819c93ac15">Central Bank of Armenia</cite.query> told <cite.query w-seq-number="00004" w-ref-type="NM" w-normalized-cite="canonical_name::ARKA" ID="Ia2b3a3826b4711e5afdb8b819c93ac15">ARKA</cite.query>.<eos/><eop/></p></text><text type="body"><p><bop/><bos/>It said also the average exchange rate of USD was 473.45 drams and that no transactions with Euros or Russian rubles were effected during the week.<eos/><eop/></p><p><bop/><bos/><cite.query w-seq-number="00005" w-ref-type="CO" w-normalized-cite="IB3F93E8029C011DF9BD7C7F341E042AB" ID="Ia2eae0206b4711e5afdb8b819c93ac15">NASDAQ</cite.query> OMX Armenia is the new name of the <cite.query w-seq-number="00006" w-ref-type="CO" w-normalized-cite="IFC75AA8441EC11DDAD6B0014224D2780" ID="Ia2eae0216b4711e5afdb8b819c93ac15">Armenian Stock Exchange</cite.query> ojsc (renamed on January 27, 2009), however, it is also used to refer jointly to the stock exchange and the Central Depository of Armenia ojsc (CDA), as the both companies have been members of the <cite.query w-seq-number="00007" w-ref-type="CO" w-normalized-cite="I259E58B041EA11DDAD6B0014224D2780" ID="Ia2eae0226b4711e5afdb8b819c93ac15">NASDAQ OMX Group, Inc.</cite.query> since early 2008. <eos/><bos/><cite.query w-seq-number="00008" w-ref-type="CO" w-normalized-cite="IB3F93E8029C011DF9BD7C7F341E042AB" ID="Ia2eae0236b4711e5afdb8b819c93ac15">NASDAQ</cite.query> OMX Armenia and the <cite.query w-seq-number="00009" w-ref-type="MM" w-normalized-cite="canonical_name::CDA" ID="Ia2eae0246b4711e5afdb8b819c93ac15">CDA</cite.query> are the major securities market infrastructure institutions in Armenia. <eos/><bos/>Since their inception in 2000, both companies had operated as self-regulatory organizations established by member broker companies, up until demutualization in 2007. <eos/><bos/><cite.query w-seq-number="00010" w-ref-type="CO" w-normalized-cite="IB3F93E8029C011DF9BD7C7F341E042AB" ID="Ia2eae0256b4711e5afdb8b819c93ac15">NASDAQ</cite.query> OMX Armenia is a part of the world&apos;s largest exchange company, the <cite.query w-seq-number="00011" w-ref-type="CO" w-normalized-cite="I259E58B041EA11DDAD6B0014224D2780" ID="Ia2eae0266b4711e5afdb8b819c93ac15">NASDAQ OMX Group, Inc.</cite.query> In late June there were 16 companies listed at <cite.query w-seq-number="00012" w-ref-type="CO" w-normalized-cite="IB3F93E8029C011DF9BD7C7F341E042AB" ID="Ia2eae0276b4711e5afdb8b819c93ac15">Nasdaq</cite.query> OMX Armenia.<eos/><bos/>(1$ = 473.15 drams).<eos/> -0-<eop/></p></text></content><indexing iso-language="en" value-add="machine-generated"><classification-terms><pres-location-block><bop/><bos/><pres-location-wrap><pres-location>Armenia</pres-location><pres-location-code>ISOAM</pres-location-code><alt1-location-code>1AR09</alt1-location-code></pres-location-wrap><pres-location-wrap><pres-location>CIS Countries</pres-location><pres-location-code>CISSTAT</pres-location-code><alt1-location-code>1CI64</alt1-location-code></pres-location-wrap><pres-location-wrap><pres-location>Eastern Europe</pres-location><pres-location-code>GEOEEUR</pres-location-code><alt1-location-code>1EA48</alt1-location-code></pres-location-wrap><pres-location-wrap><pres-location>Europe</pres-location><pres-location-code>GEOEUR</pres-location-code><alt1-location-code>1EU83</alt1-location-code></pres-location-wrap><eos/><eop/></pres-location-block></classification-terms><classification-terms><pres-subject-block><bop/><bos/><pres-subject-wrap><pres-subject>CIS</pres-subject><pres-subject-code>GEOCIS</pres-subject-code><alt1-subject-code>1CI65</alt1-subject-code></pres-subject-wrap><pres-subject-wrap><pres-subject>Equity Instruments</pres-subject><pres-subject-code>STOCKINS</pres-subject-code><alt1-subject-code>1EQ90</alt1-subject-code></pres-subject-wrap><pres-subject-wrap><pres-subject>Financial Markets</pres-subject><pres-subject-code>BOURSE</pres-subject-code><alt1-subject-code>1FI87</alt1-subject-code></pres-subject-wrap><pres-subject-wrap><pres-subject>Funding Instruments</pres-subject><pres-subject-code>INVSTING</pres-subject-code><alt1-subject-code>1FU41</alt1-subject-code></pres-subject-wrap><pres-subject-wrap><pres-subject>Stock Closings</pres-subject><pres-subject-code>STOCKEND</pres-subject-code><alt1-subject-code>1ST40</alt1-subject-code></pres-subject-wrap><pres-subject-wrap><pres-subject>Stock Markets</pres-subject><pres-subject-code>STOKMRKT</pres-subject-code><alt1-subject-code>1ST45</alt1-subject-code></pres-subject-wrap><pres-subject-wrap><pres-subject>World Organizations</pres-subject><pres-subject-code>GEOORGS</pres-subject-code><alt1-subject-code>1IN77</alt1-subject-code></pres-subject-wrap><eos/><eop/></pres-subject-block><pres-industry-block><bop/><bos/><pres-industry-wrap><pres-industry>Financial Services</pres-industry><pres-industry-code>FINSVC</pres-industry-code><alt1-industry-code>1FI37</alt1-industry-code></pres-industry-wrap><pres-industry-wrap><pres-industry>Investment Management</pres-industry><pres-industry-code>INVSTMAN</pres-industry-code><alt1-industry-code>1IN34</alt1-industry-code></pres-industry-wrap><pres-industry-wrap><pres-industry>Securities Investment</pres-industry><pres-industry-code>PTSECUR</pres-industry-code><alt1-industry-code>1SE57</alt1-industry-code></pres-industry-wrap><eos/><eop/></pres-industry-block></classification-terms><classification-terms><rcs-block><rcs>B:126</rcs><rcs>E:6</rcs><rcs>B:125</rcs><rcs>G:B2</rcs><rcs>G:7I</rcs><rcs>G:Y</rcs><rcs>A:1</rcs><rcs>B:130</rcs><rcs>G:AJ</rcs><rcs>M:DU</rcs><rcs>G:B</rcs><rcs>G:A</rcs></rcs-block></classification-terms><extraction-terms><extr-company-block><bop/><bos/><norm-company oa-id="5000143907">NASDAQ OMX ARMENIA OPEN JSK</norm-company><norm-company-wrap occur-sequence="1,2,3,4,6,7,9"><norm-company-name>NASDAQ OMX ARMENIA OPEN JSK</norm-company-name><company-ids><oa-id>5000143907</oa-id></company-ids><relevancy engine="1C">0.8</relevancy><confidence engine="1C">1</confidence></norm-company-wrap><norm-company oa-id="8589934167">NASDAQ OMX GROUP INC (THE)</norm-company><norm-company-wrap occur-sequence="5,8"><norm-company-name>NASDAQ OMX GROUP INC (THE)</norm-company-name><company-ids><oa-id>8589934167</oa-id><ric norm="NDAQ.OQ">NDAQ.OQ</ric></company-ids><company-classification><trbc-wrap><trbc type="RCS">B:1648</trbc><trbc type="2012">5510205010</trbc><trbc type="perm-id">4294951353</trbc></trbc-wrap></company-classification><relevancy engine="1C">0.2</relevancy><confidence engine="1C">0.99</confidence></norm-company-wrap><eos/><eop/></extr-company-block></extraction-terms></indexing></document></n-docbody>
</n-document>
<n-document guid="I502320a06b6011e5912aa522678c3d89"><n-metadata><metadata.block><md.identifiers><md.cites><md.first.line.cite>10/5/15 NEWS 00:00:00</md.first.line.cite><md.second.line.cite>10/5/15 ARKA News Agency 00:00:00</md.second.line.cite></md.cites><md.uuid>I502320a06b6011e5912aa522678c3d89</md.uuid></md.identifiers><md.infotype>news</md.infotype><md.sortkeys><md.ordersequence>f47363bec</md.ordersequence></md.sortkeys><md.descriptions><md.title>APPLE AND GOOGLE NAMED MOST VALUABLE BRANDS</md.title><md.westlawdescrip><md.readlist>READLIST</md.readlist></md.westlawdescrip></md.descriptions><md.dates><md.publisheddatetime>20151005075951</md.publisheddatetime><md.loaddate>20151005</md.loaddate><md.createddatetime>20151005075951</md.createddatetime></md.dates><md.subjects><md.subject><md.pubtype.name/><md.doctype.name>DNR</md.doctype.name><md.doctype.rank/><md.view>CNGE</md.view><md.view>RGEurope</md.view><md.view>PTNewswires</md.view><md.view>ARKANEWS0063786</md.view><md.view>INALLNEWS_ACTEST</md.view><md.view>INFARNEWS_AC</md.view><md.view>MARKETSEIKON_CN</md.view><md.view>MARKETSEIKON</md.view><md.view>CB_ASIAWIRES</md.view><md.view>INWIRES_AC</md.view><md.view>GULF_INTL</md.view><md.view>ININTNEWS_AC</md.view><md.view>ANZ_INTLOS</md.view><md.view>CLEAR_RF</md.view><md.view>INALLNEWS_AC</md.view><md.view>INNEWSINT_PRO</md.view><md.view>INBUSNEWS</md.view><md.view>INNEWSWORLD_PRO</md.view><md.view>INBUSNEWS_AC</md.view></md.subject></md.subjects><md.jurisdictions><md.jurisdiction><md.jurisstate>FE</md.jurisstate></md.jurisdiction></md.jurisdictions><md.publications><md.publication/><md.sourcepubid>ARKANEWS</md.sourcepubid></md.publications><md.royalty><md.royalty.code>84104</md.royalty.code></md.royalty></metadata.block><news.metadata.block><md.text.preview>INFORMATION TECHNOLOGIESYEREVAN, October 5. / ARKA /. Tech companies again dominate Interbrand&apos;s list of most valuable brands in 2015, led by electronics giant, Apple, with a brand value of US$170 billion, up an astonishing 43%, from US$119 billion</md.text.preview></news.metadata.block><newsplus.recommendable>1</newsplus.recommendable><n-view>CNGE</n-view><n-view>RGEurope</n-view><n-view>PTNewswires</n-view><n-view>ARKANEWS0063786</n-view><n-view>INALLNEWS_ACTEST</n-view><n-view>INFARNEWS_AC</n-view><n-view>MARKETSEIKON_CN</n-view><n-view>MARKETSEIKON</n-view><n-view>CB_ASIAWIRES</n-view><n-view>INWIRES_AC</n-view><n-view>GULF_INTL</n-view><n-view>ININTNEWS_AC</n-view><n-view>ANZ_INTLOS</n-view><n-view>CLEAR_RF</n-view><n-view>INALLNEWS_AC</n-view><n-view>INNEWSINT_PRO</n-view><n-view>INBUSNEWS</n-view><n-view>INNEWSWORLD_PRO</n-view><n-view>INBUSNEWS_AC</n-view><prism-stylesheet guid="Ia3024d301b6a11d89fc5f34981d3242f"/><prism-clipdate>20151005075951</prism-clipdate></n-metadata>
<n-docbody><document version="1" collection="D-ARKANEWS-T001" first-load-date="20151005075951" ip-product="ARKANEWS" royalty-id="84104" data-model="text" dtd-version="5.2.29" content-type="news" load-language="en" pnac="nNRA09sdy2" pnac-date="20151005T125511.018"><supplier-info><supplier-num nitf="doc-id" nitf-regsrc="ARKA News Agency" type="accession">933700033ebdfb41</supplier-num><internal-acc-num db-id="NEPRARKA" type="newz">20151005170.1_V933700033ebdfb41</internal-acc-num><rec-status><last-load-date>20151005075951</last-load-date><nitf-date ne="datereceived">20151005T12:55:11Z</nitf-date><nitf-date nitf="date-issue">20151005T00:00:00Z</nitf-date><last-provider-update>20151005125511</last-provider-update></rec-status><supplier-copyright>Copyright Â© 2015 ARKA<copyright-year/><copyright-holder>ARKA</copyright-holder></supplier-copyright><supplier-note nitf="urgency" nitf-ed-urg="4"/><nitf-meta-content name="recommendable">1</nitf-meta-content><nitf-meta-content name="_newsmlg2-hashtype=nr-htype:doc-group-fuzzy">29291|12311|58846|21179|27361|98619|83312|18531|3098|3462|41706|57786|22491|38831|13473|64086|102622|12785|86928|65375|90165|19526|64957|8873|12568|43095|871|26556|104908|101396|32623|66991|28156|54659|8157|63451|33320|73786|36952|102247|24395|93888|53344|98343|24183|59261|21298|95815|35067|80802|14909|78259|11611|66266|78495|57695|70865|25110|80514|104170|</nitf-meta-content><nitf-meta-content name="_newsmlg2-hashtype=nr-htype:doc-group-content-length">990</nitf-meta-content><nitf-meta-content name="_newsmlg2-hashtype=nr-htype:doc-group-simple">46ca385d85835f0822e4a4e6c5e9c06baf4dc420</nitf-meta-content><supplier-dtds><dtd dtd-version="working" dtd-date="20150915T00:00:00Z">Canonical Taxonomy</dtd><dtd dtd-version="20150911" dtd-date="20150915T00:00:00Z">Mapping File</dtd></supplier-dtds><copyright-block type="dialog"><service-copyright n-include_guid="Ice671660f30811d88920000083149a14" n-include_collection="D-DIALOGCOPYRIGHTS-T001"/></copyright-block><copyright-block type="west"><service-copyright n-include_guid="I1DA35ED81DD211B281BAD200220BDFCA" n-include_collection="w_wlnv_msg"/></copyright-block><west-citation-block><bop/><first-line-cite><bos/>10/5/15 NEWS 00:00:00<eos/></first-line-cite><second-line-cite><bos/>10/5/15 ARKA News Agency 00:00:00<eos/></second-line-cite><eop/></west-citation-block></supplier-info><title-info iso-language="en"><bop/><title type="headline" nitf-hedline="hl1" key="key-title"><bos/><sort-title>APPLE AND <cite.query w-seq-number="00001" w-ref-type="MM" w-normalized-cite="canonical_name::GOOGLE" ID="I1ffd1e706b6111e5afdb8b819c93ac15">GOOGLE</cite.query> NAMED MOST VALUABLE BRANDS</sort-title><eos/></title><eop/></title-info><pub-info><journal key="key-journal"><bop/><bos/><sort-journal>ARKA News Agency</sort-journal><eos/><eop/></journal><pub-date key="key-date" iso-time="T00:00:00Z" type="date.publication"><full-pub-date>October 5, 2015</full-pub-date><sort-pub-date>20151005</sort-pub-date><sort-pub-timestamp>20151005000000</sort-pub-timestamp><rank-date>20151005</rank-date><currency-timestamp>20151005000000</currency-timestamp></pub-date><original-pub><language iso-language="en">English</language></original-pub><src-data><src-journal-code>ANPV</src-journal-code><src-pub-code>0063786</src-pub-code><src-pub-type>Newswire</src-pub-type><src-pub-country-wrap><src-pub-country-code>GE</src-pub-country-code><src-pub-country>Georgia CIS</src-pub-country></src-pub-country-wrap><src-pub-region>Europe</src-pub-region></src-data></pub-info><content iso-language="en"><total-char-count>1730</total-char-count><derived-word-count><bop/><bos/>Word Count: 258<eos/><eop/></derived-word-count><text type="lead-para"><p nitf="lede"><bop/><bos/><cite.query w-seq-number="00002" w-ref-type="WC" w-normalized-cite="I76DF065242BE11DDA1BC0014224D2780" ID="I200694506b6111e5afdb8b819c93ac15">INFORMATION TECHNOLOGIES</cite.query><eos/><eop/></p><p nitf="lede"><bop/><bos/>YEREVAN, October 5. / ARKA /. Tech companies again dominate Interbrand&apos;s list of most valuable brands in 2015, led by electronics giant, <cite.query w-seq-number="00003" w-ref-type="MM" w-normalized-cite="canonical_name::APPLE" ID="I200ef8c06b6111e5afdb8b819c93ac15">Apple</cite.query>, with a brand value of US$170 billion, up an astonishing 43%, from US$119 billion in 2014, iphones.ru reported citing news agencies.<eos/><eop/></p></text><text type="body"><p><bop/><bos/>The top 10 list is relatively unchanged from 2014, with only <cite.query w-seq-number="00004" w-ref-type="MM" w-normalized-cite="canonical_name::MERCEDES" ID="I2034a9306b6111e5afdb8b819c93ac15">Mercedes</cite.query>-Benz slipping down to 12th, behind major rival <cite.query w-seq-number="00005" w-ref-type="WC" w-normalized-cite="I89F92090571511E080258F0E01953BF2" ID="I2034a9316b6111e5afdb8b819c93ac15">BMW</cite.query>, and making way for online retailer, Amazon.<eos/><eop/></p><p><bop/><bos/>Technology and automotive brands dominate this year&apos;s ranking, holding a combined 28 positions. <eos/><bos/>Technology brands, in particular, dominate-collectively making up more than a third (33.6%) of the total value of all 100 brands.<eos/><eop/></p><p><bop/><bos/>Four tech companies feature in the top 10, and nine in the top 20. <eos/><bos/>Social networking company <cite.query w-seq-number="00006" w-ref-type="CO" w-normalized-cite="IE9D0907041EC11DDAD6B0014224D2780" ID="I203d5bc06b6111e5afdb8b819c93ac15">Facebook</cite.query>, continues its March up the list, up 54%, to a bran value of US$22 billion, putting it at 23rd, from 29th in 2014.<eos/><eop/></p><p><bop/><bos/>Apple displaced <cite.query w-seq-number="00007" w-ref-type="MM" w-normalized-cite="canonical_name::COCA COLA" ID="I204fab406b6111e5afdb8b819c93ac15">Coca Cola</cite.query> as the world&apos;s most valuable brand in 2013, while <cite.query w-seq-number="00008" w-ref-type="MM" w-normalized-cite="canonical_name::GOOGLE" ID="I204fab416b6111e5afdb8b819c93ac15">Google</cite.query> - the world&apos;s second most valuable brand - also remained in place.<eos/><eop/></p><p><bop/><bos/>Five new brands entered this year&apos;s ranking: Lego (82), <cite.query w-seq-number="00009" w-ref-type="MM" w-normalized-cite="canonical_name::PAYPAL" ID="I205f62b06b6111e5afdb8b819c93ac15">PayPal</cite.query> (97), MINI (98), Moet &amp;amp; Chandon (99), and <cite.query w-seq-number="00010" w-ref-type="MM" w-normalized-cite="canonical_name::LENOVO" ID="I205f62b16b6111e5afdb8b819c93ac15">Lenovo</cite.query> (100).<eos/><eop/></p><p><bop/><bos/><cite.query w-seq-number="00011" w-ref-type="MM" w-normalized-cite="canonical_name::LENOVO" ID="I20729c906b6111e5afdb8b819c93ac15">Lenovo</cite.query> is the second Chinese brand to appear on the Best Global Brands ranking. <eos/><bos/>The first was <cite.query w-seq-number="00012" w-ref-type="MM" w-normalized-cite="canonical_name::HUAWEI" ID="I20729c916b6111e5afdb8b819c93ac15">Huawei</cite.query> (88), which entered the ranking in 2014.<eos/><eop/></p><p><bop/><bos/>Interbrand determines its ranking by looking at three components in its valuations: an analysis of the financial performance of the branded products or services; the role the brand plays in purchase decisions; and the brand&apos;s competitive strength.<eos/><eop/></p><p><bop/><bos/>The group also draws on data from <cite.query w-seq-number="00013" w-ref-type="WC" w-normalized-cite="I26828010748311E1902993D9B739F20C" ID="I208031206b6111e5afdb8b819c93ac15">Thomson Reuters</cite.query>, company annual reports, <cite.query w-seq-number="00014" w-ref-type="MM" w-normalized-cite="canonical_name::DATAMONITOR" ID="I208031216b6111e5afdb8b819c93ac15">Datamonitor</cite.query> and Twitter, on top of its own desk research and &quot;expert panel assessment&quot;.<eos/> -0-<eop/></p></text></content><indexing iso-language="en" value-add="machine-generated"><classification-terms><pres-subject-block><bop/><bos/><pres-subject-wrap><pres-subject>Business Management</pres-subject><pres-subject-code>BIZMGMT</pres-subject-code><alt1-subject-code>1BU42</alt1-subject-code></pres-subject-wrap><pres-subject-wrap><pres-subject>Major Corporations</pres-subject><pres-subject-code>MAJCORP</pres-subject-code><alt1-subject-code>1MA93</alt1-subject-code></pres-subject-wrap><pres-subject-wrap><pres-subject>Sales &amp; Marketing</pres-subject><pres-subject-code>MKTFRONT</pres-subject-code><alt1-subject-code>1MA51</alt1-subject-code></pres-subject-wrap><eos/><eop/></pres-subject-block><pres-industry-block><bop/><bos/><pres-industry-wrap><pres-industry>Advertising</pres-industry><pres-industry-code>ADVERT</pres-industry-code><alt1-industry-code>1AD82</alt1-industry-code></pres-industry-wrap><pres-industry-wrap><pres-industry>Advertising &amp; Public Relations</pres-industry><pres-industry-code>ADS</pres-industry-code><alt1-industry-code>1AD83</alt1-industry-code></pres-industry-wrap><pres-industry-wrap><pres-industry>Branding &amp; Naming</pres-industry><pres-industry-code>BRANDING</pres-industry-code><alt1-industry-code>1BR12</alt1-industry-code></pres-industry-wrap><pres-industry-wrap><pres-industry>Computer Equipment</pres-industry><pres-industry-code>CPTROVER</pres-industry-code><alt1-industry-code>1CO77</alt1-industry-code></pres-industry-wrap><pres-industry-wrap><pres-industry>I.T.</pres-industry><pres-industry-code>ITOVER</pres-industry-code><alt1-industry-code>1IT96</alt1-industry-code></pres-industry-wrap><pres-industry-wrap><pres-industry>Internet</pres-industry><pres-industry-code>INTERNET</pres-industry-code><alt1-industry-code>1IN27</alt1-industry-code></pres-industry-wrap><pres-industry-wrap><pres-industry>Internet Media</pres-industry><pres-industry-code>INTMEDIA</pres-industry-code><alt1-industry-code>1IN67</alt1-industry-code></pres-industry-wrap><pres-industry-wrap><pres-industry>Online Social Media</pres-industry><pres-industry-code>SOCIALME</pres-industry-code><alt1-industry-code>1ON38</alt1-industry-code></pres-industry-wrap><pres-industry-wrap><pres-industry>Retail</pres-industry><pres-industry-code>RETAIL</pres-industry-code><alt1-industry-code>1RE82</alt1-industry-code></pres-industry-wrap><pres-industry-wrap><pres-industry>Retail Industry Highlights</pres-industry><pres-industry-code>RETAILIH</pres-industry-code><alt1-industry-code>1RE69</alt1-industry-code></pres-industry-wrap><eos/><eop/></pres-industry-block></classification-terms><classification-terms><rcs-block><rcs>B:169</rcs><rcs>M:S</rcs><rcs>B:162</rcs><rcs>M:NL</rcs><rcs>B:161</rcs><rcs>B:93</rcs><rcs>M:1NN</rcs><rcs>M:QR</rcs><rcs>B:92</rcs></rcs-block></classification-terms><extraction-terms><extr-company-block><bop/><bos/><norm-company oa-id="4295905494">AMAZON COM INC</norm-company><norm-company-wrap occur-sequence="4"><norm-company-name>AMAZON COM INC</norm-company-name><company-ids><oa-id>4295905494</oa-id><ric norm="AMZN.OQ">AMZN.OQ</ric></company-ids><company-classification><trbc-wrap><trbc type="RCS">B:1464</trbc><trbc type="2012">5340201010</trbc><trbc type="perm-id">4294951537</trbc></trbc-wrap></company-classification><relevancy engine="1C">0.5</relevancy><confidence engine="1C">1</confidence></norm-company-wrap><norm-company oa-id="4295905573">APPLE INC</norm-company><norm-company-wrap occur-sequence="1,3,6"><norm-company-name>APPLE INC</norm-company-name><company-ids><oa-id>4295905573</oa-id><ric norm="AAPL.OQ">AAPL.OQ</ric></company-ids><company-classification><trbc-wrap><trbc type="RCS">B:1758</trbc><trbc type="2012">5710601010</trbc><trbc type="perm-id">4294951243</trbc></trbc-wrap></company-classification><relevancy engine="1C">0.5</relevancy><confidence engine="1C">1</confidence></norm-company-wrap><norm-company oa-id="4295903091">COCA COLA CO (THE)</norm-company><norm-company-wrap occur-sequence="7"><norm-company-name>COCA COLA CO (THE)</norm-company-name><company-ids><oa-id>4295903091</oa-id><ric norm="KO.N">KO.N</ric></company-ids><company-classification><trbc-wrap><trbc type="RCS">B:1531</trbc><trbc type="2012">5410103010</trbc><trbc type="perm-id">4294951470</trbc></trbc-wrap></company-classification><relevancy engine="1C">0.2</relevancy><confidence engine="1C">0.99</confidence></norm-company-wrap><norm-company oa-id="4297297477">FACEBOOK INC</norm-company><norm-company-wrap occur-sequence="5"><norm-company-name>FACEBOOK INC</norm-company-name><company-ids><oa-id>4297297477</oa-id><ric norm="FB.OQ">FB.OQ</ric></company-ids><company-classification><trbc-wrap><trbc type="RCS">B:1806</trbc><trbc type="2012">5720103012</trbc><trbc type="perm-id">4294951195</trbc></trbc-wrap></company-classification><relevancy engine="1C">0.2</relevancy><confidence engine="1C">1</confidence></norm-company-wrap><norm-company oa-id="4295899948">GOOGLE INC</norm-company><norm-company-wrap occur-sequence="2,8"><norm-company-name>GOOGLE INC</norm-company-name><company-ids><oa-id>4295899948</oa-id><ric norm="GOOGL.OQ">GOOGL.OQ</ric></company-ids><company-classification><trbc-wrap><trbc type="RCS">B:1805</trbc><trbc type="2012">5720103011</trbc><trbc type="perm-id">4294951196</trbc></trbc-wrap></company-classification><relevancy engine="1C">0.5</relevancy><confidence engine="1C">0.99</confidence></norm-company-wrap><norm-company oa-id="4296309931">HUAWEI TECHNOLOGIES CO LTD</norm-company><norm-company-wrap occur-sequence="12"><norm-company-name>HUAWEI TECHNOLOGIES CO LTD</norm-company-name><company-ids><oa-id>4296309931</oa-id></company-ids><company-classification><trbc-wrap><trbc type="RCS">B:1821</trbc><trbc type="2012">5810102014</trbc><trbc type="perm-id">4294951180</trbc></trbc-wrap></company-classification><relevancy engine="1C">0.2</relevancy><confidence engine="1C">0.62</confidence></norm-company-wrap><norm-company oa-id="4295871412">LENOVO GROUP LTD</norm-company><norm-company-wrap occur-sequence="10,11"><norm-company-name>LENOVO GROUP LTD</norm-company-name><company-ids><oa-id>4295871412</oa-id><ric norm="0992.HK">0992.HK</ric></company-ids><company-classification><trbc-wrap><trbc type="RCS">B:1758</trbc><trbc type="2012">5710601010</trbc><trbc type="perm-id">4294951243</trbc></trbc-wrap></company-classification><relevancy engine="1C">0.2</relevancy><confidence engine="1C">0.99</confidence></norm-company-wrap><norm-company oa-id="4295902034">PAYPAL INC</norm-company><norm-company-wrap occur-sequence="9"><norm-company-name>PAYPAL INC</norm-company-name><company-ids><oa-id>4295902034</oa-id></company-ids><company-classification><trbc-wrap><trbc type="RCS">B:1236</trbc><trbc type="2012">5220304027</trbc><trbc type="perm-id">4294951765</trbc></trbc-wrap></company-classification><relevancy engine="1C">0.2</relevancy><confidence engine="1C">0.99</confidence></norm-company-wrap><eos/><eop/></extr-company-block></extraction-terms></indexing></document></n-docbody>
</n-document>
<n-document guid="I424ce80068d411e5be48e24f67b9137b"><n-metadata><metadata.block><md.identifiers><md.cites><md.first.line.cite>10/2/15 NEWS 00:00:00</md.first.line.cite><md.second.line.cite>10/2/15 ARKA News Agency 00:00:00</md.second.line.cite></md.cites><md.uuid>I424ce80068d411e5be48e24f67b9137b</md.uuid></md.identifiers><md.infotype>news</md.infotype><md.sortkeys><md.ordersequence>f47363bec</md.ordersequence></md.sortkeys><md.descriptions><md.title>GOPRO FOUNDER&apos;S FORTUNE FALL $1.4 BILLION THIS YEAR</md.title><md.westlawdescrip><md.readlist>READLIST</md.readlist></md.westlawdescrip></md.descriptions><md.dates><md.publisheddatetime>20151002021854</md.publisheddatetime><md.loaddate>20151002</md.loaddate><md.createddatetime>20151002021854</md.createddatetime></md.dates><md.subjects><md.subject><md.pubtype.name/><md.doctype.name>DNR</md.doctype.name><md.doctype.rank/><md.view>CNGE</md.view><md.view>RGEurope</md.view><md.view>PTNewswires</md.view><md.view>ARKANEWS0063786</md.view><md.view>INALLNEWS_ACTEST</md.view><md.view>INFARNEWS_AC</md.view><md.view>MARKETSEIKON_CN</md.view><md.view>MARKETSEIKON</md.view><md.view>CB_ASIAWIRES</md.view><md.view>INWIRES_AC</md.view><md.view>GULF_INTL</md.view><md.view>ININTNEWS_AC</md.view><md.view>ANZ_INTLOS</md.view><md.view>CLEAR_RF</md.view><md.view>INALLNEWS_AC</md.view><md.view>INNEWSINT_PRO</md.view><md.view>INBUSNEWS</md.view><md.view>INNEWSWORLD_PRO</md.view><md.view>INBUSNEWS_AC</md.view></md.subject></md.subjects><md.jurisdictions><md.jurisdiction><md.jurisstate>FE</md.jurisstate></md.jurisdiction></md.jurisdictions><md.publications><md.publication/><md.sourcepubid>ARKANEWS</md.sourcepubid></md.publications><md.royalty><md.royalty.code>84104</md.royalty.code></md.royalty></metadata.block><news.metadata.block><md.text.preview>INFORMATION TECHNOLOGIESYEREVAN, October 2. / ARKA /. Nick Woodman, the billionaire founder of action camera-maker GoPro Inc, has seen his fortune fall $1.4 billion this year amid a market downdraft and as concern mounts about competition from</md.text.preview></news.metadata.block><newsplus.recommendable>1</newsplus.recommendable><n-view>CNGE</n-view><n-view>RGEurope</n-view><n-view>PTNewswires</n-view><n-view>ARKANEWS0063786</n-view><n-view>INALLNEWS_ACTEST</n-view><n-view>INFARNEWS_AC</n-view><n-view>MARKETSEIKON_CN</n-view><n-view>MARKETSEIKON</n-view><n-view>CB_ASIAWIRES</n-view><n-view>INWIRES_AC</n-view><n-view>GULF_INTL</n-view><n-view>ININTNEWS_AC</n-view><n-view>ANZ_INTLOS</n-view><n-view>CLEAR_RF</n-view><n-view>INALLNEWS_AC</n-view><n-view>INNEWSINT_PRO</n-view><n-view>INBUSNEWS</n-view><n-view>INNEWSWORLD_PRO</n-view><n-view>INBUSNEWS_AC</n-view><prism-stylesheet guid="Ia3024d301b6a11d89fc5f34981d3242f"/><prism-clipdate>20151002021854</prism-clipdate></n-metadata>
<n-docbody><document version="1" collection="D-ARKANEWS-T001" first-load-date="20151002021854" ip-product="ARKANEWS" royalty-id="84104" data-model="text" dtd-version="5.2.29" content-type="news" load-language="en" pnac="nNRA09i0ax" pnac-date="20151002T070735.936"><supplier-info><supplier-num nitf="doc-id" nitf-regsrc="ARKA News Agency" type="accession">7dce0003210d9d98</supplier-num><internal-acc-num db-id="NEPRARKA" type="newz">20151002170.1_V7dce0003210d9d98</internal-acc-num><rec-status><last-load-date>20151002021854</last-load-date><nitf-date ne="datereceived">20151002T07:07:36Z</nitf-date><nitf-date nitf="date-issue">20151002T00:00:00Z</nitf-date><last-provider-update>20151002070736</last-provider-update></rec-status><supplier-copyright>Copyright Â© 2015 ARKA<copyright-year/><copyright-holder>ARKA</copyright-holder></supplier-copyright><supplier-note nitf="urgency" nitf-ed-urg="4"/><nitf-meta-content name="recommendable">1</nitf-meta-content><nitf-meta-content name="_newsmlg2-hashtype=nr-htype:doc-group-fuzzy">24014|31717|74507|61106|28110|72982|86139|9675|98619|2991|64131|67403|95059|78472|87275|26946|107505|81906|88172|80405|109646|21883|111001|34995|12568|102058|1635|28310|69456|98192|11746|40185|99661|84215|66124|61954|112866|24395|99422|97785|5413|28362|38192|110623|22877|59984|42798|71345|24553|25234|25477|103437|69056|7204|62158|29413|37313|93182|103566|47291|</nitf-meta-content><nitf-meta-content name="_newsmlg2-hashtype=nr-htype:doc-group-content-length">1001</nitf-meta-content><nitf-meta-content name="_newsmlg2-hashtype=nr-htype:doc-group-simple">ae7aabe1eeefb91f7bcee2e2b74b7408e18bfce</nitf-meta-content><supplier-dtds><dtd dtd-version="working" dtd-date="20150915T00:00:00Z">Canonical Taxonomy</dtd><dtd dtd-version="20150911" dtd-date="20150915T00:00:00Z">Mapping File</dtd></supplier-dtds><copyright-block type="dialog"><service-copyright n-include_guid="Ice671660f30811d88920000083149a14" n-include_collection="D-DIALOGCOPYRIGHTS-T001"/></copyright-block><copyright-block type="west"><service-copyright n-include_guid="I1DA35ED81DD211B281BAD200220BDFCA" n-include_collection="w_wlnv_msg"/></copyright-block><west-citation-block><bop/><first-line-cite><bos/>10/2/15 NEWS 00:00:00<eos/></first-line-cite><second-line-cite><bos/>10/2/15 ARKA News Agency 00:00:00<eos/></second-line-cite><eop/></west-citation-block></supplier-info><title-info iso-language="en"><bop/><title type="headline" nitf-hedline="hl1" key="key-title"><bos/><sort-title>GOPRO FOUNDER&apos;S FORTUNE FALL $1.4 BILLION THIS YEAR</sort-title><eos/></title><eop/></title-info><pub-info><journal key="key-journal"><bop/><bos/><sort-journal>ARKA News Agency</sort-journal><eos/><eop/></journal><pub-date key="key-date" iso-time="T00:00:00Z" type="date.publication"><full-pub-date>October 2, 2015</full-pub-date><sort-pub-date>20151002</sort-pub-date><sort-pub-timestamp>20151002000000</sort-pub-timestamp><rank-date>20151002</rank-date><currency-timestamp>20151002000000</currency-timestamp></pub-date><original-pub><language iso-language="en">English</language></original-pub><src-data><src-journal-code>ANPV</src-journal-code><src-pub-code>0063786</src-pub-code><src-pub-type>Newswire</src-pub-type><src-pub-country-wrap><src-pub-country-code>GE</src-pub-country-code><src-pub-country>Georgia CIS</src-pub-country></src-pub-country-wrap><src-pub-region>Europe</src-pub-region></src-data></pub-info><content iso-language="en"><total-char-count>1707</total-char-count><derived-word-count><bop/><bos/>Word Count: 280<eos/><eop/></derived-word-count><text type="lead-para"><p nitf="lede"><bop/><bos/><cite.query w-seq-number="00001" w-ref-type="WC" w-normalized-cite="I76DF065242BE11DDA1BC0014224D2780" ID="I302b1cd068d611e595f3c06de5626f98">INFORMATION TECHNOLOGIES</cite.query><eos/><eop/></p><p nitf="lede"><bop/><bos/>YEREVAN, October 2. / ARKA /. Nick Woodman, the billionaire founder of action camera-maker <cite.query w-seq-number="00002" w-ref-type="MM" w-normalized-cite="canonical_name::GOPRO INC" ID="I303e2fa068d611e595f3c06de5626f98">GoPro Inc</cite.query>, has seen his fortune fall $1.4 billion this year amid a market downdraft and as concern mounts about competition from <cite.query w-seq-number="00003" w-ref-type="CO" w-normalized-cite="I49C9F2E441E911DDAD6B0014224D2780" ID="I303e2fa168d611e595f3c06de5626f98">Apple Inc</cite.query> and other companies, vestifinance.ru reported citing <cite.query w-seq-number="00004" w-ref-type="MM" w-normalized-cite="canonical_name::BLOOMBERG" ID="I303e2fa268d611e595f3c06de5626f98">Bloomberg</cite.query>.<eos/><eop/></p></text><text type="body"><p><bop/><bos/>GoPro is down 53 per cent in 2015. <eos/><bos/>Woodman&apos;s net worth is down 46 per cent for the year to $US1.6 billion, according to the Bloomberg Billionaires Index, buoyed by cash from sales of <cite.query w-seq-number="00005" w-ref-type="CO" w-normalized-cite="I56F8CA005F8111E089AC8CE04EA54993" ID="I30620b5068d611e595f3c06de5626f98">GoPro</cite.query> shares. <eos/><bos/><cite.query w-seq-number="00006" w-ref-type="MM" w-normalized-cite="canonical_name::APPLE" ID="I30620b5168d611e595f3c06de5626f98">Apple</cite.query> is up about 2 per cent this year, according to data collected by <cite.query w-seq-number="00007" w-ref-type="MM" w-normalized-cite="canonical_name::BLOOMBERG" ID="I30620b5268d611e595f3c06de5626f98">Bloomberg</cite.query>.<eos/><eop/></p><p><bop/><bos/>The decline comes even as the company has sought to expand its reach, including a deal with <cite.query w-seq-number="00008" w-ref-type="CO" w-normalized-cite="I80CD28C442AC11DDB3360014224D2780" ID="I3067899068d611e595f3c06de5626f98">Toyota Motor Corp</cite.query> to use GoPro as the on-board camera for its 2016 Tacoma pickups, and the hiring of Hulu&apos;s Charlotte Koh as head of a newly created division to produce features and series.<eos/><eop/></p><p><bop/><bos/>GoPro&apos;s rout has also hit Woodman&apos;s compensation. <eos/><bos/>He collected $US287.2 million last year, mostly in restricted stock, which made him the highest-paid executive in the US. <eos/><bos/>One-third of the shares paid out immediately. <eos/><bos/>Another two-thirds were earned based on price targets the company hit in January - the first month of a three-year performance period. <eos/><bos/>Those will pay out through June 2017, according to the company&apos;s proxy.<eos/><eop/></p><p><bop/><bos/>He remains the highest-paid executive in the US, according to the Bloomberg Pay Index, though his compensation has fallen to $US136.3 million.<eos/><eop/></p><p><bop/><bos/>The second-highest earning US executive, <cite.query w-seq-number="00009" w-ref-type="CO" w-normalized-cite="I5F43FEE441E911DDAD6B0014224D2780" ID="I307963e068d611e595f3c06de5626f98">Liberty Global</cite.query> chairman and CEO Michael Fries, has seen the value of his 2014 pay fall to $US119.4 million from $US132 million. <eos/><bos/>Elon Musk, the founder of <cite.query w-seq-number="00010" w-ref-type="MM" w-normalized-cite="canonical_name::TESLA MOTORS INC" ID="I307963e168d611e595f3c06de5626f98">Tesla Motors Inc</cite.query>, is No. 3 with a current value of $US115 million. -0-<eos/><eop/></p></text></content><indexing iso-language="en" value-add="machine-generated"><classification-terms><pres-subject-block><bop/><bos/><pres-subject-wrap><pres-subject>Business Management</pres-subject><pres-subject-code>BIZMGMT</pres-subject-code><alt1-subject-code>1BU42</alt1-subject-code></pres-subject-wrap><pres-subject-wrap><pres-subject>Compensation</pres-subject><pres-subject-code>COMPNSAT</pres-subject-code><alt1-subject-code>1CO80</alt1-subject-code></pres-subject-wrap><pres-subject-wrap><pres-subject>Executive Compensation</pres-subject><pres-subject-code>EXECCOMP</pres-subject-code><alt1-subject-code>1EX37</alt1-subject-code></pres-subject-wrap><pres-subject-wrap><pres-subject>HR &amp; Labor Management</pres-subject><pres-subject-code>HRMOVER</pres-subject-code><alt1-subject-code>1HR87</alt1-subject-code></pres-subject-wrap><pres-subject-wrap><pres-subject>Major Corporations</pres-subject><pres-subject-code>MAJCORP</pres-subject-code><alt1-subject-code>1MA93</alt1-subject-code></pres-subject-wrap><eos/><eop/></pres-subject-block><pres-industry-block><bop/><bos/><pres-industry-wrap><pres-industry>Biopharmaceuticals</pres-industry><pres-industry-code>BIOPHMFP</pres-industry-code><alt1-industry-code>1BI13</alt1-industry-code></pres-industry-wrap><pres-industry-wrap><pres-industry>Biotechnology</pres-industry><pres-industry-code>BIOTECH</pres-industry-code><alt1-industry-code>1BI78</alt1-industry-code></pres-industry-wrap><pres-industry-wrap><pres-industry>Computer Equipment</pres-industry><pres-industry-code>CPTROVER</pres-industry-code><alt1-industry-code>1CO77</alt1-industry-code></pres-industry-wrap><pres-industry-wrap><pres-industry>I.T.</pres-industry><pres-industry-code>ITOVER</pres-industry-code><alt1-industry-code>1IT96</alt1-industry-code></pres-industry-wrap><pres-industry-wrap><pres-industry>I.T. in Pharmaceuticals</pres-industry><pres-industry-code>ITPHAR</pres-industry-code><alt1-industry-code>1IT99</alt1-industry-code></pres-industry-wrap><pres-industry-wrap><pres-industry>Pharmaceuticals &amp; Biotechnology</pres-industry><pres-industry-code>PHARMIND</pres-industry-code><alt1-industry-code>1PH13</alt1-industry-code></pres-industry-wrap><eos/><eop/></pres-industry-block></classification-terms><classification-terms><rcs-block><rcs>B:159</rcs><rcs>B:169</rcs><rcs>E:E</rcs><rcs>B:156</rcs><rcs>B:162</rcs><rcs>M:NL</rcs><rcs>B:161</rcs><rcs>M:FX</rcs><rcs>E:C</rcs></rcs-block></classification-terms><extraction-terms><extr-company-block><bop/><bos/><norm-company oa-id="4295905573">APPLE INC</norm-company><norm-company-wrap occur-sequence="4,8"><norm-company-name>APPLE INC</norm-company-name><company-ids><oa-id>4295905573</oa-id><ric norm="AAPL.OQ">AAPL.OQ</ric></company-ids><company-classification><trbc-wrap><trbc type="RCS">B:1758</trbc><trbc type="2012">5710601010</trbc><trbc type="perm-id">4294951243</trbc></trbc-wrap></company-classification><relevancy engine="1C">0.5</relevancy><confidence engine="1C">1</confidence></norm-company-wrap><norm-company oa-id="5032022364">GOPRO INC</norm-company><norm-company-wrap occur-sequence="1,2,3,5,6,7,10,11,12"><norm-company-name>GOPRO INC</norm-company-name><company-ids><oa-id>5032022364</oa-id><ric norm="GPRO.OQ">GPRO.OQ</ric></company-ids><company-classification><trbc-wrap><trbc type="RCS">B:1775</trbc><trbc type="2012">5710603011</trbc><trbc type="perm-id">4294951226</trbc></trbc-wrap></company-classification><relevancy engine="1C">0.8</relevancy><confidence engine="1C">1</confidence></norm-company-wrap><norm-company oa-id="5039682674">LIBERTY GLOBAL PLC</norm-company><norm-company-wrap occur-sequence="13"><norm-company-name>LIBERTY GLOBAL PLC</norm-company-name><company-ids><oa-id>5039682674</oa-id><ric norm="LBTYA.OQ">LBTYA.OQ</ric></company-ids><company-classification><trbc-wrap><trbc type="RCS">B:1811</trbc><trbc type="2012">5810101010</trbc><trbc type="perm-id">4294951190</trbc></trbc-wrap></company-classification><relevancy engine="1C">0.2</relevancy><confidence engine="1C">0.98</confidence></norm-company-wrap><norm-company oa-id="4297089638">TESLA MOTORS INC</norm-company><norm-company-wrap occur-sequence="14"><norm-company-name>TESLA MOTORS INC</norm-company-name><company-ids><oa-id>4297089638</oa-id><ric norm="TSLA.OQ">TSLA.OQ</ric></company-ids><company-classification><trbc-wrap><trbc type="RCS">B:1296</trbc><trbc type="2012">5310101014</trbc><trbc type="perm-id">4294951705</trbc></trbc-wrap></company-classification><relevancy engine="1C">0.2</relevancy><confidence engine="1C">1</confidence></norm-company-wrap><norm-company oa-id="4295876746">TOYOTA MOTOR CORP</norm-company><norm-company-wrap occur-sequence="9"><norm-company-name>TOYOTA MOTOR CORP</norm-company-name><company-ids><oa-id>4295876746</oa-id><ric norm="7203.T">7203.T</ric></company-ids><company-classification><trbc-wrap><trbc type="RCS">B:1292</trbc><trbc type="2012">5310101010</trbc><trbc type="perm-id">4294951709</trbc></trbc-wrap></company-classification><relevancy engine="1C">0.5</relevancy><confidence engine="1C">1</confidence></norm-company-wrap><eos/><eop/></extr-company-block></extraction-terms><extraction-terms><extr-person-block><bop/><bos/><extr-person>Nicholas Woodman</extr-person><norm-person-wrap><norm-person-name>Nicholas Woodman</norm-person-name><person-ids><od-auth-id>2115257</od-auth-id><od-officer-id>2522748</od-officer-id><person-perm-id>34417216476</person-perm-id></person-ids><relevancy engine="1C">0.2</relevancy></norm-person-wrap><extr-person>Nicholas Woodman</extr-person><extr-person-wrap><extr-person-name>Nicholas Woodman</extr-person-name><relevancy engine="1C">0.2</relevancy></extr-person-wrap><extr-person>Michael T. Fries</extr-person><norm-person-wrap><norm-person-name>Michael T. Fries</norm-person-name><person-ids><od-auth-id>1313213</od-auth-id><od-officer-id>2401227</od-officer-id><person-perm-id>34414038380</person-perm-id></person-ids><relevancy engine="1C">0.2</relevancy></norm-person-wrap><extr-person>Mike Fries</extr-person><extr-person-wrap><extr-person-name>Mike Fries</extr-person-name><relevancy engine="1C">0.2</relevancy></extr-person-wrap><extr-person>Elon Musk</extr-person><norm-person-wrap><norm-person-name>Elon Musk</norm-person-name><person-ids><od-auth-id>2004757</od-auth-id><od-officer-id>1483613</od-officer-id><person-perm-id>34415590924</person-perm-id></person-ids><relevancy engine="1C">0.2</relevancy></norm-person-wrap><extr-person>Elon Musk</extr-person><extr-person-wrap><extr-person-name>Elon Musk</extr-person-name><relevancy engine="1C">0.2</relevancy></extr-person-wrap><extr-person>Charlotte Koh</extr-person><extr-person-wrap><extr-person-name>Charlotte Koh</extr-person-name><relevancy engine="1C">0.2</relevancy></extr-person-wrap><eos/><eop/></extr-person-block></extraction-terms></indexing></document></n-docbody>
</n-document>
<n-document guid="I2f427da068ee11e5bdf5ef5de75d5db4"><n-metadata><metadata.block><md.identifiers><md.cites><md.first.line.cite>10/2/15 NEWS 00:00:00</md.first.line.cite><md.second.line.cite>10/2/15 ARKA News Agency 00:00:00</md.second.line.cite></md.cites><md.uuid>I2f427da068ee11e5bdf5ef5de75d5db4</md.uuid></md.identifiers><md.infotype>news</md.infotype><md.sortkeys><md.ordersequence>f47363bec</md.ordersequence></md.sortkeys><md.descriptions><md.title>SKYPE ROLLS OUT BUILT-IN LANGUAGE TRANSLATOR</md.title><md.westlawdescrip><md.readlist>READLIST</md.readlist></md.westlawdescrip></md.descriptions><md.dates><md.publisheddatetime>20151002052026</md.publisheddatetime><md.loaddate>20151002</md.loaddate><md.createddatetime>20151002052026</md.createddatetime></md.dates><md.subjects><md.subject><md.pubtype.name/><md.doctype.name>DNR</md.doctype.name><md.doctype.rank/><md.view>CNGE</md.view><md.view>RGEurope</md.view><md.view>PTNewswires</md.view><md.view>ARKANEWS0063786</md.view><md.view>INALLNEWS_ACTEST</md.view><md.view>INFARNEWS_AC</md.view><md.view>MARKETSEIKON_CN</md.view><md.view>MARKETSEIKON</md.view><md.view>CB_ASIAWIRES</md.view><md.view>INWIRES_AC</md.view><md.view>GULF_INTL</md.view><md.view>ININTNEWS_AC</md.view><md.view>ANZ_INTLOS</md.view><md.view>CLEAR_RF</md.view><md.view>INALLNEWS_AC</md.view><md.view>INNEWSINT_PRO</md.view><md.view>INBUSNEWS</md.view><md.view>INNEWSWORLD_PRO</md.view><md.view>INBUSNEWS_AC</md.view></md.subject></md.subjects><md.jurisdictions><md.jurisdiction><md.jurisstate>FE</md.jurisstate></md.jurisdiction></md.jurisdictions><md.publications><md.publication/><md.sourcepubid>ARKANEWS</md.sourcepubid></md.publications><md.royalty><md.royalty.code>84104</md.royalty.code></md.royalty></metadata.block><news.metadata.block><md.text.preview>INFORMATION TECHNOLOGIESYEREVAN, October 2. / ARKA /. Microsoft has announced that it has begun rolling out its built-in language translator for Skype on Windows computers. The Translator supports six voice languages and 50 messaging (text)</md.text.preview></news.metadata.block><newsplus.recommendable>1</newsplus.recommendable><n-view>CNGE</n-view><n-view>RGEurope</n-view><n-view>PTNewswires</n-view><n-view>ARKANEWS0063786</n-view><n-view>INALLNEWS_ACTEST</n-view><n-view>INFARNEWS_AC</n-view><n-view>MARKETSEIKON_CN</n-view><n-view>MARKETSEIKON</n-view><n-view>CB_ASIAWIRES</n-view><n-view>INWIRES_AC</n-view><n-view>GULF_INTL</n-view><n-view>ININTNEWS_AC</n-view><n-view>ANZ_INTLOS</n-view><n-view>CLEAR_RF</n-view><n-view>INALLNEWS_AC</n-view><n-view>INNEWSINT_PRO</n-view><n-view>INBUSNEWS</n-view><n-view>INNEWSWORLD_PRO</n-view><n-view>INBUSNEWS_AC</n-view><prism-stylesheet guid="Ia3024d301b6a11d89fc5f34981d3242f"/><prism-clipdate>20151002052026</prism-clipdate></n-metadata>
<n-docbody><document version="1" collection="D-ARKANEWS-T001" first-load-date="20151002052026" ip-product="ARKANEWS" royalty-id="84104" data-model="text" dtd-version="5.2.29" content-type="news" load-language="en" pnac="nNRA09in2a" pnac-date="20151002T101310.906"><supplier-info><supplier-num nitf="doc-id" nitf-regsrc="ARKA News Agency" type="accession">b03f000560fba198</supplier-num><internal-acc-num db-id="NEPRARKA" type="newz">20151002170.1_Vb03f000560fba198</internal-acc-num><rec-status><last-load-date>20151002052026</last-load-date><nitf-date ne="datereceived">20151002T10:13:10Z</nitf-date><nitf-date nitf="date-issue">20151002T00:00:00Z</nitf-date><last-provider-update>20151002101310</last-provider-update></rec-status><supplier-copyright>Copyright Â© 2015 ARKA<copyright-year/><copyright-holder>ARKA</copyright-holder></supplier-copyright><supplier-note nitf="urgency" nitf-ed-urg="4"/><nitf-meta-content name="recommendable">1</nitf-meta-content><nitf-meta-content name="_newsmlg2-hashtype=nr-htype:doc-group-fuzzy">94256|19369|98619|42384|28636|108933|47920|94949|63014|95480|101020|59206|50194|28074|110689|31630|72459|17536|40161|15849|81965|112065|110179|98044|78557|26356|65697|112827|23852|88929|23238|105594|57645|103201|15128|70876|53595|25948|88557|22803|50412|9418|9300|35660|21595|13549|91805|67972|57943|38543|89158|16153|22967|7203|61158|15603|102247|107424|99837|29392|</nitf-meta-content><nitf-meta-content name="_newsmlg2-hashtype=nr-htype:doc-group-content-length">1249</nitf-meta-content><nitf-meta-content name="_newsmlg2-hashtype=nr-htype:doc-group-simple">5ae3579276263e72eb34bafce38875b97b39da80</nitf-meta-content><supplier-dtds><dtd dtd-version="working" dtd-date="20150915T00:00:00Z">Canonical Taxonomy</dtd><dtd dtd-version="20150911" dtd-date="20150915T00:00:00Z">Mapping File</dtd></supplier-dtds><copyright-block type="dialog"><service-copyright n-include_guid="Ice671660f30811d88920000083149a14" n-include_collection="D-DIALOGCOPYRIGHTS-T001"/></copyright-block><copyright-block type="west"><service-copyright n-include_guid="I1DA35ED81DD211B281BAD200220BDFCA" n-include_collection="w_wlnv_msg"/></copyright-block><west-citation-block><bop/><first-line-cite><bos/>10/2/15 NEWS 00:00:00<eos/></first-line-cite><second-line-cite><bos/>10/2/15 ARKA News Agency 00:00:00<eos/></second-line-cite><eop/></west-citation-block></supplier-info><title-info iso-language="en"><bop/><title type="headline" nitf-hedline="hl1" key="key-title"><bos/><sort-title><cite.query w-seq-number="00001" w-ref-type="MM" w-normalized-cite="canonical_name::SKYPE" ID="I461e200068ef11e58322e97fdded8176">SKYPE</cite.query> ROLLS OUT BUILT-IN LANGUAGE TRANSLATOR</sort-title><eos/></title><eop/></title-info><pub-info><journal key="key-journal"><bop/><bos/><sort-journal>ARKA News Agency</sort-journal><eos/><eop/></journal><pub-date key="key-date" iso-time="T00:00:00Z" type="date.publication"><full-pub-date>October 2, 2015</full-pub-date><sort-pub-date>20151002</sort-pub-date><sort-pub-timestamp>20151002000000</sort-pub-timestamp><rank-date>20151002</rank-date><currency-timestamp>20151002000000</currency-timestamp></pub-date><original-pub><language iso-language="en">English</language></original-pub><src-data><src-journal-code>ANPV</src-journal-code><src-pub-code>0063786</src-pub-code><src-pub-type>Newswire</src-pub-type><src-pub-country-wrap><src-pub-country-code>GE</src-pub-country-code><src-pub-country>Georgia CIS</src-pub-country></src-pub-country-wrap><src-pub-region>Europe</src-pub-region></src-data></pub-info><content iso-language="en"><total-char-count>2205</total-char-count><derived-word-count><bop/><bos/>Word Count: 363<eos/><eop/></derived-word-count><text type="lead-para"><p nitf="lede"><bop/><bos/><cite.query w-seq-number="00002" w-ref-type="WC" w-normalized-cite="I76DF065242BE11DDA1BC0014224D2780" ID="I4626365068ef11e58322e97fdded8176">INFORMATION TECHNOLOGIES</cite.query><eos/><eop/></p><p nitf="lede"><bop/><bos/>YEREVAN, October 2. / ARKA /. <cite.query w-seq-number="00003" w-ref-type="MM" w-normalized-cite="canonical_name::MICROSOFT" ID="I4645f35068ef11e58322e97fdded8176">Microsoft</cite.query> has announced that it has begun rolling out its built-in language translator for <cite.query w-seq-number="00004" w-ref-type="MM" w-normalized-cite="canonical_name::SKYPE" ID="I4645f35168ef11e58322e97fdded8176">Skype</cite.query> on Windows computers. <eos/><bos/>The Translator supports six voice languages and 50 messaging (text) languages, which the company says will also become smarter as people continue to use it.<eos/><eop/></p></text><text type="body"><p><bop/><bos/>&quot;Today, we are thrilled to start rolling out the <cite.query w-seq-number="00005" w-ref-type="MM" w-normalized-cite="canonical_name::SKYPE" ID="I46570a5068ef11e58322e97fdded8176">Skype</cite.query> Translator magic to millions of people - by introducing six voice languages, English, French, German, Italian, Mandarin, Spanish, and 50 messaging languages into the <cite.query w-seq-number="00006" w-ref-type="MM" w-normalized-cite="canonical_name::SKYPE" ID="I46570a5168ef11e58322e97fdded8176">Skype</cite.query> for Windows desktop app,&quot; the company said on its blog.<eos/><eop/></p><p><bop/><bos/>&quot;It has been a long-time dream at <cite.query w-seq-number="00007" w-ref-type="MM" w-normalized-cite="canonical_name::SKYPE" ID="I465f6ec068ef11e58322e97fdded8176">Skype</cite.query> to break down language barriers and bring everyone across the globe closer together.&quot; <eos/><bos/>The company also provided information on how the new translation feature would benefit students, multi-cultural families, businesses and travelers.<eos/><eop/></p><p><bop/><bos/><cite.query w-seq-number="00008" w-ref-type="MM" w-normalized-cite="canonical_name::MICROSOFT" ID="I46690bb068ef11e58322e97fdded8176">Microsoft</cite.query> first released the translator as a preview back in December 2014 as a way to gain feedback from users. <eos/><bos/>The company will be rolling out the update to everyone in the coming weeks. <eos/><bos/>Users will know if the feature is available when the blue globe translator button is present at the top of conversations. <eos/><bos/>If the feature is still disabled, they can turn it on by clicking on Settings and enable it. <eos/><bos/>Users will just have to click on the translator button and select the language that will need translation. <eos/><bos/>The feature is available for both audio and video calls. <eos/><bos/>It will provide both audio and text translations of the spoken language in real-time.<eos/><eop/></p><p><bop/><bos/>Right now, <cite.query w-seq-number="00009" w-ref-type="MM" w-normalized-cite="canonical_name::MICROSOFT" ID="I4673e12068ef11e58322e97fdded8176">Microsoft</cite.query> says it&apos;s only available for Windows 7, 8 and 10 users with no word yet on whether the iOS and the Android version of the app will be given the same treatment. <eos/><bos/>As pointed out by The Verge, the tech company has continued to provide software for both mobile operating systems, and adding Translator support for them will likely happen in the future.<eos/><eop/></p><p><bop/><bos/><cite.query w-seq-number="00010" w-ref-type="MM" w-normalized-cite="canonical_name::MICROSOFT" ID="I4684f82068ef11e58322e97fdded8176">Microsoft</cite.query> says that the <cite.query w-seq-number="00011" w-ref-type="NM" w-normalized-cite="canonical_name::SKYPE TRANSLATOR" ID="I4684f82168ef11e58322e97fdded8176">Skype Translator</cite.query> was built on a world-class machine learning technology, which means that it will continue to learn and improve when being continuously used. <eos/><bos/>According to the tech company, it was already able to improve thanks to those used the preview version of the app. -0-<eos/><eop/></p></text></content><indexing iso-language="en" value-add="machine-generated"><classification-terms><pres-industry-block><bop/><bos/><pres-industry-wrap><pres-industry>Business Services</pres-industry><pres-industry-code>PTBIZSRV</pres-industry-code><alt1-industry-code>1BU80</alt1-industry-code></pres-industry-wrap><pres-industry-wrap><pres-industry>Consumer Electronics</pres-industry><pres-industry-code>CEOVR</pres-industry-code><alt1-industry-code>1CO61</alt1-industry-code></pres-industry-wrap><pres-industry-wrap><pres-industry>Consumer Products &amp; Services</pres-industry><pres-industry-code>BUYBUY</pres-industry-code><alt1-industry-code>1CO62</alt1-industry-code></pres-industry-wrap><pres-industry-wrap><pres-industry>Electronics</pres-industry><pres-industry-code>ETRONICS</pres-industry-code><alt1-industry-code>1EL16</alt1-industry-code></pres-industry-wrap><pres-industry-wrap><pres-industry>I.T.</pres-industry><pres-industry-code>ITOVER</pres-industry-code><alt1-industry-code>1IT96</alt1-industry-code></pres-industry-wrap><pres-industry-wrap><pres-industry>Localization &amp; Translation Services</pres-industry><pres-industry-code>TRANLATE</pres-industry-code><alt1-industry-code>1LO61</alt1-industry-code></pres-industry-wrap><pres-industry-wrap><pres-industry>Mobile Application Development</pres-industry><pres-industry-code>SOFCAS</pres-industry-code><alt1-industry-code>1MO52</alt1-industry-code></pres-industry-wrap><pres-industry-wrap><pres-industry>Mobile Phones &amp; Pagers</pres-industry><pres-industry-code>TWPHONE</pres-industry-code><alt1-industry-code>1WI07</alt1-industry-code></pres-industry-wrap><pres-industry-wrap><pres-industry>Palmtop Computing</pres-industry><pres-industry-code>PCHAND</pres-industry-code><alt1-industry-code>1PA77</alt1-industry-code></pres-industry-wrap><pres-industry-wrap><pres-industry>Software</pres-industry><pres-industry-code>SOFOVER1</pres-industry-code><alt1-industry-code>1SO30</alt1-industry-code></pres-industry-wrap><pres-industry-wrap><pres-industry>Software Development</pres-industry><pres-industry-code>SOFDEVEL</pres-industry-code><alt1-industry-code>1SO24</alt1-industry-code></pres-industry-wrap><pres-industry-wrap><pres-industry>Software Technology</pres-industry><pres-industry-code>SOFTECH</pres-industry-code><alt1-industry-code>1SO75</alt1-industry-code></pres-industry-wrap><pres-industry-wrap><pres-industry>Telecom Consumer Equipment</pres-industry><pres-industry-code>TCCONEQ</pres-industry-code><alt1-industry-code>1TE03</alt1-industry-code></pres-industry-wrap><eos/><eop/></pres-industry-block></classification-terms><classification-terms><rcs-block><rcs>B:49</rcs><rcs>B:69</rcs><rcs>B:78</rcs><rcs>B:195</rcs><rcs>B:75</rcs><rcs>M:NL</rcs><rcs>B:43</rcs><rcs>B:161</rcs><rcs>B:172</rcs><rcs>B:174</rcs></rcs-block></classification-terms><extraction-terms><extr-company-block><bop/><bos/><norm-company oa-id="4295907168">MICROSOFT CORP</norm-company><norm-company-wrap occur-sequence="2,7,8,9"><norm-company-name>MICROSOFT CORP</norm-company-name><company-ids><oa-id>4295907168</oa-id><ric norm="MSFT.OQ">MSFT.OQ</ric></company-ids><company-classification><trbc-wrap><trbc type="RCS">B:1796</trbc><trbc type="2012">5720102010</trbc><trbc type="perm-id">4294951205</trbc></trbc-wrap></company-classification><relevancy engine="1C">0.5</relevancy><confidence engine="1C">0.99</confidence></norm-company-wrap><norm-company oa-id="5034847935">SKYPE INC</norm-company><norm-company-wrap occur-sequence="1,3,4,5,6,10"><norm-company-name>SKYPE INC</norm-company-name><company-ids><oa-id>5034847935</oa-id></company-ids><relevancy engine="1C">0.8</relevancy><confidence engine="1C">0.76</confidence></norm-company-wrap><eos/><eop/></extr-company-block></extraction-terms></indexing></document></n-docbody>
</n-document>
<n-document guid="I002d7630674211e5bd0de12d3891819a"><n-metadata><metadata.block><md.identifiers><md.cites><md.first.line.cite>9/30/15 NEWS 00:00:00</md.first.line.cite><md.second.line.cite>9/30/15 ARKA News Agency 00:00:00</md.second.line.cite></md.cites><md.uuid>I002d7630674211e5bd0de12d3891819a</md.uuid></md.identifiers><md.infotype>news</md.infotype><md.sortkeys><md.ordersequence>f47363bec</md.ordersequence></md.sortkeys><md.descriptions><md.title>WESTERN UNION WOULD NOT MIND TO GOING BACK TO ARMENIA</md.title><md.westlawdescrip><md.readlist>READLIST</md.readlist></md.westlawdescrip></md.descriptions><md.dates><md.publisheddatetime>20150930022203</md.publisheddatetime><md.loaddate>20150930</md.loaddate><md.createddatetime>20150930022203</md.createddatetime></md.dates><md.subjects><md.subject><md.pubtype.name/><md.doctype.name>DNR</md.doctype.name><md.doctype.rank/><md.view>CNGE</md.view><md.view>RGEurope</md.view><md.view>PTNewswires</md.view><md.view>ARKANEWS0063786</md.view><md.view>INALLNEWS_ACTEST</md.view><md.view>INFARNEWS_AC</md.view><md.view>MARKETSEIKON_CN</md.view><md.view>MARKETSEIKON</md.view><md.view>CB_ASIAWIRES</md.view><md.view>INWIRES_AC</md.view><md.view>GULF_INTL</md.view><md.view>ININTNEWS_AC</md.view><md.view>ANZ_INTLOS</md.view><md.view>CLEAR_RF</md.view><md.view>INALLNEWS_AC</md.view><md.view>INNEWSINT_PRO</md.view><md.view>INBUSNEWS</md.view><md.view>INNEWSWORLD_PRO</md.view><md.view>INBUSNEWS_AC</md.view></md.subject></md.subjects><md.jurisdictions><md.jurisdiction><md.jurisstate>FE</md.jurisstate></md.jurisdiction></md.jurisdictions><md.publications><md.publication/><md.sourcepubid>ARKANEWS</md.sourcepubid></md.publications><md.royalty><md.royalty.code>84104</md.royalty.code></md.royalty></metadata.block><news.metadata.block><md.text.preview>BANKING NEWSYEREVAN, September 30. / ARKA /. The Western Union global payment system would not mind to going back to the Armenian market, president of the system Hikmet Ersek said in an interview to Russian business daily &apos;Vedomosti&quot;.</md.text.preview></news.metadata.block><newsplus.recommendable>1</newsplus.recommendable><n-view>CNGE</n-view><n-view>RGEurope</n-view><n-view>PTNewswires</n-view><n-view>ARKANEWS0063786</n-view><n-view>INALLNEWS_ACTEST</n-view><n-view>INFARNEWS_AC</n-view><n-view>MARKETSEIKON_CN</n-view><n-view>MARKETSEIKON</n-view><n-view>CB_ASIAWIRES</n-view><n-view>INWIRES_AC</n-view><n-view>GULF_INTL</n-view><n-view>ININTNEWS_AC</n-view><n-view>ANZ_INTLOS</n-view><n-view>CLEAR_RF</n-view><n-view>INALLNEWS_AC</n-view><n-view>INNEWSINT_PRO</n-view><n-view>INBUSNEWS</n-view><n-view>INNEWSWORLD_PRO</n-view><n-view>INBUSNEWS_AC</n-view><prism-stylesheet guid="Ia3024d301b6a11d89fc5f34981d3242f"/><prism-clipdate>20150930022203</prism-clipdate></n-metadata>
<n-docbody><document version="1" collection="D-ARKANEWS-T001" first-load-date="20150930022203" ip-product="ARKANEWS" royalty-id="84104" data-model="text" dtd-version="5.2.29" content-type="news" load-language="en" pnac="nNRA095u3o" pnac-date="20150930T070807.315"><supplier-info><supplier-num nitf="doc-id" nitf-regsrc="ARKA News Agency" type="accession">71c4000173f9cfaa</supplier-num><internal-acc-num db-id="NEPRARKA" type="newz">20150930170.1_V71c4000173f9cfaa</internal-acc-num><rec-status><last-load-date>20150930022203</last-load-date><nitf-date ne="datereceived">20150930T07:08:07Z</nitf-date><nitf-date nitf="date-issue">20150930T00:00:00Z</nitf-date><last-provider-update>20150930070807</last-provider-update></rec-status><supplier-copyright>Copyright Â© 2015 ARKA<copyright-year/><copyright-holder>ARKA</copyright-holder></supplier-copyright><supplier-note nitf="urgency" nitf-ed-urg="4"/><nitf-meta-content name="recommendable">1</nitf-meta-content><nitf-meta-content name="_newsmlg2-hashtype=nr-htype:doc-group-fuzzy">19680|9550|98619|22549|57684|42886|50095|31935|68455|68639|70485|82898|98881|94067|82958|7137|87927|69550|33730|30761|12782|18144|12323|86991|94416|31283|100006|1430|92635|7947|80876|30113|101987|104377|7682|63698|7484|102409|98787|63751|61656|91769|16246|88645|23222|92045|110092|9128|35701|3432|88882|19934|62268|47531|45672|19722|</nitf-meta-content><nitf-meta-content name="_newsmlg2-hashtype=nr-htype:doc-group-content-length">669</nitf-meta-content><nitf-meta-content name="_newsmlg2-hashtype=nr-htype:doc-group-simple">-fec6ba179815e987d1240f13681b7b35969b00e</nitf-meta-content><supplier-dtds><dtd dtd-version="working" dtd-date="20150915T00:00:00Z">Canonical Taxonomy</dtd><dtd dtd-version="20150911" dtd-date="20150915T00:00:00Z">Mapping File</dtd></supplier-dtds><copyright-block type="dialog"><service-copyright n-include_guid="Ice671660f30811d88920000083149a14" n-include_collection="D-DIALOGCOPYRIGHTS-T001"/></copyright-block><copyright-block type="west"><service-copyright n-include_guid="I1DA35ED81DD211B281BAD200220BDFCA" n-include_collection="w_wlnv_msg"/></copyright-block><west-citation-block><bop/><first-line-cite><bos/>9/30/15 NEWS 00:00:00<eos/></first-line-cite><second-line-cite><bos/>9/30/15 ARKA News Agency 00:00:00<eos/></second-line-cite><eop/></west-citation-block></supplier-info><title-info iso-language="en"><bop/><title type="headline" nitf-hedline="hl1" key="key-title"><bos/><sort-title>WESTERN UNION WOULD NOT MIND TO GOING BACK TO ARMENIA</sort-title><eos/></title><eop/></title-info><pub-info><journal key="key-journal"><bop/><bos/><sort-journal>ARKA News Agency</sort-journal><eos/><eop/></journal><pub-date key="key-date" iso-time="T00:00:00Z" type="date.publication"><full-pub-date>September 30, 2015</full-pub-date><sort-pub-date>20150930</sort-pub-date><sort-pub-timestamp>20150930000000</sort-pub-timestamp><rank-date>20150930</rank-date><currency-timestamp>20150930000000</currency-timestamp></pub-date><original-pub><language iso-language="en">English</language></original-pub><src-data><src-journal-code>ANPV</src-journal-code><src-pub-code>0063786</src-pub-code><src-pub-type>Newswire</src-pub-type><src-pub-country-wrap><src-pub-country-code>GE</src-pub-country-code><src-pub-country>Georgia CIS</src-pub-country></src-pub-country-wrap><src-pub-region>Europe</src-pub-region></src-data></pub-info><content iso-language="en"><total-char-count>1104</total-char-count><derived-word-count><bop/><bos/>Word Count: 175<eos/><eop/></derived-word-count><text type="lead-para"><p nitf="lede"><bop/><bos/>BANKING NEWS<eos/><eop/></p><p nitf="lede"><bop/><bos/>YEREVAN, September 30. / ARKA /. The Western Union global payment system would not mind to going back to the Armenian market, president of the system <cite.query w-seq-number="00001" w-ref-type="NM" w-normalized-cite="canonical_name::HIKMET ERSEK" ID="I09783ca0674411e5b4f2c815df9fd269">Hikmet Ersek</cite.query> said in an interview to Russian business daily &apos;Vedomosti&quot;.<eos/><eop/></p></text><text type="body"><p><bop/><bos/>He said the reason why <cite.query w-seq-number="00002" w-ref-type="MM" w-normalized-cite="canonical_name::WESTERN UNION" ID="I097ca970674411e5b4f2c815df9fd269">Western Union</cite.query> decided to choose Azerbaijan and leave Armenia was political- namely, the unresolved Nagorno-Karabakh conflict.<eos/><eop/></p><p><bop/><bos/>According to Hikmet Ersek, central banks of both countries demanded that <cite.query w-seq-number="00003" w-ref-type="MM" w-normalized-cite="canonical_name::WESTERN UNION" ID="I0980ef30674411e5b4f2c815df9fd269">Western Union</cite.query> choose one of these countries.<eos/><eop/></p><p><bop/><bos/>&quot;I wish we could work in Armenia as well, but we have to adapt to circumstances. <eos/><bos/>If Armenia agreed tomorrow, we would gladly go there to start the business,&apos; he said.<eos/><eop/></p><p><bop/><bos/>Western Union cooperated with Armenian banks in the test mode since 1995. <eos/><bos/>Officially, it began operating here since 1996, but in 2008 August the <cite.query w-seq-number="00004" w-ref-type="CO" w-normalized-cite="I706C7C4142B311DDA5520014224D2780" ID="I098bc4a0674411e5b4f2c815df9fd269">Central Bank of Armenia</cite.query> banned Armenian banks from cooperating with it due to <cite.query w-seq-number="00005" w-ref-type="MM" w-normalized-cite="canonical_name::WESTERN UNION" ID="I098bc4a1674411e5b4f2c815df9fd269">Western Union</cite.query>&apos;s refusal to make money transfers to Nagorno-Karabakh.<eos/><eop/></p><p><bop/><bos/>Another three remittance systems were banned in Armenia because of the same reason -Leader, Migom and Zolotaya Korona (<cite.query w-seq-number="00006" w-ref-type="WC" w-normalized-cite="I55F56830C3A611E2A398B4EE7A1D935F" ID="I09942910674411e5b4f2c815df9fd269">Golden Crown</cite.query>).<eos/> M.V.----0-----<eop/></p></text></content><indexing iso-language="en" value-add="machine-generated"><classification-terms><pres-location-block><bop/><bos/><pres-location-wrap><pres-location>Armenia</pres-location><pres-location-code>ISOAM</pres-location-code><alt1-location-code>1AR09</alt1-location-code></pres-location-wrap><pres-location-wrap><pres-location>Asia</pres-location><pres-location-code>GEOASIA</pres-location-code><alt1-location-code>1AS61</alt1-location-code></pres-location-wrap><pres-location-wrap><pres-location>CIS Countries</pres-location><pres-location-code>CISSTAT</pres-location-code><alt1-location-code>1CI64</alt1-location-code></pres-location-wrap><pres-location-wrap><pres-location>Central Asia</pres-location><pres-location-code>GEOCASIA</pres-location-code><alt1-location-code>1CE93</alt1-location-code></pres-location-wrap><pres-location-wrap><pres-location>Eastern Europe</pres-location><pres-location-code>GEOEEUR</pres-location-code><alt1-location-code>1EA48</alt1-location-code></pres-location-wrap><pres-location-wrap><pres-location>Europe</pres-location><pres-location-code>GEOEUR</pres-location-code><alt1-location-code>1EU83</alt1-location-code></pres-location-wrap><eos/><eop/></pres-location-block></classification-terms><classification-terms><pres-subject-block><bop/><bos/><pres-subject-wrap><pres-subject>CIS</pres-subject><pres-subject-code>GEOCIS</pres-subject-code><alt1-subject-code>1CI65</alt1-subject-code></pres-subject-wrap><pres-subject-wrap><pres-subject>World Organizations</pres-subject><pres-subject-code>GEOORGS</pres-subject-code><alt1-subject-code>1IN77</alt1-subject-code></pres-subject-wrap><eos/><eop/></pres-subject-block><pres-industry-block><bop/><bos/><pres-industry-wrap><pres-industry>Banking</pres-industry><pres-industry-code>BANKOVER</pres-industry-code><alt1-industry-code>1BA20</alt1-industry-code></pres-industry-wrap><pres-industry-wrap><pres-industry>Financial Services</pres-industry><pres-industry-code>FINSVC</pres-industry-code><alt1-industry-code>1FI37</alt1-industry-code></pres-industry-wrap><eos/><eop/></pres-industry-block></classification-terms><classification-terms><rcs-block><rcs>B:126</rcs><rcs>B:125</rcs><rcs>B:128</rcs><rcs>G:B2</rcs><rcs>B:127</rcs><rcs>G:7I</rcs><rcs>G:Y</rcs><rcs>G:K</rcs><rcs>G:AJ</rcs><rcs>M:DU</rcs><rcs>G:B</rcs><rcs>G:A</rcs></rcs-block></classification-terms><extraction-terms><extr-company-block><bop/><bos/><norm-company oa-id="4295915491">WESTERN UNION CO (THE)</norm-company><norm-company-wrap occur-sequence="1,2,3,4,5,6"><norm-company-name>WESTERN UNION CO (THE)</norm-company-name><company-ids><oa-id>4295915491</oa-id><ric norm="WU.N">WU.N</ric></company-ids><company-classification><trbc-wrap><trbc type="RCS">B:1236</trbc><trbc type="2012">5220304027</trbc><trbc type="perm-id">4294951765</trbc></trbc-wrap></company-classification><relevancy engine="1C">0.8</relevancy><confidence engine="1C">0.96</confidence></norm-company-wrap><eos/><eop/></extr-company-block></extraction-terms><extraction-terms><extr-person-block><bop/><bos/><extr-person>Zolotaya Korona</extr-person><extr-person-wrap><extr-person-name>Zolotaya Korona</extr-person-name><relevancy engine="1C">0.2</relevancy></extr-person-wrap><extr-person>Migom</extr-person><extr-person-wrap><extr-person-name>Migom</extr-person-name><relevancy engine="1C">0.2</relevancy></extr-person-wrap><eos/><eop/></extr-person-block></extraction-terms></indexing></document></n-docbody>
</n-document>
<n-document guid="Ife9cf4c0668911e5b2ffd5e9abbbc0e7"><n-metadata><metadata.block><md.identifiers><md.cites><md.first.line.cite>9/29/15 NEWS 00:00:00</md.first.line.cite><md.second.line.cite>9/29/15 ARKA News Agency 00:00:00</md.second.line.cite></md.cites><md.uuid>Ife9cf4c0668911e5b2ffd5e9abbbc0e7</md.uuid></md.identifiers><md.infotype>news</md.infotype><md.sortkeys><md.ordersequence>f47363bec</md.ordersequence></md.sortkeys><md.descriptions><md.title>IT IS TIME FOR ARMENIAN BANKS TO REVIEW THEIR BUSINESS MODEL</md.title><md.westlawdescrip><md.readlist>READLIST</md.readlist></md.westlawdescrip></md.descriptions><md.dates><md.publisheddatetime>20150929041807</md.publisheddatetime><md.loaddate>20150929</md.loaddate><md.createddatetime>20150929041807</md.createddatetime></md.dates><md.subjects><md.subject><md.pubtype.name/><md.doctype.name>DNR</md.doctype.name><md.doctype.rank/><md.view>CNGE</md.view><md.view>RGEurope</md.view><md.view>PTNewswires</md.view><md.view>ARKANEWS0063786</md.view><md.view>INALLNEWS_ACTEST</md.view><md.view>INFARNEWS_AC</md.view><md.view>MARKETSEIKON_CN</md.view><md.view>MARKETSEIKON</md.view><md.view>CB_ASIAWIRES</md.view><md.view>INWIRES_AC</md.view><md.view>GULF_INTL</md.view><md.view>ININTNEWS_AC</md.view><md.view>ANZ_INTLOS</md.view><md.view>CLEAR_RF</md.view><md.view>INALLNEWS_AC</md.view><md.view>INNEWSINT_PRO</md.view><md.view>INBUSNEWS</md.view><md.view>INNEWSWORLD_PRO</md.view><md.view>INBUSNEWS_AC</md.view></md.subject></md.subjects><md.jurisdictions><md.jurisdiction><md.jurisstate>FE</md.jurisstate></md.jurisdiction></md.jurisdictions><md.publications><md.publication/><md.sourcepubid>ARKANEWS</md.sourcepubid></md.publications><md.royalty><md.royalty.code>84104</md.royalty.code></md.royalty></metadata.block><news.metadata.block><md.text.preview>EXCLUSIVEExclusive interview of Artur Hambardzumyan, Head of Innovations and Quality Unit at Ameriabank CJSC, to ARKA News Agency.</md.text.preview></news.metadata.block><newsplus.recommendable>1</newsplus.recommendable><n-view>CNGE</n-view><n-view>RGEurope</n-view><n-view>PTNewswires</n-view><n-view>ARKANEWS0063786</n-view><n-view>INALLNEWS_ACTEST</n-view><n-view>INFARNEWS_AC</n-view><n-view>MARKETSEIKON_CN</n-view><n-view>MARKETSEIKON</n-view><n-view>CB_ASIAWIRES</n-view><n-view>INWIRES_AC</n-view><n-view>GULF_INTL</n-view><n-view>ININTNEWS_AC</n-view><n-view>ANZ_INTLOS</n-view><n-view>CLEAR_RF</n-view><n-view>INALLNEWS_AC</n-view><n-view>INNEWSINT_PRO</n-view><n-view>INBUSNEWS</n-view><n-view>INNEWSWORLD_PRO</n-view><n-view>INBUSNEWS_AC</n-view><prism-stylesheet guid="Ia3024d301b6a11d89fc5f34981d3242f"/><prism-clipdate>20150929041807</prism-clipdate></n-metadata>
<n-docbody><document version="1" collection="D-ARKANEWS-T001" first-load-date="20150929041807" ip-product="ARKANEWS" royalty-id="84104" data-model="text" dtd-version="5.2.29" content-type="news" load-language="en" pnac="nNRA091933" pnac-date="20150929T091057.292"><supplier-info><supplier-num nitf="doc-id" nitf-regsrc="ARKA News Agency" type="accession">847501c6e4d74830</supplier-num><internal-acc-num db-id="NEPRARKA" type="newz">20150929170.1_V847501c6e4d74830</internal-acc-num><rec-status><last-load-date>20150929041807</last-load-date><nitf-date ne="datereceived">20150929T09:10:57Z</nitf-date><nitf-date nitf="date-issue">20150929T00:00:00Z</nitf-date><last-provider-update>20150929091057</last-provider-update></rec-status><supplier-copyright>Copyright Â© 2015 ARKA<copyright-year/><copyright-holder>ARKA</copyright-holder></supplier-copyright><supplier-note nitf="urgency" nitf-ed-urg="4"/><nitf-meta-content name="recommendable">0</nitf-meta-content><nitf-meta-content name="_newsmlg2-hashtype=nr-htype:doc-group-fuzzy">112921|76633|35715|110763|103210|8208|46078|12804|91484|21963|562|90531|59900|98619|42384|30278|3169|30047|48301|57684|13677|5128|107548|64637|34423|82660|41706|36351|222|106629|79899|82279|95872|39115|60825|54308|17368|101401|78151|28972|43653|94375|80493|31935|10766|15746|94685|50755|67808|39655|38736|5710|77554|94661|30889|59681|74578|95685|71908|75190|</nitf-meta-content><nitf-meta-content name="_newsmlg2-hashtype=nr-htype:doc-group-content-length">12609</nitf-meta-content><nitf-meta-content name="_newsmlg2-hashtype=nr-htype:doc-group-simple">-4fb2692eb1fe443f4cd3f74cc824abede4e1faa1</nitf-meta-content><supplier-dtds><dtd dtd-version="working" dtd-date="20150915T00:00:00Z">Canonical Taxonomy</dtd><dtd dtd-version="20150911" dtd-date="20150915T00:00:00Z">Mapping File</dtd></supplier-dtds><copyright-block type="dialog"><service-copyright n-include_guid="Ice671660f30811d88920000083149a14" n-include_collection="D-DIALOGCOPYRIGHTS-T001"/></copyright-block><copyright-block type="west"><service-copyright n-include_guid="I1DA35ED81DD211B281BAD200220BDFCA" n-include_collection="w_wlnv_msg"/></copyright-block><west-citation-block><bop/><first-line-cite><bos/>9/29/15 NEWS 00:00:00<eos/></first-line-cite><second-line-cite><bos/>9/29/15 ARKA News Agency 00:00:00<eos/></second-line-cite><eop/></west-citation-block></supplier-info><title-info iso-language="en"><bop/><title type="headline" nitf-hedline="hl1" key="key-title"><bos/><sort-title>IT IS TIME FOR ARMENIAN BANKS TO REVIEW THEIR BUSINESS MODEL</sort-title><eos/></title><eop/></title-info><pub-info><journal key="key-journal"><bop/><bos/><sort-journal>ARKA News Agency</sort-journal><eos/><eop/></journal><pub-date key="key-date" iso-time="T00:00:00Z" type="date.publication"><full-pub-date>September 29, 2015</full-pub-date><sort-pub-date>20150929</sort-pub-date><sort-pub-timestamp>20150929000000</sort-pub-timestamp><rank-date>20150929</rank-date><currency-timestamp>20150929000000</currency-timestamp></pub-date><original-pub><language iso-language="en">English</language></original-pub><src-data><src-journal-code>ANPV</src-journal-code><src-pub-code>0063786</src-pub-code><src-pub-type>Newswire</src-pub-type><src-pub-country-wrap><src-pub-country-code>GE</src-pub-country-code><src-pub-country>Georgia CIS</src-pub-country></src-pub-country-wrap><src-pub-region>Europe</src-pub-region></src-data></pub-info><content iso-language="en"><total-char-count>20855</total-char-count><derived-word-count><bop/><bos/>Word Count: 3330<eos/><eop/></derived-word-count><text type="lead-para"><p nitf="lede"><bop/>EXCLUSIVE<eop/></p><p nitf="lede"><bop/><bos/>Exclusive interview of Artur Hambardzumyan, Head of Innovations and Quality Unit at Ameriabank CJSC, to <cite.query w-seq-number="00001" w-ref-type="NM" w-normalized-cite="canonical_name::ARKA NEWS AGENCY" ID="I25ce42f0668b11e59ddd902871e95df0">ARKA News Agency</cite.query>.<eos/><eop/></p></text><text type="body"><p><bop/><bos/>YEREVAN, 29 September. / ARKA /. Banking system in Armenia is currently facings difficulties; it has become a serious challenge to ensure as much as stable high growth rate, let alone two-digit growth. <eos/><bos/>The previous model of the banking system was based on extensive development when the high rate of growth was ensured through attraction of new clients. <eos/><bos/>But today in the grip of complicated economic situation and limited market, banks have to find new ways of development and change their business models to keep in step with the times. <eos/><bos/>In the interview to <cite.query w-seq-number="00002" w-ref-type="NM" w-normalized-cite="canonical_name::ARKA" ID="I25d595f0668b11e59ddd902871e95df0">ARKA</cite.query> news agency Artur Hambardzumyan, Head of Innovations and Quality Unit at Ameriabank, talked about transformation of national banking system and technological development.<eos/><eop/></p><p><bop/><bos/>ARKA - Currently Armenian banks seem to be under some pressure in terms of difficult economic situation, toughening of norms by the regulator and high level of competition. <eos/><bos/>So, in view of this situation, what challenges does the banking system face and how can it beat those challenges?<eos/><eop/></p><p><bop/><bos/><cite.query w-seq-number="00003" w-ref-type="MM" w-normalized-cite="canonical_name::A" ID="I25de2170668b11e59ddd902871e95df0">A.</cite.query> Hambardzumyan - In order to see the current and future challenges faced by the Armenian banks we need to consider their activities in three time horizons: current business, the business tomorrow and the business in future. <eos/><bos/>The challenge of the current business is to confront the negative impacts the market is exposed to due to aggravation of economic situation, growth of non-performing loans and other factors impacting the profitability of banks. <eos/><bos/>If we judge by financial figures of Q2 of the current year, we will see that the issue of the day for a great number of Armenian credit organizations is to save the business and avoid its further aggravation. <eos/><bos/>It is important to note that despite worsening economic conditions some banks still manage not only to maintain their business, but to ensure growth and a considerable level of profitability due to proper business structure and competent management. <eos/><bos/>However, on the whole, the task number one during crisis is to save the business.<eos/><eop/></p><p><bop/><bos/>In terms of tomorrow&apos;s business the banks have two main tasks: the first task is to diversify the business. <eos/><bos/>As practice shows, banks with diversified loan portfolios, clientele and income sources are more stable. <eos/><bos/>To be more resistant to negative factors influencing the development of business in long-term outlook it is necessary to ensure proper balancing of business. <eos/><bos/>The second task is to ensure efficiency of business, i.e. select a business-model securing the expected level of profitability for shareholders. <eos/><bos/>Note that some 10-15 years ago the model of the Armenian banking system was based on extensive development, when the high rate of growth was ensured through attraction of new clients. <eos/><bos/>Under such conditions nobody cared about proper cost management and efficiency of investments, since the income from new clients and the rapid growth often covered all the problems of business efficiency. <eos/><bos/>Now, however, this model no longer works, and we need to think out how to ensure efficiency and profitability of business. <eos/><bos/>So, the banks face the problem of further development from two aspects: firstly, internal efficiency and proper cost management, and secondly - utilization of untapped internal potential of existing clients and business, as well as search for new income sources and markets that will ensure a pretty level of profitability to be attractive enough for new investments and financing.<eos/><eop/></p><p><bop/><bos/>And finally, in terms of business in future, the challenges are more global in view of technological revolution and the consequent behavioral revolution, change of both the ways of using banking services and the content of banking services and business themselves. <eos/><bos/>This means that banks have to understand and determine their role as an institution of the future. <eos/><bos/>Obviously, in some 10 years banks will be different, and what we need now is to picture the process of their transformation in the context of ensuring efficiency of banking operations in future when many banking services will be delivered by non-bank players. <eos/><bos/>It is a global problem all banks of the world will face or are currently facing.<eos/><eop/></p><p><bop/><bos/>Global experience offers very efficient transformation models which are already being adopted by banks worldwide, for instance, cooperation with new players in the capacity of infrastructural platforms and structures that change the role of banks while providing them with a new niche.<eos/><eop/></p><p><bop/><bos/>To summarize it all in terms of all three time horizons, it is imperative that all resources and attention of the bank&apos;s management are not absorbed by current operations. <eos/><bos/>If banks start prioritizing only current problems, they will simply lose their competitive advantages on the market and even their business. <eos/><bos/>That is why banks need to consider all the 3 horizons (current business, tomorrow&apos;s business and business in future) as integrity, so that the most effective will be that bank which stresses the current business, tomorrow&apos;s business and business in future alike. <eos/><bos/>Only then can we talk about balanced approach to business and long-term transformation possibilities.<eos/><eop/></p><p><bop/><bos/>ARKA - In this regard, what direction will Armenian banks choose for business model transformation in your opinion?<eos/><eop/></p><p><bop/><bos/>A. Hambardzumyan - There are several directions of business model transformation. <eos/><bos/>If we consider our banks in the context of limited market and specifics of business in Armenia, one of the directions of transformation in short-term perspective is change of the bank&apos;s size or growth of the scale of business. <eos/><bos/>Obviously, current sizes of banks limit the further possibilities of development and strengthening of their market positions. <eos/><bos/>So the first vector of transformation of Armenian banks&apos; business model is their consolidation which will ensure a platform for further development in the nearest future.<eos/><eop/></p><p><bop/><bos/>Another aspect of Armenian banks&apos; business model transformation is the search for new sources of financing and resources. <eos/><bos/>Since financing of further development at the expense of retained earnings does not ensure the desired growth rates, and on the other hand domestic savings of the population (deposits etc.) are quite limited, we have to turn to new instruments such as debt and equity financing, and they can be accessed through placement of bonds and shares on international markets. <eos/><bos/>In this way banks try to find sources of financing for further development, and to find and use such sources they have to be efficient enough to ensure the desired profitability level for investors.<eos/><eop/></p><p><bop/><bos/>The third and more substantial vector of transformation is various forms of cooperation with non-bank institutions, telecommunication companies, etc., which, too, are looking for new development channels and trying to access the payment market. <eos/><bos/>In my opinion it is pointless to resist this trend, since cooperation will pave a way for transformation of the bank. <eos/><bos/>Even if a new and more efficient player in terms of communication and servicing of clients appears on the market, the bank will still have an infrastructural role in that business. <eos/><bos/>From this viewpoint it is important that banks think about the role of their business now. <eos/><bos/>For instance, if in future <cite.query w-seq-number="00004" w-ref-type="MM" w-normalized-cite="canonical_name::PAYPAL" ID="I25fa34f0668b11e59ddd902871e95df0">PayPal</cite.query>, <cite.query w-seq-number="00005" w-ref-type="CO" w-normalized-cite="IE9D0907041EC11DDAD6B0014224D2780" ID="I25fa34f1668b11e59ddd902871e95df0">Facebook</cite.query> or <cite.query w-seq-number="00006" w-ref-type="MM" w-normalized-cite="canonical_name::APPLE" ID="I25fa34f2668b11e59ddd902871e95df0">Apple</cite.query> becomes the main instrument for making payments and transfers, what will the banks do in that case? <eos/><bos/>As practice may show, the mentioned non-bank players do seek cooperation with banks since the latter can ensure a better technological platform for payment operations. <eos/><bos/>I think that pure banking, particularly corporate and premium banking, will be available in a limited segment; as to retail banking, here combined products and services will prevail and the bank and non-bank players each will have their proper role in client servicing.<eos/><eop/></p><p><bop/><bos/>ARKA - When speaking about banks of future, analysts often highlight individual banking. <eos/><bos/>What can you say about it?<eos/><eop/></p><p><bop/><bos/>A. Hambardzumyan - Individual banking is based on understanding and getting to know each client. <eos/><bos/>Previously clients were segmented by markets, geography, income, preferences and life style. <eos/><bos/>Currently in the era of the so called <cite.query w-seq-number="00007" w-ref-type="NM" w-normalized-cite="canonical_name::BIG DATA" ID="I260335a0668b11e59ddd902871e95df0">Big Data</cite.query>, quantitative and qualitative data about clients enable to design products and offers for each particular client bearing in mind his behavioral and purchasing preferences, including those expressed in social networks. <eos/><bos/>In this context one of the competitive advantages of banks is the financial data about the clients which are not available for many other market players. <eos/><bos/>Here lies the whole fascination of our informational era, when proper processing of information enables you to be more effective and find new markets and needs on the level of every single client.<eos/><eop/></p><p><bop/><bos/>ARKA - What is the role of technological development in the banking system of Armenia?<eos/><eop/></p><p><bop/><bos/>A. Hambardzumyan - New technologies play a double role in the banking system of Armenia. <eos/><bos/>On the one hand, they help to solve the business efficiency problem by reducing the cost of operations and creating new possibilities. <eos/><bos/>On the other hand they urge banks to keep abreast of the times. <eos/><bos/>As the attitude and lifestyle of clients evolve, banks cannot but change themselves and change their service channels and methods. <eos/><bos/>There is a definite market segment where new technologies are a must for all clients. <eos/><bos/>Meanwhile, there is also a considerable layer of population for whom these technologies are not available. <eos/><bos/>That is why we cannot say that in the nearest future we will totally shift to online servicing and it will be the only channel; there are such things as generation preferences and comfort. <eos/><bos/>For this reason while shifting to new technologies banks have to bear in mind a considerable number of clients who are used to live communication in the process of servicing. <eos/><bos/>As to technologies themselves, they create great possibilities for banks and the latter have to follow these trends to ensure the desired level of comfort for new generation clients who do not imagine their lives without modern technologies.<eos/><eop/></p><p><bop/><bos/>ARKA - What is the level of technological development of Armenian banks as compared with other countries?<eos/><eop/></p><p><bop/><bos/>A. Hambardzumyan - If we compare the level of technological development of Armenian banks with that of developing and developed countries, with Russia, for instance, we will see that Armenian banks follow the &quot;catch-up&quot; model of modernization. <eos/><bos/>Of course, there were cases when certain products appeared on our market earlier than in Russia, for instance ArCa online, payments via virtual cards, but generally we still lag behind in terms of technological development. <eos/><bos/>For instance, mobile banking has only recently been introduced by Armenian banks, while it has been actively developing in many of the CIS countries for a number of years. <eos/><bos/>At that, mobile applications are currently offered by very few Armenian banks. <eos/><bos/>This proves that we are trying to catch up rather than keep in the front line in terms of technologies. <eos/><bos/>On the other hand, figures demonstrate that internet and mobile banking are not yet as popular in Armenia as one might expect. <eos/><bos/>Of course, banks may say that the market is not ready for distance servicing, but on the other hand there was no quality offer either. <eos/><bos/>If mobile banking had been introduced earlier, who knows, currently the number of its users might have been considerably greater.<eos/><eop/></p><p><bop/><bos/>ARKA - What is the reason for technological backwardness of Armenian banks?<eos/><eop/></p><p><bop/><bos/>A. Hambardzumyan - The problem lies in their current technological infrastructure. <eos/><bos/>In this respect the main problem of Armenian banks is their dependence on definite local suppliers of banking solutions. <eos/><bos/>Thus about half of Armenian banks use the Armenian Software as a main automated banking system platform. <eos/><bos/>Other banks, among them a number of major ones, use another local solution - Elsoft. <eos/><bos/>Some use their own developments or software developed by parent companies. <eos/><bos/>The <cite.query w-seq-number="00008" w-ref-type="MM" w-normalized-cite="canonical_name::NATIONAL PROCESSING CO" ID="I26113f60668b11e59ddd902871e95df0">National Processing Company</cite.query>, too, has its own share of blame in low rate of technological development. <eos/><bos/>Although local suppliers do try to update their solutions pursuant to their own development strategies, under certain conditions we fail to quickly react to, implement or borrow new technologies. <eos/><bos/>Historically we have a model where free play in terms of IT solutions is limited by growth rates of the suppliers available on the market. <eos/><bos/>Shift to larger international suppliers, who offer cutting-edge solutions, requires big investments, yet local banks lack the required volume of business. <eos/><bos/>Here we face a deadlock: you do not buy expensive software because either you can&apos;t afford it or such costs are not justified, and the local supplier&apos;s offer is outdated. <eos/><bos/>So, the technological capability of Armenian banks itself hinders introduction of state-of-the-art products. <eos/><bos/>The size of business should enable implementation of innovations and the market should be big enough to ensure adequate <cite.query w-seq-number="00009" w-ref-type="MM" w-normalized-cite="canonical_name::ROI" ID="I26113f61668b11e59ddd902871e95df0">ROI.</cite.query> <eos/><bos/>So it all comes back to consolidation of the banking system and looking for new markets. <eos/><bos/>Unless the market offers some possibilities no serous investment in innovation will be made.<eos/><eop/></p><p><bop/><bos/>ARKA - What is the demand for new information technologies in the banking system of Armenia today and what new banking products will appear in the nearest future?<eos/><eop/></p><p><bop/><bos/><cite.query w-seq-number="00010" w-ref-type="MM" w-normalized-cite="canonical_name::A" ID="I261c8a00668b11e59ddd902871e95df0">A.</cite.query> Hambardzumyan - In terms of service channels there is a certain market segment which wants quick and easy servicing, so that all banking questions are solved without having to visit the bank, either from the workplace or wherever else you are (for instance, on vacation) in 24/7 mode. <eos/><bos/>Technologies also follow this trend of development. <eos/><bos/>Currently in Armenia self-service channels are on the trend such as internet banking, mobile banking, call centers and high-tech ATMs and POS terminals. <eos/><bos/>In other countries such channels appeared earlier and unlike our market have a great number of users. <eos/><bos/>In Armenia, on the other hand, they are new and I hope that in some 2 or 3 years client servicing will be oriented mainly to distance servicing channels. <eos/><bos/>Among actively developing areas are payment channels, e-commerce and on-line payment terminals, which are widely offered by Armenian banks. <eos/><bos/>The main competition today is for on-line payments. <eos/><bos/>Thus payment operations are one of the spheres that are experiencing intensive development. <eos/><bos/>Of course we hope that in the nearest future individual payments (the so-called P2P &quot;Person to person&quot;) will start developing as well, and people will be able to make remittances via mobile phones by the mobile number or other identification feature. <eos/><bos/>But here the bank should determine its position where on the one hand it will simply issue cards and on the other hand carry the role of an entire infrastructure acting as gateway for online and mobile payments market. <eos/><bos/>This is the reason why payment channels will be popular. <eos/><bos/>They will serve as one of the directions of transformation the Armenian banking business will undergo.<eos/><eop/></p><p><bop/><bos/>ARKA - Ameriabank was acknowledged as the most innovative company of the year at DigiTec 2015 Business Forum. <eos/><bos/>What did the bank do to win that prize? <eos/><bos/>What cutting-edge technologies have been implemented?<eos/><eop/></p><p><bop/><bos/>A. Hambardzumyan - Ameriabank has been focusing on the innovations I specified above for several years already. <eos/><bos/>Note that our technological development faced the same limitations that often hindered introduction of innovations. <eos/><bos/>Yet we will do our best for the clients to feel comfortable and get more opportunities to bank.<eos/><eop/></p><p><bop/><bos/>The distinctive feature of our servicing is the multichannel approach when the bank offers to the client all possible service channels. <eos/><bos/>We have introduced cash-in ATMs, established a Contact Center which enables not only to solve current problems of clients but to make banking transactions. <eos/><bos/>This Center serves as a distance banking channel by phone and actually substitutes a bank branch. <eos/><bos/>In March of the current year we introduced mobile banking for <cite.query w-seq-number="00011" w-ref-type="WC" w-normalized-cite="IC28FEEA056EF11E089AC8CE04EA54993" ID="I26c1cab0668b11e59ddd902871e95df0">IOS</cite.query> and Android and recently also for Windows; it is totally integrated with the internet banking we had introduced back in 2009. <eos/><bos/>We have already successfully updated our mobile applications by adding new functions and possibilities. <eos/><bos/>Our mobile banking is rather developed in terms of transactions; it enables you to perform practically all kinds of payment operations as well as manage card and current accounts. <eos/><bos/>Physical tokens generating authorization keys are replaced by mobile application called &quot;AmeriaToken&quot;.<eos/><bos/> We have also introduced the service of fraud-monitoring for our clients, which enables to identify and block suspicious card operations automatically in 24/7 mode. <eos/><bos/>Wherever they are, whatever their problem, our clients can just call us at any time of the day and all their questions will be answered. <eos/><bos/>We also have been actively promoting e-payment terminal to boost development of e-commerce in our country and to give the businessmen (merchants) an opportunity to offer their services online. <eos/><bos/><cite.query w-seq-number="00012" w-ref-type="NM" w-normalized-cite="canonical_name::E COMMERCE" ID="I26c1cab1668b11e59ddd902871e95df0">E-commerce</cite.query> is as yet a fresh trend in our country and in this regard we try not only to offer these services to our clients but sometimes act as a pioneer in innovative solutions. <eos/><bos/>This is the reason why <cite.query w-seq-number="00013" w-ref-type="NM" w-normalized-cite="canonical_name::DIGIÐ¢EC" ID="I26c1cab2668b11e59ddd902871e95df0">DigiÐ¢ec</cite.query> acknowledged us as the most innovative company of the year.<eos/><eop/></p><p><bop/><bos/>ARKA - What are the bank&apos;s plans for further innovative transformation?<eos/><eop/></p><p><bop/><bos/>A. Hambardzumyan - Ameriabank will go on developing distance service channels despite the limited branch network in contrast to other banks. <eos/><bos/>It is a fact that alternative service channels will be a priority for us, and by that I mean not only mobile banking, but the full range of self-servicing facilities, including branches fully based on self-servicing. <eos/><bos/>Another development trend requires enhancement of our role in cash and online payment market, card business and payment infrastructure. <eos/><bos/>Recently a new service has been launched which enables clients to make instant transfers from any Visa, Master or Arca card to Ameriabank cards and accounts through our website. <eos/><bos/>This is a worthy alternative to fast money transfer systems. <eos/><bos/>It enables you and your friends and relatives to transfer funds to Ameriabank clients from any country worldwide without leaving their desk.<eos/><eop/></p><p><bop/><bos/>We will do our best to make all new services available to our clients in Armenia via new technological platforms and make Ameriabank the main player providing the relevant infrastructural component. <eos/><bos/>The market is, of course, a small one and we will be behind global developments since major global players are not much interested in the Armenian market in terms of its potential.<eos/><eop/></p><p><bop/><bos/>ARKA - In your opinion what is the main competitive advantage of a high-tech bank today?<eos/><eop/></p><p><bop/><bos/>A. Hambardzumyan - The bank with serious and developed IT platforms and solutions will have a considerable competitive advantage. <eos/><bos/>There is an opinion according to which banks are being transformed into IT companies. <eos/><bos/>That is why now we are actively searching for alternative solutions for our informational and technological infrastructure that will ensure flexibility and enable us to timely react on new demands of clients and catch the possibilities of increasing the scale of business. <eos/><bos/>So, the banks paying much attention to investment into technologies and other innovations will have a long-term competitive advantage.<eos/><eop/></p><p><bop/><bos/>It is important to consider innovations in banking broadly, not only in terms of solutions for clients. <eos/><bos/>When we speak about innovative transformation we mean a broader concept, i.e. technological development of the bank&apos;s infrastructure, governance methods, internal systems and business-processes which in their turn determine the level of the bank&apos;s efficiency.<eos/><eop/></p><p><bop/><bos/>ARKA - How can the banking system regulator contribute to the development of high-tech banking?<eos/><eop/></p><p><bop/><bos/>A. Hambardzumyan - The regulator should assist in this process. <eos/><bos/>From January 2015 the <cite.query w-seq-number="00014" w-ref-type="MM" w-normalized-cite="canonical_name::CENTRAL BANK" ID="I26cb67a0668b11e59ddd902871e95df0">Central Bank</cite.query> has started to gradually toughen the requirements to statutory fund (shift to Basel III).<eos/><bos/> From 2018 all intangible assets, including investments in IT systems, will be deducted from regulatory capital. <eos/><bos/>All this, not to mention the minimum capital norm of AMD 30 bn, will limit the possibilities of small-scale banks to invest in their infrastructure. <eos/><bos/>This might be the trend in international banking practices, but such requirement will hardly boost investments in technological development of banking in our market. <eos/><bos/>I think we need to find definite triggering methods and ways together with the regulator. <eos/><bos/>Here we mean not only the local market but also the possibilities of Armenian banks to participate in global competition for client, since banking has long since obtained global character. <eos/><bos/>For this reason it is necessary that banks become well-equipped technologically. <eos/><bos/>The regulator, of course, is not the most important aspect of technological development, but in any case it may both hinder investments as well as contribute to attraction of them. -0-<eos/><eop/></p></text></content><indexing iso-language="en" value-add="machine-generated"><classification-terms><pres-location-block><bop/><bos/><pres-location-wrap><pres-location>Armenia</pres-location><pres-location-code>ISOAM</pres-location-code><alt1-location-code>1AR09</alt1-location-code></pres-location-wrap><pres-location-wrap><pres-location>CIS Countries</pres-location><pres-location-code>CISSTAT</pres-location-code><alt1-location-code>1CI64</alt1-location-code></pres-location-wrap><pres-location-wrap><pres-location>Eastern Europe</pres-location><pres-location-code>GEOEEUR</pres-location-code><alt1-location-code>1EA48</alt1-location-code></pres-location-wrap><pres-location-wrap><pres-location>Europe</pres-location><pres-location-code>GEOEUR</pres-location-code><alt1-location-code>1EU83</alt1-location-code></pres-location-wrap><eos/><eop/></pres-location-block></classification-terms><classification-terms><pres-subject-block><bop/><bos/><pres-subject-wrap><pres-subject>CIS</pres-subject><pres-subject-code>GEOCIS</pres-subject-code><alt1-subject-code>1CI65</alt1-subject-code></pres-subject-wrap><pres-subject-wrap><pres-subject>World Organizations</pres-subject><pres-subject-code>GEOORGS</pres-subject-code><alt1-subject-code>1IN77</alt1-subject-code></pres-subject-wrap><eos/><eop/></pres-subject-block><pres-industry-block><bop/><bos/><pres-industry-wrap><pres-industry>Banking</pres-industry><pres-industry-code>BANKOVER</pres-industry-code><alt1-industry-code>1BA20</alt1-industry-code></pres-industry-wrap><pres-industry-wrap><pres-industry>Banking Services for Small Business</pres-industry><pres-industry-code>BKSMLSRV</pres-industry-code><alt1-industry-code>1BA68</alt1-industry-code></pres-industry-wrap><pres-industry-wrap><pres-industry>Commercial Banking Services</pres-industry><pres-industry-code>BANKCOML</pres-industry-code><alt1-industry-code>1CO19</alt1-industry-code></pres-industry-wrap><pres-industry-wrap><pres-industry>E-Commerce Technology</pres-industry><pres-industry-code>INETCMRC</pres-industry-code><alt1-industry-code>1EC54</alt1-industry-code></pres-industry-wrap><pres-industry-wrap><pres-industry>Electronic Bill Payment</pres-industry><pres-industry-code>EBILLS</pres-industry-code><alt1-industry-code>1EL93</alt1-industry-code></pres-industry-wrap><pres-industry-wrap><pres-industry>Financial Services</pres-industry><pres-industry-code>FINSVC</pres-industry-code><alt1-industry-code>1FI37</alt1-industry-code></pres-industry-wrap><pres-industry-wrap><pres-industry>I.T.</pres-industry><pres-industry-code>ITOVER</pres-industry-code><alt1-industry-code>1IT96</alt1-industry-code></pres-industry-wrap><eos/><eop/></pres-industry-block></classification-terms><classification-terms><rcs-block><rcs>B:126</rcs><rcs>B:125</rcs><rcs>B:128</rcs><rcs>G:B2</rcs><rcs>B:127</rcs><rcs>G:7I</rcs><rcs>G:Y</rcs><rcs>M:NL</rcs><rcs>B:161</rcs><rcs>B:131</rcs><rcs>G:B</rcs><rcs>G:A</rcs><rcs>G:AJ</rcs><rcs>M:DU</rcs></rcs-block></classification-terms><extraction-terms><extr-company-block><bop/><bos/><norm-company oa-id="5000943280">AMERIABANK CJSC</norm-company><norm-company-wrap occur-sequence="1,2,5,6,7,9,10,11"><norm-company-name>AMERIABANK CJSC</norm-company-name><company-ids><oa-id>5000943280</oa-id></company-ids><company-classification><trbc-wrap><trbc type="RCS">B:1615</trbc><trbc type="2012">5510101010</trbc><trbc type="perm-id">4294951386</trbc></trbc-wrap></company-classification><relevancy engine="1C">0.8</relevancy><confidence engine="1C">0.93</confidence></norm-company-wrap><norm-company oa-id="5002420857">NATIONAL PROCESSING CO</norm-company><norm-company-wrap occur-sequence="4"><norm-company-name>NATIONAL PROCESSING CO</norm-company-name><company-ids><oa-id>5002420857</oa-id></company-ids><relevancy engine="1C">0.2</relevancy><confidence engine="1C">0.86</confidence></norm-company-wrap><norm-company oa-id="4295902034">PAYPAL INC</norm-company><norm-company-wrap occur-sequence="3"><norm-company-name>PAYPAL INC</norm-company-name><company-ids><oa-id>4295902034</oa-id></company-ids><company-classification><trbc-wrap><trbc type="RCS">B:1236</trbc><trbc type="2012">5220304027</trbc><trbc type="perm-id">4294951765</trbc></trbc-wrap></company-classification><relevancy engine="1C">0.2</relevancy><confidence engine="1C">0.98</confidence></norm-company-wrap><norm-company oa-id="4298015179">VISA INC</norm-company><norm-company-wrap occur-sequence="8"><norm-company-name>VISA INC</norm-company-name><company-ids><oa-id>4298015179</oa-id><ric norm="V.N">V.N</ric></company-ids><company-classification><trbc-wrap><trbc type="RCS">B:1219</trbc><trbc type="2012">5220304010</trbc><trbc type="perm-id">4294951782</trbc></trbc-wrap></company-classification><relevancy engine="1C">0.2</relevancy><confidence engine="1C">0.82</confidence></norm-company-wrap><eos/><eop/></extr-company-block></extraction-terms><extraction-terms><extr-person-block><bop/><bos/><extr-person>Artur Hambardzumyan</extr-person><extr-person-wrap><extr-person-name>Artur Hambardzumyan</extr-person-name><relevancy engine="1C">0.8</relevancy></extr-person-wrap><eos/><eop/></extr-person-block></extraction-terms></indexing></document></n-docbody>
</n-document>
<n-document guid="Ic585ea8065fc11e5be48e24f67b9137b"><n-metadata><metadata.block><md.identifiers><md.cites><md.parallelcite><md.parallelcite.info><md.display.parallelcite type="WLNR">2015 WLNR 28789780</md.display.parallelcite></md.parallelcite.info></md.parallelcite><md.first.line.cite>9/28/15 BANKSVCS (No Page)</md.first.line.cite><md.second.line.cite>9/28/15 ARKA Banking Services Bull. (Pg. Unavail. Online)</md.second.line.cite></md.cites><md.uuid>Ic585ea8065fc11e5be48e24f67b9137b</md.uuid></md.identifiers><md.infotype>news</md.infotype><md.sortkeys><md.ordersequence>f469da56c</md.ordersequence></md.sortkeys><md.descriptions><md.title>PRESS CLIPPING</md.title><md.westlawdescrip><md.readlist>READLIST</md.readlist></md.westlawdescrip></md.descriptions><md.dates><md.publisheddatetime>20150928112411</md.publisheddatetime><md.loaddate>20150928</md.loaddate><md.createddatetime>20150928112411</md.createddatetime></md.dates><md.subjects><md.subject><md.pubtype.name/><md.doctype.name>DNR</md.doctype.name><md.doctype.rank/><md.view>CNAM</md.view><md.view>RGEurope</md.view><md.view>PTMagazines</md.view><md.view>ARKANEWS0064119</md.view><md.view>ININTNEWS_AC</md.view><md.view>INFINNEWS</md.view><md.view>INALLNEWS_ACTEST</md.view><md.view>INFARNEWS_AC</md.view><md.view>ANZ_INTLBTI</md.view><md.view>INALLNEWS_AC</md.view><md.view>CLEAR_RF</md.view><md.view>INBUSNEWS</md.view><md.view>INBANKNEWS_AC</md.view><md.view>INBUSNEWS_AC</md.view></md.subject></md.subjects><md.jurisdictions><md.jurisdiction><md.jurisstate>FE</md.jurisstate></md.jurisdiction></md.jurisdictions><md.publications><md.publication/><md.sourcepubid>ARKANEWS</md.sourcepubid></md.publications><md.royalty><md.royalty.code>77232</md.royalty.code></md.royalty></metadata.block><news.metadata.block><md.text.preview>The monitoring of Armenian media reports on the activities of local banks from September 22-25 shows that the top news was a statement by the chief of IMF Mission to Armenia Mark Horton that the Central Bank of Armenia may reduce the reserve</md.text.preview></news.metadata.block><n-view>CNAM</n-view><n-view>RGEurope</n-view><n-view>PTMagazines</n-view><n-view>ARKANEWS0064119</n-view><n-view>ININTNEWS_AC</n-view><n-view>INFINNEWS</n-view><n-view>INALLNEWS_ACTEST</n-view><n-view>INFARNEWS_AC</n-view><n-view>ANZ_INTLBTI</n-view><n-view>INALLNEWS_AC</n-view><n-view>CLEAR_RF</n-view><n-view>INBUSNEWS</n-view><n-view>INBANKNEWS_AC</n-view><n-view>INBUSNEWS_AC</n-view><prism-stylesheet guid="Ia3024d301b6a11d89fc5f34981d3242f"/><prism-clipdate>20150928112411</prism-clipdate></n-metadata>
<n-docbody><document version="1" collection="D-ARKANEWS-T001" first-load-date="20150928112411" ip-product="ARKANEWS" royalty-id="77232" data-model="text" dtd-version="5.2.29" content-type="news" load-language="en" pnac="nNRA08xyf3" pnac-date="20150928T162002.472"><supplier-info><supplier-num nitf="doc-id" nitf-regsrc="ARKA Banking Services Bulletin" type="accession">141600744931b8d2</supplier-num><internal-acc-num db-id="NEPRARKA" type="newz">20150928170.4_V141600744931b8d2</internal-acc-num><rec-status><last-load-date>20150928112411</last-load-date><nitf-date ne="datereceived">20150928T16:20:02Z</nitf-date><nitf-date nitf="date-issue">20150928T00:00:00Z</nitf-date><last-provider-update>20150928162002</last-provider-update></rec-status><supplier-copyright>Copyright Â© 2015 ARKA<copyright-year/><copyright-holder>ARKA</copyright-holder></supplier-copyright><supplier-note nitf="urgency" nitf-ed-urg="4"/><nitf-meta-content name="_newsmlg2-hashtype=nr-htype:doc-group-fuzzy">52749|39952|112592|53472|94719|99515|98619|59895|54238|74185|103425|57684|112557|102075|43140|90170|30443|9837|107608|95782|98481|78603|34200|1401|31935|43913|25081|37555|109264|8915|70707|2272|68229|35068|2799|68198|54103|94387|22111|746|82452|41081|74097|55954|6128|65758|54315|35353|68830|16534|7257|66657|94726|5213|27256|24619|75436|25325|10183|76539|</nitf-meta-content><nitf-meta-content name="_newsmlg2-hashtype=nr-htype:doc-group-content-length">6630</nitf-meta-content><nitf-meta-content name="_newsmlg2-hashtype=nr-htype:doc-group-simple">-1de096ca8139682a60ba9e15fa3817cfb0a8afe6</nitf-meta-content><supplier-dtds><dtd dtd-version="working" dtd-date="20150915T00:00:00Z">Canonical Taxonomy</dtd><dtd dtd-version="20150911" dtd-date="20150915T00:00:00Z">Mapping File</dtd></supplier-dtds><copyright-block type="dialog"><service-copyright n-include_guid="Ice671660f30811d88920000083149a14" n-include_collection="D-DIALOGCOPYRIGHTS-T001"/></copyright-block><copyright-block type="west"><service-copyright n-include_guid="I1DA35ED81DD211B281BAD200220BDFCA" n-include_collection="w_wlnv_msg"/></copyright-block><west-citation-block><bop/><first-line-cite><bos/>9/28/15 BANKSVCS (No Page)<eos/></first-line-cite><second-line-cite><bos/>9/28/15 ARKA Banking Services Bull. (Pg. Unavail. Online)<eos/></second-line-cite><westlawcite><bos/>2015 WLNR 28789780<eos/></westlawcite><eop/></west-citation-block></supplier-info><title-info iso-language="en"><bop/><title type="headline" nitf-hedline="hl1" key="key-title"><bos/><sort-title>PRESS CLIPPING</sort-title><eos/></title><eop/></title-info><pub-info><journal key="key-journal"><bop/><bos/><sort-journal>ARKA Banking Services Bulletin</sort-journal><eos/><eop/></journal><pub-date key="key-date" iso-time="T00:00:00Z" type="date.publication"><full-pub-date>September 28, 2015</full-pub-date><sort-pub-date>20150928</sort-pub-date><sort-pub-timestamp>20150928000000</sort-pub-timestamp><rank-date>20150928</rank-date><currency-timestamp>20150928000000</currency-timestamp></pub-date><original-pub><language iso-language="en">English</language></original-pub><src-data><src-journal-code>ANPY</src-journal-code><src-pub-code>0064119</src-pub-code><src-pub-type>Newsletter</src-pub-type><src-pub-country-wrap><src-pub-country-code>AM</src-pub-country-code><src-pub-country>Armenia</src-pub-country></src-pub-country-wrap><src-pub-region>Europe</src-pub-region></src-data></pub-info><content iso-language="en"><total-char-count>10745</total-char-count><derived-word-count><bop/><bos/>Word Count: 1633<eos/><eop/></derived-word-count><text type="lead-para"><p nitf="lede"><bop/><bos/>The monitoring of Armenian media reports on the activities of local banks from September 22-25 shows that the top news was a statement by the chief of <cite.query w-seq-number="00001" w-ref-type="MM" w-normalized-cite="canonical_name::IMF" ID="Ia370380065fd11e58280df95eda27c61">IMF</cite.query> Mission to Armenia Mark Horton that the <cite.query w-seq-number="00002" w-ref-type="CO" w-normalized-cite="I706C7C4142B311DDA5520014224D2780" ID="Ia370380165fd11e58280df95eda27c61">Central Bank of Armenia</cite.query> may reduce the reserve requirements for commercial banks in foreign currency.<eos/><eop/></p><p nitf="lede"><bop/><bos/>Media reports say also that the <cite.query w-seq-number="00003" w-ref-type="MM" w-normalized-cite="canonical_name::CENTRAL BANK" ID="Ia376799065fd11e58280df95eda27c61">Central Bank</cite.query> has left its key refinancing rate unchanged at 10.25%. <eos/><bos/>Other stories report that Ameriabank is expanding e-commerce possibilities. <eos/><bos/>According to some other reports, on Armenia&apos;s Independence Day the children of employees of Areximbak -Gazprombank Group painted buildings in Yerevan.<eos/><eop/></p></text><text type="body"><p><bop/><bos/>Also VTB Bank (Armenia) and <cite.query w-seq-number="00004" w-ref-type="MM" w-normalized-cite="canonical_name::MASTERCARD" ID="Ia37fc86065fd11e58280df95eda27c61">MasterCard</cite.query> announced the launch of Fly to Rio contest, and an exhibition titled &quot;The History of Armenia&apos;s Money Circulation&quot; opened in Vanadzor.<eos/><eop/></p><p><bop/><bos/>Media reports by newspapers and Internet resources over the period between September 15 and 19 contained information about three commercial banks.<eos/><eop/></p><p><bop/><bos/>Azg, Golos Armenii, Novoe <cite.query w-seq-number="00005" w-ref-type="NM" w-normalized-cite="canonical_name::VREMYA" ID="Ia389da8065fd11e58280df95eda27c61">Vremya</cite.query>, Aravot, Delovoy Express, Hayastani Hanrapetutyun, Respublika Armenia, Haykakan Zhamanak, Hayots Ashkhar, Iravunk, Hraparak, Chorrord Ishkhanutyun, Zhamanak, Zhoghovurd and 168 Zham newspapers were used to collect the information.<eos/><eop/></p><p><bop/><bos/>Panarmenian, ARKA, Armbanks, Banks, Arminfo, Finport and Panorama and <cite.query w-seq-number="00006" w-ref-type="MM" w-normalized-cite="canonical_name::EBANK" ID="Ia390b85065fd11e58280df95eda27c61">Ebank</cite.query> Internet resources were used as well. ---0---<eos/><eop/></p><section-title>AMERIABANK EXTENDS POSSIBILITIES FOR ONLINE COMMERCE</section-title><p><bop/><bos/>Ameriabank has announced today the launch of vPOS service, a new tool designed for round the clock online commerce transactions and search for customers in different parts of the world. &quot;<eos/><bos/>The acquiring service, offered by Ameriabank, has received a large and positive feedback from the companies that want to use Internet to boost their businesses&quot;, an Ameriabank press release said. <eos/><bos/>According to the Bank, this single and ready-to-use software solution eliminates the need to solve complicated and time-consuming programming tasks. <eos/><bos/>The service is installed in a short time and free, it said. <eos/><bos/>The press release says also that the Bank assumes future software upgrades, thus freeing customers from programming related services.<eos/><eop/></p><p><bop/><bos/>Sources: www.arka.am 25.09.2015, www.banks.am 25.09.2015, www.panarmenian.net 25.09.2015, www.panorama.am 25.09.2015<eos/><eop/></p><section-title>MAIN CHALLENGE OF ARMENIAN BANKS IS HOW TO PRESERVE THEIR BUSINESSES, EXPERT SAYS</section-title><p><bop/><bos/>The main challenge many Armenian banks and credit organizations are facing today is how to preserve their business and prevent them from further deterioration, Arthur Hambardzumyan, head of an Ameriabank department in charge of innovations and quality, told in an interview with <cite.query w-seq-number="00007" w-ref-type="NM" w-normalized-cite="canonical_name::ARKA" ID="Ia39d146065fd11e58280df95eda27c61">ARKA</cite.query>. <eos/><bos/>According to him, today Armenian banks are under pressure from all sides: a difficult economic situation, tighter control standards and strong competition. <eos/><bos/>According to official data, as of late June, the assets of the banks decreased by 3.6% from the beginning of the year; their liabilities fell by 5.1%, credit portfolio - by 4.53%, and profits decreased by 54.4%. &apos;<eos/><bos/>Judging by the financial performance for the second quarter of this year, the main task of many Armenian credit organizations today is how to keep their businesses and prevent them from further deterioration,&quot; he said. <eos/><bos/>He noted that some banks, despite the worsening economic conditions, still manage to not only keep the businesses, but to ensure good growth and profits thanks to proper business structure and competent management. <eos/><bos/>However, in a crisis the number one task is to keep the business.<eos/><eop/></p><p><bop/><bos/>Sources: www. armbanks.am 24.09.2015<eos/><eop/></p><section-title>CHILDREN OF AREXIMBANK - GAZPROMBANK GROUP STAFF PAINTING WALLS ON ARMENIA&apos;S INDEPENDENCE DAY</section-title><p><bop/><bos/>On September 21, the Day of Armenia&apos;s Independence, Areximbank - Gazprombank Group conducted a contest for its employees&apos; children under the motto &apos;Armenia is Our Home&apos;, the press office of the banks reports. &quot;<eos/><bos/>We have built board shacks, and kids were told to paint them creating some pieces of street art, &quot; said Alexander Hakobyan, chief of the bank&apos;s marketing and advertisement division. <eos/><bos/>The aim was to see what meaning they read into &apos;Home&apos;, &apos;Country&apos;, &apos;Independence&apos; and &apos;Armenia&apos; concepts. &quot;<eos/><bos/>Each of the walls symbolized what children see every day and what in conjunction is our common home - a school, a shop, a zoo, a confectionery, Mount Ararat and surely the bank where their parents work,&quot; Hakobyan said. <eos/><bos/>Kids aged from 5 to 9 took part in the contest. <eos/><bos/>They competed in teams. <eos/><bos/>Winners were chosen by jurors - bank managers and children&apos;s parents. <eos/><bos/>The winners got prizes and all the participants received diplomas.<eos/><eop/></p><p><bop/><bos/>Sources: www. armbanks.am 22.09.2015, www.arka.am 22.09.2015, www.arminfo.am 22.09.2015, www.banks.am 22.09.2015<eos/><eop/></p><section-title>VTB BANK (ARMENIA) AND MASTERCARD ANNOUNCE FLY TO RIO CONTEST</section-title><p><bop/><bos/>VTB Bank (Armenia) and <cite.query w-seq-number="00008" w-ref-type="MM" w-normalized-cite="canonical_name::MASTERCARD" ID="Ia3c2ebe065fd11e58280df95eda27c61">MasterCard</cite.query> international payment system have announced today the launch of &quot;Fly to Rio&quot; contest, designed for customers who use very actively their banking cards. <eos/><bos/>The contest features a televised drawing of prizes, <cite.query w-seq-number="00009" w-ref-type="WC" w-normalized-cite="IF40B3643453D11DD94140014224D2780" ID="Ia3c2ebe165fd11e58280df95eda27c61">VTB Bank (Armenia</cite.query>) said in a press release. <eos/><bos/>The contest is open to holders of Cirrus/Maestro(r) and <cite.query w-seq-number="00010" w-ref-type="MM" w-normalized-cite="canonical_name::MASTERCARD" ID="Ia3c2ebe265fd11e58280df95eda27c61">MasterCard</cite.query>(r) cards, issued by <cite.query w-seq-number="00011" w-ref-type="CO" w-normalized-cite="IB9397CB0D0D811DF98F8FD3889AD24A2" ID="Ia3c2ebe365fd11e58280df95eda27c61">VTB Bank</cite.query> (Armenia).<eos/><bos/> Customers who will obtain these cards during the contest duration are also eligible, it said. <eos/><bos/>All those who will use their cards from September 20 to December 31, 2015 to pay for purchases in Armenia and abroad (including online purchases) for a total amount of 300,000 drams and more will get an opportunity to win one of the great prizes - 5 smart watches costing each 300,000 drams each, or the grand prize - a trip for two to Rio De Janeiro to attend the <cite.query w-seq-number="00012" w-ref-type="CO" w-normalized-cite="I2E768770E2C811DE916D8A11856AA63E" ID="Ia3c2ebe465fd11e58280df95eda27c61">Carnival</cite.query> 2016, held annually in February, which is the midst of the Brazilian summer and lasts 4 days and 4 nights. <eos/><bos/>The televised drawing of prizes will take place in January 2016.<eos/><eop/></p><p><bop/><bos/>Sources: www.armbanks.am 23.09.2015, www.arka.am 23.09.2015, www.finport.am 23.09.2015, www.banks.am 23.09.2015, www.panorama.am 23.09.2015<eos/><eop/></p><section-title>CENTRAL BANK KEEPS KEY REFINANCING RATE AT 10&gt;25%</section-title><p><bop/><bos/>On September 22 Armenia&apos;s <cite.query w-seq-number="00013" w-ref-type="NM" w-normalized-cite="canonical_name::CENTRAL BANK (CB" ID="Ia3db2ed065fd11e58280df95eda27c61">Central Bank (CB</cite.query>) said it had kept its key refinancing rate unchanged at 10.25 percent The <cite.query w-seq-number="00014" w-ref-type="WC" w-normalized-cite="I75A683C056F811E0B507DE267DF909C1" ID="Ia3db2ed165fd11e58280df95eda27c61">CB</cite.query> said 0.1% inflation was recorded in August; down from 0.7% recorded a year earlier as a result the 12-month inflation declined to 3.6% in late August. <eos/><bos/>The <cite.query w-seq-number="00015" w-ref-type="MM" w-normalized-cite="canonical_name::CENTRAL BANK" ID="Ia3db2ed265fd11e58280df95eda27c61">Central Bank</cite.query> said also based on slow global economic growth trends and the persisting inflationary environment in international commodity markets its Board believes that no external inflationary pressure is expected in the coming months.<eos/><eop/></p><p><bop/><bos/>The Board said economic activity in the third quarter grew higher than expected, primarily driven by demand factors. <eos/><bos/>Stimulating fiscal policy has contributed to some recovery in domestic demand, which to a certain extent had offset the deflationary environment. <eos/><bos/>According to the Board, these developments led to an acceleration of net exports, which significantly improved the external balance of Armenia. <eos/><bos/><cite.query w-seq-number="00016" w-ref-type="NM" w-normalized-cite="canonical_name::BOARD (THE)" ID="Ia3f4d15065fd11e58280df95eda27c61">The Board</cite.query> said also it believes that these key economic indicators have substantially increased the country&apos;s resilience to external shocks. <eos/><bos/>All this in mind the <cite.query w-seq-number="00017" w-ref-type="NM" w-normalized-cite="canonical_name::BOARD" ID="Ia3f4d15165fd11e58280df95eda27c61">Board</cite.query> said it was appropriate to preserve the current monetary terms, in which the 12-month inflation is expected to decrease at the end of the year to the lower level of the target band. <eos/><bos/><cite.query w-seq-number="00018" w-ref-type="NM" w-normalized-cite="canonical_name::BOARD (THE)" ID="Ia3f4d15265fd11e58280df95eda27c61">The Board</cite.query> said in accordance with the inflation expectations and developments in external financial markets it will specify directions of monetary policy when necessary to achieve its goal of stabilizing prices. -0-<eos/><eop/></p><p><bop/><bos/>Sources: www.armbanks.am 22.09.2015, www.banks.am 22.09.2015, www.panorama.am 22.09.2015, www.finport.am 22.09.2015<eos/><eop/></p><section-title>THE HISTORY OF ARMENIAN CURRENCY &apos;EXHIBITION OPENS IN VANADZOR</section-title><p><bop/><bos/>The exhibition &apos;The History of Armenian Currency &apos;opened Wednesday in Vanadzor, Lori province, at the initiative of the <cite.query w-seq-number="00019" w-ref-type="CO" w-normalized-cite="I706C7C4142B311DDA5520014224D2780" ID="Ia3fa9db065fd11e58280df95eda27c61">Central Bank of Armenia</cite.query>. <eos/><bos/>The key aim of the exhibition is to present the history of the national currency and the central bank&apos;s activity to Vanadzor residents, said Armenak Darbinyan, a member of the central bank&apos;s board. &quot;<eos/><bos/>This exhibition is an excellent chance for school children, students and companies&apos; employees to get a better knowledge of the central bank&apos;s activity and its functions and to get answers to all their questions, &quot; he said.<eos/><eop/></p><p><bop/><bos/>Sources: www.armbanks.am 23.09.2015, www.finport.am 23.09.2015,<eos/><eop/></p><section-title>CENTRAL BANK MAY REDUCE RESERVE REQUIREMENTS FOR COMMERCIAL BANKS IN FOREIGN CURRENCY, IMF</section-title><p><bop/><bos/>Armenian Central bank may reduce reserve requirements for commercial banks in foreign currency, chief of <cite.query w-seq-number="00020" w-ref-type="MM" w-normalized-cite="canonical_name::IMF" ID="Ia4121d5065fd11e58280df95eda27c61">IMF</cite.query> Mission to Armenia Mark Horton said last Friday in Yerevan. <eos/><bos/>He said had the <cite.query w-seq-number="00021" w-ref-type="MM" w-normalized-cite="canonical_name::CENTRAL BANK" ID="Ia4121d5165fd11e58280df95eda27c61">Central Bank</cite.query> felt the presence of certain conditions, which would not affect the inflation and exchange rate fluctuations, it would have changed reserve requirements. &quot;<eos/><bos/>In December the mandatory requirement rate was increased from 12% to 24%, then reduced to 20%. &quot;<eos/><bos/>I think if conditions permitted, the <cite.query w-seq-number="00022" w-ref-type="MM" w-normalized-cite="canonical_name::CENTRAL BANK" ID="Ia4121d5265fd11e58280df95eda27c61">Central Bank</cite.query> would lower it, but this requires a longer period of stability &quot;, he said.<eos/><eop/></p><p><bop/><bos/>Sources: www.armbanks.am 25.09.2015<eos/><eop/></p><section-title>ARMENIAN BANKS&apos; CAPITAL CONSOLIDATION IS ADEQUATE PROCESS, EXPERT SAYS</section-title><p><bop/><bos/>Armenian commercial banks&apos; moves to consolidate their capital is in tune with normal economic processes and contains no risks, according to Tatul Manaseryan, head of a Yerevan-based think tank &apos;Alternative&apos;.<eos/><eop/></p><p><bop/><bos/>Manaseryan said he did not share concerns that mergers or acquisitions in the banking sector would result in mass layoffs of bank employees adding another problem to the list of social problems. <eos/><bos/>According to him, consolidation of banks may prompt an increase in demand for high-quality professionals.<eos/><eop/></p><p><bop/><bos/>Manaseryan praised several local banks for issuing shares to replenish their capital describing it as a new business culture in Armenia and an alternative for those who seek to increase their capital.<eos/><eop/></p><p><bop/><bos/>&quot;This process will not hurt economy. <eos/><bos/>Large capital is necessary for carrying out large economic projects,&apos; he said. <eos/><bos/>Overall, Manaseryan described the <cite.query w-seq-number="00023" w-ref-type="MM" w-normalized-cite="canonical_name::CENTRAL BANK" ID="Ia420000065fd11e58280df95eda27c61">Central Bank</cite.query>&apos;s policies as weighted, saying even countries with abundant resources were not able to avoid depreciation of their national currencies. &apos;<eos/><bos/>In this respect, Armenia has managed to maintain the stability of the banking system&quot;, he said. <eos/><bos/>Manaseryan said also that some banks do not take risks being more concerned about the return of funds acting like ordinary pawnshops; others provide loans, secured by real estate. <eos/><bos/>However, business plans can also be considered as a basis for lending, which is not the case in Armenia. &quot;<eos/><bos/>I think it&apos;s time to think about the integration of banks and the real sector, while stability must also remain a priority objective,&quot; ??said Manaseryan. <eos/><bos/>To improve the efficiency, resilience and stability of banks the <cite.query w-seq-number="00024" w-ref-type="MM" w-normalized-cite="canonical_name::CENTRAL BANK" ID="Ia420000165fd11e58280df95eda27c61">Central Bank</cite.query> decided to raise from 1 January 2017, the minimum total capital of commercial banks to 30 billion drams from the current 5 billion drams.<eos/><eop/></p><p><bop/><bos/>Sources: www.armbanks.am 23.09.2015<eos/><eop/></p></text></content><indexing iso-language="en" value-add="machine-generated"><classification-terms><pres-location-block><bop/><bos/><pres-location-wrap><pres-location>Armenia</pres-location><pres-location-code>ISOAM</pres-location-code><alt1-location-code>1AR09</alt1-location-code></pres-location-wrap><pres-location-wrap><pres-location>CIS Countries</pres-location><pres-location-code>CISSTAT</pres-location-code><alt1-location-code>1CI64</alt1-location-code></pres-location-wrap><pres-location-wrap><pres-location>Eastern Europe</pres-location><pres-location-code>GEOEEUR</pres-location-code><alt1-location-code>1EA48</alt1-location-code></pres-location-wrap><pres-location-wrap><pres-location>Europe</pres-location><pres-location-code>GEOEUR</pres-location-code><alt1-location-code>1EU83</alt1-location-code></pres-location-wrap><eos/><eop/></pres-location-block></classification-terms><classification-terms><pres-subject-block><bop/><bos/><pres-subject-wrap><pres-subject>CIS</pres-subject><pres-subject-code>GEOCIS</pres-subject-code><alt1-subject-code>1CI65</alt1-subject-code></pres-subject-wrap><pres-subject-wrap><pres-subject>Economic Policy &amp; Policymakers</pres-subject><pres-subject-code>ECONRULE</pres-subject-code><alt1-subject-code>1EC69</alt1-subject-code></pres-subject-wrap><pres-subject-wrap><pres-subject>Economics &amp; Trade</pres-subject><pres-subject-code>TRADE</pres-subject-code><alt1-subject-code>1EC26</alt1-subject-code></pres-subject-wrap><pres-subject-wrap><pres-subject>Monetary Policy</pres-subject><pres-subject-code>PTMONET</pres-subject-code><alt1-subject-code>1MO18</alt1-subject-code></pres-subject-wrap><pres-subject-wrap><pres-subject>World Organizations</pres-subject><pres-subject-code>GEOORGS</pres-subject-code><alt1-subject-code>1IN77</alt1-subject-code></pres-subject-wrap><eos/><eop/></pres-subject-block><pres-industry-block><bop/><bos/><pres-industry-wrap><pres-industry>Banking</pres-industry><pres-industry-code>BANKOVER</pres-industry-code><alt1-industry-code>1BA20</alt1-industry-code></pres-industry-wrap><pres-industry-wrap><pres-industry>Commercial Banking Services</pres-industry><pres-industry-code>BANKCOML</pres-industry-code><alt1-industry-code>1CO19</alt1-industry-code></pres-industry-wrap><pres-industry-wrap><pres-industry>Financial Services</pres-industry><pres-industry-code>FINSVC</pres-industry-code><alt1-industry-code>1FI37</alt1-industry-code></pres-industry-wrap><pres-industry-wrap><pres-industry>Financial Services Regulatory</pres-industry><pres-industry-code>FINREG</pres-industry-code><alt1-industry-code>1FI03</alt1-industry-code></pres-industry-wrap><pres-industry-wrap><pres-industry>Major Central Banks</pres-industry><pres-industry-code>MAJCBANK</pres-industry-code><alt1-industry-code>1MA01</alt1-industry-code></pres-industry-wrap><pres-industry-wrap><pres-industry>Press Releases</pres-industry><pres-industry-code>ANNOUNCE</pres-industry-code><alt1-industry-code>1PR19</alt1-industry-code></pres-industry-wrap><eos/><eop/></pres-industry-block></classification-terms><classification-terms><rcs-block><rcs>B:126</rcs><rcs>B:125</rcs><rcs>E:5</rcs><rcs>B:128</rcs><rcs>G:B2</rcs><rcs>B:127</rcs><rcs>G:7I</rcs><rcs>G:Y</rcs><rcs>B:131</rcs><rcs>M:8</rcs><rcs>E:B</rcs><rcs>G:B</rcs><rcs>M:32</rcs><rcs>G:A</rcs><rcs>G:AJ</rcs><rcs>M:DU</rcs></rcs-block></classification-terms><extraction-terms><extr-company-block><bop/><bos/><extr-company>168 Zham</extr-company><extr-company-wrap><extr-company-name>168 Zham</extr-company-name><relevancy engine="1C">0.2</relevancy><confidence engine="1C">0.73</confidence></extr-company-wrap><extr-company>Areximbak -Gazprombank Group</extr-company><extr-company-wrap><extr-company-name>Areximbak -Gazprombank Group</extr-company-name><relevancy engine="1C">0.2</relevancy><confidence engine="1C">0.73</confidence></extr-company-wrap><norm-company oa-id="5000943280">AMERIABANK CJSC</norm-company><norm-company-wrap occur-sequence="1,5,6,7"><norm-company-name>AMERIABANK CJSC</norm-company-name><company-ids><oa-id>5000943280</oa-id></company-ids><company-classification><trbc-wrap><trbc type="RCS">B:1615</trbc><trbc type="2012">5510101010</trbc><trbc type="perm-id">4294951386</trbc></trbc-wrap></company-classification><relevancy engine="1C">0.2</relevancy><confidence engine="1C">0.78</confidence></norm-company-wrap><norm-company oa-id="5000094276">AREXIMBANK GAZPROMBANK GROUP CJSC</norm-company><norm-company-wrap occur-sequence="8,9"><norm-company-name>AREXIMBANK GAZPROMBANK GROUP CJSC</norm-company-name><company-ids><oa-id>5000094276</oa-id></company-ids><relevancy engine="1C">0.2</relevancy><confidence engine="1C">0.99</confidence></norm-company-wrap><norm-company oa-id="4295887248">VTB BANK (OPEN JOINT STOCK COMPANY)</norm-company><norm-company-wrap occur-sequence="2,12,14"><norm-company-name>VTB BANK (OPEN JOINT STOCK COMPANY)</norm-company-name><company-ids><oa-id>4295887248</oa-id><ric norm="VTBR.MMO">VTBR.MMO</ric></company-ids><company-classification><trbc-wrap><trbc type="RCS">B:1615</trbc><trbc type="2012">5510101010</trbc><trbc type="perm-id">4294951386</trbc></trbc-wrap></company-classification><relevancy engine="1C">0.2</relevancy><confidence engine="1C">0.84</confidence></norm-company-wrap><norm-company oa-id="4295902520">MASTERCARD INC</norm-company><norm-company-wrap occur-sequence="3,10,13"><norm-company-name>MASTERCARD INC</norm-company-name><company-ids><oa-id>4295902520</oa-id><ric norm="MA.N">MA.N</ric></company-ids><company-classification><trbc-wrap><trbc type="RCS">B:1236</trbc><trbc type="2012">5220304027</trbc><trbc type="perm-id">4294951765</trbc></trbc-wrap></company-classification><relevancy engine="1C">0.5</relevancy><confidence engine="1C">1</confidence></norm-company-wrap><norm-company oa-id="4298214194">MASTERCARD INTERNATIONAL INC</norm-company><norm-company-wrap occur-sequence="11"><norm-company-name>MASTERCARD INTERNATIONAL INC</norm-company-name><company-ids><oa-id>4298214194</oa-id></company-ids><company-classification><trbc-wrap><trbc type="RCS">B:1615</trbc><trbc type="2012">5510101010</trbc><trbc type="perm-id">4294951386</trbc></trbc-wrap></company-classification><relevancy engine="1C">0.2</relevancy><confidence engine="1C">0.62</confidence></norm-company-wrap><norm-company oa-id="4295901746">EBANK FINANCIAL SERVICES INC</norm-company><norm-company-wrap occur-sequence="4"><norm-company-name>EBANK FINANCIAL SERVICES INC</norm-company-name><company-ids><oa-id>4295901746</oa-id><ric norm="EBDC.PK">EBDC.PK</ric></company-ids><company-classification><trbc-wrap><trbc type="RCS">B:1615</trbc><trbc type="2012">5510101010</trbc><trbc type="perm-id">4294951386</trbc></trbc-wrap></company-classification><relevancy engine="1C">0.2</relevancy><confidence engine="1C">0.83</confidence></norm-company-wrap><eos/><eop/></extr-company-block></extraction-terms><extraction-terms><extr-person-block><bop/><bos/><extr-person>Alexander Hakobyan</extr-person><extr-person-wrap><extr-person-name>Alexander Hakobyan</extr-person-name><relevancy engine="1C">0.2</relevancy></extr-person-wrap><extr-person>Armenak Darbinyan</extr-person><extr-person-wrap><extr-person-name>Armenak Darbinyan</extr-person-name><relevancy engine="1C">0.2</relevancy></extr-person-wrap><extr-person>Arthur Hambardzumyan</extr-person><extr-person-wrap><extr-person-name>Arthur Hambardzumyan</extr-person-name><relevancy engine="1C">0.2</relevancy></extr-person-wrap><extr-person>Tatul Manaseryan</extr-person><extr-person-wrap><extr-person-name>Tatul Manaseryan</extr-person-name><relevancy engine="1C">0.2</relevancy></extr-person-wrap><extr-person>Mark Horton</extr-person><extr-person-wrap><extr-person-name>Mark Horton</extr-person-name><relevancy engine="1C">0.2</relevancy></extr-person-wrap><eos/><eop/></extr-person-block></extraction-terms></indexing></document></n-docbody>
</n-document>
<n-document guid="I8310728065b411e5846bfd0b6e56dbfd"><n-metadata><metadata.block><md.identifiers><md.cites><md.first.line.cite>9/28/15 NEWS 00:00:00</md.first.line.cite><md.second.line.cite>9/28/15 ARKA News Agency 00:00:00</md.second.line.cite></md.cites><md.uuid>I8310728065b411e5846bfd0b6e56dbfd</md.uuid></md.identifiers><md.infotype>news</md.infotype><md.sortkeys><md.ordersequence>f47363bec</md.ordersequence></md.sortkeys><md.descriptions><md.title>BANK OF AMERICA SEES SIGNS OF RUSSIAN ECONOMIC RECOVERY</md.title><md.westlawdescrip><md.readlist>READLIST</md.readlist></md.westlawdescrip></md.descriptions><md.dates><md.publisheddatetime>20150928024513</md.publisheddatetime><md.loaddate>20150928</md.loaddate><md.createddatetime>20150928024513</md.createddatetime></md.dates><md.subjects><md.subject><md.pubtype.name/><md.doctype.name>DNR</md.doctype.name><md.doctype.rank/><md.view>CNGE</md.view><md.view>RGEurope</md.view><md.view>PTNewswires</md.view><md.view>ARKANEWS0063786</md.view><md.view>INALLNEWS_ACTEST</md.view><md.view>INFARNEWS_AC</md.view><md.view>MARKETSEIKON_CN</md.view><md.view>MARKETSEIKON</md.view><md.view>CB_ASIAWIRES</md.view><md.view>INWIRES_AC</md.view><md.view>GULF_INTL</md.view><md.view>ININTNEWS_AC</md.view><md.view>ANZ_INTLOS</md.view><md.view>CLEAR_RF</md.view><md.view>INALLNEWS_AC</md.view><md.view>INNEWSINT_PRO</md.view><md.view>INBUSNEWS</md.view><md.view>INNEWSWORLD_PRO</md.view><md.view>INBUSNEWS_AC</md.view></md.subject></md.subjects><md.jurisdictions><md.jurisdiction><md.jurisstate>FE</md.jurisstate></md.jurisdiction></md.jurisdictions><md.publications><md.publication/><md.sourcepubid>ARKANEWS</md.sourcepubid></md.publications><md.royalty><md.royalty.code>84104</md.royalty.code></md.royalty></metadata.block><news.metadata.block><md.text.preview>BANKING NEWSYEREVAN, September 28. / ARKA /. Bank of America is starting to see pale signs of an economic recovery in Russia, Bloomberg reports citing Vladimir Osakovskiy, the bank&apos;s chief economist in Moscow.</md.text.preview></news.metadata.block><newsplus.recommendable>1</newsplus.recommendable><n-view>CNGE</n-view><n-view>RGEurope</n-view><n-view>PTNewswires</n-view><n-view>ARKANEWS0063786</n-view><n-view>INALLNEWS_ACTEST</n-view><n-view>INFARNEWS_AC</n-view><n-view>MARKETSEIKON_CN</n-view><n-view>MARKETSEIKON</n-view><n-view>CB_ASIAWIRES</n-view><n-view>INWIRES_AC</n-view><n-view>GULF_INTL</n-view><n-view>ININTNEWS_AC</n-view><n-view>ANZ_INTLOS</n-view><n-view>CLEAR_RF</n-view><n-view>INALLNEWS_AC</n-view><n-view>INNEWSINT_PRO</n-view><n-view>INBUSNEWS</n-view><n-view>INNEWSWORLD_PRO</n-view><n-view>INBUSNEWS_AC</n-view><prism-stylesheet guid="Ia3024d301b6a11d89fc5f34981d3242f"/><prism-clipdate>20150928024513</prism-clipdate></n-metadata>
<n-docbody><document version="1" collection="D-ARKANEWS-T001" first-load-date="20150928024513" ip-product="ARKANEWS" royalty-id="84104" data-model="text" dtd-version="5.2.29" content-type="news" load-language="en" pnac="nNRA08w2b6" pnac-date="20150928T074247.208"><supplier-info><supplier-num nitf="doc-id" nitf-regsrc="ARKA News Agency" type="accession">a1b20007bb1fc4c6</supplier-num><internal-acc-num db-id="NEPRARKA" type="newz">20150928170.1_Va1b20007bb1fc4c6</internal-acc-num><rec-status><last-load-date>20150928024513</last-load-date><nitf-date ne="datereceived">20150928T07:42:47Z</nitf-date><nitf-date nitf="date-issue">20150928T00:00:00Z</nitf-date><last-provider-update>20150928074247</last-provider-update></rec-status><supplier-copyright>Copyright Â© 2015 ARKA<copyright-year/><copyright-holder>ARKA</copyright-holder></supplier-copyright><supplier-note nitf="urgency" nitf-ed-urg="4"/><nitf-meta-content name="recommendable">1</nitf-meta-content><nitf-meta-content name="_newsmlg2-hashtype=nr-htype:doc-group-fuzzy">98619|95214|47219|87559|7038|79363|81433|84909|1330|99314|76330|42079|87572|112475|3833|96202|51935|33254|64472|104196|109551|51446|108875|26556|28310|33284|18637|76981|30241|100514|23038|10088|14470|14742|37719|89862|19181|97504|24395|46226|81773|79988|11021|18681|80175|96408|72199|64242|7947|109895|71621|54122|109434|74077|75381|35503|80152|74788|3980|20767|</nitf-meta-content><nitf-meta-content name="_newsmlg2-hashtype=nr-htype:doc-group-content-length">1596</nitf-meta-content><nitf-meta-content name="_newsmlg2-hashtype=nr-htype:doc-group-simple">6b2b83a065e5931acfad50d330bfbb9edaec8bf5</nitf-meta-content><supplier-dtds><dtd dtd-version="working" dtd-date="20150915T00:00:00Z">Canonical Taxonomy</dtd><dtd dtd-version="20150911" dtd-date="20150915T00:00:00Z">Mapping File</dtd></supplier-dtds><copyright-block type="dialog"><service-copyright n-include_guid="Ice671660f30811d88920000083149a14" n-include_collection="D-DIALOGCOPYRIGHTS-T001"/></copyright-block><copyright-block type="west"><service-copyright n-include_guid="I1DA35ED81DD211B281BAD200220BDFCA" n-include_collection="w_wlnv_msg"/></copyright-block><west-citation-block><bop/><first-line-cite><bos/>9/28/15 NEWS 00:00:00<eos/></first-line-cite><second-line-cite><bos/>9/28/15 ARKA News Agency 00:00:00<eos/></second-line-cite><eop/></west-citation-block></supplier-info><title-info iso-language="en"><bop/><title type="headline" nitf-hedline="hl1" key="key-title"><bos/><sort-title><cite.query w-seq-number="00001" w-ref-type="MM" w-normalized-cite="canonical_name::BANK OF AMERICA" ID="Ife75314065b411e5af95a88591794a35">BANK OF AMERICA</cite.query> SEES SIGNS OF RUSSIAN ECONOMIC RECOVERY</sort-title><eos/></title><eop/></title-info><pub-info><journal key="key-journal"><bop/><bos/><sort-journal>ARKA News Agency</sort-journal><eos/><eop/></journal><pub-date key="key-date" iso-time="T00:00:00Z" type="date.publication"><full-pub-date>September 28, 2015</full-pub-date><sort-pub-date>20150928</sort-pub-date><sort-pub-timestamp>20150928000000</sort-pub-timestamp><rank-date>20150928</rank-date><currency-timestamp>20150928000000</currency-timestamp></pub-date><original-pub><language iso-language="en">English</language></original-pub><src-data><src-journal-code>ANPV</src-journal-code><src-pub-code>0063786</src-pub-code><src-pub-type>Newswire</src-pub-type><src-pub-country-wrap><src-pub-country-code>GE</src-pub-country-code><src-pub-country>Georgia CIS</src-pub-country></src-pub-country-wrap><src-pub-region>Europe</src-pub-region></src-data></pub-info><content iso-language="en"><total-char-count>2633</total-char-count><derived-word-count><bop/><bos/>Word Count: 420<eos/><eop/></derived-word-count><text type="lead-para"><p nitf="lede"><bop/><bos/>BANKING NEWS<eos/><eop/></p><p nitf="lede"><bop/><bos/>YEREVAN, September 28. / ARKA /. <cite.query w-seq-number="00002" w-ref-type="MM" w-normalized-cite="canonical_name::BANK OF AMERICA" ID="Ife80ca0065b411e5af95a88591794a35">Bank of America</cite.query> is starting to see pale signs of an economic recovery in Russia, <cite.query w-seq-number="00003" w-ref-type="MM" w-normalized-cite="canonical_name::BLOOMBERG" ID="Ife80ca0165b411e5af95a88591794a35">Bloomberg</cite.query> reports citing Vladimir Osakovskiy, the bank&apos;s chief economist in Moscow.<eos/><eop/></p></text><text type="body"><p><bop/><bos/>The magnitude of a slowdown in capital investment is easing, while corporate profits have been increasing, a combination that Vladimir Osakovskiy said could mark a turning point. <eos/><bos/>The country&apos;s recession may have bottomed when gross domestic product shrank 4.6 per cent in the second quarter, and considering that company spending will probably drive the recovery, that stabilization is likely to be more important for the broader economy than persistent weakness in consumer demand, he wrote in a report last week.<eos/><eop/></p><p><bop/><bos/>&quot;Corporate profits in Russia are quite good year-to-date, and we look at robust growth in corporate profits as the main potential driver of stabilization and recovery in the near future,&quot; Osakovskiy said by phone from Moscow last week. &quot;<eos/><bos/>We might see that the main macroeconomic indicators will start to improve on a year-over-year basis later this year, but we obviously have to wait until the increase in corporate profits spills over to the pickup in investment.&quot;<eos/><eop/></p><p><bop/><bos/>Corporate profits increased 43 per cent in the first half of 2015 compared with a year earlier and grew 38 percent from January to July, even as oil plunged further into a bear market, data from the <cite.query w-seq-number="00004" w-ref-type="NM" w-normalized-cite="canonical_name::FEDERAL STATISTICS SERVICE" ID="Ife8a18d065b411e5af95a88591794a35">Federal Statistics Service</cite.query> show. <eos/><bos/>That means companies might soon look to use capital to focus on expansion, Osakovskiy said. <eos/><bos/>Investment is the only way to stimulate growth in Russia&apos;s economy, Deputy Finance Minister Maxim Oreshkin said this month.<eos/><eop/></p><p><bop/><bos/><cite.query w-seq-number="00005" w-ref-type="MM" w-normalized-cite="canonical_name::BANK OF AMERICA" ID="Ife8e85a065b411e5af95a88591794a35">Bank of America</cite.query> remains neutral on Russian markets, while the price of oil, the country&apos;s biggest export, remains volatile, according to Osakovskiy. <eos/><bos/>The country&apos;s stocks remains a risky buy in the near future, but their low valuations compared with equities in other emerging markets make Russia an attractive investment destination in the medium term, he said.<eos/><eop/></p><p><bop/><bos/>Last week, the first deputy chairman of the <cite.query w-seq-number="00006" w-ref-type="CO" w-normalized-cite="I752D0FB0E2BC11DEB666D2034082904A" ID="Ife95d8a065b411e5af95a88591794a35">Central Bank of Russia</cite.query> Ksenia Yudaeva said that the downturn in the Russian economy could last a few more quarters. <eos/><bos/>According to her, for the return of the economic growth structural reforms are needed aimed at increasing labor market flexibility and product markets, which will quickly redirect resources into new growth points.<eos/><eop/></p><p><bop/><bos/>Earlier, <cite.query w-seq-number="00007" w-ref-type="NM" w-normalized-cite="canonical_name::DEPUTY MINISTER OF FINANCE OF THE RUSSIAN FEDERATION MAXIM ORESHKIN" ID="Ife9d2ba065b411e5af95a88591794a35">Deputy Minister of Finance of the Russian Federation Maxim Oreshkin</cite.query> said that until the first quarter of 2016, Russia&apos;s economy will not return to growth. <eos/><bos/>According to him, the resumption of economic growth in 2015 is being prevented by low oil prices.-0-<eos/><eop/></p></text></content><indexing iso-language="en" value-add="machine-generated"><classification-terms><pres-location-block><bop/><bos/><pres-location-wrap><pres-location>Asia</pres-location><pres-location-code>GEOASIA</pres-location-code><alt1-location-code>1AS61</alt1-location-code></pres-location-wrap><pres-location-wrap><pres-location>CIS Countries</pres-location><pres-location-code>CISSTAT</pres-location-code><alt1-location-code>1CI64</alt1-location-code></pres-location-wrap><pres-location-wrap><pres-location>Eastern Europe</pres-location><pres-location-code>GEOEEUR</pres-location-code><alt1-location-code>1EA48</alt1-location-code></pres-location-wrap><pres-location-wrap><pres-location>Europe</pres-location><pres-location-code>GEOEUR</pres-location-code><alt1-location-code>1EU83</alt1-location-code></pres-location-wrap><pres-location-wrap><pres-location>Russia</pres-location><pres-location-code>ISORU</pres-location-code><alt1-location-code>1RU33</alt1-location-code></pres-location-wrap><eos/><eop/></pres-location-block></classification-terms><classification-terms><pres-subject-block><bop/><bos/><pres-subject-wrap><pres-subject>Economic Forecasts</pres-subject><pres-subject-code>EFORE</pres-subject-code><alt1-subject-code>1EC64</alt1-subject-code></pres-subject-wrap><pres-subject-wrap><pres-subject>Economic Indicators</pres-subject><pres-subject-code>ECONWRLD</pres-subject-code><alt1-subject-code>1EC19</alt1-subject-code></pres-subject-wrap><pres-subject-wrap><pres-subject>Economic Policy &amp; Policymakers</pres-subject><pres-subject-code>ECONRULE</pres-subject-code><alt1-subject-code>1EC69</alt1-subject-code></pres-subject-wrap><pres-subject-wrap><pres-subject>Economic Statistics</pres-subject><pres-subject-code>PTECOSTA</pres-subject-code><alt1-subject-code>1EC52</alt1-subject-code></pres-subject-wrap><pres-subject-wrap><pres-subject>Economics &amp; Trade</pres-subject><pres-subject-code>TRADE</pres-subject-code><alt1-subject-code>1EC26</alt1-subject-code></pres-subject-wrap><pres-subject-wrap><pres-subject>Emerging Market Countries</pres-subject><pres-subject-code>EMERGING</pres-subject-code><alt1-subject-code>1EM65</alt1-subject-code></pres-subject-wrap><pres-subject-wrap><pres-subject>Forecasts</pres-subject><pres-subject-code>PTFRCST</pres-subject-code><alt1-subject-code>1FO11</alt1-subject-code></pres-subject-wrap><eos/><eop/></pres-subject-block><pres-industry-block><bop/><bos/><pres-industry-wrap><pres-industry>Banking</pres-industry><pres-industry-code>BANKOVER</pres-industry-code><alt1-industry-code>1BA20</alt1-industry-code></pres-industry-wrap><pres-industry-wrap><pres-industry>Financial Services</pres-industry><pres-industry-code>FINSVC</pres-industry-code><alt1-industry-code>1FI37</alt1-industry-code></pres-industry-wrap><pres-industry-wrap><pres-industry>Theoretical Analysis</pres-industry><pres-industry-code>PTHEORY</pres-industry-code><alt1-industry-code>1TH79</alt1-industry-code></pres-industry-wrap><eos/><eop/></pres-industry-block></classification-terms><classification-terms><rcs-block><rcs>B:126</rcs><rcs>B:125</rcs><rcs>E:5</rcs><rcs>B:128</rcs><rcs>G:B2</rcs><rcs>B:127</rcs><rcs>E:9</rcs><rcs>G:Y</rcs><rcs>E:B</rcs><rcs>G:B</rcs><rcs>G:A</rcs><rcs>I:D</rcs><rcs>G:K</rcs><rcs>G:38</rcs><rcs>G:AJ</rcs><rcs>G:1</rcs></rcs-block></classification-terms><extraction-terms><extr-company-block><bop/><bos/><norm-company oa-id="8589934339">BANK OF AMERICA CORP</norm-company><norm-company-wrap occur-sequence="1,2,3"><norm-company-name>BANK OF AMERICA CORP</norm-company-name><company-ids><oa-id>8589934339</oa-id><ric norm="BAC.N">BAC.N</ric></company-ids><company-classification><trbc-wrap><trbc type="RCS">B:1615</trbc><trbc type="2012">5510101010</trbc><trbc type="perm-id">4294951386</trbc></trbc-wrap></company-classification><relevancy engine="1C">0.8</relevancy><confidence engine="1C">0.96</confidence></norm-company-wrap><eos/><eop/></extr-company-block></extraction-terms><extraction-terms><extr-person-block><bop/><bos/><extr-person>Vladimir Osakovskiy</extr-person><extr-person-wrap><extr-person-name>Vladimir Osakovskiy</extr-person-name><relevancy engine="1C">0.2</relevancy></extr-person-wrap><extr-person>Maxim Oreshkin</extr-person><extr-person-wrap><extr-person-name>Maxim Oreshkin</extr-person-name><relevancy engine="1C">0.2</relevancy></extr-person-wrap><extr-person>Earlier</extr-person><extr-person-wrap><extr-person-name>Earlier</extr-person-name><relevancy engine="1C">0.2</relevancy></extr-person-wrap><extr-person>Kseniya Valentinovna Yudaeva</extr-person><norm-person-wrap><norm-person-name>Kseniya Valentinovna Yudaeva</norm-person-name><person-ids><od-auth-id>2112113</od-auth-id><person-perm-id>34417209207</person-perm-id></person-ids><relevancy engine="1C">0.2</relevancy></norm-person-wrap><extr-person>Kseniya Yudaeva</extr-person><extr-person-wrap><extr-person-name>Kseniya Yudaeva</extr-person-name><relevancy engine="1C">0.2</relevancy></extr-person-wrap><eos/><eop/></extr-person-block></extraction-terms></indexing></document></n-docbody>
</n-document>
<n-document guid="I5ea2ffb062c811e5a3e68546a8a21fb1"><n-metadata><metadata.block><md.identifiers><md.cites><md.first.line.cite>9/24/15 NEWS 00:00:00</md.first.line.cite><md.second.line.cite>9/24/15 ARKA News Agency 00:00:00</md.second.line.cite></md.cites><md.uuid>I5ea2ffb062c811e5a3e68546a8a21fb1</md.uuid></md.identifiers><md.infotype>news</md.infotype><md.sortkeys><md.ordersequence>f47363bec</md.ordersequence></md.sortkeys><md.descriptions><md.title>HRAZDAN POWER COMPANY WITHDRAWS STOCK FROM NASDAQ OMX ARMENIA</md.title><md.westlawdescrip><md.readlist>READLIST</md.readlist></md.westlawdescrip></md.descriptions><md.dates><md.publisheddatetime>20150924093705</md.publisheddatetime><md.loaddate>20150924</md.loaddate><md.createddatetime>20150924093705</md.createddatetime></md.dates><md.subjects><md.subject><md.pubtype.name/><md.doctype.name>DNR</md.doctype.name><md.doctype.rank/><md.view>CNGE</md.view><md.view>RGEurope</md.view><md.view>PTNewswires</md.view><md.view>ARKANEWS0063786</md.view><md.view>INALLNEWS_ACTEST</md.view><md.view>INFARNEWS_AC</md.view><md.view>MARKETSEIKON_CN</md.view><md.view>MARKETSEIKON</md.view><md.view>CB_ASIAWIRES</md.view><md.view>INWIRES_AC</md.view><md.view>GULF_INTL</md.view><md.view>ININTNEWS_AC</md.view><md.view>ANZ_INTLOS</md.view><md.view>CLEAR_RF</md.view><md.view>INALLNEWS_AC</md.view><md.view>INNEWSINT_PRO</md.view><md.view>INBUSNEWS</md.view><md.view>INNEWSWORLD_PRO</md.view><md.view>INBUSNEWS_AC</md.view></md.subject></md.subjects><md.jurisdictions><md.jurisdiction><md.jurisstate>FE</md.jurisstate></md.jurisdiction></md.jurisdictions><md.publications><md.publication/><md.sourcepubid>ARKANEWS</md.sourcepubid></md.publications><md.royalty><md.royalty.code>84104</md.royalty.code></md.royalty></metadata.block><news.metadata.block><md.text.preview>STOCK MARKETYEREVAN, September 24. / ARKA /. The Hrazdan Power Company, the only shareholder of which is the Russian energy holding Inter RAO, withdrew its stocks from being traded at NASDAQ OMX Armenia stock exchange on September 23.</md.text.preview></news.metadata.block><newsplus.recommendable>1</newsplus.recommendable><n-view>CNGE</n-view><n-view>RGEurope</n-view><n-view>PTNewswires</n-view><n-view>ARKANEWS0063786</n-view><n-view>INALLNEWS_ACTEST</n-view><n-view>INFARNEWS_AC</n-view><n-view>MARKETSEIKON_CN</n-view><n-view>MARKETSEIKON</n-view><n-view>CB_ASIAWIRES</n-view><n-view>INWIRES_AC</n-view><n-view>GULF_INTL</n-view><n-view>ININTNEWS_AC</n-view><n-view>ANZ_INTLOS</n-view><n-view>CLEAR_RF</n-view><n-view>INALLNEWS_AC</n-view><n-view>INNEWSINT_PRO</n-view><n-view>INBUSNEWS</n-view><n-view>INNEWSWORLD_PRO</n-view><n-view>INBUSNEWS_AC</n-view><prism-stylesheet guid="Ia3024d301b6a11d89fc5f34981d3242f"/><prism-clipdate>20150924093705</prism-clipdate></n-metadata>
<n-docbody><document version="1" collection="D-ARKANEWS-T001" first-load-date="20150924093705" ip-product="ARKANEWS" royalty-id="84104" data-model="text" dtd-version="5.2.29" content-type="news" load-language="en" pnac="nNRA08duu1" pnac-date="20150924T142722.539"><supplier-info><supplier-num nitf="doc-id" nitf-regsrc="ARKA News Agency" type="accession">8c470002e7dac9b8</supplier-num><internal-acc-num db-id="NEPRARKA" type="newz">20150924170.1_V8c470002e7dac9b8</internal-acc-num><rec-status><last-load-date>20150924093705</last-load-date><nitf-date ne="datereceived">20150924T14:27:22Z</nitf-date><nitf-date nitf="date-issue">20150924T00:00:00Z</nitf-date><last-provider-update>20150924142722</last-provider-update></rec-status><supplier-copyright>Copyright Â© 2015 ARKA<copyright-year/><copyright-holder>ARKA</copyright-holder></supplier-copyright><supplier-note nitf="urgency" nitf-ed-urg="4"/><nitf-meta-content name="recommendable">1</nitf-meta-content><nitf-meta-content name="_newsmlg2-hashtype=nr-htype:doc-group-fuzzy">18907|98619|46897|57684|31935|39655|28270|10798|47951|93066|30562|103059|19631|16303|51902|31950|109835|37397|100285|105042|61020|70467|85774|81057|94117|66273|22369|7947|92401|33633|90427|51624|61794|72741|103430|108999|45747|29413|37732|15491|22330|103650|47785|13792|102805|67943|79738|12053|4902|33902|24696|57042|48566|24300|87477|106819|54738|65421|86085|95632|</nitf-meta-content><nitf-meta-content name="_newsmlg2-hashtype=nr-htype:doc-group-content-length">883</nitf-meta-content><nitf-meta-content name="_newsmlg2-hashtype=nr-htype:doc-group-simple">2054b501d97f8449a7a5521e77f0c103aa72caf1</nitf-meta-content><supplier-dtds><dtd dtd-version="working" dtd-date="20150915T00:00:00Z">Canonical Taxonomy</dtd><dtd dtd-version="20150911" dtd-date="20150915T00:00:00Z">Mapping File</dtd></supplier-dtds><copyright-block type="dialog"><service-copyright n-include_guid="Ice671660f30811d88920000083149a14" n-include_collection="D-DIALOGCOPYRIGHTS-T001"/></copyright-block><copyright-block type="west"><service-copyright n-include_guid="I1DA35ED81DD211B281BAD200220BDFCA" n-include_collection="w_wlnv_msg"/></copyright-block><west-citation-block><bop/><first-line-cite><bos/>9/24/15 NEWS 00:00:00<eos/></first-line-cite><second-line-cite><bos/>9/24/15 ARKA News Agency 00:00:00<eos/></second-line-cite><eop/></west-citation-block></supplier-info><title-info iso-language="en"><bop/><title type="headline" nitf-hedline="hl1" key="key-title"><bos/><sort-title>HRAZDAN POWER COMPANY WITHDRAWS STOCK FROM <cite.query w-seq-number="00001" w-ref-type="CO" w-normalized-cite="IB3F93E8029C011DF9BD7C7F341E042AB" ID="Ie7904b1062c911e5ac36f8e0fcd4b843">NASDAQ</cite.query> OMX ARMENIA</sort-title><eos/></title><eop/></title-info><pub-info><journal key="key-journal"><bop/><bos/><sort-journal>ARKA News Agency</sort-journal><eos/><eop/></journal><pub-date key="key-date" iso-time="T00:00:00Z" type="date.publication"><full-pub-date>September 24, 2015</full-pub-date><sort-pub-date>20150924</sort-pub-date><sort-pub-timestamp>20150924000000</sort-pub-timestamp><rank-date>20150924</rank-date><currency-timestamp>20150924000000</currency-timestamp></pub-date><original-pub><language iso-language="en">English</language></original-pub><src-data><src-journal-code>ANPV</src-journal-code><src-pub-code>0063786</src-pub-code><src-pub-type>Newswire</src-pub-type><src-pub-country-wrap><src-pub-country-code>GE</src-pub-country-code><src-pub-country>Georgia CIS</src-pub-country></src-pub-country-wrap><src-pub-region>Europe</src-pub-region></src-data></pub-info><content iso-language="en"><total-char-count>1635</total-char-count><derived-word-count><bop/><bos/>Word Count: 261<eos/><eop/></derived-word-count><text type="lead-para"><p nitf="lede"><bop/><bos/>STOCK MARKET<eos/><eop/></p><p nitf="lede"><bop/><bos/>YEREVAN, September 24. / ARKA /. The Hrazdan Power Company, the only shareholder of which is the Russian energy holding Inter RAO, withdrew its stocks from being traded at <cite.query w-seq-number="00002" w-ref-type="CO" w-normalized-cite="IB3F93E8029C011DF9BD7C7F341E042AB" ID="Ie79999e062c911e5ac36f8e0fcd4b843">NASDAQ</cite.query> OMX Armenia stock exchange on September 23.<eos/><eop/></p></text><text type="body"><p><bop/><bos/>The common nominal stocks issued by <cite.query w-seq-number="00003" w-ref-type="NM" w-normalized-cite="canonical_name::HRAZDAN POWER CO" ID="Ie7bd759062c911e5ac36f8e0fcd4b843">Hrazdan Power Company</cite.query> ojsc (HRPC) were admitted to trading on free C market of <cite.query w-seq-number="00004" w-ref-type="CO" w-normalized-cite="IB3F93E8029C011DF9BD7C7F341E042AB" ID="Ie7bd759162c911e5ac36f8e0fcd4b843">NASDAQ</cite.query> OMX Armenia in 2011 May. <eos/><bos/>A total of 1,597,430 stocks of the company with nominal value of <cite.query w-seq-number="00005" w-ref-type="CO" w-normalized-cite="I27218B6541EC11DDAD6B0014224D2780" ID="Ie7bd759262c911e5ac36f8e0fcd4b843">AMD</cite.query> 10,000 were traded under ticker symbol HRPC. The company told <cite.query w-seq-number="00006" w-ref-type="NM" w-normalized-cite="canonical_name::ARKA" ID="Ie7bd759362c911e5ac36f8e0fcd4b843">ARKA</cite.query> that the move was prompted by additional reporting and high costs. <eos/><bos/>Asked whether the shareholder of the company plans to sell the utility, an official of the company said there were no such plans at the moment.<eos/><eop/></p><p><bop/><bos/>Hrazdan Power Company it is one of the six major energy generating companies in Armenia. <eos/><bos/>In 2014 it accounted for 12.3% of the total electricity produced in the country.<eos/><eop/></p><p><bop/><bos/><cite.query w-seq-number="00007" w-ref-type="CO" w-normalized-cite="IB3F93E8029C011DF9BD7C7F341E042AB" ID="Ie7d2d25062c911e5ac36f8e0fcd4b843">NASDAQ</cite.query> OMX Armenia is the new name of the <cite.query w-seq-number="00008" w-ref-type="CO" w-normalized-cite="IFC75AA8441EC11DDAD6B0014224D2780" ID="Ie7d2d25162c911e5ac36f8e0fcd4b843">Armenian Stock Exchange</cite.query> ojsc (renamed on January 27, 2009), however, it is also used to refer jointly to the stock exchange and the Central Depository of Armenia ojsc (CDA), as the both companies have been members of the <cite.query w-seq-number="00009" w-ref-type="CO" w-normalized-cite="I259E58B041EA11DDAD6B0014224D2780" ID="Ie7d2d25262c911e5ac36f8e0fcd4b843">NASDAQ OMX Group, Inc.</cite.query> since early 2008.<eos/><eop/></p><p><bop/><bos/><cite.query w-seq-number="00010" w-ref-type="CO" w-normalized-cite="IB3F93E8029C011DF9BD7C7F341E042AB" ID="Ie7ef821062c911e5ac36f8e0fcd4b843">NASDAQ</cite.query> OMX Armenia and the <cite.query w-seq-number="00011" w-ref-type="MM" w-normalized-cite="canonical_name::CDA" ID="Ie7ef821162c911e5ac36f8e0fcd4b843">CDA</cite.query> are the major securities market infrastructure institutions in Armenia. <eos/><bos/>Since their inception in 2000, both companies had operated as self-regulatory organizations established by member broker companies, up until demutualization in 2007. <eos/><bos/><cite.query w-seq-number="00012" w-ref-type="CO" w-normalized-cite="IB3F93E8029C011DF9BD7C7F341E042AB" ID="Ie7ef821262c911e5ac36f8e0fcd4b843">NASDAQ</cite.query> OMX Armenia is a part of the world&apos;s largest exchange company, the <cite.query w-seq-number="00013" w-ref-type="CO" w-normalized-cite="I259E58B041EA11DDAD6B0014224D2780" ID="Ie7ef821362c911e5ac36f8e0fcd4b843">NASDAQ OMX Group, Inc.</cite.query> In late June there were 16 companies listed at Nasadaq OMX Armenia.-0-<eos/><eop/></p></text></content><indexing iso-language="en" value-add="machine-generated"><classification-terms><pres-location-block><bop/><bos/><pres-location-wrap><pres-location>Armenia</pres-location><pres-location-code>ISOAM</pres-location-code><alt1-location-code>1AR09</alt1-location-code></pres-location-wrap><pres-location-wrap><pres-location>CIS Countries</pres-location><pres-location-code>CISSTAT</pres-location-code><alt1-location-code>1CI64</alt1-location-code></pres-location-wrap><pres-location-wrap><pres-location>Eastern Europe</pres-location><pres-location-code>GEOEEUR</pres-location-code><alt1-location-code>1EA48</alt1-location-code></pres-location-wrap><pres-location-wrap><pres-location>Europe</pres-location><pres-location-code>GEOEUR</pres-location-code><alt1-location-code>1EU83</alt1-location-code></pres-location-wrap><eos/><eop/></pres-location-block></classification-terms><classification-terms><pres-subject-block><bop/><bos/><pres-subject-wrap><pres-subject>CIS</pres-subject><pres-subject-code>GEOCIS</pres-subject-code><alt1-subject-code>1CI65</alt1-subject-code></pres-subject-wrap><pres-subject-wrap><pres-subject>Economics &amp; Trade</pres-subject><pres-subject-code>TRADE</pres-subject-code><alt1-subject-code>1EC26</alt1-subject-code></pres-subject-wrap><pres-subject-wrap><pres-subject>Equity Instruments</pres-subject><pres-subject-code>STOCKINS</pres-subject-code><alt1-subject-code>1EQ90</alt1-subject-code></pres-subject-wrap><pres-subject-wrap><pres-subject>Exchange Listings &amp; Delistings</pres-subject><pres-subject-code>DELIST</pres-subject-code><alt1-subject-code>1EX12</alt1-subject-code></pres-subject-wrap><pres-subject-wrap><pres-subject>Financial Markets</pres-subject><pres-subject-code>BOURSE</pres-subject-code><alt1-subject-code>1FI87</alt1-subject-code></pres-subject-wrap><pres-subject-wrap><pres-subject>Funding Instruments</pres-subject><pres-subject-code>INVSTING</pres-subject-code><alt1-subject-code>1FU41</alt1-subject-code></pres-subject-wrap><pres-subject-wrap><pres-subject>Stock Markets</pres-subject><pres-subject-code>STOKMRKT</pres-subject-code><alt1-subject-code>1ST45</alt1-subject-code></pres-subject-wrap><pres-subject-wrap><pres-subject>World Organizations</pres-subject><pres-subject-code>GEOORGS</pres-subject-code><alt1-subject-code>1IN77</alt1-subject-code></pres-subject-wrap><eos/><eop/></pres-subject-block><pres-industry-block><bop/><bos/><pres-industry-wrap><pres-industry>Financial Services</pres-industry><pres-industry-code>FINSVC</pres-industry-code><alt1-industry-code>1FI37</alt1-industry-code></pres-industry-wrap><pres-industry-wrap><pres-industry>Investment Management</pres-industry><pres-industry-code>INVSTMAN</pres-industry-code><alt1-industry-code>1IN34</alt1-industry-code></pres-industry-wrap><pres-industry-wrap><pres-industry>Securities Investment</pres-industry><pres-industry-code>PTSECUR</pres-industry-code><alt1-industry-code>1SE57</alt1-industry-code></pres-industry-wrap><pres-industry-wrap><pres-industry>Stocks</pres-industry><pres-industry-code>EQUITIES</pres-industry-code><alt1-industry-code>1EQ09</alt1-industry-code></pres-industry-wrap><pres-industry-wrap><pres-industry>U.S. Securities &amp; Exchange Commission</pres-industry><pres-industry-code>SECNEWS</pres-industry-code><alt1-industry-code>1US50</alt1-industry-code></pres-industry-wrap><eos/><eop/></pres-industry-block></classification-terms><classification-terms><rcs-block><rcs>B:126</rcs><rcs>E:6</rcs><rcs>B:125</rcs><rcs>E:5</rcs><rcs>G:B2</rcs><rcs>G:7I</rcs><rcs>G:Y</rcs><rcs>E:5G</rcs><rcs>B:130</rcs><rcs>G:B</rcs><rcs>G:A</rcs><rcs>A:1</rcs><rcs>G:AJ</rcs><rcs>M:DU</rcs></rcs-block></classification-terms><extraction-terms><extr-company-block><bop/><bos/><norm-company oa-id="4295867677">ALPES SA</norm-company><norm-company-wrap occur-sequence="11"><norm-company-name>ALPES SA</norm-company-name><company-ids><oa-id>4295867677</oa-id><ric norm="CDAF.PA">CDAF.PA</ric></company-ids><company-classification><trbc-wrap><trbc type="RCS">B:1419</trbc><trbc type="2012">5330104010</trbc><trbc type="perm-id">4294951582</trbc></trbc-wrap></company-classification><relevancy engine="1C">0.2</relevancy><confidence engine="1C">0.92</confidence></norm-company-wrap><norm-company oa-id="5000143907">NASDAQ OMX ARMENIA OPEN JSK</norm-company><norm-company-wrap occur-sequence="2,4,6,8,10,12"><norm-company-name>NASDAQ OMX ARMENIA OPEN JSK</norm-company-name><company-ids><oa-id>5000143907</oa-id></company-ids><relevancy engine="1C">0.8</relevancy><confidence engine="1C">0.97</confidence></norm-company-wrap><norm-company oa-id="8589934167">NASDAQ OMX GROUP INC (THE)</norm-company><norm-company-wrap occur-sequence="9,13"><norm-company-name>NASDAQ OMX GROUP INC (THE)</norm-company-name><company-ids><oa-id>8589934167</oa-id><ric norm="NDAQ.OQ">NDAQ.OQ</ric></company-ids><company-classification><trbc-wrap><trbc type="RCS">B:1648</trbc><trbc type="2012">5510205010</trbc><trbc type="perm-id">4294951353</trbc></trbc-wrap></company-classification><relevancy engine="1C">0.2</relevancy><confidence engine="1C">0.99</confidence></norm-company-wrap><norm-company oa-id="4298544799">HRAZDAN POWER COMPANY OJSC</norm-company><norm-company-wrap occur-sequence="1,3,5,7"><norm-company-name>HRAZDAN POWER COMPANY OJSC</norm-company-name><company-ids><oa-id>4298544799</oa-id></company-ids><relevancy engine="1C">0.8</relevancy><confidence engine="1C">0.91</confidence></norm-company-wrap><eos/><eop/></extr-company-block></extraction-terms></indexing></document></n-docbody>
</n-document>
<n-document guid="Ib5431470620c11e5b236d8a75e29a549"><n-metadata><metadata.block><md.identifiers><md.cites><md.first.line.cite>9/23/15 NEWS 00:00:00</md.first.line.cite><md.second.line.cite>9/23/15 ARKA News Agency 00:00:00</md.second.line.cite></md.cites><md.uuid>Ib5431470620c11e5b236d8a75e29a549</md.uuid></md.identifiers><md.infotype>news</md.infotype><md.sortkeys><md.ordersequence>f47363bec</md.ordersequence></md.sortkeys><md.descriptions><md.title>VTB BANK (ARMENIA) AND MASTERCARD ANNOUNCE FLY TO RIO CONTEST</md.title><md.westlawdescrip><md.readlist>READLIST</md.readlist></md.westlawdescrip></md.descriptions><md.dates><md.publisheddatetime>20150923111311</md.publisheddatetime><md.loaddate>20150923</md.loaddate><md.createddatetime>20150923111311</md.createddatetime></md.dates><md.subjects><md.subject><md.pubtype.name/><md.doctype.name>DNR</md.doctype.name><md.doctype.rank/><md.view>CNGE</md.view><md.view>RGEurope</md.view><md.view>PTNewswires</md.view><md.view>ARKANEWS0063786</md.view><md.view>INALLNEWS_ACTEST</md.view><md.view>INFARNEWS_AC</md.view><md.view>MARKETSEIKON_CN</md.view><md.view>MARKETSEIKON</md.view><md.view>CB_ASIAWIRES</md.view><md.view>INWIRES_AC</md.view><md.view>GULF_INTL</md.view><md.view>ININTNEWS_AC</md.view><md.view>ANZ_INTLOS</md.view><md.view>CLEAR_RF</md.view><md.view>INALLNEWS_AC</md.view><md.view>INNEWSINT_PRO</md.view><md.view>INBUSNEWS</md.view><md.view>INNEWSWORLD_PRO</md.view><md.view>INBUSNEWS_AC</md.view></md.subject></md.subjects><md.jurisdictions><md.jurisdiction><md.jurisstate>FE</md.jurisstate></md.jurisdiction></md.jurisdictions><md.publications><md.publication/><md.sourcepubid>ARKANEWS</md.sourcepubid></md.publications><md.royalty><md.royalty.code>84104</md.royalty.code></md.royalty></metadata.block><news.metadata.block><md.text.preview>BANKING NEWSYEREVAN, September 23. / ARKA /. VTB Bank (Armenia) and MasterCard international payment system have announced today the launch of &quot;Fly to Rio&quot; contest, designed for customers who use very actively their banking cards. The contest</md.text.preview></news.metadata.block><newsplus.recommendable>1</newsplus.recommendable><n-view>CNGE</n-view><n-view>RGEurope</n-view><n-view>PTNewswires</n-view><n-view>ARKANEWS0063786</n-view><n-view>INALLNEWS_ACTEST</n-view><n-view>INFARNEWS_AC</n-view><n-view>MARKETSEIKON_CN</n-view><n-view>MARKETSEIKON</n-view><n-view>CB_ASIAWIRES</n-view><n-view>INWIRES_AC</n-view><n-view>GULF_INTL</n-view><n-view>ININTNEWS_AC</n-view><n-view>ANZ_INTLOS</n-view><n-view>CLEAR_RF</n-view><n-view>INALLNEWS_AC</n-view><n-view>INNEWSINT_PRO</n-view><n-view>INBUSNEWS</n-view><n-view>INNEWSWORLD_PRO</n-view><n-view>INBUSNEWS_AC</n-view><prism-stylesheet guid="Ia3024d301b6a11d89fc5f34981d3242f"/><prism-clipdate>20150923111311</prism-clipdate></n-metadata>
<n-docbody><document version="1" collection="D-ARKANEWS-T001" first-load-date="20150923111311" ip-product="ARKANEWS" royalty-id="84104" data-model="text" dtd-version="5.2.29" content-type="news" load-language="en" pnac="nNRA088s0m" pnac-date="20150923T160402.487"><supplier-info><supplier-num nitf="doc-id" nitf-regsrc="ARKA News Agency" type="accession">27770004045737a4</supplier-num><internal-acc-num db-id="NEPRARKA" type="newz">20150923170.1_V27770004045737a4</internal-acc-num><rec-status><last-load-date>20150923111311</last-load-date><nitf-date ne="datereceived">20150923T16:04:02Z</nitf-date><nitf-date nitf="date-issue">20150923T00:00:00Z</nitf-date><last-provider-update>20150923160402</last-provider-update></rec-status><supplier-copyright>Copyright Â© 2015 ARKA<copyright-year/><copyright-holder>ARKA</copyright-holder></supplier-copyright><supplier-note nitf="urgency" nitf-ed-urg="4"/><nitf-meta-content name="recommendable">1</nitf-meta-content><nitf-meta-content name="_newsmlg2-hashtype=nr-htype:doc-group-fuzzy">112592|92714|98619|25802|64748|90170|95782|31935|37555|70707|2272|50200|17522|746|55954|65758|68830|5213|75436|10183|76539|103150|46139|11261|27585|23483|74102|41612|82871|82868|58502|37570|68444|36641|108407|59907|48175|35656|25594|74482|16798|55754|74929|7765|32832|97181|53149|11667|38192|7947|43115|72292|1313|22415|13986|27574|35013|103496|93439|63698|</nitf-meta-content><nitf-meta-content name="_newsmlg2-hashtype=nr-htype:doc-group-content-length">1151</nitf-meta-content><nitf-meta-content name="_newsmlg2-hashtype=nr-htype:doc-group-simple">-3b5c2e864e05b9415146bd98faa1ae910ff0224f</nitf-meta-content><supplier-dtds><dtd dtd-version="working" dtd-date="20150915T00:00:00Z">Canonical Taxonomy</dtd><dtd dtd-version="20150911" dtd-date="20150915T00:00:00Z">Mapping File</dtd></supplier-dtds><copyright-block type="dialog"><service-copyright n-include_guid="Ice671660f30811d88920000083149a14" n-include_collection="D-DIALOGCOPYRIGHTS-T001"/></copyright-block><copyright-block type="west"><service-copyright n-include_guid="I1DA35ED81DD211B281BAD200220BDFCA" n-include_collection="w_wlnv_msg"/></copyright-block><west-citation-block><bop/><first-line-cite><bos/>9/23/15 NEWS 00:00:00<eos/></first-line-cite><second-line-cite><bos/>9/23/15 ARKA News Agency 00:00:00<eos/></second-line-cite><eop/></west-citation-block></supplier-info><title-info iso-language="en"><bop/><title type="headline" nitf-hedline="hl1" key="key-title"><bos/><sort-title><cite.query w-seq-number="00001" w-ref-type="CO" w-normalized-cite="IB9397CB0D0D811DF98F8FD3889AD24A2" ID="I242d7050620e11e584a7a10e2806c44a">VTB BANK</cite.query> (ARMENIA) AND <cite.query w-seq-number="00002" w-ref-type="MM" w-normalized-cite="canonical_name::MASTERCARD" ID="I242d7051620e11e584a7a10e2806c44a">MASTERCARD</cite.query> ANNOUNCE FLY TO RIO CONTEST</sort-title><eos/></title><eop/></title-info><pub-info><journal key="key-journal"><bop/><bos/><sort-journal>ARKA News Agency</sort-journal><eos/><eop/></journal><pub-date key="key-date" iso-time="T00:00:00Z" type="date.publication"><full-pub-date>September 23, 2015</full-pub-date><sort-pub-date>20150923</sort-pub-date><sort-pub-timestamp>20150923000000</sort-pub-timestamp><rank-date>20150923</rank-date><currency-timestamp>20150923000000</currency-timestamp></pub-date><original-pub><language iso-language="en">English</language></original-pub><src-data><src-journal-code>ANPV</src-journal-code><src-pub-code>0063786</src-pub-code><src-pub-type>Newswire</src-pub-type><src-pub-country-wrap><src-pub-country-code>GE</src-pub-country-code><src-pub-country>Georgia CIS</src-pub-country></src-pub-country-wrap><src-pub-region>Europe</src-pub-region></src-data></pub-info><content iso-language="en"><total-char-count>1896</total-char-count><derived-word-count><bop/><bos/>Word Count: 304<eos/><eop/></derived-word-count><text type="lead-para"><p nitf="lede"><bop/><bos/>BANKING NEWS<eos/><eop/></p><p nitf="lede"><bop/><bos/>YEREVAN, September 23. / ARKA /. VTB Bank (Armenia) and <cite.query w-seq-number="00003" w-ref-type="MM" w-normalized-cite="canonical_name::MASTERCARD" ID="I243cd9a0620e11e584a7a10e2806c44a">MasterCard</cite.query> international payment system have announced today the launch of &quot;Fly to Rio&quot; contest, designed for customers who use very actively their banking cards. <eos/><bos/>The contest features a televised drawing of prizes, <cite.query w-seq-number="00004" w-ref-type="WC" w-normalized-cite="IF40B3643453D11DD94140014224D2780" ID="I243cd9a1620e11e584a7a10e2806c44a">VTB Bank (Armenia</cite.query>) said in a press release.<eos/><eop/></p></text><text type="body"><p><bop/><bos/>The contest is open to holders of Cirrus/Maestro(r) and <cite.query w-seq-number="00005" w-ref-type="MM" w-normalized-cite="canonical_name::MASTERCARD" ID="I24565510620e11e584a7a10e2806c44a">MasterCard</cite.query>(r) cards, issued by <cite.query w-seq-number="00006" w-ref-type="CO" w-normalized-cite="IB9397CB0D0D811DF98F8FD3889AD24A2" ID="I24565511620e11e584a7a10e2806c44a">VTB Bank</cite.query> (Armenia).<eos/><bos/> Customers who will obtain these cards during the contest duration are also eligible, it said.<eos/><eop/></p><p><bop/><bos/>All those who will use their cards from September 20 to December 31, 2015 to pay for purchases in Armenia and abroad (including online purchases) for a total amount of 300,000 drams and more will get an opportunity to win one of the great prizes - 5 smart watches costing each 300,000 drams each, or the grand prize - a trip for two to Rio De Janeiro to attend the <cite.query w-seq-number="00007" w-ref-type="CO" w-normalized-cite="I2E768770E2C811DE916D8A11856AA63E" ID="I245c4880620e11e584a7a10e2806c44a">Carnival</cite.query> 2016, held annually in February, which is the midst of the Brazilian summer and lasts 4 days and 4 nights. <eos/><bos/>The televised drawing of prizes will take place in January 2016.<eos/><eop/></p><p><bop/><bos/>&apos;<cite.query w-seq-number="00008" w-ref-type="MM" w-normalized-cite="canonical_name::MASTERCARD" ID="I246681b0620e11e584a7a10e2806c44a">MasterCard</cite.query> is a leader in global payment industry. <eos/><bos/>We have good cooperation with it and this is not our first joint incentive campaign that finds a positive response among our customers &quot;, VTB Bank (Armenia) CEO Yuri Gusev said.<eos/><eop/></p><p><bop/><bos/>He said non-cash payments by using <cite.query w-seq-number="00009" w-ref-type="MM" w-normalized-cite="canonical_name::MASTERCARD" ID="I24706cc0620e11e584a7a10e2806c44a">MasterCard</cite.query> cards is not only safe and comfortable; customers get also the opportunity to win prizes, including the grand prize and spend an unforgettable time in Rio de Janeiro.<eos/><eop/></p><p><bop/><bos/><cite.query w-seq-number="00010" w-ref-type="MM" w-normalized-cite="canonical_name::MASTERCARD" ID="I248a3650620e11e584a7a10e2806c44a">MasterCard</cite.query>&apos;s managing director for Armenia, Belarus and <cite.query w-seq-number="00011" w-ref-type="NM" w-normalized-cite="canonical_name::KAZAKHSTAN ALEXANDER DUNAYEV" ID="I248a3651620e11e584a7a10e2806c44a">Kazakhstan Alexander Dunayev</cite.query> said together with VTB Bank (Armenia) they prepared wonderful prizes for all <cite.query w-seq-number="00012" w-ref-type="MM" w-normalized-cite="canonical_name::MASTERCARD" ID="I248a3652620e11e584a7a10e2806c44a">MasterCard</cite.query> cardholders, and will follow closely and with interest the development of the contest.<eos/><eop/></p><p><bop/><bos/>VTB Bank (Armenia) is owned wholly by <cite.query w-seq-number="00013" w-ref-type="NM" w-normalized-cite="canonical_name::RUSSIAN VTB BANK" ID="I2493ac30620e11e584a7a10e2806c44a">Russian VTB Bank</cite.query>. <eos/><bos/>It has 67 branches across Armenia, more than any other local bank.-0-<eos/><eop/></p></text></content><indexing iso-language="en" value-add="machine-generated"><classification-terms><pres-location-block><bop/><bos/><pres-location-wrap><pres-location>Americas</pres-location><pres-location-code>GEOAMER</pres-location-code><alt1-location-code>1AM92</alt1-location-code></pres-location-wrap><pres-location-wrap><pres-location>Armenia</pres-location><pres-location-code>ISOAM</pres-location-code><alt1-location-code>1AR09</alt1-location-code></pres-location-wrap><pres-location-wrap><pres-location>Brazil</pres-location><pres-location-code>ISOBR</pres-location-code><alt1-location-code>1BR84</alt1-location-code></pres-location-wrap><pres-location-wrap><pres-location>CIS Countries</pres-location><pres-location-code>CISSTAT</pres-location-code><alt1-location-code>1CI64</alt1-location-code></pres-location-wrap><pres-location-wrap><pres-location>Eastern Europe</pres-location><pres-location-code>GEOEEUR</pres-location-code><alt1-location-code>1EA48</alt1-location-code></pres-location-wrap><pres-location-wrap><pres-location>Europe</pres-location><pres-location-code>GEOEUR</pres-location-code><alt1-location-code>1EU83</alt1-location-code></pres-location-wrap><pres-location-wrap><pres-location>Latin America</pres-location><pres-location-code>GEOLATAM</pres-location-code><alt1-location-code>1LA15</alt1-location-code></pres-location-wrap><pres-location-wrap><pres-location>South America</pres-location><pres-location-code>GEOSAMR</pres-location-code><alt1-location-code>1SO03</alt1-location-code></pres-location-wrap><eos/><eop/></pres-location-block></classification-terms><classification-terms><pres-subject-block><bop/><bos/><pres-subject-wrap><pres-subject>CIS</pres-subject><pres-subject-code>GEOCIS</pres-subject-code><alt1-subject-code>1CI65</alt1-subject-code></pres-subject-wrap><pres-subject-wrap><pres-subject>Emerging Market Countries</pres-subject><pres-subject-code>EMERGING</pres-subject-code><alt1-subject-code>1EM65</alt1-subject-code></pres-subject-wrap><pres-subject-wrap><pres-subject>World Organizations</pres-subject><pres-subject-code>GEOORGS</pres-subject-code><alt1-subject-code>1IN77</alt1-subject-code></pres-subject-wrap><eos/><eop/></pres-subject-block><pres-industry-block><bop/><bos/><pres-industry-wrap><pres-industry>Banking</pres-industry><pres-industry-code>BANKOVER</pres-industry-code><alt1-industry-code>1BA20</alt1-industry-code></pres-industry-wrap><pres-industry-wrap><pres-industry>Credit, Debit &amp; Value Cards</pres-industry><pres-industry-code>CCARDS</pres-industry-code><alt1-industry-code>1CR28</alt1-industry-code></pres-industry-wrap><pres-industry-wrap><pres-industry>Debit Cards</pres-industry><pres-industry-code>DEBCARDS</pres-industry-code><alt1-industry-code>1DE11</alt1-industry-code></pres-industry-wrap><pres-industry-wrap><pres-industry>E-Commerce Technology</pres-industry><pres-industry-code>INETCMRC</pres-industry-code><alt1-industry-code>1EC54</alt1-industry-code></pres-industry-wrap><pres-industry-wrap><pres-industry>Electronic Bill Payment</pres-industry><pres-industry-code>EBILLS</pres-industry-code><alt1-industry-code>1EL93</alt1-industry-code></pres-industry-wrap><pres-industry-wrap><pres-industry>Financial Services</pres-industry><pres-industry-code>FINSVC</pres-industry-code><alt1-industry-code>1FI37</alt1-industry-code></pres-industry-wrap><pres-industry-wrap><pres-industry>I.T.</pres-industry><pres-industry-code>ITOVER</pres-industry-code><alt1-industry-code>1IT96</alt1-industry-code></pres-industry-wrap><pres-industry-wrap><pres-industry>Press Releases</pres-industry><pres-industry-code>ANNOUNCE</pres-industry-code><alt1-industry-code>1PR19</alt1-industry-code></pres-industry-wrap><pres-industry-wrap><pres-industry>Retail Banking Services</pres-industry><pres-industry-code>RTBNKOVR</pres-industry-code><alt1-industry-code>1RE38</alt1-industry-code></pres-industry-wrap><eos/><eop/></pres-industry-block></classification-terms><classification-terms><rcs-block><rcs>B:126</rcs><rcs>G:4</rcs><rcs>B:125</rcs><rcs>B:128</rcs><rcs>G:B2</rcs><rcs>B:127</rcs><rcs>G:7I</rcs><rcs>G:Y</rcs><rcs>M:NL</rcs><rcs>B:161</rcs><rcs>G:B</rcs><rcs>M:32</rcs><rcs>G:A</rcs><rcs>G:G</rcs><rcs>G:26</rcs><rcs>B:129</rcs><rcs>G:AJ</rcs><rcs>M:DU</rcs><rcs>G:1</rcs></rcs-block></classification-terms><extraction-terms><extr-company-block><bop/><bos/><norm-company oa-id="4295887248">VTB BANK (OPEN JOINT STOCK COMPANY)</norm-company><norm-company-wrap occur-sequence="1,3,5,7,9,12,14"><norm-company-name>VTB BANK (OPEN JOINT STOCK COMPANY)</norm-company-name><company-ids><oa-id>4295887248</oa-id><ric norm="VTBR.MMO">VTBR.MMO</ric></company-ids><company-classification><trbc-wrap><trbc type="RCS">B:1615</trbc><trbc type="2012">5510101010</trbc><trbc type="perm-id">4294951386</trbc></trbc-wrap></company-classification><relevancy engine="1C">0.8</relevancy><confidence engine="1C">0.96</confidence></norm-company-wrap><norm-company oa-id="4295902520">MASTERCARD INC</norm-company><norm-company-wrap occur-sequence="2,4,6,8,10,11,13"><norm-company-name>MASTERCARD INC</norm-company-name><company-ids><oa-id>4295902520</oa-id><ric norm="MA.N">MA.N</ric></company-ids><company-classification><trbc-wrap><trbc type="RCS">B:1236</trbc><trbc type="2012">5220304027</trbc><trbc type="perm-id">4294951765</trbc></trbc-wrap></company-classification><relevancy engine="1C">0.8</relevancy><confidence engine="1C">0.99</confidence></norm-company-wrap><eos/><eop/></extr-company-block></extraction-terms><extraction-terms><extr-person-block><bop/><bos/><extr-person>Yuri Gusev</extr-person><extr-person-wrap><extr-person-name>Yuri Gusev</extr-person-name><relevancy engine="1C">0.2</relevancy></extr-person-wrap><extr-person>Alexander Dunayev</extr-person><extr-person-wrap><extr-person-name>Alexander Dunayev</extr-person-name><relevancy engine="1C">0.2</relevancy></extr-person-wrap><eos/><eop/></extr-person-block></extraction-terms></indexing></document></n-docbody>
</n-document>
<n-document guid="I32150dc0611b11e59fed97f3b3520f3d"><n-metadata><metadata.block><md.identifiers><md.cites><md.first.line.cite>9/22/15 NEWS 00:00:00</md.first.line.cite><md.second.line.cite>9/22/15 ARKA News Agency 00:00:00</md.second.line.cite></md.cites><md.uuid>I32150dc0611b11e59fed97f3b3520f3d</md.uuid></md.identifiers><md.infotype>news</md.infotype><md.sortkeys><md.ordersequence>f47363bec</md.ordersequence></md.sortkeys><md.descriptions><md.title>IPHONE 6S AND 6S PLUS TO GO ON SALE SEPTEMBER 25</md.title><md.westlawdescrip><md.readlist>READLIST</md.readlist></md.westlawdescrip></md.descriptions><md.dates><md.publisheddatetime>20150922062315</md.publisheddatetime><md.loaddate>20150922</md.loaddate><md.createddatetime>20150922062315</md.createddatetime></md.dates><md.subjects><md.subject><md.pubtype.name/><md.doctype.name>DNR</md.doctype.name><md.doctype.rank/><md.view>CNGE</md.view><md.view>RGEurope</md.view><md.view>PTNewswires</md.view><md.view>ARKANEWS0063786</md.view><md.view>INALLNEWS_ACTEST</md.view><md.view>INFARNEWS_AC</md.view><md.view>MARKETSEIKON_CN</md.view><md.view>MARKETSEIKON</md.view><md.view>CB_ASIAWIRES</md.view><md.view>INWIRES_AC</md.view><md.view>GULF_INTL</md.view><md.view>ININTNEWS_AC</md.view><md.view>ANZ_INTLOS</md.view><md.view>CLEAR_RF</md.view><md.view>INALLNEWS_AC</md.view><md.view>INNEWSINT_PRO</md.view><md.view>INBUSNEWS</md.view><md.view>INNEWSWORLD_PRO</md.view><md.view>INBUSNEWS_AC</md.view></md.subject></md.subjects><md.jurisdictions><md.jurisdiction><md.jurisstate>FE</md.jurisstate></md.jurisdiction></md.jurisdictions><md.publications><md.publication/><md.sourcepubid>ARKANEWS</md.sourcepubid></md.publications><md.royalty><md.royalty.code>84104</md.royalty.code></md.royalty></metadata.block><news.metadata.block><md.text.preview>INFORMATION TECHNOLOGIESYEREVAN, September 22. / ARKA /. Apple&apos;s new iPhones are set to go on sale on Friday - but the first ones will probably go to people who joined the queue long before then, The Guardian reports.</md.text.preview></news.metadata.block><newsplus.recommendable>1</newsplus.recommendable><n-view>CNGE</n-view><n-view>RGEurope</n-view><n-view>PTNewswires</n-view><n-view>ARKANEWS0063786</n-view><n-view>INALLNEWS_ACTEST</n-view><n-view>INFARNEWS_AC</n-view><n-view>MARKETSEIKON_CN</n-view><n-view>MARKETSEIKON</n-view><n-view>CB_ASIAWIRES</n-view><n-view>INWIRES_AC</n-view><n-view>GULF_INTL</n-view><n-view>ININTNEWS_AC</n-view><n-view>ANZ_INTLOS</n-view><n-view>CLEAR_RF</n-view><n-view>INALLNEWS_AC</n-view><n-view>INNEWSINT_PRO</n-view><n-view>INBUSNEWS</n-view><n-view>INNEWSWORLD_PRO</n-view><n-view>INBUSNEWS_AC</n-view><prism-stylesheet guid="Ia3024d301b6a11d89fc5f34981d3242f"/><prism-clipdate>20150922062315</prism-clipdate></n-metadata>
<n-docbody><document version="1" collection="D-ARKANEWS-T001" first-load-date="20150922062315" ip-product="ARKANEWS" royalty-id="84104" data-model="text" dtd-version="5.2.29" content-type="news" load-language="en" pnac="nNRA081xdm" pnac-date="20150922T111513.692"><supplier-info><supplier-num nitf="doc-id" nitf-regsrc="ARKA News Agency" type="accession">196300023547da7a</supplier-num><internal-acc-num db-id="NEPRARKA" type="newz">20150922170.1_V196300023547da7a</internal-acc-num><rec-status><last-load-date>20150922062315</last-load-date><nitf-date ne="datereceived">20150922T11:15:13Z</nitf-date><nitf-date nitf="date-issue">20150922T00:00:00Z</nitf-date><last-provider-update>20150922111513</last-provider-update></rec-status><supplier-copyright>Copyright Â© 2015 ARKA<copyright-year/><copyright-holder>ARKA</copyright-holder></supplier-copyright><supplier-note nitf="urgency" nitf-ed-urg="4"/><nitf-meta-content name="recommendable">1</nitf-meta-content><nitf-meta-content name="_newsmlg2-hashtype=nr-htype:doc-group-fuzzy">21179|98619|32701|36493|57786|25082|30995|31564|62179|5344|38305|58280|112060|20185|85229|102966|19059|85094|12568|65371|36304|92287|105042|45876|54934|85653|103027|14470|26613|12559|65590|91326|20269|72199|65372|82823|3165|96586|83139|25234|66266|103215|104170|14581|103566|68087|89558|70328|74975|60006|56944|98733|35269|66908|85986|25590|4067|9403|104980|19385|</nitf-meta-content><nitf-meta-content name="_newsmlg2-hashtype=nr-htype:doc-group-content-length">809</nitf-meta-content><nitf-meta-content name="_newsmlg2-hashtype=nr-htype:doc-group-simple">6512d420e504196603e47273b8b8b52f27c35c28</nitf-meta-content><supplier-dtds><dtd dtd-version="working" dtd-date="20150915T00:00:00Z">Canonical Taxonomy</dtd><dtd dtd-version="20150911" dtd-date="20150915T00:00:00Z">Mapping File</dtd></supplier-dtds><copyright-block type="dialog"><service-copyright n-include_guid="Ice671660f30811d88920000083149a14" n-include_collection="D-DIALOGCOPYRIGHTS-T001"/></copyright-block><copyright-block type="west"><service-copyright n-include_guid="I1DA35ED81DD211B281BAD200220BDFCA" n-include_collection="w_wlnv_msg"/></copyright-block><west-citation-block><bop/><first-line-cite><bos/>9/22/15 NEWS 00:00:00<eos/></first-line-cite><second-line-cite><bos/>9/22/15 ARKA News Agency 00:00:00<eos/></second-line-cite><eop/></west-citation-block></supplier-info><title-info iso-language="en"><bop/><title type="headline" nitf-hedline="hl1" key="key-title"><bos/><sort-title>IPHONE 6S AND 6S PLUS TO GO ON SALE SEPTEMBER 25</sort-title><eos/></title><eop/></title-info><pub-info><journal key="key-journal"><bop/><bos/><sort-journal>ARKA News Agency</sort-journal><eos/><eop/></journal><pub-date key="key-date" iso-time="T00:00:00Z" type="date.publication"><full-pub-date>September 22, 2015</full-pub-date><sort-pub-date>20150922</sort-pub-date><sort-pub-timestamp>20150922000000</sort-pub-timestamp><rank-date>20150922</rank-date><currency-timestamp>20150922000000</currency-timestamp></pub-date><original-pub><language iso-language="en">English</language></original-pub><src-data><src-journal-code>ANPV</src-journal-code><src-pub-code>0063786</src-pub-code><src-pub-type>Newswire</src-pub-type><src-pub-country-wrap><src-pub-country-code>GE</src-pub-country-code><src-pub-country>Georgia CIS</src-pub-country></src-pub-country-wrap><src-pub-region>Europe</src-pub-region></src-data></pub-info><content iso-language="en"><total-char-count>1387</total-char-count><derived-word-count><bop/><bos/>Word Count: 227<eos/><eop/></derived-word-count><text type="lead-para"><p nitf="lede"><bop/><bos/><cite.query w-seq-number="00001" w-ref-type="WC" w-normalized-cite="I76DF065242BE11DDA1BC0014224D2780" ID="I772c03e0611c11e5afdb8b819c93ac15">INFORMATION TECHNOLOGIES</cite.query><eos/><eop/></p><p nitf="lede"><bop/><bos/>YEREVAN, September 22. / ARKA /. <cite.query w-seq-number="00002" w-ref-type="MM" w-normalized-cite="canonical_name::APPLE" ID="I773356e0611c11e5afdb8b819c93ac15">Apple</cite.query>&apos;s new iPhones are set to go on sale on Friday - but the first ones will probably go to people who joined the queue long before then, The Guardian reports.<eos/><eop/></p></text><text type="body"><p><bop/><bos/>All of the iPhone 6s and 6s Plus models will be available at 8am local time on September 25.<eos/><eop/></p><p><bop/><bos/><cite.query w-seq-number="00003" w-ref-type="MM" w-normalized-cite="canonical_name::APPLE" ID="I773b4620611c11e5afdb8b819c93ac15">Apple</cite.query> has said that stores &quot;will have the new iPhones available for walk-in customers&quot;, but that they are &quot;encouraged to arrive early&quot;.<eos/><bos/> Phones can also be reserved from the website and then picked up in store.<eos/><eop/></p><p><bop/><bos/>Some models already have a long wait on <cite.query w-seq-number="00004" w-ref-type="MM" w-normalized-cite="canonical_name::APPLE" ID="I77433560611c11e5afdb8b819c93ac15">Apple</cite.query>&apos;s online store. <eos/><bos/>Many models of the iPhone 6s Plus in particular are unavailable, with waits of three to four weeks.<eos/><eop/></p><p><bop/><bos/>In the first quarter of 2015, <cite.query w-seq-number="00005" w-ref-type="MM" w-normalized-cite="canonical_name::APPLE" ID="I77658a70611c11e5afdb8b819c93ac15">Apple</cite.query> accounted for 92 percent of the profits made by smartphone vendors, with <cite.query w-seq-number="00006" w-ref-type="MM" w-normalized-cite="canonical_name::SAMSUNG" ID="I77658a71611c11e5afdb8b819c93ac15">Samsung</cite.query> taking 15 percent, according to Canaccord research cited by the <cite.query w-seq-number="00007" w-ref-type="NM" w-normalized-cite="canonical_name::WALL STREET JOURNAL" ID="I77658a72611c11e5afdb8b819c93ac15">Wall Street Journal</cite.query>. <eos/><bos/>The total adds up to over 100 percent because all other vendors either broke even or recorded losses.<eos/><eop/></p><p><bop/><bos/><cite.query w-seq-number="00008" w-ref-type="MM" w-normalized-cite="canonical_name::SAMSUNG" ID="I778372b0611c11e5afdb8b819c93ac15">Samsung</cite.query>, which held 50 percent of the smartphone industry&apos;s profits in 2012, has seen its share falter in recent years as it faces increased competition from <cite.query w-seq-number="00009" w-ref-type="MM" w-normalized-cite="canonical_name::APPLE" ID="I778372b1611c11e5afdb8b819c93ac15">Apple</cite.query>, at the high end, and from budget and mid-tier smartphone manufacturers such as <cite.query w-seq-number="00010" w-ref-type="MM" w-normalized-cite="canonical_name::HUAWEI" ID="I778372b2611c11e5afdb8b819c93ac15">Huawei</cite.query>, Xiaomi and <cite.query w-seq-number="00011" w-ref-type="MM" w-normalized-cite="canonical_name::LENOVO" ID="I778372b3611c11e5afdb8b819c93ac15">Lenovo</cite.query>.<eos/><eop/></p><p><bop/><bos/>Overall, global smartphone shipments are expected to significantly slow to a growth of 10.4 percent, down from 27.4 percent in 2014.-0-<eos/><eop/></p></text></content><indexing iso-language="en" value-add="machine-generated"><classification-terms><pres-subject-block><bop/><bos/><pres-subject-wrap><pres-subject>Major Corporations</pres-subject><pres-subject-code>MAJCORP</pres-subject-code><alt1-subject-code>1MA93</alt1-subject-code></pres-subject-wrap><eos/><eop/></pres-subject-block><pres-industry-block><bop/><bos/><pres-industry-wrap><pres-industry>Computer Equipment</pres-industry><pres-industry-code>CPTROVER</pres-industry-code><alt1-industry-code>1CO77</alt1-industry-code></pres-industry-wrap><pres-industry-wrap><pres-industry>Consumer Electronics</pres-industry><pres-industry-code>CEOVR</pres-industry-code><alt1-industry-code>1CO61</alt1-industry-code></pres-industry-wrap><pres-industry-wrap><pres-industry>Consumer Products &amp; Services</pres-industry><pres-industry-code>BUYBUY</pres-industry-code><alt1-industry-code>1CO62</alt1-industry-code></pres-industry-wrap><pres-industry-wrap><pres-industry>Electronics</pres-industry><pres-industry-code>ETRONICS</pres-industry-code><alt1-industry-code>1EL16</alt1-industry-code></pres-industry-wrap><pres-industry-wrap><pres-industry>I.T.</pres-industry><pres-industry-code>ITOVER</pres-industry-code><alt1-industry-code>1IT96</alt1-industry-code></pres-industry-wrap><pres-industry-wrap><pres-industry>Mobile Phones &amp; Pagers</pres-industry><pres-industry-code>TWPHONE</pres-industry-code><alt1-industry-code>1WI07</alt1-industry-code></pres-industry-wrap><pres-industry-wrap><pres-industry>Palmtop Computing</pres-industry><pres-industry-code>PCHAND</pres-industry-code><alt1-industry-code>1PA77</alt1-industry-code></pres-industry-wrap><pres-industry-wrap><pres-industry>Telecom Consumer Equipment</pres-industry><pres-industry-code>TCCONEQ</pres-industry-code><alt1-industry-code>1TE03</alt1-industry-code></pres-industry-wrap><eos/><eop/></pres-industry-block></classification-terms><classification-terms><rcs-block><rcs>B:169</rcs><rcs>B:69</rcs><rcs>B:78</rcs><rcs>B:162</rcs><rcs>B:75</rcs><rcs>M:NL</rcs><rcs>B:161</rcs></rcs-block></classification-terms><extraction-terms><extr-company-block><bop/><bos/><extr-company>Wall Street Journal</extr-company><extr-company-wrap><extr-company-name>Wall Street Journal</extr-company-name><relevancy engine="1C">0.2</relevancy><confidence engine="1C">0.94</confidence></extr-company-wrap><norm-company oa-id="4295905573">APPLE INC</norm-company><norm-company-wrap occur-sequence="1,2,3,4,7"><norm-company-name>APPLE INC</norm-company-name><company-ids><oa-id>4295905573</oa-id><ric norm="AAPL.OQ">AAPL.OQ</ric></company-ids><company-classification><trbc-wrap><trbc type="RCS">B:1758</trbc><trbc type="2012">5710601010</trbc><trbc type="perm-id">4294951243</trbc></trbc-wrap></company-classification><relevancy engine="1C">0.5</relevancy><confidence engine="1C">1</confidence></norm-company-wrap><norm-company oa-id="4296309931">HUAWEI TECHNOLOGIES CO LTD</norm-company><norm-company-wrap occur-sequence="8"><norm-company-name>HUAWEI TECHNOLOGIES CO LTD</norm-company-name><company-ids><oa-id>4296309931</oa-id></company-ids><company-classification><trbc-wrap><trbc type="RCS">B:1821</trbc><trbc type="2012">5810102014</trbc><trbc type="perm-id">4294951180</trbc></trbc-wrap></company-classification><relevancy engine="1C">0.2</relevancy><confidence engine="1C">0.99</confidence></norm-company-wrap><norm-company oa-id="4295871412">LENOVO GROUP LTD</norm-company><norm-company-wrap occur-sequence="10"><norm-company-name>LENOVO GROUP LTD</norm-company-name><company-ids><oa-id>4295871412</oa-id><ric norm="0992.HK">0992.HK</ric></company-ids><company-classification><trbc-wrap><trbc type="RCS">B:1758</trbc><trbc type="2012">5710601010</trbc><trbc type="perm-id">4294951243</trbc></trbc-wrap></company-classification><relevancy engine="1C">0.2</relevancy><confidence engine="1C">0.73</confidence></norm-company-wrap><norm-company oa-id="4295882451">SAMSUNG ELECTRONICS CO LTD</norm-company><norm-company-wrap occur-sequence="5,6"><norm-company-name>SAMSUNG ELECTRONICS CO LTD</norm-company-name><company-ids><oa-id>4295882451</oa-id><ric norm="005930.KS">005930.KS</ric></company-ids><company-classification><trbc-wrap><trbc type="RCS">B:1768</trbc><trbc type="2012">5710602010</trbc><trbc type="perm-id">4294951233</trbc></trbc-wrap></company-classification><relevancy engine="1C">0.2</relevancy><confidence engine="1C">1</confidence></norm-company-wrap><norm-company oa-id="5001435979">XIAOMI TECHNOLOGY CO LTD</norm-company><norm-company-wrap occur-sequence="9"><norm-company-name>XIAOMI TECHNOLOGY CO LTD</norm-company-name><company-ids><oa-id>5001435979</oa-id></company-ids><relevancy engine="1C">0.2</relevancy><confidence engine="1C">0.99</confidence></norm-company-wrap><eos/><eop/></extr-company-block></extraction-terms></indexing></document></n-docbody>
</n-document>
<n-document guid="I47ad1fb0613411e58062d5fb8ce334bb"><n-metadata><metadata.block><md.identifiers><md.cites><md.first.line.cite>9/22/15 NEWS 00:00:00</md.first.line.cite><md.second.line.cite>9/22/15 ARKA News Agency 00:00:00</md.second.line.cite></md.cites><md.uuid>I47ad1fb0613411e58062d5fb8ce334bb</md.uuid></md.identifiers><md.infotype>news</md.infotype><md.sortkeys><md.ordersequence>f47363bec</md.ordersequence></md.sortkeys><md.descriptions><md.title>MALICIOUS FIRMWARE INSTALLED ON NEARLY 200 CISCO ROUTERS IN OVER 30 COUNTRIES</md.title><md.westlawdescrip><md.readlist>READLIST</md.readlist></md.westlawdescrip></md.descriptions><md.dates><md.publisheddatetime>20150922091912</md.publisheddatetime><md.loaddate>20150922</md.loaddate><md.createddatetime>20150922091912</md.createddatetime></md.dates><md.subjects><md.subject><md.pubtype.name/><md.doctype.name>DNR</md.doctype.name><md.doctype.rank/><md.view>CNGE</md.view><md.view>RGEurope</md.view><md.view>PTNewswires</md.view><md.view>ARKANEWS0063786</md.view><md.view>INALLNEWS_ACTEST</md.view><md.view>INFARNEWS_AC</md.view><md.view>MARKETSEIKON_CN</md.view><md.view>MARKETSEIKON</md.view><md.view>CB_ASIAWIRES</md.view><md.view>INWIRES_AC</md.view><md.view>GULF_INTL</md.view><md.view>ININTNEWS_AC</md.view><md.view>ANZ_INTLOS</md.view><md.view>CLEAR_RF</md.view><md.view>INALLNEWS_AC</md.view><md.view>INNEWSINT_PRO</md.view><md.view>INBUSNEWS</md.view><md.view>INNEWSWORLD_PRO</md.view><md.view>INBUSNEWS_AC</md.view></md.subject></md.subjects><md.jurisdictions><md.jurisdiction><md.jurisstate>FE</md.jurisstate></md.jurisdiction></md.jurisdictions><md.publications><md.publication/><md.sourcepubid>ARKANEWS</md.sourcepubid></md.publications><md.royalty><md.royalty.code>84104</md.royalty.code></md.royalty></metadata.block><news.metadata.block><md.text.preview>INFORMATION TECHNOLOGIESYEREVAN, September 22. / ARKA /. Attackers have installed malicious firmware on nearly 200 Cisco routers used by businesses from over 30 countries, according to Internet scans performed by cybercrime fighters at the</md.text.preview></news.metadata.block><newsplus.recommendable>1</newsplus.recommendable><n-view>CNGE</n-view><n-view>RGEurope</n-view><n-view>PTNewswires</n-view><n-view>ARKANEWS0063786</n-view><n-view>INALLNEWS_ACTEST</n-view><n-view>INFARNEWS_AC</n-view><n-view>MARKETSEIKON_CN</n-view><n-view>MARKETSEIKON</n-view><n-view>CB_ASIAWIRES</n-view><n-view>INWIRES_AC</n-view><n-view>GULF_INTL</n-view><n-view>ININTNEWS_AC</n-view><n-view>ANZ_INTLOS</n-view><n-view>CLEAR_RF</n-view><n-view>INALLNEWS_AC</n-view><n-view>INNEWSINT_PRO</n-view><n-view>INBUSNEWS</n-view><n-view>INNEWSWORLD_PRO</n-view><n-view>INBUSNEWS_AC</n-view><prism-stylesheet guid="Ia3024d301b6a11d89fc5f34981d3242f"/><prism-clipdate>20150922091912</prism-clipdate></n-metadata>
<n-docbody><document version="1" collection="D-ARKANEWS-T001" first-load-date="20150922091912" ip-product="ARKANEWS" royalty-id="84104" data-model="text" dtd-version="5.2.29" content-type="news" load-language="en" pnac="nNRA082rv6" pnac-date="20150922T141447.339"><supplier-info><supplier-num nitf="doc-id" nitf-regsrc="ARKA News Agency" type="accession">34540006dba3a34e</supplier-num><internal-acc-num db-id="NEPRARKA" type="newz">20150922170.1_V34540006dba3a34e</internal-acc-num><rec-status><last-load-date>20150922091912</last-load-date><nitf-date ne="datereceived">20150922T14:14:47Z</nitf-date><nitf-date nitf="date-issue">20150922T00:00:00Z</nitf-date><last-provider-update>20150922141447</last-provider-update></rec-status><supplier-copyright>Copyright Â© 2015 ARKA<copyright-year/><copyright-holder>ARKA</copyright-holder></supplier-copyright><supplier-note nitf="urgency" nitf-ed-urg="4"/><nitf-meta-content name="recommendable">1</nitf-meta-content><nitf-meta-content name="_newsmlg2-hashtype=nr-htype:doc-group-fuzzy">80899|62004|56497|97215|24372|98619|60802|50452|19032|51610|47219|110019|58056|35765|111497|73222|68780|107098|24094|23290|85148|84063|97702|78255|17154|32200|104353|101434|71543|32494|70141|19291|30898|77879|15100|111444|55478|74254|108875|91984|36907|56883|13665|70718|32623|35734|74357|5712|1795|110639|56892|103027|37561|16153|2772|83264|107771|22489|149|90641|</nitf-meta-content><nitf-meta-content name="_newsmlg2-hashtype=nr-htype:doc-group-content-length">1650</nitf-meta-content><nitf-meta-content name="_newsmlg2-hashtype=nr-htype:doc-group-simple">17552a6a69eac91f67ccd88ab1adc25aa228ec13</nitf-meta-content><supplier-dtds><dtd dtd-version="working" dtd-date="20150915T00:00:00Z">Canonical Taxonomy</dtd><dtd dtd-version="20150911" dtd-date="20150915T00:00:00Z">Mapping File</dtd></supplier-dtds><copyright-block type="dialog"><service-copyright n-include_guid="Ice671660f30811d88920000083149a14" n-include_collection="D-DIALOGCOPYRIGHTS-T001"/></copyright-block><copyright-block type="west"><service-copyright n-include_guid="I1DA35ED81DD211B281BAD200220BDFCA" n-include_collection="w_wlnv_msg"/></copyright-block><west-citation-block><bop/><first-line-cite><bos/>9/22/15 NEWS 00:00:00<eos/></first-line-cite><second-line-cite><bos/>9/22/15 ARKA News Agency 00:00:00<eos/></second-line-cite><eop/></west-citation-block></supplier-info><title-info iso-language="en"><bop/><title type="headline" nitf-hedline="hl1" key="key-title"><bos/><sort-title>MALICIOUS FIRMWARE INSTALLED ON NEARLY 200 <cite.query w-seq-number="00001" w-ref-type="CO" w-normalized-cite="I7B889470542011E0B507DE267DF909C1" ID="I2c5977d0613511e595f3c06de5626f98">CISCO</cite.query> ROUTERS IN OVER 30 COUNTRIES</sort-title><eos/></title><eop/></title-info><pub-info><journal key="key-journal"><bop/><bos/><sort-journal>ARKA News Agency</sort-journal><eos/><eop/></journal><pub-date key="key-date" iso-time="T00:00:00Z" type="date.publication"><full-pub-date>September 22, 2015</full-pub-date><sort-pub-date>20150922</sort-pub-date><sort-pub-timestamp>20150922000000</sort-pub-timestamp><rank-date>20150922</rank-date><currency-timestamp>20150922000000</currency-timestamp></pub-date><original-pub><language iso-language="en">English</language></original-pub><src-data><src-journal-code>ANPV</src-journal-code><src-pub-code>0063786</src-pub-code><src-pub-type>Newswire</src-pub-type><src-pub-country-wrap><src-pub-country-code>GE</src-pub-country-code><src-pub-country>Georgia CIS</src-pub-country></src-pub-country-wrap><src-pub-region>Europe</src-pub-region></src-data></pub-info><content iso-language="en"><total-char-count>2418</total-char-count><derived-word-count><bop/><bos/>Word Count: 354<eos/><eop/></derived-word-count><text type="lead-para"><p nitf="lede"><bop/><bos/><cite.query w-seq-number="00002" w-ref-type="WC" w-normalized-cite="I76DF065242BE11DDA1BC0014224D2780" ID="I2c60f1e0613511e595f3c06de5626f98">INFORMATION TECHNOLOGIES</cite.query><eos/><eop/></p><p nitf="lede"><bop/><bos/>YEREVAN, September 22. / ARKA /. Attackers have installed malicious firmware on nearly 200 <cite.query w-seq-number="00003" w-ref-type="CO" w-normalized-cite="I7B889470542011E0B507DE267DF909C1" ID="I2c6537a0613511e595f3c06de5626f98">Cisco</cite.query> routers used by businesses from over 30 countries, according to Internet scans performed by cybercrime fighters at the Shadowserver Foundation, cnews.ru. reported.<eos/><eop/></p></text><text type="body"><p><bop/><bos/>Last Tuesday, <cite.query w-seq-number="00004" w-ref-type="CO" w-normalized-cite="ID8A1EE14453F11DD8CB60014224D2780" ID="I2c79aa00613511e595f3c06de5626f98">FireEye</cite.query> subsidiary <cite.query w-seq-number="00005" w-ref-type="WC" w-normalized-cite="I2AC73495453E11DD94140014224D2780" ID="I2c79aa01613511e595f3c06de5626f98">Mandiant</cite.query> warned about new attacks that replace the firmware on integrated services routers from <cite.query w-seq-number="00006" w-ref-type="MM" w-normalized-cite="canonical_name::CISCO SYSTEMS" ID="I2c79aa02613511e595f3c06de5626f98">Cisco Systems</cite.query>. <eos/><bos/>The rogue firmware provides attackers with persistent backdoor access and the ability to install custom malware modules.<eos/><eop/></p><p><bop/><bos/>At the time Mandiant said that it had found 14 routers infected with the backdoor, dubbed SYNful Knock, in four countries: Mexico, Ukraine, India and the Philippines. <eos/><bos/>The affected models were <cite.query w-seq-number="00007" w-ref-type="CO" w-normalized-cite="I7B889470542011E0B507DE267DF909C1" ID="I2c7e3de0613511e595f3c06de5626f98">Cisco</cite.query> 1841, 2811 and 3825, which are no longer being sold by the networking vendor.<eos/><eop/></p><p><bop/><bos/>Since then, the Shadowserver Foundation, a volunteer organization that tracks cybercrime activities and helps take down botnets, has been running an Internet scan with <cite.query w-seq-number="00008" w-ref-type="CO" w-normalized-cite="I7B889470542011E0B507DE267DF909C1" ID="I2c825c90613511e595f3c06de5626f98">Cisco</cite.query>&apos;s help in order to identify more potentially compromised devices.<eos/><eop/></p><p><bop/><bos/>The results confirmed Mandiant&apos;s suspicions: there are more than 14 routers infected with SYNful Knock out there. <eos/><bos/>Shadowserver and <cite.query w-seq-number="00009" w-ref-type="CO" w-normalized-cite="I7B889470542011E0B507DE267DF909C1" ID="I2c86f070613511e595f3c06de5626f98">Cisco</cite.query> identified 199 unique IP (Internet Protocol) addresses in 31 countries that show signs of compromise with this malware.<eos/><eop/></p><p><bop/><bos/>The U.S. has the largest number of potentially infected routers, 65. <eos/><bos/>It is followed by India with 12 and Russia with 11.<eos/><eop/></p><p><bop/><bos/>Shadowserver plans to start notifying network owners who have signed up for the organization&apos;s free alert service if any of the compromised routers fall into their IP blocks.<eos/><eop/></p><p><bop/><bos/>&quot;It is important to stress the severity of this malicious activity,&quot; the organization said Monday in a blog post. &quot;<eos/><bos/>Compromised routers should be identified and remediated as a top priority.&quot;<eos/><eop/></p><p><bop/><bos/>By controlling routers, attackers gain the ability to sniff and modify network traffic, redirect users to spoofed websites and launch other attacks against local network devices that would otherwise be inaccessible from the Internet.<eos/><eop/></p><p><bop/><bos/>Since the devices targeted by the SYNful Knock attackers are typically professional-grade routers used by businesses or ISPs, their compromise could affect large numbers of users.<eos/><eop/></p><p><bop/><bos/><cite.query w-seq-number="00010" w-ref-type="CO" w-normalized-cite="I7B889470542011E0B507DE267DF909C1" ID="I2c8fa300613511e595f3c06de5626f98">Cisco</cite.query> has been aware of attackers using rogue firmware implants for several months. <eos/><bos/>The company published a security advisory in August with instructions on how to harden devices against such attacks. -0-<eos/><eop/></p></text></content><indexing iso-language="en" value-add="machine-generated"><classification-terms><pres-location-block><bop/><bos/><pres-location-wrap><pres-location>Asia</pres-location><pres-location-code>GEOASIA</pres-location-code><alt1-location-code>1AS61</alt1-location-code></pres-location-wrap><eos/><eop/></pres-location-block></classification-terms><classification-terms><pres-subject-block><bop/><bos/><pres-subject-wrap><pres-subject>Cybercrime &amp; Viruses</pres-subject><pres-subject-code>ECRIME</pres-subject-code><alt1-subject-code>1CY34</alt1-subject-code></pres-subject-wrap><pres-subject-wrap><pres-subject>Major Corporations</pres-subject><pres-subject-code>MAJCORP</pres-subject-code><alt1-subject-code>1MA93</alt1-subject-code></pres-subject-wrap><eos/><eop/></pres-subject-block><pres-industry-block><bop/><bos/><pres-industry-wrap><pres-industry>I.T.</pres-industry><pres-industry-code>ITOVER</pres-industry-code><alt1-industry-code>1IT96</alt1-industry-code></pres-industry-wrap><pres-industry-wrap><pres-industry>Internet</pres-industry><pres-industry-code>INTERNET</pres-industry-code><alt1-industry-code>1IN27</alt1-industry-code></pres-industry-wrap><pres-industry-wrap><pres-industry>Internet Security</pres-industry><pres-industry-code>WEBSECUR</pres-industry-code><alt1-industry-code>1IN07</alt1-industry-code></pres-industry-wrap><pres-industry-wrap><pres-industry>Networking</pres-industry><pres-industry-code>DCTOP10</pres-industry-code><alt1-industry-code>1NE45</alt1-industry-code></pres-industry-wrap><pres-industry-wrap><pres-industry>Security Software</pres-industry><pres-industry-code>SOFSEC</pres-industry-code><alt1-industry-code>1SE53</alt1-industry-code></pres-industry-wrap><eos/><eop/></pres-industry-block></classification-terms><classification-terms><rcs-block><rcs>M:S</rcs><rcs>M:NL</rcs><rcs>M:FD</rcs><rcs>B:161</rcs><rcs>G:K</rcs></rcs-block></classification-terms><extraction-terms><extr-company-block><bop/><bos/><norm-company oa-id="4295905952">CISCO SYSTEMS INC</norm-company><norm-company-wrap occur-sequence="1,2,4,6,7,9,10"><norm-company-name>CISCO SYSTEMS INC</norm-company-name><company-ids><oa-id>4295905952</oa-id><ric norm="CSCO.OQ">CSCO.OQ</ric></company-ids><company-classification><trbc-wrap><trbc type="RCS">B:1750</trbc><trbc type="2012">5710201010</trbc><trbc type="perm-id">4294951251</trbc></trbc-wrap></company-classification><relevancy engine="1C">0.8</relevancy><confidence engine="1C">1</confidence></norm-company-wrap><norm-company oa-id="5040931011">MANDIANT LLC</norm-company><norm-company-wrap occur-sequence="3,5,8"><norm-company-name>MANDIANT LLC</norm-company-name><company-ids><oa-id>5040931011</oa-id></company-ids><relevancy engine="1C">0.2</relevancy><confidence engine="1C">0.95</confidence></norm-company-wrap><eos/><eop/></extr-company-block></extraction-terms></indexing></document></n-docbody>
</n-document>
<n-document guid="Iffd30bd05e1a11e59c2689f4ce6c63d0"><n-metadata><metadata.block><md.identifiers><md.cites><md.first.line.cite>9/18/15 NEWS 00:00:00</md.first.line.cite><md.second.line.cite>9/18/15 ARKA News Agency 00:00:00</md.second.line.cite></md.cites><md.uuid>Iffd30bd05e1a11e59c2689f4ce6c63d0</md.uuid></md.identifiers><md.infotype>news</md.infotype><md.sortkeys><md.ordersequence>f47363bec</md.ordersequence></md.sortkeys><md.descriptions><md.title>SAMSUNG GALAXY S6 EDGE NAMED AS BEST SMARTPHONE OF 2015</md.title><md.westlawdescrip><md.readlist>READLIST</md.readlist></md.westlawdescrip></md.descriptions><md.dates><md.publisheddatetime>20150918104045</md.publisheddatetime><md.loaddate>20150918</md.loaddate><md.createddatetime>20150918104045</md.createddatetime></md.dates><md.subjects><md.subject><md.pubtype.name/><md.doctype.name>DNR</md.doctype.name><md.doctype.rank/><md.view>CNGE</md.view><md.view>RGEurope</md.view><md.view>PTNewswires</md.view><md.view>ARKANEWS0063786</md.view><md.view>INALLNEWS_ACTEST</md.view><md.view>INFARNEWS_AC</md.view><md.view>MARKETSEIKON_CN</md.view><md.view>MARKETSEIKON</md.view><md.view>CB_ASIAWIRES</md.view><md.view>INWIRES_AC</md.view><md.view>GULF_INTL</md.view><md.view>ININTNEWS_AC</md.view><md.view>ANZ_INTLOS</md.view><md.view>CLEAR_RF</md.view><md.view>INALLNEWS_AC</md.view><md.view>INNEWSINT_PRO</md.view><md.view>INBUSNEWS</md.view><md.view>INNEWSWORLD_PRO</md.view><md.view>INBUSNEWS_AC</md.view></md.subject></md.subjects><md.jurisdictions><md.jurisdiction><md.jurisstate>FE</md.jurisstate></md.jurisdiction></md.jurisdictions><md.publications><md.publication/><md.sourcepubid>ARKANEWS</md.sourcepubid></md.publications><md.royalty><md.royalty.code>84104</md.royalty.code></md.royalty></metadata.block><news.metadata.block><md.text.preview>INFORMATION TECHNOLOGIESYEREVAN, September 18. / ARKA /. Gadget magazine T3 has named the Samsung Galaxy S6 Edge as the Best Smartphone of 2015, by awarding it Phone of the Year at the ninth annual T3 Awards. The flagship Samsung handset sports a</md.text.preview></news.metadata.block><newsplus.recommendable>1</newsplus.recommendable><n-view>CNGE</n-view><n-view>RGEurope</n-view><n-view>PTNewswires</n-view><n-view>ARKANEWS0063786</n-view><n-view>INALLNEWS_ACTEST</n-view><n-view>INFARNEWS_AC</n-view><n-view>MARKETSEIKON_CN</n-view><n-view>MARKETSEIKON</n-view><n-view>CB_ASIAWIRES</n-view><n-view>INWIRES_AC</n-view><n-view>GULF_INTL</n-view><n-view>ININTNEWS_AC</n-view><n-view>ANZ_INTLOS</n-view><n-view>CLEAR_RF</n-view><n-view>INALLNEWS_AC</n-view><n-view>INNEWSINT_PRO</n-view><n-view>INBUSNEWS</n-view><n-view>INNEWSWORLD_PRO</n-view><n-view>INBUSNEWS_AC</n-view><prism-stylesheet guid="Ia3024d301b6a11d89fc5f34981d3242f"/><prism-clipdate>20150918104045</prism-clipdate></n-metadata>
<n-docbody><document version="1" collection="D-ARKANEWS-T001" first-load-date="20150918104045" ip-product="ARKANEWS" royalty-id="84104" data-model="text" dtd-version="5.2.29" content-type="news" load-language="en" pnac="nNRA07npst" pnac-date="20150918T153615.885"><supplier-info><supplier-num nitf="doc-id" nitf-regsrc="ARKA News Agency" type="accession">c2b50002f928f759</supplier-num><internal-acc-num db-id="NEPRARKA" type="newz">20150918170.1_Vc2b50002f928f759</internal-acc-num><rec-status><last-load-date>20150918104045</last-load-date><nitf-date ne="datereceived">20150918T15:36:15Z</nitf-date><nitf-date nitf="date-issue">20150918T00:00:00Z</nitf-date><last-provider-update>20150918153615</last-provider-update></rec-status><supplier-copyright>Copyright Â© 2015 ARKA<copyright-year/><copyright-holder>ARKA</copyright-holder></supplier-copyright><supplier-note nitf="urgency" nitf-ed-urg="4"/><nitf-meta-content name="recommendable">1</nitf-meta-content><nitf-meta-content name="_newsmlg2-hashtype=nr-htype:doc-group-fuzzy">44880|63280|46820|98619|25320|78559|44494|31633|94440|87124|112328|55002|63335|90214|94840|53388|64086|70856|27868|110808|80986|105307|65092|63588|26946|58280|16142|112065|14247|1739|1271|80133|32601|20185|28924|75044|85229|23852|32723|103246|30761|14266|85094|12568|77556|105054|68745|871|103201|41067|82850|85822|87666|22832|91805|91996|54038|48869|64981|81869|</nitf-meta-content><nitf-meta-content name="_newsmlg2-hashtype=nr-htype:doc-group-content-length">989</nitf-meta-content><nitf-meta-content name="_newsmlg2-hashtype=nr-htype:doc-group-simple">-232c3cace38e0c030db31d8a0c004c1365b5e510</nitf-meta-content><supplier-dtds><dtd dtd-version="working" dtd-date="20150915T00:00:00Z">Canonical Taxonomy</dtd><dtd dtd-version="20150911" dtd-date="20150915T00:00:00Z">Mapping File</dtd></supplier-dtds><copyright-block type="dialog"><service-copyright n-include_guid="Ice671660f30811d88920000083149a14" n-include_collection="D-DIALOGCOPYRIGHTS-T001"/></copyright-block><copyright-block type="west"><service-copyright n-include_guid="I1DA35ED81DD211B281BAD200220BDFCA" n-include_collection="w_wlnv_msg"/></copyright-block><west-citation-block><bop/><first-line-cite><bos/>9/18/15 NEWS 00:00:00<eos/></first-line-cite><second-line-cite><bos/>9/18/15 ARKA News Agency 00:00:00<eos/></second-line-cite><eop/></west-citation-block></supplier-info><title-info iso-language="en"><bop/><title type="headline" nitf-hedline="hl1" key="key-title"><bos/><sort-title><cite.query w-seq-number="00001" w-ref-type="NM" w-normalized-cite="canonical_name::SAMSUNG GALAXY" ID="Icb34c7f05e1b11e5958e8001c585bf1f">SAMSUNG GALAXY</cite.query> S6 EDGE NAMED AS BEST SMARTPHONE OF 2015</sort-title><eos/></title><eop/></title-info><pub-info><journal key="key-journal"><bop/><bos/><sort-journal>ARKA News Agency</sort-journal><eos/><eop/></journal><pub-date key="key-date" iso-time="T00:00:00Z" type="date.publication"><full-pub-date>September 18, 2015</full-pub-date><sort-pub-date>20150918</sort-pub-date><sort-pub-timestamp>20150918000000</sort-pub-timestamp><rank-date>20150918</rank-date><currency-timestamp>20150918000000</currency-timestamp></pub-date><original-pub><language iso-language="en">English</language></original-pub><src-data><src-journal-code>ANPV</src-journal-code><src-pub-code>0063786</src-pub-code><src-pub-type>Newswire</src-pub-type><src-pub-country-wrap><src-pub-country-code>GE</src-pub-country-code><src-pub-country>Georgia CIS</src-pub-country></src-pub-country-wrap><src-pub-region>Europe</src-pub-region></src-data></pub-info><content iso-language="en"><total-char-count>1637</total-char-count><derived-word-count><bop/><bos/>Word Count: 279<eos/><eop/></derived-word-count><text type="lead-para"><p nitf="lede"><bop/><bos/><cite.query w-seq-number="00002" w-ref-type="WC" w-normalized-cite="I76DF065242BE11DDA1BC0014224D2780" ID="Icb3d53705e1b11e5958e8001c585bf1f">INFORMATION TECHNOLOGIES</cite.query><eos/><eop/></p><p nitf="lede"><bop/><bos/>YEREVAN, September 18. / ARKA /. Gadget magazine T3 has named the <cite.query w-seq-number="00003" w-ref-type="NM" w-normalized-cite="canonical_name::SAMSUNG GALAXY" ID="Icb6c52b05e1b11e5958e8001c585bf1f">Samsung Galaxy</cite.query> S6 Edge as the Best Smartphone of 2015, by awarding it Phone of the Year at the ninth annual T3 Awards. <eos/><bos/>The flagship <cite.query w-seq-number="00004" w-ref-type="MM" w-normalized-cite="canonical_name::SAMSUNG" ID="Icb6c52b15e1b11e5958e8001c585bf1f">Samsung</cite.query> handset sports a curved 5.1inch Quad HD display, speedy 2.1GHz processor and sharp 16 megapixel rear camera. <eos/><bos/>T3 honored the <cite.query w-seq-number="00005" w-ref-type="NM" w-normalized-cite="canonical_name::SAMSUNG GALAXY" ID="Icb6c52b25e1b11e5958e8001c585bf1f">Samsung Galaxy</cite.query> S6 Edge with its Phone of the Year award ahead of the Apple iPhone 6s, <cite.query w-seq-number="00006" w-ref-type="NM" w-normalized-cite="canonical_name::SONY XPERIA" ID="Icb6c52b35e1b11e5958e8001c585bf1f">Sony Xperia</cite.query> Z3 Compact, the LG G4 and the HTC One M9, rg.ru reported citing <cite.query w-seq-number="00007" w-ref-type="CO" w-normalized-cite="ICA9F723341EB11DDAD6B0014224D2780" ID="Icb6c52b45e1b11e5958e8001c585bf1f">Sky News</cite.query>.<eos/><eop/></p></text><text type="body"><p><bop/><bos/>Android rival <cite.query w-seq-number="00008" w-ref-type="MM" w-normalized-cite="canonical_name::HTC" ID="Icb7c0a205e1b11e5958e8001c585bf1f">HTC</cite.query> won the award for the last two years. <eos/><bos/>But technology giant <cite.query w-seq-number="00009" w-ref-type="MM" w-normalized-cite="canonical_name::APPLE" ID="Icb7c0a215e1b11e5958e8001c585bf1f">Apple</cite.query> were the biggest winners of the night.<eos/><eop/></p><p><bop/><bos/>The Cupertino firm picked up a total of four awards during the evening, including Brand of the Year.<eos/><eop/></p><p><bop/><bos/><cite.query w-seq-number="00010" w-ref-type="MM" w-normalized-cite="canonical_name::APPLE" ID="Icb9697005e1b11e5958e8001c585bf1f">Apple</cite.query>&apos;s iPad Air 2, which was not updated this year during <cite.query w-seq-number="00011" w-ref-type="MM" w-normalized-cite="canonical_name::APPLE" ID="Icb9697015e1b11e5958e8001c585bf1f">Apple</cite.query>&apos;s recent press event, was also named Laptop or Tablet of the Year. <eos/><bos/>The US firm&apos;s latest device, the <cite.query w-seq-number="00012" w-ref-type="NM" w-normalized-cite="canonical_name::APPLE WATCH" ID="Icb9697025e1b11e5958e8001c585bf1f">Apple Watch</cite.query> picked up two awards, including Wearable Technology of the Year and the gadget magazine&apos;s main award, Gadget of the Year.<eos/><eop/></p><p><bop/><bos/>The Apple Watch marks the company&apos;s first new device category since the iPad, first released back in 2010.<eos/><eop/></p><p><bop/><bos/>The <cite.query w-seq-number="00013" w-ref-type="MM" w-normalized-cite="canonical_name::SONY" ID="Icbba4ba05e1b11e5958e8001c585bf1f">Sony</cite.query> PlayStation 4 held onto its crown by clinching the Gaming Product of the Year ahead of <cite.query w-seq-number="00014" w-ref-type="MM" w-normalized-cite="canonical_name::MICROSOFT" ID="Icbba4ba15e1b11e5958e8001c585bf1f">Microsoft</cite.query>&apos;s Xbox One. <eos/><bos/>T3 also honored Amazon Instant Video with The Entertainment Award, ahead of video on-demand rival <cite.query w-seq-number="00015" w-ref-type="CO" w-normalized-cite="I6A1D1B9A41ED11DDAD6B0014224D2780" ID="Icbba4ba25e1b11e5958e8001c585bf1f">Netflix</cite.query>. <eos/><bos/><cite.query w-seq-number="00016" w-ref-type="MM" w-normalized-cite="canonical_name::MICROSOFT" ID="Icbba4ba35e1b11e5958e8001c585bf1f">Microsoft</cite.query>, which released its final Windows operating system earlier this summer, was ushered into the T3 Hall of Fame.<eos/><eop/></p><p><bop/><bos/>&quot;But for now, congratulations to all of our winners and nominees, and thanks for giving us another year of incredible tech to write about.&quot; -0-<eos/><eop/></p></text></content><indexing iso-language="en" value-add="machine-generated"><classification-terms><pres-subject-block><bop/><bos/><pres-subject-wrap><pres-subject>Major Corporations</pres-subject><pres-subject-code>MAJCORP</pres-subject-code><alt1-subject-code>1MA93</alt1-subject-code></pres-subject-wrap><eos/><eop/></pres-subject-block><pres-industry-block><bop/><bos/><pres-industry-wrap><pres-industry>Computer Equipment</pres-industry><pres-industry-code>CPTROVER</pres-industry-code><alt1-industry-code>1CO77</alt1-industry-code></pres-industry-wrap><pres-industry-wrap><pres-industry>Consumer Electronics</pres-industry><pres-industry-code>CEOVR</pres-industry-code><alt1-industry-code>1CO61</alt1-industry-code></pres-industry-wrap><pres-industry-wrap><pres-industry>Consumer Products &amp; Services</pres-industry><pres-industry-code>BUYBUY</pres-industry-code><alt1-industry-code>1CO62</alt1-industry-code></pres-industry-wrap><pres-industry-wrap><pres-industry>Electronics</pres-industry><pres-industry-code>ETRONICS</pres-industry-code><alt1-industry-code>1EL16</alt1-industry-code></pres-industry-wrap><pres-industry-wrap><pres-industry>Home &amp; Multimedia PCs</pres-industry><pres-industry-code>MMONAPC</pres-industry-code><alt1-industry-code>1HO36</alt1-industry-code></pres-industry-wrap><pres-industry-wrap><pres-industry>I.T.</pres-industry><pres-industry-code>ITOVER</pres-industry-code><alt1-industry-code>1IT96</alt1-industry-code></pres-industry-wrap><pres-industry-wrap><pres-industry>Mobile Phones &amp; Pagers</pres-industry><pres-industry-code>TWPHONE</pres-industry-code><alt1-industry-code>1WI07</alt1-industry-code></pres-industry-wrap><pres-industry-wrap><pres-industry>PC</pres-industry><pres-industry-code>PCFPN</pres-industry-code><alt1-industry-code>1PC82</alt1-industry-code></pres-industry-wrap><pres-industry-wrap><pres-industry>Palmtop Computing</pres-industry><pres-industry-code>PCHAND</pres-industry-code><alt1-industry-code>1PA77</alt1-industry-code></pres-industry-wrap><pres-industry-wrap><pres-industry>Portable PCs</pres-industry><pres-industry-code>PCPORTD</pres-industry-code><alt1-industry-code>1PO56</alt1-industry-code></pres-industry-wrap><pres-industry-wrap><pres-industry>Telecom Consumer Equipment</pres-industry><pres-industry-code>TCCONEQ</pres-industry-code><alt1-industry-code>1TE03</alt1-industry-code></pres-industry-wrap><eos/><eop/></pres-industry-block></classification-terms><classification-terms><rcs-block><rcs>B:169</rcs><rcs>B:69</rcs><rcs>B:78</rcs><rcs>B:162</rcs><rcs>B:75</rcs><rcs>M:NL</rcs><rcs>B:161</rcs></rcs-block></classification-terms><extraction-terms><extr-company-block><bop/><bos/><norm-company oa-id="4295905573">APPLE INC</norm-company><norm-company-wrap occur-sequence="8,12,13,14,15,16"><norm-company-name>APPLE INC</norm-company-name><company-ids><oa-id>4295905573</oa-id><ric norm="AAPL.OQ">AAPL.OQ</ric></company-ids><company-classification><trbc-wrap><trbc type="RCS">B:1758</trbc><trbc type="2012">5710601010</trbc><trbc type="perm-id">4294951243</trbc></trbc-wrap></company-classification><relevancy engine="1C">0.5</relevancy><confidence engine="1C">1</confidence></norm-company-wrap><norm-company oa-id="4295891746">HTC CORP</norm-company><norm-company-wrap occur-sequence="10,11"><norm-company-name>HTC CORP</norm-company-name><company-ids><oa-id>4295891746</oa-id><ric norm="2498.TW">2498.TW</ric></company-ids><company-classification><trbc-wrap><trbc type="RCS">B:1768</trbc><trbc type="2012">5710602010</trbc><trbc type="perm-id">4294951233</trbc></trbc-wrap></company-classification><relevancy engine="1C">0.5</relevancy><confidence engine="1C">0.99</confidence></norm-company-wrap><norm-company oa-id="4295881132">LG CORP</norm-company><norm-company-wrap occur-sequence="9"><norm-company-name>LG CORP</norm-company-name><company-ids><oa-id>4295881132</oa-id><ric norm="003550.KS">003550.KS</ric></company-ids><company-classification><trbc-wrap><trbc type="RCS">B:1774</trbc><trbc type="2012">5710603010</trbc><trbc type="perm-id">4294951227</trbc></trbc-wrap></company-classification><relevancy engine="1C">0.2</relevancy><confidence engine="1C">0.86</confidence></norm-company-wrap><norm-company oa-id="4295907168">MICROSOFT CORP</norm-company><norm-company-wrap occur-sequence="17,20"><norm-company-name>MICROSOFT CORP</norm-company-name><company-ids><oa-id>4295907168</oa-id><ric norm="MSFT.OQ">MSFT.OQ</ric></company-ids><company-classification><trbc-wrap><trbc type="RCS">B:1796</trbc><trbc type="2012">5720102010</trbc><trbc type="perm-id">4294951205</trbc></trbc-wrap></company-classification><relevancy engine="1C">0.2</relevancy><confidence engine="1C">1</confidence></norm-company-wrap><norm-company oa-id="4295902158">NETFLIX INC</norm-company><norm-company-wrap occur-sequence="19"><norm-company-name>NETFLIX INC</norm-company-name><company-ids><oa-id>4295902158</oa-id><ric norm="NFLX.OQ">NFLX.OQ</ric></company-ids><company-classification><trbc-wrap><trbc type="RCS">B:1804</trbc><trbc type="2012">5720103010</trbc><trbc type="perm-id">4294951197</trbc></trbc-wrap></company-classification><relevancy engine="1C">0.2</relevancy><confidence engine="1C">1</confidence></norm-company-wrap><norm-company oa-id="4295882451">SAMSUNG ELECTRONICS CO LTD</norm-company><norm-company-wrap occur-sequence="1,3,5,7"><norm-company-name>SAMSUNG ELECTRONICS CO LTD</norm-company-name><company-ids><oa-id>4295882451</oa-id><ric norm="005930.KS">005930.KS</ric></company-ids><company-classification><trbc-wrap><trbc type="RCS">B:1768</trbc><trbc type="2012">5710602010</trbc><trbc type="perm-id">4294951233</trbc></trbc-wrap></company-classification><relevancy engine="1C">0.8</relevancy><confidence engine="1C">0.7</confidence></norm-company-wrap><norm-company oa-id="4298089006">T3 MOTION INC</norm-company><norm-company-wrap occur-sequence="2,4,6,18,21"><norm-company-name>T3 MOTION INC</norm-company-name><company-ids><oa-id>4298089006</oa-id><ric norm="TTTM.PK">TTTM.PK</ric></company-ids><company-classification><trbc-wrap><trbc type="RCS">B:1292</trbc><trbc type="2012">5310101010</trbc><trbc type="perm-id">4294951709</trbc></trbc-wrap></company-classification><relevancy engine="1C">0.2</relevancy><confidence engine="1C">0.97</confidence></norm-company-wrap><eos/><eop/></extr-company-block></extraction-terms></indexing></document></n-docbody>
</n-document>
<n-document guid="Iba0918405d3b11e58b95983e8d13c96e"><n-metadata><metadata.block><md.identifiers><md.cites><md.first.line.cite>9/17/15 NEWS 00:00:00</md.first.line.cite><md.second.line.cite>9/17/15 ARKA News Agency 00:00:00</md.second.line.cite></md.cites><md.uuid>Iba0918405d3b11e58b95983e8d13c96e</md.uuid></md.identifiers><md.infotype>news</md.infotype><md.sortkeys><md.ordersequence>f47363bec</md.ordersequence></md.sortkeys><md.descriptions><md.title>CHINA REPORTEDLY COMPILING &apos;FACEBOOK&apos; OF U.S. GOVERNMENT EMPLOYEES</md.title><md.westlawdescrip><md.readlist>READLIST</md.readlist></md.westlawdescrip></md.descriptions><md.dates><md.publisheddatetime>20150917080708</md.publisheddatetime><md.loaddate>20150917</md.loaddate><md.createddatetime>20150917080708</md.createddatetime></md.dates><md.subjects><md.subject><md.pubtype.name/><md.doctype.name>DNR</md.doctype.name><md.doctype.rank/><md.view>CNGE</md.view><md.view>RGEurope</md.view><md.view>PTNewswires</md.view><md.view>ARKANEWS0063786</md.view><md.view>INALLNEWS_ACTEST</md.view><md.view>INFARNEWS_AC</md.view><md.view>MARKETSEIKON_CN</md.view><md.view>MARKETSEIKON</md.view><md.view>CB_ASIAWIRES</md.view><md.view>INWIRES_AC</md.view><md.view>GULF_INTL</md.view><md.view>ININTNEWS_AC</md.view><md.view>ANZ_INTLOS</md.view><md.view>CLEAR_RF</md.view><md.view>INALLNEWS_AC</md.view><md.view>INNEWSINT_PRO</md.view><md.view>INBUSNEWS</md.view><md.view>INNEWSWORLD_PRO</md.view><md.view>INBUSNEWS_AC</md.view></md.subject></md.subjects><md.jurisdictions><md.jurisdiction><md.jurisstate>FE</md.jurisstate></md.jurisdiction></md.jurisdictions><md.publications><md.publication/><md.sourcepubid>ARKANEWS</md.sourcepubid></md.publications><md.royalty><md.royalty.code>84104</md.royalty.code></md.royalty></metadata.block><news.metadata.block><md.text.preview>INFORMATION TECHNOLOGIESYEREVAN, 17 September. / ARKA /. A private industry IT security firm tÑÐ´Ð² Fox News that personal data stolen over the span of several high-profile U.S. cyber breaches is being indexed by China&apos;s intelligence service into a</md.text.preview></news.metadata.block><newsplus.recommendable>1</newsplus.recommendable><n-view>CNGE</n-view><n-view>RGEurope</n-view><n-view>PTNewswires</n-view><n-view>ARKANEWS0063786</n-view><n-view>INALLNEWS_ACTEST</n-view><n-view>INFARNEWS_AC</n-view><n-view>MARKETSEIKON_CN</n-view><n-view>MARKETSEIKON</n-view><n-view>CB_ASIAWIRES</n-view><n-view>INWIRES_AC</n-view><n-view>GULF_INTL</n-view><n-view>ININTNEWS_AC</n-view><n-view>ANZ_INTLOS</n-view><n-view>CLEAR_RF</n-view><n-view>INALLNEWS_AC</n-view><n-view>INNEWSINT_PRO</n-view><n-view>INBUSNEWS</n-view><n-view>INNEWSWORLD_PRO</n-view><n-view>INBUSNEWS_AC</n-view><prism-stylesheet guid="Ia3024d301b6a11d89fc5f34981d3242f"/><prism-clipdate>20150917080708</prism-clipdate></n-metadata>
<n-docbody><document version="1" collection="D-ARKANEWS-T001" first-load-date="20150917080708" ip-product="ARKANEWS" royalty-id="84104" data-model="text" dtd-version="5.2.29" content-type="news" load-language="en" pnac="nNRA07h9xf" pnac-date="20150917T125801.028"><supplier-info><supplier-num nitf="doc-id" nitf-regsrc="ARKA News Agency" type="accession">677900032a6515ba</supplier-num><internal-acc-num db-id="NEPRARKA" type="newz">20150917170.1_V677900032a6515ba</internal-acc-num><rec-status><last-load-date>20150917080708</last-load-date><nitf-date ne="datereceived">20150917T12:58:01Z</nitf-date><nitf-date nitf="date-issue">20150917T00:00:00Z</nitf-date><last-provider-update>20150917125801</last-provider-update></rec-status><supplier-copyright>Copyright Â© 2015 ARKA<copyright-year/><copyright-holder>ARKA</copyright-holder></supplier-copyright><supplier-note nitf="urgency" nitf-ed-urg="4"/><nitf-meta-content name="recommendable">1</nitf-meta-content><nitf-meta-content name="_newsmlg2-hashtype=nr-htype:doc-group-fuzzy">86168|40426|56342|52366|20644|98619|15222|108262|93729|103470|12552|52137|62391|96973|14865|16520|64480|57877|41138|13122|79001|79182|79879|45985|1245|105299|52588|101982|42367|31583|80122|7653|15004|99661|28156|60714|23067|60296|107492|97934|97503|42220|96675|34718|77571|67159|59019|55134|98206|53545|69250|41283|31177|107002|75703|53452|66196|112274|29384|81684|</nitf-meta-content><nitf-meta-content name="_newsmlg2-hashtype=nr-htype:doc-group-content-length">1012</nitf-meta-content><nitf-meta-content name="_newsmlg2-hashtype=nr-htype:doc-group-simple">28b81925d4eb3086e78441330fd00de34c6acf5e</nitf-meta-content><supplier-dtds><dtd dtd-version="working" dtd-date="20150915T00:00:00Z">Canonical Taxonomy</dtd><dtd dtd-version="20150911" dtd-date="20150915T00:00:00Z">Mapping File</dtd></supplier-dtds><copyright-block type="dialog"><service-copyright n-include_guid="Ice671660f30811d88920000083149a14" n-include_collection="D-DIALOGCOPYRIGHTS-T001"/></copyright-block><copyright-block type="west"><service-copyright n-include_guid="I1DA35ED81DD211B281BAD200220BDFCA" n-include_collection="w_wlnv_msg"/></copyright-block><west-citation-block><bop/><first-line-cite><bos/>9/17/15 NEWS 00:00:00<eos/></first-line-cite><second-line-cite><bos/>9/17/15 ARKA News Agency 00:00:00<eos/></second-line-cite><eop/></west-citation-block></supplier-info><title-info iso-language="en"><bop/><title type="headline" nitf-hedline="hl1" key="key-title"><bos/><sort-title>CHINA REPORTEDLY COMPILING &apos;<cite.query w-seq-number="00001" w-ref-type="CO" w-normalized-cite="IE9D0907041EC11DDAD6B0014224D2780" ID="I4a68f9905d3d11e5bd46f8d250862143">FACEBOOK</cite.query>&apos; OF U.S. GOVERNMENT EMPLOYEES</sort-title><eos/></title><eop/></title-info><pub-info><journal key="key-journal"><bop/><bos/><sort-journal>ARKA News Agency</sort-journal><eos/><eop/></journal><pub-date key="key-date" iso-time="T00:00:00Z" type="date.publication"><full-pub-date>September 17, 2015</full-pub-date><sort-pub-date>20150917</sort-pub-date><sort-pub-timestamp>20150917000000</sort-pub-timestamp><rank-date>20150917</rank-date><currency-timestamp>20150917000000</currency-timestamp></pub-date><original-pub><language iso-language="en">English</language></original-pub><src-data><src-journal-code>ANPV</src-journal-code><src-pub-code>0063786</src-pub-code><src-pub-type>Newswire</src-pub-type><src-pub-country-wrap><src-pub-country-code>GE</src-pub-country-code><src-pub-country>Georgia CIS</src-pub-country></src-pub-country-wrap><src-pub-region>Europe</src-pub-region></src-data></pub-info><content iso-language="en"><total-char-count>1614</total-char-count><derived-word-count><bop/><bos/>Word Count: 255<eos/><eop/></derived-word-count><text type="lead-para"><p nitf="lede"><bop/><bos/><cite.query w-seq-number="00002" w-ref-type="WC" w-normalized-cite="I76DF065242BE11DDA1BC0014224D2780" ID="I4a704c905d3d11e5bd46f8d250862143">INFORMATION TECHNOLOGIES</cite.query><eos/><eop/></p><p nitf="lede"><bop/><bos/>YEREVAN, 17 September. / ARKA /. A private industry IT security firm tÑÐ´Ð² <cite.query w-seq-number="00003" w-ref-type="CO" w-normalized-cite="ID6A391F05A1211E080258F0E01953BF2" ID="I4a7b97305d3d11e5bd46f8d250862143">Fox News</cite.query> that personal data stolen over the span of several high-profile U.S. cyber breaches is being indexed by China&apos;s intelligence service into a massive <cite.query w-seq-number="00004" w-ref-type="CO" w-normalized-cite="IE9D0907041EC11DDAD6B0014224D2780" ID="I4a7b97315d3d11e5bd46f8d250862143">Facebook</cite.query>-like network.<eos/><eop/></p></text><text type="body"><p><bop/><bos/>According to CrowdStrike founder Dmitri Alperovitch, Chinese hackers are using information gained from the breaches of the U.S. Office of Personnel Management, as well as intrusions into the <cite.query w-seq-number="00005" w-ref-type="CO" w-normalized-cite="I4FE6B2B0385C11DFBB6AE52662293B6A" ID="I4a8de6b05d3d11e5bd46f8d250862143">Anthem</cite.query> and <cite.query w-seq-number="00006" w-ref-type="CO" w-normalized-cite="I752C198341EA11DDAD6B0014224D2780" ID="I4a8de6b15d3d11e5bd46f8d250862143">CareFirst BlueCross BlueShield</cite.query> health insurance networks, to build a complete profile of federal employees in what the company calls a &quot;<cite.query w-seq-number="00007" w-ref-type="CO" w-normalized-cite="IE9D0907041EC11DDAD6B0014224D2780" ID="I4a8de6b25d3d11e5bd46f8d250862143">Facebook</cite.query> of Everything.&quot;<eos/><eop/></p><p><bop/><bos/>&quot;That can now be used to embarrass you publicly and force you to work for the Chinese government,&quot; Alperovitch told <cite.query w-seq-number="00008" w-ref-type="WC" w-normalized-cite="I0A44687056F011E089AC8CE04EA54993" ID="I4aa036305d3d11e5bd46f8d250862143">Fox</cite.query> News. &quot;<eos/><bos/>It&apos;s, in effect, a private version of <cite.query w-seq-number="00009" w-ref-type="CO" w-normalized-cite="IE9D0907041EC11DDAD6B0014224D2780" ID="I4aa036315d3d11e5bd46f8d250862143">Facebook</cite.query> with much more detail about your life than even <cite.query w-seq-number="00010" w-ref-type="CO" w-normalized-cite="IE9D0907041EC11DDAD6B0014224D2780" ID="I4aa036325d3d11e5bd46f8d250862143">Facebook</cite.query> has that the Chinese now have access to.&quot; <eos/><bos/>Current and former intelligence officials echoed the assessment.<eos/><eop/></p><p><bop/><bos/>As <cite.query w-seq-number="00011" w-ref-type="CO" w-normalized-cite="ID6A391F05A1211E080258F0E01953BF2" ID="I4aa518305d3d11e5bd46f8d250862143">Fox News</cite.query> has reported, the most sensitive information stolen in the OPM breach was lifted from what is known as the Standard Form 86, or SF-86. <eos/><bos/>The 127-page security clearance application is essentially a road map to your life. <eos/><bos/>It contains highly detailed information on everything from where an applicant lived and worked, to personal references, family members, friends and associates, as well as drug history and intimate health information.<eos/><eop/></p><p><bop/><bos/>What&apos;s startling is the fact that virtually all government employees and contractors who hold the top echelon of U.S. security clearances were impacted by the OPM breach, even the Director of<eos/><eop/></p></text></content><indexing iso-language="en" value-add="machine-generated"><classification-terms><pres-location-block><bop/><bos/><pres-location-wrap><pres-location>Asia</pres-location><pres-location-code>GEOASIA</pres-location-code><alt1-location-code>1AS61</alt1-location-code></pres-location-wrap><pres-location-wrap><pres-location>China</pres-location><pres-location-code>ISOCN</pres-location-code><alt1-location-code>1CH15</alt1-location-code></pres-location-wrap><pres-location-wrap><pres-location>Eastern Asia</pres-location><pres-location-code>GEOEASIA</pres-location-code><alt1-location-code>1EA61</alt1-location-code></pres-location-wrap><pres-location-wrap><pres-location>Far East</pres-location><pres-location-code>GEOFREST</pres-location-code><alt1-location-code>1FA27</alt1-location-code></pres-location-wrap><eos/><eop/></pres-location-block></classification-terms><classification-terms><pres-subject-block><bop/><bos/><pres-subject-wrap><pres-subject>Cybercrime &amp; Viruses</pres-subject><pres-subject-code>ECRIME</pres-subject-code><alt1-subject-code>1CY34</alt1-subject-code></pres-subject-wrap><pres-subject-wrap><pres-subject>Emerging Market Countries</pres-subject><pres-subject-code>EMERGING</pres-subject-code><alt1-subject-code>1EM65</alt1-subject-code></pres-subject-wrap><eos/><eop/></pres-subject-block><pres-industry-block><bop/><bos/><pres-industry-wrap><pres-industry>Aerospace &amp; Defense</pres-industry><pres-industry-code>AERDEFFR</pres-industry-code><alt1-industry-code>1AE96</alt1-industry-code></pres-industry-wrap><pres-industry-wrap><pres-industry>Defense</pres-industry><pres-industry-code>DEOVER1</pres-industry-code><alt1-industry-code>1DE43</alt1-industry-code></pres-industry-wrap><pres-industry-wrap><pres-industry>Defense Intelligence</pres-industry><pres-industry-code>DDINTELI</pres-industry-code><alt1-industry-code>1DE90</alt1-industry-code></pres-industry-wrap><pres-industry-wrap><pres-industry>Electronic &amp; Information Warfare</pres-industry><pres-industry-code>EWARFARE</pres-industry-code><alt1-industry-code>1EL90</alt1-industry-code></pres-industry-wrap><pres-industry-wrap><pres-industry>Electronic Information Censorship</pres-industry><pres-industry-code>ELECCENS</pres-industry-code><alt1-industry-code>1EL52</alt1-industry-code></pres-industry-wrap><pres-industry-wrap><pres-industry>Internet</pres-industry><pres-industry-code>INTERNET</pres-industry-code><alt1-industry-code>1IN27</alt1-industry-code></pres-industry-wrap><pres-industry-wrap><pres-industry>Internet Media</pres-industry><pres-industry-code>INTMEDIA</pres-industry-code><alt1-industry-code>1IN67</alt1-industry-code></pres-industry-wrap><pres-industry-wrap><pres-industry>Internet Security</pres-industry><pres-industry-code>WEBSECUR</pres-industry-code><alt1-industry-code>1IN07</alt1-industry-code></pres-industry-wrap><pres-industry-wrap><pres-industry>Online Social Media</pres-industry><pres-industry-code>SOCIALME</pres-industry-code><alt1-industry-code>1ON38</alt1-industry-code></pres-industry-wrap><pres-industry-wrap><pres-industry>Security Software</pres-industry><pres-industry-code>SOFSEC</pres-industry-code><alt1-industry-code>1SE53</alt1-industry-code></pres-industry-wrap><eos/><eop/></pres-industry-block></classification-terms><classification-terms><rcs-block><rcs>B:37</rcs><rcs>G:B1</rcs><rcs>M:B</rcs><rcs>M:S</rcs><rcs>M:FD</rcs><rcs>G:K</rcs><rcs>M:QR</rcs><rcs>B:92</rcs><rcs>G:1</rcs></rcs-block></classification-terms><extraction-terms><extr-company-block><bop/><bos/><norm-company oa-id="4295901784">ANTHEM INC</norm-company><norm-company-wrap occur-sequence="3"><norm-company-name>ANTHEM INC</norm-company-name><company-ids><oa-id>4295901784</oa-id><ric norm="ANTM.N">ANTM.N</ric></company-ids><company-classification><trbc-wrap><trbc type="RCS">B:1662</trbc><trbc type="2012">5530103010</trbc><trbc type="perm-id">4294951339</trbc></trbc-wrap></company-classification><relevancy engine="1C">0.2</relevancy><confidence engine="1C">0.89</confidence></norm-company-wrap><norm-company oa-id="4297297477">FACEBOOK INC</norm-company><norm-company-wrap occur-sequence="1,2,4,5,6"><norm-company-name>FACEBOOK INC</norm-company-name><company-ids><oa-id>4297297477</oa-id><ric norm="FB.OQ">FB.OQ</ric></company-ids><company-classification><trbc-wrap><trbc type="RCS">B:1806</trbc><trbc type="2012">5720103012</trbc><trbc type="perm-id">4294951195</trbc></trbc-wrap></company-classification><relevancy engine="1C">0.8</relevancy><confidence engine="1C">1</confidence></norm-company-wrap><eos/><eop/></extr-company-block></extraction-terms><extraction-terms><extr-person-block><bop/><bos/><extr-person>Dmitri Alperovitch</extr-person><extr-person-wrap><extr-person-name>Dmitri Alperovitch</extr-person-name><relevancy engine="1C">0.2</relevancy></extr-person-wrap><eos/><eop/></extr-person-block></extraction-terms></indexing></document></n-docbody>
</n-document>
<n-document guid="I1e417ab05bc911e599a896be76e2f024"><n-metadata><metadata.block><md.identifiers><md.cites><md.parallelcite><md.parallelcite.info><md.display.parallelcite type="WLNR">2015 WLNR 27404453</md.display.parallelcite></md.parallelcite.info></md.parallelcite><md.first.line.cite>9/15/15 BANKSVCS (No Page)</md.first.line.cite><md.second.line.cite>9/15/15 ARKA Banking Services Bull. (Pg. Unavail. Online)</md.second.line.cite></md.cites><md.uuid>I1e417ab05bc911e599a896be76e2f024</md.uuid></md.identifiers><md.infotype>news</md.infotype><md.sortkeys><md.ordersequence>f469da56c</md.ordersequence></md.sortkeys><md.descriptions><md.title>PRESS CLIPPING</md.title><md.westlawdescrip><md.readlist>READLIST</md.readlist></md.westlawdescrip></md.descriptions><md.dates><md.publisheddatetime>20150915115217</md.publisheddatetime><md.loaddate>20150915</md.loaddate><md.createddatetime>20150915115217</md.createddatetime></md.dates><md.subjects><md.subject><md.pubtype.name/><md.doctype.name>DNR</md.doctype.name><md.doctype.rank/><md.view>CNAM</md.view><md.view>RGEurope</md.view><md.view>PTMagazines</md.view><md.view>ARKANEWS0064119</md.view><md.view>ININTNEWS_AC</md.view><md.view>INFINNEWS</md.view><md.view>INALLNEWS_ACTEST</md.view><md.view>INFARNEWS_AC</md.view><md.view>ANZ_INTLBTI</md.view><md.view>INALLNEWS_AC</md.view><md.view>CLEAR_RF</md.view><md.view>INBUSNEWS</md.view><md.view>INBANKNEWS_AC</md.view><md.view>INBUSNEWS_AC</md.view></md.subject></md.subjects><md.jurisdictions><md.jurisdiction><md.jurisstate>FE</md.jurisstate></md.jurisdiction></md.jurisdictions><md.publications><md.publication/><md.sourcepubid>ARKANEWS</md.sourcepubid></md.publications><md.royalty><md.royalty.code>77232</md.royalty.code></md.royalty></metadata.block><news.metadata.block><md.text.preview>The monitoring of Armenian media reports regarding the activities of local banks from September 7 to 11 shows that the then top newsmaker was Ameriabank - it introduced of a new system of online money transfers via payment cards.It has also become</md.text.preview></news.metadata.block><n-view>CNAM</n-view><n-view>RGEurope</n-view><n-view>PTMagazines</n-view><n-view>ARKANEWS0064119</n-view><n-view>ININTNEWS_AC</n-view><n-view>INFINNEWS</n-view><n-view>INALLNEWS_ACTEST</n-view><n-view>INFARNEWS_AC</n-view><n-view>ANZ_INTLBTI</n-view><n-view>INALLNEWS_AC</n-view><n-view>CLEAR_RF</n-view><n-view>INBUSNEWS</n-view><n-view>INBANKNEWS_AC</n-view><n-view>INBUSNEWS_AC</n-view><prism-stylesheet guid="Ia3024d301b6a11d89fc5f34981d3242f"/><prism-clipdate>20150915115217</prism-clipdate></n-metadata>
<n-docbody><document version="1" collection="D-ARKANEWS-T001" first-load-date="20150915115217" ip-product="ARKANEWS" royalty-id="77232" data-model="text" dtd-version="5.2.29" content-type="news" load-language="en" pnac="nNRA078djg" pnac-date="20150915T164505.883"><supplier-info><supplier-num nitf="doc-id" nitf-regsrc="ARKA Banking Services Bulletin" type="accession">2b630032294bf40f</supplier-num><internal-acc-num db-id="NEPRARKA" type="newz">20150915170.4_V2b630032294bf40f</internal-acc-num><rec-status><last-load-date>20150915115217</last-load-date><nitf-date ne="datereceived">20150915T16:45:05Z</nitf-date><nitf-date nitf="date-issue">20150915T00:00:00Z</nitf-date><last-provider-update>20150915164505</last-provider-update></rec-status><supplier-copyright>Copyright Â© 2015 ARKA<copyright-year/><copyright-holder>ARKA</copyright-holder></supplier-copyright><supplier-note nitf="urgency" nitf-ed-urg="4"/><nitf-meta-content name="_newsmlg2-hashtype=nr-htype:doc-group-fuzzy">70440|52749|39952|102889|16265|12672|98619|12399|74185|57684|101936|42501|77318|95872|44147|37534|49056|31935|33245|7815|49153|5710|12556|78475|25531|2272|49807|19784|80396|72241|55954|52982|4218|22135|94379|47091|66570|54729|27200|11337|6581|12669|15464|13916|56321|69133|106941|108621|67874|7106|87927|57766|15475|645|45910|14266|106192|54797|10403|76220|</nitf-meta-content><nitf-meta-content name="_newsmlg2-hashtype=nr-htype:doc-group-content-length">4206</nitf-meta-content><nitf-meta-content name="_newsmlg2-hashtype=nr-htype:doc-group-simple">-689db200677d9d7d37b9aaea8ac5859f98a000f5</nitf-meta-content><supplier-dtds><dtd dtd-version="working" dtd-date="20150810T00:00:00Z">Canonical Taxonomy</dtd><dtd dtd-version="20150805" dtd-date="20150810T00:00:00Z">Mapping File</dtd></supplier-dtds><copyright-block type="dialog"><service-copyright n-include_guid="Ice671660f30811d88920000083149a14" n-include_collection="D-DIALOGCOPYRIGHTS-T001"/></copyright-block><copyright-block type="west"><service-copyright n-include_guid="I1DA35ED81DD211B281BAD200220BDFCA" n-include_collection="w_wlnv_msg"/></copyright-block><west-citation-block><bop/><first-line-cite><bos/>9/15/15 BANKSVCS (No Page)<eos/></first-line-cite><second-line-cite><bos/>9/15/15 ARKA Banking Services Bull. (Pg. Unavail. Online)<eos/></second-line-cite><westlawcite><bos/>2015 WLNR 27404453<eos/></westlawcite><eop/></west-citation-block></supplier-info><title-info iso-language="en"><bop/><title type="headline" nitf-hedline="hl1" key="key-title"><bos/><sort-title>PRESS CLIPPING</sort-title><eos/></title><eop/></title-info><pub-info><journal key="key-journal"><bop/><bos/><sort-journal>ARKA Banking Services Bulletin</sort-journal><eos/><eop/></journal><pub-date key="key-date" iso-time="T00:00:00Z" type="date.publication"><full-pub-date>September 15, 2015</full-pub-date><sort-pub-date>20150915</sort-pub-date><sort-pub-timestamp>20150915000000</sort-pub-timestamp><rank-date>20150915</rank-date><currency-timestamp>20150915000000</currency-timestamp></pub-date><original-pub><language iso-language="en">English</language></original-pub><src-data><src-journal-code>ANPY</src-journal-code><src-pub-code>0064119</src-pub-code><src-pub-type>Newsletter</src-pub-type><src-pub-country-wrap><src-pub-country-code>AM</src-pub-country-code><src-pub-country>Armenia</src-pub-country></src-pub-country-wrap><src-pub-region>Europe</src-pub-region></src-data></pub-info><content iso-language="en"><total-char-count>6993</total-char-count><derived-word-count><bop/><bos/>Word Count: 1108<eos/><eop/></derived-word-count><text type="lead-para"><p nitf="lede"><bop/><bos/>The monitoring of Armenian media reports regarding the activities of local banks from September 7 to 11 shows that the then top newsmaker was Ameriabank - it introduced of a new system of online money transfers via payment cards.<eos/><eop/></p><p nitf="lede"><bop/><bos/>It has also become known from media reports that <cite.query w-seq-number="00001" w-ref-type="WC" w-normalized-cite="IF40B3643453D11DD94140014224D2780" ID="I640838d05bca11e596e697394930d7c5">VTB Bank (Armenia</cite.query>) offered automatic charging off utility bills to its clients.<eos/><eop/></p></text><text type="body"><p><bop/><bos/>The bank also organized a festive event for those children of its staff members who began attending school this year.<eos/><eop/></p><p><bop/><bos/>The media reports released by newspapers and Internet resources over the period between September 7 and 11 contained information about two commercial banks.<eos/><eop/></p><p><bop/><bos/>Azg, Golos Armenii, Novoe <cite.query w-seq-number="00002" w-ref-type="NM" w-normalized-cite="canonical_name::VREMYA" ID="I641139805bca11e596e697394930d7c5">Vremya</cite.query>, Aravot, Delovoy Express, Hayastani Hanrapetutyun, Respublika Armenia, Haykakan Zhamanak, Hayots Ashkhar, Iravunk, Orakarg, Yerkir, Hraparak, Chorrord Ishkhanutyun, Zhamanak, Zhoghovurd and 168 Zham newspapers were used to collect the information.<eos/><eop/></p><p><bop/><bos/>Panarmenian, ARKA, Armbanks, Banks, Arminfo, Finport and Panorama and <cite.query w-seq-number="00003" w-ref-type="MM" w-normalized-cite="canonical_name::EBANK" ID="I6415cd605bca11e596e697394930d7c5">Ebank</cite.query> Internet resources were used as well. ---0---<eos/><eop/></p><section-title>AMERIABANK ANNOUNCES NEW SYSTEM OF ONLINE MONEY TRANSFERS</section-title><p><bop/><bos/>Yerevan-based <cite.query w-seq-number="00004" w-ref-type="CO" w-normalized-cite="IC0E94EA04D4211DF8364B0DA947806B1" ID="I641a13205bca11e596e697394930d7c5">Ameriabank</cite.query> has announced the launch of a new system of online money transfers via payment cards as part of its package of remote banking services.<eos/><eop/></p><p><bop/><bos/>&quot;From now on online card-to-card money transfers as well as money transfers from a card to an Ameriabank account can be made by using <cite.query w-seq-number="00005" w-ref-type="MM" w-normalized-cite="canonical_name::MASTERCARD" ID="I642892105bca11e596e697394930d7c5">MasterCard</cite.query>, <cite.query w-seq-number="00006" w-ref-type="MM" w-normalized-cite="canonical_name::VISA" ID="I642892115bca11e596e697394930d7c5">Visa</cite.query> or ArCa cards issued by any bank. <eos/><bos/>To do so customers need to visit <cite.query w-seq-number="00007" w-ref-type="CO" w-normalized-cite="IC0E94EA04D4211DF8364B0DA947806B1" ID="I642892125bca11e596e697394930d7c5">Ameriabank</cite.query>&apos;s official website,&quot; the bank said in a press release.<eos/><eop/></p><p><bop/><bos/>The peculiarity of this system lies in the fact that one has to have access to Internet to make the money transfer. <eos/><bos/>He/she will have to enter the account number or the number of beneficiary&apos;s card. <eos/><bos/>No need to register the virtual card. <eos/><bos/>The amount on the recipient&apos;s account is activated immediately.<eos/><eop/></p><p><bop/><bos/>The system is protected by secure SSL connections; besides, the security of money transfers through payment cards via internet is ensured by Master Card Secure Code and VISA Verified by Visa (VbV) technologies.<eos/><eop/></p><p><bop/><bos/>Sources: www.arka.am 07.09.2015, www.banks.am 8.09.2015, www.finport.am 07.09.2015, www.arminfo.am 07.09.2015. www.panorama.am 07.09.2015<eos/><eop/></p><section-title>VTB BANK (ARMENIA) ORGANIZED FESTIVE EVENTS FOR STAFF CHILDREN</section-title><p><bop/><bos/>VTB Bank (Armenia) organized a festive event for those children of its staff members who began attending school this year at Good Time entertainment center on Halabyan street in Yerevan.<eos/><eop/></p><p><bop/><bos/>&quot;More than 30 children of the bank&apos;s employees from Yerevan, Ararat, Masis, Hrazdan, Charentsavan, Dilijan, Vanadzor and Yeghegnadzor, had fun and interesting time in the entertainment center, where they had at their disposal the gaming halls and rides, the bank said in a press release.<eos/><eop/></p><p><bop/><bos/>Sources: www.arka.am 07.09.2015, www.armbanks.am 07.09.2015, www.banks.am 07.09.2015, www.finport.am 07.09.2015, www.arminfo.am 07.09.2015<eos/><eop/></p><section-title>VTB BANK (ARMENIA) OFFERS AUTOMATIC CHARGING OFF UTILITY BILLS</section-title><p><bop/><bos/>VTB Bank (Armenia) said its customers can now sign contracts for automatic payment of their utility bills (the money will be charged off from their bank accounts), saying also the new service will enable them to save time and avoid all the inconveniences that arise when they have to visit a bank office to pay monthly utility fees.<eos/><eop/></p><p><bop/><bos/>It said in a press release that customers who sign contracts will receive SMS-messages on the 12th day of each month with detailed information about the amount of their bills for all types of utilities and therefore they could verify in advance whether the money to be charged off is correct.<eos/><eop/></p><p><bop/><bos/>If a customer has to pay monthly utility bills for several apartments at the same time, he/she will be able not only to form a group of utility bills, but also to give specific names to each group (for example, &quot;Home&quot;, &quot;Parents&quot;, etc.) and then receive monthly information about the amount of debt for each apartment (group) via SMS-messages separately.<eos/><eop/></p><p><bop/><bos/>The bank said the contract enables customers to set the maximum limit for each type of utility payment.<eos/><eop/></p><p><bop/><bos/>Thus, the customer will be able to oversee the entire process of how utility payments are charged off.<eos/><eop/></p><p><bop/><bos/>Contracts can be signed at any branch of the bank. <eos/><bos/>The cost of every SMS-message is 30 drams (including VAT).<eos/><eop/></p><p><bop/><bos/>Sources: www.arka.am 11.09.2015, www.armbanks.am 11.09.2015, www.banks.am 11.09.2015, www.finport.am 11.09.2015, www.arminfo.am 11.09.2015<eos/><eop/></p><section-title>ARMENIAN BANKS&apos; TOTAL LIQUIDITY INDICATORS ROSE BY 0.7 PERCENTAGE POINT IN JULY TO 26% - CENTRAL BANK</section-title><p><bop/><bos/>Armenian banks&apos; total liquidity indicators (highly liquid assets / total assets) rose by 0.7 percentage point in July to overall 26%, according to data, placed on the <cite.query w-seq-number="00008" w-ref-type="MM" w-normalized-cite="canonical_name::CENTRAL BANK" ID="I643bcbf05bca11e596e697394930d7c5">Central Bank</cite.query>&apos;s official website.<eos/><eop/></p><p><bop/><bos/>The banks&apos; liquidity indicators due to a serious devaluation of the Armenian national currency, the dram, and its aftereffects, had been showing a downward trend since November 2014.<eos/><eop/></p><p><bop/><bos/>According to the <cite.query w-seq-number="00009" w-ref-type="MM" w-normalized-cite="canonical_name::CENTRAL BANK" ID="I644541d05bca11e596e697394930d7c5">Central Bank</cite.query>, current liquidity (high liquid assets / demand liabilities) for the reported period increased by 2.5% to 140.7%.<eos/><eop/></p><p><bop/><bos/>Today the banks exceed substantially the statutory minimum established by the regulator both for total liquidity, which is 15% and current liquidity, which is 60%. -0-<eos/><eop/></p><p><bop/><bos/>Sources: www.armbanks.am 09.09.2015<eos/><eop/></p><section-title>BAD ASSETS AT ARMENIA&apos;S BANKS CONTINUE GROWING - BAGRAT ASATRYAN</section-title><p><bop/><bos/>Bad assets at Armenia&apos;s banks will continue growing, Bagrat Asatryan, a former head of the <cite.query w-seq-number="00010" w-ref-type="CO" w-normalized-cite="I706C7C4142B311DDA5520014224D2780" ID="I64523a205bca11e596e697394930d7c5">Central Bank of Armenia</cite.query>, said in an interview with <cite.query w-seq-number="00011" w-ref-type="NM" w-normalized-cite="canonical_name::ARKA NEWS AGENCY" ID="I64523a215bca11e596e697394930d7c5">ARKA News Agency</cite.query>.<eos/><eop/></p><p><bop/><bos/>According to the central bank&apos;s figures, the share of nonperforming loans in Armenian banks&apos; aggregate loan portfolio reached 9.2% in June 2015 after growing 0.1% over one month. <eos/><bos/>This is a quite high indicator. <eos/><bos/>For comparison, the share of nonperforming loans was 6.1% in June 2014.<eos/><eop/></p><p><bop/><bos/>&quot;I think we are coming up to the red line - it means this problem will grow to the scale that will make it not only banks&apos; problem,&quot; Asatryan said adding that a program able to remedy the situation is needed.<eos/><eop/></p><p><bop/><bos/>&quot;Not one measure, but a package of measures is needed to recover the banking sector. <eos/><bos/>However, the government turns a blind eye to this trouble and things have already aggravated. <eos/><bos/>Our banking sector is now working with losses because of the deteriorating quality of assets.&quot;<eos/><eop/></p><p><bop/><bos/>Asatryan said that decline is already recorded on some general indicators it will continue until rehabilitation processes begin in the country&apos;s economy that is in need of structural changes.<eos/><eop/></p><p><bop/><bos/>He is convinced that the old model that once had worked and produced certain results is now exhausting and it has no future.<eos/><eop/></p><p><bop/><bos/>&quot;Our economy is tied closely to Russia&apos;s economy, and therefore developments in Russia will have impacts on Armenia,&quot; the economist said in his interbiew. &quot;<eos/><bos/>Russia&apos;s economy is badly weakened. <eos/><bos/>Its growth first of all depends on oil prices, and their fall strikes hard at the Russian economy. <eos/><bos/>The oil price $100 per barrel is a forgotten fairy tale and nothing like that is expected for the next 10 or 20 years. <eos/><bos/>As a result, adverse developments will be seen in Russia&apos;s economy and society.&quot;<eos/><eop/></p><p><bop/><bos/>Source: www.armbanks.am 10.09.2015<eos/><eop/></p></text></content><indexing iso-language="en" value-add="machine-generated"><classification-terms><pres-location-block><bop/><bos/><pres-location-wrap><pres-location>Armenia</pres-location><pres-location-code>ISOAM</pres-location-code><alt1-location-code>1AR09</alt1-location-code></pres-location-wrap><pres-location-wrap><pres-location>Asia</pres-location><pres-location-code>GEOASIA</pres-location-code><alt1-location-code>1AS61</alt1-location-code></pres-location-wrap><pres-location-wrap><pres-location>CIS Countries</pres-location><pres-location-code>CISSTAT</pres-location-code><alt1-location-code>1CI64</alt1-location-code></pres-location-wrap><pres-location-wrap><pres-location>Eastern Europe</pres-location><pres-location-code>GEOEEUR</pres-location-code><alt1-location-code>1EA48</alt1-location-code></pres-location-wrap><pres-location-wrap><pres-location>Europe</pres-location><pres-location-code>GEOEUR</pres-location-code><alt1-location-code>1EU83</alt1-location-code></pres-location-wrap><pres-location-wrap><pres-location>Russia</pres-location><pres-location-code>ISORU</pres-location-code><alt1-location-code>1RU33</alt1-location-code></pres-location-wrap><eos/><eop/></pres-location-block></classification-terms><classification-terms><pres-subject-block><bop/><bos/><pres-subject-wrap><pres-subject>CIS</pres-subject><pres-subject-code>GEOCIS</pres-subject-code><alt1-subject-code>1CI65</alt1-subject-code></pres-subject-wrap><pres-subject-wrap><pres-subject>Economic Policy &amp; Policymakers</pres-subject><pres-subject-code>ECONRULE</pres-subject-code><alt1-subject-code>1EC69</alt1-subject-code></pres-subject-wrap><pres-subject-wrap><pres-subject>Economics &amp; Trade</pres-subject><pres-subject-code>TRADE</pres-subject-code><alt1-subject-code>1EC26</alt1-subject-code></pres-subject-wrap><pres-subject-wrap><pres-subject>Emerging Market Countries</pres-subject><pres-subject-code>EMERGING</pres-subject-code><alt1-subject-code>1EM65</alt1-subject-code></pres-subject-wrap><pres-subject-wrap><pres-subject>Monetary Policy</pres-subject><pres-subject-code>PTMONET</pres-subject-code><alt1-subject-code>1MO18</alt1-subject-code></pres-subject-wrap><pres-subject-wrap><pres-subject>World Organizations</pres-subject><pres-subject-code>GEOORGS</pres-subject-code><alt1-subject-code>1IN77</alt1-subject-code></pres-subject-wrap><eos/><eop/></pres-subject-block><pres-industry-block><bop/><bos/><pres-industry-wrap><pres-industry>Banking</pres-industry><pres-industry-code>BANKOVER</pres-industry-code><alt1-industry-code>1BA20</alt1-industry-code></pres-industry-wrap><pres-industry-wrap><pres-industry>Credit, Debit &amp; Value Cards</pres-industry><pres-industry-code>CCARDS</pres-industry-code><alt1-industry-code>1CR28</alt1-industry-code></pres-industry-wrap><pres-industry-wrap><pres-industry>Debit Cards</pres-industry><pres-industry-code>DEBCARDS</pres-industry-code><alt1-industry-code>1DE11</alt1-industry-code></pres-industry-wrap><pres-industry-wrap><pres-industry>Financial Services</pres-industry><pres-industry-code>FINSVC</pres-industry-code><alt1-industry-code>1FI37</alt1-industry-code></pres-industry-wrap><pres-industry-wrap><pres-industry>Financial Services Regulatory</pres-industry><pres-industry-code>FINREG</pres-industry-code><alt1-industry-code>1FI03</alt1-industry-code></pres-industry-wrap><pres-industry-wrap><pres-industry>Major Central Banks</pres-industry><pres-industry-code>MAJCBANK</pres-industry-code><alt1-industry-code>1MA01</alt1-industry-code></pres-industry-wrap><pres-industry-wrap><pres-industry>Press Releases</pres-industry><pres-industry-code>ANNOUNCE</pres-industry-code><alt1-industry-code>1PR19</alt1-industry-code></pres-industry-wrap><pres-industry-wrap><pres-industry>Retail Banking Services</pres-industry><pres-industry-code>RTBNKOVR</pres-industry-code><alt1-industry-code>1RE38</alt1-industry-code></pres-industry-wrap><eos/><eop/></pres-industry-block></classification-terms><classification-terms><rcs-block><rcs>B:126</rcs><rcs>B:125</rcs><rcs>E:5</rcs><rcs>B:128</rcs><rcs>G:B2</rcs><rcs>B:127</rcs><rcs>G:7I</rcs><rcs>G:Y</rcs><rcs>M:8</rcs><rcs>E:B</rcs><rcs>G:B</rcs><rcs>M:32</rcs><rcs>G:A</rcs><rcs>G:K</rcs><rcs>G:38</rcs><rcs>B:129</rcs><rcs>G:AJ</rcs><rcs>G:1</rcs></rcs-block></classification-terms><extraction-terms><extr-company-block><bop/><bos/><extr-company>168 Zham</extr-company><extr-company-wrap><extr-company-name>168 Zham</extr-company-name><relevancy engine="1C">0.2</relevancy><confidence engine="1C">0.73</confidence></extr-company-wrap><extr-company>CONTINUE GROWING - BAGRAT ASATRYANBad</extr-company><extr-company-wrap><extr-company-name>CONTINUE GROWING - BAGRAT ASATRYANBad</extr-company-name><relevancy engine="1C">0.2</relevancy><confidence engine="1C">0.84</confidence></extr-company-wrap><norm-company oa-id="5000943280">AMERIABANK CJSC</norm-company><norm-company-wrap occur-sequence="1,4,5,6,8"><norm-company-name>AMERIABANK CJSC</norm-company-name><company-ids><oa-id>5000943280</oa-id></company-ids><company-classification><trbc-wrap><trbc type="RCS">B:1615</trbc><trbc type="2012">5510101010</trbc><trbc type="perm-id">4294951386</trbc></trbc-wrap></company-classification><relevancy engine="1C">0.8</relevancy><confidence engine="1C">0.8</confidence></norm-company-wrap><norm-company oa-id="4295887248">VTB BANK (OPEN JOINT STOCK COMPANY)</norm-company><norm-company-wrap occur-sequence="2"><norm-company-name>VTB BANK (OPEN JOINT STOCK COMPANY)</norm-company-name><company-ids><oa-id>4295887248</oa-id><ric norm="VTBR.MMO">VTBR.MMO</ric></company-ids><company-classification><trbc-wrap><trbc type="RCS">B:1615</trbc><trbc type="2012">5510101010</trbc><trbc type="perm-id">4294951386</trbc></trbc-wrap></company-classification><relevancy engine="1C">0.2</relevancy><confidence engine="1C">0.78</confidence></norm-company-wrap><norm-company oa-id="4298015179">VISA INC</norm-company><norm-company-wrap occur-sequence="7,9,10"><norm-company-name>VISA INC</norm-company-name><company-ids><oa-id>4298015179</oa-id><ric norm="V.N">V.N</ric></company-ids><company-classification><trbc-wrap><trbc type="RCS">B:1219</trbc><trbc type="2012">5220304010</trbc><trbc type="perm-id">4294951782</trbc></trbc-wrap></company-classification><relevancy engine="1C">0.5</relevancy><confidence engine="1C">1</confidence></norm-company-wrap><norm-company oa-id="4295901746">EBANK FINANCIAL SERVICES INC</norm-company><norm-company-wrap occur-sequence="3"><norm-company-name>EBANK FINANCIAL SERVICES INC</norm-company-name><company-ids><oa-id>4295901746</oa-id><ric norm="EBDC.PK">EBDC.PK</ric></company-ids><company-classification><trbc-wrap><trbc type="RCS">B:1615</trbc><trbc type="2012">5510101010</trbc><trbc type="perm-id">4294951386</trbc></trbc-wrap></company-classification><relevancy engine="1C">0.2</relevancy><confidence engine="1C">0.83</confidence></norm-company-wrap><eos/><eop/></extr-company-block></extraction-terms><extraction-terms><extr-person-block><bop/><bos/><extr-person>Bagrat Asatryan</extr-person><extr-person-wrap><extr-person-name>Bagrat Asatryan</extr-person-name><relevancy engine="1C">0.2</relevancy></extr-person-wrap><eos/><eop/></extr-person-block></extraction-terms></indexing></document></n-docbody>
</n-document>
<n-document guid="I2dad5f305b7b11e5bc448d3219668f6c"><n-metadata><metadata.block><md.identifiers><md.cites><md.first.line.cite>9/15/15 NEWS 00:00:00</md.first.line.cite><md.second.line.cite>9/15/15 ARKA News Agency 00:00:00</md.second.line.cite></md.cites><md.uuid>I2dad5f305b7b11e5bc448d3219668f6c</md.uuid></md.identifiers><md.infotype>news</md.infotype><md.sortkeys><md.ordersequence>f47363bec</md.ordersequence></md.sortkeys><md.descriptions><md.title>GOOGLE FOUND GUILTY OF &apos;ABUSING DOMINANT MARKET POSITION&apos; IN RUSSIA</md.title><md.westlawdescrip><md.readlist>READLIST</md.readlist></md.westlawdescrip></md.descriptions><md.dates><md.publisheddatetime>20150915023215</md.publisheddatetime><md.loaddate>20150915</md.loaddate><md.createddatetime>20150915023215</md.createddatetime></md.dates><md.subjects><md.subject><md.pubtype.name/><md.doctype.name>DNR</md.doctype.name><md.doctype.rank/><md.view>CNGE</md.view><md.view>RGEurope</md.view><md.view>PTNewswires</md.view><md.view>ARKANEWS0063786</md.view><md.view>INALLNEWS_ACTEST</md.view><md.view>INFARNEWS_AC</md.view><md.view>MARKETSEIKON_CN</md.view><md.view>MARKETSEIKON</md.view><md.view>CB_ASIAWIRES</md.view><md.view>INWIRES_AC</md.view><md.view>GULF_INTL</md.view><md.view>ININTNEWS_AC</md.view><md.view>ANZ_INTLOS</md.view><md.view>CLEAR_RF</md.view><md.view>INALLNEWS_AC</md.view><md.view>INNEWSINT_PRO</md.view><md.view>INBUSNEWS</md.view><md.view>INNEWSWORLD_PRO</md.view><md.view>INBUSNEWS_AC</md.view></md.subject></md.subjects><md.jurisdictions><md.jurisdiction><md.jurisstate>FE</md.jurisstate></md.jurisdiction></md.jurisdictions><md.publications><md.publication/><md.sourcepubid>ARKANEWS</md.sourcepubid></md.publications><md.royalty><md.royalty.code>84104</md.royalty.code></md.royalty></metadata.block><news.metadata.block><md.text.preview>COMPANIESYEREVAN, September 15. / ARKA /. Google Inc. has been found guilty in a rapid Russian antitrust probe, a spokesperson for the country&apos;s antitrust regulator told The Wall Street Journal.</md.text.preview></news.metadata.block><newsplus.recommendable>1</newsplus.recommendable><n-view>CNGE</n-view><n-view>RGEurope</n-view><n-view>PTNewswires</n-view><n-view>ARKANEWS0063786</n-view><n-view>INALLNEWS_ACTEST</n-view><n-view>INFARNEWS_AC</n-view><n-view>MARKETSEIKON_CN</n-view><n-view>MARKETSEIKON</n-view><n-view>CB_ASIAWIRES</n-view><n-view>INWIRES_AC</n-view><n-view>GULF_INTL</n-view><n-view>ININTNEWS_AC</n-view><n-view>ANZ_INTLOS</n-view><n-view>CLEAR_RF</n-view><n-view>INALLNEWS_AC</n-view><n-view>INNEWSINT_PRO</n-view><n-view>INBUSNEWS</n-view><n-view>INNEWSWORLD_PRO</n-view><n-view>INBUSNEWS_AC</n-view><prism-stylesheet guid="Ia3024d301b6a11d89fc5f34981d3242f"/><prism-clipdate>20150915023215</prism-clipdate></n-metadata>
<n-docbody><document version="1" collection="D-ARKANEWS-T001" first-load-date="20150915023215" ip-product="ARKANEWS" royalty-id="84104" data-model="text" dtd-version="5.2.29" content-type="news" load-language="en" pnac="nNRA076poz" pnac-date="20150915T072711.011"><supplier-info><supplier-num nitf="doc-id" nitf-regsrc="ARKA News Agency" type="accession">ae4c00036e09c986</supplier-num><internal-acc-num db-id="NEPRARKA" type="newz">20150915170.1_Vae4c00036e09c986</internal-acc-num><rec-status><last-load-date>20150915023215</last-load-date><nitf-date ne="datereceived">20150915T07:27:11Z</nitf-date><nitf-date nitf="date-issue">20150915T00:00:00Z</nitf-date><last-provider-update>20150915072711</last-provider-update></rec-status><supplier-copyright>Copyright Â© 2015 ARKA<copyright-year/><copyright-holder>ARKA</copyright-holder></supplier-copyright><supplier-note nitf="urgency" nitf-ed-urg="4"/><nitf-meta-content name="recommendable">1</nitf-meta-content><nitf-meta-content name="_newsmlg2-hashtype=nr-htype:doc-group-fuzzy">21906|98619|32114|71555|20534|42886|112971|95367|40078|75978|109627|84583|40474|61124|35353|112065|90194|84095|44822|56337|29681|1536|83886|2957|30940|108102|43095|73814|2660|20568|13665|108854|94083|36682|45876|81869|28179|106295|101843|54041|65679|65590|34206|72267|7947|87169|65372|109434|72292|16601|40905|69741|80431|20767|73219|25234|73182|74021|104170|37732|</nitf-meta-content><nitf-meta-content name="_newsmlg2-hashtype=nr-htype:doc-group-content-length">1005</nitf-meta-content><nitf-meta-content name="_newsmlg2-hashtype=nr-htype:doc-group-simple">-5d0e57f78e21456b46a8e818af8824f7f46aab56</nitf-meta-content><supplier-dtds><dtd dtd-version="working" dtd-date="20150810T00:00:00Z">Canonical Taxonomy</dtd><dtd dtd-version="20150805" dtd-date="20150810T00:00:00Z">Mapping File</dtd></supplier-dtds><copyright-block type="dialog"><service-copyright n-include_guid="Ice671660f30811d88920000083149a14" n-include_collection="D-DIALOGCOPYRIGHTS-T001"/></copyright-block><copyright-block type="west"><service-copyright n-include_guid="I1DA35ED81DD211B281BAD200220BDFCA" n-include_collection="w_wlnv_msg"/></copyright-block><west-citation-block><bop/><first-line-cite><bos/>9/15/15 NEWS 00:00:00<eos/></first-line-cite><second-line-cite><bos/>9/15/15 ARKA News Agency 00:00:00<eos/></second-line-cite><eop/></west-citation-block></supplier-info><title-info iso-language="en"><bop/><title type="headline" nitf-hedline="hl1" key="key-title"><bos/><sort-title><cite.query w-seq-number="00001" w-ref-type="MM" w-normalized-cite="canonical_name::GOOGLE" ID="If0f87d305b7b11e5a7f7f63ca5a4e5b3">GOOGLE</cite.query> FOUND GUILTY OF &apos;ABUSING DOMINANT MARKET POSITION&apos; IN RUSSIA</sort-title><eos/></title><eop/></title-info><pub-info><journal key="key-journal"><bop/><bos/><sort-journal>ARKA News Agency</sort-journal><eos/><eop/></journal><pub-date key="key-date" iso-time="T00:00:00Z" type="date.publication"><full-pub-date>September 15, 2015</full-pub-date><sort-pub-date>20150915</sort-pub-date><sort-pub-timestamp>20150915000000</sort-pub-timestamp><rank-date>20150915</rank-date><currency-timestamp>20150915000000</currency-timestamp></pub-date><original-pub><language iso-language="en">English</language></original-pub><src-data><src-journal-code>ANPV</src-journal-code><src-pub-code>0063786</src-pub-code><src-pub-type>Newswire</src-pub-type><src-pub-country-wrap><src-pub-country-code>GE</src-pub-country-code><src-pub-country>Georgia CIS</src-pub-country></src-pub-country-wrap><src-pub-region>Europe</src-pub-region></src-data></pub-info><content iso-language="en"><total-char-count>1638</total-char-count><derived-word-count><bop/><bos/>Word Count: 255<eos/><eop/></derived-word-count><text type="lead-para"><p nitf="lede"><bop/>COMPANIES<eop/></p><p nitf="lede"><bop/><bos/>YEREVAN, September 15. / ARKA /. <cite.query w-seq-number="00002" w-ref-type="CO" w-normalized-cite="I4EEE04F441E911DDAD6B0014224D2780" ID="If102b6605b7b11e5a7f7f63ca5a4e5b3">Google Inc.</cite.query> has been found guilty in a rapid Russian antitrust probe, a spokesperson for the country&apos;s antitrust regulator told <cite.query w-seq-number="00003" w-ref-type="NM" w-normalized-cite="canonical_name::WALL STREET JOURNAL (THE)" ID="If102b6615b7b11e5a7f7f63ca5a4e5b3">The Wall Street Journal</cite.query>.<eos/><eop/></p></text><text type="body"><p><bop/><bos/>In February, Russia&apos;s <cite.query w-seq-number="00004" w-ref-type="CO" w-normalized-cite="I60E30AD0A5FC11E2BD069D2A6D94BAF1" ID="If11023e05b7b11e5a7f7f63ca5a4e5b3">Federal Antimonopoly Service</cite.query> (FAS) opened a probe into <cite.query w-seq-number="00005" w-ref-type="MM" w-normalized-cite="canonical_name::GOOGLE" ID="If11023e15b7b11e5a7f7f63ca5a4e5b3">Google</cite.query> for alleged anticompetitive practices related to how the company bundles apps with its Android mobile operating system.<eos/><eop/></p><p><bop/><bos/>The company was found guilty of &quot;abusing its dominant market position,&quot; but not of &quot;unfair competition practices,&quot; the regulator told <cite.query w-seq-number="00006" w-ref-type="NM" w-normalized-cite="canonical_name::WALL STREET JOURNAL (THE)" ID="If116b3905b7b11e5a7f7f63ca5a4e5b3">The Wall Street Journal</cite.query>.<eos/><eop/></p><p><bop/><bos/>The Russian agency will have 10 business days to issue its ruling on the case in full. &quot;<eos/><bos/>We haven&apos;t yet received the ruling,&quot; <cite.query w-seq-number="00007" w-ref-type="MM" w-normalized-cite="canonical_name::GOOGLE" ID="If11ddf805b7b11e5a7f7f63ca5a4e5b3">Google</cite.query>&apos;s Russia spokeswoman said. &quot;<eos/><bos/>When we do, we will study it and determine our next steps.&quot;<eos/><eop/></p><p><bop/><bos/>The probe follows a complaint from Russia&apos;s biggest Internet firm, <cite.query w-seq-number="00008" w-ref-type="CO" w-normalized-cite="IA8AA9740570511E0B507DE267DF909C1" ID="If136e5c05b7b11e5a7f7f63ca5a4e5b3">Yandex NV</cite.query>, which accused <cite.query w-seq-number="00009" w-ref-type="MM" w-normalized-cite="canonical_name::GOOGLE" ID="If136e5c15b7b11e5a7f7f63ca5a4e5b3">Google</cite.query> of unfair practices. <eos/><bos/>Yandex said that it &quot;welcomes the positive decision by <cite.query w-seq-number="00010" w-ref-type="MM" w-normalized-cite="canonical_name::FAS" ID="If136e5c25b7b11e5a7f7f63ca5a4e5b3">FAS</cite.query> which has figured out this complicated case and having studied the proof, has confirmed <cite.query w-seq-number="00011" w-ref-type="MM" w-normalized-cite="canonical_name::GOOGLE" ID="If136e5c35b7b11e5a7f7f63ca5a4e5b3">Google</cite.query>&apos;s violations.&quot;<eos/><eop/></p><p><bop/><bos/>A spokesman for <cite.query w-seq-number="00012" w-ref-type="CO" w-normalized-cite="IA8AA9740570511E0B507DE267DF909C1" ID="If13d75705b7b11e5a7f7f63ca5a4e5b3">Yandex</cite.query> said the company &quot;believes that<eos/><eop/></p><p><bop/><bos/>Following the ruling, <cite.query w-seq-number="00013" w-ref-type="MM" w-normalized-cite="canonical_name::GOOGLE" ID="If15717f05b7b11e5a7f7f63ca5a4e5b3">Google</cite.query> faces possible mandates to change its agreements with phone and other device manufacturers to accommodate the concerns of Yandex and other developers. <eos/><bos/><cite.query w-seq-number="00014" w-ref-type="MM" w-normalized-cite="canonical_name::GOOGLE" ID="If15717f15b7b11e5a7f7f63ca5a4e5b3">Google</cite.query> could also face an as-yet-unspecified fine.<eos/><eop/></p><p><bop/><bos/><cite.query w-seq-number="00015" w-ref-type="MM" w-normalized-cite="canonical_name::GOOGLE" ID="If165bdf05b7b11e5a7f7f63ca5a4e5b3">Google</cite.query>&apos;s share of Russian online search is lower than in most over countries, with Yandex controlling more than half of the market, according to data from Liveinternet.ru. So the adverse Russian antitrust ruling may not have a big impact on <cite.query w-seq-number="00016" w-ref-type="MM" w-normalized-cite="canonical_name::GOOGLE" ID="If165bdf15b7b11e5a7f7f63ca5a4e5b3">Google</cite.query>&apos;s main search advertising business. <eos/><bos/>M.V. -0-<eos/><eop/></p></text></content><indexing iso-language="en" value-add="machine-generated"><classification-terms><pres-location-block><bop/><bos/><pres-location-wrap><pres-location>Asia</pres-location><pres-location-code>GEOASIA</pres-location-code><alt1-location-code>1AS61</alt1-location-code></pres-location-wrap><pres-location-wrap><pres-location>CIS Countries</pres-location><pres-location-code>CISSTAT</pres-location-code><alt1-location-code>1CI64</alt1-location-code></pres-location-wrap><pres-location-wrap><pres-location>Eastern Europe</pres-location><pres-location-code>GEOEEUR</pres-location-code><alt1-location-code>1EA48</alt1-location-code></pres-location-wrap><pres-location-wrap><pres-location>Europe</pres-location><pres-location-code>GEOEUR</pres-location-code><alt1-location-code>1EU83</alt1-location-code></pres-location-wrap><pres-location-wrap><pres-location>Russia</pres-location><pres-location-code>ISORU</pres-location-code><alt1-location-code>1RU33</alt1-location-code></pres-location-wrap><eos/><eop/></pres-location-block></classification-terms><classification-terms><pres-subject-block><bop/><bos/><pres-subject-wrap><pres-subject>Antitrust Regulatory</pres-subject><pres-subject-code>ANTITRST</pres-subject-code><alt1-subject-code>1AN52</alt1-subject-code></pres-subject-wrap><pres-subject-wrap><pres-subject>Economics &amp; Trade</pres-subject><pres-subject-code>TRADE</pres-subject-code><alt1-subject-code>1EC26</alt1-subject-code></pres-subject-wrap><pres-subject-wrap><pres-subject>Emerging Market Countries</pres-subject><pres-subject-code>EMERGING</pres-subject-code><alt1-subject-code>1EM65</alt1-subject-code></pres-subject-wrap><pres-subject-wrap><pres-subject>Major Corporations</pres-subject><pres-subject-code>MAJCORP</pres-subject-code><alt1-subject-code>1MA93</alt1-subject-code></pres-subject-wrap><pres-subject-wrap><pres-subject>Monopolies</pres-subject><pres-subject-code>PTMONO</pres-subject-code><alt1-subject-code>1MO68</alt1-subject-code></pres-subject-wrap><eos/><eop/></pres-subject-block><pres-industry-block><bop/><bos/><pres-industry-wrap><pres-industry>I.T.</pres-industry><pres-industry-code>ITOVER</pres-industry-code><alt1-industry-code>1IT96</alt1-industry-code></pres-industry-wrap><pres-industry-wrap><pres-industry>Internet</pres-industry><pres-industry-code>INTERNET</pres-industry-code><alt1-industry-code>1IN27</alt1-industry-code></pres-industry-wrap><pres-industry-wrap><pres-industry>Internet Software</pres-industry><pres-industry-code>WEBSOFT</pres-industry-code><alt1-industry-code>1IN50</alt1-industry-code></pres-industry-wrap><pres-industry-wrap><pres-industry>Internet Technology</pres-industry><pres-industry-code>INFOHWY</pres-industry-code><alt1-industry-code>1IN39</alt1-industry-code></pres-industry-wrap><pres-industry-wrap><pres-industry>PC O/S Platforms</pres-industry><pres-industry-code>PCOSPL</pres-industry-code><alt1-industry-code>1PC73</alt1-industry-code></pres-industry-wrap><pres-industry-wrap><pres-industry>Search Engines</pres-industry><pres-industry-code>WEBSRCH</pres-industry-code><alt1-industry-code>1SE87</alt1-industry-code></pres-industry-wrap><pres-industry-wrap><pres-industry>Software</pres-industry><pres-industry-code>SOFOVER1</pres-industry-code><alt1-industry-code>1SO30</alt1-industry-code></pres-industry-wrap><pres-industry-wrap><pres-industry>Software O/S Platforms</pres-industry><pres-industry-code>SOFDOPS1</pres-industry-code><alt1-industry-code>1SO68</alt1-industry-code></pres-industry-wrap><pres-industry-wrap><pres-industry>Software Products</pres-industry><pres-industry-code>SOFTPROD</pres-industry-code><alt1-industry-code>1SO56</alt1-industry-code></pres-industry-wrap><eos/><eop/></pres-industry-block></classification-terms><classification-terms><rcs-block><rcs>E:5</rcs><rcs>G:B2</rcs><rcs>M:S</rcs><rcs>G:Y</rcs><rcs>M:NL</rcs><rcs>B:161</rcs><rcs>B:172</rcs><rcs>B:174</rcs><rcs>M:FG</rcs><rcs>G:B</rcs><rcs>G:A</rcs><rcs>M:N1</rcs><rcs>E:45</rcs><rcs>G:K</rcs><rcs>G:38</rcs><rcs>G:AJ</rcs><rcs>G:1</rcs></rcs-block></classification-terms><extraction-terms><extr-company-block><bop/><bos/><norm-company oa-id="4295899948">GOOGLE INC</norm-company><norm-company-wrap occur-sequence="1,2,3,4,6,8,10,12,13,15"><norm-company-name>GOOGLE INC</norm-company-name><company-ids><oa-id>4295899948</oa-id><ric norm="GOOGL.OQ">GOOGL.OQ</ric></company-ids><company-classification><trbc-wrap><trbc type="RCS">B:1805</trbc><trbc type="2012">5720103011</trbc><trbc type="perm-id">4294951196</trbc></trbc-wrap></company-classification><relevancy engine="1C">0.8</relevancy><confidence engine="1C">1</confidence></norm-company-wrap><norm-company oa-id="4298335166">YANDEX NV</norm-company><norm-company-wrap occur-sequence="5,7,9,11,14"><norm-company-name>YANDEX NV</norm-company-name><company-ids><oa-id>4298335166</oa-id><ric norm="YNDX.OQ">YNDX.OQ</ric></company-ids><company-classification><trbc-wrap><trbc type="RCS">B:1805</trbc><trbc type="2012">5720103011</trbc><trbc type="perm-id">4294951196</trbc></trbc-wrap></company-classification><relevancy engine="1C">0.5</relevancy><confidence engine="1C">1</confidence></norm-company-wrap><eos/><eop/></extr-company-block></extraction-terms></indexing></document></n-docbody>
</n-document>
<n-document guid="Icdeb2f005ba211e5bc448d3219668f6c"><n-metadata><metadata.block><md.identifiers><md.cites><md.first.line.cite>9/15/15 NEWS 00:00:00</md.first.line.cite><md.second.line.cite>9/15/15 ARKA News Agency 00:00:00</md.second.line.cite></md.cites><md.uuid>Icdeb2f005ba211e5bc448d3219668f6c</md.uuid></md.identifiers><md.infotype>news</md.infotype><md.sortkeys><md.ordersequence>f47363bec</md.ordersequence></md.sortkeys><md.descriptions><md.title>TOTAL OF $4.8 MILLION TRADED AT NASDAQ OMX ARMENIA LAST WEEK</md.title><md.westlawdescrip><md.readlist>READLIST</md.readlist></md.westlawdescrip></md.descriptions><md.dates><md.publisheddatetime>20150915072023</md.publisheddatetime><md.loaddate>20150915</md.loaddate><md.createddatetime>20150915072023</md.createddatetime></md.dates><md.subjects><md.subject><md.pubtype.name/><md.doctype.name>DNR</md.doctype.name><md.doctype.rank/><md.view>CNGE</md.view><md.view>RGEurope</md.view><md.view>PTNewswires</md.view><md.view>ARKANEWS0063786</md.view><md.view>INALLNEWS_ACTEST</md.view><md.view>INFARNEWS_AC</md.view><md.view>MARKETSEIKON_CN</md.view><md.view>MARKETSEIKON</md.view><md.view>CB_ASIAWIRES</md.view><md.view>INWIRES_AC</md.view><md.view>GULF_INTL</md.view><md.view>ININTNEWS_AC</md.view><md.view>ANZ_INTLOS</md.view><md.view>CLEAR_RF</md.view><md.view>INALLNEWS_AC</md.view><md.view>INNEWSINT_PRO</md.view><md.view>INBUSNEWS</md.view><md.view>INNEWSWORLD_PRO</md.view><md.view>INBUSNEWS_AC</md.view></md.subject></md.subjects><md.jurisdictions><md.jurisdiction><md.jurisstate>FE</md.jurisstate></md.jurisdiction></md.jurisdictions><md.publications><md.publication/><md.sourcepubid>ARKANEWS</md.sourcepubid></md.publications><md.royalty><md.royalty.code>84104</md.royalty.code></md.royalty></metadata.block><news.metadata.block><md.text.preview>STOCK MARKETYEREVAN, 15 September. / ARKA /. A total of $4.8 million were traded at NASDAQ OMX Armenia stock exchange on September 7- 11. The figure was down from $8.75 million traded a week before, the Central Bank of Armenia told ARKA.</md.text.preview></news.metadata.block><n-view>CNGE</n-view><n-view>RGEurope</n-view><n-view>PTNewswires</n-view><n-view>ARKANEWS0063786</n-view><n-view>INALLNEWS_ACTEST</n-view><n-view>INFARNEWS_AC</n-view><n-view>MARKETSEIKON_CN</n-view><n-view>MARKETSEIKON</n-view><n-view>CB_ASIAWIRES</n-view><n-view>INWIRES_AC</n-view><n-view>GULF_INTL</n-view><n-view>ININTNEWS_AC</n-view><n-view>ANZ_INTLOS</n-view><n-view>CLEAR_RF</n-view><n-view>INALLNEWS_AC</n-view><n-view>INNEWSINT_PRO</n-view><n-view>INBUSNEWS</n-view><n-view>INNEWSWORLD_PRO</n-view><n-view>INBUSNEWS_AC</n-view><prism-stylesheet guid="Ia3024d301b6a11d89fc5f34981d3242f"/><prism-clipdate>20150915072023</prism-clipdate></n-metadata>
<n-docbody><document version="1" collection="D-ARKANEWS-T001" first-load-date="20150915072023" ip-product="ARKANEWS" royalty-id="84104" data-model="text" dtd-version="5.2.29" content-type="news" load-language="en" pnac="nNRA077m8y" pnac-date="20150915T121050.224"><supplier-info><supplier-num nitf="doc-id" nitf-regsrc="ARKA News Agency" type="accession">f19200014cb788b8</supplier-num><internal-acc-num db-id="NEPRARKA" type="newz">20150915170.1_Vf19200014cb788b8</internal-acc-num><rec-status><last-load-date>20150915072023</last-load-date><nitf-date ne="datereceived">20150915T12:10:50Z</nitf-date><nitf-date nitf="date-issue">20150915T00:00:00Z</nitf-date><last-provider-update>20150915121050</last-provider-update></rec-status><supplier-copyright>Copyright Â© 2015 ARKA<copyright-year/><copyright-holder>ARKA</copyright-holder></supplier-copyright><supplier-note nitf="urgency" nitf-ed-urg="4"/><nitf-meta-content name="_newsmlg2-hashtype=nr-htype:doc-group-fuzzy">18907|98619|46897|57684|31935|28270|10798|93066|29340|103059|88962|16303|51902|31950|46335|108854|61020|28254|66273|22369|7947|33633|90427|61794|72741|103430|29413|37732|15491|56508|102805|56273|4902|33902|24300|3355|95632|15394|95195|19934|15243|43634|45672|85271|</nitf-meta-content><nitf-meta-content name="_newsmlg2-hashtype=nr-htype:doc-group-content-length">584</nitf-meta-content><nitf-meta-content name="_newsmlg2-hashtype=nr-htype:doc-group-simple">-319e515ca4a23de9daf586472d944259dff6a8d1</nitf-meta-content><supplier-dtds><dtd dtd-version="working" dtd-date="20150810T00:00:00Z">Canonical Taxonomy</dtd><dtd dtd-version="20150805" dtd-date="20150810T00:00:00Z">Mapping File</dtd></supplier-dtds><copyright-block type="dialog"><service-copyright n-include_guid="Ice671660f30811d88920000083149a14" n-include_collection="D-DIALOGCOPYRIGHTS-T001"/></copyright-block><copyright-block type="west"><service-copyright n-include_guid="I1DA35ED81DD211B281BAD200220BDFCA" n-include_collection="w_wlnv_msg"/></copyright-block><west-citation-block><bop/><first-line-cite><bos/>9/15/15 NEWS 00:00:00<eos/></first-line-cite><second-line-cite><bos/>9/15/15 ARKA News Agency 00:00:00<eos/></second-line-cite><eop/></west-citation-block></supplier-info><title-info iso-language="en"><bop/><title type="headline" nitf-hedline="hl1" key="key-title"><bos/><sort-title>TOTAL OF $4.8 MILLION TRADED AT <cite.query w-seq-number="00001" w-ref-type="CO" w-normalized-cite="IB3F93E8029C011DF9BD7C7F341E042AB" ID="I4950bba05ba411e5bd46f8d250862143">NASDAQ</cite.query> OMX ARMENIA LAST WEEK</sort-title><eos/></title><eop/></title-info><pub-info><journal key="key-journal"><bop/><bos/><sort-journal>ARKA News Agency</sort-journal><eos/><eop/></journal><pub-date key="key-date" iso-time="T00:00:00Z" type="date.publication"><full-pub-date>September 15, 2015</full-pub-date><sort-pub-date>20150915</sort-pub-date><sort-pub-timestamp>20150915000000</sort-pub-timestamp><rank-date>20150915</rank-date><currency-timestamp>20150915000000</currency-timestamp></pub-date><original-pub><language iso-language="en">English</language></original-pub><src-data><src-journal-code>ANPV</src-journal-code><src-pub-code>0063786</src-pub-code><src-pub-type>Newswire</src-pub-type><src-pub-country-wrap><src-pub-country-code>GE</src-pub-country-code><src-pub-country>Georgia CIS</src-pub-country></src-pub-country-wrap><src-pub-region>Europe</src-pub-region></src-data></pub-info><content iso-language="en"><total-char-count>1071</total-char-count><derived-word-count><bop/><bos/>Word Count: 167<eos/><eop/></derived-word-count><text type="lead-para"><p nitf="lede"><bop/><bos/>STOCK MARKET<eos/><eop/></p><p nitf="lede"><bop/><bos/>YEREVAN, 15 September. / ARKA /. A total of $4.8 million were traded at <cite.query w-seq-number="00002" w-ref-type="CO" w-normalized-cite="IB3F93E8029C011DF9BD7C7F341E042AB" ID="I4962bd005ba411e5bd46f8d250862143">NASDAQ</cite.query> OMX Armenia stock exchange on September 7- 11. <eos/><bos/>The figure was down from $8.75 million traded a week before, the <cite.query w-seq-number="00003" w-ref-type="CO" w-normalized-cite="I706C7C4142B311DDA5520014224D2780" ID="I4962bd015ba411e5bd46f8d250862143">Central Bank of Armenia</cite.query> told <cite.query w-seq-number="00004" w-ref-type="NM" w-normalized-cite="canonical_name::ARKA" ID="I4962bd025ba411e5bd46f8d250862143">ARKA</cite.query>.<eos/><eop/></p></text><text type="body"><p><bop/><bos/>It said the cost of USD in these transactions was 485.78 drams. <eos/><bos/>The regulator said no transactions with euros or Russian rubles were effected.<eos/><eop/></p><p><bop/><bos/><cite.query w-seq-number="00005" w-ref-type="CO" w-normalized-cite="IB3F93E8029C011DF9BD7C7F341E042AB" ID="I49766c105ba411e5bd46f8d250862143">NASDAQ</cite.query> OMX Armenia is the new name of the <cite.query w-seq-number="00006" w-ref-type="CO" w-normalized-cite="IFC75AA8441EC11DDAD6B0014224D2780" ID="I49766c115ba411e5bd46f8d250862143">Armenian Stock Exchange</cite.query> ojsc (renamed on January 27, 2009), however, it is also used to refer jointly to the stock exchange and the Central Depository of Armenia ojsc (CDA), as the both companies have been members of the <cite.query w-seq-number="00007" w-ref-type="CO" w-normalized-cite="I259E58B041EA11DDAD6B0014224D2780" ID="I49766c125ba411e5bd46f8d250862143">NASDAQ OMX Group, Inc.</cite.query> since early 2008.<eos/><eop/></p><p><bop/><bos/><cite.query w-seq-number="00008" w-ref-type="CO" w-normalized-cite="IB3F93E8029C011DF9BD7C7F341E042AB" ID="I499788a05ba411e5bd46f8d250862143">NASDAQ</cite.query> OMX Armenia and the <cite.query w-seq-number="00009" w-ref-type="MM" w-normalized-cite="canonical_name::CDA" ID="I499788a15ba411e5bd46f8d250862143">CDA</cite.query> are the major securities market infrastructure institutions in Armenia. <eos/><bos/>Since their inception in 2000, both companies had operated as self-regulatory organizations established by member broker companies, up until demutualization in 2007. <eos/><bos/><cite.query w-seq-number="00010" w-ref-type="CO" w-normalized-cite="IB3F93E8029C011DF9BD7C7F341E042AB" ID="I499788a25ba411e5bd46f8d250862143">NASDAQ</cite.query> OMX Armenia is a part of the world&apos;s largest exchange company, the <cite.query w-seq-number="00011" w-ref-type="CO" w-normalized-cite="I259E58B041EA11DDAD6B0014224D2780" ID="I499788a35ba411e5bd46f8d250862143">NASDAQ OMX Group, Inc.</cite.query> ($1 - 485.08 drams).<eos/>-0-<eop/></p></text></content><indexing iso-language="en" value-add="machine-generated"><classification-terms><pres-location-block><bop/><bos/><pres-location-wrap><pres-location>Armenia</pres-location><pres-location-code>ISOAM</pres-location-code><alt1-location-code>1AR09</alt1-location-code></pres-location-wrap><pres-location-wrap><pres-location>CIS Countries</pres-location><pres-location-code>CISSTAT</pres-location-code><alt1-location-code>1CI64</alt1-location-code></pres-location-wrap><pres-location-wrap><pres-location>Eastern Europe</pres-location><pres-location-code>GEOEEUR</pres-location-code><alt1-location-code>1EA48</alt1-location-code></pres-location-wrap><pres-location-wrap><pres-location>Europe</pres-location><pres-location-code>GEOEUR</pres-location-code><alt1-location-code>1EU83</alt1-location-code></pres-location-wrap><eos/><eop/></pres-location-block></classification-terms><classification-terms><pres-subject-block><bop/><bos/><pres-subject-wrap><pres-subject>CIS</pres-subject><pres-subject-code>GEOCIS</pres-subject-code><alt1-subject-code>1CI65</alt1-subject-code></pres-subject-wrap><pres-subject-wrap><pres-subject>Equity Instruments</pres-subject><pres-subject-code>STOCKINS</pres-subject-code><alt1-subject-code>1EQ90</alt1-subject-code></pres-subject-wrap><pres-subject-wrap><pres-subject>Financial Markets</pres-subject><pres-subject-code>BOURSE</pres-subject-code><alt1-subject-code>1FI87</alt1-subject-code></pres-subject-wrap><pres-subject-wrap><pres-subject>Funding Instruments</pres-subject><pres-subject-code>INVSTING</pres-subject-code><alt1-subject-code>1FU41</alt1-subject-code></pres-subject-wrap><pres-subject-wrap><pres-subject>Stock Closings</pres-subject><pres-subject-code>STOCKEND</pres-subject-code><alt1-subject-code>1ST40</alt1-subject-code></pres-subject-wrap><pres-subject-wrap><pres-subject>Stock Markets</pres-subject><pres-subject-code>STOKMRKT</pres-subject-code><alt1-subject-code>1ST45</alt1-subject-code></pres-subject-wrap><pres-subject-wrap><pres-subject>World Organizations</pres-subject><pres-subject-code>GEOORGS</pres-subject-code><alt1-subject-code>1IN77</alt1-subject-code></pres-subject-wrap><eos/><eop/></pres-subject-block><pres-industry-block><bop/><bos/><pres-industry-wrap><pres-industry>Financial Services</pres-industry><pres-industry-code>FINSVC</pres-industry-code><alt1-industry-code>1FI37</alt1-industry-code></pres-industry-wrap><pres-industry-wrap><pres-industry>Investment Management</pres-industry><pres-industry-code>INVSTMAN</pres-industry-code><alt1-industry-code>1IN34</alt1-industry-code></pres-industry-wrap><pres-industry-wrap><pres-industry>Securities Investment</pres-industry><pres-industry-code>PTSECUR</pres-industry-code><alt1-industry-code>1SE57</alt1-industry-code></pres-industry-wrap><eos/><eop/></pres-industry-block></classification-terms><classification-terms><rcs-block><rcs>B:126</rcs><rcs>E:6</rcs><rcs>B:125</rcs><rcs>G:B2</rcs><rcs>G:7I</rcs><rcs>G:Y</rcs><rcs>A:1</rcs><rcs>B:130</rcs><rcs>G:AJ</rcs><rcs>G:B</rcs><rcs>G:A</rcs></rcs-block></classification-terms><extraction-terms><extr-company-block><bop/><bos/><norm-company oa-id="4295867677">ALPES SA</norm-company><norm-company-wrap occur-sequence="6"><norm-company-name>ALPES SA</norm-company-name><company-ids><oa-id>4295867677</oa-id><ric norm="CDAF.PA">CDAF.PA</ric></company-ids><company-classification><trbc-wrap><trbc type="RCS">B:1419</trbc><trbc type="2012">5330104010</trbc><trbc type="perm-id">4294951582</trbc></trbc-wrap></company-classification><relevancy engine="1C">0.2</relevancy><confidence engine="1C">0.92</confidence></norm-company-wrap><norm-company oa-id="5000143907">NASDAQ OMX ARMENIA OPEN JSK</norm-company><norm-company-wrap occur-sequence="1,2,3,5,7"><norm-company-name>NASDAQ OMX ARMENIA OPEN JSK</norm-company-name><company-ids><oa-id>5000143907</oa-id></company-ids><relevancy engine="1C">0.8</relevancy><confidence engine="1C">0.99</confidence></norm-company-wrap><norm-company oa-id="8589934167">NASDAQ OMX GROUP INC (THE)</norm-company><norm-company-wrap occur-sequence="4,8"><norm-company-name>NASDAQ OMX GROUP INC (THE)</norm-company-name><company-ids><oa-id>8589934167</oa-id><ric norm="NDAQ.OQ">NDAQ.OQ</ric></company-ids><company-classification><trbc-wrap><trbc type="RCS">B:1648</trbc><trbc type="2012">5510205010</trbc><trbc type="perm-id">4294951353</trbc></trbc-wrap></company-classification><relevancy engine="1C">0.2</relevancy><confidence engine="1C">0.99</confidence></norm-company-wrap><eos/><eop/></extr-company-block></extraction-terms></indexing></document></n-docbody>
</n-document>
<n-document guid="Ic44c11c05bc611e59119b5be9f059579"><n-metadata><metadata.block><md.identifiers><md.cites><md.first.line.cite>9/15/15 NEWS 00:00:00</md.first.line.cite><md.second.line.cite>9/15/15 ARKA News Agency 00:00:00</md.second.line.cite></md.cites><md.uuid>Ic44c11c05bc611e59119b5be9f059579</md.uuid></md.identifiers><md.infotype>news</md.infotype><md.sortkeys><md.ordersequence>f47363bec</md.ordersequence></md.sortkeys><md.descriptions><md.title>COOPERATION WITH MICROSOFT MAKES ARMENIA COMPETITIVE IN GLOBAL INFORMATION TECHNOLOGY MARKET, PRIME MINISTER SAYS</md.title><md.westlawdescrip><md.readlist>READLIST</md.readlist></md.westlawdescrip></md.descriptions><md.dates><md.publisheddatetime>20150915113032</md.publisheddatetime><md.loaddate>20150915</md.loaddate><md.createddatetime>20150915113032</md.createddatetime></md.dates><md.subjects><md.subject><md.pubtype.name/><md.doctype.name>DNR</md.doctype.name><md.doctype.rank/><md.view>CNGE</md.view><md.view>RGEurope</md.view><md.view>PTNewswires</md.view><md.view>ARKANEWS0063786</md.view><md.view>INALLNEWS_ACTEST</md.view><md.view>INFARNEWS_AC</md.view><md.view>MARKETSEIKON_CN</md.view><md.view>MARKETSEIKON</md.view><md.view>CB_ASIAWIRES</md.view><md.view>INWIRES_AC</md.view><md.view>GULF_INTL</md.view><md.view>ININTNEWS_AC</md.view><md.view>ANZ_INTLOS</md.view><md.view>CLEAR_RF</md.view><md.view>INALLNEWS_AC</md.view><md.view>INNEWSINT_PRO</md.view><md.view>INBUSNEWS</md.view><md.view>INNEWSWORLD_PRO</md.view><md.view>INBUSNEWS_AC</md.view></md.subject></md.subjects><md.jurisdictions><md.jurisdiction><md.jurisstate>FE</md.jurisstate></md.jurisdiction></md.jurisdictions><md.publications><md.publication/><md.sourcepubid>ARKANEWS</md.sourcepubid></md.publications><md.royalty><md.royalty.code>84104</md.royalty.code></md.royalty></metadata.block><news.metadata.block><md.text.preview>INFORMATION TECHNOLOGIESYEREVAN, September 15. / ARKA / Cooperation with Microsoft is making Armenia competitive in the global information technology market, prime minister Hovik Abrahamyan said today during a meeting with Microsoft director for</md.text.preview></news.metadata.block><n-view>CNGE</n-view><n-view>RGEurope</n-view><n-view>PTNewswires</n-view><n-view>ARKANEWS0063786</n-view><n-view>INALLNEWS_ACTEST</n-view><n-view>INFARNEWS_AC</n-view><n-view>MARKETSEIKON_CN</n-view><n-view>MARKETSEIKON</n-view><n-view>CB_ASIAWIRES</n-view><n-view>INWIRES_AC</n-view><n-view>GULF_INTL</n-view><n-view>ININTNEWS_AC</n-view><n-view>ANZ_INTLOS</n-view><n-view>CLEAR_RF</n-view><n-view>INALLNEWS_AC</n-view><n-view>INNEWSINT_PRO</n-view><n-view>INBUSNEWS</n-view><n-view>INNEWSWORLD_PRO</n-view><n-view>INBUSNEWS_AC</n-view><prism-stylesheet guid="Ia3024d301b6a11d89fc5f34981d3242f"/><prism-clipdate>20150915113032</prism-clipdate></n-metadata>
<n-docbody><document version="1" collection="D-ARKANEWS-T001" first-load-date="20150915113032" ip-product="ARKANEWS" royalty-id="84104" data-model="text" dtd-version="5.2.29" content-type="news" load-language="en" pnac="nNRA078eys" pnac-date="20150915T162815.964"><supplier-info><supplier-num nitf="doc-id" nitf-regsrc="ARKA News Agency" type="accession">b4660001b45b008b</supplier-num><internal-acc-num db-id="NEPRARKA" type="newz">20150915170.1_Vb4660001b45b008b</internal-acc-num><rec-status><last-load-date>20150915113032</last-load-date><nitf-date ne="datereceived">20150915T16:28:15Z</nitf-date><nitf-date nitf="date-issue">20150915T00:00:00Z</nitf-date><last-provider-update>20150915162815</last-provider-update></rec-status><supplier-copyright>Copyright Â© 2015 ARKA<copyright-year/><copyright-holder>ARKA</copyright-holder></supplier-copyright><supplier-note nitf="urgency" nitf-ed-urg="4"/><nitf-meta-content name="recommendable">1</nitf-meta-content><nitf-meta-content name="_newsmlg2-hashtype=nr-htype:doc-group-fuzzy">27189|98619|46374|57684|23323|31935|64334|17372|64480|54103|62545|27539|28239|47380|26291|103201|42921|76605|68444|78870|88248|41836|17711|62081|83565|40048|72068|7765|41252|33780|6303|42930|50978|24553|57726|59995|107324|75626|25110|41012|53814|57044|45602|103566|8020|27615|42560|58252|65604|103696|20201|804|88028|3432|109557|34788|34384|25367|45672|</nitf-meta-content><nitf-meta-content name="_newsmlg2-hashtype=nr-htype:doc-group-content-length">727</nitf-meta-content><nitf-meta-content name="_newsmlg2-hashtype=nr-htype:doc-group-simple">-77c1b29899e49ce73c0305cbff3a3b35af94367a</nitf-meta-content><supplier-dtds><dtd dtd-version="working" dtd-date="20150810T00:00:00Z">Canonical Taxonomy</dtd><dtd dtd-version="20150805" dtd-date="20150810T00:00:00Z">Mapping File</dtd></supplier-dtds><copyright-block type="dialog"><service-copyright n-include_guid="Ice671660f30811d88920000083149a14" n-include_collection="D-DIALOGCOPYRIGHTS-T001"/></copyright-block><copyright-block type="west"><service-copyright n-include_guid="I1DA35ED81DD211B281BAD200220BDFCA" n-include_collection="w_wlnv_msg"/></copyright-block><west-citation-block><bop/><first-line-cite><bos/>9/15/15 NEWS 00:00:00<eos/></first-line-cite><second-line-cite><bos/>9/15/15 ARKA News Agency 00:00:00<eos/></second-line-cite><eop/></west-citation-block></supplier-info><title-info iso-language="en"><bop/><title type="headline" nitf-hedline="hl1" key="key-title"><bos/><sort-title>COOPERATION WITH <cite.query w-seq-number="00001" w-ref-type="MM" w-normalized-cite="canonical_name::MICROSOFT" ID="I551dbd205bc711e59564957ce0da6554">MICROSOFT</cite.query> MAKES ARMENIA COMPETITIVE IN GLOBAL INFORMATION TECHNOLOGY MARKET, PRIME MINISTER SAYS</sort-title><eos/></title><eop/></title-info><pub-info><journal key="key-journal"><bop/><bos/><sort-journal>ARKA News Agency</sort-journal><eos/><eop/></journal><pub-date key="key-date" iso-time="T00:00:00Z" type="date.publication"><full-pub-date>September 15, 2015</full-pub-date><sort-pub-date>20150915</sort-pub-date><sort-pub-timestamp>20150915000000</sort-pub-timestamp><rank-date>20150915</rank-date><currency-timestamp>20150915000000</currency-timestamp></pub-date><original-pub><language iso-language="en">English</language></original-pub><src-data><src-journal-code>ANPV</src-journal-code><src-pub-code>0063786</src-pub-code><src-pub-type>Newswire</src-pub-type><src-pub-country-wrap><src-pub-country-code>GE</src-pub-country-code><src-pub-country>Georgia CIS</src-pub-country></src-pub-country-wrap><src-pub-region>Europe</src-pub-region></src-data></pub-info><content iso-language="en"><total-char-count>1117</total-char-count><derived-word-count><bop/><bos/>Word Count: 160<eos/><eop/></derived-word-count><text type="lead-para"><p nitf="lede"><bop/><bos/><cite.query w-seq-number="00002" w-ref-type="WC" w-normalized-cite="I76DF065242BE11DDA1BC0014224D2780" ID="I5525fa805bc711e59564957ce0da6554">INFORMATION TECHNOLOGIES</cite.query><eos/><eop/></p><p nitf="lede"><bop/><bos/>YEREVAN, September 15. / ARKA / Cooperation with <cite.query w-seq-number="00003" w-ref-type="MM" w-normalized-cite="canonical_name::MICROSOFT" ID="I5537adc05bc711e59564957ce0da6554">Microsoft</cite.query> is making Armenia competitive in the global information technology market, prime minister Hovik Abrahamyan said today during a meeting with <cite.query w-seq-number="00004" w-ref-type="MM" w-normalized-cite="canonical_name::MICROSOFT" ID="I5537adc15bc711e59564957ce0da6554">Microsoft</cite.query> director for Central and Eastern Europe Don Grantham.<eos/><eop/></p></text><text type="body"><p><bop/><bos/>The prime minister praised the long-term cooperation with the corporation, saying that the Armenian government is ready to deepen and develop this cooperation further, according to the government press service.<eos/><eop/></p><p><bop/><bos/>In turn, Grantham said he was happy to see progress in the fruitful collaboration of <cite.query w-seq-number="00005" w-ref-type="MM" w-normalized-cite="canonical_name::MICROSOFT" ID="I5540d5805bc711e59564957ce0da6554">Microsoft</cite.query> with the government of Armenia and thanked the prime minister for help in the implementation of various programs.<eos/><eop/></p><p><bop/><bos/>During the meeting the sides discussed also protection of intellectual property and the fight against cyber crime. <eos/><bos/>In this context, Abrahamyan stressed the importance of intensifying cooperation between <cite.query w-seq-number="00006" w-ref-type="MM" w-normalized-cite="canonical_name::MICROSOFT" ID="I5549d6305bc711e59564957ce0da6554">Microsoft</cite.query> and the Armenian defense ministry.<eos/><eop/></p><p><bop/><bos/>Currently there are 500 IT firms in Armenia. <eos/><bos/>In 2014 they exported $50 million worth products and services. <eos/><bos/>IT&apos;s contribution to GDP is estimated annually at 3.8%.-0-<eos/><eop/></p></text></content><indexing iso-language="en" value-add="machine-generated"><classification-terms><pres-location-block><bop/><bos/><pres-location-wrap><pres-location>Armenia</pres-location><pres-location-code>ISOAM</pres-location-code><alt1-location-code>1AR09</alt1-location-code></pres-location-wrap><pres-location-wrap><pres-location>CIS Countries</pres-location><pres-location-code>CISSTAT</pres-location-code><alt1-location-code>1CI64</alt1-location-code></pres-location-wrap><pres-location-wrap><pres-location>Eastern Europe</pres-location><pres-location-code>GEOEEUR</pres-location-code><alt1-location-code>1EA48</alt1-location-code></pres-location-wrap><pres-location-wrap><pres-location>Europe</pres-location><pres-location-code>GEOEUR</pres-location-code><alt1-location-code>1EU83</alt1-location-code></pres-location-wrap><eos/><eop/></pres-location-block></classification-terms><classification-terms><pres-subject-block><bop/><bos/><pres-subject-wrap><pres-subject>CIS</pres-subject><pres-subject-code>GEOCIS</pres-subject-code><alt1-subject-code>1CI65</alt1-subject-code></pres-subject-wrap><pres-subject-wrap><pres-subject>Government</pres-subject><pres-subject-code>PTGOV</pres-subject-code><alt1-subject-code>1GO80</alt1-subject-code></pres-subject-wrap><pres-subject-wrap><pres-subject>Major Corporations</pres-subject><pres-subject-code>MAJCORP</pres-subject-code><alt1-subject-code>1MA93</alt1-subject-code></pres-subject-wrap><pres-subject-wrap><pres-subject>World Organizations</pres-subject><pres-subject-code>GEOORGS</pres-subject-code><alt1-subject-code>1IN77</alt1-subject-code></pres-subject-wrap><eos/><eop/></pres-subject-block><pres-industry-block><bop/><bos/><pres-industry-wrap><pres-industry>I.T.</pres-industry><pres-industry-code>ITOVER</pres-industry-code><alt1-industry-code>1IT96</alt1-industry-code></pres-industry-wrap><pres-industry-wrap><pres-industry>I.T. in Government</pres-industry><pres-industry-code>GOVITOVR</pres-industry-code><alt1-industry-code>1IT22</alt1-industry-code></pres-industry-wrap><eos/><eop/></pres-industry-block></classification-terms><classification-terms><rcs-block><rcs>M:N</rcs><rcs>G:B2</rcs><rcs>G:7I</rcs><rcs>G:Y</rcs><rcs>M:NL</rcs><rcs>B:161</rcs><rcs>G:AJ</rcs><rcs>G:B</rcs><rcs>G:A</rcs></rcs-block></classification-terms><extraction-terms><extr-company-block><bop/><bos/><norm-company oa-id="4295907168">MICROSOFT CORP</norm-company><norm-company-wrap occur-sequence="1,2,3,4,5"><norm-company-name>MICROSOFT CORP</norm-company-name><company-ids><oa-id>4295907168</oa-id><ric norm="MSFT.OQ">MSFT.OQ</ric></company-ids><company-classification><trbc-wrap><trbc type="RCS">B:1796</trbc><trbc type="2012">5720102010</trbc><trbc type="perm-id">4294951205</trbc></trbc-wrap></company-classification><relevancy engine="1C">0.8</relevancy><confidence engine="1C">0.99</confidence></norm-company-wrap><eos/><eop/></extr-company-block></extraction-terms><extraction-terms><extr-person-block><bop/><bos/><extr-person>Don Grantham</extr-person><extr-person-wrap><extr-person-name>Don Grantham</extr-person-name><relevancy engine="1C">0.2</relevancy></extr-person-wrap><extr-person>Hovik Abrahamyan</extr-person><extr-person-wrap><extr-person-name>Hovik Abrahamyan</extr-person-name><relevancy engine="1C">0.2</relevancy></extr-person-wrap><eos/><eop/></extr-person-block></extraction-terms></indexing></document></n-docbody>
</n-document>
<n-document guid="I8601492056c711e5a72ae503dd0a8c79"><n-metadata><metadata.block><md.identifiers><md.cites><md.first.line.cite>9/9/15 NEWS 00:00:00</md.first.line.cite><md.second.line.cite>9/9/15 ARKA News Agency 00:00:00</md.second.line.cite></md.cites><md.uuid>I8601492056c711e5a72ae503dd0a8c79</md.uuid></md.identifiers><md.infotype>news</md.infotype><md.sortkeys><md.ordersequence>f47363bec</md.ordersequence></md.sortkeys><md.descriptions><md.title>WARREN BUFFETT&apos;S BERKSHIRE HATHAWAY INC. TO BUY PRECISION CASTPARTS CORP. FOR ABOUT $32 BILLION IN CASH</md.title><md.westlawdescrip><md.readlist>READLIST</md.readlist></md.westlawdescrip></md.descriptions><md.dates><md.publisheddatetime>20150909025514</md.publisheddatetime><md.loaddate>20150909</md.loaddate><md.createddatetime>20150909025514</md.createddatetime></md.dates><md.subjects><md.subject><md.pubtype.name/><md.doctype.name>DNR</md.doctype.name><md.doctype.rank/><md.view>CNGE</md.view><md.view>RGEurope</md.view><md.view>PTNewswires</md.view><md.view>ARKANEWS0063786</md.view><md.view>INALLNEWS_ACTEST</md.view><md.view>INFARNEWS_AC</md.view><md.view>MARKETSEIKON_CN</md.view><md.view>MARKETSEIKON</md.view><md.view>CB_ASIAWIRES</md.view><md.view>INWIRES_AC</md.view><md.view>GULF_INTL</md.view><md.view>ININTNEWS_AC</md.view><md.view>ANZ_INTLOS</md.view><md.view>CLEAR_RF</md.view><md.view>INALLNEWS_AC</md.view><md.view>INNEWSINT_PRO</md.view><md.view>INBUSNEWS</md.view><md.view>INNEWSWORLD_PRO</md.view><md.view>INBUSNEWS_AC</md.view></md.subject></md.subjects><md.jurisdictions><md.jurisdiction><md.jurisstate>FE</md.jurisstate></md.jurisdiction></md.jurisdictions><md.publications><md.publication/><md.sourcepubid>ARKANEWS</md.sourcepubid></md.publications><md.royalty><md.royalty.code>84104</md.royalty.code></md.royalty></metadata.block><news.metadata.block><md.text.preview>ECONOMYYEREVAN, September 9. / ARKA /. Warren Buffett&apos;s Berkshire Hathaway Inc. on Monday said it agreed to buy Precision Castparts Corp. for about $32 billion in cash in what would be the conglomerate&apos;s largest takeover ever, WSJ reported.</md.text.preview></news.metadata.block><newsplus.recommendable>1</newsplus.recommendable><n-view>CNGE</n-view><n-view>RGEurope</n-view><n-view>PTNewswires</n-view><n-view>ARKANEWS0063786</n-view><n-view>INALLNEWS_ACTEST</n-view><n-view>INFARNEWS_AC</n-view><n-view>MARKETSEIKON_CN</n-view><n-view>MARKETSEIKON</n-view><n-view>CB_ASIAWIRES</n-view><n-view>INWIRES_AC</n-view><n-view>GULF_INTL</n-view><n-view>ININTNEWS_AC</n-view><n-view>ANZ_INTLOS</n-view><n-view>CLEAR_RF</n-view><n-view>INALLNEWS_AC</n-view><n-view>INNEWSINT_PRO</n-view><n-view>INBUSNEWS</n-view><n-view>INNEWSWORLD_PRO</n-view><n-view>INBUSNEWS_AC</n-view><prism-stylesheet guid="Ia3024d301b6a11d89fc5f34981d3242f"/><prism-clipdate>20150909025514</prism-clipdate></n-metadata>
<n-docbody><document version="1" collection="D-ARKANEWS-T001" first-load-date="20150909025514" ip-product="ARKANEWS" royalty-id="84104" data-model="text" dtd-version="5.2.29" content-type="news" load-language="en" pnac="nNRA06jpwm" pnac-date="20150909T075105.138"><supplier-info><supplier-num nitf="doc-id" nitf-regsrc="ARKA News Agency" type="accession">630e000234204cc1</supplier-num><internal-acc-num db-id="NEPRARKA" type="newz">20150909170.1_V630e000234204cc1</internal-acc-num><rec-status><last-load-date>20150909025514</last-load-date><nitf-date ne="datereceived">20150909T07:51:05Z</nitf-date><nitf-date nitf="date-issue">20150909T00:00:00Z</nitf-date><last-provider-update>20150909075105</last-provider-update></rec-status><supplier-copyright>Copyright Â© 2015 ARKA<copyright-year/><copyright-holder>ARKA</copyright-holder></supplier-copyright><supplier-note nitf="urgency" nitf-ed-urg="4"/><nitf-meta-content name="recommendable">1</nitf-meta-content><nitf-meta-content name="_newsmlg2-hashtype=nr-htype:doc-group-fuzzy">34770|17949|80572|60819|98619|11079|87462|33021|61631|21091|84935|82809|80168|8577|26903|227|17232|14988|92816|39076|24543|65472|72865|14944|52549|63905|29747|36163|83922|44064|55345|77894|34906|28865|64242|80582|88786|65372|79223|89566|16777|71076|67487|109783|96884|53398|20297|7682|21085|69785|6689|60873|14581|91791|22330|23080|34870|42560|56944|56606|</nitf-meta-content><nitf-meta-content name="_newsmlg2-hashtype=nr-htype:doc-group-content-length">887</nitf-meta-content><nitf-meta-content name="_newsmlg2-hashtype=nr-htype:doc-group-simple">3d9855347e4c6624e0b5cc6f450775ba4b52f542</nitf-meta-content><supplier-dtds><dtd dtd-version="working" dtd-date="20150810T00:00:00Z">Canonical Taxonomy</dtd><dtd dtd-version="20150805" dtd-date="20150810T00:00:00Z">Mapping File</dtd></supplier-dtds><copyright-block type="dialog"><service-copyright n-include_guid="Ice671660f30811d88920000083149a14" n-include_collection="D-DIALOGCOPYRIGHTS-T001"/></copyright-block><copyright-block type="west"><service-copyright n-include_guid="I1DA35ED81DD211B281BAD200220BDFCA" n-include_collection="w_wlnv_msg"/></copyright-block><west-citation-block><bop/><first-line-cite><bos/>9/9/15 NEWS 00:00:00<eos/></first-line-cite><second-line-cite><bos/>9/9/15 ARKA News Agency 00:00:00<eos/></second-line-cite><eop/></west-citation-block></supplier-info><title-info iso-language="en"><bop/><title type="headline" nitf-hedline="hl1" key="key-title"><bos/><sort-title>WARREN BUFFETT&apos;S <cite.query w-seq-number="00001" w-ref-type="MM" w-normalized-cite="canonical_name::BERKSHIRE HATHAWAY INC" ID="I426bff1056c811e5805fd0aed5c659c2">BERKSHIRE HATHAWAY INC.</cite.query> TO BUY <cite.query w-seq-number="00002" w-ref-type="CO" w-normalized-cite="I08FAF4C541EA11DDAD6B0014224D2780" ID="I426bff1156c811e5805fd0aed5c659c2">PRECISION CASTPARTS CORP.</cite.query> FOR ABOUT $32 BILLION IN CASH</sort-title><eos/></title><eop/></title-info><pub-info><journal key="key-journal"><bop/><bos/><sort-journal>ARKA News Agency</sort-journal><eos/><eop/></journal><pub-date key="key-date" iso-time="T00:00:00Z" type="date.publication"><full-pub-date>September 9, 2015</full-pub-date><sort-pub-date>20150909</sort-pub-date><sort-pub-timestamp>20150909000000</sort-pub-timestamp><rank-date>20150909</rank-date><currency-timestamp>20150909000000</currency-timestamp></pub-date><original-pub><language iso-language="en">English</language></original-pub><src-data><src-journal-code>ANPV</src-journal-code><src-pub-code>0063786</src-pub-code><src-pub-type>Newswire</src-pub-type><src-pub-country-wrap><src-pub-country-code>GE</src-pub-country-code><src-pub-country>Georgia CIS</src-pub-country></src-pub-country-wrap><src-pub-region>Europe</src-pub-region></src-data></pub-info><content iso-language="en"><total-char-count>1317</total-char-count><derived-word-count><bop/><bos/>Word Count: 209<eos/><eop/></derived-word-count><text type="lead-para"><p nitf="lede"><bop/>ECONOMY<eop/></p><p nitf="lede"><bop/><bos/>YEREVAN, September 9. / ARKA /. Warren Buffett&apos;s <cite.query w-seq-number="00003" w-ref-type="MM" w-normalized-cite="canonical_name::BERKSHIRE HATHAWAY INC" ID="I4289722056c811e5805fd0aed5c659c2">Berkshire Hathaway Inc.</cite.query> on Monday said it agreed to buy <cite.query w-seq-number="00004" w-ref-type="CO" w-normalized-cite="I08FAF4C541EA11DDAD6B0014224D2780" ID="I4289722156c811e5805fd0aed5c659c2">Precision Castparts Corp.</cite.query> for about $32 billion in cash in what would be the conglomerate&apos;s largest takeover ever, <cite.query w-seq-number="00005" w-ref-type="NM" w-normalized-cite="canonical_name::WSJ" ID="I4289722256c811e5805fd0aed5c659c2">WSJ</cite.query> reported.<eos/><eop/></p></text><text type="body"><p><bop/><bos/>Portland-based <cite.query w-seq-number="00006" w-ref-type="CO" w-normalized-cite="I08FAF4C541EA11DDAD6B0014224D2780" ID="I4296436056c811e5805fd0aed5c659c2">Precision Castparts</cite.query> supplies parts such as fasteners and turbine blades to aircraft makers, and it makes pipes and other equipment for power stations and the oil-and-gas industry. <eos/><bos/>Last year, nearly three-quarters of Precision&apos;s sales were to the aerospace industry, the rest coming from the energy and power sectors.<eos/><eop/></p><p><bop/><bos/>The deal amounts to a bet by Mr. Buffett that airlines will continue driving a boom in aerospace manufacturing. <eos/><bos/>The aerospace industry is undergoing a wave of consolidation as airplane makers boost output after winning orders for thousands of new jets.<eos/><eop/></p><p><bop/><bos/>Berkshire is already one of the company&apos;s largest shareholders, with a 3% stake. <eos/><bos/>As part of the agreement, <cite.query w-seq-number="00007" w-ref-type="CO" w-normalized-cite="I08FAF4C541EA11DDAD6B0014224D2780" ID="I42a33bb056c811e5805fd0aed5c659c2">Precision Castparts</cite.query> will become a unit of Berkshire, keeping its name and Portland headquarters. <eos/><bos/>The transaction is subject to shareholder and regulatory approval but is expected to close in the first quarter of 2016.<eos/><eop/></p><p><bop/><bos/>The deal, first reported by The Wall Street Journal on Saturday, is Berkshire&apos;s largest ever and represent the latest megamerger in a robust year for deal making. <eos/>M.V.-0-<eop/></p></text></content><indexing iso-language="en" value-add="machine-generated"><classification-terms><pres-industry-block><bop/><bos/><pres-industry-wrap><pres-industry>Aerospace</pres-industry><pres-industry-code>DEAERO1</pres-industry-code><alt1-industry-code>1AE56</alt1-industry-code></pres-industry-wrap><pres-industry-wrap><pres-industry>Aerospace &amp; Defense</pres-industry><pres-industry-code>AERDEFFR</pres-industry-code><alt1-industry-code>1AE96</alt1-industry-code></pres-industry-wrap><pres-industry-wrap><pres-industry>Aerospace &amp; Defense Industry Highlights</pres-industry><pres-industry-code>AEROIH</pres-industry-code><alt1-industry-code>1AE06</alt1-industry-code></pres-industry-wrap><pres-industry-wrap><pres-industry>Commercial Aircraft</pres-industry><pres-industry-code>AIRCOMM</pres-industry-code><alt1-industry-code>1CO01</alt1-industry-code></pres-industry-wrap><pres-industry-wrap><pres-industry>Fixed-Wing &amp; Helicopters</pres-industry><pres-industry-code>DEAIR</pres-industry-code><alt1-industry-code>1FI11</alt1-industry-code></pres-industry-wrap><eos/><eop/></pres-industry-block></classification-terms><classification-terms><rcs-block><rcs>B:37</rcs><rcs>B:35</rcs></rcs-block></classification-terms><extraction-terms><extr-company-block><bop/><bos/><norm-company oa-id="4295908552">BERKSHIRE HATHAWAY INC</norm-company><norm-company-wrap occur-sequence="1,3,6,8,9"><norm-company-name>BERKSHIRE HATHAWAY INC</norm-company-name><company-ids><oa-id>4295908552</oa-id><ric norm="BRKa.N">BRKa.N</ric></company-ids><company-classification><trbc-wrap><trbc type="RCS">B:1657</trbc><trbc type="2012">5530102010</trbc><trbc type="perm-id">4294951344</trbc></trbc-wrap></company-classification><relevancy engine="1C">0.8</relevancy><confidence engine="1C">1</confidence></norm-company-wrap><norm-company oa-id="4295904757">PRECISION CASTPARTS CORP</norm-company><norm-company-wrap occur-sequence="2,4,5,7"><norm-company-name>PRECISION CASTPARTS CORP</norm-company-name><company-ids><oa-id>4295904757</oa-id><ric norm="PCP.N">PCP.N</ric></company-ids><company-classification><trbc-wrap><trbc type="RCS">B:1135</trbc><trbc type="2012">5210101010</trbc><trbc type="perm-id">4294951866</trbc></trbc-wrap></company-classification><relevancy engine="1C">0.8</relevancy><confidence engine="1C">1</confidence></norm-company-wrap><eos/><eop/></extr-company-block></extraction-terms><extraction-terms><extr-person-block><bop/><bos/><extr-person>Warren Buffett</extr-person><extr-person-wrap><extr-person-name>Warren Buffett</extr-person-name><relevancy engine="1C">0.2</relevancy></extr-person-wrap><eos/><eop/></extr-person-block></extraction-terms></indexing></document></n-docbody>
</n-document>
<n-document guid="Id2c73ae0556811e597f7deb575b5ecf3"><n-metadata><metadata.block><md.identifiers><md.cites><md.first.line.cite>9/7/15 NEWS 00:00:00</md.first.line.cite><md.second.line.cite>9/7/15 ARKA News Agency 00:00:00</md.second.line.cite></md.cites><md.uuid>Id2c73ae0556811e597f7deb575b5ecf3</md.uuid></md.identifiers><md.infotype>news</md.infotype><md.sortkeys><md.ordersequence>f47363bec</md.ordersequence></md.sortkeys><md.descriptions><md.title>TRANSACTIONS WITH ARMENIAN EUROBONDS IN SECONDARY MARKET DOWN TO $1.5 MILLION IN JULY</md.title><md.westlawdescrip><md.readlist>READLIST</md.readlist></md.westlawdescrip></md.descriptions><md.dates><md.publisheddatetime>20150907090913</md.publisheddatetime><md.loaddate>20150907</md.loaddate><md.createddatetime>20150907090913</md.createddatetime></md.dates><md.subjects><md.subject><md.pubtype.name/><md.doctype.name>DNR</md.doctype.name><md.doctype.rank/><md.view>CNGE</md.view><md.view>RGEurope</md.view><md.view>PTNewswires</md.view><md.view>ARKANEWS0063786</md.view><md.view>INALLNEWS_ACTEST</md.view><md.view>INFARNEWS_AC</md.view><md.view>MARKETSEIKON_CN</md.view><md.view>MARKETSEIKON</md.view><md.view>CB_ASIAWIRES</md.view><md.view>INWIRES_AC</md.view><md.view>GULF_INTL</md.view><md.view>ININTNEWS_AC</md.view><md.view>ANZ_INTLOS</md.view><md.view>CLEAR_RF</md.view><md.view>INALLNEWS_AC</md.view><md.view>INNEWSINT_PRO</md.view><md.view>INBUSNEWS</md.view><md.view>INNEWSWORLD_PRO</md.view><md.view>INBUSNEWS_AC</md.view></md.subject></md.subjects><md.jurisdictions><md.jurisdiction><md.jurisstate>FE</md.jurisstate></md.jurisdiction></md.jurisdictions><md.publications><md.publication/><md.sourcepubid>ARKANEWS</md.sourcepubid></md.publications><md.royalty><md.royalty.code>84104</md.royalty.code></md.royalty></metadata.block><news.metadata.block><md.text.preview>ECONOMYYEREVAN, September 7. / ARKA /. A total of $1.5 million worth Eurobonds were traded at Armenia&apos;s secondary securities market in 2015 July, down from $4.7 million traded in June, the Central Bank said in its monthly bulletin for July 2015.</md.text.preview></news.metadata.block><n-view>CNGE</n-view><n-view>RGEurope</n-view><n-view>PTNewswires</n-view><n-view>ARKANEWS0063786</n-view><n-view>INALLNEWS_ACTEST</n-view><n-view>INFARNEWS_AC</n-view><n-view>MARKETSEIKON_CN</n-view><n-view>MARKETSEIKON</n-view><n-view>CB_ASIAWIRES</n-view><n-view>INWIRES_AC</n-view><n-view>GULF_INTL</n-view><n-view>ININTNEWS_AC</n-view><n-view>ANZ_INTLOS</n-view><n-view>CLEAR_RF</n-view><n-view>INALLNEWS_AC</n-view><n-view>INNEWSINT_PRO</n-view><n-view>INBUSNEWS</n-view><n-view>INNEWSWORLD_PRO</n-view><n-view>INBUSNEWS_AC</n-view><prism-stylesheet guid="Ia3024d301b6a11d89fc5f34981d3242f"/><prism-clipdate>20150907090913</prism-clipdate></n-metadata>
<n-docbody><document version="1" collection="D-ARKANEWS-T001" first-load-date="20150907090913" ip-product="ARKANEWS" royalty-id="84104" data-model="text" dtd-version="5.2.29" content-type="news" load-language="en" pnac="nNRA06e6ex" pnac-date="20150907T140040.590"><supplier-info><supplier-num nitf="doc-id" nitf-regsrc="ARKA News Agency" type="accession">65e800013055eb4c</supplier-num><internal-acc-num db-id="NEPRARKA" type="newz">20150907170.1_V65e800013055eb4c</internal-acc-num><rec-status><last-load-date>20150907090913</last-load-date><nitf-date ne="datereceived">20150907T14:00:40Z</nitf-date><nitf-date nitf="date-issue">20150907T00:00:00Z</nitf-date><last-provider-update>20150907140040</last-provider-update></rec-status><supplier-copyright>Copyright Â© 2015 ARKA<copyright-year/><copyright-holder>ARKA</copyright-holder></supplier-copyright><supplier-note nitf="urgency" nitf-ed-urg="4"/><nitf-meta-content name="_newsmlg2-hashtype=nr-htype:doc-group-fuzzy">98619|57684|20175|45726|31935|29340|77051|98344|60446|36417|72220|25159|25587|57428|38254|68777|75149|20105|45025|7947|24553|38047|1672|41639|44391|68087|91872|64393|14960|56273|109991|85436|15675|17083|17658|80162|35633|1116|39410|55560|3432|21188|15394|95195|9691|19934|37608|4281|43634|45672|85271|74660|74636|</nitf-meta-content><nitf-meta-content name="_newsmlg2-hashtype=nr-htype:doc-group-content-length">601</nitf-meta-content><nitf-meta-content name="_newsmlg2-hashtype=nr-htype:doc-group-simple">-4c8e376689b0269f80da9a7eff60b686a48a6ac4</nitf-meta-content><supplier-dtds><dtd dtd-version="working" dtd-date="20150810T00:00:00Z">Canonical Taxonomy</dtd><dtd dtd-version="20150805" dtd-date="20150810T00:00:00Z">Mapping File</dtd></supplier-dtds><copyright-block type="dialog"><service-copyright n-include_guid="Ice671660f30811d88920000083149a14" n-include_collection="D-DIALOGCOPYRIGHTS-T001"/></copyright-block><copyright-block type="west"><service-copyright n-include_guid="I1DA35ED81DD211B281BAD200220BDFCA" n-include_collection="w_wlnv_msg"/></copyright-block><west-citation-block><bop/><first-line-cite><bos/>9/7/15 NEWS 00:00:00<eos/></first-line-cite><second-line-cite><bos/>9/7/15 ARKA News Agency 00:00:00<eos/></second-line-cite><eop/></west-citation-block></supplier-info><title-info iso-language="en"><bop/><title type="headline" nitf-hedline="hl1" key="key-title"><bos/><sort-title>TRANSACTIONS WITH ARMENIAN EUROBONDS IN SECONDARY MARKET DOWN TO $1.5 MILLION IN JULY</sort-title><eos/></title><eop/></title-info><pub-info><journal key="key-journal"><bop/><bos/><sort-journal>ARKA News Agency</sort-journal><eos/><eop/></journal><pub-date key="key-date" iso-time="T00:00:00Z" type="date.publication"><full-pub-date>September 7, 2015</full-pub-date><sort-pub-date>20150907</sort-pub-date><sort-pub-timestamp>20150907000000</sort-pub-timestamp><rank-date>20150907</rank-date><currency-timestamp>20150907000000</currency-timestamp></pub-date><original-pub><language iso-language="en">English</language></original-pub><src-data><src-journal-code>ANPV</src-journal-code><src-pub-code>0063786</src-pub-code><src-pub-type>Newswire</src-pub-type><src-pub-country-wrap><src-pub-country-code>GE</src-pub-country-code><src-pub-country>Georgia CIS</src-pub-country></src-pub-country-wrap><src-pub-region>Europe</src-pub-region></src-data></pub-info><content iso-language="en"><total-char-count>1017</total-char-count><derived-word-count><bop/><bos/>Word Count: 163<eos/><eop/></derived-word-count><text type="lead-para"><p nitf="lede"><bop/>ECONOMY<eop/></p><p nitf="lede"><bop/><bos/>YEREVAN, September 7. / ARKA /. A total of $1.5 million worth Eurobonds were traded at Armenia&apos;s secondary securities market in 2015 July, down from $4.7 million traded in June, the <cite.query w-seq-number="00001" w-ref-type="MM" w-normalized-cite="canonical_name::CENTRAL BANK" ID="I0dea2050556a11e59943b7acc6f7e75f">Central Bank</cite.query> said in its monthly bulletin for July 2015. <eos/><bos/>The average yield on an Armenian <cite.query w-seq-number="00002" w-ref-type="MM" w-normalized-cite="canonical_name::EUROBOND" ID="I0dea2051556a11e59943b7acc6f7e75f">Eurobond</cite.query> in July was 6.21% against 6.43% in June. <eos/><bos/>According to the <cite.query w-seq-number="00003" w-ref-type="MM" w-normalized-cite="canonical_name::CENTRAL BANK" ID="I0dea2052556a11e59943b7acc6f7e75f">Central Bank</cite.query>, a total of $82.17 million worth transactions were effected with Eurobonds in the first seven months of 2015 in the secondary market. <eos/><bos/>The average yield on a bond was 6.42%. <eos/><bos/>Armenia first issued $700 million worth dollar-denominated bonds in September 2013 at the yield of 6.25 percent. <eos/><bos/>The bulk was used to repay a $500 million Russian loan ten years ahead of schedule. <eos/><bos/>Armenia sold a second issue of $500 million 10-year dollar bond on March 19, 2014 paying a yield of 7.5%.<eos/><eop/></p></text><text type="body"><p><bop/><bos/><cite.query w-seq-number="00004" w-ref-type="MM" w-normalized-cite="canonical_name::DEUTSCHE BANK" ID="I0ebaddd0556a11e59943b7acc6f7e75f">Deutsche Bank</cite.query>, <cite.query w-seq-number="00005" w-ref-type="MM" w-normalized-cite="canonical_name::HSBC BANK" ID="I0ebaddd1556a11e59943b7acc6f7e75f">HSBC Bank</cite.query> and <cite.query w-seq-number="00006" w-ref-type="MM" w-normalized-cite="canonical_name::JP MORGAN" ID="I0ebaddd2556a11e59943b7acc6f7e75f">JP Morgan</cite.query> acted as underwriters. <eos/><bos/>Of that amount, about $205.8 million was spent to buy back part of the previous dollar bond issue carried out in 2013.-0-<eos/><eop/></p></text></content><indexing iso-language="en" value-add="machine-generated"><classification-terms><pres-location-block><bop/><bos/><pres-location-wrap><pres-location>Armenia</pres-location><pres-location-code>ISOAM</pres-location-code><alt1-location-code>1AR09</alt1-location-code></pres-location-wrap><pres-location-wrap><pres-location>CIS Countries</pres-location><pres-location-code>CISSTAT</pres-location-code><alt1-location-code>1CI64</alt1-location-code></pres-location-wrap><pres-location-wrap><pres-location>Eastern Europe</pres-location><pres-location-code>GEOEEUR</pres-location-code><alt1-location-code>1EA48</alt1-location-code></pres-location-wrap><pres-location-wrap><pres-location>Europe</pres-location><pres-location-code>GEOEUR</pres-location-code><alt1-location-code>1EU83</alt1-location-code></pres-location-wrap><eos/><eop/></pres-location-block></classification-terms><classification-terms><pres-subject-block><bop/><bos/><pres-subject-wrap><pres-subject>Bond Instruments</pres-subject><pres-subject-code>BONDINST</pres-subject-code><alt1-subject-code>1BO92</alt1-subject-code></pres-subject-wrap><pres-subject-wrap><pres-subject>Bond Issues</pres-subject><pres-subject-code>NEWBONDS</pres-subject-code><alt1-subject-code>1BO94</alt1-subject-code></pres-subject-wrap><pres-subject-wrap><pres-subject>CIS</pres-subject><pres-subject-code>GEOCIS</pres-subject-code><alt1-subject-code>1CI65</alt1-subject-code></pres-subject-wrap><pres-subject-wrap><pres-subject>Eurobonds</pres-subject><pres-subject-code>EUROBOND</pres-subject-code><alt1-subject-code>1EU87</alt1-subject-code></pres-subject-wrap><pres-subject-wrap><pres-subject>Funding Instruments</pres-subject><pres-subject-code>INVSTING</pres-subject-code><alt1-subject-code>1FU41</alt1-subject-code></pres-subject-wrap><pres-subject-wrap><pres-subject>World Organizations</pres-subject><pres-subject-code>GEOORGS</pres-subject-code><alt1-subject-code>1IN77</alt1-subject-code></pres-subject-wrap><eos/><eop/></pres-subject-block><pres-industry-block><bop/><bos/><pres-industry-wrap><pres-industry>Banking</pres-industry><pres-industry-code>BANKOVER</pres-industry-code><alt1-industry-code>1BA20</alt1-industry-code></pres-industry-wrap><pres-industry-wrap><pres-industry>Bonds</pres-industry><pres-industry-code>BONDS</pres-industry-code><alt1-industry-code>1BO97</alt1-industry-code></pres-industry-wrap><pres-industry-wrap><pres-industry>Financial Services</pres-industry><pres-industry-code>FINSVC</pres-industry-code><alt1-industry-code>1FI37</alt1-industry-code></pres-industry-wrap><pres-industry-wrap><pres-industry>Fixed Income Investments</pres-industry><pres-industry-code>FIXEDINV</pres-industry-code><alt1-industry-code>1FI12</alt1-industry-code></pres-industry-wrap><pres-industry-wrap><pres-industry>Investment Management</pres-industry><pres-industry-code>INVSTMAN</pres-industry-code><alt1-industry-code>1IN34</alt1-industry-code></pres-industry-wrap><pres-industry-wrap><pres-industry>Securities Investment</pres-industry><pres-industry-code>PTSECUR</pres-industry-code><alt1-industry-code>1SE57</alt1-industry-code></pres-industry-wrap><eos/><eop/></pres-industry-block></classification-terms><classification-terms><rcs-block><rcs>B:126</rcs><rcs>B:125</rcs><rcs>B:128</rcs><rcs>G:B2</rcs><rcs>B:127</rcs><rcs>E:W</rcs><rcs>G:7I</rcs><rcs>G:Y</rcs><rcs>E:5I</rcs><rcs>B:130</rcs><rcs>G:B</rcs><rcs>G:A</rcs><rcs>A:2</rcs><rcs>A:S</rcs><rcs>A:U</rcs><rcs>G:AJ</rcs></rcs-block></classification-terms><extraction-terms><extr-company-block><bop/><bos/><norm-company oa-id="4295869482">DEUTSCHE BANK AG</norm-company><norm-company-wrap occur-sequence="1"><norm-company-name>DEUTSCHE BANK AG</norm-company-name><company-ids><oa-id>4295869482</oa-id><ric norm="DBKGn.DE">DBKGn.DE</ric></company-ids><company-classification><trbc-wrap><trbc type="RCS">B:128</trbc><trbc type="2012">55101010</trbc><trbc type="perm-id">4294952873</trbc></trbc-wrap></company-classification><relevancy engine="1C">0.2</relevancy><confidence engine="1C">0.93</confidence></norm-company-wrap><norm-company oa-id="8589934275">HSBC HOLDINGS PLC</norm-company><norm-company-wrap occur-sequence="2"><norm-company-name>HSBC HOLDINGS PLC</norm-company-name><company-ids><oa-id>8589934275</oa-id><ric norm="HSBA.L">HSBA.L</ric></company-ids><company-classification><trbc-wrap><trbc type="RCS">B:1616</trbc><trbc type="2012">5510101011</trbc><trbc type="perm-id">4294951385</trbc></trbc-wrap></company-classification><relevancy engine="1C">0.2</relevancy><confidence engine="1C">1</confidence></norm-company-wrap><norm-company oa-id="5000021791">JPMORGAN CHASE AND CO</norm-company><norm-company-wrap occur-sequence="3"><norm-company-name>JPMORGAN CHASE AND CO</norm-company-name><company-ids><oa-id>5000021791</oa-id><ric norm="JPM.N">JPM.N</ric></company-ids><company-classification><trbc-wrap><trbc type="RCS">B:1615</trbc><trbc type="2012">5510101010</trbc><trbc type="perm-id">4294951386</trbc></trbc-wrap></company-classification><relevancy engine="1C">0.2</relevancy><confidence engine="1C">0.93</confidence></norm-company-wrap><eos/><eop/></extr-company-block></extraction-terms></indexing></document></n-docbody>
</n-document>
<n-document guid="I2447f440557811e5b296ea92f5667484"><n-metadata><metadata.block><md.identifiers><md.cites><md.first.line.cite>9/7/15 NEWS 00:00:00</md.first.line.cite><md.second.line.cite>9/7/15 ARKA News Agency 00:00:00</md.second.line.cite></md.cites><md.uuid>I2447f440557811e5b296ea92f5667484</md.uuid></md.identifiers><md.infotype>news</md.infotype><md.sortkeys><md.ordersequence>f47363bec</md.ordersequence></md.sortkeys><md.descriptions><md.title>AMERIABANK ANNOUNCES NEW SYSTEM OF ONLINE MONEY TRANSFERS</md.title><md.westlawdescrip><md.readlist>READLIST</md.readlist></md.westlawdescrip></md.descriptions><md.dates><md.publisheddatetime>20150907105412</md.publisheddatetime><md.loaddate>20150907</md.loaddate><md.createddatetime>20150907105412</md.createddatetime></md.dates><md.subjects><md.subject><md.pubtype.name/><md.doctype.name>DNR</md.doctype.name><md.doctype.rank/><md.view>CNGE</md.view><md.view>RGEurope</md.view><md.view>PTNewswires</md.view><md.view>ARKANEWS0063786</md.view><md.view>INALLNEWS_ACTEST</md.view><md.view>INFARNEWS_AC</md.view><md.view>MARKETSEIKON_CN</md.view><md.view>MARKETSEIKON</md.view><md.view>CB_ASIAWIRES</md.view><md.view>INWIRES_AC</md.view><md.view>GULF_INTL</md.view><md.view>ININTNEWS_AC</md.view><md.view>ANZ_INTLOS</md.view><md.view>CLEAR_RF</md.view><md.view>INALLNEWS_AC</md.view><md.view>INNEWSINT_PRO</md.view><md.view>INBUSNEWS</md.view><md.view>INNEWSWORLD_PRO</md.view><md.view>INBUSNEWS_AC</md.view></md.subject></md.subjects><md.jurisdictions><md.jurisdiction><md.jurisstate>FE</md.jurisstate></md.jurisdiction></md.jurisdictions><md.publications><md.publication/><md.sourcepubid>ARKANEWS</md.sourcepubid></md.publications><md.royalty><md.royalty.code>84104</md.royalty.code></md.royalty></metadata.block><news.metadata.block><md.text.preview>BANKING NEWSYEREVAN, September 7. / ARKA /. Yerevan-based Ameriabank has announced today the launch of a new system of online money transfers via payment cards as part of its package of remote banking services.</md.text.preview></news.metadata.block><newsplus.recommendable>1</newsplus.recommendable><n-view>CNGE</n-view><n-view>RGEurope</n-view><n-view>PTNewswires</n-view><n-view>ARKANEWS0063786</n-view><n-view>INALLNEWS_ACTEST</n-view><n-view>INFARNEWS_AC</n-view><n-view>MARKETSEIKON_CN</n-view><n-view>MARKETSEIKON</n-view><n-view>CB_ASIAWIRES</n-view><n-view>INWIRES_AC</n-view><n-view>GULF_INTL</n-view><n-view>ININTNEWS_AC</n-view><n-view>ANZ_INTLOS</n-view><n-view>CLEAR_RF</n-view><n-view>INALLNEWS_AC</n-view><n-view>INNEWSINT_PRO</n-view><n-view>INBUSNEWS</n-view><n-view>INNEWSWORLD_PRO</n-view><n-view>INBUSNEWS_AC</n-view><prism-stylesheet guid="Ia3024d301b6a11d89fc5f34981d3242f"/><prism-clipdate>20150907105412</prism-clipdate></n-metadata>
<n-docbody><document version="1" collection="D-ARKANEWS-T001" first-load-date="20150907105412" ip-product="ARKANEWS" royalty-id="84104" data-model="text" dtd-version="5.2.29" content-type="news" load-language="en" pnac="nNRA06ed6e" pnac-date="20150907T155019.780"><supplier-info><supplier-num nitf="doc-id" nitf-regsrc="ARKA News Agency" type="accession">1eae0001f1038a88</supplier-num><internal-acc-num db-id="NEPRARKA" type="newz">20150907170.1_V1eae0001f1038a88</internal-acc-num><rec-status><last-load-date>20150907105412</last-load-date><nitf-date ne="datereceived">20150907T15:50:19Z</nitf-date><nitf-date nitf="date-issue">20150907T00:00:00Z</nitf-date><last-provider-update>20150907155019</last-provider-update></rec-status><supplier-copyright>Copyright Â© 2015 ARKA<copyright-year/><copyright-holder>ARKA</copyright-holder></supplier-copyright><supplier-note nitf="urgency" nitf-ed-urg="4"/><nitf-meta-content name="recommendable">1</nitf-meta-content><nitf-meta-content name="_newsmlg2-hashtype=nr-htype:doc-group-fuzzy">70440|98619|5128|95872|49056|31935|5710|2272|49807|19784|4218|47091|13916|7106|87927|57766|106192|10403|65560|76220|52116|21016|59907|108384|15110|59982|25068|96714|13986|19877|71345|28562|104678|63698|62484|45747|104170|103566|98787|63751|53516|75004|67791|55605|56020|3111|58811|25590|15675|110092|9128|22627|60408|111728|95195|9691|40921|43112|65244|9073|</nitf-meta-content><nitf-meta-content name="_newsmlg2-hashtype=nr-htype:doc-group-content-length">839</nitf-meta-content><nitf-meta-content name="_newsmlg2-hashtype=nr-htype:doc-group-simple">25706b3237dfc8e893f2d6fcd4972cf7082df55d</nitf-meta-content><supplier-dtds><dtd dtd-version="working" dtd-date="20150810T00:00:00Z">Canonical Taxonomy</dtd><dtd dtd-version="20150805" dtd-date="20150810T00:00:00Z">Mapping File</dtd></supplier-dtds><copyright-block type="dialog"><service-copyright n-include_guid="Ice671660f30811d88920000083149a14" n-include_collection="D-DIALOGCOPYRIGHTS-T001"/></copyright-block><copyright-block type="west"><service-copyright n-include_guid="I1DA35ED81DD211B281BAD200220BDFCA" n-include_collection="w_wlnv_msg"/></copyright-block><west-citation-block><bop/><first-line-cite><bos/>9/7/15 NEWS 00:00:00<eos/></first-line-cite><second-line-cite><bos/>9/7/15 ARKA News Agency 00:00:00<eos/></second-line-cite><eop/></west-citation-block></supplier-info><title-info iso-language="en"><bop/><title type="headline" nitf-hedline="hl1" key="key-title"><bos/><sort-title>AMERIABANK ANNOUNCES NEW SYSTEM OF ONLINE MONEY TRANSFERS</sort-title><eos/></title><eop/></title-info><pub-info><journal key="key-journal"><bop/><bos/><sort-journal>ARKA News Agency</sort-journal><eos/><eop/></journal><pub-date key="key-date" iso-time="T00:00:00Z" type="date.publication"><full-pub-date>September 7, 2015</full-pub-date><sort-pub-date>20150907</sort-pub-date><sort-pub-timestamp>20150907000000</sort-pub-timestamp><rank-date>20150907</rank-date><currency-timestamp>20150907000000</currency-timestamp></pub-date><original-pub><language iso-language="en">English</language></original-pub><src-data><src-journal-code>ANPV</src-journal-code><src-pub-code>0063786</src-pub-code><src-pub-type>Newswire</src-pub-type><src-pub-country-wrap><src-pub-country-code>GE</src-pub-country-code><src-pub-country>Georgia CIS</src-pub-country></src-pub-country-wrap><src-pub-region>Europe</src-pub-region></src-data></pub-info><content iso-language="en"><total-char-count>1276</total-char-count><derived-word-count><bop/><bos/>Word Count: 212<eos/><eop/></derived-word-count><text type="lead-para"><p nitf="lede"><bop/><bos/>BANKING NEWS<eos/><eop/></p><p nitf="lede"><bop/><bos/>YEREVAN, September 7. / ARKA /. Yerevan-based <cite.query w-seq-number="00001" w-ref-type="CO" w-normalized-cite="IC0E94EA04D4211DF8364B0DA947806B1" ID="Id22d78a0557811e59694bd5f16c95a1b">Ameriabank</cite.query> has announced today the launch of a new system of online money transfers via payment cards as part of its package of remote banking services.<eos/><eop/></p></text><text type="body"><p><bop/><bos/>&quot;From now on online card-to-card money transfers as well as money transfers from a card to an Ameriabank account can be made by using <cite.query w-seq-number="00002" w-ref-type="MM" w-normalized-cite="canonical_name::MASTERCARD" ID="Id23a49e0557811e59694bd5f16c95a1b">MasterCard</cite.query>, <cite.query w-seq-number="00003" w-ref-type="MM" w-normalized-cite="canonical_name::VISA" ID="Id23a49e1557811e59694bd5f16c95a1b">Visa</cite.query> or ArCa cards issued by any bank. <eos/><bos/>To do so customers need to visit <cite.query w-seq-number="00004" w-ref-type="CO" w-normalized-cite="IC0E94EA04D4211DF8364B0DA947806B1" ID="Id23a49e2557811e59694bd5f16c95a1b">Ameriabank</cite.query>&apos;s official website,&quot; the bank said in a press release.<eos/><eop/></p><p><bop/><bos/>The peculiarity of this system lies in the fact that one has to have access to Internet to make the money transfer. <eos/><bos/>He/she will have to enter the account number or the number of beneficiary&apos;s card. <eos/><bos/>No need to register the virtual card. <eos/><bos/>The amount on the recipient&apos;s account is activated immediately.<eos/><eop/></p><p><bop/><bos/>The system is protected by secure SSL connections; besides, the security of money transfers through payment cards via internet is ensured by Master Card Secure Code and VISA Verified by Visa (VbV) technologies.<eos/><eop/></p><p><bop/><bos/>Ameriabank CJSC is a universal bank providing investment, corporate and retail banking services in a comprehensive package of banking solutions. <eos/><bos/>This is the first investment bank in Armenia, which has been providing a wide range of innovative banking services since 2007.-0-<eos/><eop/></p></text></content><indexing iso-language="en" value-add="machine-generated"><classification-terms><pres-location-block><bop/><bos/><pres-location-wrap><pres-location>Armenia</pres-location><pres-location-code>ISOAM</pres-location-code><alt1-location-code>1AR09</alt1-location-code></pres-location-wrap><pres-location-wrap><pres-location>CIS Countries</pres-location><pres-location-code>CISSTAT</pres-location-code><alt1-location-code>1CI64</alt1-location-code></pres-location-wrap><pres-location-wrap><pres-location>Eastern Europe</pres-location><pres-location-code>GEOEEUR</pres-location-code><alt1-location-code>1EA48</alt1-location-code></pres-location-wrap><pres-location-wrap><pres-location>Europe</pres-location><pres-location-code>GEOEUR</pres-location-code><alt1-location-code>1EU83</alt1-location-code></pres-location-wrap><eos/><eop/></pres-location-block></classification-terms><classification-terms><pres-industry-block><bop/><bos/><pres-industry-wrap><pres-industry>Banking</pres-industry><pres-industry-code>BANKOVER</pres-industry-code><alt1-industry-code>1BA20</alt1-industry-code></pres-industry-wrap><pres-industry-wrap><pres-industry>Credit, Debit &amp; Value Cards</pres-industry><pres-industry-code>CCARDS</pres-industry-code><alt1-industry-code>1CR28</alt1-industry-code></pres-industry-wrap><pres-industry-wrap><pres-industry>Debit Cards</pres-industry><pres-industry-code>DEBCARDS</pres-industry-code><alt1-industry-code>1DE11</alt1-industry-code></pres-industry-wrap><pres-industry-wrap><pres-industry>Financial Services</pres-industry><pres-industry-code>FINSVC</pres-industry-code><alt1-industry-code>1FI37</alt1-industry-code></pres-industry-wrap><pres-industry-wrap><pres-industry>Retail Banking Services</pres-industry><pres-industry-code>RTBNKOVR</pres-industry-code><alt1-industry-code>1RE38</alt1-industry-code></pres-industry-wrap><eos/><eop/></pres-industry-block></classification-terms><classification-terms><rcs-block><rcs>B:126</rcs><rcs>B:125</rcs><rcs>B:128</rcs><rcs>G:B2</rcs><rcs>B:127</rcs><rcs>G:7I</rcs><rcs>G:Y</rcs><rcs>B:129</rcs><rcs>G:AJ</rcs><rcs>G:B</rcs><rcs>G:A</rcs></rcs-block></classification-terms><extraction-terms><extr-company-block><bop/><bos/><norm-company oa-id="5000943280">AMERIABANK CJSC</norm-company><norm-company-wrap occur-sequence="1,2,3,5,8"><norm-company-name>AMERIABANK CJSC</norm-company-name><company-ids><oa-id>5000943280</oa-id></company-ids><company-classification><trbc-wrap><trbc type="RCS">B:1615</trbc><trbc type="2012">5510101010</trbc><trbc type="perm-id">4294951386</trbc></trbc-wrap></company-classification><relevancy engine="1C">0.8</relevancy><confidence engine="1C">0.88</confidence></norm-company-wrap><norm-company oa-id="4298015179">VISA INC</norm-company><norm-company-wrap occur-sequence="4,6,7"><norm-company-name>VISA INC</norm-company-name><company-ids><oa-id>4298015179</oa-id><ric norm="V.N">V.N</ric></company-ids><company-classification><trbc-wrap><trbc type="RCS">B:1219</trbc><trbc type="2012">5220304010</trbc><trbc type="perm-id">4294951782</trbc></trbc-wrap></company-classification><relevancy engine="1C">0.5</relevancy><confidence engine="1C">1</confidence></norm-company-wrap><eos/><eop/></extr-company-block></extraction-terms></indexing></document></n-docbody>
</n-document>
<n-document guid="I02960a7052f911e5b579ac35fd8ba489"><n-metadata><metadata.block><md.identifiers><md.cites><md.first.line.cite>9/4/15 NEWS 00:00:00</md.first.line.cite><md.second.line.cite>9/4/15 ARKA News Agency 00:00:00</md.second.line.cite></md.cites><md.uuid>I02960a7052f911e5b579ac35fd8ba489</md.uuid></md.identifiers><md.infotype>news</md.infotype><md.sortkeys><md.ordersequence>f47363bec</md.ordersequence></md.sortkeys><md.descriptions><md.title>INTEL INTENDS TO INVEST $50 MILLION IN QUANTUM COMPUTERS</md.title><md.westlawdescrip><md.readlist>READLIST</md.readlist></md.westlawdescrip></md.descriptions><md.dates><md.publisheddatetime>20150904064216</md.publisheddatetime><md.loaddate>20150904</md.loaddate><md.createddatetime>20150904064216</md.createddatetime></md.dates><md.subjects><md.subject><md.pubtype.name/><md.doctype.name>DNR</md.doctype.name><md.doctype.rank/><md.view>CNGE</md.view><md.view>RGEurope</md.view><md.view>PTNewswires</md.view><md.view>ARKANEWS0063786</md.view><md.view>INALLNEWS_ACTEST</md.view><md.view>INFARNEWS_AC</md.view><md.view>MARKETSEIKON_CN</md.view><md.view>MARKETSEIKON</md.view><md.view>CB_ASIAWIRES</md.view><md.view>INWIRES_AC</md.view><md.view>GULF_INTL</md.view><md.view>ININTNEWS_AC</md.view><md.view>ANZ_INTLOS</md.view><md.view>CLEAR_RF</md.view><md.view>INALLNEWS_AC</md.view><md.view>INNEWSINT_PRO</md.view><md.view>INBUSNEWS</md.view><md.view>INNEWSWORLD_PRO</md.view><md.view>INBUSNEWS_AC</md.view></md.subject></md.subjects><md.jurisdictions><md.jurisdiction><md.jurisstate>FE</md.jurisstate></md.jurisdiction></md.jurisdictions><md.publications><md.publication/><md.sourcepubid>ARKANEWS</md.sourcepubid></md.publications><md.royalty><md.royalty.code>84104</md.royalty.code></md.royalty></metadata.block><news.metadata.block><md.text.preview>INFORMATION TECHNOLOGIESYEREVAN, September 4. /ARKA/. Intel Corp. said it is investing $50 million as part of a10-year collaboration with QuTech, an institute in the Netherlands formed in 2013 by Delft University of Technology and the Dutch</md.text.preview></news.metadata.block><n-view>CNGE</n-view><n-view>RGEurope</n-view><n-view>PTNewswires</n-view><n-view>ARKANEWS0063786</n-view><n-view>INALLNEWS_ACTEST</n-view><n-view>INFARNEWS_AC</n-view><n-view>MARKETSEIKON_CN</n-view><n-view>MARKETSEIKON</n-view><n-view>CB_ASIAWIRES</n-view><n-view>INWIRES_AC</n-view><n-view>GULF_INTL</n-view><n-view>ININTNEWS_AC</n-view><n-view>ANZ_INTLOS</n-view><n-view>CLEAR_RF</n-view><n-view>INALLNEWS_AC</n-view><n-view>INNEWSINT_PRO</n-view><n-view>INBUSNEWS</n-view><n-view>INNEWSWORLD_PRO</n-view><n-view>INBUSNEWS_AC</n-view><prism-stylesheet guid="Ia3024d301b6a11d89fc5f34981d3242f"/><prism-clipdate>20150904064216</prism-clipdate></n-metadata>
<n-docbody><document version="2" collection="D-ARKANEWS-T001" first-load-date="20150904064216" ip-product="ARKANEWS" royalty-id="84104" data-model="text" dtd-version="5.2.29" content-type="news" load-language="en" pnac="nNRA06603v" pnac-date="20150904T113514.838"><supplier-info><supplier-num nitf="doc-id" nitf-regsrc="ARKA News Agency" type="accession">bda200010cea8b86</supplier-num><internal-acc-num db-id="NEPRARKA" type="newz">20150904170.1_Vbda200010cea8b86</internal-acc-num><rec-status><last-load-date>20150904064216</last-load-date><nitf-date ne="datereceived">20150904T11:35:39Z</nitf-date><nitf-date nitf="date-issue">20150904T00:00:00Z</nitf-date><last-provider-update>20150904113539</last-provider-update></rec-status><supplier-copyright>Copyright Â© 2015 ARKA<copyright-year/><copyright-holder>ARKA</copyright-holder></supplier-copyright><supplier-note nitf="urgency" nitf-ed-urg="4"/><nitf-meta-content name="_newsmlg2-hashtype=nr-htype:doc-group-fuzzy">23537|98619|66421|42886|42744|49508|43086|90162|89344|65295|100287|30157|34267|57473|91175|100097|104146|19262|44081|4231|41836|25920|22967|12921|36348|73786|88269|12893|105460|85000|42220|33830|10612|56648|35577|65372|61344|68225|18090|44443|507|46504|107324|106055|9480|77299|14581|103566|51588|56944|102738|100027|109918|106819|54738|88028|35374|3432|102679|47483|</nitf-meta-content><nitf-meta-content name="_newsmlg2-hashtype=nr-htype:doc-group-content-length">626</nitf-meta-content><nitf-meta-content name="_newsmlg2-hashtype=nr-htype:doc-group-simple">460371e139d067a7e3b7e32faf19da34e7c0525e</nitf-meta-content><supplier-dtds><dtd dtd-version="working" dtd-date="20150810T00:00:00Z">Canonical Taxonomy</dtd><dtd dtd-version="20150805" dtd-date="20150810T00:00:00Z">Mapping File</dtd></supplier-dtds><copyright-block type="dialog"><service-copyright n-include_guid="Ice671660f30811d88920000083149a14" n-include_collection="D-DIALOGCOPYRIGHTS-T001"/></copyright-block><copyright-block type="west"><service-copyright n-include_guid="I1DA35ED81DD211B281BAD200220BDFCA" n-include_collection="w_wlnv_msg"/></copyright-block><west-citation-block><bop/><first-line-cite><bos/>9/4/15 NEWS 00:00:00<eos/></first-line-cite><second-line-cite><bos/>9/4/15 ARKA News Agency 00:00:00<eos/></second-line-cite><eop/></west-citation-block></supplier-info><title-info iso-language="en"><bop/><title type="headline" nitf-hedline="hl1" key="key-title"><bos/><sort-title><cite.query w-seq-number="00001" w-ref-type="MM" w-normalized-cite="canonical_name::INTEL" ID="I2291f2c052fa11e595f3c06de5626f98">INTEL</cite.query> INTENDS TO INVEST $50 MILLION IN QUANTUM COMPUTERS</sort-title><eos/></title><eop/></title-info><pub-info><journal key="key-journal"><bop/><bos/><sort-journal>ARKA News Agency</sort-journal><eos/><eop/></journal><pub-date key="key-date" iso-time="T00:00:00Z" type="date.publication"><full-pub-date>September 4, 2015</full-pub-date><sort-pub-date>20150904</sort-pub-date><sort-pub-timestamp>20150904000000</sort-pub-timestamp><rank-date>20150904</rank-date><currency-timestamp>20150904000000</currency-timestamp></pub-date><original-pub><language iso-language="en">English</language></original-pub><src-data><src-journal-code>ANPV</src-journal-code><src-pub-code>0063786</src-pub-code><src-pub-type>Newswire</src-pub-type><src-pub-country-wrap><src-pub-country-code>GE</src-pub-country-code><src-pub-country>Georgia CIS</src-pub-country></src-pub-country-wrap><src-pub-region>Europe</src-pub-region></src-data></pub-info><content iso-language="en"><total-char-count>909</total-char-count><derived-word-count><bop/><bos/>Word Count: 139<eos/><eop/></derived-word-count><text type="lead-para"><p nitf="lede"><bop/><bos/><cite.query w-seq-number="00002" w-ref-type="WC" w-normalized-cite="I76DF065242BE11DDA1BC0014224D2780" ID="I2299e20052fa11e595f3c06de5626f98">INFORMATION TECHNOLOGIES</cite.query><eos/><eop/></p><p nitf="lede"><bop/><bos/>YEREVAN, September 4. /ARKA/. <eos/><bos/><cite.query w-seq-number="00003" w-ref-type="MM" w-normalized-cite="canonical_name::INTEL CORP" ID="I22b46ee052fa11e595f3c06de5626f98">Intel Corp.</cite.query> said it is investing $50 million as part of a10-year collaboration with QuTech, an institute in the Netherlands formed in 2013 by <cite.query w-seq-number="00004" w-ref-type="NM" w-normalized-cite="canonical_name::DELFT UNIVERSITY OF TECHNOLOGY" ID="I22b46ee152fa11e595f3c06de5626f98">Delft University of Technology</cite.query> and the <cite.query w-seq-number="00005" w-ref-type="NM" w-normalized-cite="canonical_name::DUTCH ORGANIZATION" ID="I22b46ee252fa11e595f3c06de5626f98">Dutch Organization</cite.query> for <cite.query w-seq-number="00006" w-ref-type="CO" w-normalized-cite="I976B0A30571111E080258F0E01953BF2" ID="I22b46ee352fa11e595f3c06de5626f98">Applied Research</cite.query>, The Wall Street Journal reports.<eos/><eop/></p></text><text type="body"><p><bop/><bos/>The chip giant also plans to provide its own engineering resources to accelerate advancements in the field.<eos/><eop/></p><p><bop/><bos/><cite.query w-seq-number="00007" w-ref-type="MM" w-normalized-cite="canonical_name::INTEL" ID="I22bde4c052fa11e595f3c06de5626f98">Intel</cite.query> said that potential applications for the computing power include intricate simulations such as large-scale financial analysis and more effective drug development, according to NDTV.<eos/><eop/></p><p><bop/><bos/>&quot;A fully functioning quantum computer is at least a dozen years away, but the practical and theoretical research efforts we&apos;re announcing today mark an important milestone in the journey to bring it closer to reality,&quot; managing director of <cite.query w-seq-number="00008" w-ref-type="NM" w-normalized-cite="canonical_name::INTEL LABS" ID="I22c537c052fa11e595f3c06de5626f98">Intel Labs</cite.query> Mike Mayberry is quoted by NDTV as saying. <eos/>M.V.----0----<eop/></p></text></content><indexing iso-language="en" value-add="machine-generated"><classification-terms><pres-location-block><bop/><bos/><pres-location-wrap><pres-location>Europe</pres-location><pres-location-code>GEOEUR</pres-location-code><alt1-location-code>1EU83</alt1-location-code></pres-location-wrap><pres-location-wrap><pres-location>Eurozone Countries</pres-location><pres-location-code>EUROZONE</pres-location-code><alt1-location-code>1EU86</alt1-location-code></pres-location-wrap><pres-location-wrap><pres-location>Netherlands</pres-location><pres-location-code>ISONL</pres-location-code><alt1-location-code>1NE54</alt1-location-code></pres-location-wrap><pres-location-wrap><pres-location>Western Europe</pres-location><pres-location-code>GEOWEUR</pres-location-code><alt1-location-code>1WE41</alt1-location-code></pres-location-wrap><eos/><eop/></pres-location-block></classification-terms><classification-terms><pres-subject-block><bop/><bos/><pres-subject-wrap><pres-subject>Major Corporations</pres-subject><pres-subject-code>MAJCORP</pres-subject-code><alt1-subject-code>1MA93</alt1-subject-code></pres-subject-wrap><eos/><eop/></pres-subject-block><pres-industry-block><bop/><bos/><pres-industry-wrap><pres-industry>Electronic Components</pres-industry><pres-industry-code>ELECCOMP</pres-industry-code><alt1-industry-code>1EL91</alt1-industry-code></pres-industry-wrap><pres-industry-wrap><pres-industry>Electronics</pres-industry><pres-industry-code>ETRONICS</pres-industry-code><alt1-industry-code>1EL16</alt1-industry-code></pres-industry-wrap><pres-industry-wrap><pres-industry>Semiconductor</pres-industry><pres-industry-code>SCIND1</pres-industry-code><alt1-industry-code>1SE88</alt1-industry-code></pres-industry-wrap><eos/><eop/></pres-industry-block></classification-terms><classification-terms><rcs-block><rcs>G:3</rcs><rcs>G:7K</rcs><rcs>B:41</rcs><rcs>B:163</rcs><rcs>G:A</rcs><rcs>G:AL</rcs></rcs-block></classification-terms><extraction-terms><extr-company-block><bop/><bos/><extr-company>Wall Street Journal</extr-company><extr-company-wrap><extr-company-name>Wall Street Journal</extr-company-name><relevancy engine="1C">0.2</relevancy><confidence engine="1C">0.94</confidence></extr-company-wrap><norm-company oa-id="4295906830">INTEL CORP</norm-company><norm-company-wrap occur-sequence="1"><norm-company-name>INTEL CORP</norm-company-name><company-ids><oa-id>4295906830</oa-id><ric norm="INTC.OQ">INTC.OQ</ric></company-ids><company-classification><trbc-wrap><trbc type="RCS">B:1740</trbc><trbc type="2012">5710101010</trbc><trbc type="perm-id">4294951261</trbc></trbc-wrap></company-classification><relevancy engine="1C">0.8</relevancy><confidence engine="1C">1</confidence></norm-company-wrap><eos/><eop/></extr-company-block></extraction-terms></indexing></document></n-docbody>
</n-document>
<n-document guid="I18fa8470525f11e5969db1b9cd9e892d"><n-metadata><metadata.block><md.identifiers><md.cites><md.first.line.cite>9/3/15 NEWS 00:00:00</md.first.line.cite><md.second.line.cite>9/3/15 ARKA News Agency 00:00:00</md.second.line.cite></md.cites><md.uuid>I18fa8470525f11e5969db1b9cd9e892d</md.uuid></md.identifiers><md.infotype>news</md.infotype><md.sortkeys><md.ordersequence>f47363bec</md.ordersequence></md.sortkeys><md.descriptions><md.title>ARMENIAN ROSTELECOM JOINS LARGEST INTERNET EXCHANGE CENTERS</md.title><md.westlawdescrip><md.readlist>READLIST</md.readlist></md.westlawdescrip></md.descriptions><md.dates><md.publisheddatetime>20150903121717</md.publisheddatetime><md.loaddate>20150903</md.loaddate><md.createddatetime>20150903121717</md.createddatetime></md.dates><md.subjects><md.subject><md.pubtype.name/><md.doctype.name>DNR</md.doctype.name><md.doctype.rank/><md.view>CNGE</md.view><md.view>RGEurope</md.view><md.view>PTNewswires</md.view><md.view>ARKANEWS0063786</md.view><md.view>INALLNEWS_ACTEST</md.view><md.view>INFARNEWS_AC</md.view><md.view>MARKETSEIKON_CN</md.view><md.view>MARKETSEIKON</md.view><md.view>CB_ASIAWIRES</md.view><md.view>INWIRES_AC</md.view><md.view>GULF_INTL</md.view><md.view>ININTNEWS_AC</md.view><md.view>ANZ_INTLOS</md.view><md.view>CLEAR_RF</md.view><md.view>INALLNEWS_AC</md.view><md.view>INNEWSINT_PRO</md.view><md.view>INBUSNEWS</md.view><md.view>INNEWSWORLD_PRO</md.view><md.view>INBUSNEWS_AC</md.view></md.subject></md.subjects><md.jurisdictions><md.jurisdiction><md.jurisstate>FE</md.jurisstate></md.jurisdiction></md.jurisdictions><md.publications><md.publication/><md.sourcepubid>ARKANEWS</md.sourcepubid></md.publications><md.royalty><md.royalty.code>84104</md.royalty.code></md.royalty></metadata.block><news.metadata.block><md.text.preview>INFORMATION TECHNOLOGIESYEREVAN, September 3. / ARKA /. GNC-ALFA telecommunications network services operator in Armenia (trading as Rostelecom) has joined two major international Internet Exchange Centers- the Frankfurt-based DE-CIX and</md.text.preview></news.metadata.block><newsplus.recommendable>1</newsplus.recommendable><n-view>CNGE</n-view><n-view>RGEurope</n-view><n-view>PTNewswires</n-view><n-view>ARKANEWS0063786</n-view><n-view>INALLNEWS_ACTEST</n-view><n-view>INFARNEWS_AC</n-view><n-view>MARKETSEIKON_CN</n-view><n-view>MARKETSEIKON</n-view><n-view>CB_ASIAWIRES</n-view><n-view>INWIRES_AC</n-view><n-view>GULF_INTL</n-view><n-view>ININTNEWS_AC</n-view><n-view>ANZ_INTLOS</n-view><n-view>CLEAR_RF</n-view><n-view>INALLNEWS_AC</n-view><n-view>INNEWSINT_PRO</n-view><n-view>INBUSNEWS</n-view><n-view>INNEWSWORLD_PRO</n-view><n-view>INBUSNEWS_AC</n-view><prism-stylesheet guid="Ia3024d301b6a11d89fc5f34981d3242f"/><prism-clipdate>20150903121717</prism-clipdate></n-metadata>
<n-docbody><document version="1" collection="D-ARKANEWS-T001" first-load-date="20150903121717" ip-product="ARKANEWS" royalty-id="84104" data-model="text" dtd-version="5.2.29" content-type="news" load-language="en" pnac="nNRA06322t" pnac-date="20150903T171329.911"><supplier-info><supplier-num nitf="doc-id" nitf-regsrc="ARKA News Agency" type="accession">26c4000774689681</supplier-num><internal-acc-num db-id="NEPRARKA" type="newz">20150903170.1_V26c4000774689681</internal-acc-num><rec-status><last-load-date>20150903121717</last-load-date><nitf-date ne="datereceived">20150903T17:13:29Z</nitf-date><nitf-date nitf="date-issue">20150903T00:00:00Z</nitf-date><last-provider-update>20150903171329</last-provider-update></rec-status><supplier-copyright>Copyright Â© 2015 ARKA<copyright-year/><copyright-holder>ARKA</copyright-holder></supplier-copyright><supplier-note nitf="urgency" nitf-ed-urg="4"/><nitf-meta-content name="recommendable">1</nitf-meta-content><nitf-meta-content name="_newsmlg2-hashtype=nr-htype:doc-group-fuzzy">96466|47438|39220|91277|98619|75197|72178|57684|56088|53451|44801|12065|1835|18350|31935|95772|77544|76365|8712|24339|6553|29750|107000|6129|83497|29335|86875|112475|52090|53419|19980|12568|63039|43095|61252|58412|8315|82400|89548|57564|68733|48774|28156|11941|73323|34452|108683|70504|100514|79083|26613|9412|52034|1727|91788|2772|42521|72068|106193|26500|</nitf-meta-content><nitf-meta-content name="_newsmlg2-hashtype=nr-htype:doc-group-content-length">1706</nitf-meta-content><nitf-meta-content name="_newsmlg2-hashtype=nr-htype:doc-group-simple">-e504787c56f424a1fc961b58b21c784b7cdf25</nitf-meta-content><supplier-dtds><dtd dtd-version="working" dtd-date="20150810T00:00:00Z">Canonical Taxonomy</dtd><dtd dtd-version="20150805" dtd-date="20150810T00:00:00Z">Mapping File</dtd></supplier-dtds><copyright-block type="dialog"><service-copyright n-include_guid="Ice671660f30811d88920000083149a14" n-include_collection="D-DIALOGCOPYRIGHTS-T001"/></copyright-block><copyright-block type="west"><service-copyright n-include_guid="I1DA35ED81DD211B281BAD200220BDFCA" n-include_collection="w_wlnv_msg"/></copyright-block><west-citation-block><bop/><first-line-cite><bos/>9/3/15 NEWS 00:00:00<eos/></first-line-cite><second-line-cite><bos/>9/3/15 ARKA News Agency 00:00:00<eos/></second-line-cite><eop/></west-citation-block></supplier-info><title-info iso-language="en"><bop/><title type="headline" nitf-hedline="hl1" key="key-title"><bos/><sort-title>ARMENIAN ROSTELECOM JOINS LARGEST INTERNET EXCHANGE CENTERS</sort-title><eos/></title><eop/></title-info><pub-info><journal key="key-journal"><bop/><bos/><sort-journal>ARKA News Agency</sort-journal><eos/><eop/></journal><pub-date key="key-date" iso-time="T00:00:00Z" type="date.publication"><full-pub-date>September 3, 2015</full-pub-date><sort-pub-date>20150903</sort-pub-date><sort-pub-timestamp>20150903000000</sort-pub-timestamp><rank-date>20150903</rank-date><currency-timestamp>20150903000000</currency-timestamp></pub-date><original-pub><language iso-language="en">English</language></original-pub><src-data><src-journal-code>ANPV</src-journal-code><src-pub-code>0063786</src-pub-code><src-pub-type>Newswire</src-pub-type><src-pub-country-wrap><src-pub-country-code>GE</src-pub-country-code><src-pub-country>Georgia CIS</src-pub-country></src-pub-country-wrap><src-pub-region>Europe</src-pub-region></src-data></pub-info><content iso-language="en"><total-char-count>2553</total-char-count><derived-word-count><bop/><bos/>Word Count: 365<eos/><eop/></derived-word-count><text type="lead-para"><p nitf="lede"><bop/><bos/><cite.query w-seq-number="00001" w-ref-type="WC" w-normalized-cite="I76DF065242BE11DDA1BC0014224D2780" ID="Icd7a8e40525f11e5a9a8dfa100394778">INFORMATION TECHNOLOGIES</cite.query><eos/><eop/></p><p nitf="lede"><bop/><bos/>YEREVAN, September 3. / ARKA /. GNC-ALFA telecommunications network services operator in Armenia (trading as Rostelecom) has joined two major international Internet Exchange Centers- the Frankfurt-based <cite.query w-seq-number="00002" w-ref-type="NM" w-normalized-cite="canonical_name::DE CIX" ID="Icd825670525f11e5a9a8dfa100394778">DE-CIX</cite.query> and Moscow-based MSK-IX, the press service of the company announced today.<eos/><eop/></p></text><text type="body"><p><bop/><bos/>More specifically, communication with MSK-IX network is provided through Georgian FOPTNET (Fiber-Optic Telecommunication Network) by means of underwater cable running from <cite.query w-seq-number="00003" w-ref-type="NM" w-normalized-cite="canonical_name::GEORGIAN POTI" ID="Icd8dc820525f11e5a9a8dfa100394778">Georgian Poti</cite.query> to Russian Novorossiysk, while in the Russian Federation through <cite.query w-seq-number="00004" w-ref-type="WC" w-normalized-cite="IF2142130453D11DD94140014224D2780" ID="Icd8dc821525f11e5a9a8dfa100394778">Rostelecom</cite.query>&apos;s own network.<eos/><eop/></p><p><bop/><bos/>Communication with DE-CIX network is provided by the Georgian Caucasus Online network by means of underwater cable stretching from Poti to Bulgarian Varna, while in the territory of Europe the communication is provided through the networks of reputable European operators.<eos/><eop/></p><p><bop/><bos/>GNC-<cite.query w-seq-number="00005" w-ref-type="MM" w-normalized-cite="canonical_name::ALFA" ID="Icd939480525f11e5a9a8dfa100394778">ALFA</cite.query> said it has made investments in getting connected to two international fiber optic systems, operating independently from one another, thereby ensuring geographical and technical independence of its own network.<eos/><eop/></p><p><bop/><bos/>Through these platforms Rostelecom network is now directly connected to international telecommunication resources, such as <cite.query w-seq-number="00006" w-ref-type="CO" w-normalized-cite="I111C9D1542B311DDA5520014224D2780" ID="Icdc1f780525f11e5a9a8dfa100394778">France Telecom</cite.query>, <cite.query w-seq-number="00007" w-ref-type="MM" w-normalized-cite="canonical_name::TELIASONERA" ID="Icdc1f781525f11e5a9a8dfa100394778">TeliaSonera</cite.query>, <cite.query w-seq-number="00008" w-ref-type="MM" w-normalized-cite="canonical_name::TELENOR" ID="Icdc1f782525f11e5a9a8dfa100394778">Telenor</cite.query>, Deutshche <cite.query w-seq-number="00009" w-ref-type="WC" w-normalized-cite="IA27FBA0056F911E089AC8CE04EA54993" ID="Icdc1f783525f11e5a9a8dfa100394778">Telekom</cite.query> and others and reputable content providing companies - <cite.query w-seq-number="00010" w-ref-type="MM" w-normalized-cite="canonical_name::GOOGLE" ID="Icdc1f784525f11e5a9a8dfa100394778">Google</cite.query>, <cite.query w-seq-number="00011" w-ref-type="CO" w-normalized-cite="IE9D0907041EC11DDAD6B0014224D2780" ID="Icdc1f785525f11e5a9a8dfa100394778">Facebook</cite.query>, e-Bay, <cite.query w-seq-number="00012" w-ref-type="MM" w-normalized-cite="canonical_name::APPLE" ID="Icdc1f786525f11e5a9a8dfa100394778">Apple</cite.query> and others.<eos/><eop/></p><p><bop/><bos/>&quot;Through the implementation of successive steps Rostelecom constantly improves and modernizes technological solutions to deliver services to its subscribers and providing a dynamic market demand&quot;, GNC-<cite.query w-seq-number="00013" w-ref-type="MM" w-normalized-cite="canonical_name::ALFA" ID="Icdc66450525f11e5a9a8dfa100394778">ALFA</cite.query> said in a press release.<eos/><eop/></p><p><bop/><bos/>Joining international traffic exchange centers is aimed at improving the quality of services provided to corporate clients and ordinary subscribers, as well as at securing the competitive advantages of the company in the Armenian market, it said.<eos/><eop/></p><p><bop/><bos/>GNC-ALFA began promotion and sale of broadband Internet, IP-TV and a new generation of IP-telephony in Armenia under the brand of Rostelecom from 2012 December. <eos/><bos/>The company&apos;s fiber-optic network covers 80% of the territory of Armenia, extending to more than 2,500 km. The network is connected to the main regional backbones and major traffic exchange sites, as well as international channels via Georgia and Iran.<eos/><eop/></p><p><bop/><bos/>Rostelecom is a dynamically developing Russia&apos;s largest telecommunications group, providing services in all segments of the market throughout the country. <eos/><bos/>The company occupies a leading position in the Russian market of broadband services and pay-TV. <eos/><bos/>Currently, it has 13 million mobile telephony subscribers. -0-<eos/><eop/></p></text></content><indexing iso-language="en" value-add="machine-generated"><classification-terms><pres-location-block><bop/><bos/><pres-location-wrap><pres-location>Armenia</pres-location><pres-location-code>ISOAM</pres-location-code><alt1-location-code>1AR09</alt1-location-code></pres-location-wrap><pres-location-wrap><pres-location>Asia</pres-location><pres-location-code>GEOASIA</pres-location-code><alt1-location-code>1AS61</alt1-location-code></pres-location-wrap><pres-location-wrap><pres-location>Bulgaria</pres-location><pres-location-code>ISOBG</pres-location-code><alt1-location-code>1BU65</alt1-location-code></pres-location-wrap><pres-location-wrap><pres-location>CIS Countries</pres-location><pres-location-code>CISSTAT</pres-location-code><alt1-location-code>1CI64</alt1-location-code></pres-location-wrap><pres-location-wrap><pres-location>Eastern Europe</pres-location><pres-location-code>GEOEEUR</pres-location-code><alt1-location-code>1EA48</alt1-location-code></pres-location-wrap><pres-location-wrap><pres-location>Europe</pres-location><pres-location-code>GEOEUR</pres-location-code><alt1-location-code>1EU83</alt1-location-code></pres-location-wrap><pres-location-wrap><pres-location>Russia</pres-location><pres-location-code>ISORU</pres-location-code><alt1-location-code>1RU33</alt1-location-code></pres-location-wrap><pres-location-wrap><pres-location>Southern Europe</pres-location><pres-location-code>GEOSEUR</pres-location-code><alt1-location-code>1SO59</alt1-location-code></pres-location-wrap><eos/><eop/></pres-location-block></classification-terms><classification-terms><pres-subject-block><bop/><bos/><pres-subject-wrap><pres-subject>CIS</pres-subject><pres-subject-code>GEOCIS</pres-subject-code><alt1-subject-code>1CI65</alt1-subject-code></pres-subject-wrap><pres-subject-wrap><pres-subject>Emerging Market Countries</pres-subject><pres-subject-code>EMERGING</pres-subject-code><alt1-subject-code>1EM65</alt1-subject-code></pres-subject-wrap><pres-subject-wrap><pres-subject>Major Corporations</pres-subject><pres-subject-code>MAJCORP</pres-subject-code><alt1-subject-code>1MA93</alt1-subject-code></pres-subject-wrap><pres-subject-wrap><pres-subject>World Organizations</pres-subject><pres-subject-code>GEOORGS</pres-subject-code><alt1-subject-code>1IN77</alt1-subject-code></pres-subject-wrap><eos/><eop/></pres-subject-block><pres-industry-block><bop/><bos/><pres-industry-wrap><pres-industry>Broadband Equipment</pres-industry><pres-industry-code>DJFCMT</pres-industry-code><alt1-industry-code>1BR20</alt1-industry-code></pres-industry-wrap><pres-industry-wrap><pres-industry>Fiber Optic Connectivity</pres-industry><pres-industry-code>DCOPNET</pres-industry-code><alt1-industry-code>1FI54</alt1-industry-code></pres-industry-wrap><pres-industry-wrap><pres-industry>Fiber Optic Equipment</pres-industry><pres-industry-code>TTFOPT</pres-industry-code><alt1-industry-code>1OP07</alt1-industry-code></pres-industry-wrap><pres-industry-wrap><pres-industry>Fiber Optic Infrastructure</pres-industry><pres-industry-code>OPTINFRA</pres-industry-code><alt1-industry-code>1OP13</alt1-industry-code></pres-industry-wrap><pres-industry-wrap><pres-industry>Internet</pres-industry><pres-industry-code>INTERNET</pres-industry-code><alt1-industry-code>1IN27</alt1-industry-code></pres-industry-wrap><pres-industry-wrap><pres-industry>Internet Infrastructure</pres-industry><pres-industry-code>INTERINF</pres-industry-code><alt1-industry-code>1IN95</alt1-industry-code></pres-industry-wrap><pres-industry-wrap><pres-industry>Telecom</pres-industry><pres-industry-code>TITOP</pres-industry-code><alt1-industry-code>1TE27</alt1-industry-code></pres-industry-wrap><pres-industry-wrap><pres-industry>Telecom Carriers &amp; Operators</pres-industry><pres-industry-code>TELCOOV</pres-industry-code><alt1-industry-code>1TE56</alt1-industry-code></pres-industry-wrap><pres-industry-wrap><pres-industry>Telecom Equipment</pres-industry><pres-industry-code>TNEQOVR</pres-industry-code><alt1-industry-code>1TE98</alt1-industry-code></pres-industry-wrap><pres-industry-wrap><pres-industry>Telecom Infrastructure</pres-industry><pres-industry-code>PTINFR</pres-industry-code><alt1-industry-code>1IN78</alt1-industry-code></pres-industry-wrap><eos/><eop/></pres-industry-block></classification-terms><classification-terms><rcs-block><rcs>G:B2</rcs><rcs>B:177</rcs><rcs>G:7I</rcs><rcs>M:S</rcs><rcs>B:167</rcs><rcs>G:Y</rcs><rcs>B:162</rcs><rcs>G:B</rcs><rcs>G:A</rcs><rcs>G:1W</rcs><rcs>G:K</rcs><rcs>G:38</rcs><rcs>G:AJ</rcs><rcs>G:1</rcs></rcs-block></classification-terms><extraction-terms><extr-company-block><bop/><bos/><norm-company oa-id="4295905573">APPLE INC</norm-company><norm-company-wrap occur-sequence="6"><norm-company-name>APPLE INC</norm-company-name><company-ids><oa-id>4295905573</oa-id><ric norm="AAPL.OQ">AAPL.OQ</ric></company-ids><company-classification><trbc-wrap><trbc type="RCS">B:1758</trbc><trbc type="2012">5710601010</trbc><trbc type="perm-id">4294951243</trbc></trbc-wrap></company-classification><relevancy engine="1C">0.2</relevancy><confidence engine="1C">0.99</confidence></norm-company-wrap><norm-company oa-id="4297297477">FACEBOOK INC</norm-company><norm-company-wrap occur-sequence="5"><norm-company-name>FACEBOOK INC</norm-company-name><company-ids><oa-id>4297297477</oa-id><ric norm="FB.OQ">FB.OQ</ric></company-ids><company-classification><trbc-wrap><trbc type="RCS">B:1806</trbc><trbc type="2012">5720103012</trbc><trbc type="perm-id">4294951195</trbc></trbc-wrap></company-classification><relevancy engine="1C">0.2</relevancy><confidence engine="1C">1</confidence></norm-company-wrap><norm-company oa-id="4295899948">GOOGLE INC</norm-company><norm-company-wrap occur-sequence="4"><norm-company-name>GOOGLE INC</norm-company-name><company-ids><oa-id>4295899948</oa-id><ric norm="GOOGL.OQ">GOOGL.OQ</ric></company-ids><company-classification><trbc-wrap><trbc type="RCS">B:1805</trbc><trbc type="2012">5720103011</trbc><trbc type="perm-id">4294951196</trbc></trbc-wrap></company-classification><relevancy engine="1C">0.2</relevancy><confidence engine="1C">1</confidence></norm-company-wrap><norm-company oa-id="4295868416">ORANGE SA</norm-company><norm-company-wrap occur-sequence="1"><norm-company-name>ORANGE SA</norm-company-name><company-ids><oa-id>4295868416</oa-id><ric norm="ORAN.PA">ORAN.PA</ric></company-ids><company-classification><trbc-wrap><trbc type="RCS">B:1811</trbc><trbc type="2012">5810101010</trbc><trbc type="perm-id">4294951190</trbc></trbc-wrap></company-classification><relevancy engine="1C">0.2</relevancy><confidence engine="1C">1</confidence></norm-company-wrap><norm-company oa-id="4295885638">TELENOR ASA</norm-company><norm-company-wrap occur-sequence="3"><norm-company-name>TELENOR ASA</norm-company-name><company-ids><oa-id>4295885638</oa-id><ric norm="TEL.OL">TEL.OL</ric></company-ids><company-classification><trbc-wrap><trbc type="RCS">B:1817</trbc><trbc type="2012">5810102010</trbc><trbc type="perm-id">4294951184</trbc></trbc-wrap></company-classification><relevancy engine="1C">0.2</relevancy><confidence engine="1C">1</confidence></norm-company-wrap><norm-company oa-id="4295890327">TELIASONERA AB</norm-company><norm-company-wrap occur-sequence="2"><norm-company-name>TELIASONERA AB</norm-company-name><company-ids><oa-id>4295890327</oa-id><ric norm="TLSN.ST">TLSN.ST</ric></company-ids><company-classification><trbc-wrap><trbc type="RCS">B:1811</trbc><trbc type="2012">5810101010</trbc><trbc type="perm-id">4294951190</trbc></trbc-wrap></company-classification><relevancy engine="1C">0.2</relevancy><confidence engine="1C">0.98</confidence></norm-company-wrap><eos/><eop/></extr-company-block></extraction-terms></indexing></document></n-docbody>
</n-document>
<n-document guid="I0710f1e0515111e58ca8d81bf4d9417b"><n-metadata><metadata.block><md.identifiers><md.cites><md.first.line.cite>9/2/15 NEWS 00:00:00</md.first.line.cite><md.second.line.cite>9/2/15 ARKA News Agency 00:00:00</md.second.line.cite></md.cites><md.uuid>I0710f1e0515111e58ca8d81bf4d9417b</md.uuid></md.identifiers><md.infotype>news</md.infotype><md.sortkeys><md.ordersequence>f47363bec</md.ordersequence></md.sortkeys><md.descriptions><md.title>APPLE INTENDS TO MAKE ITS OWN MOVIES</md.title><md.westlawdescrip><md.readlist>READLIST</md.readlist></md.westlawdescrip></md.descriptions><md.dates><md.publisheddatetime>20150902040515</md.publisheddatetime><md.loaddate>20150902</md.loaddate><md.createddatetime>20150902040515</md.createddatetime></md.dates><md.subjects><md.subject><md.pubtype.name/><md.doctype.name>DNR</md.doctype.name><md.doctype.rank/><md.view>CNGE</md.view><md.view>RGEurope</md.view><md.view>PTNewswires</md.view><md.view>ARKANEWS0063786</md.view><md.view>INALLNEWS_ACTEST</md.view><md.view>INFARNEWS_AC</md.view><md.view>MARKETSEIKON_CN</md.view><md.view>MARKETSEIKON</md.view><md.view>CB_ASIAWIRES</md.view><md.view>INWIRES_AC</md.view><md.view>GULF_INTL</md.view><md.view>ININTNEWS_AC</md.view><md.view>ANZ_INTLOS</md.view><md.view>CLEAR_RF</md.view><md.view>INALLNEWS_AC</md.view><md.view>INNEWSINT_PRO</md.view><md.view>INBUSNEWS</md.view><md.view>INNEWSWORLD_PRO</md.view><md.view>INBUSNEWS_AC</md.view></md.subject></md.subjects><md.jurisdictions><md.jurisdiction><md.jurisstate>FE</md.jurisstate></md.jurisdiction></md.jurisdictions><md.publications><md.publication/><md.sourcepubid>ARKANEWS</md.sourcepubid></md.publications><md.royalty><md.royalty.code>84104</md.royalty.code></md.royalty></metadata.block><news.metadata.block><md.text.preview>INFORMATION TECHNOLOGIESYEREVAN, September 2. /ARKA/. Apple is in talks as part of a possible move into producing its own original programming, the world media outlets report referring to Variety.</md.text.preview></news.metadata.block><newsplus.recommendable>1</newsplus.recommendable><n-view>CNGE</n-view><n-view>RGEurope</n-view><n-view>PTNewswires</n-view><n-view>ARKANEWS0063786</n-view><n-view>INALLNEWS_ACTEST</n-view><n-view>INFARNEWS_AC</n-view><n-view>MARKETSEIKON_CN</n-view><n-view>MARKETSEIKON</n-view><n-view>CB_ASIAWIRES</n-view><n-view>INWIRES_AC</n-view><n-view>GULF_INTL</n-view><n-view>ININTNEWS_AC</n-view><n-view>ANZ_INTLOS</n-view><n-view>CLEAR_RF</n-view><n-view>INALLNEWS_AC</n-view><n-view>INNEWSINT_PRO</n-view><n-view>INBUSNEWS</n-view><n-view>INNEWSWORLD_PRO</n-view><n-view>INBUSNEWS_AC</n-view><prism-stylesheet guid="Ia3024d301b6a11d89fc5f34981d3242f"/><prism-clipdate>20150902040515</prism-clipdate></n-metadata>
<n-docbody><document version="1" collection="D-ARKANEWS-T001" first-load-date="20150902040515" ip-product="ARKANEWS" royalty-id="84104" data-model="text" dtd-version="5.2.29" content-type="news" load-language="en" pnac="nNRA05w2az" pnac-date="20150902T090015.742"><supplier-info><supplier-num nitf="doc-id" nitf-regsrc="ARKA News Agency" type="accession">333600018a7c4bdd</supplier-num><internal-acc-num db-id="NEPRARKA" type="newz">20150902170.1_V333600018a7c4bdd</internal-acc-num><rec-status><last-load-date>20150902040515</last-load-date><nitf-date ne="datereceived">20150902T09:00:15Z</nitf-date><nitf-date nitf="date-issue">20150902T00:00:00Z</nitf-date><last-provider-update>20150902090015</last-provider-update></rec-status><supplier-copyright>Copyright Â© 2015 ARKA<copyright-year/><copyright-holder>ARKA</copyright-holder></supplier-copyright><supplier-note nitf="urgency" nitf-ed-urg="4"/><nitf-meta-content name="recommendable">1</nitf-meta-content><nitf-meta-content name="_newsmlg2-hashtype=nr-htype:doc-group-fuzzy">4588|72982|98619|42886|80534|41061|95575|60568|64086|36957|27868|81331|109699|84379|95902|9937|75749|13945|12568|11183|89494|871|53644|106873|98192|20164|103784|1930|1085|81869|285|4889|4073|68859|94117|89508|59289|15784|4695|22877|20132|99512|96697|25234|95213|76437|75626|83610|103566|88868|47291|23080|51588|12053|4526|106377|36295|88645|24300|48463|</nitf-meta-content><nitf-meta-content name="_newsmlg2-hashtype=nr-htype:doc-group-content-length">705</nitf-meta-content><nitf-meta-content name="_newsmlg2-hashtype=nr-htype:doc-group-simple">-334a6ce2eac3af4f6b7db5449b8a751fc1210ef2</nitf-meta-content><supplier-dtds><dtd dtd-version="working" dtd-date="20150810T00:00:00Z">Canonical Taxonomy</dtd><dtd dtd-version="20150805" dtd-date="20150810T00:00:00Z">Mapping File</dtd></supplier-dtds><copyright-block type="dialog"><service-copyright n-include_guid="Ice671660f30811d88920000083149a14" n-include_collection="D-DIALOGCOPYRIGHTS-T001"/></copyright-block><copyright-block type="west"><service-copyright n-include_guid="I1DA35ED81DD211B281BAD200220BDFCA" n-include_collection="w_wlnv_msg"/></copyright-block><west-citation-block><bop/><first-line-cite><bos/>9/2/15 NEWS 00:00:00<eos/></first-line-cite><second-line-cite><bos/>9/2/15 ARKA News Agency 00:00:00<eos/></second-line-cite><eop/></west-citation-block></supplier-info><title-info iso-language="en"><bop/><title type="headline" nitf-hedline="hl1" key="key-title"><bos/><sort-title><cite.query w-seq-number="00001" w-ref-type="MM" w-normalized-cite="canonical_name::APPLE" ID="Ifeac8c70515111e5b4f2c815df9fd269">APPLE</cite.query> INTENDS TO MAKE ITS OWN MOVIES</sort-title><eos/></title><eop/></title-info><pub-info><journal key="key-journal"><bop/><bos/><sort-journal>ARKA News Agency</sort-journal><eos/><eop/></journal><pub-date key="key-date" iso-time="T00:00:00Z" type="date.publication"><full-pub-date>September 2, 2015</full-pub-date><sort-pub-date>20150902</sort-pub-date><sort-pub-timestamp>20150902000000</sort-pub-timestamp><rank-date>20150902</rank-date><currency-timestamp>20150902000000</currency-timestamp></pub-date><original-pub><language iso-language="en">English</language></original-pub><src-data><src-journal-code>ANPV</src-journal-code><src-pub-code>0063786</src-pub-code><src-pub-type>Newswire</src-pub-type><src-pub-country-wrap><src-pub-country-code>GE</src-pub-country-code><src-pub-country>Georgia CIS</src-pub-country></src-pub-country-wrap><src-pub-region>Europe</src-pub-region></src-data></pub-info><content iso-language="en"><total-char-count>1152</total-char-count><derived-word-count><bop/><bos/>Word Count: 194<eos/><eop/></derived-word-count><text type="lead-para"><p nitf="lede"><bop/><bos/><cite.query w-seq-number="00002" w-ref-type="WC" w-normalized-cite="I76DF065242BE11DDA1BC0014224D2780" ID="Ifec0b0b0515111e5b4f2c815df9fd269">INFORMATION TECHNOLOGIES</cite.query><eos/><eop/></p><p nitf="lede"><bop/><bos/>YEREVAN, September 2. /ARKA/. <eos/><bos/><cite.query w-seq-number="00003" w-ref-type="MM" w-normalized-cite="canonical_name::APPLE" ID="Ifed17990515111e5b4f2c815df9fd269">Apple</cite.query> is in talks as part of a possible move into producing its own original programming, the world media outlets report referring to Variety.<eos/><eop/></p></text><text type="body"><p><bop/><bos/>According to the publication, the company is looking to start hiring for a new development and production division in the next few months that would go into operation next year, producing content to rival streaming services such as <cite.query w-seq-number="00004" w-ref-type="CO" w-normalized-cite="I6A1D1B9A41ED11DDAD6B0014224D2780" ID="Ifee046a0515111e5b4f2c815df9fd269">Netflix</cite.query> and Amazon Prime.<eos/><eop/></p><p><bop/><bos/>This move would ratchet up competition with <cite.query w-seq-number="00005" w-ref-type="CO" w-normalized-cite="I6A1D1B9A41ED11DDAD6B0014224D2780" ID="Iff125320515111e5b4f2c815df9fd269">Netflix</cite.query>, Hulu, and Amazon in an effort by <cite.query w-seq-number="00006" w-ref-type="MM" w-normalized-cite="canonical_name::APPLE" ID="Iff125321515111e5b4f2c815df9fd269">Apple</cite.query> to strengthen its own content platform and make the <cite.query w-seq-number="00007" w-ref-type="NM" w-normalized-cite="canonical_name::APPLE TV" ID="Iff125322515111e5b4f2c815df9fd269">Apple TV</cite.query> a more differentiated device in a crowded marketplace.<eos/><eop/></p><p><bop/><bos/>The scale of <cite.query w-seq-number="00008" w-ref-type="MM" w-normalized-cite="canonical_name::APPLE" ID="Iff3e6c30515111e5b4f2c815df9fd269">Apple</cite.query>&apos;s ambitions vary depending on whom is asked, but one high-level executive who talked with the company said the goal is to create development and production divisions that would churn out long-form content to stream in a bid to compete with <cite.query w-seq-number="00009" w-ref-type="CO" w-normalized-cite="I6A1D1B9A41ED11DDAD6B0014224D2780" ID="Iff3e6c31515111e5b4f2c815df9fd269">Netflix</cite.query>. <eos/><bos/><cite.query w-seq-number="00010" w-ref-type="MM" w-normalized-cite="canonical_name::APPLE" ID="Iff3e6c32515111e5b4f2c815df9fd269">Apple</cite.query> is hoping to put a headhunting firm on those hires in the coming months, according to source, with the goal of being in operation next year. <eos/><bos/>Unknown is whether the focus is on TV series, movies - or both. <eos/>M.V.----0----<eop/></p></text></content><indexing iso-language="en" value-add="machine-generated"><classification-terms><pres-subject-block><bop/><bos/><pres-subject-wrap><pres-subject>Major Corporations</pres-subject><pres-subject-code>MAJCORP</pres-subject-code><alt1-subject-code>1MA93</alt1-subject-code></pres-subject-wrap><eos/><eop/></pres-subject-block><pres-industry-block><bop/><bos/><pres-industry-wrap><pres-industry>Computer Equipment</pres-industry><pres-industry-code>CPTROVER</pres-industry-code><alt1-industry-code>1CO77</alt1-industry-code></pres-industry-wrap><pres-industry-wrap><pres-industry>Consumer Electronics</pres-industry><pres-industry-code>CEOVR</pres-industry-code><alt1-industry-code>1CO61</alt1-industry-code></pres-industry-wrap><pres-industry-wrap><pres-industry>Consumer Products &amp; Services</pres-industry><pres-industry-code>BUYBUY</pres-industry-code><alt1-industry-code>1CO62</alt1-industry-code></pres-industry-wrap><pres-industry-wrap><pres-industry>Digital Broadcasting</pres-industry><pres-industry-code>DIGBROAD</pres-industry-code><alt1-industry-code>1DI81</alt1-industry-code></pres-industry-wrap><pres-industry-wrap><pres-industry>Electronics</pres-industry><pres-industry-code>ETRONICS</pres-industry-code><alt1-industry-code>1EL16</alt1-industry-code></pres-industry-wrap><pres-industry-wrap><pres-industry>I.T.</pres-industry><pres-industry-code>ITOVER</pres-industry-code><alt1-industry-code>1IT96</alt1-industry-code></pres-industry-wrap><pres-industry-wrap><pres-industry>Interactive Television</pres-industry><pres-industry-code>INACTV</pres-industry-code><alt1-industry-code>1IN18</alt1-industry-code></pres-industry-wrap><pres-industry-wrap><pres-industry>Telecom Consumer Equipment</pres-industry><pres-industry-code>TCCONEQ</pres-industry-code><alt1-industry-code>1TE03</alt1-industry-code></pres-industry-wrap><pres-industry-wrap><pres-industry>Video-on-Demand</pres-industry><pres-industry-code>IMVOD</pres-industry-code><alt1-industry-code>1VI48</alt1-industry-code></pres-industry-wrap><eos/><eop/></pres-industry-block></classification-terms><classification-terms><rcs-block><rcs>B:169</rcs><rcs>B:69</rcs><rcs>B:78</rcs><rcs>B:162</rcs><rcs>B:75</rcs><rcs>M:NL</rcs><rcs>B:161</rcs></rcs-block></classification-terms><extraction-terms><extr-company-block><bop/><bos/><norm-company oa-id="4295905494">AMAZON COM INC</norm-company><norm-company-wrap occur-sequence="4,6"><norm-company-name>AMAZON COM INC</norm-company-name><company-ids><oa-id>4295905494</oa-id><ric norm="AMZN.OQ">AMZN.OQ</ric></company-ids><company-classification><trbc-wrap><trbc type="RCS">B:1464</trbc><trbc type="2012">5340201010</trbc><trbc type="perm-id">4294951537</trbc></trbc-wrap></company-classification><relevancy engine="1C">0.5</relevancy><confidence engine="1C">0.99</confidence></norm-company-wrap><norm-company oa-id="4295905573">APPLE INC</norm-company><norm-company-wrap occur-sequence="1,2,7,8,9,11"><norm-company-name>APPLE INC</norm-company-name><company-ids><oa-id>4295905573</oa-id><ric norm="AAPL.OQ">AAPL.OQ</ric></company-ids><company-classification><trbc-wrap><trbc type="RCS">B:1758</trbc><trbc type="2012">5710601010</trbc><trbc type="perm-id">4294951243</trbc></trbc-wrap></company-classification><relevancy engine="1C">0.8</relevancy><confidence engine="1C">0.98</confidence></norm-company-wrap><norm-company oa-id="4295902158">NETFLIX INC</norm-company><norm-company-wrap occur-sequence="3,5,10"><norm-company-name>NETFLIX INC</norm-company-name><company-ids><oa-id>4295902158</oa-id><ric norm="NFLX.OQ">NFLX.OQ</ric></company-ids><company-classification><trbc-wrap><trbc type="RCS">B:1804</trbc><trbc type="2012">5720103010</trbc><trbc type="perm-id">4294951197</trbc></trbc-wrap></company-classification><relevancy engine="1C">0.5</relevancy><confidence engine="1C">1</confidence></norm-company-wrap><eos/><eop/></extr-company-block></extraction-terms></indexing></document></n-docbody>
</n-document>
<n-document guid="I7ddc0cb0507f11e5a5d3dae9355dcb56"><n-metadata><metadata.block><md.identifiers><md.cites><md.first.line.cite>9/1/15 NEWS 00:00:00</md.first.line.cite><md.second.line.cite>9/1/15 ARKA News Agency 00:00:00</md.second.line.cite></md.cites><md.uuid>I7ddc0cb0507f11e5a5d3dae9355dcb56</md.uuid></md.identifiers><md.infotype>news</md.infotype><md.sortkeys><md.ordersequence>f47363bec</md.ordersequence></md.sortkeys><md.descriptions><md.title>APPLE, CISCO TEAM UP TO MAXIMISE POTENTIAL OF iOS</md.title><md.westlawdescrip><md.readlist>READLIST</md.readlist></md.westlawdescrip></md.descriptions><md.dates><md.publisheddatetime>20150901030711</md.publisheddatetime><md.loaddate>20150901</md.loaddate><md.createddatetime>20150901030711</md.createddatetime></md.dates><md.subjects><md.subject><md.pubtype.name/><md.doctype.name>DNR</md.doctype.name><md.doctype.rank/><md.view>CNGE</md.view><md.view>RGEurope</md.view><md.view>PTNewswires</md.view><md.view>ARKANEWS0063786</md.view><md.view>INALLNEWS_ACTEST</md.view><md.view>INFARNEWS_AC</md.view><md.view>MARKETSEIKON_CN</md.view><md.view>MARKETSEIKON</md.view><md.view>CB_ASIAWIRES</md.view><md.view>INWIRES_AC</md.view><md.view>GULF_INTL</md.view><md.view>ININTNEWS_AC</md.view><md.view>ANZ_INTLOS</md.view><md.view>CLEAR_RF</md.view><md.view>INALLNEWS_AC</md.view><md.view>INNEWSINT_PRO</md.view><md.view>INBUSNEWS</md.view><md.view>INNEWSWORLD_PRO</md.view><md.view>INBUSNEWS_AC</md.view></md.subject></md.subjects><md.jurisdictions><md.jurisdiction><md.jurisstate>FE</md.jurisstate></md.jurisdiction></md.jurisdictions><md.publications><md.publication/><md.sourcepubid>ARKANEWS</md.sourcepubid></md.publications><md.royalty><md.royalty.code>84104</md.royalty.code></md.royalty></metadata.block><news.metadata.block><md.text.preview>COMPANIESYEREVAN, September 1. /ARKA/. Apple Inc. and Cisco Systems Inc. are teaming up to help bring more iPhones and iPads to business users, according to The Wall Street Journal.</md.text.preview></news.metadata.block><newsplus.recommendable>1</newsplus.recommendable><n-view>CNGE</n-view><n-view>RGEurope</n-view><n-view>PTNewswires</n-view><n-view>ARKANEWS0063786</n-view><n-view>INALLNEWS_ACTEST</n-view><n-view>INFARNEWS_AC</n-view><n-view>MARKETSEIKON_CN</n-view><n-view>MARKETSEIKON</n-view><n-view>CB_ASIAWIRES</n-view><n-view>INWIRES_AC</n-view><n-view>GULF_INTL</n-view><n-view>ININTNEWS_AC</n-view><n-view>ANZ_INTLOS</n-view><n-view>CLEAR_RF</n-view><n-view>INALLNEWS_AC</n-view><n-view>INNEWSINT_PRO</n-view><n-view>INBUSNEWS</n-view><n-view>INNEWSWORLD_PRO</n-view><n-view>INBUSNEWS_AC</n-view><prism-stylesheet guid="Ia3024d301b6a11d89fc5f34981d3242f"/><prism-clipdate>20150901030711</prism-clipdate></n-metadata>
<n-docbody><document version="1" collection="D-ARKANEWS-T001" first-load-date="20150901030711" ip-product="ARKANEWS" royalty-id="84104" data-model="text" dtd-version="5.2.29" content-type="news" load-language="en" pnac="nNRA05rj2b" pnac-date="20150901T080020.731"><supplier-info><supplier-num nitf="doc-id" nitf-regsrc="ARKA News Agency" type="accession">66b900017073b921</supplier-num><internal-acc-num db-id="NEPRARKA" type="newz">20150901170.1_V66b900017073b921</internal-acc-num><rec-status><last-load-date>20150901030711</last-load-date><nitf-date ne="datereceived">20150901T08:00:20Z</nitf-date><nitf-date nitf="date-issue">20150901T00:00:00Z</nitf-date><last-provider-update>20150901080020</last-provider-update></rec-status><supplier-copyright>Copyright Â© 2015 ARKA<copyright-year/><copyright-holder>ARKA</copyright-holder></supplier-copyright><supplier-note nitf="urgency" nitf-ed-urg="4"/><nitf-meta-content name="recommendable">1</nitf-meta-content><nitf-meta-content name="_newsmlg2-hashtype=nr-htype:doc-group-fuzzy">98619|42384|42886|27754|25082|11216|94007|23548|63588|3276|93607|100970|20185|31081|44242|12568|55478|2641|31950|103137|69456|41836|57337|100514|40302|83065|55311|23555|63128|94751|66612|78974|83908|27398|34718|35577|35067|65372|78306|19108|18090|96697|73182|107324|26928|14581|7194|91791|15804|36568|55605|9705|91769|56944|103696|23222|46919|24300|104604|88028|</nitf-meta-content><nitf-meta-content name="_newsmlg2-hashtype=nr-htype:doc-group-content-length">631</nitf-meta-content><nitf-meta-content name="_newsmlg2-hashtype=nr-htype:doc-group-simple">5146179440c3770425893237a10a95c5a318785b</nitf-meta-content><supplier-dtds><dtd dtd-version="working" dtd-date="20150810T00:00:00Z">Canonical Taxonomy</dtd><dtd dtd-version="20150805" dtd-date="20150810T00:00:00Z">Mapping File</dtd></supplier-dtds><copyright-block type="dialog"><service-copyright n-include_guid="Ice671660f30811d88920000083149a14" n-include_collection="D-DIALOGCOPYRIGHTS-T001"/></copyright-block><copyright-block type="west"><service-copyright n-include_guid="I1DA35ED81DD211B281BAD200220BDFCA" n-include_collection="w_wlnv_msg"/></copyright-block><west-citation-block><bop/><first-line-cite><bos/>9/1/15 NEWS 00:00:00<eos/></first-line-cite><second-line-cite><bos/>9/1/15 ARKA News Agency 00:00:00<eos/></second-line-cite><eop/></west-citation-block></supplier-info><title-info iso-language="en"><bop/><title type="headline" nitf-hedline="hl1" key="key-title"><bos/><sort-title><cite.query w-seq-number="00001" w-ref-type="MM" w-normalized-cite="canonical_name::APPLE" ID="I949050f0508011e58280df95eda27c61">APPLE</cite.query>, <cite.query w-seq-number="00002" w-ref-type="CO" w-normalized-cite="I7B889470542011E0B507DE267DF909C1" ID="I949050f1508011e58280df95eda27c61">CISCO</cite.query> TEAM UP TO MAXIMISE POTENTIAL OF iOS</sort-title><eos/></title><eop/></title-info><pub-info><journal key="key-journal"><bop/><bos/><sort-journal>ARKA News Agency</sort-journal><eos/><eop/></journal><pub-date key="key-date" iso-time="T00:00:00Z" type="date.publication"><full-pub-date>September 1, 2015</full-pub-date><sort-pub-date>20150901</sort-pub-date><sort-pub-timestamp>20150901000000</sort-pub-timestamp><rank-date>20150901</rank-date><currency-timestamp>20150901000000</currency-timestamp></pub-date><original-pub><language iso-language="en">English</language></original-pub><src-data><src-journal-code>ANPV</src-journal-code><src-pub-code>0063786</src-pub-code><src-pub-type>Newswire</src-pub-type><src-pub-country-wrap><src-pub-country-code>GE</src-pub-country-code><src-pub-country>Georgia CIS</src-pub-country></src-pub-country-wrap><src-pub-region>Europe</src-pub-region></src-data></pub-info><content iso-language="en"><total-char-count>1097</total-char-count><derived-word-count><bop/><bos/>Word Count: 176<eos/><eop/></derived-word-count><text type="lead-para"><p nitf="lede"><bop/>COMPANIES<eop/></p><p nitf="lede"><bop/><bos/>YEREVAN, September 1. /ARKA/. <eos/><bos/><cite.query w-seq-number="00003" w-ref-type="CO" w-normalized-cite="I49C9F2E441E911DDAD6B0014224D2780" ID="I94b00df0508011e58280df95eda27c61">Apple Inc.</cite.query> and <cite.query w-seq-number="00004" w-ref-type="CO" w-normalized-cite="I0E9C006166C811DD9282C69956308E6D" ID="I94b00df1508011e58280df95eda27c61">Cisco Systems Inc.</cite.query> are teaming up to help bring more iPhones and iPads to business users, according to The <cite.query w-seq-number="00005" w-ref-type="NM" w-normalized-cite="canonical_name::WALL STREET JOURNAL" ID="I94b00df2508011e58280df95eda27c61">Wall Street Journal</cite.query>.<eos/><eop/></p></text><text type="body"><p><bop/><bos/>The partnership, announced Monday, is aimed at helping <cite.query w-seq-number="00006" w-ref-type="MM" w-normalized-cite="canonical_name::APPLE" ID="I94c0d6d0508011e58280df95eda27c61">Apple</cite.query>&apos;s mobile devices communicate more effectively on corporate networks where <cite.query w-seq-number="00007" w-ref-type="CO" w-normalized-cite="I7B889470542011E0B507DE267DF909C1" ID="I94c0d6d1508011e58280df95eda27c61">Cisco</cite.query> gear is widely used, the companies said.<eos/><eop/></p><p><bop/><bos/>The tech giants also plan to jointly work on technology to help workers with iPhones and iPads better exploit <cite.query w-seq-number="00008" w-ref-type="CO" w-normalized-cite="I7B889470542011E0B507DE267DF909C1" ID="I94c71860508011e58280df95eda27c61">Cisco</cite.query>&apos;s collaboration products, including its video- and Web-conferencing services, The Australian reports.<eos/><eop/></p><p><bop/><bos/>&quot;iOS is the world&apos;s best mobile platform, and nearly every Fortune 500 and Global 500 company today has put iOS at the centre of their mobile strategy,&quot; <cite.query w-seq-number="00009" w-ref-type="MM" w-normalized-cite="canonical_name::APPLE" ID="I94d2d830508011e58280df95eda27c61">Apple</cite.query> CEO Tim Cook is quoted by The Australian as saying.<eos/><eop/></p><p><bop/><bos/>&quot;iPhone and iPad have become essential tools for the modern workforce and are changing the way work gets done. <eos/><bos/>Together with <cite.query w-seq-number="00010" w-ref-type="CO" w-normalized-cite="I7B889470542011E0B507DE267DF909C1" ID="I94e01ea0508011e58280df95eda27c61">Cisco</cite.query>, we believe we can give businesses the tools to maximise the potential of <cite.query w-seq-number="00011" w-ref-type="WC" w-normalized-cite="IC28FEEA056EF11E089AC8CE04EA54993" ID="I94e01ea1508011e58280df95eda27c61">iOS</cite.query> and help employees become even more productive using the devices they already love.&quot; <eos/>M.V.----0-----<eop/></p></text></content><indexing iso-language="en" value-add="machine-generated"><classification-terms><pres-subject-block><bop/><bos/><pres-subject-wrap><pres-subject>Major Corporations</pres-subject><pres-subject-code>MAJCORP</pres-subject-code><alt1-subject-code>1MA93</alt1-subject-code></pres-subject-wrap><eos/><eop/></pres-subject-block><pres-industry-block><bop/><bos/><pres-industry-wrap><pres-industry>Computer Equipment</pres-industry><pres-industry-code>CPTROVER</pres-industry-code><alt1-industry-code>1CO77</alt1-industry-code></pres-industry-wrap><pres-industry-wrap><pres-industry>I.T.</pres-industry><pres-industry-code>ITOVER</pres-industry-code><alt1-industry-code>1IT96</alt1-industry-code></pres-industry-wrap><pres-industry-wrap><pres-industry>Networking</pres-industry><pres-industry-code>DCTOP10</pres-industry-code><alt1-industry-code>1NE45</alt1-industry-code></pres-industry-wrap><pres-industry-wrap><pres-industry>PC O/S Platforms</pres-industry><pres-industry-code>PCOSPL</pres-industry-code><alt1-industry-code>1PC73</alt1-industry-code></pres-industry-wrap><pres-industry-wrap><pres-industry>Software</pres-industry><pres-industry-code>SOFOVER1</pres-industry-code><alt1-industry-code>1SO30</alt1-industry-code></pres-industry-wrap><pres-industry-wrap><pres-industry>Software O/S Platforms</pres-industry><pres-industry-code>SOFDOPS1</pres-industry-code><alt1-industry-code>1SO68</alt1-industry-code></pres-industry-wrap><pres-industry-wrap><pres-industry>Software Products</pres-industry><pres-industry-code>SOFTPROD</pres-industry-code><alt1-industry-code>1SO56</alt1-industry-code></pres-industry-wrap><eos/><eop/></pres-industry-block></classification-terms><classification-terms><rcs-block><rcs>B:169</rcs><rcs>B:162</rcs><rcs>M:NL</rcs><rcs>B:161</rcs><rcs>B:172</rcs><rcs>B:174</rcs></rcs-block></classification-terms><extraction-terms><extr-company-block><bop/><bos/><norm-company oa-id="4295905573">APPLE INC</norm-company><norm-company-wrap occur-sequence="1,3,5,8"><norm-company-name>APPLE INC</norm-company-name><company-ids><oa-id>4295905573</oa-id><ric norm="AAPL.OQ">AAPL.OQ</ric></company-ids><company-classification><trbc-wrap><trbc type="RCS">B:1758</trbc><trbc type="2012">5710601010</trbc><trbc type="perm-id">4294951243</trbc></trbc-wrap></company-classification><relevancy engine="1C">0.8</relevancy><confidence engine="1C">1</confidence></norm-company-wrap><norm-company oa-id="4295905952">CISCO SYSTEMS INC</norm-company><norm-company-wrap occur-sequence="2,4,6,7,9"><norm-company-name>CISCO SYSTEMS INC</norm-company-name><company-ids><oa-id>4295905952</oa-id><ric norm="CSCO.OQ">CSCO.OQ</ric></company-ids><company-classification><trbc-wrap><trbc type="RCS">B:1750</trbc><trbc type="2012">5710201010</trbc><trbc type="perm-id">4294951251</trbc></trbc-wrap></company-classification><relevancy engine="1C">0.8</relevancy><confidence engine="1C">1</confidence></norm-company-wrap><eos/><eop/></extr-company-block></extraction-terms><extraction-terms><extr-person-block><bop/><bos/><extr-person>Timothy D. Cook</extr-person><norm-person-wrap><norm-person-name>Timothy D. Cook</norm-person-name><person-ids><od-auth-id>88090</od-auth-id><od-officer-id>88090</od-officer-id><person-perm-id>34413199178</person-perm-id></person-ids><relevancy engine="1C">0.2</relevancy></norm-person-wrap><extr-person>Tim Cook</extr-person><extr-person-wrap><extr-person-name>Tim Cook</extr-person-name><relevancy engine="1C">0.2</relevancy></extr-person-wrap><eos/><eop/></extr-person-block></extraction-terms></indexing></document></n-docbody>
</n-document>
<n-document guid="Ifaf700004d9711e59230b53694135bac"><n-metadata><metadata.block><md.identifiers><md.cites><md.first.line.cite>8/28/15 NEWS 00:00:00</md.first.line.cite><md.second.line.cite>8/28/15 ARKA News Agency 00:00:00</md.second.line.cite></md.cites><md.uuid>Ifaf700004d9711e59230b53694135bac</md.uuid></md.identifiers><md.infotype>news</md.infotype><md.sortkeys><md.ordersequence>f47363bec</md.ordersequence></md.sortkeys><md.descriptions><md.title>INSTAGRAM BREAKS ITS SQUARE MOLD WITH UPDATE THAT ADDS PORTRAIT AND LANDSCAPE FORMATS TO IMAGE</md.title><md.westlawdescrip><md.readlist>READLIST</md.readlist></md.westlawdescrip></md.descriptions><md.dates><md.publisheddatetime>20150828102707</md.publisheddatetime><md.loaddate>20150828</md.loaddate><md.createddatetime>20150828102707</md.createddatetime></md.dates><md.subjects><md.subject><md.pubtype.name/><md.doctype.name>DNR</md.doctype.name><md.doctype.rank/><md.view>CNGE</md.view><md.view>RGEurope</md.view><md.view>PTNewswires</md.view><md.view>ARKANEWS0063786</md.view><md.view>INALLNEWS_ACTEST</md.view><md.view>INFARNEWS_AC</md.view><md.view>MARKETSEIKON_CN</md.view><md.view>MARKETSEIKON</md.view><md.view>CB_ASIAWIRES</md.view><md.view>INWIRES_AC</md.view><md.view>GULF_INTL</md.view><md.view>ININTNEWS_AC</md.view><md.view>ANZ_INTLOS</md.view><md.view>CLEAR_RF</md.view><md.view>INALLNEWS_AC</md.view><md.view>INNEWSINT_PRO</md.view><md.view>INBUSNEWS</md.view><md.view>INNEWSWORLD_PRO</md.view><md.view>INBUSNEWS_AC</md.view></md.subject></md.subjects><md.jurisdictions><md.jurisdiction><md.jurisstate>FE</md.jurisstate></md.jurisdiction></md.jurisdictions><md.publications><md.publication/><md.sourcepubid>ARKANEWS</md.sourcepubid></md.publications><md.royalty><md.royalty.code>84104</md.royalty.code></md.royalty></metadata.block><news.metadata.block><md.text.preview>INFORMATION TECHNOLOGIESYEREVAN, August 28. / ARKA /. Instagram on Thursday broke its square mold with an update that adds portrait and landscape formats to the image-sharing smartphone application, AFP reported.</md.text.preview></news.metadata.block><newsplus.recommendable>1</newsplus.recommendable><n-view>CNGE</n-view><n-view>RGEurope</n-view><n-view>PTNewswires</n-view><n-view>ARKANEWS0063786</n-view><n-view>INALLNEWS_ACTEST</n-view><n-view>INFARNEWS_AC</n-view><n-view>MARKETSEIKON_CN</n-view><n-view>MARKETSEIKON</n-view><n-view>CB_ASIAWIRES</n-view><n-view>INWIRES_AC</n-view><n-view>GULF_INTL</n-view><n-view>ININTNEWS_AC</n-view><n-view>ANZ_INTLOS</n-view><n-view>CLEAR_RF</n-view><n-view>INALLNEWS_AC</n-view><n-view>INNEWSINT_PRO</n-view><n-view>INBUSNEWS</n-view><n-view>INNEWSWORLD_PRO</n-view><n-view>INBUSNEWS_AC</n-view><prism-stylesheet guid="Ia3024d301b6a11d89fc5f34981d3242f"/><prism-clipdate>20150828102707</prism-clipdate></n-metadata>
<n-docbody><document version="1" collection="D-ARKANEWS-T001" first-load-date="20150828102707" ip-product="ARKANEWS" royalty-id="84104" data-model="text" dtd-version="5.2.29" content-type="news" load-language="en" pnac="nNRA05gtyc" pnac-date="20150828T151805.056"><supplier-info><supplier-num nitf="doc-id" nitf-regsrc="ARKA News Agency" type="accession">53cb0001e4275a78</supplier-num><internal-acc-num db-id="NEPRARKA" type="newz">20150828170.1_V53cb0001e4275a78</internal-acc-num><rec-status><last-load-date>20150828102707</last-load-date><nitf-date ne="datereceived">20150828T15:18:05Z</nitf-date><nitf-date nitf="date-issue">20150828T00:00:00Z</nitf-date><last-provider-update>20150828151805</last-provider-update></rec-status><supplier-copyright>Copyright Â© 2015 ARKA<copyright-year/><copyright-holder>ARKA</copyright-holder></supplier-copyright><supplier-note nitf="urgency" nitf-ed-urg="4"/><nitf-meta-content name="recommendable">1</nitf-meta-content><nitf-meta-content name="_newsmlg2-hashtype=nr-htype:doc-group-fuzzy">100184|110059|98619|7454|19486|63522|11951|20040|31815|12394|22676|85814|91283|58280|112065|67668|108396|107172|73813|56139|82487|56745|64799|19059|45910|19571|34965|12568|37222|81168|42367|94055|86991|28156|106705|39807|35766|16153|53625|82320|35318|105398|63128|94751|54871|14697|56648|106404|34044|75703|91332|73182|49671|76437|67112|46483|30726|43414|103566|19928|</nitf-meta-content><nitf-meta-content name="_newsmlg2-hashtype=nr-htype:doc-group-content-length">718</nitf-meta-content><nitf-meta-content name="_newsmlg2-hashtype=nr-htype:doc-group-simple">64203c640c7a47d262d66171f80174750ae84320</nitf-meta-content><supplier-dtds><dtd dtd-version="working" dtd-date="20150810T00:00:00Z">Canonical Taxonomy</dtd><dtd dtd-version="20150805" dtd-date="20150810T00:00:00Z">Mapping File</dtd></supplier-dtds><copyright-block type="dialog"><service-copyright n-include_guid="Ice671660f30811d88920000083149a14" n-include_collection="D-DIALOGCOPYRIGHTS-T001"/></copyright-block><copyright-block type="west"><service-copyright n-include_guid="I1DA35ED81DD211B281BAD200220BDFCA" n-include_collection="w_wlnv_msg"/></copyright-block><west-citation-block><bop/><first-line-cite><bos/>8/28/15 NEWS 00:00:00<eos/></first-line-cite><second-line-cite><bos/>8/28/15 ARKA News Agency 00:00:00<eos/></second-line-cite><eop/></west-citation-block></supplier-info><title-info iso-language="en"><bop/><title type="headline" nitf-hedline="hl1" key="key-title"><bos/><sort-title>INSTAGRAM BREAKS ITS SQUARE MOLD WITH UPDATE THAT ADDS PORTRAIT AND LANDSCAPE FORMATS TO IMAGE</sort-title><eos/></title><eop/></title-info><pub-info><journal key="key-journal"><bop/><bos/><sort-journal>ARKA News Agency</sort-journal><eos/><eop/></journal><pub-date key="key-date" iso-time="T00:00:00Z" type="date.publication"><full-pub-date>August 28, 2015</full-pub-date><sort-pub-date>20150828</sort-pub-date><sort-pub-timestamp>20150828000000</sort-pub-timestamp><rank-date>20150828</rank-date><currency-timestamp>20150828000000</currency-timestamp></pub-date><original-pub><language iso-language="en">English</language></original-pub><src-data><src-journal-code>ANPV</src-journal-code><src-pub-code>0063786</src-pub-code><src-pub-type>Newswire</src-pub-type><src-pub-country-wrap><src-pub-country-code>GE</src-pub-country-code><src-pub-country>Georgia CIS</src-pub-country></src-pub-country-wrap><src-pub-region>Europe</src-pub-region></src-data></pub-info><content iso-language="en"><total-char-count>1218</total-char-count><derived-word-count><bop/><bos/>Word Count: 209<eos/><eop/></derived-word-count><text type="lead-para"><p nitf="lede"><bop/><bos/><cite.query w-seq-number="00001" w-ref-type="WC" w-normalized-cite="I76DF065242BE11DDA1BC0014224D2780" ID="I8a8f99b04d9911e5b8c8a5f76526f448">INFORMATION TECHNOLOGIES</cite.query><eos/><eop/></p><p nitf="lede"><bop/><bos/>YEREVAN, August 28. / ARKA /. Instagram on Thursday broke its square mold with an update that adds portrait and landscape formats to the image-sharing smartphone application, <cite.query w-seq-number="00002" w-ref-type="MM" w-normalized-cite="canonical_name::AFP" ID="I8a9825304d9911e5b8c8a5f76526f448">AFP</cite.query> reported.<eos/><eop/></p></text><text type="body"><p><bop/><bos/>&quot;Square format has been and always will be part of who we are,&quot; Instagram said in a blog post.<eos/><eop/></p><p><bop/><bos/>&quot;That said, the visual story you&apos;re trying to tell should always come first, and we want to make it simple and fun for you to share moments just the way you want to.&quot;<eos/><eop/></p><p><bop/><bos/>Updated versions of Instagram tailored for mobile devices powered by <cite.query w-seq-number="00003" w-ref-type="MM" w-normalized-cite="canonical_name::APPLE" ID="I8aa0fed04d9911e5b8c8a5f76526f448">Apple</cite.query> or Android software let users share photos or videos in portrait or landscape styles.<eos/><eop/></p><p><bop/><bos/>Approximately one out of every five posts to Instagram is in square format, according to the <cite.query w-seq-number="00004" w-ref-type="CO" w-normalized-cite="IE9D0907041EC11DDAD6B0014224D2780" ID="I8aa878e04d9911e5b8c8a5f76526f448">Facebook</cite.query>-owned company.<eos/><eop/></p><p><bop/><bos/>&quot;We know that it hasn&apos;t been easy to share this type of content on Instagram: friends get cut out of group shots, the subject of your video feels cramped and you can&apos;t capture the Golden Gate Bridge from end to end,&quot; Instagram said of being limited to square imagery.<eos/><eop/></p><p><bop/><bos/>&quot;We&apos;re especially excited about what this update means for video on Instagram, which in widescreen can be more cinematic than ever.&quot;<eos/><eop/></p><p><bop/><bos/><cite.query w-seq-number="00005" w-ref-type="CO" w-normalized-cite="IE9D0907041EC11DDAD6B0014224D2780" ID="I8ab179904d9911e5b8c8a5f76526f448">Facebook</cite.query> acquired the fast-growing Instagram in 2012 for $1 billion.-0-<eos/><eop/></p></text></content><indexing iso-language="en" value-add="machine-generated"><classification-terms><pres-industry-block><bop/><bos/><pres-industry-wrap><pres-industry>I.T.</pres-industry><pres-industry-code>ITOVER</pres-industry-code><alt1-industry-code>1IT96</alt1-industry-code></pres-industry-wrap><pres-industry-wrap><pres-industry>Internet</pres-industry><pres-industry-code>INTERNET</pres-industry-code><alt1-industry-code>1IN27</alt1-industry-code></pres-industry-wrap><pres-industry-wrap><pres-industry>Internet Media</pres-industry><pres-industry-code>INTMEDIA</pres-industry-code><alt1-industry-code>1IN67</alt1-industry-code></pres-industry-wrap><pres-industry-wrap><pres-industry>Online Social Media</pres-industry><pres-industry-code>SOCIALME</pres-industry-code><alt1-industry-code>1ON38</alt1-industry-code></pres-industry-wrap><pres-industry-wrap><pres-industry>Palmtop Computing</pres-industry><pres-industry-code>PCHAND</pres-industry-code><alt1-industry-code>1PA77</alt1-industry-code></pres-industry-wrap><eos/><eop/></pres-industry-block></classification-terms><classification-terms><rcs-block><rcs>M:S</rcs><rcs>M:NL</rcs><rcs>B:161</rcs><rcs>M:QR</rcs><rcs>B:92</rcs></rcs-block></classification-terms><extraction-terms><extr-company-block><bop/><bos/><norm-company oa-id="4295905573">APPLE INC</norm-company><norm-company-wrap occur-sequence="1"><norm-company-name>APPLE INC</norm-company-name><company-ids><oa-id>4295905573</oa-id><ric norm="AAPL.OQ">AAPL.OQ</ric></company-ids><company-classification><trbc-wrap><trbc type="RCS">B:1758</trbc><trbc type="2012">5710601010</trbc><trbc type="perm-id">4294951243</trbc></trbc-wrap></company-classification><relevancy engine="1C">0.2</relevancy><confidence engine="1C">0.98</confidence></norm-company-wrap><eos/><eop/></extr-company-block></extraction-terms></indexing></document></n-docbody>
</n-document>
<n-document guid="If1a17a804a7c11e5b261c05133b7b714"><n-metadata><metadata.block><md.identifiers><md.cites><md.parallelcite><md.parallelcite.info><md.display.parallelcite type="WLNR">2015 WLNR 25075712</md.display.parallelcite></md.parallelcite.info></md.parallelcite><md.first.line.cite>8/24/15 BANKSVCS (No Page)</md.first.line.cite><md.second.line.cite>8/24/15 ARKA Banking Services Bull. (Pg. Unavail. Online)</md.second.line.cite></md.cites><md.uuid>If1a17a804a7c11e5b261c05133b7b714</md.uuid></md.identifiers><md.infotype>news</md.infotype><md.sortkeys><md.ordersequence>f469da56c</md.ordersequence></md.sortkeys><md.descriptions><md.title>PRESS CLIPPING</md.title><md.westlawdescrip><md.readlist>READLIST</md.readlist></md.westlawdescrip></md.descriptions><md.dates><md.publisheddatetime>20150824113609</md.publisheddatetime><md.loaddate>20150824</md.loaddate><md.createddatetime>20150824113609</md.createddatetime></md.dates><md.subjects><md.subject><md.pubtype.name/><md.doctype.name>DNR</md.doctype.name><md.doctype.rank/><md.view>CNAM</md.view><md.view>RGEurope</md.view><md.view>PTMagazines</md.view><md.view>ARKANEWS0064119</md.view><md.view>ININTNEWS_AC</md.view><md.view>INFINNEWS</md.view><md.view>INALLNEWS_ACTEST</md.view><md.view>INFARNEWS_AC</md.view><md.view>ANZ_INTLBTI</md.view><md.view>INALLNEWS_AC</md.view><md.view>CLEAR_RF</md.view><md.view>INBUSNEWS</md.view><md.view>INBANKNEWS_AC</md.view><md.view>INBUSNEWS_AC</md.view></md.subject></md.subjects><md.jurisdictions><md.jurisdiction><md.jurisstate>FE</md.jurisstate></md.jurisdiction></md.jurisdictions><md.publications><md.publication/><md.sourcepubid>ARKANEWS</md.sourcepubid></md.publications><md.royalty><md.royalty.code>77232</md.royalty.code></md.royalty></metadata.block><news.metadata.block><md.text.preview>The monitoring of Armenian media reports regarding the activities of local banks from August 17 to 21 shows that the then top news was the central bank deputy chairman Nerses Yeritsyan&apos;s statement that an agreement on exchange of information</md.text.preview></news.metadata.block><n-view>CNAM</n-view><n-view>RGEurope</n-view><n-view>PTMagazines</n-view><n-view>ARKANEWS0064119</n-view><n-view>ININTNEWS_AC</n-view><n-view>INFINNEWS</n-view><n-view>INALLNEWS_ACTEST</n-view><n-view>INFARNEWS_AC</n-view><n-view>ANZ_INTLBTI</n-view><n-view>INALLNEWS_AC</n-view><n-view>CLEAR_RF</n-view><n-view>INBUSNEWS</n-view><n-view>INBANKNEWS_AC</n-view><n-view>INBUSNEWS_AC</n-view><prism-stylesheet guid="Ia3024d301b6a11d89fc5f34981d3242f"/><prism-clipdate>20150824113609</prism-clipdate></n-metadata>
<n-docbody><document version="1" collection="D-ARKANEWS-T001" first-load-date="20150824113609" ip-product="ARKANEWS" royalty-id="77232" data-model="text" dtd-version="5.2.29" content-type="news" load-language="en" pnac="nNRA04y9t4" pnac-date="20150824T162659.496"><supplier-info><supplier-num nitf="doc-id" nitf-regsrc="ARKA Banking Services Bulletin" type="accession">e6050063cbd48df1</supplier-num><internal-acc-num db-id="NEPRARKA" type="newz">20150824170.4_Ve6050063cbd48df1</internal-acc-num><rec-status><last-load-date>20150824113609</last-load-date><nitf-date ne="datereceived">20150824T16:26:59Z</nitf-date><nitf-date nitf="date-issue">20150824T00:00:00Z</nitf-date><last-provider-update>20150824162659</last-provider-update></rec-status><supplier-copyright>Copyright Â© 2015 ARKA<copyright-year/><copyright-holder>ARKA</copyright-holder></supplier-copyright><supplier-note nitf="urgency" nitf-ed-urg="4"/><nitf-meta-content name="_newsmlg2-hashtype=nr-htype:doc-group-fuzzy">101815|52749|39952|112968|92714|80244|33832|33669|32064|39624|46799|83059|55756|74185|57684|42501|39350|37534|9837|104942|31935|84478|2272|67744|60199|37422|9924|74567|93924|48442|15873|32143|55954|30659|67468|45153|84139|75436|68799|83497|53982|12669|57390|90616|5718|81355|7106|65901|15475|4556|83979|34395|37108|109538|82023|109835|52116|99491|4676|103676|</nitf-meta-content><nitf-meta-content name="_newsmlg2-hashtype=nr-htype:doc-group-content-length">6225</nitf-meta-content><nitf-meta-content name="_newsmlg2-hashtype=nr-htype:doc-group-simple">-4e677bf642b96a7431b5dcc7123d76e6f10f03fc</nitf-meta-content><supplier-dtds><dtd dtd-version="working" dtd-date="20150810T00:00:00Z">Canonical Taxonomy</dtd><dtd dtd-version="20150805" dtd-date="20150810T00:00:00Z">Mapping File</dtd></supplier-dtds><copyright-block type="dialog"><service-copyright n-include_guid="Ice671660f30811d88920000083149a14" n-include_collection="D-DIALOGCOPYRIGHTS-T001"/></copyright-block><copyright-block type="west"><service-copyright n-include_guid="I1DA35ED81DD211B281BAD200220BDFCA" n-include_collection="w_wlnv_msg"/></copyright-block><west-citation-block><bop/><first-line-cite><bos/>8/24/15 BANKSVCS (No Page)<eos/></first-line-cite><second-line-cite><bos/>8/24/15 ARKA Banking Services Bull. (Pg. Unavail. Online)<eos/></second-line-cite><westlawcite><bos/>2015 WLNR 25075712<eos/></westlawcite><eop/></west-citation-block></supplier-info><title-info iso-language="en"><bop/><title type="headline" nitf-hedline="hl1" key="key-title"><bos/><sort-title>PRESS CLIPPING</sort-title><eos/></title><eop/></title-info><pub-info><journal key="key-journal"><bop/><bos/><sort-journal>ARKA Banking Services Bulletin</sort-journal><eos/><eop/></journal><pub-date key="key-date" iso-time="T00:00:00Z" type="date.publication"><full-pub-date>August 24, 2015</full-pub-date><sort-pub-date>20150824</sort-pub-date><sort-pub-timestamp>20150824000000</sort-pub-timestamp><rank-date>20150824</rank-date><currency-timestamp>20150824000000</currency-timestamp></pub-date><original-pub><language iso-language="en">English</language></original-pub><src-data><src-journal-code>ANPY</src-journal-code><src-pub-code>0064119</src-pub-code><src-pub-type>Newsletter</src-pub-type><src-pub-country-wrap><src-pub-country-code>AM</src-pub-country-code><src-pub-country>Armenia</src-pub-country></src-pub-country-wrap><src-pub-region>Europe</src-pub-region></src-data></pub-info><content iso-language="en"><total-char-count>10053</total-char-count><derived-word-count><bop/><bos/>Word Count: 1512<eos/><eop/></derived-word-count><text type="lead-para"><p nitf="lede"><bop/><bos/>The monitoring of Armenian media reports regarding the activities of local banks from August 17 to 21 shows that the then top news was the central bank deputy chairman Nerses Yeritsyan&apos;s statement that an agreement on exchange of information between Eurasian Economic Union member countries wil not damage Armenia&apos;s national interests.<eos/><eop/></p><p nitf="lede"><bop/><bos/>It has also become known from media reports that <cite.query w-seq-number="00001" w-ref-type="NM" w-normalized-cite="canonical_name::ANELIKBANK" ID="I628eab404a7e11e5b832d221d5afa516">Anelikbank</cite.query> has announced a new type of an open-end credit line in the amount of six average net monthly incomes of a client.<eos/><eop/></p></text><text type="body"><p><bop/><bos/>To encourage its employees, dealing with sales of banking cards, to improve their professionalism, commitment and show a creative approach, <cite.query w-seq-number="00002" w-ref-type="WC" w-normalized-cite="IF40B3643453D11DD94140014224D2780" ID="I62a0aca04a7e11e5b832d221d5afa516">VTB Bank (Armenia</cite.query>) together with <cite.query w-seq-number="00003" w-ref-type="MM" w-normalized-cite="canonical_name::MASTERCARD" ID="I62a0aca14a7e11e5b832d221d5afa516">MasterCard</cite.query> international payment system conducted another incentive program to boost sales of Cirrus/Maestro, Master Card Standard and <cite.query w-seq-number="00004" w-ref-type="NM" w-normalized-cite="canonical_name::MASTERCARD GOLD" ID="I62a0aca24a7e11e5b832d221d5afa516">MasterCard Gold</cite.query> cards.<eos/><eop/></p><p><bop/><bos/>Armenian banks&apos; capital adequacy ratio (the ratio of a bank&apos;s capital to its risks) continues to grow due to the increase in their capital and a simultaneous reduction of assets, rising to 15.4% in late June 2015.<eos/><eop/></p><p><bop/><bos/>Armenian private and corporate bank deposits grew by 2.3% in the first six months of the year to 1.069 trillion drams.<eos/><eop/></p><p><bop/><bos/>In the first half of 2015 Armenian commercial banks appear to have cut their credit investments by 4.5%, which stood at 2.069 trillion drams in late June. <eos/><bos/>The media reports released by newspapers and Internet resources over the period between August 17 and 21 contained information about two commercial banks.<eos/><eop/></p><p><bop/><bos/>Azg, Golos Armenii, Novoe <cite.query w-seq-number="00005" w-ref-type="NM" w-normalized-cite="canonical_name::VREMYA" ID="I62aedd704a7e11e5b832d221d5afa516">Vremya</cite.query>, Aravot, Delovoy Express, Hayastani Hanrapetutyun, Respublika Armenia, Haykakan Zhamanak, Hayots Ashkhar, Iravunk, Orakarg, Yerkir, Hraparak, Chorrord Ishkhanutyun, Zhamanak, Zhoghovurd and 168 Zham newspapers were used to collect the information.<eos/><eop/></p><p><bop/><bos/>Panarmenian, ARKA, Armbanks, Banks, Arminfo, Finport and Panorama and <cite.query w-seq-number="00006" w-ref-type="MM" w-normalized-cite="canonical_name::EBANK" ID="I62b398604a7e11e5b832d221d5afa516">Ebank</cite.query> Internet resources were used as well. ---0---<eos/><eop/></p><section-title>ANELIKBANK ANNOUNCES NEW TYPE OF OPEN-END CREDIT LINE</section-title><p><bop/><bos/>Anelikbank has announced a new type of an open-end credit line in the amount of six average net monthly incomes of a client. <eos/><bos/>The credit ceiling is 5 million drams or $15,000, the Lebanese-owned bank said in a press release.<eos/><eop/></p><p><bop/><bos/>It said also that it &apos;constantly upgrades and develops its range of services, offering various banking instruments in order to meet the requirements of borrowers.&quot;<eos/><eop/></p><p><bop/><bos/>According to Anelikbank press officer Astghik Martirosyan, this type of credit facility enables customers to take advantage of a grace period for non-cash transactions before the 15th day of the following month. <eos/><bos/>She also said the lending process has been simplified.<eos/><eop/></p><p><bop/><bos/>&quot;Taking into account the interests of the clients, the bank provides this type of line of credit not only to clients with positive credit histories, but also to those with no credit history. <eos/><bos/>We believe that such benefits will cause great response among customers,&quot; she said.<eos/><eop/></p><p><bop/><bos/>Sources: www.armbanks.am 19.08.2015, www.finport.am 19.08.2015, www.arminfo.am 19.08.2015, www.banks.am 19.08.2015<eos/><eop/></p><section-title>VTB BANK (ARMENIA) AND MASTERCARD CONDUCT ANOTHER INCENTIVE PROGRAM FOR STAFF</section-title><p><bop/><bos/>To encourage its employees, dealing with sales of banking cards, to improve their professionalism, commitment and show a creative approach, <cite.query w-seq-number="00007" w-ref-type="WC" w-normalized-cite="IF40B3643453D11DD94140014224D2780" ID="I62ca2da04a7e11e5b832d221d5afa516">VTB Bank (Armenia</cite.query>) together with <cite.query w-seq-number="00008" w-ref-type="MM" w-normalized-cite="canonical_name::MASTERCARD" ID="I62ca2da14a7e11e5b832d221d5afa516">MasterCard</cite.query> international payment system conducted another incentive program to boost sales of Cirrus/Maestro, Master Card Standard and <cite.query w-seq-number="00009" w-ref-type="NM" w-normalized-cite="canonical_name::MASTERCARD GOLD" ID="I62ca2da24a7e11e5b832d221d5afa516">MasterCard Gold</cite.query> cards.<eos/><eop/></p><p><bop/><bos/>In the first stage of the program, all employees of the bank engaged in the sales of <cite.query w-seq-number="00010" w-ref-type="MM" w-normalized-cite="canonical_name::MASTERCARD" ID="I62d21ce04a7e11e5b832d221d5afa516">MasterCard</cite.query> cards, were given bonus awards, while 20 employees, who sold more cards from May 1 to July 1 2015 were allowed to participate in a raffle of a vacation package for two to a European country of their choice.<eos/><eop/></p><p><bop/><bos/>The main prize was won by <cite.query w-seq-number="00011" w-ref-type="NM" w-normalized-cite="canonical_name::ANI HARUTYUNYAN" ID="I62d996f04a7e11e5b832d221d5afa516">Ani Harutyunyan</cite.query>, an employee of the customer service department of Amasia branch. <eos/><bos/>Besides, five employees of the branch received letters of appreciation for their active participation in the program.<eos/><eop/></p><p><bop/><bos/>As a result of the program sales of Cirrus/Maestro, <cite.query w-seq-number="00012" w-ref-type="NM" w-normalized-cite="canonical_name::MASTERCARD STANDARD" ID="I62e704704a7e11e5b832d221d5afa516">MasterCard Standard</cite.query> and <cite.query w-seq-number="00013" w-ref-type="NM" w-normalized-cite="canonical_name::MASTERCARD GOLD" ID="I62e704714a7e11e5b832d221d5afa516">MasterCard Gold</cite.query> rose by 40%.<eos/><eop/></p><p><bop/><bos/>VTB Bank (Armenia) CEO Yuri Gusev was quoted as saying in a press release that&apos; We firmly believe that the sustainable development of the Bank is hinged on the creativity, motivation and intention of the staff to improve their professional skills.&apos;<eos/><eop/></p><p><bop/><bos/>The second stage of the program runs from August 1 to November 1, 2015.<eos/><eop/></p><p><bop/><bos/>Sources: www.armbanks.am 21.08.2015, www.arka.am 21.08.2015, www.banks.am 21.08.2015<eos/><eop/></p><section-title>PRIVATE AND CORPORATE DEPOSITS IN ARMENIAN BANKS GROW BY 2.3% IN SIX MONTHS TO 1.069 TRILLION DRAMS</section-title><p><bop/><bos/>Armenian private and corporate bank deposits grew by 2.3% in the first six months of the year to 1.069 trillion drams, according to <cite.query w-seq-number="00014" w-ref-type="NM" w-normalized-cite="canonical_name::ARKA" ID="I62f18bc04a7e11e5b832d221d5afa516">ARKA</cite.query> news agency&apos;s financial and economic bulletin &quot;Banks of Armenia&quot; showing the performance of Armenian banks in the second quarter of 2015.<eos/><eop/></p><p><bop/><bos/>Ameriabank was the number one bank by the size of individual and corporate deposits, which stood at 112.2 billion drams, an increase of 10.5% from the beginning of the year.<eos/><eop/></p><p><bop/><bos/>The amount of individual and private entrepreneurs deposits at Armbusinessbank increased by 10.49% in the reporting period of time to 112.1 billion drams. <eos/><bos/>The deposits at <cite.query w-seq-number="00015" w-ref-type="CO" w-normalized-cite="I58479C307B3711DF84C49AAC7EA8C725" ID="I62fd99b04a7e11e5b832d221d5afa516">HSBC Bank Armenia</cite.query> grew by 10.19% to 108.9 billion drams and deposits at <cite.query w-seq-number="00016" w-ref-type="WC" w-normalized-cite="IF40B3643453D11DD94140014224D2780" ID="I62fd99b14a7e11e5b832d221d5afa516">VTB Bank (Armenia</cite.query>) surged by 9.85% to 105.3 billion drams.<eos/><eop/></p><p><bop/><bos/>Ardshinbank was the fifth bank in terms of individual and corporate deposits which stood at 98.3 billion drams, having increased by 9.2% from the beginning of the year.<eos/><eop/></p><p><bop/><bos/>Time deposits of individuals and private entrepreneurs grew by 2.8% to 885.4 billion drams, while demand deposits decreased by 0.03% to 183.6 billion drams.<eos/><eop/></p><p><bop/><bos/>Source: www.armbanks.am 19.08.2015<eos/><eop/></p><section-title>ARMENIAN BANKS&apos; CREDIT INVESTMENTS DROP BY 4.5% IN FIRST HALF TO 2.069 TRILLION DRAMS</section-title><p><bop/><bos/>In the first half of 2015 Armenian commercial banks appear to have cut their credit investments by 4.5%, which stood at 2.069 trillion drams in late June, according to <cite.query w-seq-number="00017" w-ref-type="NM" w-normalized-cite="canonical_name::ARKA" ID="I630784c04a7e11e5b832d221d5afa516">ARKA</cite.query> news agency&apos;s financial and economic bulletin &quot;Banks of Armenia&quot; which shows the performance of Armenian banks for the second quarter of 2015.<eos/><eop/></p><p><bop/><bos/>Out of 21 commercial banks operating in the country 17 banks cut on their lending, the bulletin says. <eos/><bos/>According to quarterly data, Ameriabank was the leading bank by size of credit investments, which stood at 267 billion, a decrease of 11% when compared to the beginning of the year.<eos/><eop/></p><p><bop/><bos/>It was followed by Ardshinbank with credit investments worth 236.9 billion drams, an increase of 7.78% compared with the beginning of the year. <eos/><bos/><cite.query w-seq-number="00018" w-ref-type="WC" w-normalized-cite="IF40B3643453D11DD94140014224D2780" ID="I6312f6704a7e11e5b832d221d5afa516">VTB Bank (Armenia</cite.query>) was third with 204.7 billion drams of credit investment, a drop of 12.55%. <eos/><bos/>Armbusinessbank&apos;s credit investments during the reporting period increased by 1.2% to 198.5 billion drams making it the fourth largest bank in terms of credit investments and ACBA-<cite.query w-seq-number="00019" w-ref-type="NM" w-normalized-cite="canonical_name::CREDIT AGRICOLE BANK" ID="I6312f6714a7e11e5b832d221d5afa516">CREDIT AGRICOLE BANK</cite.query>, whose credit investments grew by 2.9% to 189.8 billion drams came in fifth.<eos/><eop/></p><p><bop/><bos/>In the first half of 2015 the banks&apos; total assets declined by 3.62% compared with the beginning of the year to 3. 267 trillion drams; their liabilities fell by 5.1% to 2.764.3 trillion drams and liabilities to clients fell by 1% to 1. 678.7 trillion drams.<eos/><eop/></p><p><bop/><bos/>Also their net profits in the first half of 2015 slashed by almost 55% from the year before to 8.130 billion drams. <eos/><bos/>In the first half of 2014 they posted 17.8 billion drams in net profit.-0-<eos/><eop/></p><p><bop/><bos/>Source: www.armbanks.am 18.08.2015<eos/><eop/></p><section-title>ARMENIAN BANKS&apos; CAPITAL ADEQUACY RATIO IS ON THE RISE</section-title><p><bop/><bos/>Armenian banks&apos; capital adequacy ratio (the ratio of a bank&apos;s capital to its risks) continues to grow due to the increase in their capital and a simultaneous reduction of assets, rising to 15.4% in late June 2015, according to the <cite.query w-seq-number="00020" w-ref-type="CO" w-normalized-cite="I706C7C4142B311DDA5520014224D2780" ID="I6319ad304a7e11e5b832d221d5afa516">Central Bank of Armenia</cite.query>.<eos/><eop/></p><p><bop/><bos/>The banks&apos; capital adequacy ratio began to drop in late 2014 November due to the dramatic devaluation of the Armenian dram and resulting financial shocks. <eos/><bos/>Thus, in 2014 November the ratio declined by 0.3 percentage points to 16.1%; in December it fell further to 14.5%, and to 14.3% in January 2015. <eos/><bos/>However, in February 2015, the figure began to rise amounting to 14.6%; it rose further to 15.1% in March and April.<eos/><eop/></p><p><bop/><bos/>The growth was prompted by a decrease in the total assets and a simultaneous capital growth. <eos/><bos/>Thus, in the first half of the year the banks&apos; assets decreased by 3.6%, while their capital increased by 5.4%.<eos/><eop/></p><p><bop/><bos/>Besides, prompted by the <cite.query w-seq-number="00021" w-ref-type="MM" w-normalized-cite="canonical_name::CENTRAL BANK" ID="I6321ea904a7e11e5b832d221d5afa516">Central Bank</cite.query>&apos;s decision that from January 1, 2017, the minimum total capital of commercial banks should not be below 30 billion drams (the current minimum is 5 billion drams) some banks began replenishing their authorized capital. <eos/><bos/>Thus, in the first half of 2015 it increased by 7.7%.<eos/><eop/></p><p><bop/><bos/>According to an <cite.query w-seq-number="00022" w-ref-type="NM" w-normalized-cite="canonical_name::ARKA" ID="I633f5da04a7e11e5b832d221d5afa516">ARKA</cite.query> study, the capital adequacy ratio of Anelikbank, Unibank and Armbusinessbank is now between 12.58% and 12.84%. <eos/><bos/>The ratio of Ardshinbank, <cite.query w-seq-number="00023" w-ref-type="WC" w-normalized-cite="I943C783B453F11DD8CB60014224D2780" ID="I633f5da14a7e11e5b832d221d5afa516">Armenian Development Bank</cite.query>, VTB Bank (Armenia) Ameriabank, ACBA-CREDIT AGRICOLE BANK, <cite.query w-seq-number="00024" w-ref-type="MM" w-normalized-cite="canonical_name::HSBC BANK" ID="I633f5da24a7e11e5b832d221d5afa516">HSBC Bank</cite.query> Armenia, Areximbank-Gazprombank Group and Conversebank ranges from 13% to 14.94%.<eos/><eop/></p><p><bop/><bos/>Five other banks&apos; capital adequacy ratio ranges from 15.84% to 18.89%: They are Inecobank, Artsakhbank, Armeconombank, <cite.query w-seq-number="00025" w-ref-type="MM" w-normalized-cite="canonical_name::PROCREDIT BANK" ID="I6351fb404a7e11e5b832d221d5afa516">ProCredit Bank</cite.query>, Armswissbank. <eos/><bos/>The figure is around 20.4% for Araratbank, Byblos Bank Armenia, <cite.query w-seq-number="00026" w-ref-type="WC" w-normalized-cite="I4522CA3142B311DDA5520014224D2780" ID="I6351fb414a7e11e5b832d221d5afa516">Prometey Bank</cite.query>, <cite.query w-seq-number="00027" w-ref-type="NM" w-normalized-cite="canonical_name::BTA BANK AND BANK MELLAT" ID="I6351fb424a7e11e5b832d221d5afa516">BTA Bank and Bank Mellat</cite.query>.<eos/><eop/></p><p><bop/><bos/>Source: www.armbanks.am 17.08.2015<eos/><eop/></p><section-title>THE AGREEMENT ON EXCHANGE OF INFORMATION POSES NO THREAT TO ARMENIA&apos;S INTEREST, DEPUTY HEAD OF CENTRAL BANK SAYS</section-title><p><bop/><bos/>Nerses Yeritsyan, deputy governor of <cite.query w-seq-number="00028" w-ref-type="NM" w-normalized-cite="canonical_name::ARMENIAN CENTRAL BANK" ID="I6359ea804a7e11e5b832d221d5afa516">Armenian Central Bank</cite.query>, downplayed concerns that an agreement on exchange of information between member states of the Eurasian Economic Union (EEU) may damage Armenia&apos;s national interests.<eos/><eop/></p><p><bop/><bos/>Speaking at a regular Cabinet session which approved the agreement on the exchange of financial information, including confidential information in order to create conditions for the financial markets to ensure the free movement of capital among <cite.query w-seq-number="00029" w-ref-type="NM" w-normalized-cite="canonical_name::EEU" ID="I6368b7904a7e11e5b832d221d5afa516">EEU</cite.query> member states, Nerses Yeritsyan said after lengthy negotiations it was agreed that information regarding third parties cannot be exchanged, if Armenia does not see the need for it.<eos/><eop/></p><p><bop/><bos/>&quot;This ensures the preservation of bank secrecy, stipulated by Armenian legislation&quot;, said Yeritsyan.<eos/><eop/></p><p><bop/><bos/>Source: www.armbanks.am 18.08.2015<eos/><eop/></p></text></content><indexing iso-language="en" value-add="machine-generated"><classification-terms><pres-location-block><bop/><bos/><pres-location-wrap><pres-location>Armenia</pres-location><pres-location-code>ISOAM</pres-location-code><alt1-location-code>1AR09</alt1-location-code></pres-location-wrap><pres-location-wrap><pres-location>CIS Countries</pres-location><pres-location-code>CISSTAT</pres-location-code><alt1-location-code>1CI64</alt1-location-code></pres-location-wrap><pres-location-wrap><pres-location>Eastern Europe</pres-location><pres-location-code>GEOEEUR</pres-location-code><alt1-location-code>1EA48</alt1-location-code></pres-location-wrap><pres-location-wrap><pres-location>Europe</pres-location><pres-location-code>GEOEUR</pres-location-code><alt1-location-code>1EU83</alt1-location-code></pres-location-wrap><eos/><eop/></pres-location-block></classification-terms><classification-terms><pres-subject-block><bop/><bos/><pres-subject-wrap><pres-subject>CIS</pres-subject><pres-subject-code>GEOCIS</pres-subject-code><alt1-subject-code>1CI65</alt1-subject-code></pres-subject-wrap><pres-subject-wrap><pres-subject>Economic Policy &amp; Policymakers</pres-subject><pres-subject-code>ECONRULE</pres-subject-code><alt1-subject-code>1EC69</alt1-subject-code></pres-subject-wrap><pres-subject-wrap><pres-subject>Economics &amp; Trade</pres-subject><pres-subject-code>TRADE</pres-subject-code><alt1-subject-code>1EC26</alt1-subject-code></pres-subject-wrap><pres-subject-wrap><pres-subject>Monetary Policy</pres-subject><pres-subject-code>PTMONET</pres-subject-code><alt1-subject-code>1MO18</alt1-subject-code></pres-subject-wrap><pres-subject-wrap><pres-subject>World Organizations</pres-subject><pres-subject-code>GEOORGS</pres-subject-code><alt1-subject-code>1IN77</alt1-subject-code></pres-subject-wrap><eos/><eop/></pres-subject-block><pres-industry-block><bop/><bos/><pres-industry-wrap><pres-industry>Banking</pres-industry><pres-industry-code>BANKOVER</pres-industry-code><alt1-industry-code>1BA20</alt1-industry-code></pres-industry-wrap><pres-industry-wrap><pres-industry>Commercial Banking Services</pres-industry><pres-industry-code>BANKCOML</pres-industry-code><alt1-industry-code>1CO19</alt1-industry-code></pres-industry-wrap><pres-industry-wrap><pres-industry>Credit</pres-industry><pres-industry-code>PTCRDT</pres-industry-code><alt1-industry-code>1CR60</alt1-industry-code></pres-industry-wrap><pres-industry-wrap><pres-industry>Financial Services</pres-industry><pres-industry-code>FINSVC</pres-industry-code><alt1-industry-code>1FI37</alt1-industry-code></pres-industry-wrap><pres-industry-wrap><pres-industry>Financial Services Regulatory</pres-industry><pres-industry-code>FINREG</pres-industry-code><alt1-industry-code>1FI03</alt1-industry-code></pres-industry-wrap><pres-industry-wrap><pres-industry>Major Central Banks</pres-industry><pres-industry-code>MAJCBANK</pres-industry-code><alt1-industry-code>1MA01</alt1-industry-code></pres-industry-wrap><pres-industry-wrap><pres-industry>Press Releases</pres-industry><pres-industry-code>ANNOUNCE</pres-industry-code><alt1-industry-code>1PR19</alt1-industry-code></pres-industry-wrap><pres-industry-wrap><pres-industry>Retail Banking Services</pres-industry><pres-industry-code>RTBNKOVR</pres-industry-code><alt1-industry-code>1RE38</alt1-industry-code></pres-industry-wrap><eos/><eop/></pres-industry-block></classification-terms><classification-terms><rcs-block><rcs>B:126</rcs><rcs>B:125</rcs><rcs>E:5</rcs><rcs>B:128</rcs><rcs>G:B2</rcs><rcs>B:127</rcs><rcs>G:7I</rcs><rcs>G:Y</rcs><rcs>B:131</rcs><rcs>M:8</rcs><rcs>E:B</rcs><rcs>G:B</rcs><rcs>M:32</rcs><rcs>G:A</rcs><rcs>B:129</rcs><rcs>G:AJ</rcs></rcs-block></classification-terms><extraction-terms><extr-company-block><bop/><bos/><extr-company>168 Zham</extr-company><extr-company-wrap><extr-company-name>168 Zham</extr-company-name><relevancy engine="1C">0.2</relevancy><confidence engine="1C">0.73</confidence></extr-company-wrap><extr-company>Anelikbank</extr-company><extr-company-wrap><extr-company-name>Anelikbank</extr-company-name><relevancy engine="1C">0.2</relevancy><confidence engine="1C">0.61</confidence></extr-company-wrap><extr-company>END CREDIT LINEAnelikbank</extr-company><extr-company-wrap><extr-company-name>END CREDIT LINEAnelikbank</extr-company-name><relevancy engine="1C">0.2</relevancy><confidence engine="1C">0.62</confidence></extr-company-wrap><extr-company>VTB Bank (Armenia) Ameriabank</extr-company><extr-company-wrap><extr-company-name>VTB Bank (Armenia) Ameriabank</extr-company-name><relevancy engine="1C">0.2</relevancy><confidence engine="1C">0.7</confidence></extr-company-wrap><norm-company oa-id="5000890309">ARMBUSINESSBANK CLOSED JSK</norm-company><norm-company-wrap occur-sequence="12,19,22"><norm-company-name>ARMBUSINESSBANK CLOSED JSK</norm-company-name><company-ids><oa-id>5000890309</oa-id></company-ids><relevancy engine="1C">0.2</relevancy><confidence engine="1C">0.73</confidence></norm-company-wrap><norm-company oa-id="4297575894">ACBA CREDIT AGRICOLE BANK CLOSED JSK</norm-company><norm-company-wrap occur-sequence="20,25"><norm-company-name>ACBA CREDIT AGRICOLE BANK CLOSED JSK</norm-company-name><company-ids><oa-id>4297575894</oa-id></company-ids><company-classification><trbc-wrap><trbc type="RCS">B:128</trbc><trbc type="2012">55101010</trbc><trbc type="perm-id">4294952873</trbc></trbc-wrap></company-classification><relevancy engine="1C">0.2</relevancy><confidence engine="1C">0.78</confidence></norm-company-wrap><norm-company oa-id="4297828720">ARMENIAN DEVELOPMENT BANK OPEN JSK</norm-company><norm-company-wrap occur-sequence="24"><norm-company-name>ARMENIAN DEVELOPMENT BANK OPEN JSK</norm-company-name><company-ids><oa-id>4297828720</oa-id></company-ids><company-classification><trbc-wrap><trbc type="RCS">B:1615</trbc><trbc type="2012">5510101010</trbc><trbc type="perm-id">4294951386</trbc></trbc-wrap></company-classification><relevancy engine="1C">0.2</relevancy><confidence engine="1C">0.89</confidence></norm-company-wrap><norm-company oa-id="5000943280">AMERIABANK CJSC</norm-company><norm-company-wrap occur-sequence="11,16"><norm-company-name>AMERIABANK CJSC</norm-company-name><company-ids><oa-id>5000943280</oa-id></company-ids><company-classification><trbc-wrap><trbc type="RCS">B:1615</trbc><trbc type="2012">5510101010</trbc><trbc type="perm-id">4294951386</trbc></trbc-wrap></company-classification><relevancy engine="1C">0.2</relevancy><confidence engine="1C">0.72</confidence></norm-company-wrap><norm-company oa-id="4297689786">ARDSHINBANK CJSC</norm-company><norm-company-wrap occur-sequence="15,17,23"><norm-company-name>ARDSHINBANK CJSC</norm-company-name><company-ids><oa-id>4297689786</oa-id></company-ids><company-classification><trbc-wrap><trbc type="RCS">B:1615</trbc><trbc type="2012">5510101010</trbc><trbc type="perm-id">4294951386</trbc></trbc-wrap></company-classification><relevancy engine="1C">0.2</relevancy><confidence engine="1C">0.79</confidence></norm-company-wrap><norm-company oa-id="5000094276">AREXIMBANK GAZPROMBANK GROUP CJSC</norm-company><norm-company-wrap occur-sequence="27"><norm-company-name>AREXIMBANK GAZPROMBANK GROUP CJSC</norm-company-name><company-ids><oa-id>5000094276</oa-id></company-ids><relevancy engine="1C">0.2</relevancy><confidence engine="1C">0.81</confidence></norm-company-wrap><norm-company oa-id="5000085423">ARMENIAN ECONOMY DEVELOPMENT BANK OJSC</norm-company><norm-company-wrap occur-sequence="30"><norm-company-name>ARMENIAN ECONOMY DEVELOPMENT BANK OJSC</norm-company-name><company-ids><oa-id>5000085423</oa-id></company-ids><company-classification><trbc-wrap><trbc type="RCS">B:128</trbc><trbc type="2012">55101010</trbc><trbc type="perm-id">4294952873</trbc></trbc-wrap></company-classification><relevancy engine="1C">0.2</relevancy><confidence engine="1C">0.74</confidence></norm-company-wrap><norm-company oa-id="5000943294">ARTSAKHBANK CJSC</norm-company><norm-company-wrap occur-sequence="29"><norm-company-name>ARTSAKHBANK CJSC</norm-company-name><company-ids><oa-id>5000943294</oa-id></company-ids><relevancy engine="1C">0.2</relevancy><confidence engine="1C">0.72</confidence></norm-company-wrap><norm-company oa-id="4295887248">VTB BANK (OPEN JOINT STOCK COMPANY)</norm-company><norm-company-wrap occur-sequence="1,10,14,18"><norm-company-name>VTB BANK (OPEN JOINT STOCK COMPANY)</norm-company-name><company-ids><oa-id>4295887248</oa-id><ric norm="VTBR.MMO">VTBR.MMO</ric></company-ids><company-classification><trbc-wrap><trbc type="RCS">B:1615</trbc><trbc type="2012">5510101010</trbc><trbc type="perm-id">4294951386</trbc></trbc-wrap></company-classification><relevancy engine="1C">0.2</relevancy><confidence engine="1C">0.94</confidence></norm-company-wrap><norm-company oa-id="5000763683">HSBC BANK ARMENIA CJSC</norm-company><norm-company-wrap occur-sequence="13,26"><norm-company-name>HSBC BANK ARMENIA CJSC</norm-company-name><company-ids><oa-id>5000763683</oa-id></company-ids><relevancy engine="1C">0.2</relevancy><confidence engine="1C">0.84</confidence></norm-company-wrap><norm-company oa-id="4297927063">INECOBANK CLOSED JSK</norm-company><norm-company-wrap occur-sequence="28"><norm-company-name>INECOBANK CLOSED JSK</norm-company-name><company-ids><oa-id>4297927063</oa-id></company-ids><relevancy engine="1C">0.2</relevancy><confidence engine="1C">0.66</confidence></norm-company-wrap><norm-company oa-id="4295902520">MASTERCARD INC</norm-company><norm-company-wrap occur-sequence="2,3,5,6,7,8,9"><norm-company-name>MASTERCARD INC</norm-company-name><company-ids><oa-id>4295902520</oa-id><ric norm="MA.N">MA.N</ric></company-ids><company-classification><trbc-wrap><trbc type="RCS">B:1236</trbc><trbc type="2012">5220304027</trbc><trbc type="perm-id">4294951765</trbc></trbc-wrap></company-classification><relevancy engine="1C">0.5</relevancy><confidence engine="1C">1</confidence></norm-company-wrap><norm-company oa-id="5000020913">PROCREDIT BANK SA</norm-company><norm-company-wrap occur-sequence="31"><norm-company-name>PROCREDIT BANK SA</norm-company-name><company-ids><oa-id>5000020913</oa-id></company-ids><company-classification><trbc-wrap><trbc type="RCS">B:1616</trbc><trbc type="2012">5510101011</trbc><trbc type="perm-id">4294951385</trbc></trbc-wrap></company-classification><relevancy engine="1C">0.2</relevancy><confidence engine="1C">0.77</confidence></norm-company-wrap><norm-company oa-id="5000645081">UNIBANK</norm-company><norm-company-wrap occur-sequence="21"><norm-company-name>UNIBANK</norm-company-name><company-ids><oa-id>5000645081</oa-id></company-ids><company-classification><trbc-wrap><trbc type="RCS">B:1616</trbc><trbc type="2012">5510101011</trbc><trbc type="perm-id">4294951385</trbc></trbc-wrap></company-classification><relevancy engine="1C">0.2</relevancy><confidence engine="1C">0.82</confidence></norm-company-wrap><norm-company oa-id="4295901746">EBANK FINANCIAL SERVICES INC</norm-company><norm-company-wrap occur-sequence="4"><norm-company-name>EBANK FINANCIAL SERVICES INC</norm-company-name><company-ids><oa-id>4295901746</oa-id><ric norm="EBDC.PK">EBDC.PK</ric></company-ids><company-classification><trbc-wrap><trbc type="RCS">B:1615</trbc><trbc type="2012">5510101010</trbc><trbc type="perm-id">4294951386</trbc></trbc-wrap></company-classification><relevancy engine="1C">0.2</relevancy><confidence engine="1C">0.83</confidence></norm-company-wrap><eos/><eop/></extr-company-block></extraction-terms><extraction-terms><extr-person-block><bop/><bos/><extr-person>Astghik Martirosyan</extr-person><extr-person-wrap><extr-person-name>Astghik Martirosyan</extr-person-name><relevancy engine="1C">0.2</relevancy></extr-person-wrap><extr-person>Maestro</extr-person><extr-person-wrap><extr-person-name>Maestro</extr-person-name><relevancy engine="1C">0.2</relevancy></extr-person-wrap><extr-person>Ani Harutyunyan</extr-person><extr-person-wrap><extr-person-name>Ani Harutyunyan</extr-person-name><relevancy engine="1C">0.2</relevancy></extr-person-wrap><extr-person>Nerses Yeritsyan</extr-person><extr-person-wrap><extr-person-name>Nerses Yeritsyan</extr-person-name><relevancy engine="1C">0.8</relevancy></extr-person-wrap><extr-person>Yuri Gusev</extr-person><extr-person-wrap><extr-person-name>Yuri Gusev</extr-person-name><relevancy engine="1C">0.2</relevancy></extr-person-wrap><eos/><eop/></extr-person-block></extraction-terms></indexing></document></n-docbody>
</n-document>
<n-document guid="I8459d0f04a6111e58711e42ad75150af"><n-metadata><metadata.block><md.identifiers><md.cites><md.first.line.cite>8/24/15 NEWS 00:00:00</md.first.line.cite><md.second.line.cite>8/24/15 ARKA News Agency 00:00:00</md.second.line.cite></md.cites><md.uuid>I8459d0f04a6111e58711e42ad75150af</md.uuid></md.identifiers><md.infotype>news</md.infotype><md.sortkeys><md.ordersequence>f47363bec</md.ordersequence></md.sortkeys><md.descriptions><md.title>FIRST HYDROGEN-POWERED BATTERY WILL CHARGE YOUR APPLE</md.title><md.westlawdescrip><md.readlist>READLIST</md.readlist></md.westlawdescrip></md.descriptions><md.dates><md.publisheddatetime>20150824081319</md.publisheddatetime><md.loaddate>20150824</md.loaddate><md.createddatetime>20150824081319</md.createddatetime></md.dates><md.subjects><md.subject><md.pubtype.name/><md.doctype.name>DNR</md.doctype.name><md.doctype.rank/><md.view>CNGE</md.view><md.view>RGEurope</md.view><md.view>PTNewswires</md.view><md.view>ARKANEWS0063786</md.view><md.view>INALLNEWS_ACTEST</md.view><md.view>INFARNEWS_AC</md.view><md.view>MARKETSEIKON_CN</md.view><md.view>MARKETSEIKON</md.view><md.view>CB_ASIAWIRES</md.view><md.view>INWIRES_AC</md.view><md.view>GULF_INTL</md.view><md.view>ININTNEWS_AC</md.view><md.view>ANZ_INTLOS</md.view><md.view>CLEAR_RF</md.view><md.view>INALLNEWS_AC</md.view><md.view>INNEWSINT_PRO</md.view><md.view>INBUSNEWS</md.view><md.view>INNEWSWORLD_PRO</md.view><md.view>INBUSNEWS_AC</md.view></md.subject></md.subjects><md.jurisdictions><md.jurisdiction><md.jurisstate>FE</md.jurisstate></md.jurisdiction></md.jurisdictions><md.publications><md.publication/><md.sourcepubid>ARKANEWS</md.sourcepubid></md.publications><md.royalty><md.royalty.code>84104</md.royalty.code></md.royalty></metadata.block><news.metadata.block><md.text.preview>INFORMATION TECHNOLOGIESYEREVAN, August 24, /ARKA/. Intelligent Energy in the UK has developed a working iPhone 6 with a hydrogen fuel cell built into the chassis, The Telegraph reported.</md.text.preview></news.metadata.block><newsplus.recommendable>1</newsplus.recommendable><n-view>CNGE</n-view><n-view>RGEurope</n-view><n-view>PTNewswires</n-view><n-view>ARKANEWS0063786</n-view><n-view>INALLNEWS_ACTEST</n-view><n-view>INFARNEWS_AC</n-view><n-view>MARKETSEIKON_CN</n-view><n-view>MARKETSEIKON</n-view><n-view>CB_ASIAWIRES</n-view><n-view>INWIRES_AC</n-view><n-view>GULF_INTL</n-view><n-view>ININTNEWS_AC</n-view><n-view>ANZ_INTLOS</n-view><n-view>CLEAR_RF</n-view><n-view>INALLNEWS_AC</n-view><n-view>INNEWSINT_PRO</n-view><n-view>INBUSNEWS</n-view><n-view>INNEWSWORLD_PRO</n-view><n-view>INBUSNEWS_AC</n-view><prism-stylesheet guid="Ia3024d301b6a11d89fc5f34981d3242f"/><prism-clipdate>20150824081319</prism-clipdate></n-metadata>
<n-docbody><document version="1" collection="D-ARKANEWS-T001" first-load-date="20150824081319" ip-product="ARKANEWS" royalty-id="84104" data-model="text" dtd-version="5.2.29" content-type="news" load-language="en" pnac="nNRA04xlum" pnac-date="20150824T131039.743"><supplier-info><supplier-num nitf="doc-id" nitf-regsrc="ARKA News Agency" type="accession">725c0001b904d37b</supplier-num><internal-acc-num db-id="NEPRARKA" type="newz">20150824170.1_V725c0001b904d37b</internal-acc-num><rec-status><last-load-date>20150824081319</last-load-date><nitf-date ne="datereceived">20150824T13:10:39Z</nitf-date><nitf-date nitf="date-issue">20150824T00:00:00Z</nitf-date><last-provider-update>20150824131039</last-provider-update></rec-status><supplier-copyright>Copyright Â© 2015 ARKA<copyright-year/><copyright-holder>ARKA</copyright-holder></supplier-copyright><supplier-note nitf="urgency" nitf-ed-urg="4"/><nitf-meta-content name="recommendable">1</nitf-meta-content><nitf-meta-content name="_newsmlg2-hashtype=nr-htype:doc-group-fuzzy">54322|61297|6792|28432|30062|98619|92180|66058|5932|79571|112537|27740|29232|45534|83187|84226|101141|55962|19992|87922|20185|110793|103386|82986|12568|4938|46171|34049|53552|74210|93907|7133|5935|64722|34604|29392|11667|21491|81539|59685|62158|54718|103566|111079|22156|1909|73798|82258|65147|101712|45688|93758|88028|3432|102679|4446|95632|25113|69844|81962|</nitf-meta-content><nitf-meta-content name="_newsmlg2-hashtype=nr-htype:doc-group-content-length">686</nitf-meta-content><nitf-meta-content name="_newsmlg2-hashtype=nr-htype:doc-group-simple">4b978c5575ce90dc7b3efabee08f66d0a855c914</nitf-meta-content><supplier-dtds><dtd dtd-version="working" dtd-date="20150810T00:00:00Z">Canonical Taxonomy</dtd><dtd dtd-version="20150805" dtd-date="20150810T00:00:00Z">Mapping File</dtd></supplier-dtds><copyright-block type="dialog"><service-copyright n-include_guid="Ice671660f30811d88920000083149a14" n-include_collection="D-DIALOGCOPYRIGHTS-T001"/></copyright-block><copyright-block type="west"><service-copyright n-include_guid="I1DA35ED81DD211B281BAD200220BDFCA" n-include_collection="w_wlnv_msg"/></copyright-block><west-citation-block><bop/><first-line-cite><bos/>8/24/15 NEWS 00:00:00<eos/></first-line-cite><second-line-cite><bos/>8/24/15 ARKA News Agency 00:00:00<eos/></second-line-cite><eop/></west-citation-block></supplier-info><title-info iso-language="en"><bop/><title type="headline" nitf-hedline="hl1" key="key-title"><bos/><sort-title>FIRST HYDROGEN-POWERED BATTERY WILL CHARGE YOUR APPLE</sort-title><eos/></title><eop/></title-info><pub-info><journal key="key-journal"><bop/><bos/><sort-journal>ARKA News Agency</sort-journal><eos/><eop/></journal><pub-date key="key-date" iso-time="T00:00:00Z" type="date.publication"><full-pub-date>August 24, 2015</full-pub-date><sort-pub-date>20150824</sort-pub-date><sort-pub-timestamp>20150824000000</sort-pub-timestamp><rank-date>20150824</rank-date><currency-timestamp>20150824000000</currency-timestamp></pub-date><original-pub><language iso-language="en">English</language></original-pub><src-data><src-journal-code>ANPV</src-journal-code><src-pub-code>0063786</src-pub-code><src-pub-type>Newswire</src-pub-type><src-pub-country-wrap><src-pub-country-code>GE</src-pub-country-code><src-pub-country>Georgia CIS</src-pub-country></src-pub-country-wrap><src-pub-region>Europe</src-pub-region></src-data></pub-info><content iso-language="en"><total-char-count>1185</total-char-count><derived-word-count><bop/><bos/>Word Count: 196<eos/><eop/></derived-word-count><text type="lead-para"><p nitf="lede"><bop/><bos/><cite.query w-seq-number="00001" w-ref-type="WC" w-normalized-cite="I76DF065242BE11DDA1BC0014224D2780" ID="I2743e6c04a6211e58ef2fa4bdc651594">INFORMATION TECHNOLOGIES</cite.query><eos/><eop/></p><p nitf="lede"><bop/><bos/>YEREVAN, August 24, /ARKA/. <eos/><bos/><cite.query w-seq-number="00002" w-ref-type="MM" w-normalized-cite="canonical_name::INTELLIGENT ENERGY" ID="I274c99504a6211e58ef2fa4bdc651594">Intelligent Energy</cite.query> in the UK has developed a working iPhone 6 with a hydrogen fuel cell built into the chassis, The Telegraph reported.<eos/><eop/></p></text><text type="body"><p><bop/><bos/>According to the report, the fuel cell sits alongside the normal iPhone 6 lithium-ion battery, and is refilled through the headset jack.<eos/><eop/></p><p><bop/><bos/>In future, the company said it expects there to be a slot on smartphones where a cartridge is inserted.<eos/><eop/></p><p><bop/><bos/>The Telegraph reported that <cite.query w-seq-number="00003" w-ref-type="MM" w-normalized-cite="canonical_name::INTELLIGENT ENERGY" ID="I275ced004a6211e58ef2fa4bdc651594">Intelligent Energy</cite.query>&apos;s technology is patented, and that the company is said to be working closely with <cite.query w-seq-number="00004" w-ref-type="MM" w-normalized-cite="canonical_name::APPLE" ID="I275ced014a6211e58ef2fa4bdc651594">Apple</cite.query>.<eos/><eop/></p><p><bop/><bos/>Speaking to the Telegraph, Henri Winand, the chief executive of the company, said: &quot;To our knowledge this has never been done before&quot;.<eos/><bos/> But most are too bulky and expensive to reach mass-market appeal The cell is the same size as the iPhone, but is so thin that it can fit into the existing chassis of the phone without any need for major alterations.<eos/><eop/></p><p><bop/><bos/>The Telegraph reports that the current model refuels hydrogen gas through the headphone socket and, if rolled out into the wild, it would be removable.<eos/><eop/></p><p><bop/><bos/>The company is now developing a disposable cartridge, fixed to the bottom of future smartphones, for commercial release.-0-<eos/><eop/></p></text></content><indexing iso-language="en" value-add="machine-generated"><classification-terms><pres-subject-block><bop/><bos/><pres-subject-wrap><pres-subject>Major Corporations</pres-subject><pres-subject-code>MAJCORP</pres-subject-code><alt1-subject-code>1MA93</alt1-subject-code></pres-subject-wrap><eos/><eop/></pres-subject-block><pres-industry-block><bop/><bos/><pres-industry-wrap><pres-industry>Computer Equipment</pres-industry><pres-industry-code>CPTROVER</pres-industry-code><alt1-industry-code>1CO77</alt1-industry-code></pres-industry-wrap><pres-industry-wrap><pres-industry>Consumer Electronics</pres-industry><pres-industry-code>CEOVR</pres-industry-code><alt1-industry-code>1CO61</alt1-industry-code></pres-industry-wrap><pres-industry-wrap><pres-industry>Consumer Products &amp; Services</pres-industry><pres-industry-code>BUYBUY</pres-industry-code><alt1-industry-code>1CO62</alt1-industry-code></pres-industry-wrap><pres-industry-wrap><pres-industry>Electronics</pres-industry><pres-industry-code>ETRONICS</pres-industry-code><alt1-industry-code>1EL16</alt1-industry-code></pres-industry-wrap><pres-industry-wrap><pres-industry>Energy &amp; Fuel</pres-industry><pres-industry-code>ENERGY</pres-industry-code><alt1-industry-code>1EN13</alt1-industry-code></pres-industry-wrap><pres-industry-wrap><pres-industry>Fuel Cell &amp; Battery</pres-industry><pres-industry-code>BATTERY1</pres-industry-code><alt1-industry-code>1FU90</alt1-industry-code></pres-industry-wrap><pres-industry-wrap><pres-industry>Fuel Cell Technology</pres-industry><pres-industry-code>ENFCELL</pres-industry-code><alt1-industry-code>1FU86</alt1-industry-code></pres-industry-wrap><pres-industry-wrap><pres-industry>I.T.</pres-industry><pres-industry-code>ITOVER</pres-industry-code><alt1-industry-code>1IT96</alt1-industry-code></pres-industry-wrap><pres-industry-wrap><pres-industry>Mobile Phones &amp; Pagers</pres-industry><pres-industry-code>TWPHONE</pres-industry-code><alt1-industry-code>1WI07</alt1-industry-code></pres-industry-wrap><pres-industry-wrap><pres-industry>Telecom Consumer Equipment</pres-industry><pres-industry-code>TCCONEQ</pres-industry-code><alt1-industry-code>1TE03</alt1-industry-code></pres-industry-wrap><eos/><eop/></pres-industry-block></classification-terms><classification-terms><rcs-block><rcs>B:169</rcs><rcs>B:69</rcs><rcs>B:78</rcs><rcs>B:162</rcs><rcs>B:75</rcs><rcs>M:NL</rcs><rcs>B:161</rcs><rcs>B:2</rcs></rcs-block></classification-terms><extraction-terms><extr-company-block><bop/><bos/><norm-company oa-id="4295905573">APPLE INC</norm-company><norm-company-wrap occur-sequence="1,2"><norm-company-name>APPLE INC</norm-company-name><company-ids><oa-id>4295905573</oa-id><ric norm="AAPL.OQ">AAPL.OQ</ric></company-ids><company-classification><trbc-wrap><trbc type="RCS">B:1758</trbc><trbc type="2012">5710601010</trbc><trbc type="perm-id">4294951243</trbc></trbc-wrap></company-classification><relevancy engine="1C">0.8</relevancy><confidence engine="1C">0.99</confidence></norm-company-wrap><eos/><eop/></extr-company-block></extraction-terms><extraction-terms><extr-person-block><bop/><bos/><extr-person>Henri Winand</extr-person><extr-person-wrap><extr-person-name>Henri Winand</extr-person-name><relevancy engine="1C">0.2</relevancy></extr-person-wrap><eos/><eop/></extr-person-block></extraction-terms></indexing></document></n-docbody>
</n-document>
<n-document guid="I7b8c17d047f011e59170b31c914f3922"><n-metadata><metadata.block><md.identifiers><md.cites><md.first.line.cite>8/21/15 NEWS 00:00:00</md.first.line.cite><md.second.line.cite>8/21/15 ARKA News Agency 00:00:00</md.second.line.cite></md.cites><md.uuid>I7b8c17d047f011e59170b31c914f3922</md.uuid></md.identifiers><md.infotype>news</md.infotype><md.sortkeys><md.ordersequence>f47363bec</md.ordersequence></md.sortkeys><md.descriptions><md.title>TWITTER STOCK PLUNGES BELOW IPO FOR THE FIRST TIME</md.title><md.westlawdescrip><md.readlist>READLIST</md.readlist></md.westlawdescrip></md.descriptions><md.dates><md.publisheddatetime>20150821054019</md.publisheddatetime><md.loaddate>20150821</md.loaddate><md.createddatetime>20150821054019</md.createddatetime></md.dates><md.subjects><md.subject><md.pubtype.name/><md.doctype.name>DNR</md.doctype.name><md.doctype.rank/><md.view>CNGE</md.view><md.view>RGEurope</md.view><md.view>PTNewswires</md.view><md.view>ARKANEWS0063786</md.view><md.view>INALLNEWS_ACTEST</md.view><md.view>INFARNEWS_AC</md.view><md.view>MARKETSEIKON_CN</md.view><md.view>MARKETSEIKON</md.view><md.view>CB_ASIAWIRES</md.view><md.view>INWIRES_AC</md.view><md.view>GULF_INTL</md.view><md.view>ININTNEWS_AC</md.view><md.view>ANZ_INTLOS</md.view><md.view>CLEAR_RF</md.view><md.view>INALLNEWS_AC</md.view><md.view>INNEWSINT_PRO</md.view><md.view>INBUSNEWS</md.view><md.view>INNEWSWORLD_PRO</md.view><md.view>INBUSNEWS_AC</md.view></md.subject></md.subjects><md.jurisdictions><md.jurisdiction><md.jurisstate>FE</md.jurisstate></md.jurisdiction></md.jurisdictions><md.publications><md.publication/><md.sourcepubid>ARKANEWS</md.sourcepubid></md.publications><md.royalty><md.royalty.code>84104</md.royalty.code></md.royalty></metadata.block><news.metadata.block><md.text.preview>INFORMATION TECHNOLOGIESYEREVAN, August 21. /ARKA/. Twitter Inc. shares dipped below their $26 initial public offering price, down almost two-thirds from a peak soon after the stock began trading, Bloomberg reports.</md.text.preview></news.metadata.block><n-view>CNGE</n-view><n-view>RGEurope</n-view><n-view>PTNewswires</n-view><n-view>ARKANEWS0063786</n-view><n-view>INALLNEWS_ACTEST</n-view><n-view>INFARNEWS_AC</n-view><n-view>MARKETSEIKON_CN</n-view><n-view>MARKETSEIKON</n-view><n-view>CB_ASIAWIRES</n-view><n-view>INWIRES_AC</n-view><n-view>GULF_INTL</n-view><n-view>ININTNEWS_AC</n-view><n-view>ANZ_INTLOS</n-view><n-view>CLEAR_RF</n-view><n-view>INALLNEWS_AC</n-view><n-view>INNEWSINT_PRO</n-view><n-view>INBUSNEWS</n-view><n-view>INNEWSWORLD_PRO</n-view><n-view>INBUSNEWS_AC</n-view><prism-stylesheet guid="Ia3024d301b6a11d89fc5f34981d3242f"/><prism-clipdate>20150821054019</prism-clipdate></n-metadata>
<n-docbody><document version="1" collection="D-ARKANEWS-T001" first-load-date="20150821054019" ip-product="ARKANEWS" royalty-id="84104" data-model="text" dtd-version="5.2.29" content-type="news" load-language="en" pnac="nNRA04owrt" pnac-date="20150821T103629.517"><supplier-info><supplier-num nitf="doc-id" nitf-regsrc="ARKA News Agency" type="accession">0a4200011be2fcca</supplier-num><internal-acc-num db-id="NEPRARKA" type="newz">20150821170.1_V0a4200011be2fcca</internal-acc-num><rec-status><last-load-date>20150821054019</last-load-date><nitf-date ne="datereceived">20150821T10:36:29Z</nitf-date><nitf-date nitf="date-issue">20150821T00:00:00Z</nitf-date><last-provider-update>20150821103629</last-provider-update></rec-status><supplier-copyright>Copyright Â© 2015 ARKA<copyright-year/><copyright-holder>ARKA</copyright-holder></supplier-copyright><supplier-note nitf="urgency" nitf-ed-urg="4"/><nitf-meta-content name="_newsmlg2-hashtype=nr-htype:doc-group-fuzzy">98619|42886|75904|17682|80405|29252|107189|17339|71289|6526|28310|42351|28156|45670|33320|24642|106486|104744|67919|96819|80130|98886|55152|93182|103566|68087|62908|7234|112975|100463|75776|100947|34522|73176|102679|55991|85590|6535|58531|103103|92543|10343|54049|40561|22562|52220|44129|29663|4281|43634|46261|74660|</nitf-meta-content><nitf-meta-content name="_newsmlg2-hashtype=nr-htype:doc-group-content-length">521</nitf-meta-content><nitf-meta-content name="_newsmlg2-hashtype=nr-htype:doc-group-simple">-18741dd889f0532443f22c88f9417ffb01a8c7c8</nitf-meta-content><supplier-dtds><dtd dtd-version="working" dtd-date="20150810T00:00:00Z">Canonical Taxonomy</dtd><dtd dtd-version="20150805" dtd-date="20150810T00:00:00Z">Mapping File</dtd></supplier-dtds><copyright-block type="dialog"><service-copyright n-include_guid="Ice671660f30811d88920000083149a14" n-include_collection="D-DIALOGCOPYRIGHTS-T001"/></copyright-block><copyright-block type="west"><service-copyright n-include_guid="I1DA35ED81DD211B281BAD200220BDFCA" n-include_collection="w_wlnv_msg"/></copyright-block><west-citation-block><bop/><first-line-cite><bos/>8/21/15 NEWS 00:00:00<eos/></first-line-cite><second-line-cite><bos/>8/21/15 ARKA News Agency 00:00:00<eos/></second-line-cite><eop/></west-citation-block></supplier-info><title-info iso-language="en"><bop/><title type="headline" nitf-hedline="hl1" key="key-title"><bos/><sort-title>TWITTER STOCK PLUNGES BELOW IPO FOR THE FIRST TIME</sort-title><eos/></title><eop/></title-info><pub-info><journal key="key-journal"><bop/><bos/><sort-journal>ARKA News Agency</sort-journal><eos/><eop/></journal><pub-date key="key-date" iso-time="T00:00:00Z" type="date.publication"><full-pub-date>August 21, 2015</full-pub-date><sort-pub-date>20150821</sort-pub-date><sort-pub-timestamp>20150821000000</sort-pub-timestamp><rank-date>20150821</rank-date><currency-timestamp>20150821000000</currency-timestamp></pub-date><original-pub><language iso-language="en">English</language></original-pub><src-data><src-journal-code>ANPV</src-journal-code><src-pub-code>0063786</src-pub-code><src-pub-type>Newswire</src-pub-type><src-pub-country-wrap><src-pub-country-code>GE</src-pub-country-code><src-pub-country>Georgia CIS</src-pub-country></src-pub-country-wrap><src-pub-region>Europe</src-pub-region></src-data></pub-info><content iso-language="en"><total-char-count>972</total-char-count><derived-word-count><bop/><bos/>Word Count: 155<eos/><eop/></derived-word-count><text type="lead-para"><p nitf="lede"><bop/><bos/><cite.query w-seq-number="00001" w-ref-type="WC" w-normalized-cite="I76DF065242BE11DDA1BC0014224D2780" ID="I11de9b4047f111e59c0a98e48cdd11c3">INFORMATION TECHNOLOGIES</cite.query><eos/><eop/></p><p nitf="lede"><bop/><bos/>YEREVAN, August 21. /ARKA/. <eos/><bos/><cite.query w-seq-number="00002" w-ref-type="CO" w-normalized-cite="I3F7E8B80750F11DD809381901A3620D2" ID="I11eb6c8047f111e59c0a98e48cdd11c3">Twitter Inc.</cite.query> shares dipped below their $26 initial public offering price, down almost two-thirds from a peak soon after the stock began trading, <cite.query w-seq-number="00003" w-ref-type="MM" w-normalized-cite="canonical_name::BLOOMBERG" ID="I11eb6c8147f111e59c0a98e48cdd11c3">Bloomberg</cite.query> reports.<eos/><eop/></p></text><text type="body"><p><bop/><bos/>Twitter fell 5.8 percent to close at $26 in New York on Thursday amid a general selloff in which the Standard &amp;amp; Poor&apos;s 500 index tumbled 2.1 percent. <eos/><bos/>The company&apos;s shares fell to as low as $25.92 and are down 28 percent so far this year.<eos/><eop/></p><p><bop/><bos/>Twitter reported a 61 percent increase in revenue in the second quarter of this year but the slowest growth in the number of users in two years, <cite.query w-seq-number="00004" w-ref-type="CO" w-normalized-cite="IB46FE870E21F11DE9AEBAFEE937141E6" ID="I11f4bb5047f111e59c0a98e48cdd11c3">Interfax</cite.query> says.<eos/><eop/></p><p><bop/><bos/>At a news conference given after publication of the company&apos;s figures, its managers voiced skepticism over prospects for growth in the number of users in the nearest future.<eos/><eop/></p><p><bop/><bos/>The number of active users reached 316 million by June 30 showing 2.6% growth - the worst result since the company&apos;s IPO in 2013.<eos/><eop/></p><p><bop/><bos/><cite.query w-seq-number="00005" w-ref-type="CO" w-normalized-cite="IE9D0907041EC11DDAD6B0014224D2780" ID="I12097bd047f111e59c0a98e48cdd11c3">Facebook</cite.query> has more than 1.4 billion users. <eos/>M.V.----0----<eop/></p></text></content><indexing iso-language="en" value-add="machine-generated"><classification-terms><pres-subject-block><bop/><bos/><pres-subject-wrap><pres-subject>Corporate Funding</pres-subject><pres-subject-code>BIZFIN</pres-subject-code><alt1-subject-code>1XO17</alt1-subject-code></pres-subject-wrap><pres-subject-wrap><pres-subject>Equity Instruments</pres-subject><pres-subject-code>STOCKINS</pres-subject-code><alt1-subject-code>1EQ90</alt1-subject-code></pres-subject-wrap><pres-subject-wrap><pres-subject>Funding Instruments</pres-subject><pres-subject-code>INVSTING</pres-subject-code><alt1-subject-code>1FU41</alt1-subject-code></pres-subject-wrap><pres-subject-wrap><pres-subject>Initial Public Offerings (IPOs)</pres-subject><pres-subject-code>IPONEWS</pres-subject-code><alt1-subject-code>1IN65</alt1-subject-code></pres-subject-wrap><pres-subject-wrap><pres-subject>Stock Offerings</pres-subject><pres-subject-code>NEWSTOCK</pres-subject-code><alt1-subject-code>1ST44</alt1-subject-code></pres-subject-wrap><eos/><eop/></pres-subject-block><pres-industry-block><bop/><bos/><pres-industry-wrap><pres-industry>Financial Services</pres-industry><pres-industry-code>FINSVC</pres-industry-code><alt1-industry-code>1FI37</alt1-industry-code></pres-industry-wrap><pres-industry-wrap><pres-industry>Internet</pres-industry><pres-industry-code>INTERNET</pres-industry-code><alt1-industry-code>1IN27</alt1-industry-code></pres-industry-wrap><pres-industry-wrap><pres-industry>Internet Media</pres-industry><pres-industry-code>INTMEDIA</pres-industry-code><alt1-industry-code>1IN67</alt1-industry-code></pres-industry-wrap><pres-industry-wrap><pres-industry>Investment Management</pres-industry><pres-industry-code>INVSTMAN</pres-industry-code><alt1-industry-code>1IN34</alt1-industry-code></pres-industry-wrap><pres-industry-wrap><pres-industry>Online Social Media</pres-industry><pres-industry-code>SOCIALME</pres-industry-code><alt1-industry-code>1ON38</alt1-industry-code></pres-industry-wrap><pres-industry-wrap><pres-industry>Securities Investment</pres-industry><pres-industry-code>PTSECUR</pres-industry-code><alt1-industry-code>1SE57</alt1-industry-code></pres-industry-wrap><eos/><eop/></pres-industry-block></classification-terms><classification-terms><rcs-block><rcs>B:126</rcs><rcs>B:125</rcs><rcs>E:W</rcs><rcs>M:S</rcs><rcs>E:K</rcs><rcs>E:M</rcs><rcs>B:130</rcs><rcs>M:QR</rcs><rcs>B:92</rcs></rcs-block></classification-terms><extraction-terms><extr-company-block><bop/><bos/><norm-company oa-id="4297297477">FACEBOOK INC</norm-company><norm-company-wrap occur-sequence="1"><norm-company-name>FACEBOOK INC</norm-company-name><company-ids><oa-id>4297297477</oa-id><ric norm="FB.OQ">FB.OQ</ric></company-ids><company-classification><trbc-wrap><trbc type="RCS">B:1806</trbc><trbc type="2012">5720103012</trbc><trbc type="perm-id">4294951195</trbc></trbc-wrap></company-classification><relevancy engine="1C">0.2</relevancy><confidence engine="1C">0.93</confidence></norm-company-wrap><eos/><eop/></extr-company-block></extraction-terms></indexing></document></n-docbody>
</n-document>
<n-document guid="I64a24c30481111e5863adf1096e09aaa"><n-metadata><metadata.block><md.identifiers><md.cites><md.first.line.cite>8/21/15 NEWS 00:00:00</md.first.line.cite><md.second.line.cite>8/21/15 ARKA News Agency 00:00:00</md.second.line.cite></md.cites><md.uuid>I64a24c30481111e5863adf1096e09aaa</md.uuid></md.identifiers><md.infotype>news</md.infotype><md.sortkeys><md.ordersequence>f47363bec</md.ordersequence></md.sortkeys><md.descriptions><md.title>VTB BANK (ARMENIA) AND MASTERCARD CONDUCT ANOTHER INCENTIVE PROGRAM FOR STAFF</md.title><md.westlawdescrip><md.readlist>READLIST</md.readlist></md.westlawdescrip></md.descriptions><md.dates><md.publisheddatetime>20150821093815</md.publisheddatetime><md.loaddate>20150821</md.loaddate><md.createddatetime>20150821093815</md.createddatetime></md.dates><md.subjects><md.subject><md.pubtype.name/><md.doctype.name>DNR</md.doctype.name><md.doctype.rank/><md.view>CNGE</md.view><md.view>RGEurope</md.view><md.view>PTNewswires</md.view><md.view>ARKANEWS0063786</md.view><md.view>INALLNEWS_ACTEST</md.view><md.view>INFARNEWS_AC</md.view><md.view>MARKETSEIKON_CN</md.view><md.view>MARKETSEIKON</md.view><md.view>CB_ASIAWIRES</md.view><md.view>INWIRES_AC</md.view><md.view>GULF_INTL</md.view><md.view>ININTNEWS_AC</md.view><md.view>ANZ_INTLOS</md.view><md.view>CLEAR_RF</md.view><md.view>INALLNEWS_AC</md.view><md.view>INNEWSINT_PRO</md.view><md.view>INBUSNEWS</md.view><md.view>INNEWSWORLD_PRO</md.view><md.view>INBUSNEWS_AC</md.view></md.subject></md.subjects><md.jurisdictions><md.jurisdiction><md.jurisstate>FE</md.jurisstate></md.jurisdiction></md.jurisdictions><md.publications><md.publication/><md.sourcepubid>ARKANEWS</md.sourcepubid></md.publications><md.royalty><md.royalty.code>84104</md.royalty.code></md.royalty></metadata.block><news.metadata.block><md.text.preview>BANKING NEWSYEREVAN, August 21. / ARKA /.To encourage its employees, dealing with sales of banking cards, to improve their professionalism, commitment and show a creative approach, VTB Bank (Armenia) together with MasterCard international payment</md.text.preview></news.metadata.block><newsplus.recommendable>1</newsplus.recommendable><n-view>CNGE</n-view><n-view>RGEurope</n-view><n-view>PTNewswires</n-view><n-view>ARKANEWS0063786</n-view><n-view>INALLNEWS_ACTEST</n-view><n-view>INFARNEWS_AC</n-view><n-view>MARKETSEIKON_CN</n-view><n-view>MARKETSEIKON</n-view><n-view>CB_ASIAWIRES</n-view><n-view>INWIRES_AC</n-view><n-view>GULF_INTL</n-view><n-view>ININTNEWS_AC</n-view><n-view>ANZ_INTLOS</n-view><n-view>CLEAR_RF</n-view><n-view>INALLNEWS_AC</n-view><n-view>INNEWSINT_PRO</n-view><n-view>INBUSNEWS</n-view><n-view>INNEWSWORLD_PRO</n-view><n-view>INBUSNEWS_AC</n-view><prism-stylesheet guid="Ia3024d301b6a11d89fc5f34981d3242f"/><prism-clipdate>20150821093815</prism-clipdate></n-metadata>
<n-docbody><document version="1" collection="D-ARKANEWS-T001" first-load-date="20150821093815" ip-product="ARKANEWS" royalty-id="84104" data-model="text" dtd-version="5.2.29" content-type="news" load-language="en" pnac="nNRA04prv1" pnac-date="20150821T143204.467"><supplier-info><supplier-num nitf="doc-id" nitf-regsrc="ARKA News Agency" type="accession">064800034974be35</supplier-num><internal-acc-num db-id="NEPRARKA" type="newz">20150821170.1_V064800034974be35</internal-acc-num><rec-status><last-load-date>20150821093815</last-load-date><nitf-date ne="datereceived">20150821T14:32:04Z</nitf-date><nitf-date nitf="date-issue">20150821T00:00:00Z</nitf-date><last-provider-update>20150821143204</last-provider-update></rec-status><supplier-copyright>Copyright Â© 2015 ARKA<copyright-year/><copyright-holder>ARKA</copyright-holder></supplier-copyright><supplier-note nitf="urgency" nitf-ed-urg="4"/><nitf-meta-content name="recommendable">1</nitf-meta-content><nitf-meta-content name="_newsmlg2-hashtype=nr-htype:doc-group-fuzzy">112968|92714|33669|98619|39624|104942|31935|2272|67744|15873|55954|75436|68799|11261|7106|65901|4556|109538|82023|52116|99491|4676|91382|21016|24173|108407|59907|77272|64981|15110|37354|101772|112565|78730|55575|104886|61725|109135|70044|98680|59923|20942|7947|106470|35577|65194|88943|44163|32865|109783|24553|107324|55152|63698|88945|9825|28158|42002|25349|13839|</nitf-meta-content><nitf-meta-content name="_newsmlg2-hashtype=nr-htype:doc-group-content-length">1101</nitf-meta-content><nitf-meta-content name="_newsmlg2-hashtype=nr-htype:doc-group-simple">600c7665e42c0163b50cbfc0cfbb5dbff3bddba0</nitf-meta-content><supplier-dtds><dtd dtd-version="working" dtd-date="20150810T00:00:00Z">Canonical Taxonomy</dtd><dtd dtd-version="20150805" dtd-date="20150810T00:00:00Z">Mapping File</dtd></supplier-dtds><copyright-block type="dialog"><service-copyright n-include_guid="Ice671660f30811d88920000083149a14" n-include_collection="D-DIALOGCOPYRIGHTS-T001"/></copyright-block><copyright-block type="west"><service-copyright n-include_guid="I1DA35ED81DD211B281BAD200220BDFCA" n-include_collection="w_wlnv_msg"/></copyright-block><west-citation-block><bop/><first-line-cite><bos/>8/21/15 NEWS 00:00:00<eos/></first-line-cite><second-line-cite><bos/>8/21/15 ARKA News Agency 00:00:00<eos/></second-line-cite><eop/></west-citation-block></supplier-info><title-info iso-language="en"><bop/><title type="headline" nitf-hedline="hl1" key="key-title"><bos/><sort-title><cite.query w-seq-number="00001" w-ref-type="CO" w-normalized-cite="IB9397CB0D0D811DF98F8FD3889AD24A2" ID="I65ad1000481211e5a5778a946b10e82b">VTB BANK</cite.query> (ARMENIA) AND <cite.query w-seq-number="00002" w-ref-type="MM" w-normalized-cite="canonical_name::MASTERCARD" ID="I65ad1001481211e5a5778a946b10e82b">MASTERCARD</cite.query> CONDUCT ANOTHER INCENTIVE PROGRAM FOR STAFF</sort-title><eos/></title><eop/></title-info><pub-info><journal key="key-journal"><bop/><bos/><sort-journal>ARKA News Agency</sort-journal><eos/><eop/></journal><pub-date key="key-date" iso-time="T00:00:00Z" type="date.publication"><full-pub-date>August 21, 2015</full-pub-date><sort-pub-date>20150821</sort-pub-date><sort-pub-timestamp>20150821000000</sort-pub-timestamp><rank-date>20150821</rank-date><currency-timestamp>20150821000000</currency-timestamp></pub-date><original-pub><language iso-language="en">English</language></original-pub><src-data><src-journal-code>ANPV</src-journal-code><src-pub-code>0063786</src-pub-code><src-pub-type>Newswire</src-pub-type><src-pub-country-wrap><src-pub-country-code>GE</src-pub-country-code><src-pub-country>Georgia CIS</src-pub-country></src-pub-country-wrap><src-pub-region>Europe</src-pub-region></src-data></pub-info><content iso-language="en"><total-char-count>1728</total-char-count><derived-word-count><bop/><bos/>Word Count: 272<eos/><eop/></derived-word-count><text type="lead-para"><p nitf="lede"><bop/><bos/>BANKING NEWS<eos/><eop/></p><p nitf="lede"><bop/><bos/>YEREVAN, August 21. / ARKA /.To encourage its employees, dealing with sales of banking cards, to improve their professionalism, commitment and show a creative approach, <cite.query w-seq-number="00003" w-ref-type="WC" w-normalized-cite="IF40B3643453D11DD94140014224D2780" ID="I65c41a70481211e5a5778a946b10e82b">VTB Bank (Armenia</cite.query>) together with <cite.query w-seq-number="00004" w-ref-type="MM" w-normalized-cite="canonical_name::MASTERCARD" ID="I65c41a71481211e5a5778a946b10e82b">MasterCard</cite.query> international payment system conducted another incentive program to boost sales of Cirrus/Maestro, Master Card Standard and <cite.query w-seq-number="00005" w-ref-type="NM" w-normalized-cite="canonical_name::MASTERCARD GOLD" ID="I65c41a72481211e5a5778a946b10e82b">MasterCard Gold</cite.query> cards.<eos/><eop/></p></text><text type="body"><p><bop/><bos/>In the first stage of the program, all employees of the bank engaged in the sales of <cite.query w-seq-number="00006" w-ref-type="MM" w-normalized-cite="canonical_name::MASTERCARD" ID="I65cc7ee0481211e5a5778a946b10e82b">MasterCard</cite.query> cards, were given bonus awards, while 20 employees, who sold more cards from May 1 to July 1 2015 were allowed to participate in a raffle of a vacation package for two to a European country of their choice.<eos/><eop/></p><p><bop/><bos/>The main prize was won by <cite.query w-seq-number="00007" w-ref-type="NM" w-normalized-cite="canonical_name::ANI HARUTYUNYAN" ID="I65d3d1e0481211e5a5778a946b10e82b">Ani Harutyunyan</cite.query>, an employee of the customer service department of Amasia branch. <eos/><bos/>Besides, five employees of the branch received letters of appreciation for their active participation in the program.<eos/><eop/></p><p><bop/><bos/>As a result of the program sales of Cirrus/Maestro, <cite.query w-seq-number="00008" w-ref-type="NM" w-normalized-cite="canonical_name::MASTERCARD STANDARD" ID="I65e29ef0481211e5a5778a946b10e82b">MasterCard Standard</cite.query> and <cite.query w-seq-number="00009" w-ref-type="NM" w-normalized-cite="canonical_name::MASTERCARD GOLD" ID="I65e29ef1481211e5a5778a946b10e82b">MasterCard Gold</cite.query> rose by 40%.<eos/><eop/></p><p><bop/><bos/>VTB Bank (Armenia) CEO Yuri Gusev was quoted as saying in a press release that&apos; We firmly believe that the sustainable development of the Bank is hinged on the creativity, motivation and intention of the staff to improve their professional skills.&apos;<eos/><eop/></p><p><bop/><bos/>The second stage of the program runs form August 1 to November 1, 2015.<eos/><eop/></p><p><bop/><bos/>VTB Bank (Armenia) is a 100% subsidiary of <cite.query w-seq-number="00010" w-ref-type="NM" w-normalized-cite="canonical_name::RUSSIAN VTB BANK" ID="I65ebc6b0481211e5a5778a946b10e82b">Russian VTB Bank</cite.query>. <eos/><bos/>It runs 67 branches across Armenia.<eos/><eop/></p><p><bop/><bos/>As of late June 2015 the bank&apos;s assets totaled 316.8 billion drams, a decline of 12.3% from the beginning of the year; its liabilities stood at 287.2 billion drams, a decline of 13% and its capital was worth 29.6 billion drams, a drop of 3.5% when compared to the beginning of the year. <eos/><bos/>($ 1 - 477.7 drams).<eos/> -0-<eop/></p></text></content><indexing iso-language="en" value-add="machine-generated"><classification-terms><pres-location-block><bop/><bos/><pres-location-wrap><pres-location>Armenia</pres-location><pres-location-code>ISOAM</pres-location-code><alt1-location-code>1AR09</alt1-location-code></pres-location-wrap><pres-location-wrap><pres-location>CIS Countries</pres-location><pres-location-code>CISSTAT</pres-location-code><alt1-location-code>1CI64</alt1-location-code></pres-location-wrap><pres-location-wrap><pres-location>Eastern Europe</pres-location><pres-location-code>GEOEEUR</pres-location-code><alt1-location-code>1EA48</alt1-location-code></pres-location-wrap><pres-location-wrap><pres-location>Europe</pres-location><pres-location-code>GEOEUR</pres-location-code><alt1-location-code>1EU83</alt1-location-code></pres-location-wrap><eos/><eop/></pres-location-block></classification-terms><classification-terms><pres-subject-block><bop/><bos/><pres-subject-wrap><pres-subject>CIS</pres-subject><pres-subject-code>GEOCIS</pres-subject-code><alt1-subject-code>1CI65</alt1-subject-code></pres-subject-wrap><pres-subject-wrap><pres-subject>Major Corporations</pres-subject><pres-subject-code>MAJCORP</pres-subject-code><alt1-subject-code>1MA93</alt1-subject-code></pres-subject-wrap><pres-subject-wrap><pres-subject>World Organizations</pres-subject><pres-subject-code>GEOORGS</pres-subject-code><alt1-subject-code>1IN77</alt1-subject-code></pres-subject-wrap><eos/><eop/></pres-subject-block><pres-industry-block><bop/><bos/><pres-industry-wrap><pres-industry>Banking</pres-industry><pres-industry-code>BANKOVER</pres-industry-code><alt1-industry-code>1BA20</alt1-industry-code></pres-industry-wrap><pres-industry-wrap><pres-industry>Credit, Debit &amp; Value Cards</pres-industry><pres-industry-code>CCARDS</pres-industry-code><alt1-industry-code>1CR28</alt1-industry-code></pres-industry-wrap><pres-industry-wrap><pres-industry>Debit Cards</pres-industry><pres-industry-code>DEBCARDS</pres-industry-code><alt1-industry-code>1DE11</alt1-industry-code></pres-industry-wrap><pres-industry-wrap><pres-industry>Financial Services</pres-industry><pres-industry-code>FINSVC</pres-industry-code><alt1-industry-code>1FI37</alt1-industry-code></pres-industry-wrap><pres-industry-wrap><pres-industry>Retail Banking Services</pres-industry><pres-industry-code>RTBNKOVR</pres-industry-code><alt1-industry-code>1RE38</alt1-industry-code></pres-industry-wrap><eos/><eop/></pres-industry-block></classification-terms><classification-terms><rcs-block><rcs>B:126</rcs><rcs>B:125</rcs><rcs>B:128</rcs><rcs>G:B2</rcs><rcs>B:127</rcs><rcs>G:7I</rcs><rcs>G:Y</rcs><rcs>B:129</rcs><rcs>G:AJ</rcs><rcs>G:B</rcs><rcs>G:A</rcs></rcs-block></classification-terms><extraction-terms><extr-company-block><bop/><bos/><norm-company oa-id="4295887248">VTB BANK (OPEN JOINT STOCK COMPANY)</norm-company><norm-company-wrap occur-sequence="1,3,9"><norm-company-name>VTB BANK (OPEN JOINT STOCK COMPANY)</norm-company-name><company-ids><oa-id>4295887248</oa-id><ric norm="VTBR.MMO">VTBR.MMO</ric></company-ids><company-classification><trbc-wrap><trbc type="RCS">B:1615</trbc><trbc type="2012">5510101010</trbc><trbc type="perm-id">4294951386</trbc></trbc-wrap></company-classification><relevancy engine="1C">0.8</relevancy><confidence engine="1C">0.94</confidence></norm-company-wrap><norm-company oa-id="4295902520">MASTERCARD INC</norm-company><norm-company-wrap occur-sequence="2,4,5,6,7,8"><norm-company-name>MASTERCARD INC</norm-company-name><company-ids><oa-id>4295902520</oa-id><ric norm="MA.N">MA.N</ric></company-ids><company-classification><trbc-wrap><trbc type="RCS">B:1236</trbc><trbc type="2012">5220304027</trbc><trbc type="perm-id">4294951765</trbc></trbc-wrap></company-classification><relevancy engine="1C">0.8</relevancy><confidence engine="1C">0.99</confidence></norm-company-wrap><eos/><eop/></extr-company-block></extraction-terms><extraction-terms><extr-person-block><bop/><bos/><extr-person>Maestro</extr-person><extr-person-wrap><extr-person-name>Maestro</extr-person-name><relevancy engine="1C">0.2</relevancy></extr-person-wrap><extr-person>Yuri Gusev</extr-person><extr-person-wrap><extr-person-name>Yuri Gusev</extr-person-name><relevancy engine="1C">0.2</relevancy></extr-person-wrap><extr-person>Ani Harutyunyan</extr-person><extr-person-wrap><extr-person-name>Ani Harutyunyan</extr-person-name><relevancy engine="1C">0.2</relevancy></extr-person-wrap><eos/><eop/></extr-person-block></extraction-terms></indexing></document></n-docbody>
</n-document>
<n-document guid="I89642fb0465f11e5aa38fd2fd0654e5f"><n-metadata><metadata.block><md.identifiers><md.cites><md.first.line.cite>8/19/15 NEWS 00:00:00</md.first.line.cite><md.second.line.cite>8/19/15 ARKA News Agency 00:00:00</md.second.line.cite></md.cites><md.uuid>I89642fb0465f11e5aa38fd2fd0654e5f</md.uuid></md.identifiers><md.infotype>news</md.infotype><md.sortkeys><md.ordersequence>f47363bec</md.ordersequence></md.sortkeys><md.descriptions><md.title>NEW APPLE&apos;S IPHONE 6S AND IPHONE 6S PLUS TO BE AVAILABLE ON SEPTEMBER 18</md.title><md.westlawdescrip><md.readlist>READLIST</md.readlist></md.westlawdescrip></md.descriptions><md.dates><md.publisheddatetime>20150819081419</md.publisheddatetime><md.loaddate>20150819</md.loaddate><md.createddatetime>20150819081419</md.createddatetime></md.dates><md.subjects><md.subject><md.pubtype.name/><md.doctype.name>DNR</md.doctype.name><md.doctype.rank/><md.view>CNGE</md.view><md.view>RGEurope</md.view><md.view>PTNewswires</md.view><md.view>ARKANEWS0063786</md.view><md.view>INALLNEWS_ACTEST</md.view><md.view>INFARNEWS_AC</md.view><md.view>MARKETSEIKON_CN</md.view><md.view>MARKETSEIKON</md.view><md.view>CB_ASIAWIRES</md.view><md.view>INWIRES_AC</md.view><md.view>GULF_INTL</md.view><md.view>ININTNEWS_AC</md.view><md.view>ANZ_INTLOS</md.view><md.view>CLEAR_RF</md.view><md.view>INALLNEWS_AC</md.view><md.view>INNEWSINT_PRO</md.view><md.view>INBUSNEWS</md.view><md.view>INNEWSWORLD_PRO</md.view><md.view>INBUSNEWS_AC</md.view></md.subject></md.subjects><md.jurisdictions><md.jurisdiction><md.jurisstate>FE</md.jurisstate></md.jurisdiction></md.jurisdictions><md.publications><md.publication/><md.sourcepubid>ARKANEWS</md.sourcepubid></md.publications><md.royalty><md.royalty.code>84104</md.royalty.code></md.royalty></metadata.block><news.metadata.block><md.text.preview>INFORMATION TECHNOLOGIESYEREVAN, August 19. /ARKA/. Sales of Apple&apos;s iPhone 6S and iPhone 6S Plus are expected to start on September 18, Russia&apos;s Kommersant reports referring to Forbes.</md.text.preview></news.metadata.block><n-view>CNGE</n-view><n-view>RGEurope</n-view><n-view>PTNewswires</n-view><n-view>ARKANEWS0063786</n-view><n-view>INALLNEWS_ACTEST</n-view><n-view>INFARNEWS_AC</n-view><n-view>MARKETSEIKON_CN</n-view><n-view>MARKETSEIKON</n-view><n-view>CB_ASIAWIRES</n-view><n-view>INWIRES_AC</n-view><n-view>GULF_INTL</n-view><n-view>ININTNEWS_AC</n-view><n-view>ANZ_INTLOS</n-view><n-view>CLEAR_RF</n-view><n-view>INALLNEWS_AC</n-view><n-view>INNEWSINT_PRO</n-view><n-view>INBUSNEWS</n-view><n-view>INNEWSWORLD_PRO</n-view><n-view>INBUSNEWS_AC</n-view><prism-stylesheet guid="Ia3024d301b6a11d89fc5f34981d3242f"/><prism-clipdate>20150819081419</prism-clipdate></n-metadata>
<n-docbody><document version="1" collection="D-ARKANEWS-T001" first-load-date="20150819081419" ip-product="ARKANEWS" royalty-id="84104" data-model="text" dtd-version="5.2.29" content-type="news" load-language="en" pnac="nNRA04eols" pnac-date="20150819T104624.555"><supplier-info><supplier-num nitf="doc-id" nitf-regsrc="ARKA News Agency" type="accession">c97b000102731d90</supplier-num><internal-acc-num db-id="NEPRARKA" type="newz">20150819170.1_Vc97b000102731d90</internal-acc-num><rec-status><last-load-date>20150819081419</last-load-date><nitf-date ne="datereceived">20150819T10:46:24Z</nitf-date><nitf-date nitf="date-issue">20150819T00:00:00Z</nitf-date><last-provider-update>20150819104624</last-provider-update></rec-status><supplier-copyright>Copyright Â© 2015 ARKA<copyright-year/><copyright-holder>ARKA</copyright-holder></supplier-copyright><supplier-note nitf="urgency" nitf-ed-urg="4"/><nitf-meta-content name="_newsmlg2-hashtype=nr-htype:doc-group-fuzzy">98619|103813|2121|42886|52981|41164|37793|37310|103632|101141|73000|61350|20185|85229|75749|12568|871|55852|91805|103027|16153|55754|63979|61207|35370|109434|111598|22877|8556|70025|65740|73250|97742|36850|93182|103566|105075|75776|111920|88645|80162|92642|26876|105139|102679|40561|94506|29663|109638|108490|74660|74636|</nitf-meta-content><nitf-meta-content name="_newsmlg2-hashtype=nr-htype:doc-group-content-length">534</nitf-meta-content><nitf-meta-content name="_newsmlg2-hashtype=nr-htype:doc-group-simple">75d8e76f28074a2f2cb301a048974995e42892d6</nitf-meta-content><supplier-dtds><dtd dtd-version="working" dtd-date="20150810T00:00:00Z">Canonical Taxonomy</dtd><dtd dtd-version="20150805" dtd-date="20150810T00:00:00Z">Mapping File</dtd></supplier-dtds><copyright-block type="dialog"><service-copyright n-include_guid="Ice671660f30811d88920000083149a14" n-include_collection="D-DIALOGCOPYRIGHTS-T001"/></copyright-block><copyright-block type="west"><service-copyright n-include_guid="I1DA35ED81DD211B281BAD200220BDFCA" n-include_collection="w_wlnv_msg"/></copyright-block><west-citation-block><bop/><first-line-cite><bos/>8/19/15 NEWS 00:00:00<eos/></first-line-cite><second-line-cite><bos/>8/19/15 ARKA News Agency 00:00:00<eos/></second-line-cite><eop/></west-citation-block></supplier-info><title-info iso-language="en"><bop/><title type="headline" nitf-hedline="hl1" key="key-title"><bos/><sort-title>NEW APPLE&apos;S IPHONE 6S AND IPHONE 6S PLUS TO BE AVAILABLE ON SEPTEMBER 18</sort-title><eos/></title><eop/></title-info><pub-info><journal key="key-journal"><bop/><bos/><sort-journal>ARKA News Agency</sort-journal><eos/><eop/></journal><pub-date key="key-date" iso-time="T00:00:00Z" type="date.publication"><full-pub-date>August 19, 2015</full-pub-date><sort-pub-date>20150819</sort-pub-date><sort-pub-timestamp>20150819000000</sort-pub-timestamp><rank-date>20150819</rank-date><currency-timestamp>20150819000000</currency-timestamp></pub-date><original-pub><language iso-language="en">English</language></original-pub><src-data><src-journal-code>ANPV</src-journal-code><src-pub-code>0063786</src-pub-code><src-pub-type>Newswire</src-pub-type><src-pub-country-wrap><src-pub-country-code>GE</src-pub-country-code><src-pub-country>Georgia CIS</src-pub-country></src-pub-country-wrap><src-pub-region>Europe</src-pub-region></src-data></pub-info><content iso-language="en"><total-char-count>878</total-char-count><derived-word-count><bop/><bos/>Word Count: 141<eos/><eop/></derived-word-count><text type="lead-para"><p nitf="lede"><bop/><bos/><cite.query w-seq-number="00001" w-ref-type="WC" w-normalized-cite="I76DF065242BE11DDA1BC0014224D2780" ID="I41f6c470467411e5b832d221d5afa516">INFORMATION TECHNOLOGIES</cite.query><eos/><eop/></p><p nitf="lede"><bop/><bos/>YEREVAN, August 19. /ARKA/. <eos/><bos/>Sales of <cite.query w-seq-number="00002" w-ref-type="MM" w-normalized-cite="canonical_name::APPLE" ID="I421744c0467411e5b832d221d5afa516">Apple</cite.query>&apos;s iPhone 6S and iPhone 6S Plus are expected to start on September 18, Russia&apos;s Kommersant reports referring to <cite.query w-seq-number="00003" w-ref-type="MM" w-normalized-cite="canonical_name::FORBES" ID="I421744c1467411e5b832d221d5afa516">Forbes</cite.query>.<eos/><eop/></p></text><text type="body"><p><bop/><bos/>This has become known from the information leakage from the British division of <cite.query w-seq-number="00004" w-ref-type="MM" w-normalized-cite="canonical_name::VODAFONE" ID="I4228f800467411e5b832d221d5afa516">Vodafone</cite.query>, ITHome Japanese website and Macerkopf German blog.<eos/><eop/></p><p><bop/><bos/>The new models will be available in Japan, Germany, the Great Britain and the United States.<eos/><eop/></p><p><bop/><bos/><cite.query w-seq-number="00005" w-ref-type="MM" w-normalized-cite="canonical_name::APPLE" ID="I42368c90467411e5b832d221d5afa516">Apple</cite.query> is expected to unveil the next iPhone at a conference on September 9.<eos/><eop/></p><p><bop/><bos/><cite.query w-seq-number="00006" w-ref-type="MM" w-normalized-cite="canonical_name::APPLE" ID="I4264ef90467411e5b832d221d5afa516">Apple</cite.query> outdid <cite.query w-seq-number="00007" w-ref-type="MM" w-normalized-cite="canonical_name::SAMSUNG" ID="I4264ef91467411e5b832d221d5afa516">Samsung</cite.query> in June and July sales with a 1.1% advantage over its rival, but the number of smartphones sold by <cite.query w-seq-number="00008" w-ref-type="MM" w-normalized-cite="canonical_name::SAMSUNG" ID="I4264ef92467411e5b832d221d5afa516">Samsung</cite.query> was still larger than that of <cite.query w-seq-number="00009" w-ref-type="MM" w-normalized-cite="canonical_name::APPLE" ID="I426516a0467411e5b832d221d5afa516">Apple</cite.query>.<eos/><eop/></p><p><bop/><bos/>Market players think <cite.query w-seq-number="00010" w-ref-type="MM" w-normalized-cite="canonical_name::APPLE" ID="I427c4820467411e5b832d221d5afa516">Apple</cite.query> will win market leadership in the third quarter mainly thanks to iPhone 5S popularity and amid the slowing <cite.query w-seq-number="00011" w-ref-type="MM" w-normalized-cite="canonical_name::SAMSUNG" ID="I427c4821467411e5b832d221d5afa516">Samsung</cite.query> sales stricken by the <cite.query w-seq-number="00012" w-ref-type="CO" w-normalized-cite="IA578104060AE11E089AC8CE04EA54993" ID="I427c4822467411e5b832d221d5afa516">MTS</cite.query>&apos; price war against Euroset and Svyaznoy. <eos/>M.V.----0----<eop/></p></text></content><indexing iso-language="en" value-add="machine-generated"><classification-terms><pres-subject-block><bop/><bos/><pres-subject-wrap><pres-subject>Major Corporations</pres-subject><pres-subject-code>MAJCORP</pres-subject-code><alt1-subject-code>1MA93</alt1-subject-code></pres-subject-wrap><eos/><eop/></pres-subject-block><pres-industry-block><bop/><bos/><pres-industry-wrap><pres-industry>Computer Equipment</pres-industry><pres-industry-code>CPTROVER</pres-industry-code><alt1-industry-code>1CO77</alt1-industry-code></pres-industry-wrap><pres-industry-wrap><pres-industry>Consumer Electronics</pres-industry><pres-industry-code>CEOVR</pres-industry-code><alt1-industry-code>1CO61</alt1-industry-code></pres-industry-wrap><pres-industry-wrap><pres-industry>Consumer Products &amp; Services</pres-industry><pres-industry-code>BUYBUY</pres-industry-code><alt1-industry-code>1CO62</alt1-industry-code></pres-industry-wrap><pres-industry-wrap><pres-industry>Electronics</pres-industry><pres-industry-code>ETRONICS</pres-industry-code><alt1-industry-code>1EL16</alt1-industry-code></pres-industry-wrap><pres-industry-wrap><pres-industry>I.T.</pres-industry><pres-industry-code>ITOVER</pres-industry-code><alt1-industry-code>1IT96</alt1-industry-code></pres-industry-wrap><pres-industry-wrap><pres-industry>Mobile Phones &amp; Pagers</pres-industry><pres-industry-code>TWPHONE</pres-industry-code><alt1-industry-code>1WI07</alt1-industry-code></pres-industry-wrap><pres-industry-wrap><pres-industry>Telecom Consumer Equipment</pres-industry><pres-industry-code>TCCONEQ</pres-industry-code><alt1-industry-code>1TE03</alt1-industry-code></pres-industry-wrap><eos/><eop/></pres-industry-block></classification-terms><classification-terms><rcs-block><rcs>B:169</rcs><rcs>B:69</rcs><rcs>B:78</rcs><rcs>B:162</rcs><rcs>B:75</rcs><rcs>M:NL</rcs><rcs>B:161</rcs></rcs-block></classification-terms><extraction-terms><extr-company-block><bop/><bos/><norm-company oa-id="4295905573">APPLE INC</norm-company><norm-company-wrap occur-sequence="1,2,4,5,8,9"><norm-company-name>APPLE INC</norm-company-name><company-ids><oa-id>4295905573</oa-id><ric norm="AAPL.OQ">AAPL.OQ</ric></company-ids><company-classification><trbc-wrap><trbc type="RCS">B:1758</trbc><trbc type="2012">5710601010</trbc><trbc type="perm-id">4294951243</trbc></trbc-wrap></company-classification><relevancy engine="1C">0.8</relevancy><confidence engine="1C">1</confidence></norm-company-wrap><norm-company oa-id="4295882451">SAMSUNG ELECTRONICS CO LTD</norm-company><norm-company-wrap occur-sequence="6,7,10"><norm-company-name>SAMSUNG ELECTRONICS CO LTD</norm-company-name><company-ids><oa-id>4295882451</oa-id><ric norm="005930.KS">005930.KS</ric></company-ids><company-classification><trbc-wrap><trbc type="RCS">B:1768</trbc><trbc type="2012">5710602010</trbc><trbc type="perm-id">4294951233</trbc></trbc-wrap></company-classification><relevancy engine="1C">0.5</relevancy><confidence engine="1C">0.99</confidence></norm-company-wrap><norm-company oa-id="4295896661">VODAFONE GROUP PLC</norm-company><norm-company-wrap occur-sequence="3"><norm-company-name>VODAFONE GROUP PLC</norm-company-name><company-ids><oa-id>4295896661</oa-id><ric norm="VOD.L">VOD.L</ric></company-ids><company-classification><trbc-wrap><trbc type="RCS">B:1817</trbc><trbc type="2012">5810102010</trbc><trbc type="perm-id">4294951184</trbc></trbc-wrap></company-classification><relevancy engine="1C">0.2</relevancy><confidence engine="1C">0.97</confidence></norm-company-wrap><eos/><eop/></extr-company-block></extraction-terms></indexing></document></n-docbody>
</n-document>
<n-document guid="I8abdd3d0468111e5a9b896471e10b64c"><n-metadata><metadata.block><md.identifiers><md.cites><md.first.line.cite>8/19/15 NEWS 00:00:00</md.first.line.cite><md.second.line.cite>8/19/15 ARKA News Agency 00:00:00</md.second.line.cite></md.cites><md.uuid>I8abdd3d0468111e5a9b896471e10b64c</md.uuid></md.identifiers><md.infotype>news</md.infotype><md.sortkeys><md.ordersequence>f47363bec</md.ordersequence></md.sortkeys><md.descriptions><md.title>SOME $7.47 MILLION WORTH TRANSACTIONS WITH EUROBONDS MADE AT ARMENIA&apos;S SECONDARY SECURITIES MARKET IN 2015 JUNE</md.title><md.westlawdescrip><md.readlist>READLIST</md.readlist></md.westlawdescrip></md.descriptions><md.dates><md.publisheddatetime>20150819095515</md.publisheddatetime><md.loaddate>20150819</md.loaddate><md.createddatetime>20150819095515</md.createddatetime></md.dates><md.subjects><md.subject><md.pubtype.name/><md.doctype.name>DNR</md.doctype.name><md.doctype.rank/><md.view>CNGE</md.view><md.view>RGEurope</md.view><md.view>PTNewswires</md.view><md.view>ARKANEWS0063786</md.view><md.view>INALLNEWS_ACTEST</md.view><md.view>INFARNEWS_AC</md.view><md.view>MARKETSEIKON_CN</md.view><md.view>MARKETSEIKON</md.view><md.view>CB_ASIAWIRES</md.view><md.view>INWIRES_AC</md.view><md.view>GULF_INTL</md.view><md.view>ININTNEWS_AC</md.view><md.view>ANZ_INTLOS</md.view><md.view>CLEAR_RF</md.view><md.view>INALLNEWS_AC</md.view><md.view>INNEWSINT_PRO</md.view><md.view>INBUSNEWS</md.view><md.view>INNEWSWORLD_PRO</md.view><md.view>INBUSNEWS_AC</md.view></md.subject></md.subjects><md.jurisdictions><md.jurisdiction><md.jurisstate>FE</md.jurisstate></md.jurisdiction></md.jurisdictions><md.publications><md.publication/><md.sourcepubid>ARKANEWS</md.sourcepubid></md.publications><md.royalty><md.royalty.code>84104</md.royalty.code></md.royalty></metadata.block><news.metadata.block><md.text.preview>STOCK MARKETYEREVAN, August 19. / ARKA /. A total of $7.47 million worth Eurobonds were traded at Armenia&apos;s secondary securities market in 2015 June, up from $1.7 million traded in May, the Central Bank said in its monthly bulletin for June 2015.</md.text.preview></news.metadata.block><n-view>CNGE</n-view><n-view>RGEurope</n-view><n-view>PTNewswires</n-view><n-view>ARKANEWS0063786</n-view><n-view>INALLNEWS_ACTEST</n-view><n-view>INFARNEWS_AC</n-view><n-view>MARKETSEIKON_CN</n-view><n-view>MARKETSEIKON</n-view><n-view>CB_ASIAWIRES</n-view><n-view>INWIRES_AC</n-view><n-view>GULF_INTL</n-view><n-view>ININTNEWS_AC</n-view><n-view>ANZ_INTLOS</n-view><n-view>CLEAR_RF</n-view><n-view>INALLNEWS_AC</n-view><n-view>INNEWSINT_PRO</n-view><n-view>INBUSNEWS</n-view><n-view>INNEWSWORLD_PRO</n-view><n-view>INBUSNEWS_AC</n-view><prism-stylesheet guid="Ia3024d301b6a11d89fc5f34981d3242f"/><prism-clipdate>20150819095515</prism-clipdate></n-metadata>
<n-docbody><document version="1" collection="D-ARKANEWS-T001" first-load-date="20150819095515" ip-product="ARKANEWS" royalty-id="84104" data-model="text" dtd-version="5.2.29" content-type="news" load-language="en" pnac="nNRA04g4j4" pnac-date="20150819T144949.709"><supplier-info><supplier-num nitf="doc-id" nitf-regsrc="ARKA News Agency" type="accession">118a00013fe8767f</supplier-num><internal-acc-num db-id="NEPRARKA" type="newz">20150819170.1_V118a00013fe8767f</internal-acc-num><rec-status><last-load-date>20150819095515</last-load-date><nitf-date ne="datereceived">20150819T14:49:49Z</nitf-date><nitf-date nitf="date-issue">20150819T00:00:00Z</nitf-date><last-provider-update>20150819144949</last-provider-update></rec-status><supplier-copyright>Copyright Â© 2015 ARKA<copyright-year/><copyright-holder>ARKA</copyright-holder></supplier-copyright><supplier-note nitf="urgency" nitf-ed-urg="4"/><nitf-meta-content name="_newsmlg2-hashtype=nr-htype:doc-group-fuzzy">98619|57684|20175|45726|31935|29340|77051|98344|60446|36417|72220|25159|25587|57428|38254|68777|75149|20105|45025|7947|24553|1672|41639|44391|68087|91872|64393|14960|56273|109991|85436|15675|17083|17658|48566|80162|35633|39410|55560|3432|21188|15394|95195|9691|19934|37608|4281|45672|85271|74660|</nitf-meta-content><nitf-meta-content name="_newsmlg2-hashtype=nr-htype:doc-group-content-length">573</nitf-meta-content><nitf-meta-content name="_newsmlg2-hashtype=nr-htype:doc-group-simple">3045d81f1d26fdd36e106080044fd7523c6a9deb</nitf-meta-content><supplier-dtds><dtd dtd-version="working" dtd-date="20150810T00:00:00Z">Canonical Taxonomy</dtd><dtd dtd-version="20150805" dtd-date="20150810T00:00:00Z">Mapping File</dtd></supplier-dtds><copyright-block type="dialog"><service-copyright n-include_guid="Ice671660f30811d88920000083149a14" n-include_collection="D-DIALOGCOPYRIGHTS-T001"/></copyright-block><copyright-block type="west"><service-copyright n-include_guid="I1DA35ED81DD211B281BAD200220BDFCA" n-include_collection="w_wlnv_msg"/></copyright-block><west-citation-block><bop/><first-line-cite><bos/>8/19/15 NEWS 00:00:00<eos/></first-line-cite><second-line-cite><bos/>8/19/15 ARKA News Agency 00:00:00<eos/></second-line-cite><eop/></west-citation-block></supplier-info><title-info iso-language="en"><bop/><title type="headline" nitf-hedline="hl1" key="key-title"><bos/><sort-title>SOME $7.47 MILLION WORTH TRANSACTIONS WITH EUROBONDS MADE AT ARMENIA&apos;S SECONDARY SECURITIES MARKET IN 2015 JUNE</sort-title><eos/></title><eop/></title-info><pub-info><journal key="key-journal"><bop/><bos/><sort-journal>ARKA News Agency</sort-journal><eos/><eop/></journal><pub-date key="key-date" iso-time="T00:00:00Z" type="date.publication"><full-pub-date>August 19, 2015</full-pub-date><sort-pub-date>20150819</sort-pub-date><sort-pub-timestamp>20150819000000</sort-pub-timestamp><rank-date>20150819</rank-date><currency-timestamp>20150819000000</currency-timestamp></pub-date><original-pub><language iso-language="en">English</language></original-pub><src-data><src-journal-code>ANPV</src-journal-code><src-pub-code>0063786</src-pub-code><src-pub-type>Newswire</src-pub-type><src-pub-country-wrap><src-pub-country-code>GE</src-pub-country-code><src-pub-country>Georgia CIS</src-pub-country></src-pub-country-wrap><src-pub-region>Europe</src-pub-region></src-data></pub-info><content iso-language="en"><total-char-count>1013</total-char-count><derived-word-count><bop/><bos/>Word Count: 164<eos/><eop/></derived-word-count><text type="lead-para"><p nitf="lede"><bop/><bos/>STOCK MARKET<eos/><eop/></p><p nitf="lede"><bop/><bos/>YEREVAN, August 19. / ARKA /. A total of $7.47 million worth Eurobonds were traded at Armenia&apos;s secondary securities market in 2015 June, up from $1.7 million traded in May, the <cite.query w-seq-number="00001" w-ref-type="MM" w-normalized-cite="canonical_name::CENTRAL BANK" ID="I731866e0468211e5b9c5d7522e6f8452">Central Bank</cite.query> said in its monthly bulletin for June 2015.<eos/><eop/></p></text><text type="body"><p><bop/><bos/>The average yield on an Armenian <cite.query w-seq-number="00002" w-ref-type="MM" w-normalized-cite="canonical_name::EUROBOND" ID="I7325fb70468211e5b9c5d7522e6f8452">Eurobond</cite.query> in June was 6.21% against 6.09% in May. <eos/><bos/>According to the <cite.query w-seq-number="00003" w-ref-type="MM" w-normalized-cite="canonical_name::CENTRAL BANK" ID="I7325fb71468211e5b9c5d7522e6f8452">Central Bank</cite.query>, a total of $80.67 million worth transactions were effected with Eurobonds in the first six months of 2015 in the secondary market. <eos/><bos/>The average yield on a bond was 6.42%.<eos/><eop/></p><p><bop/><bos/>Armenia first issued $700 million worth dollar-denominated bonds in September 2013 at the yield of 6.25 percent. <eos/><bos/>The bulk was used to repay a $500 million Russian loan ten years ahead of schedule.<eos/><eop/></p><p><bop/><bos/>Armenia sold a second issue of $500 million 10-year dollar bond on March 19, 2014 paying a yield of 7.5%. <eos/><bos/><cite.query w-seq-number="00004" w-ref-type="MM" w-normalized-cite="canonical_name::DEUTSCHE BANK" ID="I74f62790468211e5b9c5d7522e6f8452">Deutsche Bank</cite.query>, <cite.query w-seq-number="00005" w-ref-type="MM" w-normalized-cite="canonical_name::HSBC BANK" ID="I74f62791468211e5b9c5d7522e6f8452">HSBC Bank</cite.query> and <cite.query w-seq-number="00006" w-ref-type="MM" w-normalized-cite="canonical_name::JP MORGAN" ID="I74f62792468211e5b9c5d7522e6f8452">JP Morgan</cite.query> acted as underwriters. <eos/><bos/>Of that amount, about $205.8 million was spent to buy back part of the previous dollar bond issue carried out in 2013.-0-<eos/><eop/></p></text></content><indexing iso-language="en" value-add="machine-generated"><classification-terms><pres-location-block><bop/><bos/><pres-location-wrap><pres-location>Armenia</pres-location><pres-location-code>ISOAM</pres-location-code><alt1-location-code>1AR09</alt1-location-code></pres-location-wrap><pres-location-wrap><pres-location>CIS Countries</pres-location><pres-location-code>CISSTAT</pres-location-code><alt1-location-code>1CI64</alt1-location-code></pres-location-wrap><pres-location-wrap><pres-location>Eastern Europe</pres-location><pres-location-code>GEOEEUR</pres-location-code><alt1-location-code>1EA48</alt1-location-code></pres-location-wrap><pres-location-wrap><pres-location>Europe</pres-location><pres-location-code>GEOEUR</pres-location-code><alt1-location-code>1EU83</alt1-location-code></pres-location-wrap><eos/><eop/></pres-location-block></classification-terms><classification-terms><pres-subject-block><bop/><bos/><pres-subject-wrap><pres-subject>Bond Instruments</pres-subject><pres-subject-code>BONDINST</pres-subject-code><alt1-subject-code>1BO92</alt1-subject-code></pres-subject-wrap><pres-subject-wrap><pres-subject>Bond Issues</pres-subject><pres-subject-code>NEWBONDS</pres-subject-code><alt1-subject-code>1BO94</alt1-subject-code></pres-subject-wrap><pres-subject-wrap><pres-subject>CIS</pres-subject><pres-subject-code>GEOCIS</pres-subject-code><alt1-subject-code>1CI65</alt1-subject-code></pres-subject-wrap><pres-subject-wrap><pres-subject>Eurobonds</pres-subject><pres-subject-code>EUROBOND</pres-subject-code><alt1-subject-code>1EU87</alt1-subject-code></pres-subject-wrap><pres-subject-wrap><pres-subject>Funding Instruments</pres-subject><pres-subject-code>INVSTING</pres-subject-code><alt1-subject-code>1FU41</alt1-subject-code></pres-subject-wrap><pres-subject-wrap><pres-subject>World Organizations</pres-subject><pres-subject-code>GEOORGS</pres-subject-code><alt1-subject-code>1IN77</alt1-subject-code></pres-subject-wrap><eos/><eop/></pres-subject-block><pres-industry-block><bop/><bos/><pres-industry-wrap><pres-industry>Banking</pres-industry><pres-industry-code>BANKOVER</pres-industry-code><alt1-industry-code>1BA20</alt1-industry-code></pres-industry-wrap><pres-industry-wrap><pres-industry>Bonds</pres-industry><pres-industry-code>BONDS</pres-industry-code><alt1-industry-code>1BO97</alt1-industry-code></pres-industry-wrap><pres-industry-wrap><pres-industry>Financial Services</pres-industry><pres-industry-code>FINSVC</pres-industry-code><alt1-industry-code>1FI37</alt1-industry-code></pres-industry-wrap><pres-industry-wrap><pres-industry>Fixed Income Investments</pres-industry><pres-industry-code>FIXEDINV</pres-industry-code><alt1-industry-code>1FI12</alt1-industry-code></pres-industry-wrap><pres-industry-wrap><pres-industry>Investment Management</pres-industry><pres-industry-code>INVSTMAN</pres-industry-code><alt1-industry-code>1IN34</alt1-industry-code></pres-industry-wrap><pres-industry-wrap><pres-industry>Securities Investment</pres-industry><pres-industry-code>PTSECUR</pres-industry-code><alt1-industry-code>1SE57</alt1-industry-code></pres-industry-wrap><eos/><eop/></pres-industry-block></classification-terms><classification-terms><rcs-block><rcs>B:126</rcs><rcs>B:125</rcs><rcs>B:128</rcs><rcs>G:B2</rcs><rcs>B:127</rcs><rcs>E:W</rcs><rcs>G:7I</rcs><rcs>G:Y</rcs><rcs>E:5I</rcs><rcs>B:130</rcs><rcs>G:B</rcs><rcs>G:A</rcs><rcs>A:2</rcs><rcs>A:S</rcs><rcs>A:U</rcs><rcs>G:AJ</rcs></rcs-block></classification-terms><extraction-terms><extr-company-block><bop/><bos/><norm-company oa-id="4295869482">DEUTSCHE BANK AG</norm-company><norm-company-wrap occur-sequence="1"><norm-company-name>DEUTSCHE BANK AG</norm-company-name><company-ids><oa-id>4295869482</oa-id><ric norm="DBKGn.DE">DBKGn.DE</ric></company-ids><company-classification><trbc-wrap><trbc type="RCS">B:128</trbc><trbc type="2012">55101010</trbc><trbc type="perm-id">4294952873</trbc></trbc-wrap></company-classification><relevancy engine="1C">0.2</relevancy><confidence engine="1C">0.93</confidence></norm-company-wrap><norm-company oa-id="8589934275">HSBC HOLDINGS PLC</norm-company><norm-company-wrap occur-sequence="2"><norm-company-name>HSBC HOLDINGS PLC</norm-company-name><company-ids><oa-id>8589934275</oa-id><ric norm="HSBA.L">HSBA.L</ric></company-ids><company-classification><trbc-wrap><trbc type="RCS">B:1616</trbc><trbc type="2012">5510101011</trbc><trbc type="perm-id">4294951385</trbc></trbc-wrap></company-classification><relevancy engine="1C">0.2</relevancy><confidence engine="1C">1</confidence></norm-company-wrap><norm-company oa-id="5000021791">JPMORGAN CHASE AND CO</norm-company><norm-company-wrap occur-sequence="3"><norm-company-name>JPMORGAN CHASE AND CO</norm-company-name><company-ids><oa-id>5000021791</oa-id><ric norm="JPM.N">JPM.N</ric></company-ids><company-classification><trbc-wrap><trbc type="RCS">B:1615</trbc><trbc type="2012">5510101010</trbc><trbc type="perm-id">4294951386</trbc></trbc-wrap></company-classification><relevancy engine="1C">0.2</relevancy><confidence engine="1C">0.93</confidence></norm-company-wrap><eos/><eop/></extr-company-block></extraction-terms></indexing></document></n-docbody>
</n-document>
<n-document guid="I74394560418e11e584939417f0b37902"><n-metadata><metadata.block><md.identifiers><md.cites><md.first.line.cite>8/13/15 NEWS 00:00:00</md.first.line.cite><md.second.line.cite>8/13/15 ARKA News Agency 00:00:00</md.second.line.cite></md.cites><md.uuid>I74394560418e11e584939417f0b37902</md.uuid></md.identifiers><md.infotype>news</md.infotype><md.sortkeys><md.ordersequence>f47363bec</md.ordersequence></md.sortkeys><md.descriptions><md.title>BOEING TO HELP ARMENIA IN DEVELOPING AVIATION</md.title><md.westlawdescrip><md.readlist>READLIST</md.readlist></md.westlawdescrip></md.descriptions><md.dates><md.publisheddatetime>20150813024430</md.publisheddatetime><md.loaddate>20150813</md.loaddate><md.createddatetime>20150813024430</md.createddatetime></md.dates><md.subjects><md.subject><md.pubtype.name/><md.doctype.name>DNR</md.doctype.name><md.doctype.rank/><md.view>CNGE</md.view><md.view>RGEurope</md.view><md.view>PTNewswires</md.view><md.view>ARKANEWS0063786</md.view><md.view>INALLNEWS_ACTEST</md.view><md.view>INFARNEWS_AC</md.view><md.view>MARKETSEIKON_CN</md.view><md.view>MARKETSEIKON</md.view><md.view>CB_ASIAWIRES</md.view><md.view>INWIRES_AC</md.view><md.view>GULF_INTL</md.view><md.view>ININTNEWS_AC</md.view><md.view>ANZ_INTLOS</md.view><md.view>CLEAR_RF</md.view><md.view>INALLNEWS_AC</md.view><md.view>INNEWSINT_PRO</md.view><md.view>INBUSNEWS</md.view><md.view>INNEWSWORLD_PRO</md.view><md.view>INBUSNEWS_AC</md.view></md.subject></md.subjects><md.jurisdictions><md.jurisdiction><md.jurisstate>FE</md.jurisstate></md.jurisdiction></md.jurisdictions><md.publications><md.publication/><md.sourcepubid>ARKANEWS</md.sourcepubid></md.publications><md.royalty><md.royalty.code>84104</md.royalty.code></md.royalty></metadata.block><news.metadata.block><md.text.preview>AVIATIONYEREVAN, August 13. /ARKA/. Boeing will help Armenia in developing aviation, the Armenian government&apos;s press office reported on Wednesday after Hovik Abrahamyan, the country&apos;s prime minister, met with Mher Papyan and Maks Nilov,</md.text.preview></news.metadata.block><newsplus.recommendable>1</newsplus.recommendable><n-view>CNGE</n-view><n-view>RGEurope</n-view><n-view>PTNewswires</n-view><n-view>ARKANEWS0063786</n-view><n-view>INALLNEWS_ACTEST</n-view><n-view>INFARNEWS_AC</n-view><n-view>MARKETSEIKON_CN</n-view><n-view>MARKETSEIKON</n-view><n-view>CB_ASIAWIRES</n-view><n-view>INWIRES_AC</n-view><n-view>GULF_INTL</n-view><n-view>ININTNEWS_AC</n-view><n-view>ANZ_INTLOS</n-view><n-view>CLEAR_RF</n-view><n-view>INALLNEWS_AC</n-view><n-view>INNEWSINT_PRO</n-view><n-view>INBUSNEWS</n-view><n-view>INNEWSWORLD_PRO</n-view><n-view>INBUSNEWS_AC</n-view><prism-stylesheet guid="Ia3024d301b6a11d89fc5f34981d3242f"/><prism-clipdate>20150813024430</prism-clipdate></n-metadata>
<n-docbody><document version="1" collection="D-ARKANEWS-T001" first-load-date="20150813024430" ip-product="ARKANEWS" royalty-id="84104" data-model="text" dtd-version="5.2.29" content-type="news" load-language="en" pnac="nNRA03nlsy" pnac-date="20150813T073939.574"><supplier-info><supplier-num nitf="doc-id" nitf-regsrc="ARKA News Agency" type="accession">29cd0001a2a549c6</supplier-num><internal-acc-num db-id="NEPRARKA" type="newz">20150813170.1_V29cd0001a2a549c6</internal-acc-num><rec-status><last-load-date>20150813024430</last-load-date><nitf-date ne="datereceived">20150813T07:39:39Z</nitf-date><nitf-date nitf="date-issue">20150813T00:00:00Z</nitf-date><last-provider-update>20150813073939</last-provider-update></rec-status><supplier-copyright>Copyright Â© 2015 ARKA<copyright-year/><copyright-holder>ARKA</copyright-holder></supplier-copyright><supplier-note nitf="urgency" nitf-ed-urg="4"/><nitf-meta-content name="recommendable">1</nitf-meta-content><nitf-meta-content name="_newsmlg2-hashtype=nr-htype:doc-group-fuzzy">9125|87762|98619|57684|42886|82686|23323|25031|31935|5321|87960|15028|98996|102221|63039|66741|68444|74210|91805|100514|48869|22189|22489|52707|18198|76847|8645|39519|85523|33780|51624|80431|66266|59685|98886|75626|25110|41012|88618|49299|30964|9695|103650|80671|102738|11769|103696|82359|56409|3706|104980|31541|31128|31442|109557|86286|25367|13266|22562|14912|</nitf-meta-content><nitf-meta-content name="_newsmlg2-hashtype=nr-htype:doc-group-content-length">800</nitf-meta-content><nitf-meta-content name="_newsmlg2-hashtype=nr-htype:doc-group-simple">-3a8c29f14bcfc2fe395bc84a6fc59689bec5817</nitf-meta-content><supplier-dtds><dtd dtd-version="working" dtd-date="20150810T00:00:00Z">Canonical Taxonomy</dtd><dtd dtd-version="20150805" dtd-date="20150810T00:00:00Z">Mapping File</dtd></supplier-dtds><copyright-block type="dialog"><service-copyright n-include_guid="Ice671660f30811d88920000083149a14" n-include_collection="D-DIALOGCOPYRIGHTS-T001"/></copyright-block><copyright-block type="west"><service-copyright n-include_guid="I1DA35ED81DD211B281BAD200220BDFCA" n-include_collection="w_wlnv_msg"/></copyright-block><west-citation-block><bop/><first-line-cite><bos/>8/13/15 NEWS 00:00:00<eos/></first-line-cite><second-line-cite><bos/>8/13/15 ARKA News Agency 00:00:00<eos/></second-line-cite><eop/></west-citation-block></supplier-info><title-info iso-language="en"><bop/><title type="headline" nitf-hedline="hl1" key="key-title"><bos/><sort-title><cite.query w-seq-number="00001" w-ref-type="CO" w-normalized-cite="I6CCE31D041ED11DDAD6B0014224D2780" ID="I51b19730418f11e5906bb879ba9a3e1d">BOEING</cite.query> TO HELP ARMENIA IN DEVELOPING AVIATION</sort-title><eos/></title><eop/></title-info><pub-info><journal key="key-journal"><bop/><bos/><sort-journal>ARKA News Agency</sort-journal><eos/><eop/></journal><pub-date key="key-date" iso-time="T00:00:00Z" type="date.publication"><full-pub-date>August 13, 2015</full-pub-date><sort-pub-date>20150813</sort-pub-date><sort-pub-timestamp>20150813000000</sort-pub-timestamp><rank-date>20150813</rank-date><currency-timestamp>20150813000000</currency-timestamp></pub-date><original-pub><language iso-language="en">English</language></original-pub><src-data><src-journal-code>ANPV</src-journal-code><src-pub-code>0063786</src-pub-code><src-pub-type>Newswire</src-pub-type><src-pub-country-wrap><src-pub-country-code>GE</src-pub-country-code><src-pub-country>Georgia CIS</src-pub-country></src-pub-country-wrap><src-pub-region>Europe</src-pub-region></src-data></pub-info><content iso-language="en"><total-char-count>1148</total-char-count><derived-word-count><bop/><bos/>Word Count: 165<eos/><eop/></derived-word-count><text type="lead-para"><p nitf="lede"><bop/>AVIATION<eop/></p><p nitf="lede"><bop/><bos/>YEREVAN, August 13. /ARKA/. <eos/><bos/><cite.query w-seq-number="00002" w-ref-type="CO" w-normalized-cite="I6CCE31D041ED11DDAD6B0014224D2780" ID="I51c3bfa0418f11e5906bb879ba9a3e1d">Boeing</cite.query> will help Armenia in developing aviation, the Armenian government&apos;s press office reported on Wednesday after Hovik Abrahamyan, the country&apos;s prime minister, met with Mher Papyan and Maks Nilov, representatives of <cite.query w-seq-number="00003" w-ref-type="CO" w-normalized-cite="I6CCE31D041ED11DDAD6B0014224D2780" ID="I51c3bfa1418f11e5906bb879ba9a3e1d">Boeing</cite.query>.<eos/><eop/></p></text><text type="body"><p><bop/><bos/>Armenian aviation development prospects were discussed at the meeting.<eos/><eop/></p><p><bop/><bos/>In particular, the <cite.query w-seq-number="00004" w-ref-type="CO" w-normalized-cite="I6CCE31D041ED11DDAD6B0014224D2780" ID="I51cdd1c0418f11e5906bb879ba9a3e1d">Boeing</cite.query> representatives, speaking about the results of their study of Armenian aviation market, said that the Armenian government&apos;s open sky policy has produced a positive effect, thanks to which favorable business environment shaped.<eos/><eop/></p><p><bop/><bos/>Some proposals aimed at enhancement of competitiveness and establishment of local air companies along with issues related to prices were discussed at the meeting as well.<eos/><eop/></p><p><bop/><bos/>The premier thanked the representatives of <cite.query w-seq-number="00005" w-ref-type="CO" w-normalized-cite="I6CCE31D041ED11DDAD6B0014224D2780" ID="I51d7e3e0418f11e5906bb879ba9a3e1d">Boeing</cite.query> for effective cooperation and consulting.<eos/><eop/></p><p><bop/><bos/>In October 2013, the Armenian government embarked on the open sky policy or the program of ensuring competitive conditions for providers of air services.<eos/><eop/></p><p><bop/><bos/>The program is based on the results of a joint study of McKinsey &amp;amp; Company and the <cite.query w-seq-number="00006" w-ref-type="NM" w-normalized-cite="canonical_name::NATIONAL COMPETITIVENESS FOUNDATION OF ARMENIA" ID="I51e04850418f11e5906bb879ba9a3e1d">National Competitiveness Foundation of Armenia</cite.query>. <eos/><bos/>M.V. ----0----<eos/><eop/></p></text></content><indexing iso-language="en" value-add="machine-generated"><classification-terms><pres-location-block><bop/><bos/><pres-location-wrap><pres-location>Armenia</pres-location><pres-location-code>ISOAM</pres-location-code><alt1-location-code>1AR09</alt1-location-code></pres-location-wrap><pres-location-wrap><pres-location>CIS Countries</pres-location><pres-location-code>CISSTAT</pres-location-code><alt1-location-code>1CI64</alt1-location-code></pres-location-wrap><pres-location-wrap><pres-location>Eastern Europe</pres-location><pres-location-code>GEOEEUR</pres-location-code><alt1-location-code>1EA48</alt1-location-code></pres-location-wrap><pres-location-wrap><pres-location>Europe</pres-location><pres-location-code>GEOEUR</pres-location-code><alt1-location-code>1EU83</alt1-location-code></pres-location-wrap><eos/><eop/></pres-location-block></classification-terms><classification-terms><pres-subject-block><bop/><bos/><pres-subject-wrap><pres-subject>CIS</pres-subject><pres-subject-code>GEOCIS</pres-subject-code><alt1-subject-code>1CI65</alt1-subject-code></pres-subject-wrap><pres-subject-wrap><pres-subject>World Organizations</pres-subject><pres-subject-code>GEOORGS</pres-subject-code><alt1-subject-code>1IN77</alt1-subject-code></pres-subject-wrap><eos/><eop/></pres-subject-block><pres-industry-block><bop/><bos/><pres-industry-wrap><pres-industry>Aerospace</pres-industry><pres-industry-code>DEAERO1</pres-industry-code><alt1-industry-code>1AE56</alt1-industry-code></pres-industry-wrap><pres-industry-wrap><pres-industry>Aerospace &amp; Defense</pres-industry><pres-industry-code>AERDEFFR</pres-industry-code><alt1-industry-code>1AE96</alt1-industry-code></pres-industry-wrap><pres-industry-wrap><pres-industry>Commercial Aircraft</pres-industry><pres-industry-code>AIRCOMM</pres-industry-code><alt1-industry-code>1CO01</alt1-industry-code></pres-industry-wrap><pres-industry-wrap><pres-industry>Fixed-Wing &amp; Helicopters</pres-industry><pres-industry-code>DEAIR</pres-industry-code><alt1-industry-code>1FI11</alt1-industry-code></pres-industry-wrap><eos/><eop/></pres-industry-block></classification-terms><classification-terms><rcs-block><rcs>B:37</rcs><rcs>G:B2</rcs><rcs>B:35</rcs><rcs>G:7I</rcs><rcs>G:Y</rcs><rcs>G:AJ</rcs><rcs>G:B</rcs><rcs>G:A</rcs></rcs-block></classification-terms><extraction-terms><extr-company-block><bop/><bos/><norm-company oa-id="4295903076">BOEING CO (THE)</norm-company><norm-company-wrap occur-sequence="1,2,3,4,5"><norm-company-name>BOEING CO (THE)</norm-company-name><company-ids><oa-id>4295903076</oa-id><ric norm="BA.N">BA.N</ric></company-ids><company-classification><trbc-wrap><trbc type="RCS">B:1137</trbc><trbc type="2012">5210101012</trbc><trbc type="perm-id">4294951864</trbc></trbc-wrap></company-classification><relevancy engine="1C">0.8</relevancy><confidence engine="1C">1</confidence></norm-company-wrap><norm-company oa-id="4298538029">MCKINSEY AND CO INC</norm-company><norm-company-wrap occur-sequence="6"><norm-company-name>MCKINSEY AND CO INC</norm-company-name><company-ids><oa-id>4298538029</oa-id></company-ids><company-classification><trbc-wrap><trbc type="RCS">B:1222</trbc><trbc type="2012">5220304013</trbc><trbc type="perm-id">4294951779</trbc></trbc-wrap></company-classification><relevancy engine="1C">0.2</relevancy><confidence engine="1C">1</confidence></norm-company-wrap><eos/><eop/></extr-company-block></extraction-terms><extraction-terms><extr-person-block><bop/><bos/><extr-person>Hovik Abrahamyan</extr-person><extr-person-wrap><extr-person-name>Hovik Abrahamyan</extr-person-name><relevancy engine="1C">0.2</relevancy></extr-person-wrap><eos/><eop/></extr-person-block></extraction-terms></indexing></document></n-docbody>
</n-document>
<n-document guid="Ic88c31303a0011e5a8a5d2cc43889909"><n-metadata><metadata.block><md.identifiers><md.cites><md.parallelcite><md.parallelcite.info><md.display.parallelcite type="WLNR">2015 WLNR 22908317</md.display.parallelcite></md.parallelcite.info></md.parallelcite><md.first.line.cite>8/3/15 BANKSVCS (No Page)</md.first.line.cite><md.second.line.cite>8/3/15 ARKA Banking Services Bull. (Pg. Unavail. Online)</md.second.line.cite></md.cites><md.uuid>Ic88c31303a0011e5a8a5d2cc43889909</md.uuid></md.identifiers><md.infotype>news</md.infotype><md.sortkeys><md.ordersequence>f469da56c</md.ordersequence></md.sortkeys><md.descriptions><md.title>PRESS CLIPPING</md.title><md.westlawdescrip><md.readlist>READLIST</md.readlist></md.westlawdescrip></md.descriptions><md.dates><md.publisheddatetime>20150803120315</md.publisheddatetime><md.loaddate>20150803</md.loaddate><md.createddatetime>20150803120315</md.createddatetime></md.dates><md.subjects><md.subject><md.pubtype.name/><md.doctype.name>DNR</md.doctype.name><md.doctype.rank/><md.view>CNAM</md.view><md.view>RGEurope</md.view><md.view>PTMagazines</md.view><md.view>ARKANEWS0064119</md.view><md.view>ININTNEWS_AC</md.view><md.view>INFINNEWS</md.view><md.view>INALLNEWS_ACTEST</md.view><md.view>INFARNEWS_AC</md.view><md.view>ANZ_INTLBTI</md.view><md.view>INALLNEWS_AC</md.view><md.view>CLEAR_RF</md.view><md.view>INBUSNEWS</md.view><md.view>INBANKNEWS_AC</md.view><md.view>INBUSNEWS_AC</md.view></md.subject></md.subjects><md.jurisdictions><md.jurisdiction><md.jurisstate>FE</md.jurisstate></md.jurisdiction></md.jurisdictions><md.publications><md.publication/><md.sourcepubid>ARKANEWS</md.sourcepubid></md.publications><md.royalty><md.royalty.code>77232</md.royalty.code></md.royalty></metadata.block><news.metadata.block><md.text.preview>The monitoring of Armenian media reports regarding the activities of local banks from July 27 to 31 shows that the then most important news was that the capital of 21 commercial banks operating in Armenia saw a 5.4% increase in the first half of</md.text.preview></news.metadata.block><n-view>CNAM</n-view><n-view>RGEurope</n-view><n-view>PTMagazines</n-view><n-view>ARKANEWS0064119</n-view><n-view>ININTNEWS_AC</n-view><n-view>INFINNEWS</n-view><n-view>INALLNEWS_ACTEST</n-view><n-view>INFARNEWS_AC</n-view><n-view>ANZ_INTLBTI</n-view><n-view>INALLNEWS_AC</n-view><n-view>CLEAR_RF</n-view><n-view>INBUSNEWS</n-view><n-view>INBANKNEWS_AC</n-view><n-view>INBUSNEWS_AC</n-view><prism-stylesheet guid="Ia3024d301b6a11d89fc5f34981d3242f"/><prism-clipdate>20150803120315</prism-clipdate></n-metadata>
<n-docbody><document version="1" collection="D-ARKANEWS-T001" first-load-date="20150803120315" ip-product="ARKANEWS" royalty-id="77232" data-model="text" dtd-version="5.2.29" content-type="news" load-language="en" pnac="nNRA02jx8x" pnac-date="20150803T165754.371"><supplier-info><supplier-num nitf="doc-id" nitf-regsrc="ARKA Banking Services Bulletin" type="accession">f9260059e5ea1b99</supplier-num><internal-acc-num db-id="NEPRARKA" type="newz">20150803170.4_Vf9260059e5ea1b99</internal-acc-num><rec-status><last-load-date>20150803120315</last-load-date><nitf-date ne="datereceived">20150803T16:57:54Z</nitf-date><nitf-date nitf="date-issue">20150803T00:00:00Z</nitf-date><last-provider-update>20150803165754</last-provider-update></rec-status><supplier-copyright>Copyright Â© 2015 ARKA<copyright-year/><copyright-holder>ARKA</copyright-holder></supplier-copyright><supplier-note nitf="urgency" nitf-ed-urg="4"/><nitf-meta-content name="_newsmlg2-hashtype=nr-htype:doc-group-fuzzy">52749|39952|112968|110119|43678|90457|81247|56113|74185|69794|57684|48707|65639|17464|92383|5657|72539|27535|31935|68455|94840|39655|29541|82416|70357|18705|103757|80986|101667|67352|61910|107857|71543|41081|55954|83404|63482|82086|29035|84095|79879|36416|98804|98044|86928|76539|82487|12669|88962|57390|95210|9937|38086|11261|56321|94149|61154|73803|87927|78223|</nitf-meta-content><nitf-meta-content name="_newsmlg2-hashtype=nr-htype:doc-group-content-length">5656</nitf-meta-content><nitf-meta-content name="_newsmlg2-hashtype=nr-htype:doc-group-simple">-36c1d74cd3efa11732f0f8699af2c939aaee9e6c</nitf-meta-content><supplier-dtds><dtd dtd-version="working" dtd-date="20150715T00:00:00Z">Canonical Taxonomy</dtd><dtd dtd-version="20150707" dtd-date="20150715T00:00:00Z">Mapping File</dtd></supplier-dtds><copyright-block type="dialog"><service-copyright n-include_guid="Ice671660f30811d88920000083149a14" n-include_collection="D-DIALOGCOPYRIGHTS-T001"/></copyright-block><copyright-block type="west"><service-copyright n-include_guid="I1DA35ED81DD211B281BAD200220BDFCA" n-include_collection="w_wlnv_msg"/></copyright-block><west-citation-block><bop/><first-line-cite><bos/>8/3/15 BANKSVCS (No Page)<eos/></first-line-cite><second-line-cite><bos/>8/3/15 ARKA Banking Services Bull. (Pg. Unavail. Online)<eos/></second-line-cite><westlawcite><bos/>2015 WLNR 22908317<eos/></westlawcite><eop/></west-citation-block></supplier-info><title-info iso-language="en"><bop/><title type="headline" nitf-hedline="hl1" key="key-title"><bos/><sort-title>PRESS CLIPPING</sort-title><eos/></title><eop/></title-info><pub-info><journal key="key-journal"><bop/><bos/><sort-journal>ARKA Banking Services Bulletin</sort-journal><eos/><eop/></journal><pub-date key="key-date" iso-time="T00:00:00Z" type="date.publication"><full-pub-date>August 3, 2015</full-pub-date><sort-pub-date>20150803</sort-pub-date><sort-pub-timestamp>20150803000000</sort-pub-timestamp><rank-date>20150803</rank-date><currency-timestamp>20150803000000</currency-timestamp></pub-date><original-pub><language iso-language="en">English</language></original-pub><src-data><src-journal-code>ANPY</src-journal-code><src-pub-code>0064119</src-pub-code><src-pub-type>Newsletter</src-pub-type><src-pub-country-wrap><src-pub-country-code>AM</src-pub-country-code><src-pub-country>Armenia</src-pub-country></src-pub-country-wrap><src-pub-region>Europe</src-pub-region></src-data></pub-info><content iso-language="en"><total-char-count>9324</total-char-count><derived-word-count><bop/><bos/>Word Count: 1422<eos/><eop/></derived-word-count><text type="lead-para"><p nitf="lede"><bop/><bos/>The monitoring of Armenian media reports regarding the activities of local banks from July 27 to 31 shows that the then most important news was that the capital of 21 commercial banks operating in Armenia saw a 5.4% increase in the first half of 2015.<eos/><eop/></p><p nitf="lede"><bop/><bos/>Ameriabank has announced the two winners of a &quot;Banking in Unbelievable Situation&quot; photo contest launched on June 11.<eos/><eop/></p></text><text type="body"><p><bop/><bos/>About 1,000 customers of <cite.query w-seq-number="00001" w-ref-type="CO" w-normalized-cite="IB9397CB0D0D811DF98F8FD3889AD24A2" ID="I930625603a0111e5ad629c5db05797f3">VTB Bank</cite.query> (Armenia) who had made their installment repayments in good faith were refunded part of interest as part of &quot;Super Rate&quot; service, effective specifically for &quot;loan installment&quot; service, the bank said in a press release.<eos/><eop/></p><p><bop/><bos/>It has also become knoen from media reports, <cite.query w-seq-number="00002" w-ref-type="NM" w-normalized-cite="canonical_name::ARMENIAN CENTRAL BANK" ID="I930eff003a0111e5ad629c5db05797f3">Armenian Central Bank</cite.query>&apos;s total external liabilities in late May 2015 stood at $620.7 million.<eos/><eop/></p><p><bop/><bos/>All the commercial banks operating in Armenia&apos;s territory (21 banks) are included in the list of the country&apos;s 1000 biggest taxpayers - they transferred around <cite.query w-seq-number="00003" w-ref-type="CO" w-normalized-cite="I27218B6541EC11DDAD6B0014224D2780" ID="I93142f203a0111e5ad629c5db05797f3">AMD</cite.query> 22.5 billion in Jan-June 2015 against the same period a year earlier. <eos/><bos/>The media reports released by newspapers and Internet resources over the period between July 20 and 24 contained information about two commercial banks.<eos/><eop/></p><p><bop/><bos/>Azg, Golos Armenii, Novoe <cite.query w-seq-number="00004" w-ref-type="NM" w-normalized-cite="canonical_name::VREMYA" ID="I931ce1b03a0111e5ad629c5db05797f3">Vremya</cite.query>, Aravot, Delovoy Express, Hayastani Hanrapetutyun, Respublika Armenia, Haykakan Zhamanak, Hayots Ashkhar, Iravunk, Orakarg, Yerkir, Hraparak, Chorrord Ishkhanutyun, Zhamanak, Zhoghovurd and 168 Zham newspapers were used to collect the information.<eos/><eop/></p><p><bop/><bos/>Panarmenian, ARKA, Armbanks, Banks, Arminfo, Finport and Panorama and <cite.query w-seq-number="00005" w-ref-type="MM" w-normalized-cite="canonical_name::EBANK" ID="I932211d03a0111e5ad629c5db05797f3">Ebank</cite.query> Internet resources were used as well. ---0---<eos/><eop/></p><section-title>AMERIABANK ANNOUNCES WINNERS OF &quot;BANKING IN UNBELIEVABLE SITUATION&quot; PHOTO CONTEST</section-title><p><bop/><bos/>Ameriabank has announced the two winners of a &quot;Banking in Unbelievable Situation&quot; photo contest launched on June 11. <eos/><bos/>Designed as part of distance banking campaign, the contest aimed to demonstrate the increasing role and importance of banking transactions and distance banking technology in day-to-day activities. <eos/><bos/>The winners, Arthur Harutyunyan and Gor Nazaryan, selected in a three-round voting, were awarded GoPro Hero 4 Silver cameras. <eos/><bos/>The contest attracted 43 participants who submitted a total of 63 photos, Ameriabank said in a press release. <eos/><bos/>To take part in the contest the entrants were asked to submit up to 5 photos not exceeding 5MB each in a private message addressed to the bank at its official page at www.facebook.com. The images were to meet the requirements specified in Terms and Conditions. <eos/><bos/>Both professional and amateur photos were eligible if they touched upon the idea of banking in unbelievable situation. <eos/><bos/>The device used for banking, such as cellphone or fixed phone, tablet, laptop or desktop computer, were to appear somewhere in the shot. <eos/><bos/>The contest was open to any person 18 years and older. <eos/><bos/>Twenty best photos passed into the short list. <eos/><bos/>The first ten images were the photos that received most likes from Armenia-based <cite.query w-seq-number="00006" w-ref-type="CO" w-normalized-cite="IE9D0907041EC11DDAD6B0014224D2780" ID="I932d5c703a0111e5ad629c5db05797f3">Facebook</cite.query> users. <eos/><bos/>The other 10 were selected in a bank staff voting. <eos/><bos/>The two winners from among the 20 shortlisted photos were selected through direct voting by a judge panel comprised of managers and various employees of the bank.<eos/><eop/></p><p><bop/><bos/>Sources: www.arka.am 28.07.2015, www.banks.am 28.07.2015, www.finport.am 28.07.2015, www.arminfo.am 29.07.2015<eos/><eop/></p><section-title>VTB BANK (ARMENIA) REFUNDS PART OF INTEREST PAID BY FAITHFUL BORROWERS</section-title><p><bop/><bos/>About 1,000 customers of <cite.query w-seq-number="00007" w-ref-type="CO" w-normalized-cite="IB9397CB0D0D811DF98F8FD3889AD24A2" ID="I933684303a0111e5ad629c5db05797f3">VTB Bank</cite.query> (Armenia), who had made their installment repayments in good faith, were refunded part of interest as part of &quot;Super Rate&quot; service, effective specifically for &quot;loan installment&quot; service, the bank said in a press release.<eos/><eop/></p><p><bop/><bos/>&quot;Getting connected to &apos;Super Rate&apos; service free of charge and making timely installment repayments during the entire loan period (minimum 6 months) at <cite.query w-seq-number="00008" w-ref-type="CO" w-normalized-cite="IB9397CB0D0D811DF98F8FD3889AD24A2" ID="I9344dc103a0111e5ad629c5db05797f3">VTB Bank</cite.query> (Armenia), the customers, after the full repayment of the debt, automatically get back 10% of the amount paid as interest,&quot; the bank said.<eos/><eop/></p><p><bop/><bos/>The number of past due payments days should not exceed 7 calendar days for the entire term of the loan. <eos/><bos/>In recent months the bank has already paid more than 2 million drams to such borrowers.<eos/><eop/></p><p><bop/><bos/>Borrowers can connect to the service free when signing installment credit contracts in over 300 retail outlets cooperating with <cite.query w-seq-number="00009" w-ref-type="CO" w-normalized-cite="IB9397CB0D0D811DF98F8FD3889AD24A2" ID="I934e51f03a0111e5ad629c5db05797f3">VTB Bank</cite.query> (Armenia).<eos/><bos/> This takes a few minutes only, the bank said. <eos/><bos/>The borrowers should show a proof of identity and a social security card.<eos/><eop/></p><p><bop/><bos/>Sources: www.armbanks.am 31.07.2015, www.banks.am 31.07.2015, www.panorama.am 31.07.2015<eos/><eop/></p><section-title>VTB BANK (ARMENIA) AND UNISTREAM LAUNCH &apos;SUCCESSFUL MONEY TRANSFER&apos; CAMPAIGN</section-title><p><bop/><bos/>VTB Bank (Armenia) and Unistream have launched today a special campaign dubbed &apos;Successful Money Transfer&apos; designed for the bank&apos;s individual customers sending or receiving money transfers by using Unistream system. <eos/><bos/>The campaign will run from August 1 to November 1, 2015 inclusive.<eos/><eop/></p><p><bop/><bos/>Five individuals will have the opportunity to win two-way air tickets and visit the country from which they received or sent money to.<eos/><eop/></p><p><bop/><bos/>To be eligible individuals should make and / or receive at least three money transfers by using Unistream&apos;s 65 branches or VTB Bank (Armenia) call centers to the tune of $1,000 or the equivalent in Armenian drams, Russian rubles or euros.<eos/><eop/></p><p><bop/><bos/>The 100 customers who will have sent or received more money transfers than others will raffle five two-way air tickets to the cities, where from remittances came or were sent to.<eos/><eop/></p><p><bop/><bos/>VTB Bank (Armenia) said its customers can always make fast and reliable money transfers to any country. <eos/><bos/>They can also take advantage of VTB Transfer service, which enables receiving money without having to visit the bank. <eos/><bos/>To do so, they simply need to activate the service on all types of banking cards of VTB Bank (Armenia) or buy a special card VTB Transfer, call 87-87 and tell the transfer code and the amount will be transferred to their cards in the shortest possible time.<eos/><eop/></p><p><bop/><bos/>Sources: www.armbanks.am 30.07.2015, www.arka.am 30.07.2015, www.banks.am 30.07.2015, www.finport.am 30.07.2015, www.arminfo.am 30.07.2015, www.panorama.am 30.07.2015<eos/><eop/></p><section-title>ARMENIAN CENTRAL BANK&apos;S TOTAL EXTERNAL LIABILITIES DROP BY 1.9% IN MAY TO $620.7 MILLION</section-title><p><bop/><bos/><cite.query w-seq-number="00010" w-ref-type="NM" w-normalized-cite="canonical_name::ARMENIAN CENTRAL BANK" ID="I9358b2303a0111e5ad629c5db05797f3">Armenian Central Bank</cite.query>&apos;s total external liabilities in late May 2015 stood at $620.7 million, having decreased by 1.9% from the previous month, according to the regulator&apos;s monthly bulletin for May.<eos/><eop/></p><p><bop/><bos/>The largest portion of external debt -around 53% or $329 million- was owed to the <cite.query w-seq-number="00011" w-ref-type="CO" w-normalized-cite="I48DC4686489711DDAF2C0014224D2780" ID="I936646c03a0111e5ad629c5db05797f3">International Monetary Fund</cite.query> (<cite.query w-seq-number="00012" w-ref-type="MM" w-normalized-cite="canonical_name::IMF" ID="I936646c13a0111e5ad629c5db05797f3">IMF</cite.query>).<eos/><bos/> The figure was down 4% from the previous month of April.<eos/><eop/></p><p><bop/><bos/>At the same time Armenia&apos;s SDR in May 2015 fell by 0.6% to $135.6 million, while other loans grew by 1.8% to $155.3 million.<eos/><eop/></p><p><bop/><bos/>Other external liabilities of the <cite.query w-seq-number="00013" w-ref-type="MM" w-normalized-cite="canonical_name::CENTRAL BANK" ID="I936cfd803a0111e5ad629c5db05797f3">Central Bank</cite.query> in late May 2015 were worth $0.8 million.<eos/><eop/></p><p><bop/><bos/>Source: www.armbanks.am 27.07.2015<eos/><eop/></p><section-title>AMD 22.5 BILLION SENT TO ARMENIA&apos;S GOVERNMENT BUDGET BY COMMERCIAL BANKS IN JAN-JUNE 2015</section-title><p><bop/><bos/>All the commercial banks operating in Armenia&apos;s territory (21 banks) are included in the list of the country&apos;s 1000 biggest taxpayers - they transferred around <cite.query w-seq-number="00014" w-ref-type="CO" w-normalized-cite="I27218B6541EC11DDAD6B0014224D2780" ID="I9398c8703a0111e5ad629c5db05797f3">AMD</cite.query> 22.5 billion in Jan-June 2015 against the same period a year earlier, the government-affiliated State Revenue Committee reports on its website. <eos/><bos/>According to the report, more than <cite.query w-seq-number="00015" w-ref-type="CO" w-normalized-cite="I27218B6541EC11DDAD6B0014224D2780" ID="I9398c8713a0111e5ad629c5db05797f3">AMD</cite.query> 22.4 billion of this amount was paid as taxes and about <cite.query w-seq-number="00016" w-ref-type="CO" w-normalized-cite="I27218B6541EC11DDAD6B0014224D2780" ID="I9398c8723a0111e5ad629c5db05797f3">AMD</cite.query> 112.8 million as customs duties. <eos/><bos/>Direct taxes (profit and income taxes) totaled about <cite.query w-seq-number="00017" w-ref-type="CO" w-normalized-cite="I27218B6541EC11DDAD6B0014224D2780" ID="I9398c8733a0111e5ad629c5db05797f3">AMD</cite.query> 20.6 billion, indirect taxes, including VAT and excise tax, amounted to <cite.query w-seq-number="00018" w-ref-type="CO" w-normalized-cite="I27218B6541EC11DDAD6B0014224D2780" ID="I9398c8743a0111e5ad629c5db05797f3">AMD</cite.query> 1.14 billion and other taxes, duties and obligatory payments to <cite.query w-seq-number="00019" w-ref-type="CO" w-normalized-cite="I27218B6541EC11DDAD6B0014224D2780" ID="I9398c8753a0111e5ad629c5db05797f3">AMD</cite.query> 783.3 million.The amount paid by commercial banks made up 6.9% of the taxes paid by Armenia&apos;s 1000 large tax payers. <eos/><bos/>Ameriabank was the biggest taxpayer among commercial banks in Jan-June 2015 - it transferred <cite.query w-seq-number="00020" w-ref-type="CO" w-normalized-cite="I27218B6541EC11DDAD6B0014224D2780" ID="I9398c8763a0111e5ad629c5db05797f3">AMD</cite.query> 3.4 billion to the government budget over the quarter and was placed 13th in the list. <eos/><bos/><cite.query w-seq-number="00021" w-ref-type="MM" w-normalized-cite="canonical_name::HSBC" ID="I9398c8773a0111e5ad629c5db05797f3">HSBC</cite.query> ÐÐ°Ð½Ðº Armenia, with its <cite.query w-seq-number="00022" w-ref-type="CO" w-normalized-cite="I27218B6541EC11DDAD6B0014224D2780" ID="I9398c8783a0111e5ad629c5db05797f3">AMD</cite.query> 2.3 billion sent to the government budget, the second biggest taxpayer among commercial banks, came 20th in the State Revenue <cite.query w-seq-number="00023" w-ref-type="NM" w-normalized-cite="canonical_name::COMMITTEE" ID="I9398c8793a0111e5ad629c5db05797f3">Committee</cite.query>&apos;s ranking. <eos/><bos/>VTB Bank (Armenia), with <cite.query w-seq-number="00024" w-ref-type="CO" w-normalized-cite="I27218B6541EC11DDAD6B0014224D2780" ID="I9398c87a3a0111e5ad629c5db05797f3">AMD</cite.query> 2.1 billion, was ranked 24th, Ardshinbank (AMD 2 billion) 26th and Armbusinessbank (AMD 2 billion) 36th.<eos/><eop/></p><p><bop/><bos/>Source: www.armbanks.am 28.07.2015<eos/><eop/></p><section-title>ARMENIAN BANKS CAPITAL GROWS BY 5.4% IN FIRST HALF OF 2015 TO 502.6 BILLION DRAMS</section-title><p><bop/><bos/>The capital of 21 commercial banks operating in Armenia saw a 5.4% increase in the first half of 2015 as opposed to the same time span of 2014 making a total of 502.6 billion drams, according to <cite.query w-seq-number="00025" w-ref-type="NM" w-normalized-cite="canonical_name::ARKA" ID="I93ab17f03a0111e5ad629c5db05797f3">ARKA</cite.query> news agency&apos;s quarterly bulletin &quot;Banks of Armenia.&quot; <eos/><bos/>The increase in capital resulted from several banks&apos; moves to build up their authorized capital. <eos/><bos/>The leading bank in terms of capital size in the second quarter was ACBA-CREDIT AGRICOLE BANK with 54.9 billion drams, which was 1.3% higher from the beginning of the year. <eos/><bos/>It was followed by <cite.query w-seq-number="00026" w-ref-type="CO" w-normalized-cite="I58479C307B3711DF84C49AAC7EA8C725" ID="I93ab17f13a0111e5ad629c5db05797f3">HSBC Bank Armenia</cite.query> with 49.9 billion drams capital, a 6.3% growth from the beginning of the year. <eos/><bos/>Ardshinbank with 48.8 billion drams came in third (a 3.6% growth); Ameriabank was fourth with 45.2 billion drams (a growth of 6.8%) and <cite.query w-seq-number="00027" w-ref-type="WC" w-normalized-cite="IF40B3643453D11DD94140014224D2780" ID="I93ab17f23a0111e5ad629c5db05797f3">VTB Bank (Armenia</cite.query>) was fifth with 29. 6 billion drams (a 3.5% decline).<eos/><bos/> In the first half of 2015 the main indicators of the Armenian banking system demonstrated a decline; in particular, the banks&apos; total assets declined by 3.62% compared with the beginning of the year to 3. 267 trillion drams; their liabilities fell by 5.1% to 2.764.3 trillion drams and liabilities to clients fell by 1% to 1. 678.7 trillion drams.<eos/><eop/></p><p><bop/><bos/>Sources: www.armbanks.am 28.07.2015<eos/><eop/></p></text></content><indexing iso-language="en" value-add="machine-generated"><classification-terms><pres-location-block><bop/><bos/><pres-location-wrap><pres-location>Armenia</pres-location><pres-location-code>ISOAM</pres-location-code><alt1-location-code>1AR09</alt1-location-code></pres-location-wrap><pres-location-wrap><pres-location>CIS Countries</pres-location><pres-location-code>CISSTAT</pres-location-code><alt1-location-code>1CI64</alt1-location-code></pres-location-wrap><pres-location-wrap><pres-location>Eastern Europe</pres-location><pres-location-code>GEOEEUR</pres-location-code><alt1-location-code>1EA48</alt1-location-code></pres-location-wrap><pres-location-wrap><pres-location>Europe</pres-location><pres-location-code>GEOEUR</pres-location-code><alt1-location-code>1EU83</alt1-location-code></pres-location-wrap><eos/><eop/></pres-location-block></classification-terms><classification-terms><pres-subject-block><bop/><bos/><pres-subject-wrap><pres-subject>CIS</pres-subject><pres-subject-code>GEOCIS</pres-subject-code><alt1-subject-code>1CI65</alt1-subject-code></pres-subject-wrap><pres-subject-wrap><pres-subject>Economic Policy &amp; Policymakers</pres-subject><pres-subject-code>ECONRULE</pres-subject-code><alt1-subject-code>1EC69</alt1-subject-code></pres-subject-wrap><pres-subject-wrap><pres-subject>Economics &amp; Trade</pres-subject><pres-subject-code>TRADE</pres-subject-code><alt1-subject-code>1EC26</alt1-subject-code></pres-subject-wrap><pres-subject-wrap><pres-subject>Monetary Policy</pres-subject><pres-subject-code>PTMONET</pres-subject-code><alt1-subject-code>1MO18</alt1-subject-code></pres-subject-wrap><pres-subject-wrap><pres-subject>World Organizations</pres-subject><pres-subject-code>GEOORGS</pres-subject-code><alt1-subject-code>1IN77</alt1-subject-code></pres-subject-wrap><eos/><eop/></pres-subject-block><pres-industry-block><bop/><bos/><pres-industry-wrap><pres-industry>Banking</pres-industry><pres-industry-code>BANKOVER</pres-industry-code><alt1-industry-code>1BA20</alt1-industry-code></pres-industry-wrap><pres-industry-wrap><pres-industry>Commercial Banking Services</pres-industry><pres-industry-code>BANKCOML</pres-industry-code><alt1-industry-code>1CO19</alt1-industry-code></pres-industry-wrap><pres-industry-wrap><pres-industry>Financial Services</pres-industry><pres-industry-code>FINSVC</pres-industry-code><alt1-industry-code>1FI37</alt1-industry-code></pres-industry-wrap><pres-industry-wrap><pres-industry>Financial Services Regulatory</pres-industry><pres-industry-code>FINREG</pres-industry-code><alt1-industry-code>1FI03</alt1-industry-code></pres-industry-wrap><pres-industry-wrap><pres-industry>Loans</pres-industry><pres-industry-code>LOANS</pres-industry-code><alt1-industry-code>1LO12</alt1-industry-code></pres-industry-wrap><pres-industry-wrap><pres-industry>Major Central Banks</pres-industry><pres-industry-code>MAJCBANK</pres-industry-code><alt1-industry-code>1MA01</alt1-industry-code></pres-industry-wrap><pres-industry-wrap><pres-industry>Retail Banking Services</pres-industry><pres-industry-code>RTBNKOVR</pres-industry-code><alt1-industry-code>1RE38</alt1-industry-code></pres-industry-wrap><eos/><eop/></pres-industry-block></classification-terms><classification-terms><rcs-block><rcs>B:126</rcs><rcs>B:125</rcs><rcs>E:5</rcs><rcs>B:128</rcs><rcs>G:B2</rcs><rcs>B:127</rcs><rcs>G:7I</rcs><rcs>G:Y</rcs><rcs>B:131</rcs><rcs>M:8</rcs><rcs>A:E</rcs><rcs>E:B</rcs><rcs>G:B</rcs><rcs>G:A</rcs><rcs>B:129</rcs><rcs>G:AJ</rcs></rcs-block></classification-terms><extraction-terms><extr-company-block><bop/><bos/><extr-company>168 Zham</extr-company><extr-company-wrap><extr-company-name>168 Zham</extr-company-name><relevancy engine="1C">0.2</relevancy><confidence engine="1C">0.73</confidence></extr-company-wrap><norm-company oa-id="5000890309">ARMBUSINESSBANK CLOSED JSK</norm-company><norm-company-wrap occur-sequence="16"><norm-company-name>ARMBUSINESSBANK CLOSED JSK</norm-company-name><company-ids><oa-id>5000890309</oa-id></company-ids><relevancy engine="1C">0.2</relevancy><confidence engine="1C">0.64</confidence></norm-company-wrap><norm-company oa-id="4297575894">ACBA CREDIT AGRICOLE BANK CLOSED JSK</norm-company><norm-company-wrap occur-sequence="17"><norm-company-name>ACBA CREDIT AGRICOLE BANK CLOSED JSK</norm-company-name><company-ids><oa-id>4297575894</oa-id></company-ids><relevancy engine="1C">0.2</relevancy><confidence engine="1C">0.77</confidence></norm-company-wrap><norm-company oa-id="5000943280">AMERIABANK CJSC</norm-company><norm-company-wrap occur-sequence="1,4,5,12,20"><norm-company-name>AMERIABANK CJSC</norm-company-name><company-ids><oa-id>5000943280</oa-id></company-ids><relevancy engine="1C">0.2</relevancy><confidence engine="1C">0.68</confidence></norm-company-wrap><norm-company oa-id="4297689786">ARDSHINBANK CJSC</norm-company><norm-company-wrap occur-sequence="15,19"><norm-company-name>ARDSHINBANK CJSC</norm-company-name><company-ids><oa-id>4297689786</oa-id></company-ids><relevancy engine="1C">0.2</relevancy><confidence engine="1C">0.77</confidence></norm-company-wrap><norm-company oa-id="4297297477">FACEBOOK INC</norm-company><norm-company-wrap occur-sequence="6,7"><norm-company-name>FACEBOOK INC</norm-company-name><company-ids><oa-id>4297297477</oa-id><ric norm="FB.OQ">FB.OQ</ric></company-ids><relevancy engine="1C">0.2</relevancy><confidence engine="1C">1</confidence></norm-company-wrap><norm-company oa-id="5000763683">HSBC BANK ARMENIA CJSC</norm-company><norm-company-wrap occur-sequence="13,18"><norm-company-name>HSBC BANK ARMENIA CJSC</norm-company-name><company-ids><oa-id>5000763683</oa-id></company-ids><relevancy engine="1C">0.2</relevancy><confidence engine="1C">0.81</confidence></norm-company-wrap><norm-company oa-id="4295887248">VTB BANK (OPEN JOINT STOCK COMPANY)</norm-company><norm-company-wrap occur-sequence="2,8,9,10,11,14,21"><norm-company-name>VTB BANK (OPEN JOINT STOCK COMPANY)</norm-company-name><company-ids><oa-id>4295887248</oa-id><ric norm="VTBR.MMO">VTBR.MMO</ric></company-ids><relevancy engine="1C">0.2</relevancy><confidence engine="1C">0.89</confidence></norm-company-wrap><norm-company oa-id="4295901746">EBANK FINANCIAL SERVICES INC</norm-company><norm-company-wrap occur-sequence="3"><norm-company-name>EBANK FINANCIAL SERVICES INC</norm-company-name><company-ids><oa-id>4295901746</oa-id><ric norm="EBDC.PK">EBDC.PK</ric></company-ids><relevancy engine="1C">0.2</relevancy><confidence engine="1C">0.83</confidence></norm-company-wrap><eos/><eop/></extr-company-block></extraction-terms><extraction-terms><extr-person-block><bop/><bos/><extr-person>Arthur Harutyunyan</extr-person><extr-person-wrap><extr-person-name>Arthur Harutyunyan</extr-person-name><relevancy engine="1C">0.2</relevancy></extr-person-wrap><extr-person>Gor Nazaryan</extr-person><extr-person-wrap><extr-person-name>Gor Nazaryan</extr-person-name><relevancy engine="1C">0.2</relevancy></extr-person-wrap><eos/><eop/></extr-person-block></extraction-terms></indexing></document></n-docbody>
</n-document>
<n-document guid="I0daddce0376911e58849ebae488a3ba4"><n-metadata><metadata.block><md.identifiers><md.cites><md.first.line.cite>7/31/15 NEWS 00:00:00</md.first.line.cite><md.second.line.cite>7/31/15 ARKA News Agency 00:00:00</md.second.line.cite></md.cites><md.uuid>I0daddce0376911e58849ebae488a3ba4</md.uuid></md.identifiers><md.infotype>news</md.infotype><md.sortkeys><md.ordersequence>f47363bec</md.ordersequence></md.sortkeys><md.descriptions><md.title>GOOGLE LOON TO PROVIDE SRI LANKA WITH INTERNET</md.title><md.westlawdescrip><md.readlist>READLIST</md.readlist></md.westlawdescrip></md.descriptions><md.dates><md.publisheddatetime>20150731045311</md.publisheddatetime><md.loaddate>20150731</md.loaddate><md.createddatetime>20150731045311</md.createddatetime></md.dates><md.subjects><md.subject><md.pubtype.name/><md.doctype.name>DNR</md.doctype.name><md.doctype.rank/><md.view>CNGE</md.view><md.view>RGEurope</md.view><md.view>PTNewswires</md.view><md.view>ARKANEWS0063786</md.view><md.view>INALLNEWS_ACTEST</md.view><md.view>INFARNEWS_AC</md.view><md.view>MARKETSEIKON_CN</md.view><md.view>MARKETSEIKON</md.view><md.view>CB_ASIAWIRES</md.view><md.view>INWIRES_AC</md.view><md.view>GULF_INTL</md.view><md.view>ININTNEWS_AC</md.view><md.view>ANZ_INTLOS</md.view><md.view>CLEAR_RF</md.view><md.view>INALLNEWS_AC</md.view><md.view>INNEWSINT_PRO</md.view><md.view>INBUSNEWS</md.view><md.view>INNEWSWORLD_PRO</md.view><md.view>INBUSNEWS_AC</md.view></md.subject></md.subjects><md.jurisdictions><md.jurisdiction><md.jurisstate>FE</md.jurisstate></md.jurisdiction></md.jurisdictions><md.publications><md.publication/><md.sourcepubid>ARKANEWS</md.sourcepubid></md.publications><md.royalty><md.royalty.code>84104</md.royalty.code></md.royalty></metadata.block><news.metadata.block><md.text.preview>INFORMATION TECHNOLOGIESYEREVAN, July 31. /ARKA/. Project Loon, Google&apos;s stratospheric internet access project, has signed its first national agreement with the government of Sri Lanka, making the small tropical island nation a frontrunner in the</md.text.preview></news.metadata.block><newsplus.recommendable>1</newsplus.recommendable><n-view>CNGE</n-view><n-view>RGEurope</n-view><n-view>PTNewswires</n-view><n-view>ARKANEWS0063786</n-view><n-view>INALLNEWS_ACTEST</n-view><n-view>INFARNEWS_AC</n-view><n-view>MARKETSEIKON_CN</n-view><n-view>MARKETSEIKON</n-view><n-view>CB_ASIAWIRES</n-view><n-view>INWIRES_AC</n-view><n-view>GULF_INTL</n-view><n-view>ININTNEWS_AC</n-view><n-view>ANZ_INTLOS</n-view><n-view>CLEAR_RF</n-view><n-view>INALLNEWS_AC</n-view><n-view>INNEWSINT_PRO</n-view><n-view>INBUSNEWS</n-view><n-view>INNEWSWORLD_PRO</n-view><n-view>INBUSNEWS_AC</n-view><prism-stylesheet guid="Ia3024d301b6a11d89fc5f34981d3242f"/><prism-clipdate>20150731045311</prism-clipdate></n-metadata>
<n-docbody><document version="1" collection="D-ARKANEWS-T001" first-load-date="20150731045311" ip-product="ARKANEWS" royalty-id="84104" data-model="text" dtd-version="5.2.29" content-type="news" load-language="en" pnac="nNRA029iyb" pnac-date="20150731T094644.526"><supplier-info><supplier-num nitf="doc-id" nitf-regsrc="ARKA News Agency" type="accession">251e0003a1fe4eb3</supplier-num><internal-acc-num db-id="NEPRARKA" type="newz">20150731170.1_V251e0003a1fe4eb3</internal-acc-num><rec-status><last-load-date>20150731045311</last-load-date><nitf-date ne="datereceived">20150731T09:46:44Z</nitf-date><nitf-date nitf="date-issue">20150731T00:00:00Z</nitf-date><last-provider-update>20150731094644</last-provider-update></rec-status><supplier-copyright>Copyright Â© 2015 ARKA<copyright-year/><copyright-holder>ARKA</copyright-holder></supplier-copyright><supplier-note nitf="urgency" nitf-ed-urg="4"/><nitf-meta-content name="recommendable">1</nitf-meta-content><nitf-meta-content name="_newsmlg2-hashtype=nr-htype:doc-group-fuzzy">79469|43999|66374|98948|62906|89281|49161|98619|15315|6275|94106|56523|105534|6911|36454|31659|20078|42886|84990|9866|34008|74299|108697|93241|12137|98361|29893|98094|62124|109054|90204|79182|60645|64527|21276|76539|48817|58951|30192|72654|65371|43095|76220|110738|62329|91925|50055|84777|5363|21011|28156|45876|54038|17079|18100|73786|65679|85206|37096|25022|</nitf-meta-content><nitf-meta-content name="_newsmlg2-hashtype=nr-htype:doc-group-content-length">1174</nitf-meta-content><nitf-meta-content name="_newsmlg2-hashtype=nr-htype:doc-group-simple">285cd2a3d3cb384dc827483e30e25a7ab6c967f</nitf-meta-content><supplier-dtds><dtd dtd-version="working" dtd-date="20150715T00:00:00Z">Canonical Taxonomy</dtd><dtd dtd-version="20150707" dtd-date="20150715T00:00:00Z">Mapping File</dtd></supplier-dtds><copyright-block type="dialog"><service-copyright n-include_guid="Ice671660f30811d88920000083149a14" n-include_collection="D-DIALOGCOPYRIGHTS-T001"/></copyright-block><copyright-block type="west"><service-copyright n-include_guid="I1DA35ED81DD211B281BAD200220BDFCA" n-include_collection="w_wlnv_msg"/></copyright-block><west-citation-block><bop/><first-line-cite><bos/>7/31/15 NEWS 00:00:00<eos/></first-line-cite><second-line-cite><bos/>7/31/15 ARKA News Agency 00:00:00<eos/></second-line-cite><eop/></west-citation-block></supplier-info><title-info iso-language="en"><bop/><title type="headline" nitf-hedline="hl1" key="key-title"><bos/><sort-title><cite.query w-seq-number="00001" w-ref-type="MM" w-normalized-cite="canonical_name::GOOGLE" ID="I0d66a540376a11e5bda4e6bfcc7630f8">GOOGLE</cite.query> LOON TO PROVIDE SRI LANKA WITH INTERNET</sort-title><eos/></title><eop/></title-info><pub-info><journal key="key-journal"><bop/><bos/><sort-journal>ARKA News Agency</sort-journal><eos/><eop/></journal><pub-date key="key-date" iso-time="T00:00:00Z" type="date.publication"><full-pub-date>July 31, 2015</full-pub-date><sort-pub-date>20150731</sort-pub-date><sort-pub-timestamp>20150731000000</sort-pub-timestamp><rank-date>20150731</rank-date><currency-timestamp>20150731000000</currency-timestamp></pub-date><original-pub><language iso-language="en">English</language></original-pub><src-data><src-journal-code>ANPV</src-journal-code><src-pub-code>0063786</src-pub-code><src-pub-type>Newswire</src-pub-type><src-pub-country-wrap><src-pub-country-code>GE</src-pub-country-code><src-pub-country>Georgia CIS</src-pub-country></src-pub-country-wrap><src-pub-region>Europe</src-pub-region></src-data></pub-info><content iso-language="en"><total-char-count>1781</total-char-count><derived-word-count><bop/><bos/>Word Count: 278<eos/><eop/></derived-word-count><text type="lead-para"><p nitf="lede"><bop/><bos/><cite.query w-seq-number="00002" w-ref-type="WC" w-normalized-cite="I76DF065242BE11DDA1BC0014224D2780" ID="I0d7216f0376a11e5bda4e6bfcc7630f8">INFORMATION TECHNOLOGIES</cite.query><eos/><eop/></p><p nitf="lede"><bop/><bos/>YEREVAN, July 31. /ARKA/. <eos/><bos/>Project Loon, <cite.query w-seq-number="00003" w-ref-type="MM" w-normalized-cite="canonical_name::GOOGLE" ID="I0d8d6720376a11e5bda4e6bfcc7630f8">Google</cite.query>&apos;s stratospheric internet access project, has signed its first national agreement with the government of Sri Lanka, making the small tropical island nation a frontrunner in the race to offer countrywide <cite.query w-seq-number="00004" w-ref-type="NM" w-normalized-cite="canonical_name::WIFI" ID="I0d8d6721376a11e5bda4e6bfcc7630f8">WiFi</cite.query> access from giant helium-filled balloons, The <cite.query w-seq-number="00005" w-ref-type="MM" w-normalized-cite="canonical_name::FINANCIAL TIMES" ID="I0d8d6722376a11e5bda4e6bfcc7630f8">Financial Times</cite.query> reports.<eos/><eop/></p></text><text type="body"><p><bop/><bos/>Launched in 2013, Project Loon is an ambitious plan to encircle the Earth with a chain of balloons floating high in the atmosphere which link together to form a network that gives internet access to remote and rural areas.<eos/><eop/></p><p><bop/><bos/>On Thursday, <cite.query w-seq-number="00006" w-ref-type="MM" w-normalized-cite="canonical_name::GOOGLE" ID="I0d96b5f0376a11e5bda4e6bfcc7630f8">Google</cite.query> spokesman Taj Meadows confirmed that the US-based company had signed a memorandum of understanding with Sri Lanka&apos;s government, which he said was an &quot;important early step&quot; for the project &quot;but it&apos;s still very, very early days&quot;.<eos/><eop/></p><p><bop/><bos/>Project Loon is one of the most high-profile among several so-called &quot;moon shot&quot; projects developed by the company&apos;s secretive <cite.query w-seq-number="00007" w-ref-type="MM" w-normalized-cite="canonical_name::GOOGLE" ID="I0dab7670376a11e5bda4e6bfcc7630f8">Google</cite.query> X laboratory, ranging from solar-powered drones to self-driving cars.<eos/><eop/></p><p><bop/><bos/>The balloon-powered internet plan hopes to provide internet access at speeds close to third-generation mobile phones, although it faces far-reaching technical obstacles, including navigating its balloons in wind currents towards the edge of the earth&apos;s atmosphere.<eos/><eop/></p><p><bop/><bos/>According to The <cite.query w-seq-number="00008" w-ref-type="MM" w-normalized-cite="canonical_name::FINANCIAL TIMES" ID="I0e43bed0376a11e5bda4e6bfcc7630f8">Financial Times</cite.query>, Project Loon has also pitched <cite.query w-seq-number="00009" w-ref-type="MM" w-normalized-cite="canonical_name::GOOGLE" ID="I0e43bed1376a11e5bda4e6bfcc7630f8">Google</cite.query> into a high-altitude contest with <cite.query w-seq-number="00010" w-ref-type="CO" w-normalized-cite="IE9D0907041EC11DDAD6B0014224D2780" ID="I0e43bed2376a11e5bda4e6bfcc7630f8">Facebook</cite.query> - which is developing its own plans involving networks of flying drones, satellites and lasers - to see which American tech giant can first provide blanket internet coverage across large swaths of the planet.<eos/><eop/></p><p><bop/><bos/>Project Loon took off with an initial test in New Zealand in 2013, with the ultimate goal of providing internet access to a range of southern hemisphere nations. <eos/>M.V.----0----<eop/></p></text></content><indexing iso-language="en" value-add="machine-generated"><classification-terms><pres-location-block><bop/><bos/><pres-location-wrap><pres-location>Asia</pres-location><pres-location-code>GEOASIA</pres-location-code><alt1-location-code>1AS61</alt1-location-code></pres-location-wrap><pres-location-wrap><pres-location>Indian Subcontinent</pres-location><pres-location-code>GEOINSUB</pres-location-code><alt1-location-code>1IN32</alt1-location-code></pres-location-wrap><pres-location-wrap><pres-location>Southern Asia</pres-location><pres-location-code>GEOSASIA</pres-location-code><alt1-location-code>1SO52</alt1-location-code></pres-location-wrap><pres-location-wrap><pres-location>Sri Lanka</pres-location><pres-location-code>ISOLK</pres-location-code><alt1-location-code>1SR77</alt1-location-code></pres-location-wrap><eos/><eop/></pres-location-block></classification-terms><classification-terms><pres-subject-block><bop/><bos/><pres-subject-wrap><pres-subject>Major Corporations</pres-subject><pres-subject-code>MAJCORP</pres-subject-code><alt1-subject-code>1MA93</alt1-subject-code></pres-subject-wrap><eos/><eop/></pres-subject-block><pres-industry-block><bop/><bos/><pres-industry-wrap><pres-industry>Internet</pres-industry><pres-industry-code>INTERNET</pres-industry-code><alt1-industry-code>1IN27</alt1-industry-code></pres-industry-wrap><pres-industry-wrap><pres-industry>Internet Technology</pres-industry><pres-industry-code>INFOHWY</pres-industry-code><alt1-industry-code>1IN39</alt1-industry-code></pres-industry-wrap><pres-industry-wrap><pres-industry>Portals</pres-industry><pres-industry-code>PORTSRVR</pres-industry-code><alt1-industry-code>1PO34</alt1-industry-code></pres-industry-wrap><pres-industry-wrap><pres-industry>Search Engines</pres-industry><pres-industry-code>WEBSRCH</pres-industry-code><alt1-industry-code>1SE87</alt1-industry-code></pres-industry-wrap><eos/><eop/></pres-industry-block></classification-terms><classification-terms><rcs-block><rcs>M:S</rcs><rcs>G:K</rcs><rcs>G:1J</rcs></rcs-block></classification-terms><extraction-terms><extr-company-block><bop/><bos/><norm-company oa-id="4297297477">FACEBOOK INC</norm-company><norm-company-wrap occur-sequence="6"><norm-company-name>FACEBOOK INC</norm-company-name><company-ids><oa-id>4297297477</oa-id><ric norm="FB.OQ">FB.OQ</ric></company-ids><company-classification><trbc-wrap><trbc type="RCS">B:1806</trbc><trbc type="2012">5720103012</trbc><trbc type="perm-id">4294951195</trbc></trbc-wrap></company-classification><relevancy engine="1C">0.5</relevancy><confidence engine="1C">1</confidence></norm-company-wrap><norm-company oa-id="4295899948">GOOGLE INC</norm-company><norm-company-wrap occur-sequence="1,2,3,4,5"><norm-company-name>GOOGLE INC</norm-company-name><company-ids><oa-id>4295899948</oa-id><ric norm="GOOGL.OQ">GOOGL.OQ</ric></company-ids><company-classification><trbc-wrap><trbc type="RCS">B:1805</trbc><trbc type="2012">5720103011</trbc><trbc type="perm-id">4294951196</trbc></trbc-wrap></company-classification><relevancy engine="1C">0.8</relevancy><confidence engine="1C">0.94</confidence></norm-company-wrap><eos/><eop/></extr-company-block></extraction-terms><extraction-terms><extr-person-block><bop/><bos/><extr-person>Taj Meadows</extr-person><extr-person-wrap><extr-person-name>Taj Meadows</extr-person-name><relevancy engine="1C">0.2</relevancy></extr-person-wrap><eos/><eop/></extr-person-block></extraction-terms></indexing></document></n-docbody>
</n-document>
<n-document guid="I71963980350411e598de8b1f2e121955"><n-metadata><metadata.block><md.identifiers><md.cites><md.first.line.cite>7/28/15 NEWS 00:00:00</md.first.line.cite><md.second.line.cite>7/28/15 ARKA News Agency 00:00:00</md.second.line.cite></md.cites><md.uuid>I71963980350411e598de8b1f2e121955</md.uuid></md.identifiers><md.infotype>news</md.infotype><md.sortkeys><md.ordersequence>f47363bec</md.ordersequence></md.sortkeys><md.descriptions><md.title>GM INVESTING $5 BILLION IN ITS CHEVROLET LINEUP EXPANSION</md.title><md.westlawdescrip><md.readlist>READLIST</md.readlist></md.westlawdescrip></md.descriptions><md.dates><md.publisheddatetime>20150728035016</md.publisheddatetime><md.loaddate>20150728</md.loaddate><md.createddatetime>20150728035016</md.createddatetime></md.dates><md.subjects><md.subject><md.pubtype.name/><md.doctype.name>DNR</md.doctype.name><md.doctype.rank/><md.view>CNGE</md.view><md.view>RGEurope</md.view><md.view>PTNewswires</md.view><md.view>ARKANEWS0063786</md.view><md.view>INALLNEWS_ACTEST</md.view><md.view>INFARNEWS_AC</md.view><md.view>MARKETSEIKON_CN</md.view><md.view>MARKETSEIKON</md.view><md.view>CB_ASIAWIRES</md.view><md.view>INWIRES_AC</md.view><md.view>GULF_INTL</md.view><md.view>ININTNEWS_AC</md.view><md.view>ANZ_INTLOS</md.view><md.view>CLEAR_RF</md.view><md.view>INALLNEWS_AC</md.view><md.view>INNEWSINT_PRO</md.view><md.view>INBUSNEWS</md.view><md.view>INNEWSWORLD_PRO</md.view><md.view>INBUSNEWS_AC</md.view></md.subject></md.subjects><md.jurisdictions><md.jurisdiction><md.jurisstate>FE</md.jurisstate></md.jurisdiction></md.jurisdictions><md.publications><md.publication/><md.sourcepubid>ARKANEWS</md.sourcepubid></md.publications><md.royalty><md.royalty.code>84104</md.royalty.code></md.royalty></metadata.block><news.metadata.block><md.text.preview>COMPANIESYEREVAN, July 28. /ARKA/. General Motors Co. is investing $5 billion to expand its Chevrolet lineup to gain market share and boost profits in emerging markets including Brazil, China, India and Mexico, Bloomberg reports.</md.text.preview></news.metadata.block><newsplus.recommendable>1</newsplus.recommendable><n-view>CNGE</n-view><n-view>RGEurope</n-view><n-view>PTNewswires</n-view><n-view>ARKANEWS0063786</n-view><n-view>INALLNEWS_ACTEST</n-view><n-view>INFARNEWS_AC</n-view><n-view>MARKETSEIKON_CN</n-view><n-view>MARKETSEIKON</n-view><n-view>CB_ASIAWIRES</n-view><n-view>INWIRES_AC</n-view><n-view>GULF_INTL</n-view><n-view>ININTNEWS_AC</n-view><n-view>ANZ_INTLOS</n-view><n-view>CLEAR_RF</n-view><n-view>INALLNEWS_AC</n-view><n-view>INNEWSINT_PRO</n-view><n-view>INBUSNEWS</n-view><n-view>INNEWSWORLD_PRO</n-view><n-view>INBUSNEWS_AC</n-view><prism-stylesheet guid="Ia3024d301b6a11d89fc5f34981d3242f"/><prism-clipdate>20150728035016</prism-clipdate></n-metadata>
<n-docbody><document version="1" collection="D-ARKANEWS-T001" first-load-date="20150728035016" ip-product="ARKANEWS" royalty-id="84104" data-model="text" dtd-version="5.2.29" content-type="news" load-language="en" pnac="nNRA01u4jk" pnac-date="20150728T084130.648"><supplier-info><supplier-num nitf="doc-id" nitf-regsrc="ARKA News Agency" type="accession">ecf400037410f970</supplier-num><internal-acc-num db-id="NEPRARKA" type="newz">20150728170.1_Vecf400037410f970</internal-acc-num><rec-status><last-load-date>20150728035016</last-load-date><nitf-date ne="datereceived">20150728T08:41:30Z</nitf-date><nitf-date nitf="date-issue">20150728T00:00:00Z</nitf-date><last-provider-update>20150728084130</last-provider-update></rec-status><supplier-copyright>Copyright Â© 2015 ARKA<copyright-year/><copyright-holder>ARKA</copyright-holder></supplier-copyright><supplier-note nitf="urgency" nitf-ed-urg="4"/><nitf-meta-content name="recommendable">1</nitf-meta-content><nitf-meta-content name="_newsmlg2-hashtype=nr-htype:doc-group-fuzzy">98162|111437|9990|98619|42886|105641|74691|32599|9526|3833|1276|75749|39076|42478|17760|98790|28791|102058|95712|3149|30023|46313|33884|28310|21011|103027|37626|98130|99422|34906|79371|10612|15842|2759|103083|35577|110623|109434|65194|74077|64852|19108|37018|50047|41283|14909|30400|98551|99152|109783|96586|59685|103437|88152|104016|93439|83389|38083|112491|13839|</nitf-meta-content><nitf-meta-content name="_newsmlg2-hashtype=nr-htype:doc-group-content-length">1052</nitf-meta-content><nitf-meta-content name="_newsmlg2-hashtype=nr-htype:doc-group-simple">-2a38715844593cc74599fdd2d8e0a413abb1ce52</nitf-meta-content><supplier-dtds><dtd dtd-version="working" dtd-date="20150715T00:00:00Z">Canonical Taxonomy</dtd><dtd dtd-version="20150707" dtd-date="20150715T00:00:00Z">Mapping File</dtd></supplier-dtds><copyright-block type="dialog"><service-copyright n-include_guid="Ice671660f30811d88920000083149a14" n-include_collection="D-DIALOGCOPYRIGHTS-T001"/></copyright-block><copyright-block type="west"><service-copyright n-include_guid="I1DA35ED81DD211B281BAD200220BDFCA" n-include_collection="w_wlnv_msg"/></copyright-block><west-citation-block><bop/><first-line-cite><bos/>7/28/15 NEWS 00:00:00<eos/></first-line-cite><second-line-cite><bos/>7/28/15 ARKA News Agency 00:00:00<eos/></second-line-cite><eop/></west-citation-block></supplier-info><title-info iso-language="en"><bop/><title type="headline" nitf-hedline="hl1" key="key-title"><bos/><sort-title><cite.query w-seq-number="00001" w-ref-type="MM" w-normalized-cite="canonical_name::GM" ID="Ic3210d60350511e582edac47378fced9">GM</cite.query> INVESTING $5 BILLION IN ITS CHEVROLET LINEUP EXPANSION</sort-title><eos/></title><eop/></title-info><pub-info><journal key="key-journal"><bop/><bos/><sort-journal>ARKA News Agency</sort-journal><eos/><eop/></journal><pub-date key="key-date" iso-time="T00:00:00Z" type="date.publication"><full-pub-date>July 28, 2015</full-pub-date><sort-pub-date>20150728</sort-pub-date><sort-pub-timestamp>20150728000000</sort-pub-timestamp><rank-date>20150728</rank-date><currency-timestamp>20150728000000</currency-timestamp></pub-date><original-pub><language iso-language="en">English</language></original-pub><src-data><src-journal-code>ANPV</src-journal-code><src-pub-code>0063786</src-pub-code><src-pub-type>Newswire</src-pub-type><src-pub-country-wrap><src-pub-country-code>GE</src-pub-country-code><src-pub-country>Georgia CIS</src-pub-country></src-pub-country-wrap><src-pub-region>Europe</src-pub-region></src-data></pub-info><content iso-language="en"><total-char-count>1757</total-char-count><derived-word-count><bop/><bos/>Word Count: 287<eos/><eop/></derived-word-count><text type="lead-para"><p nitf="lede"><bop/>COMPANIES<eop/></p><p nitf="lede"><bop/><bos/>YEREVAN, July 28. /ARKA/. <eos/><bos/><cite.query w-seq-number="00002" w-ref-type="MM" w-normalized-cite="canonical_name::GENERAL MOTORS CO" ID="Ic33aafe0350511e582edac47378fced9">General Motors Co.</cite.query> is investing $5 billion to expand its Chevrolet lineup to gain market share and boost profits in emerging markets including Brazil, China, India and Mexico, <cite.query w-seq-number="00003" w-ref-type="MM" w-normalized-cite="canonical_name::BLOOMBERG" ID="Ic33aafe1350511e582edac47378fced9">Bloomberg</cite.query> reports.<eos/><eop/></p></text><text type="body"><p><bop/><bos/>The project involves developing cars with Chinese partner <cite.query w-seq-number="00004" w-ref-type="CO" w-normalized-cite="I721578C141EC11DDAD6B0014224D2780" ID="Ic36d0a80350511e582edac47378fced9">SAIC</cite.query> and replacing many of <cite.query w-seq-number="00005" w-ref-type="MM" w-normalized-cite="canonical_name::GM" ID="Ic36d0a81350511e582edac47378fced9">GM</cite.query>&apos;s existing subcompacts and compacts that are sold in emerging markets starting in 2019, <cite.query w-seq-number="00006" w-ref-type="MM" w-normalized-cite="canonical_name::BLOOMBERG" ID="Ic36d0a82350511e582edac47378fced9">Bloomberg</cite.query> reports referring to <cite.query w-seq-number="00007" w-ref-type="MM" w-normalized-cite="canonical_name::GM" ID="Ic36d0a83350511e582edac47378fced9">GM</cite.query> President Dan Ammann. <eos/><bos/>The two companies expect to sell as many as 2 million vehicles a year through 2030, <cite.query w-seq-number="00008" w-ref-type="MM" w-normalized-cite="canonical_name::GM" ID="Ic36d0a84350511e582edac47378fced9">GM</cite.query> said.<eos/><eop/></p><p><bop/><bos/><cite.query w-seq-number="00009" w-ref-type="MM" w-normalized-cite="canonical_name::GM" ID="Ic38e7530350511e582edac47378fced9">GM</cite.query>&apos;s strategy reflects a bet on global growth patterns and a new approach to the <cite.query w-seq-number="00010" w-ref-type="MM" w-normalized-cite="canonical_name::CHEVROLET" ID="Ic38e7531350511e582edac47378fced9">Chevrolet</cite.query> brand. <eos/><bos/>Instead of offering a cornucopia of small-car models created by engineers in their own regional markets, <cite.query w-seq-number="00011" w-ref-type="MM" w-normalized-cite="canonical_name::GM" ID="Ic38e7532350511e582edac47378fced9">GM</cite.query> will focus on one family of cars that share similar parts and sell worldwide, helping improve margins. <eos/><bos/><cite.query w-seq-number="00012" w-ref-type="MM" w-normalized-cite="canonical_name::FORD MOTOR CO" ID="Ic38e7533350511e582edac47378fced9">Ford Motor Co.</cite.query> is taking a similar approach.<eos/><eop/></p><p><bop/><bos/>&quot;It&apos;s our view that over the next 15 to 20 years that majority of growth will take place outside mature markets and in these growth markets,&quot; Ammann said. &quot;<eos/><bos/>It&apos;s all about us making significant investment in growth of these markets.&quot;<eos/><eop/></p><p><bop/><bos/>According to <cite.query w-seq-number="00013" w-ref-type="MM" w-normalized-cite="canonical_name::BLOOMBERG" ID="Ic3a112d0350511e582edac47378fced9">Bloomberg</cite.query>, <cite.query w-seq-number="00014" w-ref-type="MM" w-normalized-cite="canonical_name::GM" ID="Ic3a112d1350511e582edac47378fced9">GM</cite.query> projects emerging markets to account for 55 percent of sales growth through 2030. <eos/><bos/>China will generate 33 percent and mature markets will provide just 12 percent of additional sales.<eos/><eop/></p><p><bop/><bos/>While <cite.query w-seq-number="00015" w-ref-type="MM" w-normalized-cite="canonical_name::GM" ID="Ic3abe840350511e582edac47378fced9">GM</cite.query> re-emphasizes an existing focus on places such as China and Mexico, it has pulled back in Thailand, Indonesia and Russia. <eos/><bos/>The company has deemed those markets as too difficult to make a strong return on the investment or, as in the case of Russia, too risky.<eos/><eop/></p><p><bop/><bos/>&quot;We wouldn&apos;t have made the decision we made in Russia if we saw a compelling near-term opportunity,&quot; Ammann is quoted by <cite.query w-seq-number="00016" w-ref-type="MM" w-normalized-cite="canonical_name::BLOOMBERG" ID="Ic3b473c0350511e582edac47378fced9">Bloomberg</cite.query>. <eos/>M.V.---0----<eop/></p></text></content><indexing iso-language="en" value-add="machine-generated"><classification-terms><pres-location-block><bop/><bos/><pres-location-wrap><pres-location>Asia</pres-location><pres-location-code>GEOASIA</pres-location-code><alt1-location-code>1AS61</alt1-location-code></pres-location-wrap><pres-location-wrap><pres-location>CIS Countries</pres-location><pres-location-code>CISSTAT</pres-location-code><alt1-location-code>1CI64</alt1-location-code></pres-location-wrap><pres-location-wrap><pres-location>China</pres-location><pres-location-code>ISOCN</pres-location-code><alt1-location-code>1CH15</alt1-location-code></pres-location-wrap><pres-location-wrap><pres-location>Eastern Asia</pres-location><pres-location-code>GEOEASIA</pres-location-code><alt1-location-code>1EA61</alt1-location-code></pres-location-wrap><pres-location-wrap><pres-location>Eastern Europe</pres-location><pres-location-code>GEOEEUR</pres-location-code><alt1-location-code>1EA48</alt1-location-code></pres-location-wrap><pres-location-wrap><pres-location>Europe</pres-location><pres-location-code>GEOEUR</pres-location-code><alt1-location-code>1EU83</alt1-location-code></pres-location-wrap><pres-location-wrap><pres-location>Far East</pres-location><pres-location-code>GEOFREST</pres-location-code><alt1-location-code>1FA27</alt1-location-code></pres-location-wrap><pres-location-wrap><pres-location>Russia</pres-location><pres-location-code>ISORU</pres-location-code><alt1-location-code>1RU33</alt1-location-code></pres-location-wrap><eos/><eop/></pres-location-block></classification-terms><classification-terms><pres-subject-block><bop/><bos/><pres-subject-wrap><pres-subject>Emerging Market Countries</pres-subject><pres-subject-code>EMERGING</pres-subject-code><alt1-subject-code>1EM65</alt1-subject-code></pres-subject-wrap><pres-subject-wrap><pres-subject>Major Corporations</pres-subject><pres-subject-code>MAJCORP</pres-subject-code><alt1-subject-code>1MA93</alt1-subject-code></pres-subject-wrap><eos/><eop/></pres-subject-block><pres-industry-block><bop/><bos/><pres-industry-wrap><pres-industry>Automobiles</pres-industry><pres-industry-code>AUTOMODL</pres-industry-code><alt1-industry-code>1AU45</alt1-industry-code></pres-industry-wrap><pres-industry-wrap><pres-industry>Automotive</pres-industry><pres-industry-code>AUTONEWS</pres-industry-code><alt1-industry-code>1AU29</alt1-industry-code></pres-industry-wrap><pres-industry-wrap><pres-industry>Automotive Industry Highlights</pres-industry><pres-industry-code>AUTOIH</pres-industry-code><alt1-industry-code>1AU30</alt1-industry-code></pres-industry-wrap><pres-industry-wrap><pres-industry>Automotive Models</pres-industry><pres-industry-code>AUTOPROD</pres-industry-code><alt1-industry-code>1AU61</alt1-industry-code></pres-industry-wrap><pres-industry-wrap><pres-industry>Land Transportation</pres-industry><pres-industry-code>LANDTRAN</pres-industry-code><alt1-industry-code>1LA43</alt1-industry-code></pres-industry-wrap><pres-industry-wrap><pres-industry>Passenger Transportation</pres-industry><pres-industry-code>PASSENGR</pres-industry-code><alt1-industry-code>1PA35</alt1-industry-code></pres-industry-wrap><pres-industry-wrap><pres-industry>Transportation</pres-industry><pres-industry-code>GETRAN</pres-industry-code><alt1-industry-code>1TR48</alt1-industry-code></pres-industry-wrap><eos/><eop/></pres-industry-block></classification-terms><classification-terms><rcs-block><rcs>G:B2</rcs><rcs>G:B1</rcs><rcs>B:69</rcs><rcs>B:66</rcs><rcs>B:56</rcs><rcs>G:Y</rcs><rcs>B:65</rcs><rcs>B:71</rcs><rcs>G:B</rcs><rcs>G:A</rcs><rcs>G:K</rcs><rcs>G:38</rcs><rcs>G:AJ</rcs><rcs>G:1</rcs></rcs-block></classification-terms><extraction-terms><extr-company-block><bop/><bos/><norm-company oa-id="4295903068">FORD MOTOR CO</norm-company><norm-company-wrap occur-sequence="9"><norm-company-name>FORD MOTOR CO</norm-company-name><company-ids><oa-id>4295903068</oa-id><ric norm="F.N">F.N</ric></company-ids><company-classification><trbc-wrap><trbc type="RCS">B:1292</trbc><trbc type="2012">5310101010</trbc><trbc type="perm-id">4294951709</trbc></trbc-wrap></company-classification><relevancy engine="1C">0.2</relevancy><confidence engine="1C">1</confidence></norm-company-wrap><norm-company oa-id="4298546138">GENERAL MOTORS CO</norm-company><norm-company-wrap occur-sequence="1,2,4,5,6,7,8,10,11"><norm-company-name>GENERAL MOTORS CO</norm-company-name><company-ids><oa-id>4298546138</oa-id><ric norm="GM.N">GM.N</ric></company-ids><company-classification><trbc-wrap><trbc type="RCS">B:1292</trbc><trbc type="2012">5310101010</trbc><trbc type="perm-id">4294951709</trbc></trbc-wrap></company-classification><relevancy engine="1C">0.8</relevancy><confidence engine="1C">1</confidence></norm-company-wrap><norm-company oa-id="5000029569">SHANGHAI AUTOMOTIVE INDUSTRY CORPORATION (GROUP)</norm-company><norm-company-wrap occur-sequence="3"><norm-company-name>SHANGHAI AUTOMOTIVE INDUSTRY CORPORATION (GROUP)</norm-company-name><company-ids><oa-id>5000029569</oa-id></company-ids><company-classification><trbc-wrap><trbc type="RCS">B:1294</trbc><trbc type="2012">5310101012</trbc><trbc type="perm-id">4294951707</trbc></trbc-wrap></company-classification><relevancy engine="1C">0.2</relevancy><confidence engine="1C">0.72</confidence></norm-company-wrap><eos/><eop/></extr-company-block></extraction-terms><extraction-terms><extr-person-block><bop/><bos/><extr-person>Daniel Ammann</extr-person><norm-person-wrap><norm-person-name>Daniel Ammann</norm-person-name><person-ids><od-auth-id>1295171</od-auth-id><od-officer-id>1507270</od-officer-id><od-officer-id>1517552</od-officer-id><person-perm-id>34414021207</person-perm-id></person-ids><relevancy engine="1C">0.8</relevancy></norm-person-wrap><extr-person>Dan Ammann</extr-person><extr-person-wrap><extr-person-name>Dan Ammann</extr-person-name><relevancy engine="1C">0.8</relevancy></extr-person-wrap><eos/><eop/></extr-person-block></extraction-terms></indexing></document></n-docbody>
</n-document>
<n-document guid="If187cf70346c11e59927d7180dcdff23"><n-metadata><metadata.block><md.identifiers><md.cites><md.first.line.cite>7/27/15 NEWS 00:00:00</md.first.line.cite><md.second.line.cite>7/27/15 ARKA News Agency 00:00:00</md.second.line.cite></md.cites><md.uuid>If187cf70346c11e59927d7180dcdff23</md.uuid></md.identifiers><md.infotype>news</md.infotype><md.sortkeys><md.ordersequence>f47363bec</md.ordersequence></md.sortkeys><md.descriptions><md.title>IN 2-3 YEARS ARMENIA WILL BECOME LEADING PRODUCER OF ELECTRONIC GAMES- UITE SAYS</md.title><md.westlawdescrip><md.readlist>READLIST</md.readlist></md.westlawdescrip></md.descriptions><md.dates><md.publisheddatetime>20150727094414</md.publisheddatetime><md.loaddate>20150727</md.loaddate><md.createddatetime>20150727094414</md.createddatetime></md.dates><md.subjects><md.subject><md.pubtype.name/><md.doctype.name>DNR</md.doctype.name><md.doctype.rank/><md.view>CNGE</md.view><md.view>RGEurope</md.view><md.view>PTNewswires</md.view><md.view>ARKANEWS0063786</md.view><md.view>INALLNEWS_ACTEST</md.view><md.view>INFARNEWS_AC</md.view><md.view>MARKETSEIKON_CN</md.view><md.view>MARKETSEIKON</md.view><md.view>CB_ASIAWIRES</md.view><md.view>INWIRES_AC</md.view><md.view>GULF_INTL</md.view><md.view>ININTNEWS_AC</md.view><md.view>ANZ_INTLOS</md.view><md.view>CLEAR_RF</md.view><md.view>INALLNEWS_AC</md.view><md.view>INNEWSINT_PRO</md.view><md.view>INBUSNEWS</md.view><md.view>INNEWSWORLD_PRO</md.view><md.view>INBUSNEWS_AC</md.view></md.subject></md.subjects><md.jurisdictions><md.jurisdiction><md.jurisstate>FE</md.jurisstate></md.jurisdiction></md.jurisdictions><md.publications><md.publication/><md.sourcepubid>ARKANEWS</md.sourcepubid></md.publications><md.royalty><md.royalty.code>84104</md.royalty.code></md.royalty></metadata.block><news.metadata.block><md.text.preview>INFORMATION TECHNOLOGIESYEREVAN, July 27. / ARKA /. In 2-3 years Armenia will become a leading global manufacturer of electronic games, the chairman of the Union of Information Technology Enterprises (UITE) Karen Vardanyan said in an interview with</md.text.preview></news.metadata.block><n-view>CNGE</n-view><n-view>RGEurope</n-view><n-view>PTNewswires</n-view><n-view>ARKANEWS0063786</n-view><n-view>INALLNEWS_ACTEST</n-view><n-view>INFARNEWS_AC</n-view><n-view>MARKETSEIKON_CN</n-view><n-view>MARKETSEIKON</n-view><n-view>CB_ASIAWIRES</n-view><n-view>INWIRES_AC</n-view><n-view>GULF_INTL</n-view><n-view>ININTNEWS_AC</n-view><n-view>ANZ_INTLOS</n-view><n-view>CLEAR_RF</n-view><n-view>INALLNEWS_AC</n-view><n-view>INNEWSINT_PRO</n-view><n-view>INBUSNEWS</n-view><n-view>INNEWSWORLD_PRO</n-view><n-view>INBUSNEWS_AC</n-view><prism-stylesheet guid="Ia3024d301b6a11d89fc5f34981d3242f"/><prism-clipdate>20150727094414</prism-clipdate></n-metadata>
<n-docbody><document version="1" collection="D-ARKANEWS-T001" first-load-date="20150727094414" ip-product="ARKANEWS" royalty-id="84104" data-model="text" dtd-version="5.2.29" content-type="news" load-language="en" pnac="nNRA01pkbo" pnac-date="20150727T143701.799"><supplier-info><supplier-num nitf="doc-id" nitf-regsrc="ARKA News Agency" type="accession">30600001625e2635</supplier-num><internal-acc-num db-id="NEPRARKA" type="newz">20150727170.1_V30600001625e2635</internal-acc-num><rec-status><last-load-date>20150727094414</last-load-date><nitf-date ne="datereceived">20150727T14:37:01Z</nitf-date><nitf-date nitf="date-issue">20150727T00:00:00Z</nitf-date><last-provider-update>20150727143701</last-provider-update></rec-status><supplier-copyright>Copyright Â© 2015 ARKA<copyright-year/><copyright-holder>ARKA</copyright-holder></supplier-copyright><supplier-note nitf="urgency" nitf-ed-urg="4"/><nitf-meta-content name="recommendable">1</nitf-meta-content><nitf-meta-content name="_newsmlg2-hashtype=nr-htype:doc-group-fuzzy">17926|34982|98619|57684|31935|63014|73716|31630|21508|63550|27226|12568|107223|106873|12323|71659|25700|31283|21889|94844|91461|54041|80659|66164|57428|81372|56880|1046|92635|40805|38192|4547|19344|67884|75703|81539|73182|48401|34093|29413|83389|36249|103566|27|36008|75776|24300|88028|70106|7946|54491|3432|104396|4281|106386|74636|</nitf-meta-content><nitf-meta-content name="_newsmlg2-hashtype=nr-htype:doc-group-content-length">655</nitf-meta-content><nitf-meta-content name="_newsmlg2-hashtype=nr-htype:doc-group-simple">79ab44830975df88fde332a9c8646fd82c643e3d</nitf-meta-content><supplier-dtds><dtd dtd-version="working" dtd-date="20150715T00:00:00Z">Canonical Taxonomy</dtd><dtd dtd-version="20150707" dtd-date="20150715T00:00:00Z">Mapping File</dtd></supplier-dtds><copyright-block type="dialog"><service-copyright n-include_guid="Ice671660f30811d88920000083149a14" n-include_collection="D-DIALOGCOPYRIGHTS-T001"/></copyright-block><copyright-block type="west"><service-copyright n-include_guid="I1DA35ED81DD211B281BAD200220BDFCA" n-include_collection="w_wlnv_msg"/></copyright-block><west-citation-block><bop/><first-line-cite><bos/>7/27/15 NEWS 00:00:00<eos/></first-line-cite><second-line-cite><bos/>7/27/15 ARKA News Agency 00:00:00<eos/></second-line-cite><eop/></west-citation-block></supplier-info><title-info iso-language="en"><bop/><title type="headline" nitf-hedline="hl1" key="key-title"><bos/><sort-title>IN 2-3 YEARS ARMENIA WILL BECOME LEADING PRODUCER OF ELECTRONIC GAMES- UITE SAYS</sort-title><eos/></title><eop/></title-info><pub-info><journal key="key-journal"><bop/><bos/><sort-journal>ARKA News Agency</sort-journal><eos/><eop/></journal><pub-date key="key-date" iso-time="T00:00:00Z" type="date.publication"><full-pub-date>July 27, 2015</full-pub-date><sort-pub-date>20150727</sort-pub-date><sort-pub-timestamp>20150727000000</sort-pub-timestamp><rank-date>20150727</rank-date><currency-timestamp>20150727000000</currency-timestamp></pub-date><original-pub><language iso-language="en">English</language></original-pub><src-data><src-journal-code>ANPV</src-journal-code><src-pub-code>0063786</src-pub-code><src-pub-type>Newswire</src-pub-type><src-pub-country-wrap><src-pub-country-code>GE</src-pub-country-code><src-pub-country>Georgia CIS</src-pub-country></src-pub-country-wrap><src-pub-region>Europe</src-pub-region></src-data></pub-info><content iso-language="en"><total-char-count>1051</total-char-count><derived-word-count><bop/><bos/>Word Count: 155<eos/><eop/></derived-word-count><text type="lead-para"><p nitf="lede"><bop/><bos/><cite.query w-seq-number="00001" w-ref-type="WC" w-normalized-cite="I76DF065242BE11DDA1BC0014224D2780" ID="I0285fad0346e11e5a9caa63519d2663c">INFORMATION TECHNOLOGIES</cite.query><eos/><eop/></p><p nitf="lede"><bop/><bos/>YEREVAN, July 27. / ARKA /. In 2-3 years Armenia will become a leading global manufacturer of electronic games, the chairman of the Union of <cite.query w-seq-number="00002" w-ref-type="NM" w-normalized-cite="canonical_name::INFORMATION TECHNOLOGY ENTERPRISES" ID="I02a1e740346e11e5a9caa63519d2663c">Information Technology Enterprises</cite.query> (UITE) Karen Vardanyan said in an interview with kavkazoved.info, adding that Shadowmatic, a mobile application game developed by <cite.query w-seq-number="00003" w-ref-type="NM" w-normalized-cite="canonical_name::TRIADA STUDIO" ID="I02a1e741346e11e5a9caa63519d2663c">Triada Studio</cite.query>, an Armenian information technology company, was awarded an <cite.query w-seq-number="00004" w-ref-type="NM" w-normalized-cite="canonical_name::APPLE DESIGN" ID="I02a1e742346e11e5a9caa63519d2663c">Apple Design</cite.query> Award earlier this year at the <cite.query w-seq-number="00005" w-ref-type="MM" w-normalized-cite="canonical_name::APPLE" ID="I02a1e743346e11e5a9caa63519d2663c">Apple</cite.query> Worldwide Developers Conference in San Francisco.<eos/><eop/></p></text><text type="body"><p><bop/><bos/>According to Vardanyan, Armenian IT products can compete in the world market. <eos/><bos/>To substantiate he referred TO PixArt which in the US alone has been downloaded 200 million times and Zangi, which, according to him, can compete with <cite.query w-seq-number="00006" w-ref-type="MM" w-normalized-cite="canonical_name::SKYPE" ID="I02b1c5c0346e11e5a9caa63519d2663c">Skype</cite.query>.<eos/><eop/></p><p><bop/><bos/>According to the latest data, sales of <cite.query w-seq-number="00007" w-ref-type="NM" w-normalized-cite="canonical_name::SHADOWMATIC" ID="I02bee520346e11e5a9caa63519d2663c">Shadowmatic</cite.query> have surged ten times after a special discount was announced by <cite.query w-seq-number="00008" w-ref-type="MM" w-normalized-cite="canonical_name::APPLE" ID="I02bee521346e11e5a9caa63519d2663c">Apple</cite.query>. <eos/><bos/>Shadowmatic was launched on January 15. <eos/><bos/>It is available in 14 languages, including Armenian and now features new additions playing modes, including Arcade Mode and new levels for children.-0-<eos/><eop/></p></text></content><indexing iso-language="en" value-add="machine-generated"><classification-terms><pres-location-block><bop/><bos/><pres-location-wrap><pres-location>Armenia</pres-location><pres-location-code>ISOAM</pres-location-code><alt1-location-code>1AR09</alt1-location-code></pres-location-wrap><pres-location-wrap><pres-location>CIS Countries</pres-location><pres-location-code>CISSTAT</pres-location-code><alt1-location-code>1CI64</alt1-location-code></pres-location-wrap><pres-location-wrap><pres-location>Eastern Europe</pres-location><pres-location-code>GEOEEUR</pres-location-code><alt1-location-code>1EA48</alt1-location-code></pres-location-wrap><pres-location-wrap><pres-location>Europe</pres-location><pres-location-code>GEOEUR</pres-location-code><alt1-location-code>1EU83</alt1-location-code></pres-location-wrap><eos/><eop/></pres-location-block></classification-terms><classification-terms><pres-subject-block><bop/><bos/><pres-subject-wrap><pres-subject>Major Corporations</pres-subject><pres-subject-code>MAJCORP</pres-subject-code><alt1-subject-code>1MA93</alt1-subject-code></pres-subject-wrap><eos/><eop/></pres-subject-block><pres-industry-block><bop/><bos/><pres-industry-wrap><pres-industry>Computer Equipment</pres-industry><pres-industry-code>CPTROVER</pres-industry-code><alt1-industry-code>1CO77</alt1-industry-code></pres-industry-wrap><pres-industry-wrap><pres-industry>Consumer Electronics</pres-industry><pres-industry-code>CEOVR</pres-industry-code><alt1-industry-code>1CO61</alt1-industry-code></pres-industry-wrap><pres-industry-wrap><pres-industry>Consumer Products &amp; Services</pres-industry><pres-industry-code>BUYBUY</pres-industry-code><alt1-industry-code>1CO62</alt1-industry-code></pres-industry-wrap><pres-industry-wrap><pres-industry>Consumer Video Products</pres-industry><pres-industry-code>CEVIDEO</pres-industry-code><alt1-industry-code>1CO02</alt1-industry-code></pres-industry-wrap><pres-industry-wrap><pres-industry>Electronics</pres-industry><pres-industry-code>ETRONICS</pres-industry-code><alt1-industry-code>1EL16</alt1-industry-code></pres-industry-wrap><pres-industry-wrap><pres-industry>I.T.</pres-industry><pres-industry-code>ITOVER</pres-industry-code><alt1-industry-code>1IT96</alt1-industry-code></pres-industry-wrap><pres-industry-wrap><pres-industry>PC, Video &amp; Online Games</pres-industry><pres-industry-code>GAMES</pres-industry-code><alt1-industry-code>1PC44</alt1-industry-code></pres-industry-wrap><eos/><eop/></pres-industry-block></classification-terms><classification-terms><rcs-block><rcs>B:169</rcs><rcs>G:B2</rcs><rcs>G:7I</rcs><rcs>B:69</rcs><rcs>B:78</rcs><rcs>G:Y</rcs><rcs>B:162</rcs><rcs>B:75</rcs><rcs>M:NL</rcs><rcs>B:161</rcs><rcs>M:QQ</rcs><rcs>G:B</rcs><rcs>B:81</rcs><rcs>G:A</rcs><rcs>G:AJ</rcs></rcs-block></classification-terms><extraction-terms><extr-company-block><bop/><bos/><norm-company oa-id="4295905573">APPLE INC</norm-company><norm-company-wrap occur-sequence="1,3"><norm-company-name>APPLE INC</norm-company-name><company-ids><oa-id>4295905573</oa-id><ric norm="AAPL.OQ">AAPL.OQ</ric></company-ids><company-classification><trbc-wrap><trbc type="RCS">B:1758</trbc><trbc type="2012">5710601010</trbc><trbc type="perm-id">4294951243</trbc></trbc-wrap></company-classification><relevancy engine="1C">0.2</relevancy><confidence engine="1C">0.92</confidence></norm-company-wrap><norm-company oa-id="5034847935">SKYPE INC</norm-company><norm-company-wrap occur-sequence="2"><norm-company-name>SKYPE INC</norm-company-name><company-ids><oa-id>5034847935</oa-id></company-ids><relevancy engine="1C">0.2</relevancy><confidence engine="1C">0.61</confidence></norm-company-wrap><eos/><eop/></extr-company-block></extraction-terms><extraction-terms><extr-person-block><bop/><bos/><extr-person>Karen Vardanyan</extr-person><extr-person-wrap><extr-person-name>Karen Vardanyan</extr-person-name><relevancy engine="1C">0.2</relevancy></extr-person-wrap><eos/><eop/></extr-person-block></extraction-terms></indexing></document></n-docbody>
</n-document>
<n-document guid="Iaff94120321811e5b82f93b894043e0c"><n-metadata><metadata.block><md.identifiers><md.cites><md.first.line.cite>7/24/15 NEWS 00:00:00</md.first.line.cite><md.second.line.cite>7/24/15 ARKA News Agency 00:00:00</md.second.line.cite></md.cites><md.uuid>Iaff94120321811e5b82f93b894043e0c</md.uuid></md.identifiers><md.infotype>news</md.infotype><md.sortkeys><md.ordersequence>f47363bec</md.ordersequence></md.sortkeys><md.descriptions><md.title>EU APPROVES NOKIA ACQUISITION OF ALCATEL-LUCENT</md.title><md.westlawdescrip><md.readlist>READLIST</md.readlist></md.westlawdescrip></md.descriptions><md.dates><md.publisheddatetime>20150724103404</md.publisheddatetime><md.loaddate>20150724</md.loaddate><md.createddatetime>20150724103404</md.createddatetime></md.dates><md.subjects><md.subject><md.pubtype.name/><md.doctype.name>DNR</md.doctype.name><md.doctype.rank/><md.view>CNGE</md.view><md.view>RGEurope</md.view><md.view>PTNewswires</md.view><md.view>ARKANEWS0063786</md.view><md.view>INALLNEWS_ACTEST</md.view><md.view>INFARNEWS_AC</md.view><md.view>MARKETSEIKON_CN</md.view><md.view>MARKETSEIKON</md.view><md.view>CB_ASIAWIRES</md.view><md.view>INWIRES_AC</md.view><md.view>GULF_INTL</md.view><md.view>ININTNEWS_AC</md.view><md.view>ANZ_INTLOS</md.view><md.view>CLEAR_RF</md.view><md.view>INALLNEWS_AC</md.view><md.view>INNEWSINT_PRO</md.view><md.view>INBUSNEWS</md.view><md.view>INNEWSWORLD_PRO</md.view><md.view>INBUSNEWS_AC</md.view></md.subject></md.subjects><md.jurisdictions><md.jurisdiction><md.jurisstate>FE</md.jurisstate></md.jurisdiction></md.jurisdictions><md.publications><md.publication/><md.sourcepubid>ARKANEWS</md.sourcepubid></md.publications><md.royalty><md.royalty.code>84104</md.royalty.code></md.royalty></metadata.block><news.metadata.block><md.text.preview>COMPANIESYEREVAN, July 24. / ARKA /. The European Commission has given the green light to Nokia&apos;s acquisition of telecoms equipment company Alcatel-Lucent for $16.6 billion, according to news reports.</md.text.preview></news.metadata.block><newsplus.recommendable/><n-view>CNGE</n-view><n-view>RGEurope</n-view><n-view>PTNewswires</n-view><n-view>ARKANEWS0063786</n-view><n-view>INALLNEWS_ACTEST</n-view><n-view>INFARNEWS_AC</n-view><n-view>MARKETSEIKON_CN</n-view><n-view>MARKETSEIKON</n-view><n-view>CB_ASIAWIRES</n-view><n-view>INWIRES_AC</n-view><n-view>GULF_INTL</n-view><n-view>ININTNEWS_AC</n-view><n-view>ANZ_INTLOS</n-view><n-view>CLEAR_RF</n-view><n-view>INALLNEWS_AC</n-view><n-view>INNEWSINT_PRO</n-view><n-view>INBUSNEWS</n-view><n-view>INNEWSWORLD_PRO</n-view><n-view>INBUSNEWS_AC</n-view><prism-stylesheet guid="Ia3024d301b6a11d89fc5f34981d3242f"/><prism-clipdate>20150724103404</prism-clipdate></n-metadata>
<n-docbody><document version="1" collection="D-ARKANEWS-T001" first-load-date="20150724103404" ip-product="ARKANEWS" royalty-id="84104" data-model="text" dtd-version="5.2.29" content-type="news" load-language="en" pnac="nNRA01gy5u" pnac-date="20150724T152851.762"><supplier-info><supplier-num nitf="doc-id" nitf-regsrc="ARKA News Agency" type="accession">b6d400024b8658a5</supplier-num><internal-acc-num db-id="NEPRARKA" type="newz">20150724170.1_Vb6d400024b8658a5</internal-acc-num><rec-status><last-load-date>20150724103404</last-load-date><nitf-date ne="datereceived">20150724T15:28:51Z</nitf-date><nitf-date nitf="date-issue">20150724T00:00:00Z</nitf-date><last-provider-update>20150724152851</last-provider-update></rec-status><supplier-copyright>Copyright Â© 2015 ARKA<copyright-year/><copyright-holder>ARKA</copyright-holder></supplier-copyright><supplier-note nitf="urgency" nitf-ed-urg="4"/><nitf-meta-content name="recommendable">0</nitf-meta-content><nitf-meta-content name="_newsmlg2-hashtype=nr-htype:doc-group-fuzzy">53950|21179|98619|97163|96831|53914|78893|64094|38831|84083|110808|52970|9530|52530|84461|99802|62301|85229|75114|12333|103201|34049|44081|106666|22448|61954|36908|52270|82678|14909|21563|25234|73182|8215|68915|55152|25110|74693|77845|7194|106126|102409|93840|67350|88868|105625|94981|94058|9160|31200|19150|90828|99396|98907|40394|65604|8697|110855|84162|88913|</nitf-meta-content><nitf-meta-content name="_newsmlg2-hashtype=nr-htype:doc-group-content-length">829</nitf-meta-content><nitf-meta-content name="_newsmlg2-hashtype=nr-htype:doc-group-simple">313bb18aac21d77b8cfbfadb25a1f7dac47ce3b9</nitf-meta-content><supplier-dtds><dtd dtd-version="working" dtd-date="20150715T00:00:00Z">Canonical Taxonomy</dtd><dtd dtd-version="20150707" dtd-date="20150715T00:00:00Z">Mapping File</dtd></supplier-dtds><copyright-block type="dialog"><service-copyright n-include_guid="Ice671660f30811d88920000083149a14" n-include_collection="D-DIALOGCOPYRIGHTS-T001"/></copyright-block><copyright-block type="west"><service-copyright n-include_guid="I1DA35ED81DD211B281BAD200220BDFCA" n-include_collection="w_wlnv_msg"/></copyright-block><west-citation-block><bop/><first-line-cite><bos/>7/24/15 NEWS 00:00:00<eos/></first-line-cite><second-line-cite><bos/>7/24/15 ARKA News Agency 00:00:00<eos/></second-line-cite><eop/></west-citation-block></supplier-info><title-info iso-language="en"><bop/><title type="headline" nitf-hedline="hl1" key="key-title"><bos/><sort-title><cite.query w-seq-number="00001" w-ref-type="MM" w-normalized-cite="canonical_name::EU" ID="I75af6bb0321911e59b03ee0bf039a640">EU</cite.query> APPROVES <cite.query w-seq-number="00002" w-ref-type="MM" w-normalized-cite="canonical_name::NOKIA" ID="I75af6bb1321911e59b03ee0bf039a640">NOKIA</cite.query> ACQUISITION OF <cite.query w-seq-number="00003" w-ref-type="MM" w-normalized-cite="canonical_name::ALCATEL LUCENT" ID="I75af6bb2321911e59b03ee0bf039a640">ALCATEL-LUCENT</cite.query></sort-title><eos/></title><eop/></title-info><pub-info><journal key="key-journal"><bop/><bos/><sort-journal>ARKA News Agency</sort-journal><eos/><eop/></journal><pub-date key="key-date" iso-time="T00:00:00Z" type="date.publication"><full-pub-date>July 24, 2015</full-pub-date><sort-pub-date>20150724</sort-pub-date><sort-pub-timestamp>20150724000000</sort-pub-timestamp><rank-date>20150724</rank-date><currency-timestamp>20150724000000</currency-timestamp></pub-date><original-pub><language iso-language="en">English</language></original-pub><src-data><src-journal-code>ANPV</src-journal-code><src-pub-code>0063786</src-pub-code><src-pub-type>Newswire</src-pub-type><src-pub-country-wrap><src-pub-country-code>GE</src-pub-country-code><src-pub-country>Georgia CIS</src-pub-country></src-pub-country-wrap><src-pub-region>Europe</src-pub-region></src-data></pub-info><content iso-language="en"><total-char-count>1385</total-char-count><derived-word-count><bop/><bos/>Word Count: 215<eos/><eop/></derived-word-count><text type="lead-para"><p nitf="lede"><bop/>COMPANIES<eop/></p><p nitf="lede"><bop/><bos/>YEREVAN, July 24. / ARKA /. The <cite.query w-seq-number="00004" w-ref-type="CO" w-normalized-cite="I9A5E7BD06D0D11DF88BA8DF7398A82F3" ID="I75c45340321911e59b03ee0bf039a640">European Commission</cite.query> has given the green light to <cite.query w-seq-number="00005" w-ref-type="MM" w-normalized-cite="canonical_name::NOKIA" ID="I75c45341321911e59b03ee0bf039a640">Nokia</cite.query>&apos;s acquisition of telecoms equipment company <cite.query w-seq-number="00006" w-ref-type="MM" w-normalized-cite="canonical_name::ALCATEL LUCENT" ID="I75c45342321911e59b03ee0bf039a640">Alcatel-Lucent</cite.query> for $16.6 billion, according to news reports.<eos/><eop/></p></text><text type="body"><p><bop/><bos/>The <cite.query w-seq-number="00007" w-ref-type="NM" w-normalized-cite="canonical_name::COMMISSION" ID="I75d1e7d0321911e59b03ee0bf039a640">Commission</cite.query> noted that the deal would &quot;not raise competition concerns&quot; because &quot;the parties are not close competitors and a number of strong global competitors will remain active.&quot;<eos/><eop/></p><p><bop/><bos/><cite.query w-seq-number="00008" w-ref-type="MM" w-normalized-cite="canonical_name::NOKIA" ID="I763823b0321911e59b03ee0bf039a640">Nokia</cite.query>&apos;s strength in the telecoms industry is centered on Europe, said the <cite.query w-seq-number="00009" w-ref-type="NM" w-normalized-cite="canonical_name::COMMISSION" ID="I763823b1321911e59b03ee0bf039a640">Commission</cite.query>, while <cite.query w-seq-number="00010" w-ref-type="MM" w-normalized-cite="canonical_name::ALCATEL LUCENT" ID="I763823b2321911e59b03ee0bf039a640">Alcatel-Lucent</cite.query>&apos;s main presence is in North America. <eos/><bos/>It added that with industry leader <cite.query w-seq-number="00011" w-ref-type="MM" w-normalized-cite="canonical_name::ERICSSON" ID="I763823b3321911e59b03ee0bf039a640">Ericsson</cite.query> still in operation alongside Asian rivals <cite.query w-seq-number="00012" w-ref-type="MM" w-normalized-cite="canonical_name::SAMSUNG" ID="I763823b4321911e59b03ee0bf039a640">Samsung</cite.query>, <cite.query w-seq-number="00013" w-ref-type="MM" w-normalized-cite="canonical_name::HUAWEI" ID="I763823b5321911e59b03ee0bf039a640">Huawei</cite.query>, and <cite.query w-seq-number="00014" w-ref-type="CO" w-normalized-cite="I2DB1BDD0003711E184BD9FF55C91DD55" ID="I763823b6321911e59b03ee0bf039a640">ZTE</cite.query>, there remains a competitive market for telecoms equipment.<eos/><eop/></p><p><bop/><bos/>The newly approved deal is the latest milestone in <cite.query w-seq-number="00015" w-ref-type="MM" w-normalized-cite="canonical_name::NOKIA" ID="I764283f0321911e59b03ee0bf039a640">Nokia</cite.query>&apos;s transition from a company with major interests in consumer markets to an operation focused primarily on business and industry clients.<eos/><eop/></p><p><bop/><bos/><cite.query w-seq-number="00016" w-ref-type="MM" w-normalized-cite="canonical_name::NOKIA" ID="I766aa560321911e59b03ee0bf039a640">Nokia</cite.query>&apos;s failure to keep up with the mobile market is well known, with the acquisition of its handset business by <cite.query w-seq-number="00017" w-ref-type="MM" w-normalized-cite="canonical_name::MICROSOFT" ID="I766aa561321911e59b03ee0bf039a640">Microsoft</cite.query> recently written off for $7.6 billion (although <cite.query w-seq-number="00018" w-ref-type="MM" w-normalized-cite="canonical_name::NOKIA" ID="I766aa562321911e59b03ee0bf039a640">Nokia</cite.query> has made a few attempts to perpetuate its brand).<eos/><eop/></p><p><bop/><bos/>The company is also thought to be selling its Here Maps businesses to a consortium of automakers including Audi, <cite.query w-seq-number="00019" w-ref-type="WC" w-normalized-cite="I89F92090571511E080258F0E01953BF2" ID="I7681afd0321911e59b03ee0bf039a640">BMW</cite.query>, and <cite.query w-seq-number="00020" w-ref-type="MM" w-normalized-cite="canonical_name::MERCEDES" ID="I7681afd1321911e59b03ee0bf039a640">Mercedes</cite.query>. <eos/><bos/>While a mobile company might have found a good use for an integrated maps business, the new <cite.query w-seq-number="00021" w-ref-type="MM" w-normalized-cite="canonical_name::NOKIA" ID="I7681afd2321911e59b03ee0bf039a640">Nokia</cite.query>&apos;s interests evidently lie elsewhere.-0-<eos/><eop/></p></text></content><indexing iso-language="en" value-add="machine-generated"><classification-terms><pres-location-block><bop/><bos/><pres-location-wrap><pres-location>Europe</pres-location><pres-location-code>GEOEUR</pres-location-code><alt1-location-code>1EU83</alt1-location-code></pres-location-wrap><pres-location-wrap><pres-location>Northern Europe</pres-location><pres-location-code>GEONEUR</pres-location-code><alt1-location-code>1NO01</alt1-location-code></pres-location-wrap><pres-location-wrap><pres-location>Scandinavia</pres-location><pres-location-code>GEOSCAND</pres-location-code><alt1-location-code>1SC27</alt1-location-code></pres-location-wrap><pres-location-wrap><pres-location>Western Europe</pres-location><pres-location-code>GEOWEUR</pres-location-code><alt1-location-code>1WE41</alt1-location-code></pres-location-wrap><eos/><eop/></pres-location-block></classification-terms><classification-terms><pres-subject-block><bop/><bos/><pres-subject-wrap><pres-subject>Business Management</pres-subject><pres-subject-code>BIZMGMT</pres-subject-code><alt1-subject-code>1BU42</alt1-subject-code></pres-subject-wrap><pres-subject-wrap><pres-subject>Corporate Events</pres-subject><pres-subject-code>BUSEVENT</pres-subject-code><alt1-subject-code>1CR05</alt1-subject-code></pres-subject-wrap><pres-subject-wrap><pres-subject>Corporate Groups &amp; Ownership</pres-subject><pres-subject-code>PTCPGRP</pres-subject-code><alt1-subject-code>1XO09</alt1-subject-code></pres-subject-wrap><pres-subject-wrap><pres-subject>Major Corporations</pres-subject><pres-subject-code>MAJCORP</pres-subject-code><alt1-subject-code>1MA93</alt1-subject-code></pres-subject-wrap><pres-subject-wrap><pres-subject>Mergers &amp; Acquisitions</pres-subject><pres-subject-code>MERGERS</pres-subject-code><alt1-subject-code>1ME39</alt1-subject-code></pres-subject-wrap><eos/><eop/></pres-subject-block><pres-industry-block><bop/><bos/><pres-industry-wrap><pres-industry>Automobiles</pres-industry><pres-industry-code>AUTOMODL</pres-industry-code><alt1-industry-code>1AU45</alt1-industry-code></pres-industry-wrap><pres-industry-wrap><pres-industry>Automotive</pres-industry><pres-industry-code>AUTONEWS</pres-industry-code><alt1-industry-code>1AU29</alt1-industry-code></pres-industry-wrap><pres-industry-wrap><pres-industry>Automotive Models</pres-industry><pres-industry-code>AUTOPROD</pres-industry-code><alt1-industry-code>1AU61</alt1-industry-code></pres-industry-wrap><pres-industry-wrap><pres-industry>Land Transportation</pres-industry><pres-industry-code>LANDTRAN</pres-industry-code><alt1-industry-code>1LA43</alt1-industry-code></pres-industry-wrap><pres-industry-wrap><pres-industry>Passenger Transportation</pres-industry><pres-industry-code>PASSENGR</pres-industry-code><alt1-industry-code>1PA35</alt1-industry-code></pres-industry-wrap><pres-industry-wrap><pres-industry>Telecom</pres-industry><pres-industry-code>TITOP</pres-industry-code><alt1-industry-code>1TE27</alt1-industry-code></pres-industry-wrap><pres-industry-wrap><pres-industry>Telecom Carriers &amp; Operators</pres-industry><pres-industry-code>TELCOOV</pres-industry-code><alt1-industry-code>1TE56</alt1-industry-code></pres-industry-wrap><pres-industry-wrap><pres-industry>Transportation</pres-industry><pres-industry-code>GETRAN</pres-industry-code><alt1-industry-code>1TR48</alt1-industry-code></pres-industry-wrap><eos/><eop/></pres-industry-block></classification-terms><classification-terms><rcs-block><rcs>G:3</rcs><rcs>B:177</rcs><rcs>E:J</rcs><rcs>B:69</rcs><rcs>B:66</rcs><rcs>B:56</rcs><rcs>B:65</rcs><rcs>G:M</rcs><rcs>B:71</rcs><rcs>M:Z</rcs><rcs>E:1</rcs><rcs>G:A</rcs></rcs-block></classification-terms><extraction-terms><extr-company-block><bop/><bos/><norm-company oa-id="4295867927">ALCATEL LUCENT SA</norm-company><norm-company-wrap occur-sequence="2,4,6"><norm-company-name>ALCATEL LUCENT SA</norm-company-name><company-ids><oa-id>4295867927</oa-id><ric norm="ALUA.PA">ALUA.PA</ric></company-ids><company-classification><trbc-wrap><trbc type="RCS">B:1750</trbc><trbc type="2012">5710201010</trbc><trbc type="perm-id">4294951251</trbc></trbc-wrap></company-classification><relevancy engine="1C">0.8</relevancy><confidence engine="1C">1</confidence></norm-company-wrap><norm-company oa-id="4295869354">AUDI AG</norm-company><norm-company-wrap occur-sequence="15"><norm-company-name>AUDI AG</norm-company-name><company-ids><oa-id>4295869354</oa-id><ric norm="NSUG.DE">NSUG.DE</ric></company-ids><company-classification><trbc-wrap><trbc type="RCS">B:1294</trbc><trbc type="2012">5310101012</trbc><trbc type="perm-id">4294951707</trbc></trbc-wrap></company-classification><relevancy engine="1C">0.2</relevancy><confidence engine="1C">1</confidence></norm-company-wrap><norm-company oa-id="4295869227">BAYERISCHE MOTOREN WERKE AG</norm-company><norm-company-wrap occur-sequence="16"><norm-company-name>BAYERISCHE MOTOREN WERKE AG</norm-company-name><company-ids><oa-id>4295869227</oa-id><ric norm="BMWG.DE">BMWG.DE</ric></company-ids><company-classification><trbc-wrap><trbc type="RCS">B:1292</trbc><trbc type="2012">5310101010</trbc><trbc type="perm-id">4294951709</trbc></trbc-wrap></company-classification><relevancy engine="1C">0.2</relevancy><confidence engine="1C">1</confidence></norm-company-wrap><norm-company oa-id="4296309931">HUAWEI TECHNOLOGIES CO LTD</norm-company><norm-company-wrap occur-sequence="9"><norm-company-name>HUAWEI TECHNOLOGIES CO LTD</norm-company-name><company-ids><oa-id>4296309931</oa-id></company-ids><company-classification><trbc-wrap><trbc type="RCS">B:1821</trbc><trbc type="2012">5810102014</trbc><trbc type="perm-id">4294951180</trbc></trbc-wrap></company-classification><relevancy engine="1C">0.2</relevancy><confidence engine="1C">0.99</confidence></norm-company-wrap><norm-company oa-id="4295890008">LM ERICSSON TELEPHONE CO</norm-company><norm-company-wrap occur-sequence="7"><norm-company-name>LM ERICSSON TELEPHONE CO</norm-company-name><company-ids><oa-id>4295890008</oa-id><ric norm="ERICb.ST">ERICb.ST</ric></company-ids><company-classification><trbc-wrap><trbc type="RCS">B:1750</trbc><trbc type="2012">5710201010</trbc><trbc type="perm-id">4294951251</trbc></trbc-wrap></company-classification><relevancy engine="1C">0.2</relevancy><confidence engine="1C">0.91</confidence></norm-company-wrap><norm-company oa-id="5035753357">MERCEDES INDEPENDENT SCHOOL DISTRICT</norm-company><norm-company-wrap occur-sequence="17"><norm-company-name>MERCEDES INDEPENDENT SCHOOL DISTRICT</norm-company-name><company-ids><oa-id>5035753357</oa-id></company-ids><relevancy engine="1C">0.2</relevancy><confidence engine="1C">0.99</confidence></norm-company-wrap><norm-company oa-id="4295907168">MICROSOFT CORP</norm-company><norm-company-wrap occur-sequence="13"><norm-company-name>MICROSOFT CORP</norm-company-name><company-ids><oa-id>4295907168</oa-id><ric norm="MSFT.OQ">MSFT.OQ</ric></company-ids><company-classification><trbc-wrap><trbc type="RCS">B:1796</trbc><trbc type="2012">5720102010</trbc><trbc type="perm-id">4294951205</trbc></trbc-wrap></company-classification><relevancy engine="1C">0.5</relevancy><confidence engine="1C">0.99</confidence></norm-company-wrap><norm-company oa-id="4295866480">NOKIA OYJ</norm-company><norm-company-wrap occur-sequence="1,3,5,11,12,14,18"><norm-company-name>NOKIA OYJ</norm-company-name><company-ids><oa-id>4295866480</oa-id><ric norm="NOK1V.HE">NOK1V.HE</ric></company-ids><company-classification><trbc-wrap><trbc type="RCS">B:1769</trbc><trbc type="2012">5710602011</trbc><trbc type="perm-id">4294951232</trbc></trbc-wrap></company-classification><relevancy engine="1C">0.8</relevancy><confidence engine="1C">0.99</confidence></norm-company-wrap><norm-company oa-id="4295882451">SAMSUNG ELECTRONICS CO LTD</norm-company><norm-company-wrap occur-sequence="8"><norm-company-name>SAMSUNG ELECTRONICS CO LTD</norm-company-name><company-ids><oa-id>4295882451</oa-id><ric norm="005930.KS">005930.KS</ric></company-ids><company-classification><trbc-wrap><trbc type="RCS">B:1768</trbc><trbc type="2012">5710602010</trbc><trbc type="perm-id">4294951233</trbc></trbc-wrap></company-classification><relevancy engine="1C">0.2</relevancy><confidence engine="1C">0.98</confidence></norm-company-wrap><norm-company oa-id="4295865240">ZTE CORP</norm-company><norm-company-wrap occur-sequence="10"><norm-company-name>ZTE CORP</norm-company-name><company-ids><oa-id>4295865240</oa-id><ric norm="000063.SZ">000063.SZ</ric></company-ids><company-classification><trbc-wrap><trbc type="RCS">B:1750</trbc><trbc type="2012">5710201010</trbc><trbc type="perm-id">4294951251</trbc></trbc-wrap></company-classification><relevancy engine="1C">0.2</relevancy><confidence engine="1C">0.72</confidence></norm-company-wrap><eos/><eop/></extr-company-block></extraction-terms></indexing></document></n-docbody>
</n-document>
<n-document guid="I2b5c35c0315611e5b054a61b2ac64eb9"><n-metadata><metadata.block><md.identifiers><md.cites><md.first.line.cite>7/23/15 NEWS 00:00:00</md.first.line.cite><md.second.line.cite>7/23/15 ARKA News Agency 00:00:00</md.second.line.cite></md.cites><md.uuid>I2b5c35c0315611e5b054a61b2ac64eb9</md.uuid></md.identifiers><md.infotype>news</md.infotype><md.sortkeys><md.ordersequence>f47363bec</md.ordersequence></md.sortkeys><md.descriptions><md.title>FACEBOOK FOUNDER MOVES TO 9TH PLACE IN BLOOMBERG&apos;S BILLIONAIRE LIST</md.title><md.westlawdescrip><md.readlist>READLIST</md.readlist></md.westlawdescrip></md.descriptions><md.dates><md.publisheddatetime>20150723112111</md.publisheddatetime><md.loaddate>20150723</md.loaddate><md.createddatetime>20150723112111</md.createddatetime></md.dates><md.subjects><md.subject><md.pubtype.name/><md.doctype.name>DNR</md.doctype.name><md.doctype.rank/><md.view>CNGE</md.view><md.view>RGEurope</md.view><md.view>PTNewswires</md.view><md.view>ARKANEWS0063786</md.view><md.view>INALLNEWS_ACTEST</md.view><md.view>INFARNEWS_AC</md.view><md.view>MARKETSEIKON_CN</md.view><md.view>MARKETSEIKON</md.view><md.view>CB_ASIAWIRES</md.view><md.view>INWIRES_AC</md.view><md.view>GULF_INTL</md.view><md.view>ININTNEWS_AC</md.view><md.view>ANZ_INTLOS</md.view><md.view>CLEAR_RF</md.view><md.view>INALLNEWS_AC</md.view><md.view>INNEWSINT_PRO</md.view><md.view>INBUSNEWS</md.view><md.view>INNEWSWORLD_PRO</md.view><md.view>INBUSNEWS_AC</md.view></md.subject></md.subjects><md.jurisdictions><md.jurisdiction><md.jurisstate>FE</md.jurisstate></md.jurisdiction></md.jurisdictions><md.publications><md.publication/><md.sourcepubid>ARKANEWS</md.sourcepubid></md.publications><md.royalty><md.royalty.code>84104</md.royalty.code></md.royalty></metadata.block><news.metadata.block><md.text.preview>INFORMATION TECHNOLOGIESYEREVAN, July 23. / ARKA /. The Facebook founder Mark Zuckerberg has moved up to ninth place in Bloomberg&apos;s billionaire list, overtaking IKEA founder Ingvar Kamprad. Zuckerberg, 31, has a fortune of $43.1bn, a rise of $8.6bn</md.text.preview></news.metadata.block><newsplus.recommendable>1</newsplus.recommendable><n-view>CNGE</n-view><n-view>RGEurope</n-view><n-view>PTNewswires</n-view><n-view>ARKANEWS0063786</n-view><n-view>INALLNEWS_ACTEST</n-view><n-view>INFARNEWS_AC</n-view><n-view>MARKETSEIKON_CN</n-view><n-view>MARKETSEIKON</n-view><n-view>CB_ASIAWIRES</n-view><n-view>INWIRES_AC</n-view><n-view>GULF_INTL</n-view><n-view>ININTNEWS_AC</n-view><n-view>ANZ_INTLOS</n-view><n-view>CLEAR_RF</n-view><n-view>INALLNEWS_AC</n-view><n-view>INNEWSINT_PRO</n-view><n-view>INBUSNEWS</n-view><n-view>INNEWSWORLD_PRO</n-view><n-view>INBUSNEWS_AC</n-view><prism-stylesheet guid="Ia3024d301b6a11d89fc5f34981d3242f"/><prism-clipdate>20150723112111</prism-clipdate></n-metadata>
<n-docbody><document version="1" collection="D-ARKANEWS-T001" first-load-date="20150723112111" ip-product="ARKANEWS" royalty-id="84104" data-model="text" dtd-version="5.2.29" content-type="news" load-language="en" pnac="nNRA01ccms" pnac-date="20150723T161626.908"><supplier-info><supplier-num nitf="doc-id" nitf-regsrc="ARKA News Agency" type="accession">10960001b7cd8594</supplier-num><internal-acc-num db-id="NEPRARKA" type="newz">20150723170.1_V10960001b7cd8594</internal-acc-num><rec-status><last-load-date>20150723112111</last-load-date><nitf-date ne="datereceived">20150723T16:16:26Z</nitf-date><nitf-date nitf="date-issue">20150723T00:00:00Z</nitf-date><last-provider-update>20150723161626</last-provider-update></rec-status><supplier-copyright>Copyright Â© 2015 ARKA<copyright-year/><copyright-holder>ARKA</copyright-holder></supplier-copyright><supplier-note nitf="urgency" nitf-ed-urg="4"/><nitf-meta-content name="recommendable">1</nitf-meta-content><nitf-meta-content name="_newsmlg2-hashtype=nr-htype:doc-group-fuzzy">85837|65228|110737|100417|23874|98619|7761|11079|94435|91610|20910|106801|82145|82085|64086|87275|58130|92229|99195|227|16142|47984|21683|48779|63829|48376|103201|28310|69456|99661|28156|81115|88857|68597|3747|33171|33853|98944|61613|16677|24553|557|42002|9480|26953|103566|60535|76630|43422|27615|94971|65310|9705|85986|54839|83125|85194|24300|69297|597|</nitf-meta-content><nitf-meta-content name="_newsmlg2-hashtype=nr-htype:doc-group-content-length">684</nitf-meta-content><nitf-meta-content name="_newsmlg2-hashtype=nr-htype:doc-group-simple">6175f03c27cdd5bb7a59203ccd8b1e4381f53ce0</nitf-meta-content><supplier-dtds><dtd dtd-version="working" dtd-date="20150715T00:00:00Z">Canonical Taxonomy</dtd><dtd dtd-version="20150707" dtd-date="20150715T00:00:00Z">Mapping File</dtd></supplier-dtds><copyright-block type="dialog"><service-copyright n-include_guid="Ice671660f30811d88920000083149a14" n-include_collection="D-DIALOGCOPYRIGHTS-T001"/></copyright-block><copyright-block type="west"><service-copyright n-include_guid="I1DA35ED81DD211B281BAD200220BDFCA" n-include_collection="w_wlnv_msg"/></copyright-block><west-citation-block><bop/><first-line-cite><bos/>7/23/15 NEWS 00:00:00<eos/></first-line-cite><second-line-cite><bos/>7/23/15 ARKA News Agency 00:00:00<eos/></second-line-cite><eop/></west-citation-block></supplier-info><title-info iso-language="en"><bop/><title type="headline" nitf-hedline="hl1" key="key-title"><bos/><sort-title><cite.query w-seq-number="00001" w-ref-type="CO" w-normalized-cite="IE9D0907041EC11DDAD6B0014224D2780" ID="I1f3745e0315711e5972da848a1a4dc4c">FACEBOOK</cite.query> FOUNDER MOVES TO 9TH PLACE IN BLOOMBERG&apos;S BILLIONAIRE LIST</sort-title><eos/></title><eop/></title-info><pub-info><journal key="key-journal"><bop/><bos/><sort-journal>ARKA News Agency</sort-journal><eos/><eop/></journal><pub-date key="key-date" iso-time="T00:00:00Z" type="date.publication"><full-pub-date>July 23, 2015</full-pub-date><sort-pub-date>20150723</sort-pub-date><sort-pub-timestamp>20150723000000</sort-pub-timestamp><rank-date>20150723</rank-date><currency-timestamp>20150723000000</currency-timestamp></pub-date><original-pub><language iso-language="en">English</language></original-pub><src-data><src-journal-code>ANPV</src-journal-code><src-pub-code>0063786</src-pub-code><src-pub-type>Newswire</src-pub-type><src-pub-country-wrap><src-pub-country-code>GE</src-pub-country-code><src-pub-country>Georgia CIS</src-pub-country></src-pub-country-wrap><src-pub-region>Europe</src-pub-region></src-data></pub-info><content iso-language="en"><total-char-count>1236</total-char-count><derived-word-count><bop/><bos/>Word Count: 215<eos/><eop/></derived-word-count><text type="lead-para"><p nitf="lede"><bop/><bos/><cite.query w-seq-number="00002" w-ref-type="WC" w-normalized-cite="I76DF065242BE11DDA1BC0014224D2780" ID="I1f421b50315711e5972da848a1a4dc4c">INFORMATION TECHNOLOGIES</cite.query><eos/><eop/></p><p nitf="lede"><bop/><bos/>YEREVAN, July 23. / ARKA /. The <cite.query w-seq-number="00003" w-ref-type="CO" w-normalized-cite="IE9D0907041EC11DDAD6B0014224D2780" ID="I1f62c2b0315711e5972da848a1a4dc4c">Facebook</cite.query> founder Mark Zuckerberg has moved up to ninth place in <cite.query w-seq-number="00004" w-ref-type="MM" w-normalized-cite="canonical_name::BLOOMBERG" ID="I1f62c2b1315711e5972da848a1a4dc4c">Bloomberg</cite.query>&apos;s billionaire list, overtaking <cite.query w-seq-number="00005" w-ref-type="MM" w-normalized-cite="canonical_name::IKEA" ID="I1f62c2b2315711e5972da848a1a4dc4c">IKEA</cite.query> founder Ingvar Kamprad. <eos/><bos/>Zuckerberg, 31, has a fortune of $43.1bn, a rise of $8.6bn in the year so far.<eos/><eop/></p></text><text type="body"><p><bop/><bos/><cite.query w-seq-number="00006" w-ref-type="CO" w-normalized-cite="IE9D0907041EC11DDAD6B0014224D2780" ID="I1f6b7540315711e5972da848a1a4dc4c">Facebook</cite.query>&apos;s shares hit a record high of $98.39 on Tuesday as analysts prepare for what they believe will be bumper results next week, The Independent said.<eos/><eop/></p><p><bop/><bos/>The shares have risen 25pc so far this year and more than 160pc from their flotation price in 2012. <eos/><bos/><cite.query w-seq-number="00007" w-ref-type="CO" w-normalized-cite="IE9D0907041EC11DDAD6B0014224D2780" ID="I1f73b2a0315711e5972da848a1a4dc4c">Facebook</cite.query> now has a market capitalization of $275bn.<eos/><eop/></p><p><bop/><bos/>The 89-year-old <cite.query w-seq-number="00008" w-ref-type="NM" w-normalized-cite="canonical_name::KAMPARD" ID="I1f89aba0315711e5972da848a1a4dc4c">Kampard</cite.query> has seen his wealth drop by $2.8bn in 2015, to stand at $42.2bn. <eos/><bos/>Zuckerberg is now just $300m behind Larry Ellison in <cite.query w-seq-number="00009" w-ref-type="MM" w-normalized-cite="canonical_name::BLOOMBERG" ID="I1f89aba1315711e5972da848a1a4dc4c">Bloomberg</cite.query>&apos;s list. <eos/><bos/>The <cite.query w-seq-number="00010" w-ref-type="MM" w-normalized-cite="canonical_name::ORACLE" ID="I1f89aba2315711e5972da848a1a4dc4c">Oracle</cite.query> founder is worth $43.4bn. <eos/><bos/>Amazon founder Jeff Bezos is in seventh place with $43.5bn.<eos/><eop/></p><p><bop/><bos/>However, Zuckerberg is still far behind the richest person in the world. <eos/><bos/><cite.query w-seq-number="00011" w-ref-type="MM" w-normalized-cite="canonical_name::MICROSOFT" ID="I1fa6a980315711e5972da848a1a4dc4c">Microsoft</cite.query> founder Bill Gates has a fortune estimated at $85.2bn. <eos/><bos/>He is followed by <cite.query w-seq-number="00012" w-ref-type="CO" w-normalized-cite="I4556EBE341EA11DDAD6B0014224D2780" ID="I1fa6a981315711e5972da848a1a4dc4c">Inditex</cite.query> owner Amancio Ortega with $70.8bn and investor Warren Buffett with $67.6bn.<eos/><eop/></p><p><bop/><bos/>The highest-placed female in <cite.query w-seq-number="00013" w-ref-type="MM" w-normalized-cite="canonical_name::BLOOMBERG" ID="I1fb52870315711e5972da848a1a4dc4c">Bloomberg</cite.query>&apos;s list is Christy Walton. <eos/><bos/>The widow of John T Walton, the second son of <cite.query w-seq-number="00014" w-ref-type="CO" w-normalized-cite="ID586F64060D411E089AC8CE04EA54993" ID="I1fb52871315711e5972da848a1a4dc4c">Wal-Mart</cite.query> founder Sam Walton, has a fortune of $36.8bn.-0-<eos/><eop/></p></text></content><indexing iso-language="en" value-add="machine-generated"><classification-terms><pres-subject-block><bop/><bos/><pres-subject-wrap><pres-subject>Corporate Funding</pres-subject><pres-subject-code>BIZFIN</pres-subject-code><alt1-subject-code>1XO17</alt1-subject-code></pres-subject-wrap><pres-subject-wrap><pres-subject>Equity Instruments</pres-subject><pres-subject-code>STOCKINS</pres-subject-code><alt1-subject-code>1EQ90</alt1-subject-code></pres-subject-wrap><pres-subject-wrap><pres-subject>Flotation</pres-subject><pres-subject-code>PTFLOAT</pres-subject-code><alt1-subject-code>1FL05</alt1-subject-code></pres-subject-wrap><pres-subject-wrap><pres-subject>Funding Instruments</pres-subject><pres-subject-code>INVSTING</pres-subject-code><alt1-subject-code>1FU41</alt1-subject-code></pres-subject-wrap><pres-subject-wrap><pres-subject>Initial Public Offerings (IPOs)</pres-subject><pres-subject-code>IPONEWS</pres-subject-code><alt1-subject-code>1IN65</alt1-subject-code></pres-subject-wrap><pres-subject-wrap><pres-subject>Stock Offerings</pres-subject><pres-subject-code>NEWSTOCK</pres-subject-code><alt1-subject-code>1ST44</alt1-subject-code></pres-subject-wrap><eos/><eop/></pres-subject-block><pres-industry-block><bop/><bos/><pres-industry-wrap><pres-industry>Financial Services</pres-industry><pres-industry-code>FINSVC</pres-industry-code><alt1-industry-code>1FI37</alt1-industry-code></pres-industry-wrap><pres-industry-wrap><pres-industry>Internet</pres-industry><pres-industry-code>INTERNET</pres-industry-code><alt1-industry-code>1IN27</alt1-industry-code></pres-industry-wrap><pres-industry-wrap><pres-industry>Internet Media</pres-industry><pres-industry-code>INTMEDIA</pres-industry-code><alt1-industry-code>1IN67</alt1-industry-code></pres-industry-wrap><pres-industry-wrap><pres-industry>Investment Management</pres-industry><pres-industry-code>INVSTMAN</pres-industry-code><alt1-industry-code>1IN34</alt1-industry-code></pres-industry-wrap><pres-industry-wrap><pres-industry>Online Social Media</pres-industry><pres-industry-code>SOCIALME</pres-industry-code><alt1-industry-code>1ON38</alt1-industry-code></pres-industry-wrap><pres-industry-wrap><pres-industry>Securities Investment</pres-industry><pres-industry-code>PTSECUR</pres-industry-code><alt1-industry-code>1SE57</alt1-industry-code></pres-industry-wrap><eos/><eop/></pres-industry-block></classification-terms><classification-terms><rcs-block><rcs>B:126</rcs><rcs>B:125</rcs><rcs>E:W</rcs><rcs>M:S</rcs><rcs>E:K</rcs><rcs>E:M</rcs><rcs>B:130</rcs><rcs>M:QR</rcs><rcs>B:92</rcs></rcs-block></classification-terms><extraction-terms><extr-company-block><bop/><bos/><norm-company oa-id="4295905494">AMAZON COM INC</norm-company><norm-company-wrap occur-sequence="6"><norm-company-name>AMAZON COM INC</norm-company-name><company-ids><oa-id>4295905494</oa-id><ric norm="AMZN.OQ">AMZN.OQ</ric></company-ids><company-classification><trbc-wrap><trbc type="RCS">B:1464</trbc><trbc type="2012">5340201010</trbc><trbc type="perm-id">4294951537</trbc></trbc-wrap></company-classification><relevancy engine="1C">0.2</relevancy><confidence engine="1C">0.88</confidence></norm-company-wrap><norm-company oa-id="4297297477">FACEBOOK INC</norm-company><norm-company-wrap occur-sequence="1,2,3,4"><norm-company-name>FACEBOOK INC</norm-company-name><company-ids><oa-id>4297297477</oa-id><ric norm="FB.OQ">FB.OQ</ric></company-ids><company-classification><trbc-wrap><trbc type="RCS">B:1806</trbc><trbc type="2012">5720103012</trbc><trbc type="perm-id">4294951195</trbc></trbc-wrap></company-classification><relevancy engine="1C">0.8</relevancy><confidence engine="1C">0.99</confidence></norm-company-wrap><norm-company oa-id="4295889432">INDUSTRIA DE DISENO TEXTIL SA</norm-company><norm-company-wrap occur-sequence="8"><norm-company-name>INDUSTRIA DE DISENO TEXTIL SA</norm-company-name><company-ids><oa-id>4295889432</oa-id><ric norm="ITX.MC">ITX.MC</ric></company-ids><company-classification><trbc-wrap><trbc type="RCS">B:1511</trbc><trbc type="2012">5340304010</trbc><trbc type="perm-id">4294951490</trbc></trbc-wrap></company-classification><relevancy engine="1C">0.2</relevancy><confidence engine="1C">0.65</confidence></norm-company-wrap><norm-company oa-id="4295907168">MICROSOFT CORP</norm-company><norm-company-wrap occur-sequence="7"><norm-company-name>MICROSOFT CORP</norm-company-name><company-ids><oa-id>4295907168</oa-id><ric norm="MSFT.OQ">MSFT.OQ</ric></company-ids><company-classification><trbc-wrap><trbc type="RCS">B:1796</trbc><trbc type="2012">5720102010</trbc><trbc type="perm-id">4294951205</trbc></trbc-wrap></company-classification><relevancy engine="1C">0.2</relevancy><confidence engine="1C">0.99</confidence></norm-company-wrap><norm-company oa-id="4295907485">ORACLE CORP</norm-company><norm-company-wrap occur-sequence="5"><norm-company-name>ORACLE CORP</norm-company-name><company-ids><oa-id>4295907485</oa-id><ric norm="ORCL.N">ORCL.N</ric></company-ids><company-classification><trbc-wrap><trbc type="RCS">B:1799</trbc><trbc type="2012">5720102013</trbc><trbc type="perm-id">4294951202</trbc></trbc-wrap></company-classification><relevancy engine="1C">0.2</relevancy><confidence engine="1C">0.92</confidence></norm-company-wrap><norm-company oa-id="4295905298">WAL MART STORES INC</norm-company><norm-company-wrap occur-sequence="9"><norm-company-name>WAL MART STORES INC</norm-company-name><company-ids><oa-id>4295905298</oa-id><ric norm="WMT.N">WMT.N</ric></company-ids><company-classification><trbc-wrap><trbc type="RCS">B:1495</trbc><trbc type="2012">5340309010</trbc><trbc type="perm-id">4294951506</trbc></trbc-wrap></company-classification><relevancy engine="1C">0.2</relevancy><confidence engine="1C">1</confidence></norm-company-wrap><eos/><eop/></extr-company-block></extraction-terms><extraction-terms><extr-person-block><bop/><bos/><extr-person>John T. Walton</extr-person><norm-person-wrap><norm-person-name>John T. Walton</norm-person-name><person-ids><od-auth-id>28284</od-auth-id><od-officer-id>28284</od-officer-id><person-perm-id>34413157804</person-perm-id></person-ids><relevancy engine="1C">0.2</relevancy></norm-person-wrap><extr-person>John Walton</extr-person><extr-person-wrap><extr-person-name>John Walton</extr-person-name><relevancy engine="1C">0.2</relevancy></extr-person-wrap><extr-person>William Henry Gates</extr-person><norm-person-wrap><norm-person-name>William Henry Gates</norm-person-name><person-ids><od-auth-id>1975266</od-auth-id><od-officer-id>28066</od-officer-id><person-perm-id>34413157709</person-perm-id></person-ids><relevancy engine="1C">0.2</relevancy></norm-person-wrap><extr-person>Bill Gates</extr-person><extr-person-wrap><extr-person-name>Bill Gates</extr-person-name><relevancy engine="1C">0.2</relevancy></extr-person-wrap><extr-person>Warren Buffett</extr-person><extr-person-wrap><extr-person-name>Warren Buffett</extr-person-name><relevancy engine="1C">0.2</relevancy></extr-person-wrap><extr-person>Christy Walton</extr-person><extr-person-wrap><extr-person-name>Christy Walton</extr-person-name><relevancy engine="1C">0.2</relevancy></extr-person-wrap><extr-person>Mark Zuckerberg</extr-person><norm-person-wrap><norm-person-name>Mark Zuckerberg</norm-person-name><person-ids><od-auth-id>1441713</od-auth-id><od-officer-id>1684645</od-officer-id><person-perm-id>34415691107</person-perm-id></person-ids><relevancy engine="1C">0.2</relevancy></norm-person-wrap><extr-person>Mark Zuckerberg</extr-person><extr-person-wrap><extr-person-name>Mark Zuckerberg</extr-person-name><relevancy engine="1C">0.2</relevancy></extr-person-wrap><extr-person>Lawrence J. Ellison</extr-person><norm-person-wrap><norm-person-name>Lawrence J. Ellison</norm-person-name><person-ids><od-auth-id>88087</od-auth-id><od-officer-id>21154</od-officer-id><person-perm-id>34413199176</person-perm-id></person-ids><relevancy engine="1C">0.2</relevancy></norm-person-wrap><extr-person>Larry Ellison</extr-person><extr-person-wrap><extr-person-name>Larry Ellison</extr-person-name><relevancy engine="1C">0.2</relevancy></extr-person-wrap><extr-person>Jeffrey P. Bezos</extr-person><norm-person-wrap><norm-person-name>Jeffrey P. Bezos</norm-person-name><person-ids><od-auth-id>90915</od-auth-id><od-officer-id>35834</od-officer-id><person-perm-id>34415676965</person-perm-id></person-ids><relevancy engine="1C">0.2</relevancy></norm-person-wrap><extr-person>Jeff Bezos</extr-person><extr-person-wrap><extr-person-name>Jeff Bezos</extr-person-name><relevancy engine="1C">0.2</relevancy></extr-person-wrap><extr-person>Sam Walton</extr-person><extr-person-wrap><extr-person-name>Sam Walton</extr-person-name><relevancy engine="1C">0.2</relevancy></extr-person-wrap><extr-person>Ingvar Kamprad</extr-person><extr-person-wrap><extr-person-name>Ingvar Kamprad</extr-person-name><relevancy engine="1C">0.2</relevancy></extr-person-wrap><eos/><eop/></extr-person-block></extraction-terms></indexing></document></n-docbody>
</n-document>
<n-document guid="Id4984210306011e5bb7edd04535bfdf8"><n-metadata><metadata.block><md.identifiers><md.cites><md.first.line.cite>7/22/15 NEWS 00:00:00</md.first.line.cite><md.second.line.cite>7/22/15 ARKA News Agency 00:00:00</md.second.line.cite></md.cites><md.uuid>Id4984210306011e5bb7edd04535bfdf8</md.uuid></md.identifiers><md.infotype>news</md.infotype><md.sortkeys><md.ordersequence>f47363bec</md.ordersequence></md.sortkeys><md.descriptions><md.title>FEDEX TO SPEND UP TO $10 BILLION TO BUY BOEING CO. 767 FREIGHTERS</md.title><md.westlawdescrip><md.readlist>READLIST</md.readlist></md.westlawdescrip></md.descriptions><md.dates><md.publisheddatetime>20150722060436</md.publisheddatetime><md.loaddate>20150722</md.loaddate><md.createddatetime>20150722060436</md.createddatetime></md.dates><md.subjects><md.subject><md.pubtype.name/><md.doctype.name>DNR</md.doctype.name><md.doctype.rank/><md.view>CNGE</md.view><md.view>RGEurope</md.view><md.view>PTNewswires</md.view><md.view>ARKANEWS0063786</md.view><md.view>INALLNEWS_ACTEST</md.view><md.view>INFARNEWS_AC</md.view><md.view>MARKETSEIKON_CN</md.view><md.view>MARKETSEIKON</md.view><md.view>CB_ASIAWIRES</md.view><md.view>INWIRES_AC</md.view><md.view>GULF_INTL</md.view><md.view>ININTNEWS_AC</md.view><md.view>ANZ_INTLOS</md.view><md.view>CLEAR_RF</md.view><md.view>INALLNEWS_AC</md.view><md.view>INNEWSINT_PRO</md.view><md.view>INBUSNEWS</md.view><md.view>INNEWSWORLD_PRO</md.view><md.view>INBUSNEWS_AC</md.view></md.subject></md.subjects><md.jurisdictions><md.jurisdiction><md.jurisstate>FE</md.jurisstate></md.jurisdiction></md.jurisdictions><md.publications><md.publication/><md.sourcepubid>ARKANEWS</md.sourcepubid></md.publications><md.royalty><md.royalty.code>84104</md.royalty.code></md.royalty></metadata.block><news.metadata.block><md.text.preview>COMPANIESYEREVAN, July 22. /ARKA/. FedEx Corp. agreed to buy 50 Boeing Co. 767 freighters with a list value of about $10 billion, the model&apos;s largest-ever order, as it upgrades the fleet at the FedEx Express unit, Bloomberg reports.</md.text.preview></news.metadata.block><newsplus.recommendable>1</newsplus.recommendable><n-view>CNGE</n-view><n-view>RGEurope</n-view><n-view>PTNewswires</n-view><n-view>ARKANEWS0063786</n-view><n-view>INALLNEWS_ACTEST</n-view><n-view>INFARNEWS_AC</n-view><n-view>MARKETSEIKON_CN</n-view><n-view>MARKETSEIKON</n-view><n-view>CB_ASIAWIRES</n-view><n-view>INWIRES_AC</n-view><n-view>GULF_INTL</n-view><n-view>ININTNEWS_AC</n-view><n-view>ANZ_INTLOS</n-view><n-view>CLEAR_RF</n-view><n-view>INALLNEWS_AC</n-view><n-view>INNEWSINT_PRO</n-view><n-view>INBUSNEWS</n-view><n-view>INNEWSWORLD_PRO</n-view><n-view>INBUSNEWS_AC</n-view><prism-stylesheet guid="Ia3024d301b6a11d89fc5f34981d3242f"/><prism-clipdate>20150722060436</prism-clipdate></n-metadata>
<n-docbody><document version="1" collection="D-ARKANEWS-T001" first-load-date="20150722060436" ip-product="ARKANEWS" royalty-id="84104" data-model="text" dtd-version="5.2.29" content-type="news" load-language="en" pnac="nNRA016lxv" pnac-date="20150722T110014.641"><supplier-info><supplier-num nitf="doc-id" nitf-regsrc="ARKA News Agency" type="accession">96fe0002618f2f5e</supplier-num><internal-acc-num db-id="NEPRARKA" type="newz">20150722170.1_V96fe0002618f2f5e</internal-acc-num><rec-status><last-load-date>20150722060436</last-load-date><nitf-date ne="datereceived">20150722T11:00:14Z</nitf-date><nitf-date nitf="date-issue">20150722T00:00:00Z</nitf-date><last-provider-update>20150722110014</last-provider-update></rec-status><supplier-copyright>Copyright Â© 2015 ARKA<copyright-year/><copyright-holder>ARKA</copyright-holder></supplier-copyright><supplier-note nitf="urgency" nitf-ed-urg="4"/><nitf-meta-content name="recommendable">1</nitf-meta-content><nitf-meta-content name="_newsmlg2-hashtype=nr-htype:doc-group-fuzzy">16484|29013|60718|87921|98619|94505|42886|107449|65750|19210|79059|86167|61900|80168|33612|86214|98106|108396|59635|9526|5718|82952|83041|75749|102221|77908|69352|28593|11306|1997|19768|72865|28310|68752|103676|76981|21260|103027|53715|10611|84921|4089|98301|74423|37888|14588|82771|39519|35577|98206|20767|99152|21491|53398|81539|107324|7682|48239|86503|47305|</nitf-meta-content><nitf-meta-content name="_newsmlg2-hashtype=nr-htype:doc-group-content-length">955</nitf-meta-content><nitf-meta-content name="_newsmlg2-hashtype=nr-htype:doc-group-simple">-7428b1ea7e7a8c7e8288ba8332bfd4f7c58a8bc2</nitf-meta-content><supplier-dtds><dtd dtd-version="working" dtd-date="20150715T00:00:00Z">Canonical Taxonomy</dtd><dtd dtd-version="20150707" dtd-date="20150715T00:00:00Z">Mapping File</dtd></supplier-dtds><copyright-block type="dialog"><service-copyright n-include_guid="Ice671660f30811d88920000083149a14" n-include_collection="D-DIALOGCOPYRIGHTS-T001"/></copyright-block><copyright-block type="west"><service-copyright n-include_guid="I1DA35ED81DD211B281BAD200220BDFCA" n-include_collection="w_wlnv_msg"/></copyright-block><west-citation-block><bop/><first-line-cite><bos/>7/22/15 NEWS 00:00:00<eos/></first-line-cite><second-line-cite><bos/>7/22/15 ARKA News Agency 00:00:00<eos/></second-line-cite><eop/></west-citation-block></supplier-info><title-info iso-language="en"><bop/><title type="headline" nitf-hedline="hl1" key="key-title"><bos/><sort-title><cite.query w-seq-number="00001" w-ref-type="MM" w-normalized-cite="canonical_name::FEDEX" ID="I8a2cf030306111e5860cdf57fe7f4e0d">FEDEX</cite.query> TO SPEND UP TO $10 BILLION TO BUY <cite.query w-seq-number="00002" w-ref-type="MM" w-normalized-cite="canonical_name::BOEING CO" ID="I8a2cf031306111e5860cdf57fe7f4e0d">BOEING CO.</cite.query> 767 FREIGHTERS</sort-title><eos/></title><eop/></title-info><pub-info><journal key="key-journal"><bop/><bos/><sort-journal>ARKA News Agency</sort-journal><eos/><eop/></journal><pub-date key="key-date" iso-time="T00:00:00Z" type="date.publication"><full-pub-date>July 22, 2015</full-pub-date><sort-pub-date>20150722</sort-pub-date><sort-pub-timestamp>20150722000000</sort-pub-timestamp><rank-date>20150722</rank-date><currency-timestamp>20150722000000</currency-timestamp></pub-date><original-pub><language iso-language="en">English</language></original-pub><src-data><src-journal-code>ANPV</src-journal-code><src-pub-code>0063786</src-pub-code><src-pub-type>Newswire</src-pub-type><src-pub-country-wrap><src-pub-country-code>GE</src-pub-country-code><src-pub-country>Georgia CIS</src-pub-country></src-pub-country-wrap><src-pub-region>Europe</src-pub-region></src-data></pub-info><content iso-language="en"><total-char-count>1446</total-char-count><derived-word-count><bop/><bos/>Word Count: 232<eos/><eop/></derived-word-count><text type="lead-para"><p nitf="lede"><bop/>COMPANIES<eop/></p><p nitf="lede"><bop/><bos/>YEREVAN, July 22. /ARKA/. <eos/><bos/><cite.query w-seq-number="00003" w-ref-type="CO" w-normalized-cite="IF67C005541E911DDAD6B0014224D2780" ID="I8a516820306111e5860cdf57fe7f4e0d">FedEx Corp.</cite.query> agreed to buy <cite.query w-seq-number="00004" w-ref-type="NM" w-normalized-cite="canonical_name::50 BOEING CO" ID="I8a516821306111e5860cdf57fe7f4e0d">50 Boeing Co.</cite.query> 767 freighters with a list value of about $10 billion, the model&apos;s largest-ever order, as it upgrades the fleet at the <cite.query w-seq-number="00005" w-ref-type="WC" w-normalized-cite="I893F94F1453D11DD94140014224D2780" ID="I8a516822306111e5860cdf57fe7f4e0d">FedEx Express</cite.query> unit, <cite.query w-seq-number="00006" w-ref-type="MM" w-normalized-cite="canonical_name::BLOOMBERG" ID="I8a516823306111e5860cdf57fe7f4e0d">Bloomberg</cite.query> reports.<eos/><eop/></p></text><text type="body"><p><bop/><bos/>The order gives new life to the 767, which was developed in the 1980s and pioneered long-range flights for twin-engine jets. <eos/><bos/><cite.query w-seq-number="00007" w-ref-type="WC" w-normalized-cite="I893F94F1453D11DD94140014224D2780" ID="I8a687290306111e5860cdf57fe7f4e0d">FedEx Express</cite.query>, the world&apos;s biggest cargo airline, is the last remaining customer as passenger carriers shift to newer aircraft such as <cite.query w-seq-number="00008" w-ref-type="CO" w-normalized-cite="I6CCE31D041ED11DDAD6B0014224D2780" ID="I8a687291306111e5860cdf57fe7f4e0d">Boeing</cite.query>&apos;s 787 Dreamliner and <cite.query w-seq-number="00009" w-ref-type="CO" w-normalized-cite="I83812FB017D811DE9C78C5A54CA42E73" ID="I8a687292306111e5860cdf57fe7f4e0d">Airbus Group SE</cite.query>&apos;s A330.<eos/><eop/></p><p><bop/><bos/>Deliveries of the 767-300F jets would run over a five-year period starting in fiscal 2018, <cite.query w-seq-number="00010" w-ref-type="MM" w-normalized-cite="canonical_name::BLOOMBERG" ID="I8a957600306111e5860cdf57fe7f4e0d">Bloomberg</cite.query> reports referring to a statement from Memphis, Tennessee-based <cite.query w-seq-number="00011" w-ref-type="MM" w-normalized-cite="canonical_name::FEDEX" ID="I8a957601306111e5860cdf57fe7f4e0d">FedEx</cite.query>. <eos/><bos/>The transaction includes options for another 50 of the aircraft, and <cite.query w-seq-number="00012" w-ref-type="MM" w-normalized-cite="canonical_name::FEDEX" ID="I8a957602306111e5860cdf57fe7f4e0d">FedEx</cite.query> said the company&apos;s firm 767 orders now total 106.<eos/><eop/></p><p><bop/><bos/>For <cite.query w-seq-number="00013" w-ref-type="CO" w-normalized-cite="I6CCE31D041ED11DDAD6B0014224D2780" ID="I8ab61d60306111e5860cdf57fe7f4e0d">Boeing</cite.query>, the deal is a victory amid a tough market for wide-body aircraft and ensures more work on commercial versions of the 767 while the planemaker develops an aerial tanker based on the aircraft for the <cite.query w-seq-number="00014" w-ref-type="CO" w-normalized-cite="IC383B86067FA11E1B4208F8433AF7968" ID="I8ab61d61306111e5860cdf57fe7f4e0d">U.S. Air Force</cite.query>. <eos/><bos/>Meanwhile, <cite.query w-seq-number="00015" w-ref-type="MM" w-normalized-cite="canonical_name::FEDEX" ID="I8ab61d62306111e5860cdf57fe7f4e0d">FedEx</cite.query> extends its strategy of replacing older, less fuel-efficient planes such as the tri-engine MD-10 with new models.<eos/><eop/></p><p><bop/><bos/>The order &quot;will enable us to reduce structural costs, improve our fuel efficiency and enhance the reliability of our global network,&quot; <cite.query w-seq-number="00016" w-ref-type="WC" w-normalized-cite="I893F94F1453D11DD94140014224D2780" ID="I8abd4950306111e5860cdf57fe7f4e0d">FedEx Express</cite.query> Chief Executive Officer David Bronczek is quoted by Bloomberg as saying in the statement. <eos/>M.V.-----0----<eop/></p></text></content><indexing iso-language="en" value-add="machine-generated"><classification-terms><pres-location-block><bop/><bos/><pres-location-wrap><pres-location>Americas</pres-location><pres-location-code>GEOAMER</pres-location-code><alt1-location-code>1AM92</alt1-location-code></pres-location-wrap><pres-location-wrap><pres-location>North America</pres-location><pres-location-code>GEONAMR</pres-location-code><alt1-location-code>1NO39</alt1-location-code></pres-location-wrap><pres-location-wrap><pres-location>Tennessee</pres-location><pres-location-code>USATN</pres-location-code><alt1-location-code>1TE37</alt1-location-code></pres-location-wrap><pres-location-wrap><pres-location>U.S. Southeast Region</pres-location><pres-location-code>GEOSEAST</pres-location-code><alt1-location-code>1SO88</alt1-location-code></pres-location-wrap><pres-location-wrap><pres-location>USA</pres-location><pres-location-code>ISOUS</pres-location-code><alt1-location-code>1US73</alt1-location-code></pres-location-wrap><eos/><eop/></pres-location-block></classification-terms><classification-terms><pres-subject-block><bop/><bos/><pres-subject-wrap><pres-subject>Major Corporations</pres-subject><pres-subject-code>MAJCORP</pres-subject-code><alt1-subject-code>1MA93</alt1-subject-code></pres-subject-wrap><eos/><eop/></pres-subject-block><pres-industry-block><bop/><bos/><pres-industry-wrap><pres-industry>Aerospace</pres-industry><pres-industry-code>DEAERO1</pres-industry-code><alt1-industry-code>1AE56</alt1-industry-code></pres-industry-wrap><pres-industry-wrap><pres-industry>Aerospace &amp; Defense</pres-industry><pres-industry-code>AERDEFFR</pres-industry-code><alt1-industry-code>1AE96</alt1-industry-code></pres-industry-wrap><pres-industry-wrap><pres-industry>Aerospace &amp; Defense Industry Highlights</pres-industry><pres-industry-code>AEROIH</pres-industry-code><alt1-industry-code>1AE06</alt1-industry-code></pres-industry-wrap><pres-industry-wrap><pres-industry>Air Freight</pres-industry><pres-industry-code>AIRCARGO</pres-industry-code><alt1-industry-code>1AI70</alt1-industry-code></pres-industry-wrap><pres-industry-wrap><pres-industry>Air Transportation</pres-industry><pres-industry-code>AIRTRAN</pres-industry-code><alt1-industry-code>1AI53</alt1-industry-code></pres-industry-wrap><pres-industry-wrap><pres-industry>Airlines</pres-industry><pres-industry-code>DJFAIR</pres-industry-code><alt1-industry-code>1AI34</alt1-industry-code></pres-industry-wrap><pres-industry-wrap><pres-industry>Freight Transportation</pres-industry><pres-industry-code>CARGO</pres-industry-code><alt1-industry-code>1FR88</alt1-industry-code></pres-industry-wrap><pres-industry-wrap><pres-industry>Passenger Transportation</pres-industry><pres-industry-code>PASSENGR</pres-industry-code><alt1-industry-code>1PA35</alt1-industry-code></pres-industry-wrap><pres-industry-wrap><pres-industry>Transportation</pres-industry><pres-industry-code>GETRAN</pres-industry-code><alt1-industry-code>1TR48</alt1-industry-code></pres-industry-wrap><eos/><eop/></pres-industry-block></classification-terms><classification-terms><rcs-block><rcs>G:4</rcs><rcs>G:6T</rcs><rcs>B:37</rcs><rcs>B:59</rcs><rcs>B:35</rcs><rcs>B:58</rcs><rcs>B:66</rcs><rcs>G:6J</rcs><rcs>B:67</rcs><rcs>B:56</rcs><rcs>B:60</rcs><rcs>U:B</rcs></rcs-block></classification-terms><extraction-terms><extr-company-block><bop/><bos/><norm-company oa-id="4297547964">AIRBUS SAS</norm-company><norm-company-wrap occur-sequence="7"><norm-company-name>AIRBUS SAS</norm-company-name><company-ids><oa-id>4297547964</oa-id></company-ids><company-classification><trbc-wrap><trbc type="RCS">B:1135</trbc><trbc type="2012">5210101010</trbc><trbc type="perm-id">4294951866</trbc></trbc-wrap></company-classification><relevancy engine="1C">0.2</relevancy><confidence engine="1C">0.89</confidence></norm-company-wrap><norm-company oa-id="4295903076">BOEING CO (THE)</norm-company><norm-company-wrap occur-sequence="2,6,10"><norm-company-name>BOEING CO (THE)</norm-company-name><company-ids><oa-id>4295903076</oa-id><ric norm="BA.N">BA.N</ric></company-ids><company-classification><trbc-wrap><trbc type="RCS">B:1137</trbc><trbc type="2012">5210101012</trbc><trbc type="perm-id">4294951864</trbc></trbc-wrap></company-classification><relevancy engine="1C">0.8</relevancy><confidence engine="1C">0.96</confidence></norm-company-wrap><norm-company oa-id="4295912126">FEDEX CORP</norm-company><norm-company-wrap occur-sequence="1,3,8,9,11"><norm-company-name>FEDEX CORP</norm-company-name><company-ids><oa-id>4295912126</oa-id><ric norm="FDX.N">FDX.N</ric></company-ids><company-classification><trbc-wrap><trbc type="RCS">B:1252</trbc><trbc type="2012">5240501010</trbc><trbc type="perm-id">4294951749</trbc></trbc-wrap></company-classification><relevancy engine="1C">0.8</relevancy><confidence engine="1C">0.99</confidence></norm-company-wrap><norm-company oa-id="5000409137">FEDERAL EXPRESS CORP</norm-company><norm-company-wrap occur-sequence="4,5,12"><norm-company-name>FEDERAL EXPRESS CORP</norm-company-name><company-ids><oa-id>5000409137</oa-id></company-ids><relevancy engine="1C">0.2</relevancy><confidence engine="1C">0.87</confidence></norm-company-wrap><eos/><eop/></extr-company-block></extraction-terms><extraction-terms><extr-person-block><bop/><bos/><extr-person>David J. Bronczek</extr-person><norm-person-wrap><norm-person-name>David J. Bronczek</norm-person-name><person-ids><od-auth-id>402089</od-auth-id><od-officer-id>402089</od-officer-id><person-perm-id>34413374150</person-perm-id></person-ids><relevancy engine="1C">0.2</relevancy></norm-person-wrap><extr-person>David Bronczek</extr-person><extr-person-wrap><extr-person-name>David Bronczek</extr-person-name><relevancy engine="1C">0.2</relevancy></extr-person-wrap><eos/><eop/></extr-person-block></extraction-terms></indexing></document></n-docbody>
</n-document>
<n-document guid="I5480f7c0306011e5873dcc8298bfee27"><n-metadata><metadata.block><md.identifiers><md.cites><md.first.line.cite>7/22/15 NEWS 00:00:00</md.first.line.cite><md.second.line.cite>7/22/15 ARKA News Agency 00:00:00</md.second.line.cite></md.cites><md.uuid>I5480f7c0306011e5873dcc8298bfee27</md.uuid></md.identifiers><md.infotype>news</md.infotype><md.sortkeys><md.ordersequence>f47363bec</md.ordersequence></md.sortkeys><md.descriptions><md.title>MICROSOFT LAUNCHING NEW ACCELERATION PROJECTS FOR STARTUP TEAMS</md.title><md.westlawdescrip><md.readlist>READLIST</md.readlist></md.westlawdescrip></md.descriptions><md.dates><md.publisheddatetime>20150722060436</md.publisheddatetime><md.loaddate>20150722</md.loaddate><md.createddatetime>20150722060436</md.createddatetime></md.dates><md.subjects><md.subject><md.pubtype.name/><md.doctype.name>DNR</md.doctype.name><md.doctype.rank/><md.view>CNGE</md.view><md.view>RGEurope</md.view><md.view>PTNewswires</md.view><md.view>ARKANEWS0063786</md.view><md.view>INALLNEWS_ACTEST</md.view><md.view>INFARNEWS_AC</md.view><md.view>MARKETSEIKON_CN</md.view><md.view>MARKETSEIKON</md.view><md.view>CB_ASIAWIRES</md.view><md.view>INWIRES_AC</md.view><md.view>GULF_INTL</md.view><md.view>ININTNEWS_AC</md.view><md.view>ANZ_INTLOS</md.view><md.view>CLEAR_RF</md.view><md.view>INALLNEWS_AC</md.view><md.view>INNEWSINT_PRO</md.view><md.view>INBUSNEWS</md.view><md.view>INNEWSWORLD_PRO</md.view><md.view>INBUSNEWS_AC</md.view></md.subject></md.subjects><md.jurisdictions><md.jurisdiction><md.jurisstate>FE</md.jurisstate></md.jurisdiction></md.jurisdictions><md.publications><md.publication/><md.sourcepubid>ARKANEWS</md.sourcepubid></md.publications><md.royalty><md.royalty.code>84104</md.royalty.code></md.royalty></metadata.block><news.metadata.block><md.text.preview>INFORMATION TECHNOLOGIESYEREVAN, July 22. /ARKA/. Microsoft Innovation Center in Armenia is launching a new acceleration projects for startup teams, providing them with new information technology opportunities, the press office of the center</md.text.preview></news.metadata.block><newsplus.recommendable>1</newsplus.recommendable><n-view>CNGE</n-view><n-view>RGEurope</n-view><n-view>PTNewswires</n-view><n-view>ARKANEWS0063786</n-view><n-view>INALLNEWS_ACTEST</n-view><n-view>INFARNEWS_AC</n-view><n-view>MARKETSEIKON_CN</n-view><n-view>MARKETSEIKON</n-view><n-view>CB_ASIAWIRES</n-view><n-view>INWIRES_AC</n-view><n-view>GULF_INTL</n-view><n-view>ININTNEWS_AC</n-view><n-view>ANZ_INTLOS</n-view><n-view>CLEAR_RF</n-view><n-view>INALLNEWS_AC</n-view><n-view>INNEWSINT_PRO</n-view><n-view>INBUSNEWS</n-view><n-view>INNEWSWORLD_PRO</n-view><n-view>INBUSNEWS_AC</n-view><prism-stylesheet guid="Ia3024d301b6a11d89fc5f34981d3242f"/><prism-clipdate>20150722060436</prism-clipdate></n-metadata>
<n-docbody><document version="1" collection="D-ARKANEWS-T001" first-load-date="20150722060436" ip-product="ARKANEWS" royalty-id="84104" data-model="text" dtd-version="5.2.29" content-type="news" load-language="en" pnac="nNRA016mqw" pnac-date="20150722T105639.740"><supplier-info><supplier-num nitf="doc-id" nitf-regsrc="ARKA News Agency" type="accession">5b9500048190aaba</supplier-num><internal-acc-num db-id="NEPRARKA" type="newz">20150722170.1_V5b9500048190aaba</internal-acc-num><rec-status><last-load-date>20150722060436</last-load-date><nitf-date ne="datereceived">20150722T10:56:39Z</nitf-date><nitf-date nitf="date-issue">20150722T00:00:00Z</nitf-date><last-provider-update>20150722105639</last-provider-update></rec-status><supplier-copyright>Copyright Â© 2015 ARKA<copyright-year/><copyright-holder>ARKA</copyright-holder></supplier-copyright><supplier-note nitf="urgency" nitf-ed-urg="4"/><nitf-meta-content name="recommendable">1</nitf-meta-content><nitf-meta-content name="_newsmlg2-hashtype=nr-htype:doc-group-fuzzy">68175|98619|20273|74256|47003|42886|76144|73855|31935|80151|80563|51909|15813|60111|14723|67468|10015|31169|100725|87960|15949|73803|37127|100103|24566|103201|43888|99491|18692|73243|39513|70504|59201|47604|70497|83065|80942|104586|1046|95048|14895|88943|111771|75806|37815|32865|80130|104678|46504|48401|57726|3326|83110|104170|77845|112196|13839|100036|103566|93840|</nitf-meta-content><nitf-meta-content name="_newsmlg2-hashtype=nr-htype:doc-group-content-length">1186</nitf-meta-content><nitf-meta-content name="_newsmlg2-hashtype=nr-htype:doc-group-simple">-257932c17c08a22d8195491e2c27bed82f7037f6</nitf-meta-content><supplier-dtds><dtd dtd-version="working" dtd-date="20150715T00:00:00Z">Canonical Taxonomy</dtd><dtd dtd-version="20150707" dtd-date="20150715T00:00:00Z">Mapping File</dtd></supplier-dtds><copyright-block type="dialog"><service-copyright n-include_guid="Ice671660f30811d88920000083149a14" n-include_collection="D-DIALOGCOPYRIGHTS-T001"/></copyright-block><copyright-block type="west"><service-copyright n-include_guid="I1DA35ED81DD211B281BAD200220BDFCA" n-include_collection="w_wlnv_msg"/></copyright-block><west-citation-block><bop/><first-line-cite><bos/>7/22/15 NEWS 00:00:00<eos/></first-line-cite><second-line-cite><bos/>7/22/15 ARKA News Agency 00:00:00<eos/></second-line-cite><eop/></west-citation-block></supplier-info><title-info iso-language="en"><bop/><title type="headline" nitf-hedline="hl1" key="key-title"><bos/><sort-title><cite.query w-seq-number="00001" w-ref-type="MM" w-normalized-cite="canonical_name::MICROSOFT" ID="I8b3845b0306111e5860cdf57fe7f4e0d">MICROSOFT</cite.query> LAUNCHING NEW ACCELERATION PROJECTS FOR STARTUP TEAMS</sort-title><eos/></title><eop/></title-info><pub-info><journal key="key-journal"><bop/><bos/><sort-journal>ARKA News Agency</sort-journal><eos/><eop/></journal><pub-date key="key-date" iso-time="T00:00:00Z" type="date.publication"><full-pub-date>July 22, 2015</full-pub-date><sort-pub-date>20150722</sort-pub-date><sort-pub-timestamp>20150722000000</sort-pub-timestamp><rank-date>20150722</rank-date><currency-timestamp>20150722000000</currency-timestamp></pub-date><original-pub><language iso-language="en">English</language></original-pub><src-data><src-journal-code>ANPV</src-journal-code><src-pub-code>0063786</src-pub-code><src-pub-type>Newswire</src-pub-type><src-pub-country-wrap><src-pub-country-code>GE</src-pub-country-code><src-pub-country>Georgia CIS</src-pub-country></src-pub-country-wrap><src-pub-region>Europe</src-pub-region></src-data></pub-info><content iso-language="en"><total-char-count>1943</total-char-count><derived-word-count><bop/><bos/>Word Count: 295<eos/><eop/></derived-word-count><text type="lead-para"><p nitf="lede"><bop/><bos/><cite.query w-seq-number="00002" w-ref-type="WC" w-normalized-cite="I76DF065242BE11DDA1BC0014224D2780" ID="I8b44c8d0306111e5860cdf57fe7f4e0d">INFORMATION TECHNOLOGIES</cite.query><eos/><eop/></p><p nitf="lede"><bop/><bos/>YEREVAN, July 22. /ARKA/. <eos/><bos/><cite.query w-seq-number="00003" w-ref-type="MM" w-normalized-cite="canonical_name::MICROSOFT" ID="I8b556aa0306111e5860cdf57fe7f4e0d">Microsoft</cite.query> Innovation Center in Armenia is launching a new acceleration projects for startup teams, providing them with new information technology opportunities, the press office of the center reports.<eos/><eop/></p></text><text type="body"><p><bop/><bos/>The startup companies with innovative ideas may formalize their applications for being involved in the project.<eos/><eop/></p><p><bop/><bos/>&quot;As part of this 12-day project, teams are working under professional mentors, advisors and like-minded fellows&apos; support to improve their products, and this will give them access to technical business resources and practice,&quot; the press release says.<eos/><eop/></p><p><bop/><bos/>Foreign mentors are involved in the project as well. <eos/><bos/>They will share their experience with participants and will help the teams in establishment of their production with taking account the international market&apos;s practice and requirements.<eos/><eop/></p><p><bop/><bos/>More than 30 entrepreneurs and investors from San Francisco, New York, Boston, Sydney as well as from Israel and Armenia took part at the previous stage of the project.<eos/><eop/></p><p><bop/><bos/>Startup teams made up of two to four people may take part in the project. <eos/><bos/>Online platforms for reception of applications will be available soon.<eos/><eop/></p><p><bop/><bos/>All those wanting to take part in the project may send questions to the <cite.query w-seq-number="00004" w-ref-type="MM" w-normalized-cite="canonical_name::MICROSOFT" ID="I8b7304c0306111e5860cdf57fe7f4e0d">Microsoft</cite.query> office in Armenia before July 31.<eos/><eop/></p><p><bop/><bos/>Seminars and discussions focused on product marketing, establishment of ties with clients, presentation of products and attraction of investments are being held as part of the event.<eos/><eop/></p><p><bop/><bos/>The aim of the <cite.query w-seq-number="00005" w-ref-type="MM" w-normalized-cite="canonical_name::MICROSOFT" ID="I8b82e340306111e5860cdf57fe7f4e0d">Microsoft</cite.query> Innovation Center is to develop innovative thinking and skills and to elaborate products that are in demand at local and international markets of products and services.<eos/><eop/></p><p><bop/><bos/>The centre offers retraining classes to specialists and implements projects for startups with innovative ideas. <eos/><bos/>At the previous stages of the acceleration project, Solo Learn, Forkize, Flaxton and Penny startups attracted $350,000 for development of their products and marketing. <eos/>M.V.----0----<eop/></p></text></content><indexing iso-language="en" value-add="machine-generated"><classification-terms><pres-location-block><bop/><bos/><pres-location-wrap><pres-location>Armenia</pres-location><pres-location-code>ISOAM</pres-location-code><alt1-location-code>1AR09</alt1-location-code></pres-location-wrap><pres-location-wrap><pres-location>CIS Countries</pres-location><pres-location-code>CISSTAT</pres-location-code><alt1-location-code>1CI64</alt1-location-code></pres-location-wrap><pres-location-wrap><pres-location>Eastern Europe</pres-location><pres-location-code>GEOEEUR</pres-location-code><alt1-location-code>1EA48</alt1-location-code></pres-location-wrap><pres-location-wrap><pres-location>Europe</pres-location><pres-location-code>GEOEUR</pres-location-code><alt1-location-code>1EU83</alt1-location-code></pres-location-wrap><eos/><eop/></pres-location-block></classification-terms><classification-terms><pres-subject-block><bop/><bos/><pres-subject-wrap><pres-subject>CIS</pres-subject><pres-subject-code>GEOCIS</pres-subject-code><alt1-subject-code>1CI65</alt1-subject-code></pres-subject-wrap><pres-subject-wrap><pres-subject>Corporate Funding</pres-subject><pres-subject-code>BIZFIN</pres-subject-code><alt1-subject-code>1XO17</alt1-subject-code></pres-subject-wrap><pres-subject-wrap><pres-subject>Funding Instruments</pres-subject><pres-subject-code>INVSTING</pres-subject-code><alt1-subject-code>1FU41</alt1-subject-code></pres-subject-wrap><pres-subject-wrap><pres-subject>Major Corporations</pres-subject><pres-subject-code>MAJCORP</pres-subject-code><alt1-subject-code>1MA93</alt1-subject-code></pres-subject-wrap><pres-subject-wrap><pres-subject>Venture Capital</pres-subject><pres-subject-code>VC</pres-subject-code><alt1-subject-code>1VE73</alt1-subject-code></pres-subject-wrap><pres-subject-wrap><pres-subject>World Organizations</pres-subject><pres-subject-code>GEOORGS</pres-subject-code><alt1-subject-code>1IN77</alt1-subject-code></pres-subject-wrap><eos/><eop/></pres-subject-block><pres-industry-block><bop/><bos/><pres-industry-wrap><pres-industry>Banking</pres-industry><pres-industry-code>BANKOVER</pres-industry-code><alt1-industry-code>1BA20</alt1-industry-code></pres-industry-wrap><pres-industry-wrap><pres-industry>Commercial Banking Services</pres-industry><pres-industry-code>BANKCOML</pres-industry-code><alt1-industry-code>1CO19</alt1-industry-code></pres-industry-wrap><pres-industry-wrap><pres-industry>Financial Services</pres-industry><pres-industry-code>FINSVC</pres-industry-code><alt1-industry-code>1FI37</alt1-industry-code></pres-industry-wrap><pres-industry-wrap><pres-industry>I.T.</pres-industry><pres-industry-code>ITOVER</pres-industry-code><alt1-industry-code>1IT96</alt1-industry-code></pres-industry-wrap><pres-industry-wrap><pres-industry>Project Finance</pres-industry><pres-industry-code>PROJECTS</pres-industry-code><alt1-industry-code>1PR11</alt1-industry-code></pres-industry-wrap><eos/><eop/></pres-industry-block></classification-terms><classification-terms><rcs-block><rcs>B:126</rcs><rcs>B:125</rcs><rcs>B:128</rcs><rcs>G:B2</rcs><rcs>B:127</rcs><rcs>G:7I</rcs><rcs>G:Y</rcs><rcs>M:NL</rcs><rcs>B:161</rcs><rcs>B:131</rcs><rcs>G:B</rcs><rcs>G:A</rcs><rcs>G:AJ</rcs></rcs-block></classification-terms><extraction-terms><extr-company-block><bop/><bos/><norm-company oa-id="4295907168">MICROSOFT CORP</norm-company><norm-company-wrap occur-sequence="1,2,3,4"><norm-company-name>MICROSOFT CORP</norm-company-name><company-ids><oa-id>4295907168</oa-id><ric norm="MSFT.OQ">MSFT.OQ</ric></company-ids><company-classification><trbc-wrap><trbc type="RCS">B:1796</trbc><trbc type="2012">5720102010</trbc><trbc type="perm-id">4294951205</trbc></trbc-wrap></company-classification><relevancy engine="1C">0.8</relevancy><confidence engine="1C">0.94</confidence></norm-company-wrap><eos/><eop/></extr-company-block></extraction-terms></indexing></document></n-docbody>
</n-document>
<n-document guid="I344a53b02edb11e59927cfe61f51b7dc"><n-metadata><metadata.block><md.identifiers><md.cites><md.first.line.cite>7/20/15 NEWS 00:00:00</md.first.line.cite><md.second.line.cite>7/20/15 ARKA News Agency 00:00:00</md.second.line.cite></md.cites><md.uuid>I344a53b02edb11e59927cfe61f51b7dc</md.uuid></md.identifiers><md.infotype>news</md.infotype><md.sortkeys><md.ordersequence>f47363bec</md.ordersequence></md.sortkeys><md.descriptions><md.title>SALES OF SHADOWMATIC PUZZLE GAME INCREASE TEN TIMES</md.title><md.westlawdescrip><md.readlist>READLIST</md.readlist></md.westlawdescrip></md.descriptions><md.dates><md.publisheddatetime>20150720073742</md.publisheddatetime><md.loaddate>20150720</md.loaddate><md.createddatetime>20150720073742</md.createddatetime></md.dates><md.subjects><md.subject><md.pubtype.name/><md.doctype.name>DNR</md.doctype.name><md.doctype.rank/><md.view>CNGE</md.view><md.view>RGEurope</md.view><md.view>PTNewswires</md.view><md.view>ARKANEWS0063786</md.view><md.view>INALLNEWS_ACTEST</md.view><md.view>INFARNEWS_AC</md.view><md.view>MARKETSEIKON_CN</md.view><md.view>MARKETSEIKON</md.view><md.view>CB_ASIAWIRES</md.view><md.view>INWIRES_AC</md.view><md.view>GULF_INTL</md.view><md.view>ININTNEWS_AC</md.view><md.view>ANZ_INTLOS</md.view><md.view>CLEAR_RF</md.view><md.view>INALLNEWS_AC</md.view><md.view>INNEWSINT_PRO</md.view><md.view>INBUSNEWS</md.view><md.view>INNEWSWORLD_PRO</md.view><md.view>INBUSNEWS_AC</md.view></md.subject></md.subjects><md.jurisdictions><md.jurisdiction><md.jurisstate>FE</md.jurisstate></md.jurisdiction></md.jurisdictions><md.publications><md.publication/><md.sourcepubid>ARKANEWS</md.sourcepubid></md.publications><md.royalty><md.royalty.code>84104</md.royalty.code></md.royalty></metadata.block><news.metadata.block><md.text.preview>INFORMATION TECHNOLOGIESYEREVAN, July 20. / ARKA /. Sales of a computer puzzle game Shadowmatic, developed by Triada Studio Armenian IT company, surged ten times after a special discount was announced by App Store, the company&apos;s technical director</md.text.preview></news.metadata.block><newsplus.recommendable>1</newsplus.recommendable><n-view>CNGE</n-view><n-view>RGEurope</n-view><n-view>PTNewswires</n-view><n-view>ARKANEWS0063786</n-view><n-view>INALLNEWS_ACTEST</n-view><n-view>INFARNEWS_AC</n-view><n-view>MARKETSEIKON_CN</n-view><n-view>MARKETSEIKON</n-view><n-view>CB_ASIAWIRES</n-view><n-view>INWIRES_AC</n-view><n-view>GULF_INTL</n-view><n-view>ININTNEWS_AC</n-view><n-view>ANZ_INTLOS</n-view><n-view>CLEAR_RF</n-view><n-view>INALLNEWS_AC</n-view><n-view>INNEWSINT_PRO</n-view><n-view>INBUSNEWS</n-view><n-view>INNEWSWORLD_PRO</n-view><n-view>INBUSNEWS_AC</n-view><prism-stylesheet guid="Ia3024d301b6a11d89fc5f34981d3242f"/><prism-clipdate>20150720073742</prism-clipdate></n-metadata>
<n-docbody><document version="1" collection="D-ARKANEWS-T001" first-load-date="20150720073742" ip-product="ARKANEWS" royalty-id="84104" data-model="text" dtd-version="5.2.29" content-type="news" load-language="en" pnac="nNRA00yrfz" pnac-date="20150720T123111.467"><supplier-info><supplier-num nitf="doc-id" nitf-regsrc="ARKA News Agency" type="accession">00c6000222e77d58</supplier-num><internal-acc-num db-id="NEPRARKA" type="newz">20150720170.1_V00c6000222e77d58</internal-acc-num><rec-status><last-load-date>20150720073742</last-load-date><nitf-date ne="datereceived">20150720T12:31:11Z</nitf-date><nitf-date nitf="date-issue">20150720T00:00:00Z</nitf-date><last-provider-update>20150720123111</last-provider-update></rec-status><supplier-copyright>Copyright Â© 2015 ARKA<copyright-year/><copyright-holder>ARKA</copyright-holder></supplier-copyright><supplier-note nitf="urgency" nitf-ed-urg="4"/><nitf-meta-content name="recommendable">1</nitf-meta-content><nitf-meta-content name="_newsmlg2-hashtype=nr-htype:doc-group-fuzzy">34982|98619|57684|93867|32365|88414|31935|31630|40161|63550|75436|88962|77590|66304|106192|12568|107223|12323|10129|25700|98318|64981|91461|107627|54041|12893|66164|57428|28366|1046|1430|94751|91326|26218|79371|17474|40805|7947|109434|42308|30400|4547|19344|96586|75703|58326|81539|73182|48401|88152|76437|46483|29413|83389|37732|36249|103566|92637|27|61656|</nitf-meta-content><nitf-meta-content name="_newsmlg2-hashtype=nr-htype:doc-group-content-length">881</nitf-meta-content><nitf-meta-content name="_newsmlg2-hashtype=nr-htype:doc-group-simple">-326f1654b6df6c326f147946fab19e03c27d5a90</nitf-meta-content><supplier-dtds><dtd dtd-version="working" dtd-date="20150715T00:00:00Z">Canonical Taxonomy</dtd><dtd dtd-version="20150707" dtd-date="20150715T00:00:00Z">Mapping File</dtd></supplier-dtds><copyright-block type="dialog"><service-copyright n-include_guid="Ice671660f30811d88920000083149a14" n-include_collection="D-DIALOGCOPYRIGHTS-T001"/></copyright-block><copyright-block type="west"><service-copyright n-include_guid="I1DA35ED81DD211B281BAD200220BDFCA" n-include_collection="w_wlnv_msg"/></copyright-block><west-citation-block><bop/><first-line-cite><bos/>7/20/15 NEWS 00:00:00<eos/></first-line-cite><second-line-cite><bos/>7/20/15 ARKA News Agency 00:00:00<eos/></second-line-cite><eop/></west-citation-block></supplier-info><title-info iso-language="en"><bop/><title type="headline" nitf-hedline="hl1" key="key-title"><bos/><sort-title>SALES OF SHADOWMATIC PUZZLE GAME INCREASE TEN TIMES</sort-title><eos/></title><eop/></title-info><pub-info><journal key="key-journal"><bop/><bos/><sort-journal>ARKA News Agency</sort-journal><eos/><eop/></journal><pub-date key="key-date" iso-time="T00:00:00Z" type="date.publication"><full-pub-date>July 20, 2015</full-pub-date><sort-pub-date>20150720</sort-pub-date><sort-pub-timestamp>20150720000000</sort-pub-timestamp><rank-date>20150720</rank-date><currency-timestamp>20150720000000</currency-timestamp></pub-date><original-pub><language iso-language="en">English</language></original-pub><src-data><src-journal-code>ANPV</src-journal-code><src-pub-code>0063786</src-pub-code><src-pub-type>Newswire</src-pub-type><src-pub-country-wrap><src-pub-country-code>GE</src-pub-country-code><src-pub-country>Georgia CIS</src-pub-country></src-pub-country-wrap><src-pub-region>Europe</src-pub-region></src-data></pub-info><content iso-language="en"><total-char-count>1365</total-char-count><derived-word-count><bop/><bos/>Word Count: 209<eos/><eop/></derived-word-count><text type="lead-para"><p nitf="lede"><bop/><bos/><cite.query w-seq-number="00001" w-ref-type="WC" w-normalized-cite="I76DF065242BE11DDA1BC0014224D2780" ID="I307959102edc11e58809d99e5cb0a198">INFORMATION TECHNOLOGIES</cite.query><eos/><eop/></p><p nitf="lede"><bop/><bos/>YEREVAN, July 20. / ARKA /. Sales of a computer puzzle game Shadowmatic, developed by Triada Studio Armenian IT company, surged ten times after a special discount was announced by App Store, the company&apos;s technical director Bagrat Dabaghyan told <cite.query w-seq-number="00002" w-ref-type="NM" w-normalized-cite="canonical_name::ARKA" ID="I307fe8c02edc11e58809d99e5cb0a198">ARKA</cite.query>.<eos/><eop/></p></text><text type="body"><p><bop/><bos/>Because of exchange rate fluctuations APP Store decided to cut the minimum price for the content developers and users of the virtual app store from Armenia, Russia, Mexico, South Korea, India, Turkey, Indonesia, South Africa and some other countries.<eos/><eop/></p><p><bop/><bos/>Dabaghyan said Russian users can download Shadowmatic just for 15 rubles instead of the previous 169 rubles.<eos/><eop/></p><p><bop/><bos/>&quot;Users from China and Russia have increased the downloading of the game. <eos/><bos/>Although it did not translate into increased profits, the game has become more popular, which is good,&quot; said Dabaghyan.<eos/><eop/></p><p><bop/><bos/>He said the special discount offer in the App Store for users of <cite.query w-seq-number="00003" w-ref-type="MM" w-normalized-cite="canonical_name::APPLE" ID="I308826202edc11e58809d99e5cb0a198">Apple</cite.query> devices began July 15 and will end on July 31.<eos/><eop/></p><p><bop/><bos/>Shadowmatic was awarded the honorary prize of <cite.query w-seq-number="00004" w-ref-type="NM" w-normalized-cite="canonical_name::APPLE DESIGN AWARDS" ID="I30a01af02edc11e58809d99e5cb0a198">Apple Design Awards</cite.query> in the category &quot;Design and Comfort / mobile application.&quot; <eos/><bos/>The prize was awarded during the <cite.query w-seq-number="00005" w-ref-type="MM" w-normalized-cite="canonical_name::APPLE" ID="I30a01af12edc11e58809d99e5cb0a198">Apple</cite.query> Worldwide Developers Conference in 2015 that took place June 8-12 in San Francisco.<eos/><eop/></p><p><bop/><bos/>Shadowmatic was launched on 15 January this year. <eos/><bos/>It is available in 14 languages, including Armenian. <eos/><bos/>The game has new additions - Arcade Mode and new levels for children. -0-<eos/><eop/></p></text></content><indexing iso-language="en" value-add="machine-generated"><classification-terms><pres-location-block><bop/><bos/><pres-location-wrap><pres-location>Armenia</pres-location><pres-location-code>ISOAM</pres-location-code><alt1-location-code>1AR09</alt1-location-code></pres-location-wrap><pres-location-wrap><pres-location>Asia</pres-location><pres-location-code>GEOASIA</pres-location-code><alt1-location-code>1AS61</alt1-location-code></pres-location-wrap><pres-location-wrap><pres-location>CIS Countries</pres-location><pres-location-code>CISSTAT</pres-location-code><alt1-location-code>1CI64</alt1-location-code></pres-location-wrap><pres-location-wrap><pres-location>Eastern Europe</pres-location><pres-location-code>GEOEEUR</pres-location-code><alt1-location-code>1EA48</alt1-location-code></pres-location-wrap><pres-location-wrap><pres-location>Europe</pres-location><pres-location-code>GEOEUR</pres-location-code><alt1-location-code>1EU83</alt1-location-code></pres-location-wrap><pres-location-wrap><pres-location>Russia</pres-location><pres-location-code>ISORU</pres-location-code><alt1-location-code>1RU33</alt1-location-code></pres-location-wrap><eos/><eop/></pres-location-block></classification-terms><classification-terms><pres-subject-block><bop/><bos/><pres-subject-wrap><pres-subject>Emerging Market Countries</pres-subject><pres-subject-code>EMERGING</pres-subject-code><alt1-subject-code>1EM65</alt1-subject-code></pres-subject-wrap><eos/><eop/></pres-subject-block><pres-industry-block><bop/><bos/><pres-industry-wrap><pres-industry>Application Software</pres-industry><pres-industry-code>SOFAPS1</pres-industry-code><alt1-industry-code>1AP32</alt1-industry-code></pres-industry-wrap><pres-industry-wrap><pres-industry>Consumer Electronics</pres-industry><pres-industry-code>CEOVR</pres-industry-code><alt1-industry-code>1CO61</alt1-industry-code></pres-industry-wrap><pres-industry-wrap><pres-industry>Consumer Products &amp; Services</pres-industry><pres-industry-code>BUYBUY</pres-industry-code><alt1-industry-code>1CO62</alt1-industry-code></pres-industry-wrap><pres-industry-wrap><pres-industry>Electronics</pres-industry><pres-industry-code>ETRONICS</pres-industry-code><alt1-industry-code>1EL16</alt1-industry-code></pres-industry-wrap><pres-industry-wrap><pres-industry>I.T.</pres-industry><pres-industry-code>ITOVER</pres-industry-code><alt1-industry-code>1IT96</alt1-industry-code></pres-industry-wrap><pres-industry-wrap><pres-industry>Mobile Application Software</pres-industry><pres-industry-code>MOBILEAP</pres-industry-code><alt1-industry-code>1MO12</alt1-industry-code></pres-industry-wrap><pres-industry-wrap><pres-industry>Mobile Phones &amp; Pagers</pres-industry><pres-industry-code>TWPHONE</pres-industry-code><alt1-industry-code>1WI07</alt1-industry-code></pres-industry-wrap><pres-industry-wrap><pres-industry>Software</pres-industry><pres-industry-code>SOFOVER1</pres-industry-code><alt1-industry-code>1SO30</alt1-industry-code></pres-industry-wrap><pres-industry-wrap><pres-industry>Software Products</pres-industry><pres-industry-code>SOFTPROD</pres-industry-code><alt1-industry-code>1SO56</alt1-industry-code></pres-industry-wrap><pres-industry-wrap><pres-industry>Telecom Consumer Equipment</pres-industry><pres-industry-code>TCCONEQ</pres-industry-code><alt1-industry-code>1TE03</alt1-industry-code></pres-industry-wrap><eos/><eop/></pres-industry-block></classification-terms><classification-terms><rcs-block><rcs>G:B2</rcs><rcs>G:7I</rcs><rcs>B:69</rcs><rcs>B:78</rcs><rcs>G:Y</rcs><rcs>B:75</rcs><rcs>M:NL</rcs><rcs>B:161</rcs><rcs>B:172</rcs><rcs>B:174</rcs><rcs>G:B</rcs><rcs>G:A</rcs><rcs>G:K</rcs><rcs>G:38</rcs><rcs>G:AJ</rcs><rcs>G:1</rcs></rcs-block></classification-terms><extraction-terms><extr-company-block><bop/><bos/><norm-company oa-id="4295905573">APPLE INC</norm-company><norm-company-wrap occur-sequence="1,2,3"><norm-company-name>APPLE INC</norm-company-name><company-ids><oa-id>4295905573</oa-id><ric norm="AAPL.OQ">AAPL.OQ</ric></company-ids><company-classification><trbc-wrap><trbc type="RCS">B:1758</trbc><trbc type="2012">5710601010</trbc><trbc type="perm-id">4294951243</trbc></trbc-wrap></company-classification><relevancy engine="1C">0.2</relevancy><confidence engine="1C">0.93</confidence></norm-company-wrap><eos/><eop/></extr-company-block></extraction-terms><extraction-terms><extr-person-block><bop/><bos/><extr-person>Bagrat Dabaghyan</extr-person><extr-person-wrap><extr-person-name>Bagrat Dabaghyan</extr-person-name><relevancy engine="1C">0.2</relevancy></extr-person-wrap><eos/><eop/></extr-person-block></extraction-terms></indexing></document></n-docbody>
</n-document>
<n-document guid="Ieb2727a02b0911e5a7fe95023d64898d"><n-metadata><metadata.block><md.identifiers><md.cites><md.first.line.cite>7/15/15 NEWS 00:00:00</md.first.line.cite><md.second.line.cite>7/15/15 ARKA News Agency 00:00:00</md.second.line.cite></md.cites><md.uuid>Ieb2727a02b0911e5a7fe95023d64898d</md.uuid></md.identifiers><md.infotype>news</md.infotype><md.sortkeys><md.ordersequence>f47363bec</md.ordersequence></md.sortkeys><md.descriptions><md.title>KAZAKHSTAN SELLS $4 BILLION WORTH EUROBONDS</md.title><md.westlawdescrip><md.readlist>READLIST</md.readlist></md.westlawdescrip></md.descriptions><md.dates><md.publisheddatetime>20150715105911</md.publisheddatetime><md.loaddate>20150715</md.loaddate><md.createddatetime>20150715105911</md.createddatetime></md.dates><md.subjects><md.subject><md.pubtype.name/><md.doctype.name>DNR</md.doctype.name><md.doctype.rank/><md.view>CNGE</md.view><md.view>RGEurope</md.view><md.view>PTNewswires</md.view><md.view>ARKANEWS0063786</md.view><md.view>INALLNEWS_ACTEST</md.view><md.view>INFARNEWS_AC</md.view><md.view>MARKETSEIKON_CN</md.view><md.view>MARKETSEIKON</md.view><md.view>CB_ASIAWIRES</md.view><md.view>INWIRES_AC</md.view><md.view>GULF_INTL</md.view><md.view>ININTNEWS_AC</md.view><md.view>ANZ_INTLOS</md.view><md.view>CLEAR_RF</md.view><md.view>INALLNEWS_AC</md.view><md.view>INNEWSINT_PRO</md.view><md.view>INBUSNEWS</md.view><md.view>INNEWSWORLD_PRO</md.view><md.view>INBUSNEWS_AC</md.view></md.subject></md.subjects><md.jurisdictions><md.jurisdiction><md.jurisstate>FE</md.jurisstate></md.jurisdiction></md.jurisdictions><md.publications><md.publication/><md.sourcepubid>ARKANEWS</md.sourcepubid></md.publications><md.royalty><md.royalty.code>84104</md.royalty.code></md.royalty></metadata.block><news.metadata.block><md.text.preview>ECONOMYYEREVAN, July 15. / ARKA /Kazakhstan sold a record $4 billion of bonds on Tuesday to finance deficit budget, finance minister Bakhyt Sultanov said, vestifinance.ru reported.</md.text.preview></news.metadata.block><newsplus.recommendable>1</newsplus.recommendable><n-view>CNGE</n-view><n-view>RGEurope</n-view><n-view>PTNewswires</n-view><n-view>ARKANEWS0063786</n-view><n-view>INALLNEWS_ACTEST</n-view><n-view>INFARNEWS_AC</n-view><n-view>MARKETSEIKON_CN</n-view><n-view>MARKETSEIKON</n-view><n-view>CB_ASIAWIRES</n-view><n-view>INWIRES_AC</n-view><n-view>GULF_INTL</n-view><n-view>ININTNEWS_AC</n-view><n-view>ANZ_INTLOS</n-view><n-view>CLEAR_RF</n-view><n-view>INALLNEWS_AC</n-view><n-view>INNEWSINT_PRO</n-view><n-view>INBUSNEWS</n-view><n-view>INNEWSWORLD_PRO</n-view><n-view>INBUSNEWS_AC</n-view><prism-stylesheet guid="Ia3024d301b6a11d89fc5f34981d3242f"/><prism-clipdate>20150715105911</prism-clipdate></n-metadata>
<n-docbody><document version="1" collection="D-ARKANEWS-T001" first-load-date="20150715105911" ip-product="ARKANEWS" royalty-id="84104" data-model="text" dtd-version="5.2.29" content-type="news" load-language="en" pnac="nNRA00g21q" pnac-date="20150715T155530.458"><supplier-info><supplier-num nitf="doc-id" nitf-regsrc="ARKA News Agency" type="accession">e98f0003ccaf739d</supplier-num><internal-acc-num db-id="NEPRARKA" type="newz">20150715170.1_Ve98f0003ccaf739d</internal-acc-num><rec-status><last-load-date>20150715105911</last-load-date><nitf-date ne="datereceived">20150715T15:55:30Z</nitf-date><nitf-date nitf="date-issue">20150715T00:00:00Z</nitf-date><last-provider-update>20150715155530</last-provider-update></rec-status><supplier-copyright>Copyright Â© 2015 ARKA<copyright-year/><copyright-holder>ARKA</copyright-holder></supplier-copyright><supplier-note nitf="urgency" nitf-ed-urg="4"/><nitf-meta-content name="recommendable">1</nitf-meta-content><nitf-meta-content name="_newsmlg2-hashtype=nr-htype:doc-group-fuzzy">858|98619|68816|37534|91045|105265|101972|66075|103150|84431|41831|44236|99173|85071|68354|77130|42970|25920|64424|23623|58436|33478|97148|33584|60743|82057|79371|107840|84346|63979|7947|20841|87749|112498|82823|42871|33979|83139|42016|59685|68352|69056|111525|95332|20292|41012|37732|112196|45602|68087|88618|103975|56237|91872|64393|100027|14960|8697|21425|109991|</nitf-meta-content><nitf-meta-content name="_newsmlg2-hashtype=nr-htype:doc-group-content-length">1105</nitf-meta-content><nitf-meta-content name="_newsmlg2-hashtype=nr-htype:doc-group-simple">761f549ae93e50104a77e3983ccb6e5e9b0d3418</nitf-meta-content><supplier-dtds><dtd dtd-version="working" dtd-date="20150609T00:00:00Z">Canonical Taxonomy</dtd><dtd dtd-version="20150602" dtd-date="20150609T00:00:00Z">Mapping File</dtd></supplier-dtds><copyright-block type="dialog"><service-copyright n-include_guid="Ice671660f30811d88920000083149a14" n-include_collection="D-DIALOGCOPYRIGHTS-T001"/></copyright-block><copyright-block type="west"><service-copyright n-include_guid="I1DA35ED81DD211B281BAD200220BDFCA" n-include_collection="w_wlnv_msg"/></copyright-block><west-citation-block><bop/><first-line-cite><bos/>7/15/15 NEWS 00:00:00<eos/></first-line-cite><second-line-cite><bos/>7/15/15 ARKA News Agency 00:00:00<eos/></second-line-cite><eop/></west-citation-block></supplier-info><title-info iso-language="en"><bop/><title type="headline" nitf-hedline="hl1" key="key-title"><bos/><sort-title>KAZAKHSTAN SELLS $4 BILLION WORTH EUROBONDS</sort-title><eos/></title><eop/></title-info><pub-info><journal key="key-journal"><bop/><bos/><sort-journal>ARKA News Agency</sort-journal><eos/><eop/></journal><pub-date key="key-date" iso-time="T00:00:00Z" type="date.publication"><full-pub-date>July 15, 2015</full-pub-date><sort-pub-date>20150715</sort-pub-date><sort-pub-timestamp>20150715000000</sort-pub-timestamp><rank-date>20150715</rank-date><currency-timestamp>20150715000000</currency-timestamp></pub-date><original-pub><language iso-language="en">English</language></original-pub><src-data><src-journal-code>ANPV</src-journal-code><src-pub-code>0063786</src-pub-code><src-pub-type>Newswire</src-pub-type><src-pub-country-wrap><src-pub-country-code>GE</src-pub-country-code><src-pub-country>Georgia CIS</src-pub-country></src-pub-country-wrap><src-pub-region>Europe</src-pub-region></src-data></pub-info><content iso-language="en"><total-char-count>1883</total-char-count><derived-word-count><bop/><bos/>Word Count: 299<eos/><eop/></derived-word-count><text type="lead-para"><p nitf="lede"><bop/>ECONOMY<eop/></p><p nitf="lede"><bop/><bos/>YEREVAN, July 15. / ARKA /Kazakhstan sold a record $4 billion of bonds on Tuesday to finance deficit budget, finance minister Bakhyt Sultanov said, vestifinance.ru reported.<eos/><eop/></p></text><text type="body"><p><bop/><bos/>Kazakhstan is the first among developing nations to take advantage of the calming effect of Greece&apos;s deal with creditors and the deal on Iranian nuclear program, he said.<eos/><eop/></p><p><bop/><bos/>Kazakhstan sold $2.5 billion in 10-year bonds at 285 basis points over <cite.query w-seq-number="00001" w-ref-type="NM" w-normalized-cite="canonical_name::TREASURIES" ID="Iadc404402b0a11e5aae1b30a537b822c">Treasuries</cite.query> and $1.5 billion in 30-year notes at 335 basis points over their U.S. equivalent.<eos/><eop/></p><p><bop/><bos/>Kazakhstan comes back to the international market after raising $2.5 billion in 10-year and 30-year bonds in October.<eos/><eop/></p><p><bop/><bos/>The yield on Kazakh dollar bonds due in 2024 traded at 4.88 percent, 78 basis points below this year&apos;s high on Jan. 6. The yield on notes due in 2044 fell one basis point to 6.19 percent from this year&apos;s high on March 18. <eos/><bos/>The yield on both notes rose on Tuesday.<eos/><eop/></p><p><bop/><bos/><cite.query w-seq-number="00002" w-ref-type="CO" w-normalized-cite="IB674B47441E911DDAD6B0014224D2780" ID="Iade5bd102b0a11e5aae1b30a537b822c">Citigroup Inc.</cite.query>, <cite.query w-seq-number="00003" w-ref-type="MM" w-normalized-cite="canonical_name::JPMORGAN CHASE" ID="Iade5bd112b0a11e5aae1b30a537b822c">JPMorgan Chase</cite.query> &amp;amp; Co., <cite.query w-seq-number="00004" w-ref-type="NM" w-normalized-cite="canonical_name::KAZKOMMERTS SECURITIES AND HALYK FINANCE" ID="Iade5bd122b0a11e5aae1b30a537b822c">Kazkommerts Securities and Halyk Finance</cite.query> arranged the Kazakh bond sale.<eos/><eop/></p><p><bop/><bos/>Like Russian economy, the economy of Kazakhstan relies largely on the price of oil and other export commodities. <eos/><bos/>In May 2015, the <cite.query w-seq-number="00005" w-ref-type="WC" w-normalized-cite="I961941C542BE11DDA1BC0014224D2780" ID="Iadea02d02b0a11e5aae1b30a537b822c">National Bank of Kazakhstan</cite.query> once again rejected the possibility of devaluation of the national currency, tenge, predicted by market participants after the presidential election, promising instead accelerated growth compared with the expectations of the government.<eos/><eop/></p><p><bop/><bos/>&quot;We are not losing the pace of economic growth. <eos/><bos/>This year we expect o at least a 3% growth,&apos; the head of the central bank <cite.query w-seq-number="00006" w-ref-type="NM" w-normalized-cite="canonical_name::KAIRAT KELIMBETOV" ID="Iadf9e1502b0a11e5aae1b30a537b822c">Kairat Kelimbetov</cite.query> told <cite.query w-seq-number="00007" w-ref-type="MM" w-normalized-cite="canonical_name::REUTERS" ID="Iadf9e1512b0a11e5aae1b30a537b822c">Reuters</cite.query>.<eos/><eop/></p><p><bop/><bos/>&apos;There will not be devaluation,&apos; he said. <eos/><bos/>Earlier he had promised a stable tenge at $50 per barrel of oil.<eos/><eop/></p><p><bop/><bos/>The government expects that in 2015 Kazakhstan&apos;s economy will slow down to 1.5% from 4.3% a year earlier. <eos/><bos/>At the same time, according to the <cite.query w-seq-number="00008" w-ref-type="MM" w-normalized-cite="canonical_name::IMF" ID="Iae0293e02b0a11e5aae1b30a537b822c">IMF</cite.query>, this year Kazakhstan&apos;s GDP growth may accelerate to 2%, and to 3.1% in 2016.-0-<eos/><eop/></p></text></content><indexing iso-language="en" value-add="machine-generated"><classification-terms><pres-location-block><bop/><bos/><pres-location-wrap><pres-location>Asia</pres-location><pres-location-code>GEOASIA</pres-location-code><alt1-location-code>1AS61</alt1-location-code></pres-location-wrap><pres-location-wrap><pres-location>CIS Countries</pres-location><pres-location-code>CISSTAT</pres-location-code><alt1-location-code>1CI64</alt1-location-code></pres-location-wrap><pres-location-wrap><pres-location>Central Asia</pres-location><pres-location-code>GEOCASIA</pres-location-code><alt1-location-code>1CE93</alt1-location-code></pres-location-wrap><pres-location-wrap><pres-location>Kazakhstan</pres-location><pres-location-code>ISOKZ</pres-location-code><alt1-location-code>1KA50</alt1-location-code></pres-location-wrap><pres-location-wrap><pres-location>Western Asia</pres-location><pres-location-code>GEOWASIA</pres-location-code><alt1-location-code>1WE54</alt1-location-code></pres-location-wrap><eos/><eop/></pres-location-block></classification-terms><classification-terms><pres-subject-block><bop/><bos/><pres-subject-wrap><pres-subject>Bond Instruments</pres-subject><pres-subject-code>BONDINST</pres-subject-code><alt1-subject-code>1BO92</alt1-subject-code></pres-subject-wrap><pres-subject-wrap><pres-subject>CIS</pres-subject><pres-subject-code>GEOCIS</pres-subject-code><alt1-subject-code>1CI65</alt1-subject-code></pres-subject-wrap><pres-subject-wrap><pres-subject>Economic Growth Statistics</pres-subject><pres-subject-code>ECONGROW</pres-subject-code><alt1-subject-code>1EC57</alt1-subject-code></pres-subject-wrap><pres-subject-wrap><pres-subject>Economic Indicators</pres-subject><pres-subject-code>ECONWRLD</pres-subject-code><alt1-subject-code>1EC19</alt1-subject-code></pres-subject-wrap><pres-subject-wrap><pres-subject>Economic Policy &amp; Policymakers</pres-subject><pres-subject-code>ECONRULE</pres-subject-code><alt1-subject-code>1EC69</alt1-subject-code></pres-subject-wrap><pres-subject-wrap><pres-subject>Economic Statistics</pres-subject><pres-subject-code>PTECOSTA</pres-subject-code><alt1-subject-code>1EC52</alt1-subject-code></pres-subject-wrap><pres-subject-wrap><pres-subject>Economics &amp; Trade</pres-subject><pres-subject-code>TRADE</pres-subject-code><alt1-subject-code>1EC26</alt1-subject-code></pres-subject-wrap><pres-subject-wrap><pres-subject>Eurobonds</pres-subject><pres-subject-code>EUROBOND</pres-subject-code><alt1-subject-code>1EU87</alt1-subject-code></pres-subject-wrap><pres-subject-wrap><pres-subject>Funding Instruments</pres-subject><pres-subject-code>INVSTING</pres-subject-code><alt1-subject-code>1FU41</alt1-subject-code></pres-subject-wrap><pres-subject-wrap><pres-subject>World Organizations</pres-subject><pres-subject-code>GEOORGS</pres-subject-code><alt1-subject-code>1IN77</alt1-subject-code></pres-subject-wrap><eos/><eop/></pres-subject-block><pres-industry-block><bop/><bos/><pres-industry-wrap><pres-industry>Bonds</pres-industry><pres-industry-code>BONDS</pres-industry-code><alt1-industry-code>1BO97</alt1-industry-code></pres-industry-wrap><pres-industry-wrap><pres-industry>Financial Services</pres-industry><pres-industry-code>FINSVC</pres-industry-code><alt1-industry-code>1FI37</alt1-industry-code></pres-industry-wrap><pres-industry-wrap><pres-industry>Fixed Income Investments</pres-industry><pres-industry-code>FIXEDINV</pres-industry-code><alt1-industry-code>1FI12</alt1-industry-code></pres-industry-wrap><pres-industry-wrap><pres-industry>Investment Management</pres-industry><pres-industry-code>INVSTMAN</pres-industry-code><alt1-industry-code>1IN34</alt1-industry-code></pres-industry-wrap><pres-industry-wrap><pres-industry>Securities Investment</pres-industry><pres-industry-code>PTSECUR</pres-industry-code><alt1-industry-code>1SE57</alt1-industry-code></pres-industry-wrap><eos/><eop/></pres-industry-block></classification-terms><classification-terms><rcs-block><rcs>B:126</rcs><rcs>B:125</rcs><rcs>E:5</rcs><rcs>E:9</rcs><rcs>B:130</rcs><rcs>E:B</rcs><rcs>G:85</rcs><rcs>I:D</rcs><rcs>A:2</rcs><rcs>G:K</rcs><rcs>A:S</rcs><rcs>A:U</rcs><rcs>G:AJ</rcs></rcs-block></classification-terms><extraction-terms><extr-company-block><bop/><bos/><extr-company>Kairat Kelimbetov</extr-company><extr-company-wrap><extr-company-name>Kairat Kelimbetov</extr-company-name><relevancy engine="1C">0.2</relevancy><confidence engine="1C">0.89</confidence></extr-company-wrap><norm-company oa-id="8589934316">CITIGROUP INC</norm-company><norm-company-wrap occur-sequence="1"><norm-company-name>CITIGROUP INC</norm-company-name><company-ids><oa-id>8589934316</oa-id><ric norm="C.N">C.N</ric></company-ids><company-classification><trbc-wrap><trbc type="RCS">B:1615</trbc><trbc type="2012">5510101010</trbc><trbc type="perm-id">4294951386</trbc></trbc-wrap></company-classification><relevancy engine="1C">0.2</relevancy><confidence engine="1C">0.99</confidence></norm-company-wrap><norm-company oa-id="5000076323">JCS &quot;HALYK FINANCE&quot;</norm-company><norm-company-wrap occur-sequence="4"><norm-company-name>JCS &quot;HALYK FINANCE&quot;</norm-company-name><company-ids><oa-id>5000076323</oa-id></company-ids><company-classification><trbc-wrap><trbc type="RCS">B:130</trbc><trbc type="2012">551020</trbc><trbc type="perm-id">4294952871</trbc></trbc-wrap></company-classification><relevancy engine="1C">0.2</relevancy><confidence engine="1C">0.62</confidence></norm-company-wrap><norm-company oa-id="5000021791">JPMORGAN CHASE AND CO</norm-company><norm-company-wrap occur-sequence="2"><norm-company-name>JPMORGAN CHASE AND CO</norm-company-name><company-ids><oa-id>5000021791</oa-id><ric norm="JPM.N">JPM.N</ric></company-ids><company-classification><trbc-wrap><trbc type="RCS">B:1615</trbc><trbc type="2012">5510101010</trbc><trbc type="perm-id">4294951386</trbc></trbc-wrap></company-classification><relevancy engine="1C">0.2</relevancy><confidence engine="1C">0.99</confidence></norm-company-wrap><norm-company oa-id="5000356349">JSC KAZKOMMERTS SECURITIES</norm-company><norm-company-wrap occur-sequence="3"><norm-company-name>JSC KAZKOMMERTS SECURITIES</norm-company-name><company-ids><oa-id>5000356349</oa-id></company-ids><relevancy engine="1C">0.2</relevancy><confidence engine="1C">0.95</confidence></norm-company-wrap><eos/><eop/></extr-company-block></extraction-terms><extraction-terms><extr-person-block><bop/><bos/><extr-person>Bakhyt Sultanov</extr-person><extr-person-wrap><extr-person-name>Bakhyt Sultanov</extr-person-name><relevancy engine="1C">0.8</relevancy></extr-person-wrap><eos/><eop/></extr-person-block></extraction-terms></indexing></document></n-docbody>
</n-document>
<n-document guid="Ib96628302b0c11e59c7dbdbeb49b3727"><n-metadata><metadata.block><md.identifiers><md.cites><md.first.line.cite>7/15/15 NEWS 00:00:00</md.first.line.cite><md.second.line.cite>7/15/15 ARKA News Agency 00:00:00</md.second.line.cite></md.cites><md.uuid>Ib96628302b0c11e59c7dbdbeb49b3727</md.uuid></md.identifiers><md.infotype>news</md.infotype><md.sortkeys><md.ordersequence>f47363bec</md.ordersequence></md.sortkeys><md.descriptions><md.title>ENTERPRISE INCUBATOR FOUNDATION NAMES WINNERS OF TECHNOLOGY WEEKEND</md.title><md.westlawdescrip><md.readlist>READLIST</md.readlist></md.westlawdescrip></md.descriptions><md.dates><md.publisheddatetime>20150715111915</md.publisheddatetime><md.loaddate>20150715</md.loaddate><md.createddatetime>20150715111915</md.createddatetime></md.dates><md.subjects><md.subject><md.pubtype.name/><md.doctype.name>DNR</md.doctype.name><md.doctype.rank/><md.view>CNGE</md.view><md.view>RGEurope</md.view><md.view>PTNewswires</md.view><md.view>ARKANEWS0063786</md.view><md.view>INALLNEWS_ACTEST</md.view><md.view>INFARNEWS_AC</md.view><md.view>MARKETSEIKON_CN</md.view><md.view>MARKETSEIKON</md.view><md.view>CB_ASIAWIRES</md.view><md.view>INWIRES_AC</md.view><md.view>GULF_INTL</md.view><md.view>ININTNEWS_AC</md.view><md.view>ANZ_INTLOS</md.view><md.view>CLEAR_RF</md.view><md.view>INALLNEWS_AC</md.view><md.view>INNEWSINT_PRO</md.view><md.view>INBUSNEWS</md.view><md.view>INNEWSWORLD_PRO</md.view><md.view>INBUSNEWS_AC</md.view></md.subject></md.subjects><md.jurisdictions><md.jurisdiction><md.jurisstate>FE</md.jurisstate></md.jurisdiction></md.jurisdictions><md.publications><md.publication/><md.sourcepubid>ARKANEWS</md.sourcepubid></md.publications><md.royalty><md.royalty.code>84104</md.royalty.code></md.royalty></metadata.block><news.metadata.block><md.text.preview>INFORMATION TECHNOLOGIESYEREVAN, July 15. / ARKA /. The Enterprise Incubator Foundation (EIF) has named the winners of a Technology Weekend, conducted last weekend in Armenia with the assistance from the IBM Center for Innovative Solutions and</md.text.preview></news.metadata.block><newsplus.recommendable>1</newsplus.recommendable><n-view>CNGE</n-view><n-view>RGEurope</n-view><n-view>PTNewswires</n-view><n-view>ARKANEWS0063786</n-view><n-view>INALLNEWS_ACTEST</n-view><n-view>INFARNEWS_AC</n-view><n-view>MARKETSEIKON_CN</n-view><n-view>MARKETSEIKON</n-view><n-view>CB_ASIAWIRES</n-view><n-view>INWIRES_AC</n-view><n-view>GULF_INTL</n-view><n-view>ININTNEWS_AC</n-view><n-view>ANZ_INTLOS</n-view><n-view>CLEAR_RF</n-view><n-view>INALLNEWS_AC</n-view><n-view>INNEWSINT_PRO</n-view><n-view>INBUSNEWS</n-view><n-view>INNEWSWORLD_PRO</n-view><n-view>INBUSNEWS_AC</n-view><prism-stylesheet guid="Ia3024d301b6a11d89fc5f34981d3242f"/><prism-clipdate>20150715111915</prism-clipdate></n-metadata>
<n-docbody><document version="1" collection="D-ARKANEWS-T001" first-load-date="20150715111915" ip-product="ARKANEWS" royalty-id="84104" data-model="text" dtd-version="5.2.29" content-type="news" load-language="en" pnac="nNRA00g1y9" pnac-date="20150715T161535.475"><supplier-info><supplier-num nitf="doc-id" nitf-regsrc="ARKA News Agency" type="accession">57e300042e25b3e0</supplier-num><internal-acc-num db-id="NEPRARKA" type="newz">20150715170.1_V57e300042e25b3e0</internal-acc-num><rec-status><last-load-date>20150715111915</last-load-date><nitf-date ne="datereceived">20150715T16:15:35Z</nitf-date><nitf-date nitf="date-issue">20150715T00:00:00Z</nitf-date><last-provider-update>20150715161535</last-provider-update></rec-status><supplier-copyright>Copyright Â© 2015 ARKA<copyright-year/><copyright-holder>ARKA</copyright-holder></supplier-copyright><supplier-note nitf="urgency" nitf-ed-urg="4"/><nitf-meta-content name="recommendable">1</nitf-meta-content><nitf-meta-content name="_newsmlg2-hashtype=nr-htype:doc-group-fuzzy">17818|20886|33432|45408|98619|30195|9684|102075|98943|35475|18350|31935|65820|746|101141|75436|76539|38795|58565|97037|34779|67874|43952|645|38186|11183|54807|16529|26707|109835|85822|73243|21933|27700|41592|108407|22189|42680|39827|16798|70497|22489|66164|35592|36080|64722|20942|82771|13364|104744|22017|81829|113010|24552|67487|104678|9696|96697|25234|57726|</nitf-meta-content><nitf-meta-content name="_newsmlg2-hashtype=nr-htype:doc-group-content-length">1286</nitf-meta-content><nitf-meta-content name="_newsmlg2-hashtype=nr-htype:doc-group-simple">-21ff9466a8708bce5c36db360bb698c3ee9bbf</nitf-meta-content><supplier-dtds><dtd dtd-version="working" dtd-date="20150609T00:00:00Z">Canonical Taxonomy</dtd><dtd dtd-version="20150602" dtd-date="20150609T00:00:00Z">Mapping File</dtd></supplier-dtds><copyright-block type="dialog"><service-copyright n-include_guid="Ice671660f30811d88920000083149a14" n-include_collection="D-DIALOGCOPYRIGHTS-T001"/></copyright-block><copyright-block type="west"><service-copyright n-include_guid="I1DA35ED81DD211B281BAD200220BDFCA" n-include_collection="w_wlnv_msg"/></copyright-block><west-citation-block><bop/><first-line-cite><bos/>7/15/15 NEWS 00:00:00<eos/></first-line-cite><second-line-cite><bos/>7/15/15 ARKA News Agency 00:00:00<eos/></second-line-cite><eop/></west-citation-block></supplier-info><title-info iso-language="en"><bop/><title type="headline" nitf-hedline="hl1" key="key-title"><bos/><sort-title>ENTERPRISE INCUBATOR FOUNDATION NAMES WINNERS OF TECHNOLOGY WEEKEND</sort-title><eos/></title><eop/></title-info><pub-info><journal key="key-journal"><bop/><bos/><sort-journal>ARKA News Agency</sort-journal><eos/><eop/></journal><pub-date key="key-date" iso-time="T00:00:00Z" type="date.publication"><full-pub-date>July 15, 2015</full-pub-date><sort-pub-date>20150715</sort-pub-date><sort-pub-timestamp>20150715000000</sort-pub-timestamp><rank-date>20150715</rank-date><currency-timestamp>20150715000000</currency-timestamp></pub-date><original-pub><language iso-language="en">English</language></original-pub><src-data><src-journal-code>ANPV</src-journal-code><src-pub-code>0063786</src-pub-code><src-pub-type>Newswire</src-pub-type><src-pub-country-wrap><src-pub-country-code>GE</src-pub-country-code><src-pub-country>Georgia CIS</src-pub-country></src-pub-country-wrap><src-pub-region>Europe</src-pub-region></src-data></pub-info><content iso-language="en"><total-char-count>1890</total-char-count><derived-word-count><bop/><bos/>Word Count: 276<eos/><eop/></derived-word-count><text type="lead-para"><p nitf="lede"><bop/><bos/><cite.query w-seq-number="00001" w-ref-type="WC" w-normalized-cite="I76DF065242BE11DDA1BC0014224D2780" ID="I5d82a3802b0d11e5ad70a61b452003f6">INFORMATION TECHNOLOGIES</cite.query><eos/><eop/></p><p nitf="lede"><bop/><bos/>YEREVAN, July 15. / ARKA /. The <cite.query w-seq-number="00002" w-ref-type="NM" w-normalized-cite="canonical_name::ENTERPRISE INCUBATOR FOUNDATION" ID="I5d9a98502b0d11e5ad70a61b452003f6">Enterprise Incubator Foundation</cite.query> (EIF) has named the winners of a Technology Weekend, conducted last weekend in Armenia with the assistance from the <cite.query w-seq-number="00003" w-ref-type="NM" w-normalized-cite="canonical_name::IBM CENTER" ID="I5d9a98512b0d11e5ad70a61b452003f6">IBM Center</cite.query> for <cite.query w-seq-number="00004" w-ref-type="NM" w-normalized-cite="canonical_name::INNOVATIVE SOLUTIONS AND TECHNOLOGIES" ID="I5d9a98522b0d11e5ad70a61b452003f6">Innovative Solutions and Technologies</cite.query>.<eos/><eop/></p></text><text type="body"><p><bop/><bos/>They are Vuplex and Simplex, two teams of programmers who competed with another 10 teams during a 24-hour Hackathon contest based on the <cite.query w-seq-number="00005" w-ref-type="MM" w-normalized-cite="canonical_name::IBM" ID="I5db7e4502b0d11e5ad70a61b452003f6">IBM</cite.query> BlueMix cloud platform. <eos/><bos/>The winners were awarded 500 thousand drams (a little over of $1000) prizes each. <eos/><bos/>Another team called <cite.query w-seq-number="00006" w-ref-type="WC" w-normalized-cite="I07F22D2020B711DFA802F09965475B42" ID="I5db7e4512b0d11e5ad70a61b452003f6">Brainstorm</cite.query> was awarded two smartphones as an incentive prize.<eos/><eop/></p><p><bop/><bos/>&quot;It is encouraging that despite their young age, all the participants presented interesting and innovative solutions. <eos/><bos/>The <cite.query w-seq-number="00007" w-ref-type="MM" w-normalized-cite="canonical_name::IBM" ID="I5dcc08902b0d11e5ad70a61b452003f6">IBM</cite.query> BlueMix platform provided them with ample opportunities for programming their own ideas,&quot; said Hayk Farmazyan, CEO of <cite.query w-seq-number="00008" w-ref-type="MM" w-normalized-cite="canonical_name::GNC" ID="I5dcc08912b0d11e5ad70a61b452003f6">GNC</cite.query>-ALFA telecommunications company (a subsidiary of Rostelecom), one of the sponsors of the contest.<eos/><eop/></p><p><bop/><bos/>&quot;It is a very interesting competition that prompted the teams to work more actively. <eos/><bos/>Generally, Hackathon based on cloud platform forces any team to think in a new direction, acquiring simultaneously new knowledge, &quot; said a member of Simplex team Nairi Narinyan.<eos/><eop/></p><p><bop/><bos/>The event also featured the first in Armenia Slash 2015 Global Impact Accelerator competition of 11 teams. <eos/><bos/>Three best teams- Paqqy, Rederforest and Chally- will represent Armenia at Slash international competition to be held November 11-12 in Helsinki, Finland.<eos/><eop/></p><p><bop/><bos/>Slash is an annual international technology conference for new innovative companies (start-ups) and techno-talents. <eos/><bos/>During the conference meetings are organized for leading international investors, managers and media representatives to enable IT companies to develop their business.<eos/><eop/></p><p><bop/><bos/><cite.query w-seq-number="00009" w-ref-type="NM" w-normalized-cite="canonical_name::IBM CENTER FOR INNOVATIVE SOLUTIONS" ID="I5deadb302b0d11e5ad70a61b452003f6">IBM Center for Innovative Solutions</cite.query> and Technology is a joint program of <cite.query w-seq-number="00010" w-ref-type="MM" w-normalized-cite="canonical_name::IBM" ID="I5deadb312b0d11e5ad70a61b452003f6">IBM</cite.query>, USAID, the government of Armenia and the <cite.query w-seq-number="00011" w-ref-type="NM" w-normalized-cite="canonical_name::ENTERPRISE INCUBATOR FOUNDATION" ID="I5deadb322b0d11e5ad70a61b452003f6">Enterprise Incubator Foundation</cite.query>. -0-<eos/><eop/></p></text></content><indexing iso-language="en" value-add="machine-generated"><classification-terms><pres-location-block><bop/><bos/><pres-location-wrap><pres-location>Armenia</pres-location><pres-location-code>ISOAM</pres-location-code><alt1-location-code>1AR09</alt1-location-code></pres-location-wrap><pres-location-wrap><pres-location>CIS Countries</pres-location><pres-location-code>CISSTAT</pres-location-code><alt1-location-code>1CI64</alt1-location-code></pres-location-wrap><pres-location-wrap><pres-location>Eastern Europe</pres-location><pres-location-code>GEOEEUR</pres-location-code><alt1-location-code>1EA48</alt1-location-code></pres-location-wrap><pres-location-wrap><pres-location>Europe</pres-location><pres-location-code>GEOEUR</pres-location-code><alt1-location-code>1EU83</alt1-location-code></pres-location-wrap><pres-location-wrap><pres-location>Eurozone Countries</pres-location><pres-location-code>EUROZONE</pres-location-code><alt1-location-code>1EU86</alt1-location-code></pres-location-wrap><pres-location-wrap><pres-location>Finland</pres-location><pres-location-code>ISOFI</pres-location-code><alt1-location-code>1FI41</alt1-location-code></pres-location-wrap><pres-location-wrap><pres-location>Northern Europe</pres-location><pres-location-code>GEONEUR</pres-location-code><alt1-location-code>1NO01</alt1-location-code></pres-location-wrap><pres-location-wrap><pres-location>Scandinavia</pres-location><pres-location-code>GEOSCAND</pres-location-code><alt1-location-code>1SC27</alt1-location-code></pres-location-wrap><pres-location-wrap><pres-location>Western Europe</pres-location><pres-location-code>GEOWEUR</pres-location-code><alt1-location-code>1WE41</alt1-location-code></pres-location-wrap><eos/><eop/></pres-location-block></classification-terms><classification-terms><pres-subject-block><bop/><bos/><pres-subject-wrap><pres-subject>CIS</pres-subject><pres-subject-code>GEOCIS</pres-subject-code><alt1-subject-code>1CI65</alt1-subject-code></pres-subject-wrap><pres-subject-wrap><pres-subject>Conventions, Conferences &amp; Trade Shows</pres-subject><pres-subject-code>CONVENE</pres-subject-code><alt1-subject-code>1CO42</alt1-subject-code></pres-subject-wrap><pres-subject-wrap><pres-subject>Foundations</pres-subject><pres-subject-code>FDATIONS</pres-subject-code><alt1-subject-code>1FO95</alt1-subject-code></pres-subject-wrap><pres-subject-wrap><pres-subject>Major Corporations</pres-subject><pres-subject-code>MAJCORP</pres-subject-code><alt1-subject-code>1MA93</alt1-subject-code></pres-subject-wrap><pres-subject-wrap><pres-subject>Philanthropy</pres-subject><pres-subject-code>DONATE</pres-subject-code><alt1-subject-code>1PH09</alt1-subject-code></pres-subject-wrap><pres-subject-wrap><pres-subject>Social Issues</pres-subject><pres-subject-code>PTSOCISS</pres-subject-code><alt1-subject-code>1SO05</alt1-subject-code></pres-subject-wrap><pres-subject-wrap><pres-subject>World Organizations</pres-subject><pres-subject-code>GEOORGS</pres-subject-code><alt1-subject-code>1IN77</alt1-subject-code></pres-subject-wrap><eos/><eop/></pres-subject-block><pres-industry-block><bop/><bos/><pres-industry-wrap><pres-industry>I.T.</pres-industry><pres-industry-code>ITOVER</pres-industry-code><alt1-industry-code>1IT96</alt1-industry-code></pres-industry-wrap><pres-industry-wrap><pres-industry>Networking</pres-industry><pres-industry-code>DCTOP10</pres-industry-code><alt1-industry-code>1NE45</alt1-industry-code></pres-industry-wrap><eos/><eop/></pres-industry-block></classification-terms><classification-terms><rcs-block><rcs>G:3</rcs><rcs>G:B2</rcs><rcs>G:7I</rcs><rcs>G:Y</rcs><rcs>M:NL</rcs><rcs>B:161</rcs><rcs>G:90</rcs><rcs>G:B</rcs><rcs>G:A</rcs><rcs>G:M</rcs><rcs>M:I4</rcs><rcs>G:AJ</rcs><rcs>G:AL</rcs></rcs-block></classification-terms><extraction-terms><extr-company-block><bop/><bos/><norm-company oa-id="4298464055">GNC HOLDINGS INC</norm-company><norm-company-wrap occur-sequence="5"><norm-company-name>GNC HOLDINGS INC</norm-company-name><company-ids><oa-id>4298464055</oa-id><ric norm="GNC.N">GNC.N</ric></company-ids><company-classification><trbc-wrap><trbc type="RCS">B:1608</trbc><trbc type="2012">5430102010</trbc><trbc type="perm-id">4294951393</trbc></trbc-wrap></company-classification><relevancy engine="1C">0.2</relevancy><confidence engine="1C">0.93</confidence></norm-company-wrap><norm-company oa-id="4295904307">INTERNATIONAL BUSINESS MACHINES CORP</norm-company><norm-company-wrap occur-sequence="1,3,4,7,9"><norm-company-name>INTERNATIONAL BUSINESS MACHINES CORP</norm-company-name><company-ids><oa-id>4295904307</oa-id><ric norm="IBM.N">IBM.N</ric></company-ids><company-classification><trbc-wrap><trbc type="RCS">B:1790</trbc><trbc type="2012">5720101010</trbc><trbc type="perm-id">4294951211</trbc></trbc-wrap></company-classification><relevancy engine="1C">0.2</relevancy><confidence engine="1C">0.95</confidence></norm-company-wrap><norm-company oa-id="4295900454">INNOVATIVE SOLUTIONS AND SUPPORT INC</norm-company><norm-company-wrap occur-sequence="2,8"><norm-company-name>INNOVATIVE SOLUTIONS AND SUPPORT INC</norm-company-name><company-ids><oa-id>4295900454</oa-id><ric norm="ISSC.OQ">ISSC.OQ</ric></company-ids><company-classification><trbc-wrap><trbc type="RCS">B:1139</trbc><trbc type="2012">5210101014</trbc><trbc type="perm-id">4294951862</trbc></trbc-wrap></company-classification><relevancy engine="1C">0.2</relevancy><confidence engine="1C">0.94</confidence></norm-company-wrap><norm-company oa-id="4295887076">OPEN JOINT STOCK COMPANY LONG DISTANCE AND INTERNATIONAL TELECOMMUNICATIONS &quot;ROSTELECOM&quot;</norm-company><norm-company-wrap occur-sequence="6"><norm-company-name>OPEN JOINT STOCK COMPANY LONG DISTANCE AND INTERNATIONAL TELECOMMUNICATIONS &quot;ROSTELECOM&quot;</norm-company-name><company-ids><oa-id>4295887076</oa-id><ric norm="RTKM.MMO">RTKM.MMO</ric></company-ids><company-classification><trbc-wrap><trbc type="RCS">B:1811</trbc><trbc type="2012">5810101010</trbc><trbc type="perm-id">4294951190</trbc></trbc-wrap></company-classification><relevancy engine="1C">0.2</relevancy><confidence engine="1C">0.66</confidence></norm-company-wrap><eos/><eop/></extr-company-block></extraction-terms><extraction-terms><extr-person-block><bop/><bos/><extr-person>Slash</extr-person><extr-person-wrap><extr-person-name>Slash</extr-person-name><relevancy engine="1C">0.2</relevancy></extr-person-wrap><extr-person>Hayk Farmazyan</extr-person><extr-person-wrap><extr-person-name>Hayk Farmazyan</extr-person-name><relevancy engine="1C">0.2</relevancy></extr-person-wrap><eos/><eop/></extr-person-block></extraction-terms></indexing></document></n-docbody>
</n-document>
<n-document guid="I0bcb4ad02a2f11e59952fe5b904b02bb"><n-metadata><metadata.block><md.identifiers><md.cites><md.first.line.cite>7/14/15 NEWS 00:00:00</md.first.line.cite><md.second.line.cite>7/14/15 ARKA News Agency 00:00:00</md.second.line.cite></md.cites><md.uuid>I0bcb4ad02a2f11e59952fe5b904b02bb</md.uuid></md.identifiers><md.infotype>news</md.infotype><md.sortkeys><md.ordersequence>f47363bec</md.ordersequence></md.sortkeys><md.descriptions><md.title>APPLE SCORES 92 PERCENT OF OPERATING INCOME OF LARGEST EIGHT SMARTPHONE MAKERS</md.title><md.westlawdescrip><md.readlist>READLIST</md.readlist></md.westlawdescrip></md.descriptions><md.dates><md.publisheddatetime>20150714090109</md.publisheddatetime><md.loaddate>20150714</md.loaddate><md.createddatetime>20150714090109</md.createddatetime></md.dates><md.subjects><md.subject><md.pubtype.name/><md.doctype.name>DNR</md.doctype.name><md.doctype.rank/><md.view>CNGE</md.view><md.view>RGEurope</md.view><md.view>PTNewswires</md.view><md.view>ARKANEWS0063786</md.view><md.view>INALLNEWS_ACTEST</md.view><md.view>INFARNEWS_AC</md.view><md.view>MARKETSEIKON_CN</md.view><md.view>MARKETSEIKON</md.view><md.view>CB_ASIAWIRES</md.view><md.view>INWIRES_AC</md.view><md.view>GULF_INTL</md.view><md.view>ININTNEWS_AC</md.view><md.view>ANZ_INTLOS</md.view><md.view>CLEAR_RF</md.view><md.view>INALLNEWS_AC</md.view><md.view>INNEWSINT_PRO</md.view><md.view>INBUSNEWS</md.view><md.view>INNEWSWORLD_PRO</md.view><md.view>INBUSNEWS_AC</md.view></md.subject></md.subjects><md.jurisdictions><md.jurisdiction><md.jurisstate>FE</md.jurisstate></md.jurisdiction></md.jurisdictions><md.publications><md.publication/><md.sourcepubid>ARKANEWS</md.sourcepubid></md.publications><md.royalty><md.royalty.code>84104</md.royalty.code></md.royalty></metadata.block><news.metadata.block><md.text.preview>COMPANIESYEREVAN, July 14. / ARKA /. In the first quarter of 2015, Apple scored 92 percent of the total operating income earned by the world&apos;s top eight smartphone makers, The Wall Street Journal says quoting Canaccord Genuity managing director</md.text.preview></news.metadata.block><newsplus.recommendable>1</newsplus.recommendable><n-view>CNGE</n-view><n-view>RGEurope</n-view><n-view>PTNewswires</n-view><n-view>ARKANEWS0063786</n-view><n-view>INALLNEWS_ACTEST</n-view><n-view>INFARNEWS_AC</n-view><n-view>MARKETSEIKON_CN</n-view><n-view>MARKETSEIKON</n-view><n-view>CB_ASIAWIRES</n-view><n-view>INWIRES_AC</n-view><n-view>GULF_INTL</n-view><n-view>ININTNEWS_AC</n-view><n-view>ANZ_INTLOS</n-view><n-view>CLEAR_RF</n-view><n-view>INALLNEWS_AC</n-view><n-view>INNEWSINT_PRO</n-view><n-view>INBUSNEWS</n-view><n-view>INNEWSWORLD_PRO</n-view><n-view>INBUSNEWS_AC</n-view><prism-stylesheet guid="Ia3024d301b6a11d89fc5f34981d3242f"/><prism-clipdate>20150714090109</prism-clipdate></n-metadata>
<n-docbody><document version="1" collection="D-ARKANEWS-T001" first-load-date="20150714090109" ip-product="ARKANEWS" royalty-id="84104" data-model="text" dtd-version="5.2.29" content-type="news" load-language="en" pnac="nNRA00atl4" pnac-date="20150714T134845.437"><supplier-info><supplier-num nitf="doc-id" nitf-regsrc="ARKA News Agency" type="accession">f5f3000c4b962fe6</supplier-num><internal-acc-num db-id="NEPRARKA" type="newz">20150714170.1_Vf5f3000c4b962fe6</internal-acc-num><rec-status><last-load-date>20150714090109</last-load-date><nitf-date ne="datereceived">20150714T13:48:45Z</nitf-date><nitf-date nitf="date-issue">20150714T00:00:00Z</nitf-date><last-provider-update>20150714134845</last-provider-update></rec-status><supplier-copyright>Copyright Â© 2015 ARKA<copyright-year/><copyright-holder>ARKA</copyright-holder></supplier-copyright><supplier-note nitf="urgency" nitf-ed-urg="4"/><nitf-meta-content name="recommendable">1</nitf-meta-content><nitf-meta-content name="_newsmlg2-hashtype=nr-htype:doc-group-fuzzy">111774|103522|21179|98619|25954|42384|28084|44494|66629|90940|80075|33437|25082|36963|43619|100651|65343|15108|32599|36508|17812|58280|101141|112065|97719|59409|21683|17051|13578|41845|112060|90165|37392|20185|84301|37042|103957|85229|59035|19059|12568|65371|95068|55611|871|25698|70876|36304|27129|86964|17031|8157|103027|96090|73016|10088|7203|12921|43620|44064|</nitf-meta-content><nitf-meta-content name="_newsmlg2-hashtype=nr-htype:doc-group-content-length">1989</nitf-meta-content><nitf-meta-content name="_newsmlg2-hashtype=nr-htype:doc-group-simple">-55ea66cf9c91041c3326ccd346cbf285a24de5d</nitf-meta-content><supplier-dtds><dtd dtd-version="working" dtd-date="20150609T00:00:00Z">Canonical Taxonomy</dtd><dtd dtd-version="20150602" dtd-date="20150609T00:00:00Z">Mapping File</dtd></supplier-dtds><copyright-block type="dialog"><service-copyright n-include_guid="Ice671660f30811d88920000083149a14" n-include_collection="D-DIALOGCOPYRIGHTS-T001"/></copyright-block><copyright-block type="west"><service-copyright n-include_guid="I1DA35ED81DD211B281BAD200220BDFCA" n-include_collection="w_wlnv_msg"/></copyright-block><west-citation-block><bop/><first-line-cite><bos/>7/14/15 NEWS 00:00:00<eos/></first-line-cite><second-line-cite><bos/>7/14/15 ARKA News Agency 00:00:00<eos/></second-line-cite><eop/></west-citation-block></supplier-info><title-info iso-language="en"><bop/><title type="headline" nitf-hedline="hl1" key="key-title"><bos/><sort-title>APPLE SCORES 92 PERCENT OF OPERATING INCOME OF LARGEST EIGHT SMARTPHONE MAKERS</sort-title><eos/></title><eop/></title-info><pub-info><journal key="key-journal"><bop/><bos/><sort-journal>ARKA News Agency</sort-journal><eos/><eop/></journal><pub-date key="key-date" iso-time="T00:00:00Z" type="date.publication"><full-pub-date>July 14, 2015</full-pub-date><sort-pub-date>20150714</sort-pub-date><sort-pub-timestamp>20150714000000</sort-pub-timestamp><rank-date>20150714</rank-date><currency-timestamp>20150714000000</currency-timestamp></pub-date><original-pub><language iso-language="en">English</language></original-pub><src-data><src-journal-code>ANPV</src-journal-code><src-pub-code>0063786</src-pub-code><src-pub-type>Newswire</src-pub-type><src-pub-country-wrap><src-pub-country-code>GE</src-pub-country-code><src-pub-country>Georgia CIS</src-pub-country></src-pub-country-wrap><src-pub-region>Europe</src-pub-region></src-data></pub-info><content iso-language="en"><total-char-count>3385</total-char-count><derived-word-count><bop/><bos/>Word Count: 553<eos/><eop/></derived-word-count><text type="lead-para"><p nitf="lede"><bop/>COMPANIES<eop/></p><p nitf="lede"><bop/><bos/>YEREVAN, July 14. / ARKA /. In the first quarter of 2015, <cite.query w-seq-number="00001" w-ref-type="MM" w-normalized-cite="canonical_name::APPLE" ID="Id3873b002a3011e5987fb90697f99638">Apple</cite.query> scored 92 percent of the total operating income earned by the world&apos;s top eight smartphone makers, The <cite.query w-seq-number="00002" w-ref-type="NM" w-normalized-cite="canonical_name::WALL STREET JOURNAL" ID="Id3873b012a3011e5987fb90697f99638">Wall Street Journal</cite.query> says quoting Canaccord <cite.query w-seq-number="00003" w-ref-type="MM" w-normalized-cite="canonical_name::GENUITY" ID="Id3873b022a3011e5987fb90697f99638">Genuity</cite.query> managing director Mike Walkley. <eos/><bos/>Representing earnings before interest and taxes, that number is up from the 65 percent in industry income that <cite.query w-seq-number="00004" w-ref-type="MM" w-normalized-cite="canonical_name::APPLE" ID="Id3873b032a3011e5987fb90697f99638">Apple</cite.query> snagged in the first quarter of 2014.<eos/><eop/></p></text><text type="body"><p><bop/><bos/>The latest number is even more striking since <cite.query w-seq-number="00005" w-ref-type="MM" w-normalized-cite="canonical_name::APPLE" ID="Id3ae99202a3011e5987fb90697f99638">Apple</cite.query> accounts for only 20 percent of all smartphones sold around the globe. <eos/><bos/>In second place was <cite.query w-seq-number="00006" w-ref-type="MM" w-normalized-cite="canonical_name::SAMSUNG" ID="Id3ae99212a3011e5987fb90697f99638">Samsung</cite.query>, which grabbed 15 percent of all industry operating profits in the first quarter. <eos/><bos/>But 92 percent plus 15 percent equals 107 percent. <eos/><bos/>The fact is that <cite.query w-seq-number="00007" w-ref-type="MM" w-normalized-cite="canonical_name::APPLE" ID="Id3ae99222a3011e5987fb90697f99638">Apple</cite.query> and <cite.query w-seq-number="00008" w-ref-type="MM" w-normalized-cite="canonical_name::SAMSUNG" ID="Id3ae99232a3011e5987fb90697f99638">Samsung</cite.query> actually captured more than 100 percent of overall industry profits, according to Canaccord, because other smartphone makers either broke even or lost money in the first quarter.<eos/><eop/></p><p><bop/><bos/>How does <cite.query w-seq-number="00009" w-ref-type="MM" w-normalized-cite="canonical_name::APPLE" ID="Id3b6af702a3011e5987fb90697f99638">Apple</cite.query> manage to achieve such a large share of the profits when it sells only a small slice of the industry&apos;s smartphones? <eos/><bos/>One reason: higher prices.<eos/><eop/></p><p><bop/><bos/>In 2014, the iPhone&apos;s average selling price around the world was $624, compared with just $185 for Android smartphones, the Journal said, citing data from research firm <cite.query w-seq-number="00010" w-ref-type="MM" w-normalized-cite="canonical_name::STRATEGY ANALYTICS" ID="Id3c703202a3011e5987fb90697f99638">Strategy Analytics</cite.query>. <eos/><bos/>And the huge demand for the big-screened iPhone 6 and iPhone 6 Plus pushed profits even higher. <eos/><bos/>For its second fiscal quarter of 2015, ended March 28, <cite.query w-seq-number="00011" w-ref-type="MM" w-normalized-cite="canonical_name::APPLE" ID="Id3c703212a3011e5987fb90697f99638">Apple</cite.query> sold 43 percent more iPhones than it had a year earlier, and at a higher price -- during that period the average price for an iPhone climbed by more than $60 to $659, courtesy of the iPhone 6 lineup.<eos/><eop/></p><p><bop/><bos/>Another reason? <eos/><bos/><cite.query w-seq-number="00012" w-ref-type="MM" w-normalized-cite="canonical_name::APPLE" ID="Id3de34a02a3011e5987fb90697f99638">Apple</cite.query>&apos;s product line is unique compared with those of Android vendors. <eos/><bos/>Though it offers different models, <cite.query w-seq-number="00013" w-ref-type="MM" w-normalized-cite="canonical_name::APPLE" ID="Id3de34a12a3011e5987fb90697f99638">Apple</cite.query> sells just one smartphone -- the iPhone. <eos/><bos/>In contrast, Android phone makers sell a variety of phones from low-cost models to premium products. <eos/><bos/>Putting aside the debate over which platform is &quot;better&quot; -- iOS or Android, <cite.query w-seq-number="00014" w-ref-type="MM" w-normalized-cite="canonical_name::APPLE" ID="Id3de34a22a3011e5987fb90697f99638">Apple</cite.query> can command a higher price because its phone differentiates itself from the cavalcade of Android devices on the market.<eos/><eop/></p><p><bop/><bos/><cite.query w-seq-number="00015" w-ref-type="MM" w-normalized-cite="canonical_name::APPLE" ID="Id3fe8de02a3011e5987fb90697f99638">Apple</cite.query> is also grabbing more profits at a time when rival smartphone players are straining to make more money. <eos/><bos/><cite.query w-seq-number="00016" w-ref-type="MM" w-normalized-cite="canonical_name::SAMSUNG" ID="Id3fe8de12a3011e5987fb90697f99638">Samsung</cite.query> has seen both its sales and market share drop in the face of competition from <cite.query w-seq-number="00017" w-ref-type="MM" w-normalized-cite="canonical_name::APPLE" ID="Id3fe8de22a3011e5987fb90697f99638">Apple</cite.query> on the high end and Chinese vendors such as Xiaomi and <cite.query w-seq-number="00018" w-ref-type="MM" w-normalized-cite="canonical_name::HUAWEI" ID="Id3fe8de32a3011e5987fb90697f99638">Huawei</cite.query> on the low end. <eos/><bos/>In June, the Korean phone maker said that it expects its seventh straight decline in profits in the second quarter.<eos/><eop/></p><p><bop/><bos/>Also in June, <cite.query w-seq-number="00019" w-ref-type="MM" w-normalized-cite="canonical_name::HTC" ID="Id412b2202a3011e5987fb90697f99638">HTC</cite.query> revealed that its anticipates a downturn in second-quarter revenues as well as a net loss, following a string of four profitable quarters. <eos/><bos/>Even Chinese smartphone vendors are feeling a pinch -- earlier this month, <cite.query w-seq-number="00020" w-ref-type="NM" w-normalized-cite="canonical_name::XIAOMI" ID="Id412b2212a3011e5987fb90697f99638">Xiaomi</cite.query> reported that it had sold 35 million smartphones in the first half of the year, likely missing its forecast to sell 100 million units by the end of the year.<eos/><eop/></p><p><bop/><bos/><cite.query w-seq-number="00021" w-ref-type="MM" w-normalized-cite="canonical_name::APPLE" ID="Id41bd9e02a3011e5987fb90697f99638">Apple</cite.query> does now face the challenge of how to top last year&apos;s iPhone 6 lineup, which offered consumers big-screened iPhones for the first time ever. <eos/><bos/>But at least one person believes the company will continue to dominate when it comes to its share of industry profits.<eos/><eop/></p><p><bop/><bos/>&quot;The dominance of <cite.query w-seq-number="00022" w-ref-type="MM" w-normalized-cite="canonical_name::APPLE" ID="Id42eecb02a3011e5987fb90697f99638">Apple</cite.query> is something that is very hard to overcome,&quot; Denny Strigl, former chief operating officer of <cite.query w-seq-number="00023" w-ref-type="WC" w-normalized-cite="I09431580635B11E080258F0E01953BF2" ID="Id42eecb12a3011e5987fb90697f99638">Verizon Communications</cite.query>, told the Journal. &quot;<eos/><bos/><cite.query w-seq-number="00024" w-ref-type="MM" w-normalized-cite="canonical_name::APPLE" ID="Id42eecb22a3011e5987fb90697f99638">Apple</cite.query> has to stumble somehow or another and I don&apos;t think that&apos;s going to happen.&quot; -0-<eos/><eop/></p></text></content><indexing iso-language="en" value-add="machine-generated"><classification-terms><pres-subject-block><bop/><bos/><pres-subject-wrap><pres-subject>Major Corporations</pres-subject><pres-subject-code>MAJCORP</pres-subject-code><alt1-subject-code>1MA93</alt1-subject-code></pres-subject-wrap><eos/><eop/></pres-subject-block><pres-industry-block><bop/><bos/><pres-industry-wrap><pres-industry>Computer Equipment</pres-industry><pres-industry-code>CPTROVER</pres-industry-code><alt1-industry-code>1CO77</alt1-industry-code></pres-industry-wrap><pres-industry-wrap><pres-industry>Consumer Electronics</pres-industry><pres-industry-code>CEOVR</pres-industry-code><alt1-industry-code>1CO61</alt1-industry-code></pres-industry-wrap><pres-industry-wrap><pres-industry>Consumer Products &amp; Services</pres-industry><pres-industry-code>BUYBUY</pres-industry-code><alt1-industry-code>1CO62</alt1-industry-code></pres-industry-wrap><pres-industry-wrap><pres-industry>Electronics</pres-industry><pres-industry-code>ETRONICS</pres-industry-code><alt1-industry-code>1EL16</alt1-industry-code></pres-industry-wrap><pres-industry-wrap><pres-industry>I.T.</pres-industry><pres-industry-code>ITOVER</pres-industry-code><alt1-industry-code>1IT96</alt1-industry-code></pres-industry-wrap><pres-industry-wrap><pres-industry>Mobile Operating Systems</pres-industry><pres-industry-code>SOFTPALM</pres-industry-code><alt1-industry-code>1PA15</alt1-industry-code></pres-industry-wrap><pres-industry-wrap><pres-industry>Mobile Phones &amp; Pagers</pres-industry><pres-industry-code>TWPHONE</pres-industry-code><alt1-industry-code>1WI07</alt1-industry-code></pres-industry-wrap><pres-industry-wrap><pres-industry>Palmtop Computing</pres-industry><pres-industry-code>PCHAND</pres-industry-code><alt1-industry-code>1PA77</alt1-industry-code></pres-industry-wrap><pres-industry-wrap><pres-industry>Software</pres-industry><pres-industry-code>SOFOVER1</pres-industry-code><alt1-industry-code>1SO30</alt1-industry-code></pres-industry-wrap><pres-industry-wrap><pres-industry>Software O/S Platforms</pres-industry><pres-industry-code>SOFDOPS1</pres-industry-code><alt1-industry-code>1SO68</alt1-industry-code></pres-industry-wrap><pres-industry-wrap><pres-industry>Software Products</pres-industry><pres-industry-code>SOFTPROD</pres-industry-code><alt1-industry-code>1SO56</alt1-industry-code></pres-industry-wrap><pres-industry-wrap><pres-industry>Telecom Consumer Equipment</pres-industry><pres-industry-code>TCCONEQ</pres-industry-code><alt1-industry-code>1TE03</alt1-industry-code></pres-industry-wrap><eos/><eop/></pres-industry-block></classification-terms><classification-terms><rcs-block><rcs>B:169</rcs><rcs>B:69</rcs><rcs>B:78</rcs><rcs>B:162</rcs><rcs>B:75</rcs><rcs>M:NL</rcs><rcs>B:161</rcs><rcs>B:172</rcs><rcs>B:174</rcs></rcs-block></classification-terms><extraction-terms><extr-company-block><bop/><bos/><extr-company>Wall Street Journal</extr-company><extr-company-wrap><extr-company-name>Wall Street Journal</extr-company-name><relevancy engine="1C">0.2</relevancy><confidence engine="1C">0.94</confidence></extr-company-wrap><norm-company oa-id="4295905573">APPLE INC</norm-company><norm-company-wrap occur-sequence="1,2,3,4,6,8,10,11,12,13,14,16,21,22,23"><norm-company-name>APPLE INC</norm-company-name><company-ids><oa-id>4295905573</oa-id><ric norm="AAPL.OQ">AAPL.OQ</ric></company-ids><company-classification><trbc-wrap><trbc type="RCS">B:1758</trbc><trbc type="2012">5710601010</trbc><trbc type="perm-id">4294951243</trbc></trbc-wrap></company-classification><relevancy engine="1C">0.8</relevancy><confidence engine="1C">0.99</confidence></norm-company-wrap><norm-company oa-id="4295891746">HTC CORP</norm-company><norm-company-wrap occur-sequence="19"><norm-company-name>HTC CORP</norm-company-name><company-ids><oa-id>4295891746</oa-id><ric norm="2498.TW">2498.TW</ric></company-ids><company-classification><trbc-wrap><trbc type="RCS">B:1768</trbc><trbc type="2012">5710602010</trbc><trbc type="perm-id">4294951233</trbc></trbc-wrap></company-classification><relevancy engine="1C">0.2</relevancy><confidence engine="1C">0.92</confidence></norm-company-wrap><norm-company oa-id="4296309931">HUAWEI TECHNOLOGIES CO LTD</norm-company><norm-company-wrap occur-sequence="18"><norm-company-name>HUAWEI TECHNOLOGIES CO LTD</norm-company-name><company-ids><oa-id>4296309931</oa-id></company-ids><company-classification><trbc-wrap><trbc type="RCS">B:1821</trbc><trbc type="2012">5810102014</trbc><trbc type="perm-id">4294951180</trbc></trbc-wrap></company-classification><relevancy engine="1C">0.2</relevancy><confidence engine="1C">0.97</confidence></norm-company-wrap><norm-company oa-id="4295882451">SAMSUNG ELECTRONICS CO LTD</norm-company><norm-company-wrap occur-sequence="5,7,15"><norm-company-name>SAMSUNG ELECTRONICS CO LTD</norm-company-name><company-ids><oa-id>4295882451</oa-id><ric norm="005930.KS">005930.KS</ric></company-ids><company-classification><trbc-wrap><trbc type="RCS">B:1768</trbc><trbc type="2012">5710602010</trbc><trbc type="perm-id">4294951233</trbc></trbc-wrap></company-classification><relevancy engine="1C">0.5</relevancy><confidence engine="1C">0.99</confidence></norm-company-wrap><norm-company oa-id="5001119948">STRATEGY ANALYTICS INC</norm-company><norm-company-wrap occur-sequence="9"><norm-company-name>STRATEGY ANALYTICS INC</norm-company-name><company-ids><oa-id>5001119948</oa-id></company-ids><company-classification><trbc-wrap><trbc type="RCS">B:55</trbc><trbc type="2012">52301010</trbc><trbc type="perm-id">4294952946</trbc></trbc-wrap></company-classification><relevancy engine="1C">0.2</relevancy><confidence engine="1C">0.98</confidence></norm-company-wrap><norm-company oa-id="5001435979">XIAOMI TECHNOLOGY CO LTD</norm-company><norm-company-wrap occur-sequence="17,20"><norm-company-name>XIAOMI TECHNOLOGY CO LTD</norm-company-name><company-ids><oa-id>5001435979</oa-id></company-ids><relevancy engine="1C">0.2</relevancy><confidence engine="1C">0.97</confidence></norm-company-wrap><eos/><eop/></extr-company-block></extraction-terms><extraction-terms><extr-person-block><bop/><bos/><extr-person>Dennis F. Strigl</extr-person><norm-person-wrap><norm-person-name>Dennis F. Strigl</norm-person-name><person-ids><od-auth-id>121001</od-auth-id><person-perm-id>34413220692</person-perm-id></person-ids><relevancy engine="1C">0.2</relevancy></norm-person-wrap><extr-person>Denny Strigl</extr-person><extr-person-wrap><extr-person-name>Denny Strigl</extr-person-name><relevancy engine="1C">0.2</relevancy></extr-person-wrap><extr-person>Mike Walkley</extr-person><extr-person-wrap><extr-person-name>Mike Walkley</extr-person-name><relevancy engine="1C">0.2</relevancy></extr-person-wrap><eos/><eop/></extr-person-block></extraction-terms></indexing></document></n-docbody>
</n-document>
<n-document guid="I1602824026fe11e58c7ef0192e1206b5"><n-metadata><metadata.block><md.identifiers><md.cites><md.first.line.cite>7/10/15 NEWS 00:00:00</md.first.line.cite><md.second.line.cite>7/10/15 ARKA News Agency 00:00:00</md.second.line.cite></md.cites><md.uuid>I1602824026fe11e58c7ef0192e1206b5</md.uuid></md.identifiers><md.infotype>news</md.infotype><md.sortkeys><md.ordersequence>f47363bec</md.ordersequence></md.sortkeys><md.descriptions><md.title>US COURT ALLOWS SEIZURE OF $300 MILLION IN A CASE INVOLVING MTS AND VIMPELCOM</md.title><md.westlawdescrip><md.readlist>READLIST</md.readlist></md.westlawdescrip></md.descriptions><md.dates><md.publisheddatetime>20150710072240</md.publisheddatetime><md.loaddate>20150710</md.loaddate><md.createddatetime>20150710072240</md.createddatetime></md.dates><md.subjects><md.subject><md.pubtype.name/><md.doctype.name>DNR</md.doctype.name><md.doctype.rank/><md.view>CNGE</md.view><md.view>RGEurope</md.view><md.view>PTNewswires</md.view><md.view>ARKANEWS0063786</md.view><md.view>INALLNEWS_ACTEST</md.view><md.view>INFARNEWS_AC</md.view><md.view>MARKETSEIKON_CN</md.view><md.view>MARKETSEIKON</md.view><md.view>CB_ASIAWIRES</md.view><md.view>INWIRES_AC</md.view><md.view>GULF_INTL</md.view><md.view>ININTNEWS_AC</md.view><md.view>ANZ_INTLOS</md.view><md.view>CLEAR_RF</md.view><md.view>INALLNEWS_AC</md.view><md.view>INNEWSINT_PRO</md.view><md.view>INBUSNEWS</md.view><md.view>INNEWSWORLD_PRO</md.view><md.view>INBUSNEWS_AC</md.view></md.subject></md.subjects><md.jurisdictions><md.jurisdiction><md.jurisstate>FE</md.jurisstate></md.jurisdiction></md.jurisdictions><md.publications><md.publication/><md.sourcepubid>ARKANEWS</md.sourcepubid></md.publications><md.royalty><md.royalty.code>84104</md.royalty.code></md.royalty></metadata.block><news.metadata.block><md.text.preview>INFORMATION TECHNOLOGIESYEREVAN, July 10. / ARKA /. A US court has cleared the way for the US Justice Department to seize $300 million allegedly linked to a Russian-Uzbekistani bribery scandal and held in bank accounts in Ireland, Belgium and</md.text.preview></news.metadata.block><newsplus.recommendable>1</newsplus.recommendable><n-view>CNGE</n-view><n-view>RGEurope</n-view><n-view>PTNewswires</n-view><n-view>ARKANEWS0063786</n-view><n-view>INALLNEWS_ACTEST</n-view><n-view>INFARNEWS_AC</n-view><n-view>MARKETSEIKON_CN</n-view><n-view>MARKETSEIKON</n-view><n-view>CB_ASIAWIRES</n-view><n-view>INWIRES_AC</n-view><n-view>GULF_INTL</n-view><n-view>ININTNEWS_AC</n-view><n-view>ANZ_INTLOS</n-view><n-view>CLEAR_RF</n-view><n-view>INALLNEWS_AC</n-view><n-view>INNEWSINT_PRO</n-view><n-view>INBUSNEWS</n-view><n-view>INNEWSWORLD_PRO</n-view><n-view>INBUSNEWS_AC</n-view><prism-stylesheet guid="Ia3024d301b6a11d89fc5f34981d3242f"/><prism-clipdate>20150710072240</prism-clipdate></n-metadata>
<n-docbody><document version="1" collection="D-ARKANEWS-T001" first-load-date="20150710072240" ip-product="ARKANEWS" royalty-id="84104" data-model="text" dtd-version="5.2.29" content-type="news" load-language="en"><supplier-info><supplier-num nitf="doc-id" nitf-regsrc="ARKA News Agency" type="accession">e56a0005e5c25b25</supplier-num><internal-acc-num db-id="NEPRARKA" type="newz">20150710170.1_Ve56a0005e5c25b25</internal-acc-num><rec-status><last-load-date>20150710072240</last-load-date><nitf-date ne="datereceived">20150710T12:20:43Z</nitf-date><nitf-date nitf="date-issue">20150710T00:00:00Z</nitf-date><last-provider-update>20150710122043</last-provider-update></rec-status><supplier-copyright>Copyright Â© 2015 ARKA<copyright-year/><copyright-holder>ARKA</copyright-holder></supplier-copyright><supplier-note nitf="urgency" nitf-ed-urg="4"/><nitf-meta-content name="recommendable">1</nitf-meta-content><nitf-meta-content name="_newsmlg2-hashtype=nr-htype:doc-group-content-length">1443</nitf-meta-content><nitf-meta-content name="_newsmlg2-hashtype=nr-htype:doc-group-fuzzy">88912|70440|74176|29396|61742|7793|98619|108942|84729|3515|58447|29704|52981|88288|32958|86970|59649|25975|32177|870|108712|70991|36071|93066|76591|58149|76003|35353|89872|108158|78968|98881|67735|44856|56337|35828|83886|36330|80285|101990|66272|104749|33126|19262|20568|23198|84924|37155|28310|28398|84613|92774|109436|41765|59642|96008|17981|74726|29747|24791|</nitf-meta-content><nitf-meta-content name="_newsmlg2-hashtype=nr-htype:doc-group-simple">23ae544be81b076f34120d91dff82ca610d050e5</nitf-meta-content><supplier-dtds><dtd dtd-version="working" dtd-date="20150609T00:00:00Z">Canonical Taxonomy</dtd><dtd dtd-version="20150602" dtd-date="20150609T00:00:00Z">Mapping File</dtd></supplier-dtds><copyright-block type="dialog"><service-copyright n-include_guid="Ice671660f30811d88920000083149a14" n-include_collection="D-DIALOGCOPYRIGHTS-T001"/></copyright-block><copyright-block type="west"><service-copyright n-include_guid="I1DA35ED81DD211B281BAD200220BDFCA" n-include_collection="w_wlnv_msg"/></copyright-block><west-citation-block><bop/><first-line-cite><bos/>7/10/15 NEWS 00:00:00<eos/></first-line-cite><second-line-cite><bos/>7/10/15 ARKA News Agency 00:00:00<eos/></second-line-cite><eop/></west-citation-block></supplier-info><title-info iso-language="en"><bop/><title type="headline" nitf-hedline="hl1" key="key-title"><bos/><sort-title>US COURT ALLOWS SEIZURE OF $300 MILLION IN A CASE INVOLVING MTS AND VIMPELCOM</sort-title><eos/></title><eop/></title-info><pub-info><journal key="key-journal"><bop/><bos/><sort-journal>ARKA News Agency</sort-journal><eos/><eop/></journal><pub-date key="key-date" iso-time="T00:00:00Z" type="date.publication"><full-pub-date>July 10, 2015</full-pub-date><sort-pub-date>20150710</sort-pub-date><sort-pub-timestamp>20150710000000</sort-pub-timestamp><rank-date>20150710</rank-date><currency-timestamp>20150710000000</currency-timestamp></pub-date><original-pub><language iso-language="en">English</language></original-pub><src-data><src-journal-code>ANPV</src-journal-code><src-pub-code>0063786</src-pub-code><src-pub-type>Newswire</src-pub-type><src-pub-country-wrap><src-pub-country-code>GE</src-pub-country-code><src-pub-country>Georgia CIS</src-pub-country></src-pub-country-wrap><src-pub-region>Europe</src-pub-region></src-data></pub-info><content iso-language="en"><total-char-count>2241</total-char-count><derived-word-count><bop/><bos/>Word Count: 346<eos/><eop/></derived-word-count><text type="lead-para"><p nitf="lede"><bop/><bos/><cite.query w-seq-number="00001" w-ref-type="WC" w-normalized-cite="I76DF065242BE11DDA1BC0014224D2780" ID="I64d9010026fe11e5b5c0bf5eda8dc6e8">INFORMATION TECHNOLOGIES</cite.query><eos/><eop/></p><p nitf="lede"><bop/><bos/>YEREVAN, July 10. / ARKA /. A US court has cleared the way for the <cite.query w-seq-number="00002" w-ref-type="WC" w-normalized-cite="I41366180570911E0B507DE267DF909C1" ID="I64e5842026fe11e5b5c0bf5eda8dc6e8">US Justice Department</cite.query> to seize $300 million allegedly linked to a Russian-Uzbekistani bribery scandal and held in bank accounts in Ireland, Belgium and Luxembourg, <cite.query w-seq-number="00003" w-ref-type="MM" w-normalized-cite="canonical_name::BLOOMBERG" ID="I64e5842126fe11e5b5c0bf5eda8dc6e8">Bloomberg</cite.query> reports.<eos/><eop/></p></text><text type="body"><p><bop/><bos/>A company in the IFSC in Dublin is allegedly holding some of the funds at the heart of a bribery scheme involving Russian phone companies and the family of Uzbekistan&apos;s president.<eos/><eop/></p><p><bop/><bos/>Last night in Manhattan, US District Judge Andrew Carter allowed the government to take the funds held by <cite.query w-seq-number="00004" w-ref-type="CO" w-normalized-cite="IF76CA5E0697F11DFA47CAB84055F5A7A" ID="I64ee5dc026fe11e5b5c0bf5eda8dc6e8">Bank of New York Mellon Corp</cite.query> in Ireland, Luxembourg and Belgium and in <cite.query w-seq-number="00005" w-ref-type="MM" w-normalized-cite="canonical_name::CLEARSTREAM BANKING SA" ID="I64ee5dc126fe11e5b5c0bf5eda8dc6e8">Clearstream Banking SA</cite.query> accounts linked to the companies in Luxembourg.<eos/><eop/></p><p><bop/><bos/>The US said in a complaint the money is tied to an international money-laundering conspiracy involving payments to an unidentified &quot;Government Official A,&quot; who is a relative of Uzbekistan&apos;s president, Islam Karimov.<eos/><eop/></p><p><bop/><bos/>As reported last week in The <cite.query w-seq-number="00006" w-ref-type="NM" w-normalized-cite="canonical_name::IRISH TIMES" ID="I64ffe9f026fe11e5b5c0bf5eda8dc6e8">Irish Times</cite.query>, the US alleged the money is linked to corrupt payments totalling $500 million made by <cite.query w-seq-number="00007" w-ref-type="MM" w-normalized-cite="canonical_name::MOBILE TELESYSTEMS OJSC" ID="I64ffe9f126fe11e5b5c0bf5eda8dc6e8">Mobile Telesystems OJSC</cite.query> (MTS) and Vimpelcom to Official A, so he/she would influence the government in Uzbekistan in relation to mobile phone licenses and radio frequencies.<eos/><eop/></p><p><bop/><bos/>Although the official is not named in the claim, there have been widespread reports of investigations into Gulnara Karimova, daughter of Uzbekistan president Islam Karimov.<eos/><eop/></p><p><bop/><bos/>The court document grounding the claim says the payments were made between 2004 and 2011 to shell companies owned by the official. <eos/><bos/>The payments were nominally in return for equity interests in the Russian companies&apos; Uzbek subsidiaries, business transactions and consultancy services.<eos/><eop/></p><p><bop/><bos/>It is alleged the proceeds of the corruption were then laundered in a complicated series of transactions including the purchase of investment portfolios and assets in Ireland, Luxembourg and Belgium.<eos/><eop/></p><p><bop/><bos/>The alleged money-laundering involved transferring the funds through correspondent bank accounts in the US, giving the US authorities jurisdiction in the matter.<eos/><eop/></p><p><bop/><bos/><cite.query w-seq-number="00008" w-ref-type="MM" w-normalized-cite="canonical_name::VIMPELCOM" ID="I650df3b026fe11e5b5c0bf5eda8dc6e8">Vimpelcom</cite.query> said in March 2014 that its Amsterdam headquarters had been raided by Dutch prosecutors and that the <cite.query w-seq-number="00009" w-ref-type="MM" w-normalized-cite="canonical_name::US SECURITIES AND EXCHANGE COMMISSION" ID="I650df3b126fe11e5b5c0bf5eda8dc6e8">US Securities and Exchange Commission</cite.query> demanded documents as part of the probe into its business. -0-<eos/><eop/></p></text></content><indexing iso-language="en" value-add="machine-generated"><classification-terms><pres-location-block><bop/><bos/><pres-location-wrap><pres-location>Americas</pres-location><pres-location-code>GEOAMER</pres-location-code><alt1-location-code>1AM92</alt1-location-code></pres-location-wrap><pres-location-wrap><pres-location>Asia</pres-location><pres-location-code>GEOASIA</pres-location-code><alt1-location-code>1AS61</alt1-location-code></pres-location-wrap><pres-location-wrap><pres-location>Belgium</pres-location><pres-location-code>ISOBE</pres-location-code><alt1-location-code>1BE51</alt1-location-code></pres-location-wrap><pres-location-wrap><pres-location>CIS Countries</pres-location><pres-location-code>CISSTAT</pres-location-code><alt1-location-code>1CI64</alt1-location-code></pres-location-wrap><pres-location-wrap><pres-location>Central Asia</pres-location><pres-location-code>GEOCASIA</pres-location-code><alt1-location-code>1CE93</alt1-location-code></pres-location-wrap><pres-location-wrap><pres-location>Eastern Europe</pres-location><pres-location-code>GEOEEUR</pres-location-code><alt1-location-code>1EA48</alt1-location-code></pres-location-wrap><pres-location-wrap><pres-location>Europe</pres-location><pres-location-code>GEOEUR</pres-location-code><alt1-location-code>1EU83</alt1-location-code></pres-location-wrap><pres-location-wrap><pres-location>Eurozone Countries</pres-location><pres-location-code>EUROZONE</pres-location-code><alt1-location-code>1EU86</alt1-location-code></pres-location-wrap><pres-location-wrap><pres-location>Ireland</pres-location><pres-location-code>ISOIE</pres-location-code><alt1-location-code>1IR50</alt1-location-code></pres-location-wrap><pres-location-wrap><pres-location>Luxembourg</pres-location><pres-location-code>ISOLU</pres-location-code><alt1-location-code>1LU87</alt1-location-code></pres-location-wrap><pres-location-wrap><pres-location>Netherlands</pres-location><pres-location-code>ISONL</pres-location-code><alt1-location-code>1NE54</alt1-location-code></pres-location-wrap><pres-location-wrap><pres-location>New York</pres-location><pres-location-code>USANY</pres-location-code><alt1-location-code>1NE72</alt1-location-code></pres-location-wrap><pres-location-wrap><pres-location>North America</pres-location><pres-location-code>GEONAMR</pres-location-code><alt1-location-code>1NO39</alt1-location-code></pres-location-wrap><pres-location-wrap><pres-location>Russia</pres-location><pres-location-code>ISORU</pres-location-code><alt1-location-code>1RU33</alt1-location-code></pres-location-wrap><pres-location-wrap><pres-location>U.S. Mid-Atlantic Region</pres-location><pres-location-code>GEOMIDAT</pres-location-code><alt1-location-code>1MI18</alt1-location-code></pres-location-wrap><pres-location-wrap><pres-location>USA</pres-location><pres-location-code>ISOUS</pres-location-code><alt1-location-code>1US73</alt1-location-code></pres-location-wrap><pres-location-wrap><pres-location>Uzbekistan</pres-location><pres-location-code>ISOUZ</pres-location-code><alt1-location-code>1UZ71</alt1-location-code></pres-location-wrap><pres-location-wrap><pres-location>Western Asia</pres-location><pres-location-code>GEOWASIA</pres-location-code><alt1-location-code>1WE54</alt1-location-code></pres-location-wrap><pres-location-wrap><pres-location>Western Europe</pres-location><pres-location-code>GEOWEUR</pres-location-code><alt1-location-code>1WE41</alt1-location-code></pres-location-wrap><eos/><eop/></pres-location-block></classification-terms><classification-terms><pres-subject-block><bop/><bos/><pres-subject-wrap><pres-subject>Benelux</pres-subject><pres-subject-code>GEOBENE</pres-subject-code><alt1-subject-code>1BE50</alt1-subject-code></pres-subject-wrap><pres-subject-wrap><pres-subject>CIS</pres-subject><pres-subject-code>GEOCIS</pres-subject-code><alt1-subject-code>1CI65</alt1-subject-code></pres-subject-wrap><pres-subject-wrap><pres-subject>Corruption, Bribery &amp; Embezzlement</pres-subject><pres-subject-code>EMBEZZLE</pres-subject-code><alt1-subject-code>1EM51</alt1-subject-code></pres-subject-wrap><pres-subject-wrap><pres-subject>Crime</pres-subject><pres-subject-code>CRIME</pres-subject-code><alt1-subject-code>1CR87</alt1-subject-code></pres-subject-wrap><pres-subject-wrap><pres-subject>Emerging Market Countries</pres-subject><pres-subject-code>EMERGING</pres-subject-code><alt1-subject-code>1EM65</alt1-subject-code></pres-subject-wrap><pres-subject-wrap><pres-subject>Financial Fraud</pres-subject><pres-subject-code>SECFRAUD</pres-subject-code><alt1-subject-code>1FI18</alt1-subject-code></pres-subject-wrap><pres-subject-wrap><pres-subject>Fraud</pres-subject><pres-subject-code>FRAUD</pres-subject-code><alt1-subject-code>1FR30</alt1-subject-code></pres-subject-wrap><pres-subject-wrap><pres-subject>Social Issues</pres-subject><pres-subject-code>PTSOCISS</pres-subject-code><alt1-subject-code>1SO05</alt1-subject-code></pres-subject-wrap><pres-subject-wrap><pres-subject>World Organizations</pres-subject><pres-subject-code>GEOORGS</pres-subject-code><alt1-subject-code>1IN77</alt1-subject-code></pres-subject-wrap><eos/><eop/></pres-subject-block></classification-terms><classification-terms><rcs-block><rcs>M:FF</rcs><rcs>G:B</rcs><rcs>G:8M</rcs><rcs>G:A</rcs><rcs>G:B2</rcs><rcs>G:6X</rcs><rcs>G:7M</rcs><rcs>M:FG</rcs><rcs>G:38</rcs><rcs>G:6S</rcs><rcs>M:ES</rcs><rcs>G:Y</rcs><rcs>G:7K</rcs><rcs>G:4</rcs><rcs>G:3</rcs><rcs>M:I4</rcs><rcs>G:6J</rcs><rcs>M:N2</rcs><rcs>M:A</rcs><rcs>G:1</rcs><rcs>G:K</rcs><rcs>G:AL</rcs><rcs>G:AJ</rcs><rcs>G:9Y</rcs></rcs-block></classification-terms><extraction-terms><extr-company-block><bop/><bos/><norm-company oa-id="5000001034">BANK OF NEW YORK MELLON CORP (THE)</norm-company><norm-company-wrap occur-sequence="2"><norm-company-name>BANK OF NEW YORK MELLON CORP (THE)</norm-company-name><company-ids><oa-id>5000001034</oa-id><ric norm="BK.N">BK.N</ric></company-ids><company-classification><trbc-wrap><trbc type="RCS">B:1639</trbc><trbc type="2012">5510202010</trbc><trbc type="perm-id">4294951362</trbc></trbc-wrap></company-classification><relevancy engine="1C">0.2</relevancy><confidence engine="1C">0.94</confidence></norm-company-wrap><norm-company oa-id="5000650602">CLEARSTREAM BANKING</norm-company><norm-company-wrap occur-sequence="3"><norm-company-name>CLEARSTREAM BANKING</norm-company-name><company-ids><oa-id>5000650602</oa-id></company-ids><relevancy engine="1C">0.2</relevancy><confidence engine="1C">0.72</confidence></norm-company-wrap><norm-company oa-id="4296494906">IRISH TIMES LTD (THE)</norm-company><norm-company-wrap occur-sequence="4"><norm-company-name>IRISH TIMES LTD (THE)</norm-company-name><company-ids><oa-id>4296494906</oa-id></company-ids><relevancy engine="1C">0.2</relevancy><confidence engine="1C">0.85</confidence></norm-company-wrap><norm-company oa-id="4295887158">MOBILE TELESYSTEMS OPEN JSK</norm-company><norm-company-wrap occur-sequence="5"><norm-company-name>MOBILE TELESYSTEMS OPEN JSK</norm-company-name><company-ids><oa-id>4295887158</oa-id><ric norm="MTSS.MMO">MTSS.MMO</ric></company-ids><company-classification><trbc-wrap><trbc type="RCS">B:1817</trbc><trbc type="2012">5810102010</trbc><trbc type="perm-id">4294951184</trbc></trbc-wrap></company-classification><relevancy engine="1C">0.2</relevancy><confidence engine="1C">0.74</confidence></norm-company-wrap><norm-company oa-id="5000708211">VIMPELCOM LTD</norm-company><norm-company-wrap occur-sequence="1,6,7"><norm-company-name>VIMPELCOM LTD</norm-company-name><company-ids><oa-id>5000708211</oa-id><ric norm="VIP.OQ">VIP.OQ</ric></company-ids><company-classification><trbc-wrap><trbc type="RCS">B:1821</trbc><trbc type="2012">5810102014</trbc><trbc type="perm-id">4294951180</trbc></trbc-wrap></company-classification><relevancy engine="1C">0.8</relevancy><confidence engine="1C">0.99</confidence></norm-company-wrap><eos/><eop/></extr-company-block></extraction-terms><extraction-terms><extr-person-block><bop/><bos/><extr-person>Andrew Carter</extr-person><extr-person-wrap><extr-person-name>Andrew Carter</extr-person-name><relevancy engine="1C">0.2</relevancy></extr-person-wrap><eos/><eop/></extr-person-block></extraction-terms></indexing></document></n-docbody>
</n-document>
<n-document guid="Idb00b20026ff11e5a64d9935d38821a9"><n-metadata><metadata.block><md.identifiers><md.cites><md.first.line.cite>7/10/15 NEWS 00:00:00</md.first.line.cite><md.second.line.cite>7/10/15 ARKA News Agency 00:00:00</md.second.line.cite></md.cites><md.uuid>Idb00b20026ff11e5a64d9935d38821a9</md.uuid></md.identifiers><md.infotype>news</md.infotype><md.sortkeys><md.ordersequence>f47363bec</md.ordersequence></md.sortkeys><md.descriptions><md.title>US COURT ALLOWS SEIZURE OF $300 MILLION IN A CASE INVOLVING MTS AND VIMPELCOM</md.title><md.westlawdescrip><md.readlist>READLIST</md.readlist></md.westlawdescrip></md.descriptions><md.dates><md.publisheddatetime>20150710073535</md.publisheddatetime><md.loaddate>20150710</md.loaddate><md.createddatetime>20150710073535</md.createddatetime></md.dates><md.subjects><md.subject><md.pubtype.name/><md.doctype.name>DNR</md.doctype.name><md.doctype.rank/><md.view>CNGE</md.view><md.view>RGEurope</md.view><md.view>PTNewswires</md.view><md.view>ARKANEWS0063786</md.view><md.view>INALLNEWS_ACTEST</md.view><md.view>INFARNEWS_AC</md.view><md.view>MARKETSEIKON_CN</md.view><md.view>MARKETSEIKON</md.view><md.view>CB_ASIAWIRES</md.view><md.view>INWIRES_AC</md.view><md.view>GULF_INTL</md.view><md.view>ININTNEWS_AC</md.view><md.view>ANZ_INTLOS</md.view><md.view>CLEAR_RF</md.view><md.view>INALLNEWS_AC</md.view><md.view>INNEWSINT_PRO</md.view><md.view>INBUSNEWS</md.view><md.view>INNEWSWORLD_PRO</md.view><md.view>INBUSNEWS_AC</md.view></md.subject></md.subjects><md.jurisdictions><md.jurisdiction><md.jurisstate>FE</md.jurisstate></md.jurisdiction></md.jurisdictions><md.publications><md.publication/><md.sourcepubid>ARKANEWS</md.sourcepubid></md.publications><md.royalty><md.royalty.code>84104</md.royalty.code></md.royalty></metadata.block><news.metadata.block><md.text.preview>INFORMATION TECHNOLOGIESYEREVAN, July 10. / ARKA /. A US court has cleared the way for the US Justice Department to seize $300 million allegedly linked to a Russian-Uzbekistani bribery scandal and held in bank accounts in Ireland, Belgium and</md.text.preview></news.metadata.block><newsplus.recommendable>1</newsplus.recommendable><n-view>CNGE</n-view><n-view>RGEurope</n-view><n-view>PTNewswires</n-view><n-view>ARKANEWS0063786</n-view><n-view>INALLNEWS_ACTEST</n-view><n-view>INFARNEWS_AC</n-view><n-view>MARKETSEIKON_CN</n-view><n-view>MARKETSEIKON</n-view><n-view>CB_ASIAWIRES</n-view><n-view>INWIRES_AC</n-view><n-view>GULF_INTL</n-view><n-view>ININTNEWS_AC</n-view><n-view>ANZ_INTLOS</n-view><n-view>CLEAR_RF</n-view><n-view>INALLNEWS_AC</n-view><n-view>INNEWSINT_PRO</n-view><n-view>INBUSNEWS</n-view><n-view>INNEWSWORLD_PRO</n-view><n-view>INBUSNEWS_AC</n-view><prism-stylesheet guid="Ia3024d301b6a11d89fc5f34981d3242f"/><prism-clipdate>20150710073535</prism-clipdate></n-metadata>
<n-docbody><document version="1" collection="D-ARKANEWS-T001" first-load-date="20150710073535" ip-product="ARKANEWS" royalty-id="84104" data-model="text" dtd-version="5.2.29" content-type="news" load-language="en"><supplier-info><supplier-num nitf="doc-id" nitf-regsrc="ARKA News Agency" type="accession">e66a0005e5c26074</supplier-num><internal-acc-num db-id="NEPRARKA" type="newz">20150710170.1_Ve66a0005e5c26074</internal-acc-num><rec-status><last-load-date>20150710073535</last-load-date><nitf-date ne="datereceived">20150710T12:33:23Z</nitf-date><nitf-date nitf="date-issue">20150710T00:00:00Z</nitf-date><last-provider-update>20150710123323</last-provider-update></rec-status><supplier-copyright>Copyright Â© 2015 ARKA<copyright-year/><copyright-holder>ARKA</copyright-holder></supplier-copyright><supplier-note nitf="urgency" nitf-ed-urg="4"/><nitf-meta-content name="recommendable">1</nitf-meta-content><nitf-meta-content name="_newsmlg2-hashtype=nr-htype:doc-group-content-length">1443</nitf-meta-content><nitf-meta-content name="_newsmlg2-hashtype=nr-htype:doc-group-fuzzy">88912|70440|74176|29396|61742|7793|98619|108942|84729|3515|58447|29704|52981|88288|32958|86970|59649|25975|32177|870|108712|70991|36071|93066|76591|58149|76003|35353|89872|108158|78968|98881|67735|44856|56337|35828|83886|36330|80285|101990|66272|104749|33126|19262|20568|23198|84924|37155|28310|28398|84613|92774|109436|41765|59642|96008|17981|74726|29747|24791|</nitf-meta-content><nitf-meta-content name="_newsmlg2-hashtype=nr-htype:doc-group-simple">23ae544be81b076f34120d91dff82ca610d050e5</nitf-meta-content><supplier-dtds><dtd dtd-version="working" dtd-date="20150609T00:00:00Z">Canonical Taxonomy</dtd><dtd dtd-version="20150602" dtd-date="20150609T00:00:00Z">Mapping File</dtd></supplier-dtds><copyright-block type="dialog"><service-copyright n-include_guid="Ice671660f30811d88920000083149a14" n-include_collection="D-DIALOGCOPYRIGHTS-T001"/></copyright-block><copyright-block type="west"><service-copyright n-include_guid="I1DA35ED81DD211B281BAD200220BDFCA" n-include_collection="w_wlnv_msg"/></copyright-block><west-citation-block><bop/><first-line-cite><bos/>7/10/15 NEWS 00:00:00<eos/></first-line-cite><second-line-cite><bos/>7/10/15 ARKA News Agency 00:00:00<eos/></second-line-cite><eop/></west-citation-block></supplier-info><title-info iso-language="en"><bop/><title type="headline" nitf-hedline="hl1" key="key-title"><bos/><sort-title>US COURT ALLOWS SEIZURE OF $300 MILLION IN A CASE INVOLVING MTS AND VIMPELCOM</sort-title><eos/></title><eop/></title-info><pub-info><journal key="key-journal"><bop/><bos/><sort-journal>ARKA News Agency</sort-journal><eos/><eop/></journal><pub-date key="key-date" iso-time="T00:00:00Z" type="date.publication"><full-pub-date>July 10, 2015</full-pub-date><sort-pub-date>20150710</sort-pub-date><sort-pub-timestamp>20150710000000</sort-pub-timestamp><rank-date>20150710</rank-date><currency-timestamp>20150710000000</currency-timestamp></pub-date><original-pub><language iso-language="en">English</language></original-pub><src-data><src-journal-code>ANPV</src-journal-code><src-pub-code>0063786</src-pub-code><src-pub-type>Newswire</src-pub-type><src-pub-country-wrap><src-pub-country-code>GE</src-pub-country-code><src-pub-country>Georgia CIS</src-pub-country></src-pub-country-wrap><src-pub-region>Europe</src-pub-region></src-data></pub-info><content iso-language="en"><total-char-count>2241</total-char-count><derived-word-count><bop/><bos/>Word Count: 346<eos/><eop/></derived-word-count><text type="lead-para"><p nitf="lede"><bop/><bos/><cite.query w-seq-number="00001" w-ref-type="WC" w-normalized-cite="I76DF065242BE11DDA1BC0014224D2780" ID="I36d54d20270011e5ae56aab4317c5506">INFORMATION TECHNOLOGIES</cite.query><eos/><eop/></p><p nitf="lede"><bop/><bos/>YEREVAN, July 10. / ARKA /. A US court has cleared the way for the <cite.query w-seq-number="00002" w-ref-type="WC" w-normalized-cite="I41366180570911E0B507DE267DF909C1" ID="I36e097c0270011e5ae56aab4317c5506">US Justice Department</cite.query> to seize $300 million allegedly linked to a Russian-Uzbekistani bribery scandal and held in bank accounts in Ireland, Belgium and Luxembourg, <cite.query w-seq-number="00003" w-ref-type="MM" w-normalized-cite="canonical_name::BLOOMBERG" ID="I36e097c1270011e5ae56aab4317c5506">Bloomberg</cite.query> reports.<eos/><eop/></p></text><text type="body"><p><bop/><bos/>A company in the IFSC in Dublin is allegedly holding some of the funds at the heart of a bribery scheme involving Russian phone companies and the family of Uzbekistan&apos;s president.<eos/><eop/></p><p><bop/><bos/>Last night in Manhattan, US District Judge Andrew Carter allowed the government to take the funds held by <cite.query w-seq-number="00004" w-ref-type="CO" w-normalized-cite="IF76CA5E0697F11DFA47CAB84055F5A7A" ID="I36e92340270011e5ae56aab4317c5506">Bank of New York Mellon Corp</cite.query> in Ireland, Luxembourg and Belgium and in <cite.query w-seq-number="00005" w-ref-type="MM" w-normalized-cite="canonical_name::CLEARSTREAM BANKING SA" ID="I36e92341270011e5ae56aab4317c5506">Clearstream Banking SA</cite.query> accounts linked to the companies in Luxembourg.<eos/><eop/></p><p><bop/><bos/>The US said in a complaint the money is tied to an international money-laundering conspiracy involving payments to an unidentified &quot;Government Official A,&quot; who is a relative of Uzbekistan&apos;s president, Islam Karimov.<eos/><eop/></p><p><bop/><bos/>As reported last week in The <cite.query w-seq-number="00006" w-ref-type="NM" w-normalized-cite="canonical_name::IRISH TIMES" ID="I36fa3a40270011e5ae56aab4317c5506">Irish Times</cite.query>, the US alleged the money is linked to corrupt payments totalling $500 million made by <cite.query w-seq-number="00007" w-ref-type="MM" w-normalized-cite="canonical_name::MOBILE TELESYSTEMS OJSC" ID="I36fa3a41270011e5ae56aab4317c5506">Mobile Telesystems OJSC</cite.query> (MTS) and Vimpelcom to Official A, so he/she would influence the government in Uzbekistan in relation to mobile phone licenses and radio frequencies.<eos/><eop/></p><p><bop/><bos/>Although the official is not named in the claim, there have been widespread reports of investigations into Gulnara Karimova, daughter of Uzbekistan president Islam Karimov.<eos/><eop/></p><p><bop/><bos/>The court document grounding the claim says the payments were made between 2004 and 2011 to shell companies owned by the official. <eos/><bos/>The payments were nominally in return for equity interests in the Russian companies&apos; Uzbek subsidiaries, business transactions and consultancy services.<eos/><eop/></p><p><bop/><bos/>It is alleged the proceeds of the corruption were then laundered in a complicated series of transactions including the purchase of investment portfolios and assets in Ireland, Luxembourg and Belgium.<eos/><eop/></p><p><bop/><bos/>The alleged money-laundering involved transferring the funds through correspondent bank accounts in the US, giving the US authorities jurisdiction in the matter.<eos/><eop/></p><p><bop/><bos/><cite.query w-seq-number="00008" w-ref-type="MM" w-normalized-cite="canonical_name::VIMPELCOM" ID="I37092e60270011e5ae56aab4317c5506">Vimpelcom</cite.query> said in March 2014 that its Amsterdam headquarters had been raided by Dutch prosecutors and that the <cite.query w-seq-number="00009" w-ref-type="MM" w-normalized-cite="canonical_name::US SECURITIES AND EXCHANGE COMMISSION" ID="I37092e61270011e5ae56aab4317c5506">US Securities and Exchange Commission</cite.query> demanded documents as part of the probe into its business. -0-<eos/><eop/></p></text></content><indexing iso-language="en" value-add="machine-generated"><classification-terms><pres-location-block><bop/><bos/><pres-location-wrap><pres-location>Americas</pres-location><pres-location-code>GEOAMER</pres-location-code><alt1-location-code>1AM92</alt1-location-code></pres-location-wrap><pres-location-wrap><pres-location>Asia</pres-location><pres-location-code>GEOASIA</pres-location-code><alt1-location-code>1AS61</alt1-location-code></pres-location-wrap><pres-location-wrap><pres-location>Belgium</pres-location><pres-location-code>ISOBE</pres-location-code><alt1-location-code>1BE51</alt1-location-code></pres-location-wrap><pres-location-wrap><pres-location>CIS Countries</pres-location><pres-location-code>CISSTAT</pres-location-code><alt1-location-code>1CI64</alt1-location-code></pres-location-wrap><pres-location-wrap><pres-location>Central Asia</pres-location><pres-location-code>GEOCASIA</pres-location-code><alt1-location-code>1CE93</alt1-location-code></pres-location-wrap><pres-location-wrap><pres-location>Eastern Europe</pres-location><pres-location-code>GEOEEUR</pres-location-code><alt1-location-code>1EA48</alt1-location-code></pres-location-wrap><pres-location-wrap><pres-location>Europe</pres-location><pres-location-code>GEOEUR</pres-location-code><alt1-location-code>1EU83</alt1-location-code></pres-location-wrap><pres-location-wrap><pres-location>Eurozone Countries</pres-location><pres-location-code>EUROZONE</pres-location-code><alt1-location-code>1EU86</alt1-location-code></pres-location-wrap><pres-location-wrap><pres-location>Ireland</pres-location><pres-location-code>ISOIE</pres-location-code><alt1-location-code>1IR50</alt1-location-code></pres-location-wrap><pres-location-wrap><pres-location>Luxembourg</pres-location><pres-location-code>ISOLU</pres-location-code><alt1-location-code>1LU87</alt1-location-code></pres-location-wrap><pres-location-wrap><pres-location>Netherlands</pres-location><pres-location-code>ISONL</pres-location-code><alt1-location-code>1NE54</alt1-location-code></pres-location-wrap><pres-location-wrap><pres-location>New York</pres-location><pres-location-code>USANY</pres-location-code><alt1-location-code>1NE72</alt1-location-code></pres-location-wrap><pres-location-wrap><pres-location>North America</pres-location><pres-location-code>GEONAMR</pres-location-code><alt1-location-code>1NO39</alt1-location-code></pres-location-wrap><pres-location-wrap><pres-location>Russia</pres-location><pres-location-code>ISORU</pres-location-code><alt1-location-code>1RU33</alt1-location-code></pres-location-wrap><pres-location-wrap><pres-location>U.S. Mid-Atlantic Region</pres-location><pres-location-code>GEOMIDAT</pres-location-code><alt1-location-code>1MI18</alt1-location-code></pres-location-wrap><pres-location-wrap><pres-location>USA</pres-location><pres-location-code>ISOUS</pres-location-code><alt1-location-code>1US73</alt1-location-code></pres-location-wrap><pres-location-wrap><pres-location>Uzbekistan</pres-location><pres-location-code>ISOUZ</pres-location-code><alt1-location-code>1UZ71</alt1-location-code></pres-location-wrap><pres-location-wrap><pres-location>Western Asia</pres-location><pres-location-code>GEOWASIA</pres-location-code><alt1-location-code>1WE54</alt1-location-code></pres-location-wrap><pres-location-wrap><pres-location>Western Europe</pres-location><pres-location-code>GEOWEUR</pres-location-code><alt1-location-code>1WE41</alt1-location-code></pres-location-wrap><eos/><eop/></pres-location-block></classification-terms><classification-terms><pres-subject-block><bop/><bos/><pres-subject-wrap><pres-subject>Benelux</pres-subject><pres-subject-code>GEOBENE</pres-subject-code><alt1-subject-code>1BE50</alt1-subject-code></pres-subject-wrap><pres-subject-wrap><pres-subject>CIS</pres-subject><pres-subject-code>GEOCIS</pres-subject-code><alt1-subject-code>1CI65</alt1-subject-code></pres-subject-wrap><pres-subject-wrap><pres-subject>Corruption, Bribery &amp; Embezzlement</pres-subject><pres-subject-code>EMBEZZLE</pres-subject-code><alt1-subject-code>1EM51</alt1-subject-code></pres-subject-wrap><pres-subject-wrap><pres-subject>Crime</pres-subject><pres-subject-code>CRIME</pres-subject-code><alt1-subject-code>1CR87</alt1-subject-code></pres-subject-wrap><pres-subject-wrap><pres-subject>Emerging Market Countries</pres-subject><pres-subject-code>EMERGING</pres-subject-code><alt1-subject-code>1EM65</alt1-subject-code></pres-subject-wrap><pres-subject-wrap><pres-subject>Financial Fraud</pres-subject><pres-subject-code>SECFRAUD</pres-subject-code><alt1-subject-code>1FI18</alt1-subject-code></pres-subject-wrap><pres-subject-wrap><pres-subject>Fraud</pres-subject><pres-subject-code>FRAUD</pres-subject-code><alt1-subject-code>1FR30</alt1-subject-code></pres-subject-wrap><pres-subject-wrap><pres-subject>Social Issues</pres-subject><pres-subject-code>PTSOCISS</pres-subject-code><alt1-subject-code>1SO05</alt1-subject-code></pres-subject-wrap><pres-subject-wrap><pres-subject>World Organizations</pres-subject><pres-subject-code>GEOORGS</pres-subject-code><alt1-subject-code>1IN77</alt1-subject-code></pres-subject-wrap><eos/><eop/></pres-subject-block></classification-terms><classification-terms><rcs-block><rcs>M:FF</rcs><rcs>G:B</rcs><rcs>G:8M</rcs><rcs>G:A</rcs><rcs>G:B2</rcs><rcs>G:6X</rcs><rcs>G:7M</rcs><rcs>M:FG</rcs><rcs>G:38</rcs><rcs>G:6S</rcs><rcs>M:ES</rcs><rcs>G:Y</rcs><rcs>G:7K</rcs><rcs>G:4</rcs><rcs>G:3</rcs><rcs>M:I4</rcs><rcs>G:6J</rcs><rcs>M:N2</rcs><rcs>M:A</rcs><rcs>G:1</rcs><rcs>G:K</rcs><rcs>G:AL</rcs><rcs>G:AJ</rcs><rcs>G:9Y</rcs></rcs-block></classification-terms><extraction-terms><extr-company-block><bop/><bos/><norm-company oa-id="5000001034">BANK OF NEW YORK MELLON CORP (THE)</norm-company><norm-company-wrap occur-sequence="2"><norm-company-name>BANK OF NEW YORK MELLON CORP (THE)</norm-company-name><company-ids><oa-id>5000001034</oa-id><ric norm="BK.N">BK.N</ric></company-ids><company-classification><trbc-wrap><trbc type="RCS">B:1639</trbc><trbc type="2012">5510202010</trbc><trbc type="perm-id">4294951362</trbc></trbc-wrap></company-classification><relevancy engine="1C">0.2</relevancy><confidence engine="1C">0.94</confidence></norm-company-wrap><norm-company oa-id="5000650602">CLEARSTREAM BANKING</norm-company><norm-company-wrap occur-sequence="3"><norm-company-name>CLEARSTREAM BANKING</norm-company-name><company-ids><oa-id>5000650602</oa-id></company-ids><relevancy engine="1C">0.2</relevancy><confidence engine="1C">0.72</confidence></norm-company-wrap><norm-company oa-id="4296494906">IRISH TIMES LTD (THE)</norm-company><norm-company-wrap occur-sequence="4"><norm-company-name>IRISH TIMES LTD (THE)</norm-company-name><company-ids><oa-id>4296494906</oa-id></company-ids><relevancy engine="1C">0.2</relevancy><confidence engine="1C">0.85</confidence></norm-company-wrap><norm-company oa-id="4295887158">MOBILE TELESYSTEMS OPEN JSK</norm-company><norm-company-wrap occur-sequence="5"><norm-company-name>MOBILE TELESYSTEMS OPEN JSK</norm-company-name><company-ids><oa-id>4295887158</oa-id><ric norm="MTSS.MMO">MTSS.MMO</ric></company-ids><company-classification><trbc-wrap><trbc type="RCS">B:1817</trbc><trbc type="2012">5810102010</trbc><trbc type="perm-id">4294951184</trbc></trbc-wrap></company-classification><relevancy engine="1C">0.2</relevancy><confidence engine="1C">0.74</confidence></norm-company-wrap><norm-company oa-id="5000708211">VIMPELCOM LTD</norm-company><norm-company-wrap occur-sequence="1,6,7"><norm-company-name>VIMPELCOM LTD</norm-company-name><company-ids><oa-id>5000708211</oa-id><ric norm="VIP.OQ">VIP.OQ</ric></company-ids><company-classification><trbc-wrap><trbc type="RCS">B:1821</trbc><trbc type="2012">5810102014</trbc><trbc type="perm-id">4294951180</trbc></trbc-wrap></company-classification><relevancy engine="1C">0.8</relevancy><confidence engine="1C">0.99</confidence></norm-company-wrap><eos/><eop/></extr-company-block></extraction-terms><extraction-terms><extr-person-block><bop/><bos/><extr-person>Andrew Carter</extr-person><extr-person-wrap><extr-person-name>Andrew Carter</extr-person-name><relevancy engine="1C">0.2</relevancy></extr-person-wrap><eos/><eop/></extr-person-block></extraction-terms></indexing></document></n-docbody>
</n-document>
<n-document guid="I4bb70000271c11e58555be9d3fa5d7a9"><n-metadata><metadata.block><md.identifiers><md.cites><md.first.line.cite>7/10/15 NEWS 00:00:00</md.first.line.cite><md.second.line.cite>7/10/15 ARKA News Agency 00:00:00</md.second.line.cite></md.cites><md.uuid>I4bb70000271c11e58555be9d3fa5d7a9</md.uuid></md.identifiers><md.infotype>news</md.infotype><md.sortkeys><md.ordersequence>f47363bec</md.ordersequence></md.sortkeys><md.descriptions><md.title>EIF ORGANIZES TECHNOLOGY WEEKEND IN ARMENIA</md.title><md.westlawdescrip><md.readlist>READLIST</md.readlist></md.westlawdescrip></md.descriptions><md.dates><md.publisheddatetime>20150710105832</md.publisheddatetime><md.loaddate>20150710</md.loaddate><md.createddatetime>20150710105832</md.createddatetime></md.dates><md.subjects><md.subject><md.pubtype.name/><md.doctype.name>DNR</md.doctype.name><md.doctype.rank/><md.view>CNGE</md.view><md.view>RGEurope</md.view><md.view>PTNewswires</md.view><md.view>ARKANEWS0063786</md.view><md.view>INALLNEWS_ACTEST</md.view><md.view>INFARNEWS_AC</md.view><md.view>MARKETSEIKON_CN</md.view><md.view>MARKETSEIKON</md.view><md.view>CB_ASIAWIRES</md.view><md.view>INWIRES_AC</md.view><md.view>GULF_INTL</md.view><md.view>ININTNEWS_AC</md.view><md.view>ANZ_INTLOS</md.view><md.view>CLEAR_RF</md.view><md.view>INALLNEWS_AC</md.view><md.view>INNEWSINT_PRO</md.view><md.view>INBUSNEWS</md.view><md.view>INNEWSWORLD_PRO</md.view><md.view>INBUSNEWS_AC</md.view></md.subject></md.subjects><md.jurisdictions><md.jurisdiction><md.jurisstate>FE</md.jurisstate></md.jurisdiction></md.jurisdictions><md.publications><md.publication/><md.sourcepubid>ARKANEWS</md.sourcepubid></md.publications><md.royalty><md.royalty.code>84104</md.royalty.code></md.royalty></metadata.block><news.metadata.block><md.text.preview>INFORMATION TECHNOLOGIESYEREVAN, July 10. / ARKA /. The Enterprises Incubator Foundation (EIF) has initiated Technology Weekend in Armenia as part of IBM Centre for Innovative Solutions.</md.text.preview></news.metadata.block><newsplus.recommendable>1</newsplus.recommendable><n-view>CNGE</n-view><n-view>RGEurope</n-view><n-view>PTNewswires</n-view><n-view>ARKANEWS0063786</n-view><n-view>INALLNEWS_ACTEST</n-view><n-view>INFARNEWS_AC</n-view><n-view>MARKETSEIKON_CN</n-view><n-view>MARKETSEIKON</n-view><n-view>CB_ASIAWIRES</n-view><n-view>INWIRES_AC</n-view><n-view>GULF_INTL</n-view><n-view>ININTNEWS_AC</n-view><n-view>ANZ_INTLOS</n-view><n-view>CLEAR_RF</n-view><n-view>INALLNEWS_AC</n-view><n-view>INNEWSINT_PRO</n-view><n-view>INBUSNEWS</n-view><n-view>INNEWSWORLD_PRO</n-view><n-view>INBUSNEWS_AC</n-view><prism-stylesheet guid="Ia3024d301b6a11d89fc5f34981d3242f"/><prism-clipdate>20150710105832</prism-clipdate></n-metadata>
<n-docbody><document version="1" collection="D-ARKANEWS-T001" first-load-date="20150710105832" ip-product="ARKANEWS" royalty-id="84104" data-model="text" dtd-version="5.2.29" content-type="news" load-language="en"><supplier-info><supplier-num nitf="doc-id" nitf-regsrc="ARKA News Agency" type="accession">a37e00038dad6329</supplier-num><internal-acc-num db-id="NEPRARKA" type="newz">20150710170.1_Va37e00038dad6329</internal-acc-num><rec-status><last-load-date>20150710105832</last-load-date><nitf-date ne="datereceived">20150710T15:56:58Z</nitf-date><nitf-date nitf="date-issue">20150710T00:00:00Z</nitf-date><last-provider-update>20150710155658</last-provider-update></rec-status><supplier-copyright>Copyright Â© 2015 ARKA<copyright-year/><copyright-holder>ARKA</copyright-holder></supplier-copyright><supplier-note nitf="urgency" nitf-ed-urg="4"/><nitf-meta-content name="recommendable">1</nitf-meta-content><nitf-meta-content name="_newsmlg2-hashtype=nr-htype:doc-group-content-length">1210</nitf-meta-content><nitf-meta-content name="_newsmlg2-hashtype=nr-htype:doc-group-fuzzy">33432|45408|98619|30195|57684|42501|98943|73855|60551|35475|103785|31935|65820|43974|86781|746|100488|2636|101141|76539|38795|58565|67874|43952|645|88087|11183|82023|16529|26707|111316|82588|73243|15004|66717|70504|108407|22189|42680|106913|70497|83065|22489|66164|102247|36080|81372|22012|82771|104744|22017|89566|18090|24552|104678|96697|25234|91729|66266|73182|</nitf-meta-content><nitf-meta-content name="_newsmlg2-hashtype=nr-htype:doc-group-simple">-3c49fd775c222b981cf6b1b2b64e4f242b3fcbf4</nitf-meta-content><supplier-dtds><dtd dtd-version="working" dtd-date="20150609T00:00:00Z">Canonical Taxonomy</dtd><dtd dtd-version="20150602" dtd-date="20150609T00:00:00Z">Mapping File</dtd></supplier-dtds><copyright-block type="dialog"><service-copyright n-include_guid="Ice671660f30811d88920000083149a14" n-include_collection="D-DIALOGCOPYRIGHTS-T001"/></copyright-block><copyright-block type="west"><service-copyright n-include_guid="I1DA35ED81DD211B281BAD200220BDFCA" n-include_collection="w_wlnv_msg"/></copyright-block><west-citation-block><bop/><first-line-cite><bos/>7/10/15 NEWS 00:00:00<eos/></first-line-cite><second-line-cite><bos/>7/10/15 ARKA News Agency 00:00:00<eos/></second-line-cite><eop/></west-citation-block></supplier-info><title-info iso-language="en"><bop/><title type="headline" nitf-hedline="hl1" key="key-title"><bos/><sort-title>EIF ORGANIZES TECHNOLOGY WEEKEND IN ARMENIA</sort-title><eos/></title><eop/></title-info><pub-info><journal key="key-journal"><bop/><bos/><sort-journal>ARKA News Agency</sort-journal><eos/><eop/></journal><pub-date key="key-date" iso-time="T00:00:00Z" type="date.publication"><full-pub-date>July 10, 2015</full-pub-date><sort-pub-date>20150710</sort-pub-date><sort-pub-timestamp>20150710000000</sort-pub-timestamp><rank-date>20150710</rank-date><currency-timestamp>20150710000000</currency-timestamp></pub-date><original-pub><language iso-language="en">English</language></original-pub><src-data><src-journal-code>ANPV</src-journal-code><src-pub-code>0063786</src-pub-code><src-pub-type>Newswire</src-pub-type><src-pub-country-wrap><src-pub-country-code>GE</src-pub-country-code><src-pub-country>Georgia CIS</src-pub-country></src-pub-country-wrap><src-pub-region>Europe</src-pub-region></src-data></pub-info><content iso-language="en"><total-char-count>1750</total-char-count><derived-word-count><bop/><bos/>Word Count: 259<eos/><eop/></derived-word-count><text type="lead-para"><p nitf="lede"><bop/><bos/><cite.query w-seq-number="00001" w-ref-type="WC" w-normalized-cite="I76DF065242BE11DDA1BC0014224D2780" ID="I9b051fc0271c11e58809d99e5cb0a198">INFORMATION TECHNOLOGIES</cite.query><eos/><eop/></p><p nitf="lede"><bop/><bos/>YEREVAN, July 10. / ARKA /. The Enterprises Incubator Foundation (EIF) has initiated Technology Weekend in Armenia as part of <cite.query w-seq-number="00002" w-ref-type="NM" w-normalized-cite="canonical_name::IBM CENTRE FOR INNOVATIVE SOLUTIONS" ID="I9b0dab40271c11e58809d99e5cb0a198">IBM Centre for Innovative Solutions</cite.query>.<eos/><eop/></p></text><text type="body"><p><bop/><bos/>According to an <cite.query w-seq-number="00003" w-ref-type="MM" w-normalized-cite="canonical_name::EIF" ID="I9b16d300271c11e58809d99e5cb0a198">EIF</cite.query> press release, the Technology Weekend that kicks off on Saturday will be hosted by AYB educational foundation and will bring together Armenian start-ups and teams, as well as creative and innovative young people.<eos/><eop/></p><p><bop/><bos/>The two-day event will feature a number of competitions as well as interesting and innovative ideas. <eos/><bos/>In particular, leading US experts will present the latest developments relating to WATSON and BlueMix platforms.<eos/><eop/></p><p><bop/><bos/>The event will also feature a 24-hour Hackathon (a programming contest of 2-4 member teams) based on the <cite.query w-seq-number="00004" w-ref-type="MM" w-normalized-cite="canonical_name::IBM" ID="I9b24b5b0271c11e58809d99e5cb0a198">IBM</cite.query> BlueMix cloud platform. <eos/><bos/>The best two teams will be awarded 500 thousand dram prizes each and another one will be given two smartphones as incentive prizes.<eos/><eop/></p><p><bop/><bos/>This platform will allow teams to use innovative solutions in such areas as health, artificial intelligence, mobile technologies, designed by IBM.<eos/><eop/></p><p><bop/><bos/>The event will also feature the first in Armenia Slash 2015 Global Impact Accelerator competition adapted for Armenian startups.<eos/><eop/></p><p><bop/><bos/>Slash is an annual international technology conference for new innovative companies (start-ups) and techno-talents. <eos/><bos/>During the conference meetings are organized for leading international investors, managers and media representatives to enable IT companies to develop their business.<eos/><eop/></p><p><bop/><bos/>In 2015, the Slash competition will be held November 11-12 in Helsinki, Finland. <eos/><bos/>The winner of the Armenian competition will travel to Helsinki.<eos/><eop/></p><p><bop/><bos/><cite.query w-seq-number="00005" w-ref-type="NM" w-normalized-cite="canonical_name::IBM CENTER FOR INNOVATIVE SOLUTIONS" ID="I9b505990271c11e58809d99e5cb0a198">IBM Center for Innovative Solutions</cite.query> and Technology is a joint program of <cite.query w-seq-number="00006" w-ref-type="MM" w-normalized-cite="canonical_name::IBM" ID="I9b505991271c11e58809d99e5cb0a198">IBM</cite.query>, USAID, the government of Armenia and the <cite.query w-seq-number="00007" w-ref-type="NM" w-normalized-cite="canonical_name::ENTERPRISE INCUBATOR FOUNDATION" ID="I9b505992271c11e58809d99e5cb0a198">Enterprise Incubator Foundation</cite.query>. -0-<eos/><eop/></p></text></content><indexing iso-language="en" value-add="machine-generated"><classification-terms><pres-location-block><bop/><bos/><pres-location-wrap><pres-location>Armenia</pres-location><pres-location-code>ISOAM</pres-location-code><alt1-location-code>1AR09</alt1-location-code></pres-location-wrap><pres-location-wrap><pres-location>CIS Countries</pres-location><pres-location-code>CISSTAT</pres-location-code><alt1-location-code>1CI64</alt1-location-code></pres-location-wrap><pres-location-wrap><pres-location>Eastern Europe</pres-location><pres-location-code>GEOEEUR</pres-location-code><alt1-location-code>1EA48</alt1-location-code></pres-location-wrap><pres-location-wrap><pres-location>Europe</pres-location><pres-location-code>GEOEUR</pres-location-code><alt1-location-code>1EU83</alt1-location-code></pres-location-wrap><pres-location-wrap><pres-location>Eurozone Countries</pres-location><pres-location-code>EUROZONE</pres-location-code><alt1-location-code>1EU86</alt1-location-code></pres-location-wrap><pres-location-wrap><pres-location>Finland</pres-location><pres-location-code>ISOFI</pres-location-code><alt1-location-code>1FI41</alt1-location-code></pres-location-wrap><pres-location-wrap><pres-location>Northern Europe</pres-location><pres-location-code>GEONEUR</pres-location-code><alt1-location-code>1NO01</alt1-location-code></pres-location-wrap><pres-location-wrap><pres-location>Scandinavia</pres-location><pres-location-code>GEOSCAND</pres-location-code><alt1-location-code>1SC27</alt1-location-code></pres-location-wrap><pres-location-wrap><pres-location>Western Europe</pres-location><pres-location-code>GEOWEUR</pres-location-code><alt1-location-code>1WE41</alt1-location-code></pres-location-wrap><eos/><eop/></pres-location-block></classification-terms><classification-terms><pres-subject-block><bop/><bos/><pres-subject-wrap><pres-subject>CIS</pres-subject><pres-subject-code>GEOCIS</pres-subject-code><alt1-subject-code>1CI65</alt1-subject-code></pres-subject-wrap><pres-subject-wrap><pres-subject>Conventions, Conferences &amp; Trade Shows</pres-subject><pres-subject-code>CONVENE</pres-subject-code><alt1-subject-code>1CO42</alt1-subject-code></pres-subject-wrap><pres-subject-wrap><pres-subject>Foundations</pres-subject><pres-subject-code>FDATIONS</pres-subject-code><alt1-subject-code>1FO95</alt1-subject-code></pres-subject-wrap><pres-subject-wrap><pres-subject>Major Corporations</pres-subject><pres-subject-code>MAJCORP</pres-subject-code><alt1-subject-code>1MA93</alt1-subject-code></pres-subject-wrap><pres-subject-wrap><pres-subject>Philanthropy</pres-subject><pres-subject-code>DONATE</pres-subject-code><alt1-subject-code>1PH09</alt1-subject-code></pres-subject-wrap><pres-subject-wrap><pres-subject>Social Issues</pres-subject><pres-subject-code>PTSOCISS</pres-subject-code><alt1-subject-code>1SO05</alt1-subject-code></pres-subject-wrap><pres-subject-wrap><pres-subject>World Organizations</pres-subject><pres-subject-code>GEOORGS</pres-subject-code><alt1-subject-code>1IN77</alt1-subject-code></pres-subject-wrap><eos/><eop/></pres-subject-block><pres-industry-block><bop/><bos/><pres-industry-wrap><pres-industry>I.T.</pres-industry><pres-industry-code>ITOVER</pres-industry-code><alt1-industry-code>1IT96</alt1-industry-code></pres-industry-wrap><pres-industry-wrap><pres-industry>Palmtop Computing</pres-industry><pres-industry-code>PCHAND</pres-industry-code><alt1-industry-code>1PA77</alt1-industry-code></pres-industry-wrap><eos/><eop/></pres-industry-block></classification-terms><classification-terms><rcs-block><rcs>G:B</rcs><rcs>G:A</rcs><rcs>G:B2</rcs><rcs>G:90</rcs><rcs>G:Y</rcs><rcs>G:7I</rcs><rcs>G:3</rcs><rcs>M:I4</rcs><rcs>G:M</rcs><rcs>B:161</rcs><rcs>M:NL</rcs><rcs>G:AL</rcs><rcs>G:AJ</rcs></rcs-block></classification-terms><extraction-terms><extr-company-block><bop/><bos/><norm-company oa-id="4295904307">INTERNATIONAL BUSINESS MACHINES CORP</norm-company><norm-company-wrap occur-sequence="1,3,4,5,7"><norm-company-name>INTERNATIONAL BUSINESS MACHINES CORP</norm-company-name><company-ids><oa-id>4295904307</oa-id><ric norm="IBM.N">IBM.N</ric></company-ids><company-classification><trbc-wrap><trbc type="RCS">B:1790</trbc><trbc type="2012">5720101010</trbc><trbc type="perm-id">4294951211</trbc></trbc-wrap></company-classification><relevancy engine="1C">0.2</relevancy><confidence engine="1C">0.98</confidence></norm-company-wrap><norm-company oa-id="4295900454">INNOVATIVE SOLUTIONS AND SUPPORT INC</norm-company><norm-company-wrap occur-sequence="2,6"><norm-company-name>INNOVATIVE SOLUTIONS AND SUPPORT INC</norm-company-name><company-ids><oa-id>4295900454</oa-id><ric norm="ISSC.OQ">ISSC.OQ</ric></company-ids><company-classification><trbc-wrap><trbc type="RCS">B:1139</trbc><trbc type="2012">5210101014</trbc><trbc type="perm-id">4294951862</trbc></trbc-wrap></company-classification><relevancy engine="1C">0.2</relevancy><confidence engine="1C">0.94</confidence></norm-company-wrap><eos/><eop/></extr-company-block></extraction-terms><extraction-terms><extr-person-block><bop/><bos/><extr-person>Slash</extr-person><extr-person-wrap><extr-person-name>Slash</extr-person-name><relevancy engine="1C">0.2</relevancy></extr-person-wrap><eos/><eop/></extr-person-block></extraction-terms></indexing></document></n-docbody>
</n-document>
<n-document guid="Idd49c110262211e5a64d9935d38821a9"><n-metadata><metadata.block><md.identifiers><md.cites><md.first.line.cite>7/9/15 NEWS 00:00:00</md.first.line.cite><md.second.line.cite>7/9/15 ARKA News Agency 00:00:00</md.second.line.cite></md.cites><md.uuid>Idd49c110262211e5a64d9935d38821a9</md.uuid></md.identifiers><md.infotype>news</md.infotype><md.sortkeys><md.ordersequence>f47363bec</md.ordersequence></md.sortkeys><md.descriptions><md.title>US STOCKS OPEN LOWER AS CHINA FAILS TO HALT MARKET SLIDE</md.title><md.westlawdescrip><md.readlist>READLIST</md.readlist></md.westlawdescrip></md.descriptions><md.dates><md.publisheddatetime>20150709051332</md.publisheddatetime><md.loaddate>20150709</md.loaddate><md.createddatetime>20150709051332</md.createddatetime></md.dates><md.subjects><md.subject><md.pubtype.name/><md.doctype.name>DNR</md.doctype.name><md.doctype.rank/><md.view>CNGE</md.view><md.view>RGEurope</md.view><md.view>PTNewswires</md.view><md.view>ARKANEWS0063786</md.view><md.view>INALLNEWS_ACTEST</md.view><md.view>INFARNEWS_AC</md.view><md.view>MARKETSEIKON_CN</md.view><md.view>MARKETSEIKON</md.view><md.view>CB_ASIAWIRES</md.view><md.view>INWIRES_AC</md.view><md.view>GULF_INTL</md.view><md.view>ININTNEWS_AC</md.view><md.view>ANZ_INTLOS</md.view><md.view>CLEAR_RF</md.view><md.view>INALLNEWS_AC</md.view><md.view>INNEWSINT_PRO</md.view><md.view>INBUSNEWS</md.view><md.view>INNEWSWORLD_PRO</md.view><md.view>INBUSNEWS_AC</md.view></md.subject></md.subjects><md.jurisdictions><md.jurisdiction><md.jurisstate>FE</md.jurisstate></md.jurisdiction></md.jurisdictions><md.publications><md.publication/><md.sourcepubid>ARKANEWS</md.sourcepubid></md.publications><md.royalty><md.royalty.code>84104</md.royalty.code></md.royalty></metadata.block><news.metadata.block><md.text.preview>STOCK MARKETYEREVAN, July 9. /ARKA/. U.S. stocks are opening lower as investors worry about China&apos;s ability to stem a stock market slide there, ABC News reported yesterday referring to AP.</md.text.preview></news.metadata.block><n-view>CNGE</n-view><n-view>RGEurope</n-view><n-view>PTNewswires</n-view><n-view>ARKANEWS0063786</n-view><n-view>INALLNEWS_ACTEST</n-view><n-view>INFARNEWS_AC</n-view><n-view>MARKETSEIKON_CN</n-view><n-view>MARKETSEIKON</n-view><n-view>CB_ASIAWIRES</n-view><n-view>INWIRES_AC</n-view><n-view>GULF_INTL</n-view><n-view>ININTNEWS_AC</n-view><n-view>ANZ_INTLOS</n-view><n-view>CLEAR_RF</n-view><n-view>INALLNEWS_AC</n-view><n-view>INNEWSINT_PRO</n-view><n-view>INBUSNEWS</n-view><n-view>INNEWSWORLD_PRO</n-view><n-view>INBUSNEWS_AC</n-view><prism-stylesheet guid="Ia3024d301b6a11d89fc5f34981d3242f"/><prism-clipdate>20150709051332</prism-clipdate></n-metadata>
<n-docbody><document version="1" collection="D-ARKANEWS-T001" first-load-date="20150709051332" ip-product="ARKANEWS" royalty-id="84104" data-model="text" dtd-version="5.2.29" content-type="news" load-language="en"><supplier-info><supplier-num nitf="doc-id" nitf-regsrc="ARKA News Agency" type="accession">c62b0000d0324206</supplier-num><internal-acc-num db-id="NEPRARKA" type="newz">20150709170.1_Vc62b0000d0324206</internal-acc-num><rec-status><last-load-date>20150709051332</last-load-date><nitf-date ne="datereceived">20150709T10:11:28Z</nitf-date><nitf-date nitf="date-issue">20150709T00:00:00Z</nitf-date><last-provider-update>20150709101128</last-provider-update></rec-status><supplier-copyright>Copyright Â© 2015 ARKA<copyright-year/><copyright-holder>ARKA</copyright-holder></supplier-copyright><supplier-note nitf="urgency" nitf-ed-urg="4"/><nitf-meta-content name="_newsmlg2-hashtype=nr-htype:doc-group-content-length">480</nitf-meta-content><nitf-meta-content name="_newsmlg2-hashtype=nr-htype:doc-group-fuzzy">98619|108942|76330|82952|39730|20009|75749|67471|24651|22951|1502|28663|81941|4889|12893|65322|33584|106486|105141|48209|12447|15014|38631|44300|77299|57044|68087|62908|39997|112138|102805|54771|15358|21425|34522|94725|110408|92642|87477|67051|54491|8683|25367|99593|18336|21188|22562|65876|81830|47531|48856|74636|</nitf-meta-content><nitf-meta-content name="_newsmlg2-hashtype=nr-htype:doc-group-simple">391395a9558d91b8df015eef1cdc9d6a5c64c594</nitf-meta-content><supplier-dtds><dtd dtd-version="working" dtd-date="20150609T00:00:00Z">Canonical Taxonomy</dtd><dtd dtd-version="20150602" dtd-date="20150609T00:00:00Z">Mapping File</dtd></supplier-dtds><copyright-block type="dialog"><service-copyright n-include_guid="Ice671660f30811d88920000083149a14" n-include_collection="D-DIALOGCOPYRIGHTS-T001"/></copyright-block><copyright-block type="west"><service-copyright n-include_guid="I1DA35ED81DD211B281BAD200220BDFCA" n-include_collection="w_wlnv_msg"/></copyright-block><west-citation-block><bop/><first-line-cite><bos/>7/9/15 NEWS 00:00:00<eos/></first-line-cite><second-line-cite><bos/>7/9/15 ARKA News Agency 00:00:00<eos/></second-line-cite><eop/></west-citation-block></supplier-info><title-info iso-language="en"><bop/><title type="headline" nitf-hedline="hl1" key="key-title"><bos/><sort-title>US STOCKS OPEN LOWER AS CHINA FAILS TO HALT MARKET SLIDE</sort-title><eos/></title><eop/></title-info><pub-info><journal key="key-journal"><bop/><bos/><sort-journal>ARKA News Agency</sort-journal><eos/><eop/></journal><pub-date key="key-date" iso-time="T00:00:00Z" type="date.publication"><full-pub-date>July 9, 2015</full-pub-date><sort-pub-date>20150709</sort-pub-date><sort-pub-timestamp>20150709000000</sort-pub-timestamp><rank-date>20150709</rank-date><currency-timestamp>20150709000000</currency-timestamp></pub-date><original-pub><language iso-language="en">English</language></original-pub><src-data><src-journal-code>ANPV</src-journal-code><src-pub-code>0063786</src-pub-code><src-pub-type>Newswire</src-pub-type><src-pub-country-wrap><src-pub-country-code>GE</src-pub-country-code><src-pub-country>Georgia CIS</src-pub-country></src-pub-country-wrap><src-pub-region>Europe</src-pub-region></src-data></pub-info><content iso-language="en"><total-char-count>813</total-char-count><derived-word-count><bop/><bos/>Word Count: 126<eos/><eop/></derived-word-count><text type="lead-para"><p nitf="lede"><bop/><bos/>STOCK MARKET<eos/><eop/></p><p nitf="lede"><bop/><bos/>YEREVAN, July 9. /ARKA/. <eos/><bos/>U.S. stocks are opening lower as investors worry about China&apos;s ability to stem a stock market slide there, <cite.query w-seq-number="00001" w-ref-type="MM" w-normalized-cite="canonical_name::ABC NEWS" ID="I63b930a0262311e5ad70a61b452003f6">ABC News</cite.query> reported yesterday referring to AP.<eos/><eop/></p></text><text type="body"><p><bop/><bos/>The Dow Jones industrial average declined 132 points, or 0.7 percent, to 17,649 as of 9:35 a.m. Eastern time.<eos/><eop/></p><p><bop/><bos/>The Standard &amp;amp; Poor&apos;s 500 gave up 13 points, or 0.6 percent, to 2,068. <eos/><bos/>The <cite.query w-seq-number="00002" w-ref-type="CO" w-normalized-cite="IB3F93E8029C011DF9BD7C7F341E042AB" ID="I63c2f4a0262311e5ad70a61b452003f6">Nasdaq</cite.query> fell 32 points, or 0.7 percent, to 4,965.<eos/><eop/></p><p><bop/><bos/>Stocks fell 6 percent in Shanghai despite the Chinese government&apos;s latest efforts to shore up the market. <eos/><bos/>Chinese stocks have plunged in the last month but are still up 70 percent over the past year.<eos/><eop/></p><p><bop/><bos/>European markets were broadly higher as talks continue on Greece&apos;s debt woes.<eos/><eop/></p><p><bop/><bos/><cite.query w-seq-number="00003" w-ref-type="MM" w-normalized-cite="canonical_name::UNITED CONTINENTAL" ID="I63cd2dd0262311e5ad70a61b452003f6">United Continental</cite.query> lost 1.5 percent after grounding all of its flights in the U.S. due to computer problems. -0--<eos/><eop/></p></text></content><indexing iso-language="en" value-add="machine-generated"><classification-terms><pres-location-block><bop/><bos/><pres-location-wrap><pres-location>Asia</pres-location><pres-location-code>GEOASIA</pres-location-code><alt1-location-code>1AS61</alt1-location-code></pres-location-wrap><pres-location-wrap><pres-location>China</pres-location><pres-location-code>ISOCN</pres-location-code><alt1-location-code>1CH15</alt1-location-code></pres-location-wrap><pres-location-wrap><pres-location>Eastern Asia</pres-location><pres-location-code>GEOEASIA</pres-location-code><alt1-location-code>1EA61</alt1-location-code></pres-location-wrap><pres-location-wrap><pres-location>Far East</pres-location><pres-location-code>GEOFREST</pres-location-code><alt1-location-code>1FA27</alt1-location-code></pres-location-wrap><eos/><eop/></pres-location-block></classification-terms><classification-terms><pres-subject-block><bop/><bos/><pres-subject-wrap><pres-subject>Emerging Market Countries</pres-subject><pres-subject-code>EMERGING</pres-subject-code><alt1-subject-code>1EM65</alt1-subject-code></pres-subject-wrap><pres-subject-wrap><pres-subject>Equity Instruments</pres-subject><pres-subject-code>STOCKINS</pres-subject-code><alt1-subject-code>1EQ90</alt1-subject-code></pres-subject-wrap><pres-subject-wrap><pres-subject>Funding Instruments</pres-subject><pres-subject-code>INVSTING</pres-subject-code><alt1-subject-code>1FU41</alt1-subject-code></pres-subject-wrap><pres-subject-wrap><pres-subject>Stock Closings</pres-subject><pres-subject-code>STOCKEND</pres-subject-code><alt1-subject-code>1ST40</alt1-subject-code></pres-subject-wrap><eos/><eop/></pres-subject-block><pres-industry-block><bop/><bos/><pres-industry-wrap><pres-industry>Financial Services</pres-industry><pres-industry-code>FINSVC</pres-industry-code><alt1-industry-code>1FI37</alt1-industry-code></pres-industry-wrap><pres-industry-wrap><pres-industry>Investment Management</pres-industry><pres-industry-code>INVSTMAN</pres-industry-code><alt1-industry-code>1IN34</alt1-industry-code></pres-industry-wrap><pres-industry-wrap><pres-industry>Securities Investment</pres-industry><pres-industry-code>PTSECUR</pres-industry-code><alt1-industry-code>1SE57</alt1-industry-code></pres-industry-wrap><pres-industry-wrap><pres-industry>Stocks</pres-industry><pres-industry-code>EQUITIES</pres-industry-code><alt1-industry-code>1EQ09</alt1-industry-code></pres-industry-wrap><eos/><eop/></pres-industry-block></classification-terms><classification-terms><rcs-block><rcs>B:130</rcs><rcs>G:B1</rcs><rcs>G:1</rcs><rcs>G:K</rcs><rcs>B:125</rcs><rcs>B:126</rcs></rcs-block></classification-terms><extraction-terms><extr-company-block><bop/><bos/><norm-company oa-id="4295905139">UNITED CONTINENTAL HOLDINGS INC</norm-company><norm-company-wrap occur-sequence="1"><norm-company-name>UNITED CONTINENTAL HOLDINGS INC</norm-company-name><company-ids><oa-id>4295905139</oa-id><ric norm="UAL.N">UAL.N</ric></company-ids><company-classification><trbc-wrap><trbc type="RCS">B:1266</trbc><trbc type="2012">5240601010</trbc><trbc type="perm-id">4294951735</trbc></trbc-wrap></company-classification><relevancy engine="1C">0.2</relevancy><confidence engine="1C">0.99</confidence></norm-company-wrap><eos/><eop/></extr-company-block></extraction-terms></indexing></document></n-docbody>
</n-document>
<n-document guid="I10a66f8023f911e58e74c4301e715ffc"><n-metadata><metadata.block><md.identifiers><md.cites><md.parallelcite><md.parallelcite.info><md.display.parallelcite type="WLNR">2015 WLNR 20000606</md.display.parallelcite></md.parallelcite.info></md.parallelcite><md.first.line.cite>7/6/15 BANKSVCS (No Page)</md.first.line.cite><md.second.line.cite>7/6/15 ARKA Banking Services Bull. (Pg. Unavail. Online)</md.second.line.cite></md.cites><md.uuid>I10a66f8023f911e58e74c4301e715ffc</md.uuid></md.identifiers><md.infotype>news</md.infotype><md.sortkeys><md.ordersequence>f469da56c</md.ordersequence></md.sortkeys><md.descriptions><md.title>PRESS CLIPPING</md.title><md.westlawdescrip><md.readlist>READLIST</md.readlist></md.westlawdescrip></md.descriptions><md.dates><md.publisheddatetime>20150706111212</md.publisheddatetime><md.loaddate>20150706</md.loaddate><md.createddatetime>20150706111212</md.createddatetime></md.dates><md.subjects><md.subject><md.pubtype.name/><md.doctype.name>DNR</md.doctype.name><md.doctype.rank/><md.view>CNAM</md.view><md.view>RGEurope</md.view><md.view>PTMagazines</md.view><md.view>ARKANEWS0064119</md.view><md.view>ININTNEWS_AC</md.view><md.view>INFINNEWS</md.view><md.view>INALLNEWS_ACTEST</md.view><md.view>INFARNEWS_AC</md.view><md.view>ANZ_INTLBTI</md.view><md.view>INALLNEWS_AC</md.view><md.view>CLEAR_RF</md.view><md.view>INBUSNEWS</md.view><md.view>INBANKNEWS_AC</md.view><md.view>INBUSNEWS_AC</md.view></md.subject></md.subjects><md.jurisdictions><md.jurisdiction><md.jurisstate>FE</md.jurisstate></md.jurisdiction></md.jurisdictions><md.publications><md.publication/><md.sourcepubid>ARKANEWS</md.sourcepubid></md.publications><md.royalty><md.royalty.code>77232</md.royalty.code></md.royalty></metadata.block><news.metadata.block><md.text.preview>The monitoring of Armenian media reports regarding the activities of local banks from June 29 to July 3 shows that the word of the decision shareholders of Areximbank-Gazprombank Group have made at their extraordinary meeting to increase the bank&apos;s</md.text.preview></news.metadata.block><n-view>CNAM</n-view><n-view>RGEurope</n-view><n-view>PTMagazines</n-view><n-view>ARKANEWS0064119</n-view><n-view>ININTNEWS_AC</n-view><n-view>INFINNEWS</n-view><n-view>INALLNEWS_ACTEST</n-view><n-view>INFARNEWS_AC</n-view><n-view>ANZ_INTLBTI</n-view><n-view>INALLNEWS_AC</n-view><n-view>CLEAR_RF</n-view><n-view>INBUSNEWS</n-view><n-view>INBANKNEWS_AC</n-view><n-view>INBUSNEWS_AC</n-view><prism-stylesheet guid="Ia3024d301b6a11d89fc5f34981d3242f"/><prism-clipdate>20150706111212</prism-clipdate></n-metadata>
<n-docbody><document version="1" collection="D-ARKANEWS-T001" first-load-date="20150706111212" ip-product="ARKANEWS" royalty-id="77232" data-model="text" dtd-version="5.2.29" content-type="news" load-language="en"><supplier-info><supplier-num nitf="doc-id" nitf-regsrc="ARKA Banking Services Bulletin" type="accession">d24b00a6bf0d4d72</supplier-num><internal-acc-num db-id="NEPRARKA" type="newz">20150706170.4_Vd24b00a6bf0d4d72</internal-acc-num><rec-status><last-load-date>20150706111212</last-load-date><nitf-date ne="datereceived">20150706T16:07:13Z</nitf-date><nitf-date nitf="date-issue">20150706T00:00:00Z</nitf-date><last-provider-update>20150706160713</last-provider-update></rec-status><supplier-copyright>Copyright Â© 2015 ARKA<copyright-year/><copyright-holder>ARKA</copyright-holder></supplier-copyright><supplier-note nitf="urgency" nitf-ed-urg="4"/><nitf-meta-content name="_newsmlg2-hashtype=nr-htype:doc-group-content-length">7667</nitf-meta-content><nitf-meta-content name="_newsmlg2-hashtype=nr-htype:doc-group-fuzzy">66219|52749|39952|95925|59632|94719|94533|20717|98619|33137|84953|74185|101068|62767|57684|64748|112989|81033|37534|36259|9837|32126|38482|31935|1616|39655|12556|105807|89251|109739|83986|27496|50200|34451|93066|22283|32490|91141|746|102550|55954|4218|79660|94012|61453|19989|88402|72322|7470|101903|59243|27200|70141|29288|6581|56301|12669|79776|24035|90165|</nitf-meta-content><nitf-meta-content name="_newsmlg2-hashtype=nr-htype:doc-group-simple">b86e0767c1315533a31b38e1174295df5bb004d</nitf-meta-content><supplier-dtds><dtd dtd-version="working" dtd-date="20150609T00:00:00Z">Canonical Taxonomy</dtd><dtd dtd-version="20150602" dtd-date="20150609T00:00:00Z">Mapping File</dtd></supplier-dtds><copyright-block type="dialog"><service-copyright n-include_guid="Ice671660f30811d88920000083149a14" n-include_collection="D-DIALOGCOPYRIGHTS-T001"/></copyright-block><copyright-block type="west"><service-copyright n-include_guid="I1DA35ED81DD211B281BAD200220BDFCA" n-include_collection="w_wlnv_msg"/></copyright-block><west-citation-block><bop/><first-line-cite><bos/>7/6/15 BANKSVCS (No Page)<eos/></first-line-cite><second-line-cite><bos/>7/6/15 ARKA Banking Services Bull. (Pg. Unavail. Online)<eos/></second-line-cite><westlawcite><bos/>2015 WLNR 20000606<eos/></westlawcite><eop/></west-citation-block></supplier-info><title-info iso-language="en"><bop/><title type="headline" nitf-hedline="hl1" key="key-title"><bos/><sort-title>PRESS CLIPPING</sort-title><eos/></title><eop/></title-info><pub-info><journal key="key-journal"><bop/><bos/><sort-journal>ARKA Banking Services Bulletin</sort-journal><eos/><eop/></journal><pub-date key="key-date" iso-time="T00:00:00Z" type="date.publication"><full-pub-date>July 6, 2015</full-pub-date><sort-pub-date>20150706</sort-pub-date><sort-pub-timestamp>20150706000000</sort-pub-timestamp><rank-date>20150706</rank-date><currency-timestamp>20150706000000</currency-timestamp></pub-date><original-pub><language iso-language="en">English</language></original-pub><src-data><src-journal-code>ANPY</src-journal-code><src-pub-code>0064119</src-pub-code><src-pub-type>Newsletter</src-pub-type><src-pub-country-wrap><src-pub-country-code>AM</src-pub-country-code><src-pub-country>Armenia</src-pub-country></src-pub-country-wrap><src-pub-region>Europe</src-pub-region></src-data></pub-info><content iso-language="en"><total-char-count>12866</total-char-count><derived-word-count><bop/><bos/>Word Count: 1963<eos/><eop/></derived-word-count><text type="lead-para"><p nitf="lede"><bop/><bos/>The monitoring of Armenian media reports regarding the activities of local banks from June 29 to July 3 shows that the word of the decision shareholders of Areximbank-<cite.query w-seq-number="00001" w-ref-type="NM" w-normalized-cite="canonical_name::GAZPROMBANK GROUP" ID="I0a37717023fa11e5a2c7ce1db98463c2">Gazprombank Group</cite.query> have made at their extraordinary meeting to increase the bank&apos;s authorized capital stock by over $10 million to $65 million was most interesting among the then media reports.<eos/><eop/></p><p nitf="lede"><bop/><bos/>Armeconombank has placed 1,100,016,000 drams worth ordinary (common) shares of the 12th issue to public subscription.<eos/><eop/></p></text><text type="body"><p><bop/><bos/><cite.query w-seq-number="00002" w-ref-type="NM" w-normalized-cite="canonical_name::ARMENBROK INVESTMENT COMPANY OJSC" ID="I0a4aab5023fa11e5a2c7ce1db98463c2">Armenbrok Investment Company OJSC</cite.query> has become the market-maker of <cite.query w-seq-number="00003" w-ref-type="NM" w-normalized-cite="canonical_name::ARMSWISSBANK" ID="I0a4aab5123fa11e5a2c7ce1db98463c2">Armswissbank</cite.query>&apos;s three debut USD issues (SWISB1, SWISB2, SWISB3 stock abbreviations) of denominated bonds.<eos/><eop/></p><p><bop/><bos/>Things in Armenia&apos;s banking sector will improve before the end of this year, Ashot Osipyan, chairman of <cite.query w-seq-number="00004" w-ref-type="NM" w-normalized-cite="canonical_name::ARARATBANK" ID="I0a5866f023fa11e5a2c7ce1db98463c2">Araratbank</cite.query>&apos;s board, told <cite.query w-seq-number="00005" w-ref-type="NM" w-normalized-cite="canonical_name::ARKA NEWS AGENCY" ID="I0a5866f123fa11e5a2c7ce1db98463c2">ARKA News Agency</cite.query>.<eos/><eop/></p><p><bop/><bos/>It has also become known from media reports that <cite.query w-seq-number="00006" w-ref-type="WC" w-normalized-cite="IF40B3643453D11DD94140014224D2780" ID="I0a5dbe2023fa11e5a2c7ce1db98463c2">VTB Bank (Armenia</cite.query>) cardholders now can automatically check their card account balance.<eos/><eop/></p><p><bop/><bos/>Winners of joint campaign of <cite.query w-seq-number="00007" w-ref-type="CO" w-normalized-cite="IB9397CB0D0D811DF98F8FD3889AD24A2" ID="I0a6956e023fa11e5a2c7ce1db98463c2">VTB Bank</cite.query> (Armenia), <cite.query w-seq-number="00008" w-ref-type="MM" w-normalized-cite="canonical_name::VISA" ID="I0a6956e123fa11e5a2c7ce1db98463c2">VISA</cite.query> and Cosmopolitan Armenia were named last week.<eos/><eop/></p><p><bop/><bos/>Joining the campaign <cite.query w-seq-number="00009" w-ref-type="NM" w-normalized-cite="canonical_name::DONATE BLOOD" ID="I0a716d3023fa11e5a2c7ce1db98463c2">Donate Blood</cite.query> -Save Life Anelik Bank personnel led by board chairman Nerses Karamanukyan visited the Hematology Center in Yerevan today to donate blood for children suffering from leukemia.<eos/><eop/></p><p><bop/><bos/>INECOBANK, along with <cite.query w-seq-number="00010" w-ref-type="NM" w-normalized-cite="canonical_name::ARAY" ID="I0a7c69b023fa11e5a2c7ce1db98463c2">ARAY</cite.query> and Technolife electronic- device stores have launched a joint offer - 15% of non-cash payment is to be returned to cardholders. <eos/><bos/>Nonperforming loans made up 9.1% of Armenian banks&apos; aggregate loan portfolio in late April 2015 after growing 0.8 percentage points over one month.<eos/><eop/></p><p><bop/><bos/>The media reports released by newspapers and Internet resources over the period between June 29 and July 3 contained information about seven commercial banks.<eos/><eop/></p><p><bop/><bos/>Azg, Golos Armenii, Novoe <cite.query w-seq-number="00011" w-ref-type="NM" w-normalized-cite="canonical_name::VREMYA" ID="I0a85917023fa11e5a2c7ce1db98463c2">Vremya</cite.query>, Aravot, Delovoy Express, Hayastani Hanrapetutyun, Respublika Armenia, Haykakan Zhamanak, Hayots Ashkhar, Iravunk, Orakarg, Yerkir, Hraparak, Chorrord Ishkhanutyun, Zhamanak, Zhoghovurd and 168 Zham newspapers were used to collect the information.<eos/><eop/></p><p><bop/><bos/>Panarmenian, ARKA, Armbanks, Banks, Arminfo, Finport and Panorama and <cite.query w-seq-number="00012" w-ref-type="MM" w-normalized-cite="canonical_name::EBANK" ID="I0a8d329023fa11e5a2c7ce1db98463c2">Ebank</cite.query> Internet resources were used as well. ---0---<eos/><eop/></p><section-title>ARMENBROK BECOMES MARKET-MAKER OF ARMSWISSBANK&apos;S THREE DEBUT USD ISSUES OF DENOMINATED BONDS</section-title><p><bop/><bos/>&quot;Armenbrok&quot; Investment Company <cite.query w-seq-number="00013" w-ref-type="NM" w-normalized-cite="canonical_name::OJSC" ID="I0aa9e25023fa11e5a2c7ce1db98463c2">OJSC</cite.query> has become the market-maker of <cite.query w-seq-number="00014" w-ref-type="NM" w-normalized-cite="canonical_name::ARMSWISSBANK" ID="I0aa9e25123fa11e5a2c7ce1db98463c2">Armswissbank</cite.query>&apos;s three debut USD issues (SWISB1, SWISB2, SWISB3 stock abbreviations) of denominated bonds. <eos/><bos/>The <cite.query w-seq-number="00015" w-ref-type="CO" w-normalized-cite="I4001E103747A11DD8AA8C467EE637EE9" ID="I0aa9e25223fa11e5a2c7ce1db98463c2">Bank</cite.query>&apos;s press-office has informed ArmInfo that Armbrok was assigned the status on June 26 in accordance with stock rules of <cite.query w-seq-number="00016" w-ref-type="CO" w-normalized-cite="IB3F93E8029C011DF9BD7C7F341E042AB" ID="I0aa9e25323fa11e5a2c7ce1db98463c2">NASDAQ</cite.query> OMX Armenia. <eos/><bos/>As the creator of Armswissbank&apos;s USD bonds market Armbrok will provide constant bilateral quotation of securities thus increasing their liquidity in the second market.<eos/><eop/></p><p><bop/><bos/>Armswissbank&apos;s bonds were listed at <cite.query w-seq-number="00017" w-ref-type="CO" w-normalized-cite="IB3F93E8029C011DF9BD7C7F341E042AB" ID="I0abaab3023fa11e5a2c7ce1db98463c2">NASDAQ</cite.query> OMX Armenia on May 5 and were put on the Abond stock category secondary list. <eos/><bos/>The bonds will be allowed to manual and REPO trading as well. <eos/><bos/>Earlier on April 16, the bank placed the first and the second issues of foreign currency denominated bonds, worth $2 and $3 million respectively. <eos/><bos/>As a result the bank attracted about 5 mln USD with the 5 mln USD of total volume of bond applications. <eos/><bos/>Placement results for SWISB1 bonds: Purchase orders of 2000 bonds for a total of 2 mln USD were placed for the Company&apos;s bonds, as a result of which the bonds were fully placed. <eos/><bos/>Cut price of the bonds was USD 1,000, weighted average yield and the cut yield was 7.5 % with a 3-year-circulation period. <eos/><bos/>Placement results for SWISB2 bonds: Purchase orders of 3000 denominated bonds for a total of 3 mln USD were placed for the Company&apos;s bonds, as a result of which the bonds were fully placed. <eos/><bos/>Cut price of the bonds was USD 1,000, weighted average yield and the cut yield was 8.0 % with a 5-year-circulation period.<eos/><eop/></p><p><bop/><bos/>Source: www.arminfo.am 29.06.2015<eos/><eop/></p><section-title>ARMECONOMBANK PLACES 1,100,016,000 DRAMS WORTH ORDINARY (COMMON) SHARES</section-title><p><bop/><bos/>Armeconombank has placed 1,100,016,000 drams worth ordinary (common) shares of the 12th issue to public subscription.<eos/><eop/></p><p><bop/><bos/>According to a bank press release, it has placed 22% or 91,668 shares of the total 416,670 ordinary shares, &apos;which were acquired by many investors.&apos;<eos/><eop/></p><p><bop/><bos/>On may 29 <cite.query w-seq-number="00018" w-ref-type="CO" w-normalized-cite="I2C59557020D111DFA9FD9F668BA07E45" ID="I0ac5599023fa11e5a2c7ce1db98463c2">Armeconombank</cite.query> said it had selected Armenbrok investment company as its underwriter to handle the entire process of public subscription, which is to run until 30 December 2015. <eos/><bos/>The bank hopes to place all 416, 670 ordinary shares with the total market value of 5,000,040,000 drams as one share is priced 12,000 drams.<eos/><eop/></p><p><bop/><bos/>Sources: www.armbanks.am 3.07.2015, www.banks.am 3.07.2015<eos/><eop/></p><section-title>SITUATION IN ARMENIA&apos;S BANKING SECTOR TO IMPROVE BEFORE END OF THIS YEAR - ARARATBANK HEAD</section-title><p><bop/><bos/>Things in Armenia&apos;s banking sector will improve before the end of this year, Ashot Osipyan, chairman of <cite.query w-seq-number="00019" w-ref-type="NM" w-normalized-cite="canonical_name::ARARATBANK" ID="I0ad697a023fa11e5a2c7ce1db98463c2">Araratbank</cite.query>&apos;s board, told <cite.query w-seq-number="00020" w-ref-type="NM" w-normalized-cite="canonical_name::ARKA NEWS AGENCY" ID="I0ad697a123fa11e5a2c7ce1db98463c2">ARKA News Agency</cite.query> on Monday.<eos/><eop/></p><p><bop/><bos/>He is convinced that the current decline in the banking sector is temporary - it is a retarded adverse impact from the developments that affected Russia in 2014.<eos/><eop/></p><p><bop/><bos/>&quot;Now Armenian banks are more conservative, and I am convinced that this will be followed by recovery soon,&quot; Osipyan said.<eos/><eop/></p><p><bop/><bos/>He also said that Armenian banks will enjoy profits later this year.<eos/><eop/></p><p><bop/><bos/>Source: www.armbanks.am 29.06.2015<eos/><eop/></p><section-title>AREXIMBANK-GAZPROMBANK GROUP TO INCREASE ITS AUTHORIZED CAPITAL STOCK BY OVER 4.7 BILLION DRAMS ($10 MILLION)</section-title><p><bop/><bos/>An extraordinary general meeting of shareholders of Areximbank-Gazprombank Group on June 30 decided to increase the bank&apos;s authorized capital stock by over 4.7 billion drams which is the equivalent of $10 million, the bank said in a press release.<eos/><eop/></p><p><bop/><bos/>Areximbank-<cite.query w-seq-number="00021" w-ref-type="NM" w-normalized-cite="canonical_name::GAZPROMBANK GROUP" ID="I0ae2f3b023fa11e5a2c7ce1db98463c2">Gazprombank Group</cite.query>&apos;s sole shareholder is Russian Gazprombank that will issue 90,400 additional ordinary shares to increase the bank&apos;s authorized capital stock to about 30.6 billion drams or about $65 million.<eos/><eop/></p><p><bop/><bos/>This is expected to make Areximbank-<cite.query w-seq-number="00022" w-ref-type="NM" w-normalized-cite="canonical_name::GAZPROMBANK GROUP" ID="I0aea94d023fa11e5a2c7ce1db98463c2">Gazprombank Group</cite.query> a leader in the banking sector of Armenia in terms of authorized capital stock size.<eos/><eop/></p><p><bop/><bos/>The move is meant to meet <cite.query w-seq-number="00023" w-ref-type="NM" w-normalized-cite="canonical_name::ARMENIAN CENTRAL BANK" ID="I0af1c0c023fa11e5a2c7ce1db98463c2">Armenian Central Bank</cite.query>&apos;s decision raising the minimum capital of local commercial banks from current 5 billion to 30 billion drams effective from January 1, 2017.<eos/><eop/></p><p><bop/><bos/>Earlier this year, in 2015 January, <cite.query w-seq-number="00024" w-ref-type="MM" w-normalized-cite="canonical_name::GAZPROMBANK" ID="I0afc6f2023fa11e5a2c7ce1db98463c2">Gazprombank</cite.query> had already increased the authorized capital stock of its Armenian subsidiary by 9.4 billion drams or $20 million.<eos/><eop/></p><p><bop/><bos/>Sources: www.armbanks.am 3.07.2015, www.arka.am 3.07.2015, www.banks.am 3.07.2015, www.finport.am 3.07.2015<eos/><eop/></p><section-title>VTB BANK (ARMENIA) CARDHOLDERS CAN AUTOMATICALLY CHECK THEIR CARD ACCOUNT BALANCE</section-title><p><bop/><bos/>VTB Bank (Armenia) has expanded the list of its remote services offering now its clients the opportunity to automatically check the status of their card accounts saying in a press release that all owners of its payment cards can do so at any time from anywhere in the world .<eos/><eop/></p><p><bop/><bos/>For information about the balance of the card account the cardholder should call the telephone number of the bank&apos;s processing center 37 410 560 708, which is indicated on the back side of the card and follow the voice instructions, then select the desired menu in the tone mode and enter the 16-digit number of the card and the banking password.<eos/><eop/></p><p><bop/><bos/>The voice service allows plastic cardholders to get prompt, free and safe information on the status of their card account 24 hours a day without having to contact the operator.<eos/><eop/></p><p><bop/><bos/>Sources: www.armbanks.am 29.06.2015, www.arka.am 29.06.2015,www.arminfo.am 29.06.2015, www.banks.am 29.06.2015<eos/><eop/></p><section-title>WINNERS OF JOINT CAMPAIGN OF VTB BANK (ARMENIA), VISA AND COSMOPOLITAN ARMENIA NAMED</section-title><p><bop/><bos/>VTB Bank (Armenia), VISA international payment system and <cite.query w-seq-number="00025" w-ref-type="NM" w-normalized-cite="canonical_name::COSMOPOLITAN ARMENIA MAGAZINE" ID="I0b0a2ac023fa11e5a2c7ce1db98463c2">Cosmopolitan Armenia Magazine</cite.query> handed prizes to the winners of their joint campaign, where all the holders of VTB Cosmopolitan Visa Classic and VTB Cosmopolitan Visa Gold of VTB Bank (Armenia) cards could take part.<eos/><eop/></p><p><bop/><bos/>The campaign was launched on March 1 and completed on May 31.<eos/><eop/></p><p><bop/><bos/>Those cardholders who paid more than <cite.query w-seq-number="00026" w-ref-type="CO" w-normalized-cite="I27218B6541EC11DDAD6B0014224D2780" ID="I0b0f0cc023fa11e5a2c7ce1db98463c2">AMD</cite.query> 100,000 drams for goods and services in Armenia and abroad over the mentioned period by using their cards and also via Internet were eligible to take part in the draw.<eos/><eop/></p><p><bop/><bos/>Compared with the same period a year earlier, the amounts paid by using the bank&apos;s Visa VTB Cosmopolitan plastic card grew more than 40%, and the number of cards rose 20% and even higher.<eos/><eop/></p><p><bop/><bos/>The event was attended by Sofia Machkalyan, chief of the bank&apos;s retail business division, and Hrachuhi Utmazyan, <cite.query w-seq-number="00027" w-ref-type="NM" w-normalized-cite="canonical_name::COSMOPOLITAN ARMENIA" ID="I0b16fc0023fa11e5a2c7ce1db98463c2">Cosmopolitan Armenia</cite.query> chief editor.<eos/><eop/></p><p><bop/><bos/>Fifteen gift certificates from shops and centers for women were raffled among the 100 most active Visa VTB Cosmopolitan card holders.<eos/><eop/></p><p><bop/><bos/>The grand prizes - two trips to Milan - were won by Azatui Manvelyan and Laura Hovhannisyan, clients of <cite.query w-seq-number="00028" w-ref-type="CO" w-normalized-cite="IB9397CB0D0D811DF98F8FD3889AD24A2" ID="I0b21d17023fa11e5a2c7ce1db98463c2">VTB Bank</cite.query> (Armenia).<eos/><eop/></p><p><bop/><bos/>Sources: www.armbanks.am 3.07.2015, www.arka.am 3.07.2015, www.banks.am 3.07.2015, www.finport.am 3.07.2015<eos/><eop/></p><section-title>ANELIK BANK PERSONNEL JOINS DONATE BLOOD- SAVE LIFE CAMPAIGN</section-title><p><bop/><bos/>Joining the campaign <cite.query w-seq-number="00029" w-ref-type="NM" w-normalized-cite="canonical_name::DONATE BLOOD" ID="I0b2ad22023fa11e5a2c7ce1db98463c2">Donate Blood</cite.query> -Save Life Anelik Bank personnel led by board chairman Nerses Karamanukyan visited the Hematology Center in Yerevan today to donate blood for children suffering from leukemia.<eos/><eop/></p><p><bop/><bos/>&quot;It&apos;s a wonderful feeling when you realize that thanks to blood donation you can save the life of a child. <eos/><bos/>We were given a unique opportunity to donate some 400 mg of blood, thereby saving at least three people. <eos/><bos/>If we can save three lives in 15 minutes, we must do it, &quot;a press officer for the bank, <cite.query w-seq-number="00030" w-ref-type="NM" w-normalized-cite="canonical_name::ASTGHIK MARTIROSYAN" ID="I0b350b5023fa11e5a2c7ce1db98463c2">Astghik Martirosyan</cite.query>, said.<eos/><eop/></p><p><bop/><bos/>She said the bank personnel were happy to get the opportunity to support the most vulnerable group of the society - sick children. <eos/><bos/>According to her, the bank will continue to participate in such campaigns.<eos/><eop/></p><p><bop/><bos/>Sources: www.armbanks.am 29.06.2015, www.banks.am 29.06.2015<eos/><eop/></p><section-title>INECOBANK, ALONG WITH ARAY AND TECHNOLIFE ELECTRONIC- DEVICE STORES HAVE LAUNCHED JOINT OFFER</section-title><p><bop/><bos/>INECOBANK, along with <cite.query w-seq-number="00031" w-ref-type="NM" w-normalized-cite="canonical_name::ARAY" ID="I0b43ff7023fa11e5a2c7ce1db98463c2">ARAY</cite.query> and Technolife electronic- device stores have launched a joint offer - 15% of non-cash payment is to be returned to cardholders. <eos/><bos/>The bank press-office has informed ArmInfo that within the offer INECOBANK cardholders, who make non-cash purchases in ARAY and <cite.query w-seq-number="00032" w-ref-type="NM" w-normalized-cite="canonical_name::TECHNOLIFE" ID="I0b43ff7123fa11e5a2c7ce1db98463c2">Technolife</cite.query> stores until Aug 31, will receive 15% of the paid sum. <eos/><bos/>Since the returned sum is considered customer income, it will be imposed taxes on in accordance with the law on &quot;Income Tax&quot;.<eos/><bos/> The sum is transferred to the cardholder&apos;s bank account within 5 working days since the purchase moment.<eos/><eop/></p><p><bop/><bos/>Sources: www.finport.am 2.07.2015, www.banks.am 2.07.2015, www.arminfo.am 2.07.2015<eos/><eop/></p><section-title>ARMENIAN BANKS SHOULD ATTRACT MORE FINANCIAL RESOURCES FROM OUTSIDE SOURCES</section-title><p><bop/><bos/>Taking into account high interest rates on deposits, Armenian banks should attract more financial resources from outside sources, Samvel Chzmachyan, chairman of the <cite.query w-seq-number="00033" w-ref-type="NM" w-normalized-cite="canonical_name::UNION OF BANKS" ID="I0b5e654023fa11e5a2c7ce1db98463c2">Union of Banks</cite.query> of Armenia, told <cite.query w-seq-number="00034" w-ref-type="NM" w-normalized-cite="canonical_name::ARKA NEWS AGENCY" ID="I0b5e654123fa11e5a2c7ce1db98463c2">ARKA News Agency</cite.query>.<eos/><eop/></p><p><bop/><bos/>&quot;Today interest rates on deposits are very high - 16%, on average, and given that, our banks should apply to those organizations that can allocate resources from the outside,&quot; he said.<eos/><eop/></p><p><bop/><bos/>In his words, European donor organizations have accumulated considerable amounts of financial resources, which can be used by Armenian banks as funding sources.<eos/><eop/></p><p><bop/><bos/>Chzmachyan said that today the top-priority objective of the country&apos;s commercial banks is to build up their total capital to meet the central bank&apos;s requirement. &quot;<eos/><bos/>All the banks have taken the road of recapitalization,&quot; he said.<eos/><eop/></p><p><bop/><bos/>Chzmachyan is convinced that the replenishment of the banks&apos; capital will increase liquidity in the banking sector, which has recently dwindled.<eos/><eop/></p><p><bop/><bos/>Chzmachyan also pointed out that the banks&apos; biggest trouble is that borrowers fail to fulfill their obligations toward banks. <eos/><bos/>He said small and mid-size companies dominate the risk zone.<eos/><eop/></p><p><bop/><bos/>&quot;It is obvious that the country&apos;s economic situation affects borrowers&apos; solvency and strikes at Armenia&apos;s banking system, as a whole, and therefore it is wrong to blame somebody for decline in banks&apos; indicators,&quot; Chzmachyan said adding that problems need system solutions.<eos/><eop/></p><p><bop/><bos/>Source: www.armbanks.am 29.06.2015<eos/><eop/></p><section-title>NONPERFORMING LOANS MAKE UP 9.1% OF ARMENIAN BANKS&apos; AGGREGATE LOAN PORTFOLIO IN LATE APRIL 2015</section-title><p><bop/><bos/>Nonperforming loans made up 9.1% of Armenian banks&apos; aggregate loan portfolio in late April 2015 after growing 0.8 percentage points over one month.<eos/><eop/></p><p><bop/><bos/>According to the central bank&apos;s figures, in April 2014 the share of nonperforming loans in the aggregate loan portfolio was 6.1%.<eos/><eop/></p><p><bop/><bos/>The share of nonperforming loans in the country&apos;s banking sector was growing throughout the entire 2014.<eos/><eop/></p><p><bop/><bos/>The growth speeded up in the second half of 2014, and in December the share increased to 7% amid financial shocks triggered by devaluation of the national currency.<eos/><eop/></p><p><bop/><bos/>In January 2015 it reached 8.4% and in February 8.95, but in March it reduced to 8.3%.<eos/><eop/></p><p><bop/><bos/>The regulator says the previous increase in nonperforming loans was seen in 2009 amid the global recession.<eos/><eop/></p><p><bop/><bos/>Analysts say borrowers fail to fulfill their obligations toward banks, and this is the banks&apos; biggest trouble. <eos/><bos/>Small and mid-size companies dominate the risky zone.<eos/><eop/></p><p><bop/><bos/>Analysts point out the current difficult economic situation in Armenia as one of the factors of increase of the number of insolvent borrowers.<eos/><eop/></p><p><bop/><bos/>Source: www.armbanks.am 1.07.2015<eos/><eop/></p></text></content><indexing iso-language="en" value-add="machine-generated"><classification-terms><pres-location-block><bop/><bos/><pres-location-wrap><pres-location>Armenia</pres-location><pres-location-code>ISOAM</pres-location-code><alt1-location-code>1AR09</alt1-location-code></pres-location-wrap><pres-location-wrap><pres-location>CIS Countries</pres-location><pres-location-code>CISSTAT</pres-location-code><alt1-location-code>1CI64</alt1-location-code></pres-location-wrap><pres-location-wrap><pres-location>Eastern Europe</pres-location><pres-location-code>GEOEEUR</pres-location-code><alt1-location-code>1EA48</alt1-location-code></pres-location-wrap><pres-location-wrap><pres-location>Europe</pres-location><pres-location-code>GEOEUR</pres-location-code><alt1-location-code>1EU83</alt1-location-code></pres-location-wrap><eos/><eop/></pres-location-block></classification-terms><classification-terms><pres-subject-block><bop/><bos/><pres-subject-wrap><pres-subject>CIS</pres-subject><pres-subject-code>GEOCIS</pres-subject-code><alt1-subject-code>1CI65</alt1-subject-code></pres-subject-wrap><pres-subject-wrap><pres-subject>Funding Instruments</pres-subject><pres-subject-code>INVSTING</pres-subject-code><alt1-subject-code>1FU41</alt1-subject-code></pres-subject-wrap><pres-subject-wrap><pres-subject>Securitization</pres-subject><pres-subject-code>SECRITIZ</pres-subject-code><alt1-subject-code>1SE75</alt1-subject-code></pres-subject-wrap><pres-subject-wrap><pres-subject>World Organizations</pres-subject><pres-subject-code>GEOORGS</pres-subject-code><alt1-subject-code>1IN77</alt1-subject-code></pres-subject-wrap><eos/><eop/></pres-subject-block><pres-industry-block><bop/><bos/><pres-industry-wrap><pres-industry>Banking</pres-industry><pres-industry-code>BANKOVER</pres-industry-code><alt1-industry-code>1BA20</alt1-industry-code></pres-industry-wrap><pres-industry-wrap><pres-industry>Commercial Banking Services</pres-industry><pres-industry-code>BANKCOML</pres-industry-code><alt1-industry-code>1CO19</alt1-industry-code></pres-industry-wrap><pres-industry-wrap><pres-industry>Credit, Debit &amp; Value Cards</pres-industry><pres-industry-code>CCARDS</pres-industry-code><alt1-industry-code>1CR28</alt1-industry-code></pres-industry-wrap><pres-industry-wrap><pres-industry>Financial Services</pres-industry><pres-industry-code>FINSVC</pres-industry-code><alt1-industry-code>1FI37</alt1-industry-code></pres-industry-wrap><pres-industry-wrap><pres-industry>Investment Management</pres-industry><pres-industry-code>INVSTMAN</pres-industry-code><alt1-industry-code>1IN34</alt1-industry-code></pres-industry-wrap><pres-industry-wrap><pres-industry>Loans</pres-industry><pres-industry-code>LOANS</pres-industry-code><alt1-industry-code>1LO12</alt1-industry-code></pres-industry-wrap><pres-industry-wrap><pres-industry>Retail Banking Services</pres-industry><pres-industry-code>RTBNKOVR</pres-industry-code><alt1-industry-code>1RE38</alt1-industry-code></pres-industry-wrap><pres-industry-wrap><pres-industry>Securities Investment</pres-industry><pres-industry-code>PTSECUR</pres-industry-code><alt1-industry-code>1SE57</alt1-industry-code></pres-industry-wrap><eos/><eop/></pres-industry-block></classification-terms><classification-terms><rcs-block><rcs>G:B</rcs><rcs>G:A</rcs><rcs>A:E</rcs><rcs>G:B2</rcs><rcs>B:127</rcs><rcs>B:128</rcs><rcs>B:125</rcs><rcs>B:129</rcs><rcs>B:126</rcs><rcs>G:Y</rcs><rcs>G:7I</rcs><rcs>B:131</rcs><rcs>B:130</rcs><rcs>G:AJ</rcs></rcs-block></classification-terms><extraction-terms><extr-company-block><bop/><bos/><extr-company>-Save Life Anelik Bank</extr-company><extr-company-wrap><extr-company-name>-Save Life Anelik Bank</extr-company-name><relevancy engine="1C">0.2</relevancy><confidence engine="1C">0.62</confidence></extr-company-wrap><extr-company>168 Zham</extr-company><extr-company-wrap><extr-company-name>168 Zham</extr-company-name><relevancy engine="1C">0.2</relevancy><confidence engine="1C">0.73</confidence></extr-company-wrap><norm-company oa-id="5000943296">ARMSWISSBANK CLOSED JSK</norm-company><norm-company-wrap occur-sequence="3,10,11,12,13"><norm-company-name>ARMSWISSBANK CLOSED JSK</norm-company-name><company-ids><oa-id>5000943296</oa-id></company-ids><company-classification><trbc-wrap><trbc type="RCS">B:128</trbc><trbc type="2012">55101010</trbc><trbc type="perm-id">4294952873</trbc></trbc-wrap></company-classification><relevancy engine="1C">0.2</relevancy><confidence engine="1C">0.79</confidence></norm-company-wrap><norm-company oa-id="4297861134">ARARATBANK OPEN JSK</norm-company><norm-company-wrap occur-sequence="4"><norm-company-name>ARARATBANK OPEN JSK</norm-company-name><company-ids><oa-id>4297861134</oa-id></company-ids><company-classification><trbc-wrap><trbc type="RCS">B:1615</trbc><trbc type="2012">5510101010</trbc><trbc type="perm-id">4294951386</trbc></trbc-wrap></company-classification><relevancy engine="1C">0.2</relevancy><confidence engine="1C">0.99</confidence></norm-company-wrap><norm-company oa-id="5000094276">AREXIMBANK GAZPROMBANK GROUP CJSC</norm-company><norm-company-wrap occur-sequence="1,15,16,17"><norm-company-name>AREXIMBANK GAZPROMBANK GROUP CJSC</norm-company-name><company-ids><oa-id>5000094276</oa-id></company-ids><relevancy engine="1C">0.8</relevancy><confidence engine="1C">0.99</confidence></norm-company-wrap><norm-company oa-id="5000085423">ARMENIAN ECONOMY DEVELOPMENT BANK OJSC</norm-company><norm-company-wrap occur-sequence="2,14"><norm-company-name>ARMENIAN ECONOMY DEVELOPMENT BANK OJSC</norm-company-name><company-ids><oa-id>5000085423</oa-id></company-ids><company-classification><trbc-wrap><trbc type="RCS">B:128</trbc><trbc type="2012">55101010</trbc><trbc type="perm-id">4294952873</trbc></trbc-wrap></company-classification><relevancy engine="1C">0.2</relevancy><confidence engine="1C">0.78</confidence></norm-company-wrap><norm-company oa-id="4297927063">INECOBANK CLOSED JSK</norm-company><norm-company-wrap occur-sequence="8,25"><norm-company-name>INECOBANK CLOSED JSK</norm-company-name><company-ids><oa-id>4297927063</oa-id></company-ids><relevancy engine="1C">0.2</relevancy><confidence engine="1C">0.7</confidence></norm-company-wrap><norm-company oa-id="4295887248">VTB BANK (OPEN JOINT STOCK COMPANY)</norm-company><norm-company-wrap occur-sequence="5,6,19,21,22"><norm-company-name>VTB BANK (OPEN JOINT STOCK COMPANY)</norm-company-name><company-ids><oa-id>4295887248</oa-id><ric norm="VTBR.MEP">VTBR.MEP</ric></company-ids><company-classification><trbc-wrap><trbc type="RCS">B:1615</trbc><trbc type="2012">5510101010</trbc><trbc type="perm-id">4294951386</trbc></trbc-wrap></company-classification><relevancy engine="1C">0.2</relevancy><confidence engine="1C">0.87</confidence></norm-company-wrap><norm-company oa-id="4298015179">VISA INC</norm-company><norm-company-wrap occur-sequence="7,18,20,23,24"><norm-company-name>VISA INC</norm-company-name><company-ids><oa-id>4298015179</oa-id><ric norm="V.N">V.N</ric></company-ids><company-classification><trbc-wrap><trbc type="RCS">B:1219</trbc><trbc type="2012">5220304010</trbc><trbc type="perm-id">4294951782</trbc></trbc-wrap></company-classification><relevancy engine="1C">0.5</relevancy><confidence engine="1C">0.99</confidence></norm-company-wrap><norm-company oa-id="4295901746">EBANK FINANCIAL SERVICES INC</norm-company><norm-company-wrap occur-sequence="9"><norm-company-name>EBANK FINANCIAL SERVICES INC</norm-company-name><company-ids><oa-id>4295901746</oa-id><ric norm="EBDC.PK">EBDC.PK</ric></company-ids><company-classification><trbc-wrap><trbc type="RCS">B:1615</trbc><trbc type="2012">5510101010</trbc><trbc type="perm-id">4294951386</trbc></trbc-wrap></company-classification><relevancy engine="1C">0.2</relevancy><confidence engine="1C">0.83</confidence></norm-company-wrap><eos/><eop/></extr-company-block></extraction-terms><extraction-terms><extr-person-block><bop/><bos/><extr-person>Laura Hovhannisyan</extr-person><extr-person-wrap><extr-person-name>Laura Hovhannisyan</extr-person-name><relevancy engine="1C">0.2</relevancy></extr-person-wrap><extr-person>Sofia Machkalyan</extr-person><extr-person-wrap><extr-person-name>Sofia Machkalyan</extr-person-name><relevancy engine="1C">0.2</relevancy></extr-person-wrap><extr-person>Nerses Karamanukyan</extr-person><extr-person-wrap><extr-person-name>Nerses Karamanukyan</extr-person-name><relevancy engine="1C">0.2</relevancy></extr-person-wrap><extr-person>Ashot Osipyan</extr-person><extr-person-wrap><extr-person-name>Ashot Osipyan</extr-person-name><relevancy engine="1C">0.2</relevancy></extr-person-wrap><extr-person>Hrachuhi Utmazyan</extr-person><extr-person-wrap><extr-person-name>Hrachuhi Utmazyan</extr-person-name><relevancy engine="1C">0.2</relevancy></extr-person-wrap><extr-person>Samvel Chzmachyan</extr-person><extr-person-wrap><extr-person-name>Samvel Chzmachyan</extr-person-name><relevancy engine="1C">0.2</relevancy></extr-person-wrap><eos/><eop/></extr-person-block></extraction-terms></indexing></document></n-docbody>
</n-document>
<n-document guid="I75448c90215d11e5a4fef1e24ddeb8c9"><n-metadata><metadata.block><md.identifiers><md.cites><md.first.line.cite>7/3/15 NEWS 00:00:00</md.first.line.cite><md.second.line.cite>7/3/15 ARKA News Agency 00:00:00</md.second.line.cite></md.cites><md.uuid>I75448c90215d11e5a4fef1e24ddeb8c9</md.uuid></md.identifiers><md.infotype>news</md.infotype><md.sortkeys><md.ordersequence>f47363bec</md.ordersequence></md.sortkeys><md.descriptions><md.title>BRAZIL ANTITRUST AGENCY INVESTIGATING BANKS FOR SUSPECTED RATE MANIPULATION</md.title><md.westlawdescrip><md.readlist>READLIST</md.readlist></md.westlawdescrip></md.descriptions><md.dates><md.publisheddatetime>20150703033142</md.publisheddatetime><md.loaddate>20150703</md.loaddate><md.createddatetime>20150703033142</md.createddatetime></md.dates><md.subjects><md.subject><md.pubtype.name/><md.doctype.name>DNR</md.doctype.name><md.doctype.rank/><md.view>CNGE</md.view><md.view>RGEurope</md.view><md.view>PTNewswires</md.view><md.view>ARKANEWS0063786</md.view><md.view>INALLNEWS_ACTEST</md.view><md.view>INFARNEWS_AC</md.view><md.view>MARKETSEIKON_CN</md.view><md.view>MARKETSEIKON</md.view><md.view>CB_ASIAWIRES</md.view><md.view>INWIRES_AC</md.view><md.view>GULF_INTL</md.view><md.view>ININTNEWS_AC</md.view><md.view>ANZ_INTLOS</md.view><md.view>CLEAR_RF</md.view><md.view>INALLNEWS_AC</md.view><md.view>INNEWSINT_PRO</md.view><md.view>INBUSNEWS</md.view><md.view>INNEWSWORLD_PRO</md.view><md.view>INBUSNEWS_AC</md.view></md.subject></md.subjects><md.jurisdictions><md.jurisdiction><md.jurisstate>FE</md.jurisstate></md.jurisdiction></md.jurisdictions><md.publications><md.publication/><md.sourcepubid>ARKANEWS</md.sourcepubid></md.publications><md.royalty><md.royalty.code>84104</md.royalty.code></md.royalty></metadata.block><news.metadata.block><md.text.preview>BANKING NEWSYEREVAN, July 3. /ARKA/. Brazil&apos;s antitrust agency is investigating banking giants Citigroup Inc., HSBC Holdings PLC, Deutsche Bank AG and a long list of their peers on suspicion of forming a cartel to manipulate the exchange rate of</md.text.preview></news.metadata.block><newsplus.recommendable>1</newsplus.recommendable><n-view>CNGE</n-view><n-view>RGEurope</n-view><n-view>PTNewswires</n-view><n-view>ARKANEWS0063786</n-view><n-view>INALLNEWS_ACTEST</n-view><n-view>INFARNEWS_AC</n-view><n-view>MARKETSEIKON_CN</n-view><n-view>MARKETSEIKON</n-view><n-view>CB_ASIAWIRES</n-view><n-view>INWIRES_AC</n-view><n-view>GULF_INTL</n-view><n-view>ININTNEWS_AC</n-view><n-view>ANZ_INTLOS</n-view><n-view>CLEAR_RF</n-view><n-view>INALLNEWS_AC</n-view><n-view>INNEWSINT_PRO</n-view><n-view>INBUSNEWS</n-view><n-view>INNEWSWORLD_PRO</n-view><n-view>INBUSNEWS_AC</n-view><prism-stylesheet guid="Ia3024d301b6a11d89fc5f34981d3242f"/><prism-clipdate>20150703033142</prism-clipdate></n-metadata>
<n-docbody><document version="1" collection="D-ARKANEWS-T001" first-load-date="20150703033142" ip-product="ARKANEWS" royalty-id="84104" data-model="text" dtd-version="5.2.29" content-type="news" load-language="en"><supplier-info><supplier-num nitf="doc-id" nitf-regsrc="ARKA News Agency" type="accession">326f0001b213f496</supplier-num><internal-acc-num db-id="NEPRARKA" type="newz">20150703170.1_V326f0001b213f496</internal-acc-num><rec-status><last-load-date>20150703033142</last-load-date><nitf-date ne="datereceived">20150703T08:28:18Z</nitf-date><nitf-date nitf="date-issue">20150703T00:00:00Z</nitf-date><last-provider-update>20150703082818</last-provider-update></rec-status><supplier-copyright>Copyright Â© 2015 ARKA<copyright-year/><copyright-holder>ARKA</copyright-holder></supplier-copyright><supplier-note nitf="urgency" nitf-ed-urg="4"/><nitf-meta-content name="recommendable">1</nitf-meta-content><nitf-meta-content name="_newsmlg2-hashtype=nr-htype:doc-group-content-length">725</nitf-meta-content><nitf-meta-content name="_newsmlg2-hashtype=nr-htype:doc-group-fuzzy">21906|42151|20847|98619|70456|62025|77578|40761|36077|53658|61124|68799|9239|100970|69913|46176|71308|103731|25887|72220|7347|74482|33478|70045|97503|90571|34206|20105|30143|72780|24943|15842|13364|65372|12702|6044|1512|63698|98335|14581|38683|108207|60535|49632|95426|56237|63656|56944|16246|70849|103934|53878|26041|91435|73176|81324|86272|102679|85590|60137|</nitf-meta-content><nitf-meta-content name="_newsmlg2-hashtype=nr-htype:doc-group-simple">-7ac6af2330929abd82739cfc79fe9f75b2663c17</nitf-meta-content><supplier-dtds><dtd dtd-version="working" dtd-date="20150609T00:00:00Z">Canonical Taxonomy</dtd><dtd dtd-version="20150602" dtd-date="20150609T00:00:00Z">Mapping File</dtd></supplier-dtds><copyright-block type="dialog"><service-copyright n-include_guid="Ice671660f30811d88920000083149a14" n-include_collection="D-DIALOGCOPYRIGHTS-T001"/></copyright-block><copyright-block type="west"><service-copyright n-include_guid="I1DA35ED81DD211B281BAD200220BDFCA" n-include_collection="w_wlnv_msg"/></copyright-block><west-citation-block><bop/><first-line-cite><bos/>7/3/15 NEWS 00:00:00<eos/></first-line-cite><second-line-cite><bos/>7/3/15 ARKA News Agency 00:00:00<eos/></second-line-cite><eop/></west-citation-block></supplier-info><title-info iso-language="en"><bop/><title type="headline" nitf-hedline="hl1" key="key-title"><bos/><sort-title>BRAZIL ANTITRUST AGENCY INVESTIGATING BANKS FOR SUSPECTED RATE MANIPULATION</sort-title><eos/></title><eop/></title-info><pub-info><journal key="key-journal"><bop/><bos/><sort-journal>ARKA News Agency</sort-journal><eos/><eop/></journal><pub-date key="key-date" iso-time="T00:00:00Z" type="date.publication"><full-pub-date>July 3, 2015</full-pub-date><sort-pub-date>20150703</sort-pub-date><sort-pub-timestamp>20150703000000</sort-pub-timestamp><rank-date>20150703</rank-date><currency-timestamp>20150703000000</currency-timestamp></pub-date><original-pub><language iso-language="en">English</language></original-pub><src-data><src-journal-code>ANPV</src-journal-code><src-pub-code>0063786</src-pub-code><src-pub-type>Newswire</src-pub-type><src-pub-country-wrap><src-pub-country-code>GE</src-pub-country-code><src-pub-country>Georgia CIS</src-pub-country></src-pub-country-wrap><src-pub-region>Europe</src-pub-region></src-data></pub-info><content iso-language="en"><total-char-count>1176</total-char-count><derived-word-count><bop/><bos/>Word Count: 187<eos/><eop/></derived-word-count><text type="lead-para"><p nitf="lede"><bop/><bos/>BANKING NEWS<eos/><eop/></p><p nitf="lede"><bop/><bos/>YEREVAN, July 3. /ARKA/. <eos/><bos/>Brazil&apos;s antitrust agency is investigating banking giants <cite.query w-seq-number="00001" w-ref-type="CO" w-normalized-cite="IB674B47441E911DDAD6B0014224D2780" ID="I01a98f00215e11e599b5adc0ff27f758">Citigroup Inc.</cite.query>, <cite.query w-seq-number="00002" w-ref-type="MM" w-normalized-cite="canonical_name::HSBC HOLDINGS PLC" ID="I01a98f01215e11e599b5adc0ff27f758">HSBC Holdings PLC</cite.query>, <cite.query w-seq-number="00003" w-ref-type="MM" w-normalized-cite="canonical_name::DEUTSCHE BANK AG" ID="I01a98f02215e11e599b5adc0ff27f758">Deutsche Bank AG</cite.query> and a long list of their peers on suspicion of forming a cartel to manipulate the exchange rate of the Brazilian currency, the real, The Wall Street Journal reports.<eos/><eop/></p></text><text type="body"><p><bop/><bos/>There are &quot;strong indications&quot; of the use of anticompetitive practices in the foreign-exchange market by the three big banks and 12 other U.S. and overseas lenders, the agency, known as <cite.query w-seq-number="00004" w-ref-type="NM" w-normalized-cite="canonical_name::CADE" ID="I01b24190215e11e599b5adc0ff27f758">CADE</cite.query>, said Thursday.<eos/><eop/></p><p><bop/><bos/>The agency also named 30 individuals in the investigation.<eos/><eop/></p><p><bop/><bos/>CADE said there was evidence the banks and the individuals worked together to fix the exchange rate, coordinate the buying and selling of currencies, manipulate the Brazilian central bank&apos;s PTAX reference exchange rate and impede the operations of other banks operating in Brazil&apos;s foreign-exchange market, among other things.<eos/><eop/></p><p><bop/><bos/>About $240 billion was traded on Brazil&apos;s spot market in May and about $311 billion was traded on its futures market in the same month. <eos/><bos/>That includes purchases of dollars by <cite.query w-seq-number="00005" w-ref-type="NM" w-normalized-cite="canonical_name::BRAZILIANS" ID="I01bb6950215e11e599b5adc0ff27f758">Brazilians</cite.query> heading to Florida for vacation and U.S. companies buying reais to invest in Brazil. -0--<eos/><eop/></p></text></content><indexing iso-language="en" value-add="machine-generated"><classification-terms><pres-location-block><bop/><bos/><pres-location-wrap><pres-location>Americas</pres-location><pres-location-code>GEOAMER</pres-location-code><alt1-location-code>1AM92</alt1-location-code></pres-location-wrap><pres-location-wrap><pres-location>Brazil</pres-location><pres-location-code>ISOBR</pres-location-code><alt1-location-code>1BR84</alt1-location-code></pres-location-wrap><pres-location-wrap><pres-location>Latin America</pres-location><pres-location-code>GEOLATAM</pres-location-code><alt1-location-code>1LA15</alt1-location-code></pres-location-wrap><pres-location-wrap><pres-location>South America</pres-location><pres-location-code>GEOSAMR</pres-location-code><alt1-location-code>1SO03</alt1-location-code></pres-location-wrap><eos/><eop/></pres-location-block></classification-terms><classification-terms><pres-subject-block><bop/><bos/><pres-subject-wrap><pres-subject>Economic Policy &amp; Policymakers</pres-subject><pres-subject-code>ECONRULE</pres-subject-code><alt1-subject-code>1EC69</alt1-subject-code></pres-subject-wrap><pres-subject-wrap><pres-subject>Economics &amp; Trade</pres-subject><pres-subject-code>TRADE</pres-subject-code><alt1-subject-code>1EC26</alt1-subject-code></pres-subject-wrap><pres-subject-wrap><pres-subject>Emerging Market Countries</pres-subject><pres-subject-code>EMERGING</pres-subject-code><alt1-subject-code>1EM65</alt1-subject-code></pres-subject-wrap><pres-subject-wrap><pres-subject>Monetary Policy</pres-subject><pres-subject-code>PTMONET</pres-subject-code><alt1-subject-code>1MO18</alt1-subject-code></pres-subject-wrap><pres-subject-wrap><pres-subject>World Trade</pres-subject><pres-subject-code>TRADENUZ</pres-subject-code><alt1-subject-code>1WO85</alt1-subject-code></pres-subject-wrap><eos/><eop/></pres-subject-block><pres-industry-block><bop/><bos/><pres-industry-wrap><pres-industry>Banking</pres-industry><pres-industry-code>BANKOVER</pres-industry-code><alt1-industry-code>1BA20</alt1-industry-code></pres-industry-wrap><pres-industry-wrap><pres-industry>Central Bank of Brazil</pres-industry><pres-industry-code>CBB</pres-industry-code><alt1-industry-code>1CE38</alt1-industry-code></pres-industry-wrap><pres-industry-wrap><pres-industry>Financial Services</pres-industry><pres-industry-code>FINSVC</pres-industry-code><alt1-industry-code>1FI37</alt1-industry-code></pres-industry-wrap><pres-industry-wrap><pres-industry>Financial Services Regulatory</pres-industry><pres-industry-code>FINREG</pres-industry-code><alt1-industry-code>1FI03</alt1-industry-code></pres-industry-wrap><pres-industry-wrap><pres-industry>Major Central Banks</pres-industry><pres-industry-code>MAJCBANK</pres-industry-code><alt1-industry-code>1MA01</alt1-industry-code></pres-industry-wrap><eos/><eop/></pres-industry-block></classification-terms><classification-terms><rcs-block><rcs>M:R</rcs><rcs>E:5</rcs><rcs>M:Q8</rcs><rcs>B:127</rcs><rcs>B:128</rcs><rcs>B:125</rcs><rcs>B:126</rcs><rcs>G:26</rcs><rcs>M:8</rcs><rcs>E:B</rcs><rcs>G:4</rcs><rcs>G:1</rcs><rcs>G:G</rcs><rcs>I:1U</rcs></rcs-block></classification-terms><extraction-terms><extr-company-block><bop/><bos/><extr-company>Wall Street Journal</extr-company><extr-company-wrap><extr-company-name>Wall Street Journal</extr-company-name><relevancy engine="1C">0.2</relevancy><confidence engine="1C">0.94</confidence></extr-company-wrap><norm-company oa-id="8589934316">CITIGROUP INC</norm-company><norm-company-wrap occur-sequence="1"><norm-company-name>CITIGROUP INC</norm-company-name><company-ids><oa-id>8589934316</oa-id><ric norm="C.N">C.N</ric></company-ids><company-classification><trbc-wrap><trbc type="RCS">B:1615</trbc><trbc type="2012">5510101010</trbc><trbc type="perm-id">4294951386</trbc></trbc-wrap></company-classification><relevancy engine="1C">0.5</relevancy><confidence engine="1C">0.99</confidence></norm-company-wrap><norm-company oa-id="4295869482">DEUTSCHE BANK AG</norm-company><norm-company-wrap occur-sequence="3"><norm-company-name>DEUTSCHE BANK AG</norm-company-name><company-ids><oa-id>4295869482</oa-id><ric norm="DBKGn.DE">DBKGn.DE</ric></company-ids><company-classification><trbc-wrap><trbc type="RCS">B:128</trbc><trbc type="2012">55101010</trbc><trbc type="perm-id">4294952873</trbc></trbc-wrap></company-classification><relevancy engine="1C">0.5</relevancy><confidence engine="1C">0.99</confidence></norm-company-wrap><norm-company oa-id="8589934275">HSBC HOLDINGS PLC</norm-company><norm-company-wrap occur-sequence="2"><norm-company-name>HSBC HOLDINGS PLC</norm-company-name><company-ids><oa-id>8589934275</oa-id><ric norm="HSBA.L">HSBA.L</ric></company-ids><company-classification><trbc-wrap><trbc type="RCS">B:1616</trbc><trbc type="2012">5510101011</trbc><trbc type="perm-id">4294951385</trbc></trbc-wrap></company-classification><relevancy engine="1C">0.5</relevancy><confidence engine="1C">0.99</confidence></norm-company-wrap><eos/><eop/></extr-company-block></extraction-terms></indexing></document></n-docbody>
</n-document>
<n-document guid="I73d8f530218a11e589aae4562514f832"><n-metadata><metadata.block><md.identifiers><md.cites><md.first.line.cite>7/3/15 NEWS 00:00:00</md.first.line.cite><md.second.line.cite>7/3/15 ARKA News Agency 00:00:00</md.second.line.cite></md.cites><md.uuid>I73d8f530218a11e589aae4562514f832</md.uuid></md.identifiers><md.infotype>news</md.infotype><md.sortkeys><md.ordersequence>f47363bec</md.ordersequence></md.sortkeys><md.descriptions><md.title>VTB BANK (ARMENIA), VISA AND COSMOPOLITAN ARMENIA JOINT CAMPAIGN WINNERS NAMED</md.title><md.westlawdescrip><md.readlist>READLIST</md.readlist></md.westlawdescrip></md.descriptions><md.dates><md.publisheddatetime>20150703085306</md.publisheddatetime><md.loaddate>20150703</md.loaddate><md.createddatetime>20150703085306</md.createddatetime></md.dates><md.subjects><md.subject><md.pubtype.name/><md.doctype.name>DNR</md.doctype.name><md.doctype.rank/><md.view>CNGE</md.view><md.view>RGEurope</md.view><md.view>PTNewswires</md.view><md.view>ARKANEWS0063786</md.view><md.view>INALLNEWS_ACTEST</md.view><md.view>INFARNEWS_AC</md.view><md.view>MARKETSEIKON_CN</md.view><md.view>MARKETSEIKON</md.view><md.view>CB_ASIAWIRES</md.view><md.view>INWIRES_AC</md.view><md.view>GULF_INTL</md.view><md.view>ININTNEWS_AC</md.view><md.view>ANZ_INTLOS</md.view><md.view>CLEAR_RF</md.view><md.view>INALLNEWS_AC</md.view><md.view>INNEWSINT_PRO</md.view><md.view>INBUSNEWS</md.view><md.view>INNEWSWORLD_PRO</md.view><md.view>INBUSNEWS_AC</md.view></md.subject></md.subjects><md.jurisdictions><md.jurisdiction><md.jurisstate>FE</md.jurisstate></md.jurisdiction></md.jurisdictions><md.publications><md.publication/><md.sourcepubid>ARKANEWS</md.sourcepubid></md.publications><md.royalty><md.royalty.code>84104</md.royalty.code></md.royalty></metadata.block><news.metadata.block><md.text.preview>BANKING NEWSYEREVAN, July 3. /ARKA/. VTB Bank (Armenia), VISA international payment system and Cosmopolitan Armenia Magazine handed today prizes to the winners of their joint campaign, where all the holders of VTB Cosmopolitan Visa Classic and VTB</md.text.preview></news.metadata.block><newsplus.recommendable/><n-view>CNGE</n-view><n-view>RGEurope</n-view><n-view>PTNewswires</n-view><n-view>ARKANEWS0063786</n-view><n-view>INALLNEWS_ACTEST</n-view><n-view>INFARNEWS_AC</n-view><n-view>MARKETSEIKON_CN</n-view><n-view>MARKETSEIKON</n-view><n-view>CB_ASIAWIRES</n-view><n-view>INWIRES_AC</n-view><n-view>GULF_INTL</n-view><n-view>ININTNEWS_AC</n-view><n-view>ANZ_INTLOS</n-view><n-view>CLEAR_RF</n-view><n-view>INALLNEWS_AC</n-view><n-view>INNEWSINT_PRO</n-view><n-view>INBUSNEWS</n-view><n-view>INNEWSWORLD_PRO</n-view><n-view>INBUSNEWS_AC</n-view><prism-stylesheet guid="Ia3024d301b6a11d89fc5f34981d3242f"/><prism-clipdate>20150703085306</prism-clipdate></n-metadata>
<n-docbody><document version="1" collection="D-ARKANEWS-T001" first-load-date="20150703085306" ip-product="ARKANEWS" royalty-id="84104" data-model="text" dtd-version="5.2.29" content-type="news" load-language="en"><supplier-info><supplier-num nitf="doc-id" nitf-regsrc="ARKA News Agency" type="accession">d3db000363da0953</supplier-num><internal-acc-num db-id="NEPRARKA" type="newz">20150703170.1_Vd3db000363da0953</internal-acc-num><rec-status><last-load-date>20150703085306</last-load-date><nitf-date ne="datereceived">20150703T13:50:23Z</nitf-date><nitf-date nitf="date-issue">20150703T00:00:00Z</nitf-date><last-provider-update>20150703135023</last-provider-update></rec-status><supplier-copyright>Copyright Â© 2015 ARKA<copyright-year/><copyright-holder>ARKA</copyright-holder></supplier-copyright><supplier-note nitf="urgency" nitf-ed-urg="4"/><nitf-meta-content name="recommendable">0</nitf-meta-content><nitf-meta-content name="_newsmlg2-hashtype=nr-htype:doc-group-content-length">1152</nitf-meta-content><nitf-meta-content name="_newsmlg2-hashtype=nr-htype:doc-group-fuzzy">94533|98619|17526|57684|64748|42886|38482|31935|39655|22283|746|102550|55954|4218|79660|19989|59243|79776|24035|11261|68319|87911|89301|82868|61074|85822|27540|22832|42470|70625|21016|24173|36641|59907|35656|26613|31455|64300|80124|55575|30150|53648|97181|53149|71335|96408|99233|26872|109895|109434|43453|41283|22877|19344|55152|63698|26745|77845|6689|15491|</nitf-meta-content><nitf-meta-content name="_newsmlg2-hashtype=nr-htype:doc-group-simple">-60550e9833af85dbc6df37feab616f043430c253</nitf-meta-content><supplier-dtds><dtd dtd-version="working" dtd-date="20150609T00:00:00Z">Canonical Taxonomy</dtd><dtd dtd-version="20150602" dtd-date="20150609T00:00:00Z">Mapping File</dtd></supplier-dtds><copyright-block type="dialog"><service-copyright n-include_guid="Ice671660f30811d88920000083149a14" n-include_collection="D-DIALOGCOPYRIGHTS-T001"/></copyright-block><copyright-block type="west"><service-copyright n-include_guid="I1DA35ED81DD211B281BAD200220BDFCA" n-include_collection="w_wlnv_msg"/></copyright-block><west-citation-block><bop/><first-line-cite><bos/>7/3/15 NEWS 00:00:00<eos/></first-line-cite><second-line-cite><bos/>7/3/15 ARKA News Agency 00:00:00<eos/></second-line-cite><eop/></west-citation-block></supplier-info><title-info iso-language="en"><bop/><title type="headline" nitf-hedline="hl1" key="key-title"><bos/><sort-title><cite.query w-seq-number="00001" w-ref-type="CO" w-normalized-cite="IB9397CB0D0D811DF98F8FD3889AD24A2" ID="If99d30a0218a11e59f49b1ddee059d69">VTB BANK</cite.query> (ARMENIA), VISA AND COSMOPOLITAN ARMENIA JOINT CAMPAIGN WINNERS NAMED</sort-title><eos/></title><eop/></title-info><pub-info><journal key="key-journal"><bop/><bos/><sort-journal>ARKA News Agency</sort-journal><eos/><eop/></journal><pub-date key="key-date" iso-time="T00:00:00Z" type="date.publication"><full-pub-date>July 3, 2015</full-pub-date><sort-pub-date>20150703</sort-pub-date><sort-pub-timestamp>20150703000000</sort-pub-timestamp><rank-date>20150703</rank-date><currency-timestamp>20150703000000</currency-timestamp></pub-date><original-pub><language iso-language="en">English</language></original-pub><src-data><src-journal-code>ANPV</src-journal-code><src-pub-code>0063786</src-pub-code><src-pub-type>Newswire</src-pub-type><src-pub-country-wrap><src-pub-country-code>GE</src-pub-country-code><src-pub-country>Georgia CIS</src-pub-country></src-pub-country-wrap><src-pub-region>Europe</src-pub-region></src-data></pub-info><content iso-language="en"><total-char-count>1730</total-char-count><derived-word-count><bop/><bos/>Word Count: 249<eos/><eop/></derived-word-count><text type="lead-para"><p nitf="lede"><bop/><bos/>BANKING NEWS<eos/><eop/></p><p nitf="lede"><bop/><bos/>YEREVAN, July 3. /ARKA/. <eos/><bos/>VTB Bank (Armenia), VISA international payment system and <cite.query w-seq-number="00002" w-ref-type="NM" w-normalized-cite="canonical_name::COSMOPOLITAN ARMENIA MAGAZINE" ID="If9a5bc20218a11e59f49b1ddee059d69">Cosmopolitan Armenia Magazine</cite.query> handed today prizes to the winners of their joint campaign, where all the holders of VTB Cosmopolitan Visa Classic and VTB Cosmopolitan Visa Gold of VTB Bank (Armenia) cards could take part.<eos/><eop/></p></text><text type="body"><p><bop/><bos/>The campaign was launched on March 1 and completed on May 31.<eos/><eop/></p><p><bop/><bos/>Those cardholders who paid more than <cite.query w-seq-number="00003" w-ref-type="CO" w-normalized-cite="I27218B6541EC11DDAD6B0014224D2780" ID="If9a9dad0218a11e59f49b1ddee059d69">AMD</cite.query> 100,000 drams for goods and services in Armenia and abroad over the mentioned period by using their cards and also via Internet were eligible to take part in the draw.<eos/><eop/></p><p><bop/><bos/>Compared with the same period a year earlier, the amounts paid by using the bank&apos;s Visa VTB Cosmopolitan plastic card grew more than 40%, and the number of cards rose 20% and even higher.<eos/><eop/></p><p><bop/><bos/>The event was attended by Sofia Machkalyan, chief of the bank&apos;s retail business division, and Hrachuhi Utmazyan, <cite.query w-seq-number="00004" w-ref-type="NM" w-normalized-cite="canonical_name::COSMOPOLITAN ARMENIA" ID="If9b06a80218a11e59f49b1ddee059d69">Cosmopolitan Armenia</cite.query> chief editor.<eos/><eop/></p><p><bop/><bos/>Fifteen gift certificates from shops and centers for women were raffled among the 100 most active Visa VTB Cosmopolitan card holders.<eos/><eop/></p><p><bop/><bos/>The grand prizes - two trips to Milan - were won by Azatui Manvelyan and Laura Hovhannisyan, clients of <cite.query w-seq-number="00005" w-ref-type="CO" w-normalized-cite="IB9397CB0D0D811DF98F8FD3889AD24A2" ID="If9b7e490218a11e59f49b1ddee059d69">VTB Bank</cite.query> (Armenia).<eos/><eop/></p><p><bop/><bos/>&lt;I want to thank each of you for using VTB Cosmopolitan and for your subscription to our magazine and becoming members of our big family,&gt; Hrachuhi Utmazyan, <cite.query w-seq-number="00006" w-ref-type="NM" w-normalized-cite="canonical_name::COSMOPOLITAN ARMENIA" ID="If9bf3790218a11e59f49b1ddee059d69">Cosmopolitan Armenia</cite.query> chief editor.<eos/><eop/></p><p><bop/><bos/><cite.query w-seq-number="00007" w-ref-type="CO" w-normalized-cite="IB9397CB0D0D811DF98F8FD3889AD24A2" ID="If9d5f3e0218a11e59f49b1ddee059d69">VTB Bank</cite.query> Armenia (<cite.query w-seq-number="00008" w-ref-type="NM" w-normalized-cite="canonical_name::ARMENIAN SAVINGS BANK" ID="If9d5f3e1218a11e59f49b1ddee059d69">Armenian Savings Bank</cite.query> before June 2006) joined <cite.query w-seq-number="00009" w-ref-type="CO" w-normalized-cite="I5E22DEE0C55111DEAACEBB1B13A32B4A" ID="If9d5f3e2218a11e59f49b1ddee059d69">VTB Group</cite.query> in April 2004. <eos/><bos/>VTB, the second largest bank of Russia, holds 100% of shares of <cite.query w-seq-number="00010" w-ref-type="CO" w-normalized-cite="IB9397CB0D0D811DF98F8FD3889AD24A2" ID="If9d5f3e3218a11e59f49b1ddee059d69">VTB Bank</cite.query> (Armenia).<eos/><bos/> VTB Bank (Armenia) has 67 branches all over Armenia&apos;s territory - the largest branch network in the country. <eos/><bos/>VTB Bank (Armenia) is reckoned among leaders for general indicators. <eos/>M.V.----0---<eop/></p></text></content><indexing iso-language="en" value-add="machine-generated"><classification-terms><pres-location-block><bop/><bos/><pres-location-wrap><pres-location>Armenia</pres-location><pres-location-code>ISOAM</pres-location-code><alt1-location-code>1AR09</alt1-location-code></pres-location-wrap><pres-location-wrap><pres-location>CIS Countries</pres-location><pres-location-code>CISSTAT</pres-location-code><alt1-location-code>1CI64</alt1-location-code></pres-location-wrap><pres-location-wrap><pres-location>Eastern Europe</pres-location><pres-location-code>GEOEEUR</pres-location-code><alt1-location-code>1EA48</alt1-location-code></pres-location-wrap><pres-location-wrap><pres-location>Europe</pres-location><pres-location-code>GEOEUR</pres-location-code><alt1-location-code>1EU83</alt1-location-code></pres-location-wrap><eos/><eop/></pres-location-block></classification-terms><classification-terms><pres-subject-block><bop/><bos/><pres-subject-wrap><pres-subject>CIS</pres-subject><pres-subject-code>GEOCIS</pres-subject-code><alt1-subject-code>1CI65</alt1-subject-code></pres-subject-wrap><pres-subject-wrap><pres-subject>World Organizations</pres-subject><pres-subject-code>GEOORGS</pres-subject-code><alt1-subject-code>1IN77</alt1-subject-code></pres-subject-wrap><eos/><eop/></pres-subject-block><pres-industry-block><bop/><bos/><pres-industry-wrap><pres-industry>Bank Marketing</pres-industry><pres-industry-code>BANKMKTG</pres-industry-code><alt1-industry-code>1BA80</alt1-industry-code></pres-industry-wrap><pres-industry-wrap><pres-industry>Banking</pres-industry><pres-industry-code>BANKOVER</pres-industry-code><alt1-industry-code>1BA20</alt1-industry-code></pres-industry-wrap><pres-industry-wrap><pres-industry>Credit, Debit &amp; Value Cards</pres-industry><pres-industry-code>CCARDS</pres-industry-code><alt1-industry-code>1CR28</alt1-industry-code></pres-industry-wrap><pres-industry-wrap><pres-industry>Debit Cards</pres-industry><pres-industry-code>DEBCARDS</pres-industry-code><alt1-industry-code>1DE11</alt1-industry-code></pres-industry-wrap><pres-industry-wrap><pres-industry>Financial Services</pres-industry><pres-industry-code>FINSVC</pres-industry-code><alt1-industry-code>1FI37</alt1-industry-code></pres-industry-wrap><pres-industry-wrap><pres-industry>Retail Banking Services</pres-industry><pres-industry-code>RTBNKOVR</pres-industry-code><alt1-industry-code>1RE38</alt1-industry-code></pres-industry-wrap><eos/><eop/></pres-industry-block></classification-terms><classification-terms><rcs-block><rcs>G:B</rcs><rcs>G:A</rcs><rcs>G:B2</rcs><rcs>B:127</rcs><rcs>B:128</rcs><rcs>B:129</rcs><rcs>B:125</rcs><rcs>B:126</rcs><rcs>G:AJ</rcs><rcs>G:Y</rcs><rcs>G:7I</rcs></rcs-block></classification-terms><extraction-terms><extr-company-block><bop/><bos/><extr-company>VTB Bank Armenia</extr-company><extr-company-wrap><extr-company-name>VTB Bank Armenia</extr-company-name><relevancy engine="1C">0.2</relevancy><confidence engine="1C">0.97</confidence></extr-company-wrap><norm-company oa-id="4295887248">VTB BANK (OPEN JOINT STOCK COMPANY)</norm-company><norm-company-wrap occur-sequence="1,3,4,6,7,10,11,12,13,14,15"><norm-company-name>VTB BANK (OPEN JOINT STOCK COMPANY)</norm-company-name><company-ids><oa-id>4295887248</oa-id><ric norm="VTBR.MEP">VTBR.MEP</ric></company-ids><company-classification><trbc-wrap><trbc type="RCS">B:1615</trbc><trbc type="2012">5510101010</trbc><trbc type="perm-id">4294951386</trbc></trbc-wrap></company-classification><relevancy engine="1C">0.8</relevancy><confidence engine="1C">0.92</confidence></norm-company-wrap><norm-company oa-id="4298015179">VISA INC</norm-company><norm-company-wrap occur-sequence="2,5,8,9"><norm-company-name>VISA INC</norm-company-name><company-ids><oa-id>4298015179</oa-id><ric norm="V.N">V.N</ric></company-ids><company-classification><trbc-wrap><trbc type="RCS">B:1219</trbc><trbc type="2012">5220304010</trbc><trbc type="perm-id">4294951782</trbc></trbc-wrap></company-classification><relevancy engine="1C">0.8</relevancy><confidence engine="1C">0.92</confidence></norm-company-wrap><norm-company>VTB BANK (ARMENIA)</norm-company><norm-company-wrap><norm-company-name>VTB BANK (ARMENIA)</norm-company-name></norm-company-wrap><norm-company oa-id="4298487762">VTB BANK (ARMENIA) CLOSED JSK</norm-company><norm-company-wrap><norm-company-name>VTB BANK (ARMENIA) CLOSED JSK</norm-company-name><company-ids><oa-id>4298487762</oa-id></company-ids></norm-company-wrap><eos/><eop/></extr-company-block></extraction-terms><extraction-terms><extr-person-block><bop/><bos/><extr-person>Hrachuhi Utmazyan</extr-person><extr-person-wrap><extr-person-name>Hrachuhi Utmazyan</extr-person-name><relevancy engine="1C">0.2</relevancy></extr-person-wrap><extr-person>Azatui Manvelyan</extr-person><extr-person-wrap><extr-person-name>Azatui Manvelyan</extr-person-name><relevancy engine="1C">0.2</relevancy></extr-person-wrap><extr-person>Laura Hovhannisyan</extr-person><extr-person-wrap><extr-person-name>Laura Hovhannisyan</extr-person-name><relevancy engine="1C">0.2</relevancy></extr-person-wrap><extr-person>Sofia Machkalyan</extr-person><extr-person-wrap><extr-person-name>Sofia Machkalyan</extr-person-name><relevancy engine="1C">0.2</relevancy></extr-person-wrap><eos/><eop/></extr-person-block></extraction-terms></indexing></document></n-docbody>
</n-document>
<n-document guid="Ifa2d547018ff11e5ac0de49672db1177"><n-metadata><metadata.block><md.identifiers><md.cites><md.first.line.cite>6/22/15 NEWS 00:00:00</md.first.line.cite><md.second.line.cite>6/22/15 ARKA News Agency 00:00:00</md.second.line.cite></md.cites><md.uuid>Ifa2d547018ff11e5ac0de49672db1177</md.uuid></md.identifiers><md.infotype>news</md.infotype><md.sortkeys><md.ordersequence>f47363bec</md.ordersequence></md.sortkeys><md.descriptions><md.title>ARMENTEL LAUNCHES TWO NEW SERVICES FOR UNLIMITED CALLS</md.title><md.westlawdescrip><md.readlist>READLIST</md.readlist></md.westlawdescrip></md.descriptions><md.dates><md.publisheddatetime>20150622120909</md.publisheddatetime><md.loaddate>20150622</md.loaddate><md.createddatetime>20150622120909</md.createddatetime></md.dates><md.subjects><md.subject><md.pubtype.name/><md.doctype.name>DNR</md.doctype.name><md.doctype.rank/><md.view>CNGE</md.view><md.view>RGEurope</md.view><md.view>PTNewswires</md.view><md.view>ARKANEWS0063786</md.view><md.view>INALLNEWS_ACTEST</md.view><md.view>INFARNEWS_AC</md.view><md.view>MARKETSEIKON_CN</md.view><md.view>MARKETSEIKON</md.view><md.view>CB_ASIAWIRES</md.view><md.view>INWIRES_AC</md.view><md.view>GULF_INTL</md.view><md.view>ININTNEWS_AC</md.view><md.view>ANZ_INTLOS</md.view><md.view>CLEAR_RF</md.view><md.view>INALLNEWS_AC</md.view><md.view>INNEWSINT_PRO</md.view><md.view>INBUSNEWS</md.view><md.view>INNEWSWORLD_PRO</md.view><md.view>INBUSNEWS_AC</md.view></md.subject></md.subjects><md.jurisdictions><md.jurisdiction><md.jurisstate>FE</md.jurisstate></md.jurisdiction></md.jurisdictions><md.publications><md.publication/><md.sourcepubid>ARKANEWS</md.sourcepubid></md.publications><md.royalty><md.royalty.code>84104</md.royalty.code></md.royalty></metadata.block><news.metadata.block><md.text.preview>COMMUNICATIONSYEREVAN, June 22. / ARKA /. ArmenTel telecommunications company (trading as Beeline) has announced today the launch of two packaged services designed for its prepaid subscribers. The new services called &quot;Active&quot; and &quot;Active 7&quot; allow</md.text.preview></news.metadata.block><newsplus.recommendable>1</newsplus.recommendable><n-view>CNGE</n-view><n-view>RGEurope</n-view><n-view>PTNewswires</n-view><n-view>ARKANEWS0063786</n-view><n-view>INALLNEWS_ACTEST</n-view><n-view>INFARNEWS_AC</n-view><n-view>MARKETSEIKON_CN</n-view><n-view>MARKETSEIKON</n-view><n-view>CB_ASIAWIRES</n-view><n-view>INWIRES_AC</n-view><n-view>GULF_INTL</n-view><n-view>ININTNEWS_AC</n-view><n-view>ANZ_INTLOS</n-view><n-view>CLEAR_RF</n-view><n-view>INALLNEWS_AC</n-view><n-view>INNEWSINT_PRO</n-view><n-view>INBUSNEWS</n-view><n-view>INNEWSWORLD_PRO</n-view><n-view>INBUSNEWS_AC</n-view><prism-stylesheet guid="Ia3024d301b6a11d89fc5f34981d3242f"/><prism-clipdate>20150622120909</prism-clipdate></n-metadata>
<n-docbody><document version="1" collection="D-ARKANEWS-T001" first-load-date="20150622120909" ip-product="ARKANEWS" royalty-id="84104" data-model="text" dtd-version="5.2.29" content-type="news" load-language="en"><supplier-info><supplier-num nitf="doc-id" nitf-regsrc="ARKA News Agency" type="accession">73350006b5fa8003</supplier-num><internal-acc-num db-id="NEPRARKA" type="newz">20150622170.1_V73350006b5fa8003</internal-acc-num><rec-status><last-load-date>20150622120909</last-load-date><nitf-date ne="datereceived">20150622T16:58:59Z</nitf-date><nitf-date nitf="date-issue">20150622T00:00:00Z</nitf-date><last-provider-update>20150622165859</last-provider-update></rec-status><supplier-copyright>Copyright Â© 2015 ARKA<copyright-year/><copyright-holder>ARKA</copyright-holder></supplier-copyright><supplier-note nitf="urgency" nitf-ed-urg="4"/><nitf-meta-content name="recommendable">1</nitf-meta-content><nitf-meta-content name="_newsmlg2-hashtype=nr-htype:doc-group-content-length">1480</nitf-meta-content><nitf-meta-content name="_newsmlg2-hashtype=nr-htype:doc-group-fuzzy">77936|70440|82440|98619|84729|67696|5100|83279|15792|39655|101925|18705|16567|19784|107000|64345|32963|66424|16115|91667|1615|18652|72878|42367|82588|48774|28156|67997|25466|94844|9412|2772|49170|42521|61158|36063|80265|84702|15098|63128|87600|61160|59261|34718|66440|27019|35577|1852|53545|41283|13986|9696|46504|12170|73182|76437|107324|72684|55152|52237|</nitf-meta-content><nitf-meta-content name="_newsmlg2-hashtype=nr-htype:doc-group-simple">79b85b830f05f047637a5bed59405f91cf171a96</nitf-meta-content><supplier-dtds><dtd dtd-version="working" dtd-date="20150609T00:00:00Z">Canonical Taxonomy</dtd><dtd dtd-version="20150602" dtd-date="20150609T00:00:00Z">Mapping File</dtd></supplier-dtds><copyright-block type="dialog"><service-copyright n-include_guid="Ice671660f30811d88920000083149a14" n-include_collection="D-DIALOGCOPYRIGHTS-T001"/></copyright-block><copyright-block type="west"><service-copyright n-include_guid="I1DA35ED81DD211B281BAD200220BDFCA" n-include_collection="w_wlnv_msg"/></copyright-block><west-citation-block><bop/><first-line-cite><bos/>6/22/15 NEWS 00:00:00<eos/></first-line-cite><second-line-cite><bos/>6/22/15 ARKA News Agency 00:00:00<eos/></second-line-cite><eop/></west-citation-block></supplier-info><title-info iso-language="en"><bop/><title type="headline" nitf-hedline="hl1" key="key-title"><bos/><sort-title>ARMENTEL LAUNCHES TWO NEW SERVICES FOR UNLIMITED CALLS</sort-title><eos/></title><eop/></title-info><pub-info><journal key="key-journal"><bop/><bos/><sort-journal>ARKA News Agency</sort-journal><eos/><eop/></journal><pub-date key="key-date" iso-time="T00:00:00Z" type="date.publication"><full-pub-date>June 22, 2015</full-pub-date><sort-pub-date>20150622</sort-pub-date><sort-pub-timestamp>20150622000000</sort-pub-timestamp><rank-date>20150622</rank-date><currency-timestamp>20150622000000</currency-timestamp></pub-date><original-pub><language iso-language="en">English</language></original-pub><src-data><src-journal-code>ANPV</src-journal-code><src-pub-code>0063786</src-pub-code><src-pub-type>Newswire</src-pub-type><src-pub-country-wrap><src-pub-country-code>GE</src-pub-country-code><src-pub-country>Georgia CIS</src-pub-country></src-pub-country-wrap><src-pub-region>Europe</src-pub-region></src-data></pub-info><content iso-language="en"><total-char-count>2486</total-char-count><derived-word-count><bop/><bos/>Word Count: 387<eos/><eop/></derived-word-count><text type="lead-para"><p nitf="lede"><bop/>COMMUNICATIONS<eop/></p><p nitf="lede"><bop/><bos/>YEREVAN, June 22. / ARKA /. ArmenTel telecommunications company (trading as Beeline) has announced today the launch of two packaged services designed for its prepaid subscribers. <eos/><bos/>The new services called &quot;Active&quot; and &quot;Active 7&quot; allow subscribers to mobile services to make unlimited calls within <cite.query w-seq-number="00001" w-ref-type="MM" w-normalized-cite="canonical_name::BEELINE" ID="Iaec22950190111e5a0ffe0f8711f1faa">Beeline</cite.query>&apos;s mobile network, to use high-speed mobile Internet and have free traffic to social networks <cite.query w-seq-number="00002" w-ref-type="CO" w-normalized-cite="IE9D0907041EC11DDAD6B0014224D2780" ID="Iaec22951190111e5a0ffe0f8711f1faa">Facebook</cite.query>, Odnoklassniki and VKontakte.<eos/><eop/></p></text><text type="body"><p><bop/><bos/>ArmenTel CEO Andrei Pyatakhin is quoted as saying in a press release that over 2.5 million Armenians are subscribed to <cite.query w-seq-number="00003" w-ref-type="CO" w-normalized-cite="IE9D0907041EC11DDAD6B0014224D2780" ID="Iaecf48b0190111e5a0ffe0f8711f1faa">Facebook</cite.query>, Odnoklassniki and VKontakte social networks, which have become for many people alternative channels of communication with friends and family.<eos/><eop/></p><p><bop/><bos/>The service &quot;Active 7&quot; is connected for 7 days, not counting the day of activation, and includes unlimited calls within <cite.query w-seq-number="00004" w-ref-type="MM" w-normalized-cite="canonical_name::BEELINE" ID="Iaedd5270190111e5a0ffe0f8711f1faa">Beeline</cite.query>&apos;s mobile network, 300 MB Internet without speed limitation and free traffic to social networks <cite.query w-seq-number="00005" w-ref-type="CO" w-normalized-cite="IE9D0907041EC11DDAD6B0014224D2780" ID="Iaedd5271190111e5a0ffe0f8711f1faa">Facebook</cite.query>, Odnoklassniki and VKontakte.<eos/><eop/></p><p><bop/><bos/>The cost of service activation is 590 drams. <eos/><bos/>To do so one needs to dial *227#. <eos/><bos/>To disable the service one needs to dial *221#.<eos/><eop/></p><p><bop/><bos/>The service &apos;Active&quot; is connected for 30 days, not counting the day of activation, and includes unlimited calls within Beeline mobile network, 1GB Internet without speed limitation and free traffic to social networks <cite.query w-seq-number="00006" w-ref-type="CO" w-normalized-cite="IE9D0907041EC11DDAD6B0014224D2780" ID="Iaee7b2b0190111e5a0ffe0f8711f1faa">Facebook</cite.query>, Odnoklassniki and VKontakte.<eos/><eop/></p><p><bop/><bos/>The cost of service activation is 1,990 AMD. <eos/><bos/>To activate it one needs to dial *220#. <eos/><bos/>To disable it they need to dial *221#. <eos/><bos/>To check the validity term and the balance one needs to dial *113#. <eos/><bos/>If, after the expiration of the service term, the subscriber&apos;s balance has not enough money, he/she is given a 7-day period to replenishes the balance by the necessary amount. <eos/><bos/>If they do so the service will be activated automatically.<eos/><eop/></p><p><bop/><bos/>If this is not done the service will be shut down. <eos/><bos/>For re-connecting one will need to again dial the activation code. <eos/><bos/>The subscriber may cancel the service at any time, including during the observation period.<eos/><eop/></p><p><bop/><bos/>The free unlimited access to social networks Odnoklassniki and VKontakte does not include the traffic of games, applications, audio and video clips, as well as content viewed in social networks, but hosted on other sites or Internet resources.<eos/><eop/></p><p><bop/><bos/>In <cite.query w-seq-number="00007" w-ref-type="CO" w-normalized-cite="IE9D0907041EC11DDAD6B0014224D2780" ID="Iaef212f0190111e5a0ffe0f8711f1faa">Facebook</cite.query>, in addition to surfing one can make also free use of all content located on this resource.<eos/><eop/></p><p><bop/><bos/>ArmenTel is a 100% subsidiary of <cite.query w-seq-number="00008" w-ref-type="MM" w-normalized-cite="canonical_name::VIMPELCOM" ID="Iaefa7760190111e5a0ffe0f8711f1faa">VimpelCom</cite.query>. <eos/><bos/>It provides fixed and mobile telephony services as well as high-speed Internet. <eos/><bos/>($ 1 - 473.25 drams).<eos/><eop/></p></text></content><indexing iso-language="en" value-add="machine-generated"><classification-terms><pres-location-block><bop/><bos/><pres-location-wrap><pres-location>Armenia</pres-location><pres-location-code>ISOAM</pres-location-code><alt1-location-code>1AR09</alt1-location-code></pres-location-wrap><pres-location-wrap><pres-location>CIS Countries</pres-location><pres-location-code>CISSTAT</pres-location-code><alt1-location-code>1CI64</alt1-location-code></pres-location-wrap><pres-location-wrap><pres-location>Eastern Europe</pres-location><pres-location-code>GEOEEUR</pres-location-code><alt1-location-code>1EA48</alt1-location-code></pres-location-wrap><pres-location-wrap><pres-location>Europe</pres-location><pres-location-code>GEOEUR</pres-location-code><alt1-location-code>1EU83</alt1-location-code></pres-location-wrap><eos/><eop/></pres-location-block></classification-terms><classification-terms><pres-industry-block><bop/><bos/><pres-industry-wrap><pres-industry>Enhanced Services</pres-industry><pres-industry-code>TAENHSRV</pres-industry-code><alt1-industry-code>1EN42</alt1-industry-code></pres-industry-wrap><pres-industry-wrap><pres-industry>I.T.</pres-industry><pres-industry-code>ITOVER</pres-industry-code><alt1-industry-code>1IT96</alt1-industry-code></pres-industry-wrap><pres-industry-wrap><pres-industry>Internet</pres-industry><pres-industry-code>INTERNET</pres-industry-code><alt1-industry-code>1IN27</alt1-industry-code></pres-industry-wrap><pres-industry-wrap><pres-industry>Internet Media</pres-industry><pres-industry-code>INTMEDIA</pres-industry-code><alt1-industry-code>1IN67</alt1-industry-code></pres-industry-wrap><pres-industry-wrap><pres-industry>Networking</pres-industry><pres-industry-code>DCTOP10</pres-industry-code><alt1-industry-code>1NE45</alt1-industry-code></pres-industry-wrap><pres-industry-wrap><pres-industry>Next Generation Wireless Technology</pres-industry><pres-industry-code>DCWLSACC</pres-industry-code><alt1-industry-code>1NE48</alt1-industry-code></pres-industry-wrap><pres-industry-wrap><pres-industry>Online Social Media</pres-industry><pres-industry-code>SOCIALME</pres-industry-code><alt1-industry-code>1ON38</alt1-industry-code></pres-industry-wrap><pres-industry-wrap><pres-industry>Telecom</pres-industry><pres-industry-code>TITOP</pres-industry-code><alt1-industry-code>1TE27</alt1-industry-code></pres-industry-wrap><pres-industry-wrap><pres-industry>Telecom Business Services</pres-industry><pres-industry-code>TCBZSVC</pres-industry-code><alt1-industry-code>1TE55</alt1-industry-code></pres-industry-wrap><pres-industry-wrap><pres-industry>Telecom Service Pricing</pres-industry><pres-industry-code>TELPRICE</pres-industry-code><alt1-industry-code>1TE06</alt1-industry-code></pres-industry-wrap><pres-industry-wrap><pres-industry>Telecom Services</pres-industry><pres-industry-code>TELSVCFR</pres-industry-code><alt1-industry-code>1TE09</alt1-industry-code></pres-industry-wrap><pres-industry-wrap><pres-industry>Wireless Networking</pres-industry><pres-industry-code>DCWRLSS</pres-industry-code><alt1-industry-code>1WI62</alt1-industry-code></pres-industry-wrap><eos/><eop/></pres-industry-block></classification-terms><classification-terms><rcs-block><rcs>G:B</rcs><rcs>G:A</rcs><rcs>G:B2</rcs><rcs>M:S</rcs><rcs>B:92</rcs><rcs>B:161</rcs><rcs>B:177</rcs><rcs>M:NL</rcs><rcs>G:AJ</rcs><rcs>G:Y</rcs><rcs>M:QR</rcs><rcs>G:7I</rcs></rcs-block></classification-terms><extraction-terms><extr-company-block><bop/><bos/><norm-company oa-id="4297297477">FACEBOOK INC</norm-company><norm-company-wrap occur-sequence="1,2,3,4,5"><norm-company-name>FACEBOOK INC</norm-company-name><company-ids><oa-id>4297297477</oa-id><ric norm="FB.OQ">FB.OQ</ric></company-ids><company-classification><trbc-wrap><trbc type="RCS">B:1806</trbc><trbc type="2012">5720103012</trbc><trbc type="perm-id">4294951195</trbc></trbc-wrap></company-classification><relevancy engine="1C">0.2</relevancy><confidence engine="1C">0.93</confidence></norm-company-wrap><norm-company oa-id="5000708211">VIMPELCOM LTD</norm-company><norm-company-wrap occur-sequence="6"><norm-company-name>VIMPELCOM LTD</norm-company-name><company-ids><oa-id>5000708211</oa-id><ric norm="VIP.OQ">VIP.OQ</ric></company-ids><company-classification><trbc-wrap><trbc type="RCS">B:1821</trbc><trbc type="2012">5810102014</trbc><trbc type="perm-id">4294951180</trbc></trbc-wrap></company-classification><relevancy engine="1C">0.2</relevancy><confidence engine="1C">0.8</confidence></norm-company-wrap><eos/><eop/></extr-company-block></extraction-terms><extraction-terms><extr-person-block><bop/><bos/><extr-person>Andrei Pyatakhin</extr-person><extr-person-wrap><extr-person-name>Andrei Pyatakhin</extr-person-name><relevancy engine="1C">0.2</relevancy></extr-person-wrap><eos/><eop/></extr-person-block></extraction-terms></indexing></document></n-docbody>
</n-document>
<n-document guid="Id4ea56a0166a11e599c0c1922b22807e"><n-metadata><metadata.block><md.identifiers><md.cites><md.first.line.cite>6/19/15 NEWS 00:00:00</md.first.line.cite><md.second.line.cite>6/19/15 ARKA News Agency 00:00:00</md.second.line.cite></md.cites><md.uuid>Id4ea56a0166a11e599c0c1922b22807e</md.uuid></md.identifiers><md.infotype>news</md.infotype><md.sortkeys><md.ordersequence>f47363bec</md.ordersequence></md.sortkeys><md.descriptions><md.title>MCDONALD&apos;S CLOSING MORE U.S. RESTAURANTS THIS YEAR THAN IT WILL OPEN</md.title><md.westlawdescrip><md.readlist>READLIST</md.readlist></md.westlawdescrip></md.descriptions><md.dates><md.publisheddatetime>20150619050945</md.publisheddatetime><md.loaddate>20150619</md.loaddate><md.createddatetime>20150619050945</md.createddatetime></md.dates><md.subjects><md.subject><md.pubtype.name/><md.doctype.name>DNR</md.doctype.name><md.doctype.rank/><md.view>CNGE</md.view><md.view>RGEurope</md.view><md.view>PTNewswires</md.view><md.view>ARKANEWS0063786</md.view><md.view>INALLNEWS_ACTEST</md.view><md.view>INFARNEWS_AC</md.view><md.view>MARKETSEIKON_CN</md.view><md.view>MARKETSEIKON</md.view><md.view>CB_ASIAWIRES</md.view><md.view>INWIRES_AC</md.view><md.view>GULF_INTL</md.view><md.view>ININTNEWS_AC</md.view><md.view>ANZ_INTLOS</md.view><md.view>CLEAR_RF</md.view><md.view>INALLNEWS_AC</md.view><md.view>INNEWSINT_PRO</md.view><md.view>INBUSNEWS</md.view><md.view>INNEWSWORLD_PRO</md.view><md.view>INBUSNEWS_AC</md.view></md.subject></md.subjects><md.jurisdictions><md.jurisdiction><md.jurisstate>FE</md.jurisstate></md.jurisdiction></md.jurisdictions><md.publications><md.publication/><md.sourcepubid>ARKANEWS</md.sourcepubid></md.publications><md.royalty><md.royalty.code>84104</md.royalty.code></md.royalty></metadata.block><news.metadata.block><md.text.preview>COMPANIESYEREVAN, June 19. /ARKA/. For the first time in more than 40 years, McDonald&apos;s is reducing its number of U.S. restaurants, restaurantbusinessonline.com reports.</md.text.preview></news.metadata.block><n-view>CNGE</n-view><n-view>RGEurope</n-view><n-view>PTNewswires</n-view><n-view>ARKANEWS0063786</n-view><n-view>INALLNEWS_ACTEST</n-view><n-view>INFARNEWS_AC</n-view><n-view>MARKETSEIKON_CN</n-view><n-view>MARKETSEIKON</n-view><n-view>CB_ASIAWIRES</n-view><n-view>INWIRES_AC</n-view><n-view>GULF_INTL</n-view><n-view>ININTNEWS_AC</n-view><n-view>ANZ_INTLOS</n-view><n-view>CLEAR_RF</n-view><n-view>INALLNEWS_AC</n-view><n-view>INNEWSINT_PRO</n-view><n-view>INBUSNEWS</n-view><n-view>INNEWSWORLD_PRO</n-view><n-view>INBUSNEWS_AC</n-view><prism-stylesheet guid="Ia3024d301b6a11d89fc5f34981d3242f"/><prism-clipdate>20150619050945</prism-clipdate></n-metadata>
<n-docbody><document version="1" collection="D-ARKANEWS-T001" first-load-date="20150619050945" ip-product="ARKANEWS" royalty-id="84104" data-model="text" dtd-version="5.2.29" content-type="news" load-language="en"><supplier-info><supplier-num nitf="doc-id" nitf-regsrc="ARKA News Agency" type="accession">4cf800014c2657ec</supplier-num><internal-acc-num db-id="NEPRARKA" type="newz">20150619170.1_V4cf800014c2657ec</internal-acc-num><rec-status><last-load-date>20150619050945</last-load-date><nitf-date ne="datereceived">20150619T10:06:19Z</nitf-date><nitf-date nitf="date-issue">20150619T00:00:00Z</nitf-date><last-provider-update>20150619100619</last-provider-update></rec-status><supplier-copyright>Copyright Â© 2015 ARKA<copyright-year/><copyright-holder>ARKA</copyright-holder></supplier-copyright><supplier-note nitf="urgency" nitf-ed-urg="4"/><nitf-meta-content name="_newsmlg2-hashtype=nr-htype:doc-group-content-length">603</nitf-meta-content><nitf-meta-content name="_newsmlg2-hashtype=nr-htype:doc-group-fuzzy">30170|67925|33892|98619|35411|102388|66576|70345|22585|94464|78528|40078|63586|100866|102809|7470|48400|78637|14507|81831|9064|1502|33736|95012|47389|100414|87237|35766|73786|88931|85206|112497|74348|12897|40905|37732|97939|92584|13375|12053|100027|15358|70919|68272|46919|104604|54738|22627|3432|102679|13266|29663|4281|106386|48856|74660|</nitf-meta-content><nitf-meta-content name="_newsmlg2-hashtype=nr-htype:doc-group-simple">-10d71b344f06958f8dcda670912144b2a1f9194</nitf-meta-content><supplier-dtds><dtd dtd-version="working" dtd-date="20150609T00:00:00Z">Canonical Taxonomy</dtd><dtd dtd-version="20150602" dtd-date="20150609T00:00:00Z">Mapping File</dtd></supplier-dtds><copyright-block type="dialog"><service-copyright n-include_guid="Ice671660f30811d88920000083149a14" n-include_collection="D-DIALOGCOPYRIGHTS-T001"/></copyright-block><copyright-block type="west"><service-copyright n-include_guid="I1DA35ED81DD211B281BAD200220BDFCA" n-include_collection="w_wlnv_msg"/></copyright-block><west-citation-block><bop/><first-line-cite><bos/>6/19/15 NEWS 00:00:00<eos/></first-line-cite><second-line-cite><bos/>6/19/15 ARKA News Agency 00:00:00<eos/></second-line-cite><eop/></west-citation-block></supplier-info><title-info iso-language="en"><bop/><title type="headline" nitf-hedline="hl1" key="key-title"><bos/><sort-title><cite.query w-seq-number="00001" w-ref-type="MM" w-normalized-cite="canonical_name::MCDONALDS" ID="I82ca0ea0166b11e5a9c3ced844c160be">MCDONALD&apos;S</cite.query> CLOSING MORE U.S. RESTAURANTS THIS YEAR THAN IT WILL OPEN</sort-title><eos/></title><eop/></title-info><pub-info><journal key="key-journal"><bop/><bos/><sort-journal>ARKA News Agency</sort-journal><eos/><eop/></journal><pub-date key="key-date" iso-time="T00:00:00Z" type="date.publication"><full-pub-date>June 19, 2015</full-pub-date><sort-pub-date>20150619</sort-pub-date><sort-pub-timestamp>20150619000000</sort-pub-timestamp><rank-date>20150619</rank-date><currency-timestamp>20150619000000</currency-timestamp></pub-date><original-pub><language iso-language="en">English</language></original-pub><src-data><src-journal-code>ANPV</src-journal-code><src-pub-code>0063786</src-pub-code><src-pub-type>Newswire</src-pub-type><src-pub-country-wrap><src-pub-country-code>GE</src-pub-country-code><src-pub-country>Georgia CIS</src-pub-country></src-pub-country-wrap><src-pub-region>Europe</src-pub-region></src-data></pub-info><content iso-language="en"><total-char-count>1001</total-char-count><derived-word-count><bop/><bos/>Word Count: 149<eos/><eop/></derived-word-count><text type="lead-para"><p nitf="lede"><bop/>COMPANIES<eop/></p><p nitf="lede"><bop/><bos/>YEREVAN, June 19. /ARKA/. <eos/><bos/>For the first time in more than 40 years, <cite.query w-seq-number="00002" w-ref-type="MM" w-normalized-cite="canonical_name::MCDONALDS" ID="I82d188b0166b11e5a9c3ced844c160be">McDonald&apos;s</cite.query> is reducing its number of U.S. restaurants, restaurantbusinessonline.com reports.<eos/><eop/></p></text><text type="body"><p><bop/><bos/>The struggling burger giant plans to close more restaurants this year than it will open, according to the <cite.query w-seq-number="00003" w-ref-type="MM" w-normalized-cite="canonical_name::ASSOCIATED PRESS" ID="I82dbe8f0166b11e5a9c3ced844c160be">Associated Press</cite.query>, a move that hasn&apos;t happened &quot;since at least 1970.&quot;<eos/><eop/></p><p><bop/><bos/>In regards to the slimdown, Becca Hary, spokesperson for the burger giant, told the <cite.query w-seq-number="00004" w-ref-type="CO" w-normalized-cite="IB2B9BAC060AD11E089AC8CE04EA54993" ID="I82e14020166b11e5a9c3ced844c160be">AP</cite.query> that the closures would be &quot;minimal&quot; in comparison to the chain&apos;s 14,300 U.S. locations.<eos/><eop/></p><p><bop/><bos/><cite.query w-seq-number="00005" w-ref-type="MM" w-normalized-cite="canonical_name::MCDONALDS" ID="I82f1e1f0166b11e5a9c3ced844c160be">McDonald&apos;s</cite.query> announced in April that the chain would close about 700 restaurants globally this year, including units in the U.S. CEO Steve Easterbrook later shared that <cite.query w-seq-number="00006" w-ref-type="MM" w-normalized-cite="canonical_name::MCDONALDS" ID="I82f1e1f1166b11e5a9c3ced844c160be">McDonald&apos;s</cite.query> much-discussed turnaround plan would also include pruning the restaurant&apos;s overblown menu and streamlining corporate processes.<eos/><eop/></p><p><bop/><bos/>Despite laying out plans for positive change, the burger chain continues to face a number of setbacks, including slumping sales, wage protests and franchisee discontentment. -0--<eos/><eop/></p></text></content><indexing iso-language="en" value-add="machine-generated"><classification-terms><pres-industry-block><bop/><bos/><pres-industry-wrap><pres-industry>Agriculture, Food &amp; Beverage</pres-industry><pres-industry-code>AFBFRONT</pres-industry-code><alt1-industry-code>1AG53</alt1-industry-code></pres-industry-wrap><pres-industry-wrap><pres-industry>Fast Food</pres-industry><pres-industry-code>PTMCDEE</pres-industry-code><alt1-industry-code>1FA67</alt1-industry-code></pres-industry-wrap><pres-industry-wrap><pres-industry>Food &amp; Beverage Distribution &amp; Services</pres-industry><pres-industry-code>FOODBEVR</pres-industry-code><alt1-industry-code>1FO39</alt1-industry-code></pres-industry-wrap><pres-industry-wrap><pres-industry>Food &amp; Beverage Production</pres-industry><pres-industry-code>FOODNEWS</pres-industry-code><alt1-industry-code>1FO79</alt1-industry-code></pres-industry-wrap><pres-industry-wrap><pres-industry>Restaurants &amp; Food Service</pres-industry><pres-industry-code>PTEATOUT</pres-industry-code><alt1-industry-code>1RE91</alt1-industry-code></pres-industry-wrap><pres-industry-wrap><pres-industry>Retail</pres-industry><pres-industry-code>RETAIL</pres-industry-code><alt1-industry-code>1RE82</alt1-industry-code></pres-industry-wrap><eos/><eop/></pres-industry-block></classification-terms><classification-terms><rcs-block><rcs>B:106</rcs><rcs>B:112</rcs><rcs>M:1T</rcs><rcs>B:122</rcs><rcs>B:87</rcs><rcs>B:114</rcs><rcs>M:1NN</rcs><rcs>B:107</rcs><rcs>B:89</rcs></rcs-block></classification-terms><extraction-terms><extr-company-block><bop/><bos/><norm-company oa-id="4295904499">MCDONALDS CORP</norm-company><norm-company-wrap occur-sequence="1,2,3,4"><norm-company-name>MCDONALDS CORP</norm-company-name><company-ids><oa-id>4295904499</oa-id><ric norm="MCD.N">MCD.N</ric></company-ids><company-classification><trbc-wrap><trbc type="RCS">B:1409</trbc><trbc type="2012">5330102013</trbc><trbc type="perm-id">4294951592</trbc></trbc-wrap></company-classification><relevancy engine="1C">0.8</relevancy><confidence engine="1C">0.93</confidence></norm-company-wrap><eos/><eop/></extr-company-block></extraction-terms><extraction-terms><extr-person-block><bop/><bos/><extr-person>Becca Hary</extr-person><extr-person-wrap><extr-person-name>Becca Hary</extr-person-name><relevancy engine="1C">0.2</relevancy></extr-person-wrap><eos/><eop/></extr-person-block></extraction-terms></indexing></document></n-docbody>
</n-document>
<n-document guid="I82a43420168c11e59971c594e1119191"><n-metadata><metadata.block><md.identifiers><md.cites><md.first.line.cite>6/19/15 NEWS 00:00:00</md.first.line.cite><md.second.line.cite>6/19/15 ARKA News Agency 00:00:00</md.second.line.cite></md.cites><md.uuid>I82a43420168c11e59971c594e1119191</md.uuid></md.identifiers><md.infotype>news</md.infotype><md.sortkeys><md.ordersequence>f47363bec</md.ordersequence></md.sortkeys><md.descriptions><md.title>VTB BANK (ARMENIA) AND VISA ANNOUNCE TRADITIONAL ANNUAL PROMOTION CAMPAIGN</md.title><md.westlawdescrip><md.readlist>READLIST</md.readlist></md.westlawdescrip></md.descriptions><md.dates><md.publisheddatetime>20150619091411</md.publisheddatetime><md.loaddate>20150619</md.loaddate><md.createddatetime>20150619091411</md.createddatetime></md.dates><md.subjects><md.subject><md.pubtype.name/><md.doctype.name>DNR</md.doctype.name><md.doctype.rank/><md.view>CNGE</md.view><md.view>RGEurope</md.view><md.view>PTNewswires</md.view><md.view>ARKANEWS0063786</md.view><md.view>INALLNEWS_ACTEST</md.view><md.view>INFARNEWS_AC</md.view><md.view>MARKETSEIKON_CN</md.view><md.view>MARKETSEIKON</md.view><md.view>CB_ASIAWIRES</md.view><md.view>INWIRES_AC</md.view><md.view>GULF_INTL</md.view><md.view>ININTNEWS_AC</md.view><md.view>ANZ_INTLOS</md.view><md.view>CLEAR_RF</md.view><md.view>INALLNEWS_AC</md.view><md.view>INNEWSINT_PRO</md.view><md.view>INBUSNEWS</md.view><md.view>INNEWSWORLD_PRO</md.view><md.view>INBUSNEWS_AC</md.view></md.subject></md.subjects><md.jurisdictions><md.jurisdiction><md.jurisstate>FE</md.jurisstate></md.jurisdiction></md.jurisdictions><md.publications><md.publication/><md.sourcepubid>ARKANEWS</md.sourcepubid></md.publications><md.royalty><md.royalty.code>84104</md.royalty.code></md.royalty></metadata.block><news.metadata.block><md.text.preview>BANKING NEWSYEREVAN, June 19. / ARKA /. VTB Bank (Armenia) and Visa have announced their traditional annual campaign designed to encourage cashless payments. All holders of Visa payment cards and those who will obtain cards during the campaign</md.text.preview></news.metadata.block><newsplus.recommendable>1</newsplus.recommendable><n-view>CNGE</n-view><n-view>RGEurope</n-view><n-view>PTNewswires</n-view><n-view>ARKANEWS0063786</n-view><n-view>INALLNEWS_ACTEST</n-view><n-view>INFARNEWS_AC</n-view><n-view>MARKETSEIKON_CN</n-view><n-view>MARKETSEIKON</n-view><n-view>CB_ASIAWIRES</n-view><n-view>INWIRES_AC</n-view><n-view>GULF_INTL</n-view><n-view>ININTNEWS_AC</n-view><n-view>ANZ_INTLOS</n-view><n-view>CLEAR_RF</n-view><n-view>INALLNEWS_AC</n-view><n-view>INNEWSINT_PRO</n-view><n-view>INBUSNEWS</n-view><n-view>INNEWSWORLD_PRO</n-view><n-view>INBUSNEWS_AC</n-view><prism-stylesheet guid="Ia3024d301b6a11d89fc5f34981d3242f"/><prism-clipdate>20150619091411</prism-clipdate></n-metadata>
<n-docbody><document version="1" collection="D-ARKANEWS-T001" first-load-date="20150619091411" ip-product="ARKANEWS" royalty-id="84104" data-model="text" dtd-version="5.2.29" content-type="news" load-language="en"><supplier-info><supplier-num nitf="doc-id" nitf-regsrc="ARKA News Agency" type="accession">652100016c911eb8</supplier-num><internal-acc-num db-id="NEPRARKA" type="newz">20150619170.1_V652100016c911eb8</internal-acc-num><rec-status><last-load-date>20150619091411</last-load-date><nitf-date ne="datereceived">20150619T14:07:24Z</nitf-date><nitf-date nitf="date-issue">20150619T00:00:00Z</nitf-date><last-provider-update>20150619140724</last-provider-update></rec-status><supplier-copyright>Copyright Â© 2015 ARKA<copyright-year/><copyright-holder>ARKA</copyright-holder></supplier-copyright><supplier-note nitf="urgency" nitf-ed-urg="4"/><nitf-meta-content name="recommendable">1</nitf-meta-content><nitf-meta-content name="_newsmlg2-hashtype=nr-htype:doc-group-content-length">686</nitf-meta-content><nitf-meta-content name="_newsmlg2-hashtype=nr-htype:doc-group-fuzzy">92714|98619|88031|64748|31935|746|55954|4218|66657|11261|34779|43136|72878|82868|4676|108407|59907|1930|77272|107627|57428|32832|53752|97181|53149|7947|106470|35577|43115|43453|19879|24553|61794|27574|103496|107324|63698|52237|46251|112196|60514|61609|63751|49484|56273|25590|15675|46919|82359|104980|9128|78729|61635|19934|29663|106386|85271|74660|</nitf-meta-content><nitf-meta-content name="_newsmlg2-hashtype=nr-htype:doc-group-simple">-5acf7ccc3a02752712701664c6c20add50ffbb12</nitf-meta-content><supplier-dtds><dtd dtd-version="working" dtd-date="20150609T00:00:00Z">Canonical Taxonomy</dtd><dtd dtd-version="20150602" dtd-date="20150609T00:00:00Z">Mapping File</dtd></supplier-dtds><copyright-block type="dialog"><service-copyright n-include_guid="Ice671660f30811d88920000083149a14" n-include_collection="D-DIALOGCOPYRIGHTS-T001"/></copyright-block><copyright-block type="west"><service-copyright n-include_guid="I1DA35ED81DD211B281BAD200220BDFCA" n-include_collection="w_wlnv_msg"/></copyright-block><west-citation-block><bop/><first-line-cite><bos/>6/19/15 NEWS 00:00:00<eos/></first-line-cite><second-line-cite><bos/>6/19/15 ARKA News Agency 00:00:00<eos/></second-line-cite><eop/></west-citation-block></supplier-info><title-info iso-language="en"><bop/><title type="headline" nitf-hedline="hl1" key="key-title"><bos/><sort-title><cite.query w-seq-number="00001" w-ref-type="CO" w-normalized-cite="IB9397CB0D0D811DF98F8FD3889AD24A2" ID="I9a6f66a0168d11e5846bfa83f39cd2ce">VTB BANK</cite.query> (ARMENIA) AND VISA ANNOUNCE TRADITIONAL ANNUAL PROMOTION CAMPAIGN</sort-title><eos/></title><eop/></title-info><pub-info><journal key="key-journal"><bop/><bos/><sort-journal>ARKA News Agency</sort-journal><eos/><eop/></journal><pub-date key="key-date" iso-time="T00:00:00Z" type="date.publication"><full-pub-date>June 19, 2015</full-pub-date><sort-pub-date>20150619</sort-pub-date><sort-pub-timestamp>20150619000000</sort-pub-timestamp><rank-date>20150619</rank-date><currency-timestamp>20150619000000</currency-timestamp></pub-date><original-pub><language iso-language="en">English</language></original-pub><src-data><src-journal-code>ANPV</src-journal-code><src-pub-code>0063786</src-pub-code><src-pub-type>Newswire</src-pub-type><src-pub-country-wrap><src-pub-country-code>GE</src-pub-country-code><src-pub-country>Georgia CIS</src-pub-country></src-pub-country-wrap><src-pub-region>Europe</src-pub-region></src-data></pub-info><content iso-language="en"><total-char-count>1069</total-char-count><derived-word-count><bop/><bos/>Word Count: 166<eos/><eop/></derived-word-count><text type="lead-para"><p nitf="lede"><bop/><bos/>BANKING NEWS<eos/><eop/></p><p nitf="lede"><bop/><bos/>YEREVAN, June 19. / ARKA /. VTB Bank (Armenia) and <cite.query w-seq-number="00002" w-ref-type="MM" w-normalized-cite="canonical_name::VISA" ID="I9a746fb0168d11e5846bfa83f39cd2ce">Visa</cite.query> have announced their traditional annual campaign designed to encourage cashless payments. <eos/><bos/>All holders of Visa payment cards and those who will obtain cards during the campaign become automatically participants. <eos/><bos/>The company has established ten prizes each worth 500,000 drams for those participants that will use their cards to make a total of 300,000 drams worth transactions. <eos/><bos/>The prizes will be raffled live during a TV program.<eos/><eop/></p></text><text type="body"><p><bop/><bos/>To participate in the campaign VTB Bank (Armenia) Visa cardholders will have to use their cards to pay for goods and services until September 15 in Armenia and abroad, including also e-commerce transactions.<eos/><eop/></p><p><bop/><bos/><cite.query w-seq-number="00003" w-ref-type="CO" w-normalized-cite="IB9397CB0D0D811DF98F8FD3889AD24A2" ID="I9a7dbe80168d11e5846bfa83f39cd2ce">VTB Bank</cite.query> CEO Yuri Gusev is quoted as saying in the press release that experience shows that incentive campaigns are very popular among customers, simultaneously increasing the number of Visa cardholders and the amount of non-cash transactions.<eos/><eop/></p><p><bop/><bos/>VTB Bank (Armenia) is wholly owned by <cite.query w-seq-number="00004" w-ref-type="NM" w-normalized-cite="canonical_name::RUSSIAN VTB BANK" ID="I9a855fa0168d11e5846bfa83f39cd2ce">Russian VTB Bank</cite.query>. <eos/><bos/>It runs 67 branches in Armenia, more than any other local bank.-0-<eos/><eop/></p></text></content><indexing iso-language="en" value-add="machine-generated"><classification-terms><pres-location-block><bop/><bos/><pres-location-wrap><pres-location>Armenia</pres-location><pres-location-code>ISOAM</pres-location-code><alt1-location-code>1AR09</alt1-location-code></pres-location-wrap><pres-location-wrap><pres-location>CIS Countries</pres-location><pres-location-code>CISSTAT</pres-location-code><alt1-location-code>1CI64</alt1-location-code></pres-location-wrap><pres-location-wrap><pres-location>Eastern Europe</pres-location><pres-location-code>GEOEEUR</pres-location-code><alt1-location-code>1EA48</alt1-location-code></pres-location-wrap><pres-location-wrap><pres-location>Europe</pres-location><pres-location-code>GEOEUR</pres-location-code><alt1-location-code>1EU83</alt1-location-code></pres-location-wrap><eos/><eop/></pres-location-block></classification-terms><classification-terms><pres-subject-block><bop/><bos/><pres-subject-wrap><pres-subject>CIS</pres-subject><pres-subject-code>GEOCIS</pres-subject-code><alt1-subject-code>1CI65</alt1-subject-code></pres-subject-wrap><pres-subject-wrap><pres-subject>World Organizations</pres-subject><pres-subject-code>GEOORGS</pres-subject-code><alt1-subject-code>1IN77</alt1-subject-code></pres-subject-wrap><eos/><eop/></pres-subject-block><pres-industry-block><bop/><bos/><pres-industry-wrap><pres-industry>Banking</pres-industry><pres-industry-code>BANKOVER</pres-industry-code><alt1-industry-code>1BA20</alt1-industry-code></pres-industry-wrap><pres-industry-wrap><pres-industry>Credit, Debit &amp; Value Cards</pres-industry><pres-industry-code>CCARDS</pres-industry-code><alt1-industry-code>1CR28</alt1-industry-code></pres-industry-wrap><pres-industry-wrap><pres-industry>Debit Cards</pres-industry><pres-industry-code>DEBCARDS</pres-industry-code><alt1-industry-code>1DE11</alt1-industry-code></pres-industry-wrap><pres-industry-wrap><pres-industry>Financial Services</pres-industry><pres-industry-code>FINSVC</pres-industry-code><alt1-industry-code>1FI37</alt1-industry-code></pres-industry-wrap><pres-industry-wrap><pres-industry>Retail Banking Services</pres-industry><pres-industry-code>RTBNKOVR</pres-industry-code><alt1-industry-code>1RE38</alt1-industry-code></pres-industry-wrap><eos/><eop/></pres-industry-block></classification-terms><classification-terms><rcs-block><rcs>G:B</rcs><rcs>G:A</rcs><rcs>G:B2</rcs><rcs>B:127</rcs><rcs>B:128</rcs><rcs>B:129</rcs><rcs>B:125</rcs><rcs>B:126</rcs><rcs>G:AJ</rcs><rcs>G:Y</rcs><rcs>G:7I</rcs></rcs-block></classification-terms><extraction-terms><extr-company-block><bop/><bos/><norm-company oa-id="4295887248">VTB BANK (OPEN JOINT STOCK COMPANY)</norm-company><norm-company-wrap occur-sequence="1,3,6,8,10"><norm-company-name>VTB BANK (OPEN JOINT STOCK COMPANY)</norm-company-name><company-ids><oa-id>4295887248</oa-id><ric norm="VTBR.MEP">VTBR.MEP</ric></company-ids><company-classification><trbc-wrap><trbc type="RCS">B:1615</trbc><trbc type="2012">5510101010</trbc><trbc type="perm-id">4294951386</trbc></trbc-wrap></company-classification><relevancy engine="1C">0.8</relevancy><confidence engine="1C">0.95</confidence></norm-company-wrap><norm-company oa-id="4298015179">VISA INC</norm-company><norm-company-wrap occur-sequence="2,4,5,7,9"><norm-company-name>VISA INC</norm-company-name><company-ids><oa-id>4298015179</oa-id><ric norm="V.N">V.N</ric></company-ids><company-classification><trbc-wrap><trbc type="RCS">B:1219</trbc><trbc type="2012">5220304010</trbc><trbc type="perm-id">4294951782</trbc></trbc-wrap></company-classification><relevancy engine="1C">0.8</relevancy><confidence engine="1C">0.88</confidence></norm-company-wrap><eos/><eop/></extr-company-block></extraction-terms><extraction-terms><extr-person-block><bop/><bos/><extr-person>Yuri Gusev</extr-person><extr-person-wrap><extr-person-name>Yuri Gusev</extr-person-name><relevancy engine="1C">0.2</relevancy></extr-person-wrap><eos/><eop/></extr-person-block></extraction-terms></indexing></document></n-docbody>
</n-document>
<n-document guid="I1fa8f57013f511e582ebdcdf452bb88b"><n-metadata><metadata.block><md.identifiers><md.cites><md.first.line.cite>6/16/15 NEWS 00:00:00</md.first.line.cite><md.second.line.cite>6/16/15 ARKA News Agency 00:00:00</md.second.line.cite></md.cites><md.uuid>I1fa8f57013f511e582ebdcdf452bb88b</md.uuid></md.identifiers><md.infotype>news</md.infotype><md.sortkeys><md.ordersequence>f47363bec</md.ordersequence></md.sortkeys><md.descriptions><md.title>US NAVY WANTS TO BUY YOUR SOFTWARE&apos;S ZERO-DAY VULNERABILITIES</md.title><md.westlawdescrip><md.readlist>READLIST</md.readlist></md.westlawdescrip></md.descriptions><md.dates><md.publisheddatetime>20150616020113</md.publisheddatetime><md.loaddate>20150616</md.loaddate><md.createddatetime>20150616020113</md.createddatetime></md.dates><md.subjects><md.subject><md.pubtype.name/><md.doctype.name>DNR</md.doctype.name><md.doctype.rank/><md.view>CNGE</md.view><md.view>RGEurope</md.view><md.view>PTNewswires</md.view><md.view>ARKANEWS0063786</md.view><md.view>INALLNEWS_ACTEST</md.view><md.view>INFARNEWS_AC</md.view><md.view>MARKETSEIKON_CN</md.view><md.view>MARKETSEIKON</md.view><md.view>CB_ASIAWIRES</md.view><md.view>INWIRES_AC</md.view><md.view>GULF_INTL</md.view><md.view>ININTNEWS_AC</md.view><md.view>ANZ_INTLOS</md.view><md.view>CLEAR_RF</md.view><md.view>INALLNEWS_AC</md.view><md.view>INNEWSINT_PRO</md.view><md.view>INBUSNEWS</md.view><md.view>INNEWSWORLD_PRO</md.view><md.view>INBUSNEWS_AC</md.view></md.subject></md.subjects><md.jurisdictions><md.jurisdiction><md.jurisstate>FE</md.jurisstate></md.jurisdiction></md.jurisdictions><md.publications><md.publication/><md.sourcepubid>ARKANEWS</md.sourcepubid></md.publications><md.royalty><md.royalty.code>84104</md.royalty.code></md.royalty></metadata.block><news.metadata.block><md.text.preview>INFORMATION TECHNOLOGIESYEREVAN, June 16. /ARKA/. There are plenty of software engineers and hackers out there whose job is to search for a software&apos;s security loopholes, flaws, and zero-day vulnerabilities to patch them before they are discovered</md.text.preview></news.metadata.block><newsplus.recommendable>1</newsplus.recommendable><n-view>CNGE</n-view><n-view>RGEurope</n-view><n-view>PTNewswires</n-view><n-view>ARKANEWS0063786</n-view><n-view>INALLNEWS_ACTEST</n-view><n-view>INFARNEWS_AC</n-view><n-view>MARKETSEIKON_CN</n-view><n-view>MARKETSEIKON</n-view><n-view>CB_ASIAWIRES</n-view><n-view>INWIRES_AC</n-view><n-view>GULF_INTL</n-view><n-view>ININTNEWS_AC</n-view><n-view>ANZ_INTLOS</n-view><n-view>CLEAR_RF</n-view><n-view>INALLNEWS_AC</n-view><n-view>INNEWSINT_PRO</n-view><n-view>INBUSNEWS</n-view><n-view>INNEWSWORLD_PRO</n-view><n-view>INBUSNEWS_AC</n-view><prism-stylesheet guid="Ia3024d301b6a11d89fc5f34981d3242f"/><prism-clipdate>20150616020113</prism-clipdate></n-metadata>
<n-docbody><document version="1" collection="D-ARKANEWS-T001" first-load-date="20150616020113" ip-product="ARKANEWS" royalty-id="84104" data-model="text" dtd-version="5.2.29" content-type="news" load-language="en"><supplier-info><supplier-num nitf="doc-id" nitf-regsrc="ARKA News Agency" type="accession">71be00025e3876f7</supplier-num><internal-acc-num db-id="NEPRARKA" type="newz">20150616170.1_V71be00025e3876f7</internal-acc-num><rec-status><last-load-date>20150616020113</last-load-date><nitf-date ne="datereceived">20150616T06:58:42Z</nitf-date><nitf-date nitf="date-issue">20150616T00:00:00Z</nitf-date><last-provider-update>20150616065842</last-provider-update></rec-status><supplier-copyright>Copyright Â© 2015 ARKA<copyright-year/><copyright-holder>ARKA</copyright-holder></supplier-copyright><supplier-note nitf="urgency" nitf-ed-urg="4"/><nitf-meta-content name="recommendable">1</nitf-meta-content><nitf-meta-content name="_newsmlg2-hashtype=nr-htype:doc-group-content-length">813</nitf-meta-content><nitf-meta-content name="_newsmlg2-hashtype=nr-htype:doc-group-fuzzy">98619|91801|84804|27684|103470|107098|21750|17492|111514|326|18307|67681|23548|36416|5065|579|17150|10500|40441|83041|17688|47159|79247|12568|43095|67558|36907|103201|3149|20588|15004|100040|54041|99837|72267|51816|95815|88170|98221|107290|106404|42119|97383|38673|72370|77299|37313|65811|103566|60535|19928|70337|38550|53516|49484|56020|84218|4526|54839|38442|</nitf-meta-content><nitf-meta-content name="_newsmlg2-hashtype=nr-htype:doc-group-simple">-30e59261524fbd0ff4e0a6195dabe6e1af405105</nitf-meta-content><supplier-dtds><dtd dtd-version="working" dtd-date="20150609T00:00:00Z">Canonical Taxonomy</dtd><dtd dtd-version="20150602" dtd-date="20150609T00:00:00Z">Mapping File</dtd></supplier-dtds><copyright-block type="dialog"><service-copyright n-include_guid="Ice671660f30811d88920000083149a14" n-include_collection="D-DIALOGCOPYRIGHTS-T001"/></copyright-block><copyright-block type="west"><service-copyright n-include_guid="I1DA35ED81DD211B281BAD200220BDFCA" n-include_collection="w_wlnv_msg"/></copyright-block><west-citation-block><bop/><first-line-cite><bos/>6/16/15 NEWS 00:00:00<eos/></first-line-cite><second-line-cite><bos/>6/16/15 ARKA News Agency 00:00:00<eos/></second-line-cite><eop/></west-citation-block></supplier-info><title-info iso-language="en"><bop/><title type="headline" nitf-hedline="hl1" key="key-title"><bos/><sort-title><cite.query w-seq-number="00001" w-ref-type="CO" w-normalized-cite="I31BEE0B0570911E089AC8CE04EA54993" ID="I92df6f6013f511e5b5c5c76c64573d7a">US NAVY</cite.query> WANTS TO BUY YOUR SOFTWARE&apos;S ZERO-DAY VULNERABILITIES</sort-title><eos/></title><eop/></title-info><pub-info><journal key="key-journal"><bop/><bos/><sort-journal>ARKA News Agency</sort-journal><eos/><eop/></journal><pub-date key="key-date" iso-time="T00:00:00Z" type="date.publication"><full-pub-date>June 16, 2015</full-pub-date><sort-pub-date>20150616</sort-pub-date><sort-pub-timestamp>20150616000000</sort-pub-timestamp><rank-date>20150616</rank-date><currency-timestamp>20150616000000</currency-timestamp></pub-date><original-pub><language iso-language="en">English</language></original-pub><src-data><src-journal-code>ANPV</src-journal-code><src-pub-code>0063786</src-pub-code><src-pub-type>Newswire</src-pub-type><src-pub-country-wrap><src-pub-country-code>GE</src-pub-country-code><src-pub-country>Georgia CIS</src-pub-country></src-pub-country-wrap><src-pub-region>Europe</src-pub-region></src-data></pub-info><content iso-language="en"><total-char-count>1414</total-char-count><derived-word-count><bop/><bos/>Word Count: 230<eos/><eop/></derived-word-count><text type="lead-para"><p nitf="lede"><bop/><bos/><cite.query w-seq-number="00002" w-ref-type="WC" w-normalized-cite="I76DF065242BE11DDA1BC0014224D2780" ID="I92e8972013f511e5b5c5c76c64573d7a">INFORMATION TECHNOLOGIES</cite.query><eos/><eop/></p><p nitf="lede"><bop/><bos/>YEREVAN, June 16. /ARKA/. <eos/><bos/>There are plenty of software engineers and hackers out there whose job is to search for a software&apos;s security loopholes, flaws, and zero-day vulnerabilities to patch them before they are discovered and exploited by hackers, Ubergizmo.com reports.<eos/><eop/></p></text><text type="body"><p><bop/><bos/>While these flaws could be used by hackers for malicious purposes, it seems that the <cite.query w-seq-number="00003" w-ref-type="CO" w-normalized-cite="I31BEE0B0570911E089AC8CE04EA54993" ID="I92f911e013f511e5b5c5c76c64573d7a">US Navy</cite.query> seems these flaws as a potential way to gather intelligence on their targets. <eos/><bos/>This was discovered by Dave Maass (via <cite.query w-seq-number="00004" w-ref-type="NM" w-normalized-cite="canonical_name::EFF" ID="I92f911e113f511e5b5c5c76c64573d7a">EFF</cite.query>) through a posting made on FedBizOpps, which is a site used by government agencies to post contracts on.<eos/><eop/></p><p><bop/><bos/>According to the posting, it requires that &quot;the vendor shall provide the government with a proposed list of available vulnerabilities, 0-day or N-day (no older than 6 months old).<eos/><bos/> . . .The government will select from the supplied list and direct development of exploit binaries.&quot; <eos/><bos/>It also appears that they are seeking for vulnerabilities in commonly used software from the likes of <cite.query w-seq-number="00005" w-ref-type="MM" w-normalized-cite="canonical_name::MICROSOFT" ID="I9324198013f511e5b5c5c76c64573d7a">Microsoft</cite.query>, <cite.query w-seq-number="00006" w-ref-type="MM" w-normalized-cite="canonical_name::APPLE" ID="I9324198113f511e5b5c5c76c64573d7a">Apple</cite.query>, and <cite.query w-seq-number="00007" w-ref-type="MM" w-normalized-cite="canonical_name::GOOGLE" ID="I9324198213f511e5b5c5c76c64573d7a">Google</cite.query>.<eos/><eop/></p><p><bop/><bos/>Unsurprisingly the posting has since been taken down. <eos/><bos/>While the US government has policies in place for disclosing exploits, the fact that they are looking to purchase said exploits is a bit worrying as developers might be more inclined to sell the information to the US government as opposed to informing the company behind the software who may or may not pay them for their efforts. -0--<eos/><eop/></p></text></content><indexing iso-language="en" value-add="machine-generated"><classification-terms><pres-subject-block><bop/><bos/><pres-subject-wrap><pres-subject>Cybercrime &amp; Viruses</pres-subject><pres-subject-code>ECRIME</pres-subject-code><alt1-subject-code>1CY34</alt1-subject-code></pres-subject-wrap><eos/><eop/></pres-subject-block><pres-industry-block><bop/><bos/><pres-industry-wrap><pres-industry>Internet</pres-industry><pres-industry-code>INTERNET</pres-industry-code><alt1-industry-code>1IN27</alt1-industry-code></pres-industry-wrap><pres-industry-wrap><pres-industry>Internet Security</pres-industry><pres-industry-code>WEBSECUR</pres-industry-code><alt1-industry-code>1IN07</alt1-industry-code></pres-industry-wrap><pres-industry-wrap><pres-industry>Internet Technology</pres-industry><pres-industry-code>INFOHWY</pres-industry-code><alt1-industry-code>1IN39</alt1-industry-code></pres-industry-wrap><pres-industry-wrap><pres-industry>Search Engines</pres-industry><pres-industry-code>WEBSRCH</pres-industry-code><alt1-industry-code>1SE87</alt1-industry-code></pres-industry-wrap><pres-industry-wrap><pres-industry>Security Software</pres-industry><pres-industry-code>SOFSEC</pres-industry-code><alt1-industry-code>1SE53</alt1-industry-code></pres-industry-wrap><eos/><eop/></pres-industry-block></classification-terms><classification-terms><rcs-block><rcs>M:S</rcs><rcs>M:FD</rcs></rcs-block></classification-terms><extraction-terms><extr-company-block><bop/><bos/><norm-company oa-id="4295905573">APPLE INC</norm-company><norm-company-wrap occur-sequence="2"><norm-company-name>APPLE INC</norm-company-name><company-ids><oa-id>4295905573</oa-id><ric norm="AAPL.OQ">AAPL.OQ</ric></company-ids><company-classification><trbc-wrap><trbc type="RCS">B:1758</trbc><trbc type="2012">5710601010</trbc><trbc type="perm-id">4294951243</trbc></trbc-wrap></company-classification><relevancy engine="1C">0.2</relevancy><confidence engine="1C">0.82</confidence></norm-company-wrap><norm-company oa-id="4295899948">GOOGLE INC</norm-company><norm-company-wrap occur-sequence="3"><norm-company-name>GOOGLE INC</norm-company-name><company-ids><oa-id>4295899948</oa-id><ric norm="GOOGL.OQ">GOOGL.OQ</ric></company-ids><company-classification><trbc-wrap><trbc type="RCS">B:1805</trbc><trbc type="2012">5720103011</trbc><trbc type="perm-id">4294951196</trbc></trbc-wrap></company-classification><relevancy engine="1C">0.2</relevancy><confidence engine="1C">0.91</confidence></norm-company-wrap><norm-company oa-id="4295907168">MICROSOFT CORP</norm-company><norm-company-wrap occur-sequence="1"><norm-company-name>MICROSOFT CORP</norm-company-name><company-ids><oa-id>4295907168</oa-id><ric norm="MSFT.OQ">MSFT.OQ</ric></company-ids><company-classification><trbc-wrap><trbc type="RCS">B:1796</trbc><trbc type="2012">5720102010</trbc><trbc type="perm-id">4294951205</trbc></trbc-wrap></company-classification><relevancy engine="1C">0.2</relevancy><confidence engine="1C">0.92</confidence></norm-company-wrap><eos/><eop/></extr-company-block></extraction-terms><extraction-terms><extr-person-block><bop/><bos/><extr-person>Dave Maass</extr-person><extr-person-wrap><extr-person-name>Dave Maass</extr-person-name><relevancy engine="1C">0.2</relevancy></extr-person-wrap><eos/><eop/></extr-person-block></extraction-terms></indexing></document></n-docbody>
</n-document>
<n-document guid="Ide77ac20137e11e59422c9fe0e7ecdeb"><n-metadata><metadata.block><md.identifiers><md.cites><md.first.line.cite>6/15/15 NEWS 00:00:00</md.first.line.cite><md.second.line.cite>6/15/15 ARKA News Agency 00:00:00</md.second.line.cite></md.cites><md.uuid>Ide77ac20137e11e59422c9fe0e7ecdeb</md.uuid></md.identifiers><md.infotype>news</md.infotype><md.sortkeys><md.ordersequence>f47363bec</md.ordersequence></md.sortkeys><md.descriptions><md.title>ACBA-CREDIT AGRICOLE BANK AND VISA ANNOUNCE LAUNCH OF VISA PAYWAVE ISSUANCE AND ACQUIRING PROGRAM IN ARMENIA</md.title><md.westlawdescrip><md.readlist>READLIST</md.readlist></md.westlawdescrip></md.descriptions><md.dates><md.publisheddatetime>20150615152209</md.publisheddatetime><md.loaddate>20150615</md.loaddate><md.createddatetime>20150615152209</md.createddatetime></md.dates><md.subjects><md.subject><md.pubtype.name/><md.doctype.name>DNR</md.doctype.name><md.doctype.rank/><md.view>CNGE</md.view><md.view>RGEurope</md.view><md.view>PTNewswires</md.view><md.view>ARKANEWS0063786</md.view><md.view>INALLNEWS_ACTEST</md.view><md.view>INFARNEWS_AC</md.view><md.view>MARKETSEIKON_CN</md.view><md.view>MARKETSEIKON</md.view><md.view>CB_ASIAWIRES</md.view><md.view>INWIRES_AC</md.view><md.view>GULF_INTL</md.view><md.view>ININTNEWS_AC</md.view><md.view>ANZ_INTLOS</md.view><md.view>CLEAR_RF</md.view><md.view>INALLNEWS_AC</md.view><md.view>INNEWSINT_PRO</md.view><md.view>INBUSNEWS</md.view><md.view>INNEWSWORLD_PRO</md.view><md.view>INBUSNEWS_AC</md.view></md.subject></md.subjects><md.jurisdictions><md.jurisdiction><md.jurisstate>FE</md.jurisstate></md.jurisdiction></md.jurisdictions><md.publications><md.publication/><md.sourcepubid>ARKANEWS</md.sourcepubid></md.publications><md.royalty><md.royalty.code>84104</md.royalty.code></md.royalty></metadata.block><news.metadata.block><md.text.preview>BANKING NEWSYEREVAN, June 15. /ARKA/. ACBA-CREDIT AGRICOLE Bank and Visa have announced the launch of Visa payWave issuance and acquiring program in Armenia.</md.text.preview></news.metadata.block><newsplus.recommendable>1</newsplus.recommendable><n-view>CNGE</n-view><n-view>RGEurope</n-view><n-view>PTNewswires</n-view><n-view>ARKANEWS0063786</n-view><n-view>INALLNEWS_ACTEST</n-view><n-view>INFARNEWS_AC</n-view><n-view>MARKETSEIKON_CN</n-view><n-view>MARKETSEIKON</n-view><n-view>CB_ASIAWIRES</n-view><n-view>INWIRES_AC</n-view><n-view>GULF_INTL</n-view><n-view>ININTNEWS_AC</n-view><n-view>ANZ_INTLOS</n-view><n-view>CLEAR_RF</n-view><n-view>INALLNEWS_AC</n-view><n-view>INNEWSINT_PRO</n-view><n-view>INBUSNEWS</n-view><n-view>INNEWSWORLD_PRO</n-view><n-view>INBUSNEWS_AC</n-view><prism-stylesheet guid="Ia3024d301b6a11d89fc5f34981d3242f"/><prism-clipdate>20150615152209</prism-clipdate></n-metadata>
<n-docbody><document version="1" collection="D-ARKANEWS-T001" first-load-date="20150615152209" ip-product="ARKANEWS" royalty-id="84104" data-model="text" dtd-version="5.2.29" content-type="news" load-language="en"><supplier-info><supplier-num nitf="doc-id" nitf-regsrc="ARKA News Agency" type="accession">f8570015f255a0ce</supplier-num><internal-acc-num db-id="NEPRARKA" type="newz">20150615170.1_Vf8570015f255a0ce</internal-acc-num><rec-status><last-load-date>20150615152209</last-load-date><nitf-date ne="datereceived">20150615T16:52:12Z</nitf-date><nitf-date nitf="date-issue">20150615T00:00:00Z</nitf-date><last-provider-update>20150615165212</last-provider-update></rec-status><supplier-copyright>Copyright Â© 2015 ARKA<copyright-year/><copyright-holder>ARKA</copyright-holder></supplier-copyright><supplier-note nitf="urgency" nitf-ed-urg="4"/><nitf-meta-content name="recommendable">1</nitf-meta-content><nitf-meta-content name="_newsmlg2-hashtype=nr-htype:doc-group-content-length">3019</nitf-meta-content><nitf-meta-content name="_newsmlg2-hashtype=nr-htype:doc-group-fuzzy">32584|3735|84073|98619|28138|54854|58738|88031|57684|64748|42886|57441|41724|108857|33408|92254|31935|103571|96391|39655|8712|49726|69770|9453|98403|35105|4218|91684|66673|5252|59243|37400|92641|57390|11261|13479|86875|80389|107539|94313|7106|34905|49747|26828|67825|88405|40486|84345|51374|51858|24543|63438|95012|86418|9909|82588|4231|91415|68444|5545|</nitf-meta-content><nitf-meta-content name="_newsmlg2-hashtype=nr-htype:doc-group-simple">-6f390a878831618f24a41cecbf389581c03d54fb</nitf-meta-content><supplier-dtds><dtd dtd-version="working" dtd-date="20150609T00:00:00Z">Canonical Taxonomy</dtd><dtd dtd-version="20150602" dtd-date="20150609T00:00:00Z">Mapping File</dtd></supplier-dtds><copyright-block type="dialog"><service-copyright n-include_guid="Ice671660f30811d88920000083149a14" n-include_collection="D-DIALOGCOPYRIGHTS-T001"/></copyright-block><copyright-block type="west"><service-copyright n-include_guid="I1DA35ED81DD211B281BAD200220BDFCA" n-include_collection="w_wlnv_msg"/></copyright-block><west-citation-block><bop/><first-line-cite><bos/>6/15/15 NEWS 00:00:00<eos/></first-line-cite><second-line-cite><bos/>6/15/15 ARKA News Agency 00:00:00<eos/></second-line-cite><eop/></west-citation-block></supplier-info><title-info iso-language="en"><bop/><title type="headline" nitf-hedline="hl1" key="key-title"><bos/><sort-title>ACBA-CREDIT AGRICOLE BANK AND VISA ANNOUNCE LAUNCH OF VISA PAYWAVE ISSUANCE AND ACQUIRING PROGRAM IN ARMENIA</sort-title><eos/></title><eop/></title-info><pub-info><journal key="key-journal"><bop/><bos/><sort-journal>ARKA News Agency</sort-journal><eos/><eop/></journal><pub-date key="key-date" iso-time="T00:00:00Z" type="date.publication"><full-pub-date>June 15, 2015</full-pub-date><sort-pub-date>20150615</sort-pub-date><sort-pub-timestamp>20150615000000</sort-pub-timestamp><rank-date>20150615</rank-date><currency-timestamp>20150615000000</currency-timestamp></pub-date><original-pub><language iso-language="en">English</language></original-pub><src-data><src-journal-code>ANPV</src-journal-code><src-pub-code>0063786</src-pub-code><src-pub-type>Newswire</src-pub-type><src-pub-country-wrap><src-pub-country-code>GE</src-pub-country-code><src-pub-country>Georgia CIS</src-pub-country></src-pub-country-wrap><src-pub-region>Europe</src-pub-region></src-data></pub-info><content iso-language="en"><total-char-count>4519</total-char-count><derived-word-count><bop/><bos/>Word Count: 697<eos/><eop/></derived-word-count><text type="lead-para"><p nitf="lede"><bop/><bos/>BANKING NEWS<eos/><eop/></p><p nitf="lede"><bop/><bos/>YEREVAN, June 15. /ARKA/. <eos/><bos/>ACBA-<cite.query w-seq-number="00001" w-ref-type="NM" w-normalized-cite="canonical_name::CREDIT AGRICOLE BANK" ID="Ia431c820139c11e585cf89a444cf7b54">CREDIT AGRICOLE Bank</cite.query> and <cite.query w-seq-number="00002" w-ref-type="MM" w-normalized-cite="canonical_name::VISA" ID="Ia431c821139c11e585cf89a444cf7b54">Visa</cite.query> have announced the launch of <cite.query w-seq-number="00003" w-ref-type="NM" w-normalized-cite="canonical_name::VISA PAYWAVE" ID="Ia431c822139c11e585cf89a444cf7b54">Visa payWave</cite.query> issuance and acquiring program in Armenia.<eos/><eop/></p></text><text type="body"><p><bop/><bos/>According to teh bank&apos;s press office, ACBA-<cite.query w-seq-number="00004" w-ref-type="NM" w-normalized-cite="canonical_name::CREDIT AGRICOLE BANK" ID="Ia449bcf0139c11e585cf89a444cf7b54">CREDIT AGRICOLE Bank</cite.query> will be offering a range of card products enabled with <cite.query w-seq-number="00005" w-ref-type="MM" w-normalized-cite="canonical_name::VISA" ID="Ia449bcf1139c11e585cf89a444cf7b54">Visa</cite.query> payWave innovative contactless technology - Visa Student, Visa Classic and <cite.query w-seq-number="00006" w-ref-type="NM" w-normalized-cite="canonical_name::VISA GOLD" ID="Ia449bcf2139c11e585cf89a444cf7b54">Visa Gold</cite.query> cards.<eos/><eop/></p><p><bop/><bos/>Visa payWave contactless technology enables customers to pay by just tapping their card against a payment terminal without handing the card to the cashier, which offers even more convenient, secure, easier and faster payment experience to consumers. <eos/><bos/>Besides, no PIN or signature will be required for payments under 10,000 Armenian Drams.<eos/><eop/></p><p><bop/><bos/>&quot;ACBA-<cite.query w-seq-number="00007" w-ref-type="NM" w-normalized-cite="canonical_name::CREDIT AGRICOLE BANK" ID="Ia4673000139c11e585cf89a444cf7b54">CREDIT AGRICOLE Bank</cite.query> installed first contactless POS terminals at Yerevan Mall, a shopping and entertainment center and as of today most of the merchants at Yerevan Mall already accept <cite.query w-seq-number="00008" w-ref-type="NM" w-normalized-cite="canonical_name::VISA PAYWAVE" ID="Ia4673001139c11e585cf89a444cf7b54">Visa payWave</cite.query> cards,&quot; the press release says. &quot;<eos/><bos/>The Bank aims at installing about 150 contactless terminals by end of the year. <eos/><bos/>Merchants that accept contactless payments have the following symbol on their POS terminals, all <cite.query w-seq-number="00009" w-ref-type="NM" w-normalized-cite="canonical_name::VISA PAYWAVE" ID="Ia4673002139c11e585cf89a444cf7b54">Visa payWave</cite.query> cards also have the same symbol.&quot;<eos/><eop/></p><p><bop/><bos/>According to the press release, Visa payWave offers numerous advantages to customers and merchants including speed, convenience and security. <eos/><bos/>Merchants can also benefit from serving customers faster, thus limiting queues and increasing the number of customers.<eos/><eop/></p><p><bop/><bos/>Visa payWave offers numerous advantages to customers and merchants including speed, convenience and security. <eos/><bos/>Merchants can also benefit from serving customers faster, thus limiting queues and increasing the number of customers.<eos/><eop/></p><p><bop/><bos/>To showcase new contactless technology ACBA-<cite.query w-seq-number="00010" w-ref-type="NM" w-normalized-cite="canonical_name::CREDIT AGRICOLE BANK" ID="Ia483dfc0139c11e585cf89a444cf7b54">CREDIT AGRICOLE Bank</cite.query> hosted a launch event at Yerevan Mall and announced a promo campaign for all <cite.query w-seq-number="00011" w-ref-type="NM" w-normalized-cite="canonical_name::VISA PAYWAVE" ID="Ia483dfc1139c11e585cf89a444cf7b54">Visa payWave</cite.query> cardholders: the Bank will offer 50% cashback on the first transaction below 20,000 AMD performed on any Visa payWave card in the period from June 15 to August 31, both domestically or internationally. <eos/><bos/>All existing Visa Student, Visa Classic and <cite.query w-seq-number="00012" w-ref-type="NM" w-normalized-cite="canonical_name::VISA GOLD" ID="Ia483dfc2139c11e585cf89a444cf7b54">Visa Gold</cite.query> cardholders may upgrade to Visa payWave free of charge by June 30, 2015. <eos/><bos/>For details of the campaign please visit www.acba.am<eos/><eop/></p><p><bop/><bos/>&quot;Having issued the first Visa chip card in Armenia back in 2009, today we are proud to introduce <cite.query w-seq-number="00013" w-ref-type="NM" w-normalized-cite="canonical_name::VISA PAYWAVE" ID="Ia49aea30139c11e585cf89a444cf7b54">Visa payWave</cite.query> cards, which mark the next stage in the development of payment technologies,&quot; Hakob Andreasyan, CEO of ACBA-CREDIT AGRICOLE, is quoted in the press release. &quot;<eos/><bos/>In today&apos;s fast developing world innovations are about improving customer experience at first place. <eos/><bos/>With <cite.query w-seq-number="00014" w-ref-type="NM" w-normalized-cite="canonical_name::VISA PAYWAVE" ID="Ia49aea31139c11e585cf89a444cf7b54">Visa payWave</cite.query> launch we aim at reducing the time it takes consumers to pay with their cards, particularly for low value transactions. <eos/><bos/>Today customers are more prepared to use card for medium and large payments, while for small ticket cash still prevails. <eos/><bos/><cite.query w-seq-number="00015" w-ref-type="NM" w-normalized-cite="canonical_name::VISA PAYWAVE" ID="Ia49aea32139c11e585cf89a444cf7b54">Visa payWave</cite.query> is about changing this pattern and making cards preferred payment method.&quot;<eos/><eop/></p><p><bop/><bos/>Irina Kamkhadze, <cite.query w-seq-number="00016" w-ref-type="MM" w-normalized-cite="canonical_name::VISA" ID="Ia4b465a0139c11e585cf89a444cf7b54">Visa</cite.query>&apos;s regional manager for the Caucasus, is quoted in the press release as saying that <cite.query w-seq-number="00017" w-ref-type="MM" w-normalized-cite="canonical_name::VISA" ID="Ia4b465a1139c11e585cf89a444cf7b54">Visa</cite.query> is continually seeking new technological advances to enhance consumers&apos; payment experience and speed up migration to cashless payments.<eos/><eop/></p><p><bop/><bos/>&quot;Our experience shows that Visa payWave could boost cashless payment in the market as this technology offers a new way to pay which is fast, easy and convenient, and consumers tend to pay with <cite.query w-seq-number="00018" w-ref-type="MM" w-normalized-cite="canonical_name::VISA" ID="Ia4c618e0139c11e585cf89a444cf7b54">Visa</cite.query> payWave more often compared to the traditional magstripe or chip cards. <eos/><bos/>We hope that <cite.query w-seq-number="00019" w-ref-type="NM" w-normalized-cite="canonical_name::VISA PAYWAVE" ID="Ia4c618e1139c11e585cf89a444cf7b54">Visa payWave</cite.query> will drive card payments into traditionally cash-based retail environments where speed and convenience are important, such as minimarkets, hypermarkets, petrol stations, fast service restaurants, shopping malls, and taxi&quot;, she said.<eos/><eop/></p><p><bop/><bos/>To launch its first Visa issuing and acquiring program ACBA-<cite.query w-seq-number="00020" w-ref-type="NM" w-normalized-cite="canonical_name::CREDIT AGRICOLE BANK" ID="Ia4de34c0139c11e585cf89a444cf7b54">CREDIT AGRICOLE Bank</cite.query> has partnered with two well-known French companies - <cite.query w-seq-number="00021" w-ref-type="MM" w-normalized-cite="canonical_name::OBERTHUR TECHNOLOGIES" ID="Ia4de34c1139c11e585cf89a444cf7b54">Oberthur Technologies</cite.query> and <cite.query w-seq-number="00022" w-ref-type="WC" w-normalized-cite="IA21587B0F94011E3B841D18160747878" ID="Ia4de34c2139c11e585cf89a444cf7b54">Ingenico</cite.query>.<eos/><eop/></p><p><bop/><bos/>The Bank was founded in 1995 under the framework of the &quot;TACIS&quot; programme of the <cite.query w-seq-number="00023" w-ref-type="MM" w-normalized-cite="canonical_name::EUROPEAN UNION" ID="Ia4f1bcc0139c11e585cf89a444cf7b54">European Union</cite.query>. <eos/><bos/>The model of the French <cite.query w-seq-number="00024" w-ref-type="CO" w-normalized-cite="I7942D5102A4411DF82AF8A780B400E79" ID="Ia4f1bcc1139c11e585cf89a444cf7b54">Credit Agricole</cite.query> bank was selected as the model for creation of the bank. <eos/><bos/>In 2003 the advisory and technical support of <cite.query w-seq-number="00025" w-ref-type="CO" w-normalized-cite="I7942D5102A4411DF82AF8A780B400E79" ID="Ia4f1bcc2139c11e585cf89a444cf7b54">Credit Agricole</cite.query> bank group grew into the partnership cooperation, as a result of which the first leasing company was established in Armenia - &quot;Agba Leasing&quot; credit organization.<eos/><eop/></p><p><bop/><bos/>During the last 10 years the number of branches of ACBA-<cite.query w-seq-number="00026" w-ref-type="NM" w-normalized-cite="canonical_name::CREDIT AGRICOLE BANK" ID="Ia4fdcab0139c11e585cf89a444cf7b54">CREDIT AGRICOLE BANK</cite.query> has been multiplied by more than 6 times; now there are 56 branches. <eos/><bos/>The Bank has 1207 employees, given the fact that back in 1995 there were only 12 employees. <eos/>M.V.----0-----<eop/></p></text></content><indexing iso-language="en" value-add="machine-generated"><classification-terms><pres-location-block><bop/><bos/><pres-location-wrap><pres-location>Armenia</pres-location><pres-location-code>ISOAM</pres-location-code><alt1-location-code>1AR09</alt1-location-code></pres-location-wrap><pres-location-wrap><pres-location>CIS Countries</pres-location><pres-location-code>CISSTAT</pres-location-code><alt1-location-code>1CI64</alt1-location-code></pres-location-wrap><pres-location-wrap><pres-location>Eastern Europe</pres-location><pres-location-code>GEOEEUR</pres-location-code><alt1-location-code>1EA48</alt1-location-code></pres-location-wrap><pres-location-wrap><pres-location>Europe</pres-location><pres-location-code>GEOEUR</pres-location-code><alt1-location-code>1EU83</alt1-location-code></pres-location-wrap><eos/><eop/></pres-location-block></classification-terms><classification-terms><pres-subject-block><bop/><bos/><pres-subject-wrap><pres-subject>CIS</pres-subject><pres-subject-code>GEOCIS</pres-subject-code><alt1-subject-code>1CI65</alt1-subject-code></pres-subject-wrap><pres-subject-wrap><pres-subject>World Organizations</pres-subject><pres-subject-code>GEOORGS</pres-subject-code><alt1-subject-code>1IN77</alt1-subject-code></pres-subject-wrap><eos/><eop/></pres-subject-block><pres-industry-block><bop/><bos/><pres-industry-wrap><pres-industry>Banking</pres-industry><pres-industry-code>BANKOVER</pres-industry-code><alt1-industry-code>1BA20</alt1-industry-code></pres-industry-wrap><pres-industry-wrap><pres-industry>Credit, Debit &amp; Value Cards</pres-industry><pres-industry-code>CCARDS</pres-industry-code><alt1-industry-code>1CR28</alt1-industry-code></pres-industry-wrap><pres-industry-wrap><pres-industry>Debit Cards</pres-industry><pres-industry-code>DEBCARDS</pres-industry-code><alt1-industry-code>1DE11</alt1-industry-code></pres-industry-wrap><pres-industry-wrap><pres-industry>E-Commerce</pres-industry><pres-industry-code>ELECCMRC</pres-industry-code><alt1-industry-code>1EC30</alt1-industry-code></pres-industry-wrap><pres-industry-wrap><pres-industry>Financial Services</pres-industry><pres-industry-code>FINSVC</pres-industry-code><alt1-industry-code>1FI37</alt1-industry-code></pres-industry-wrap><pres-industry-wrap><pres-industry>I.T.</pres-industry><pres-industry-code>ITOVER</pres-industry-code><alt1-industry-code>1IT96</alt1-industry-code></pres-industry-wrap><pres-industry-wrap><pres-industry>I.T. Vertical Markets</pres-industry><pres-industry-code>IAS</pres-industry-code><alt1-industry-code>1IT38</alt1-industry-code></pres-industry-wrap><pres-industry-wrap><pres-industry>I.T. in Consumer Goods</pres-industry><pres-industry-code>CGITOVR</pres-industry-code><alt1-industry-code>1IT87</alt1-industry-code></pres-industry-wrap><pres-industry-wrap><pres-industry>I.T. in Retail</pres-industry><pres-industry-code>AUTOHBA</pres-industry-code><alt1-industry-code>1IT68</alt1-industry-code></pres-industry-wrap><pres-industry-wrap><pres-industry>I.T. in Wholesale, Retail &amp; Distribution</pres-industry><pres-industry-code>WRDITOVR</pres-industry-code><alt1-industry-code>1IT06</alt1-industry-code></pres-industry-wrap><pres-industry-wrap><pres-industry>Internet</pres-industry><pres-industry-code>INTERNET</pres-industry-code><alt1-industry-code>1IN27</alt1-industry-code></pres-industry-wrap><pres-industry-wrap><pres-industry>Mobile Commerce</pres-industry><pres-industry-code>MCMRC</pres-industry-code><alt1-industry-code>1MO62</alt1-industry-code></pres-industry-wrap><pres-industry-wrap><pres-industry>Point-of-Sale Systems</pres-industry><pres-industry-code>POSNEWS</pres-industry-code><alt1-industry-code>1PO74</alt1-industry-code></pres-industry-wrap><pres-industry-wrap><pres-industry>Retail Banking Services</pres-industry><pres-industry-code>RTBNKOVR</pres-industry-code><alt1-industry-code>1RE38</alt1-industry-code></pres-industry-wrap><eos/><eop/></pres-industry-block></classification-terms><classification-terms><rcs-block><rcs>G:B</rcs><rcs>G:A</rcs><rcs>G:B2</rcs><rcs>M:S</rcs><rcs>B:127</rcs><rcs>B:161</rcs><rcs>B:128</rcs><rcs>B:129</rcs><rcs>B:125</rcs><rcs>B:126</rcs><rcs>M:NL</rcs><rcs>G:AJ</rcs><rcs>G:Y</rcs><rcs>G:7I</rcs></rcs-block></classification-terms><extraction-terms><extr-company-block><bop/><bos/><norm-company oa-id="4297575894">ACBA CREDIT AGRICOLE BANK CLOSED JSK</norm-company><norm-company-wrap occur-sequence="1,7,13,18,35,40"><norm-company-name>ACBA CREDIT AGRICOLE BANK CLOSED JSK</norm-company-name><company-ids><oa-id>4297575894</oa-id></company-ids><company-classification><trbc-wrap><trbc type="RCS">B:128</trbc><trbc type="2012">55101010</trbc><trbc type="perm-id">4294952873</trbc></trbc-wrap></company-classification><relevancy engine="1C">0.8</relevancy><confidence engine="1C">0.87</confidence></norm-company-wrap><norm-company oa-id="8589934312">CREDIT AGRICOLE SA</norm-company><norm-company-wrap occur-sequence="4,38,39"><norm-company-name>CREDIT AGRICOLE SA</norm-company-name><company-ids><oa-id>8589934312</oa-id><ric norm="CAGR.PA">CAGR.PA</ric></company-ids><company-classification><trbc-wrap><trbc type="RCS">B:1615</trbc><trbc type="2012">5510101010</trbc><trbc type="perm-id">4294951386</trbc></trbc-wrap></company-classification><relevancy engine="1C">0.8</relevancy><confidence engine="1C">0.97</confidence></norm-company-wrap><norm-company oa-id="4295868249">INGENICO GROUP SA</norm-company><norm-company-wrap occur-sequence="37"><norm-company-name>INGENICO GROUP SA</norm-company-name><company-ids><oa-id>4295868249</oa-id><ric norm="INGC.PA">INGC.PA</ric></company-ids><company-classification><trbc-wrap><trbc type="RCS">B:1758</trbc><trbc type="2012">5710601010</trbc><trbc type="perm-id">4294951243</trbc></trbc-wrap></company-classification><relevancy engine="1C">0.2</relevancy><confidence engine="1C">0.94</confidence></norm-company-wrap><norm-company oa-id="4295867509">OBERTHUR TECHNOLOGIES SA</norm-company><norm-company-wrap occur-sequence="36"><norm-company-name>OBERTHUR TECHNOLOGIES SA</norm-company-name><company-ids><oa-id>4295867509</oa-id></company-ids><company-classification><trbc-wrap><trbc type="RCS">B:1226</trbc><trbc type="2012">5220304017</trbc><trbc type="perm-id">4294951775</trbc></trbc-wrap></company-classification><relevancy engine="1C">0.2</relevancy><confidence engine="1C">0.94</confidence></norm-company-wrap><norm-company oa-id="4296389962">VISA GOLD EXPLORATIONS INC</norm-company><norm-company-wrap occur-sequence="11,23"><norm-company-name>VISA GOLD EXPLORATIONS INC</norm-company-name><company-ids><oa-id>4296389962</oa-id></company-ids><company-classification><trbc-wrap><trbc type="RCS">B:24</trbc><trbc type="2012">51201050</trbc><trbc type="perm-id">4294952977</trbc></trbc-wrap></company-classification><relevancy engine="1C">0.2</relevancy><confidence engine="1C">0.69</confidence></norm-company-wrap><norm-company oa-id="4298015179">VISA INC</norm-company><norm-company-wrap occur-sequence="2,3,5,6,8,9,10,12,14,15,16,17,19,20,21,22,24,25,26,27,28,29,30,31,32,33,34"><norm-company-name>VISA INC</norm-company-name><company-ids><oa-id>4298015179</oa-id><ric norm="V.N">V.N</ric></company-ids><company-classification><trbc-wrap><trbc type="RCS">B:1219</trbc><trbc type="2012">5220304010</trbc><trbc type="perm-id">4294951782</trbc></trbc-wrap></company-classification><relevancy engine="1C">0.8</relevancy><confidence engine="1C">0.99</confidence></norm-company-wrap><eos/><eop/></extr-company-block></extraction-terms><extraction-terms><extr-person-block><bop/><bos/><extr-person>Irina Kamkhadze</extr-person><extr-person-wrap><extr-person-name>Irina Kamkhadze</extr-person-name><relevancy engine="1C">0.2</relevancy></extr-person-wrap><eos/><eop/></extr-person-block></extraction-terms></indexing></document></n-docbody>
</n-document>
<n-document guid="Id03176c00f4911e5b1498320d015d4a6"><n-metadata><metadata.block><md.identifiers><md.cites><md.first.line.cite>6/10/15 NEWS 00:00:00</md.first.line.cite><md.second.line.cite>6/10/15 ARKA News Agency 00:00:00</md.second.line.cite></md.cites><md.uuid>Id03176c00f4911e5b1498320d015d4a6</md.uuid></md.identifiers><md.infotype>news</md.infotype><md.sortkeys><md.ordersequence>f47363bec</md.ordersequence></md.sortkeys><md.descriptions><md.title>GENERAL MOTORS INVESTIGATED FOR WIRE FRAUD</md.title><md.westlawdescrip><md.readlist>READLIST</md.readlist></md.westlawdescrip></md.descriptions><md.dates><md.publisheddatetime>20150610042615</md.publisheddatetime><md.loaddate>20150610</md.loaddate><md.createddatetime>20150610042615</md.createddatetime></md.dates><md.subjects><md.subject><md.pubtype.name/><md.doctype.name>DNR</md.doctype.name><md.doctype.rank/><md.view>CNGE</md.view><md.view>RGEurope</md.view><md.view>PTNewswires</md.view><md.view>ARKANEWS0063786</md.view><md.view>INALLNEWS_ACTEST</md.view><md.view>INFARNEWS_AC</md.view><md.view>MARKETSEIKON_CN</md.view><md.view>MARKETSEIKON</md.view><md.view>CB_ASIAWIRES</md.view><md.view>INWIRES_AC</md.view><md.view>GULF_INTL</md.view><md.view>ININTNEWS_AC</md.view><md.view>ANZ_INTLOS</md.view><md.view>CLEAR_RF</md.view><md.view>INALLNEWS_AC</md.view><md.view>INNEWSINT_PRO</md.view><md.view>INBUSNEWS</md.view><md.view>INNEWSWORLD_PRO</md.view><md.view>INBUSNEWS_AC</md.view></md.subject></md.subjects><md.jurisdictions><md.jurisdiction><md.jurisstate>FE</md.jurisstate></md.jurisdiction></md.jurisdictions><md.publications><md.publication/><md.sourcepubid>ARKANEWS</md.sourcepubid></md.publications><md.royalty><md.royalty.code>84104</md.royalty.code></md.royalty></metadata.block><news.metadata.block><md.text.preview>COMPANIESYEREVAN, June 10. /ARKA/. General Motors may face wire-fraud charges in connection with its failure to fix faulty ignition switches blamed for more than 100 deaths, a report says, according to USA Today.</md.text.preview></news.metadata.block><n-view>CNGE</n-view><n-view>RGEurope</n-view><n-view>PTNewswires</n-view><n-view>ARKANEWS0063786</n-view><n-view>INALLNEWS_ACTEST</n-view><n-view>INFARNEWS_AC</n-view><n-view>MARKETSEIKON_CN</n-view><n-view>MARKETSEIKON</n-view><n-view>CB_ASIAWIRES</n-view><n-view>INWIRES_AC</n-view><n-view>GULF_INTL</n-view><n-view>ININTNEWS_AC</n-view><n-view>ANZ_INTLOS</n-view><n-view>CLEAR_RF</n-view><n-view>INALLNEWS_AC</n-view><n-view>INNEWSINT_PRO</n-view><n-view>INBUSNEWS</n-view><n-view>INNEWSWORLD_PRO</n-view><n-view>INBUSNEWS_AC</n-view><prism-stylesheet guid="Ia3024d301b6a11d89fc5f34981d3242f"/><prism-clipdate>20150610042615</prism-clipdate></n-metadata>
<n-docbody><document version="1" collection="D-ARKANEWS-T001" first-load-date="20150610042615" ip-product="ARKANEWS" royalty-id="84104" data-model="text" dtd-version="5.2.29" content-type="news" load-language="en"><supplier-info><supplier-num nitf="doc-id" nitf-regsrc="ARKA News Agency" type="accession">4c4e00011badda75</supplier-num><internal-acc-num db-id="NEPRARKA" type="newz">20150610170.1_V4c4e00011badda75</internal-acc-num><rec-status><last-load-date>20150610042615</last-load-date><nitf-date ne="datereceived">20150610T08:22:20Z</nitf-date><nitf-date nitf="date-issue">20150610T00:00:00Z</nitf-date><last-provider-update>20150610082220</last-provider-update></rec-status><supplier-copyright>Copyright Â© 2015 ARKA<copyright-year/><copyright-holder>ARKA</copyright-holder></supplier-copyright><supplier-note nitf="urgency" nitf-ed-urg="4"/><supplier-dtds><dtd dtd-version="working" dtd-date="20150609T00:00:00Z">Canonical Taxonomy</dtd><dtd dtd-version="20150602" dtd-date="20150609T00:00:00Z">Mapping File</dtd></supplier-dtds><copyright-block type="dialog"><service-copyright n-include_guid="Ice671660f30811d88920000083149a14" n-include_collection="D-DIALOGCOPYRIGHTS-T001"/></copyright-block><copyright-block type="west"><service-copyright n-include_guid="I1DA35ED81DD211B281BAD200220BDFCA" n-include_collection="w_wlnv_msg"/></copyright-block><west-citation-block><bop/><first-line-cite><bos/>6/10/15 NEWS 00:00:00<eos/></first-line-cite><second-line-cite><bos/>6/10/15 ARKA News Agency 00:00:00<eos/></second-line-cite><eop/></west-citation-block></supplier-info><title-info iso-language="en"><bop/><title type="headline" nitf-hedline="hl1" key="key-title"><bos/><sort-title>GENERAL MOTORS INVESTIGATED FOR WIRE FRAUD</sort-title><eos/></title><eop/></title-info><pub-info><journal key="key-journal"><bop/><bos/><sort-journal>ARKA News Agency</sort-journal><eos/><eop/></journal><pub-date key="key-date" iso-time="T00:00:00Z" type="date.publication"><full-pub-date>June 10, 2015</full-pub-date><sort-pub-date>20150610</sort-pub-date><sort-pub-timestamp>20150610000000</sort-pub-timestamp><rank-date>20150610</rank-date><currency-timestamp>20150610000000</currency-timestamp></pub-date><original-pub><language iso-language="en">English</language></original-pub><src-data><src-journal-code>ANPV</src-journal-code><src-pub-code>0063786</src-pub-code><src-pub-type>Newswire</src-pub-type><src-pub-country-wrap><src-pub-country-code>GE</src-pub-country-code><src-pub-country>Georgia CIS</src-pub-country></src-pub-country-wrap><src-pub-region>Europe</src-pub-region></src-data></pub-info><content iso-language="en"><total-char-count>942</total-char-count><derived-word-count><bop/><bos/>Word Count: 149<eos/><eop/></derived-word-count><text type="lead-para"><p nitf="lede"><bop/>COMPANIES<eop/></p><p nitf="lede"><bop/><bos/>YEREVAN, June 10. /ARKA/. <eos/><bos/><cite.query w-seq-number="00001" w-ref-type="MM" w-normalized-cite="canonical_name::GENERAL MOTORS" ID="Ie1bf3e500f5211e586c5c9edb8cff10b">General Motors</cite.query> may face wire-fraud charges in connection with its failure to fix faulty ignition switches blamed for more than 100 deaths, a report says, according to USA Today.<eos/><eop/></p></text><text type="body"><p><bop/><bos/><cite.query w-seq-number="00002" w-ref-type="WC" w-normalized-cite="I41366180570911E0B507DE267DF909C1" ID="Ie1cbe8800f5211e586c5c9edb8cff10b">U.S. Justice Department</cite.query> attorneys in New York are considering criminal charges against the Detroit-based automaker, according to a <cite.query w-seq-number="00003" w-ref-type="NM" w-normalized-cite="canonical_name::WALL STREET JOURNAL" ID="Ie1cbe8810f5211e586c5c9edb8cff10b">Wall Street Journal</cite.query> report.<eos/><eop/></p><p><bop/><bos/>The <cite.query w-seq-number="00004" w-ref-type="NM" w-normalized-cite="canonical_name::NEW YORK TIMES" ID="Ie1dde9e00f5211e586c5c9edb8cff10b">New York Times</cite.query> previously reported that federal prosecutors had discovered criminal conduct at <cite.query w-seq-number="00005" w-ref-type="MM" w-normalized-cite="canonical_name::GM" ID="Ie1dde9e10f5211e586c5c9edb8cff10b">GM</cite.query> in their investigation.<eos/><eop/></p><p><bop/><bos/>A <cite.query w-seq-number="00006" w-ref-type="MM" w-normalized-cite="canonical_name::GM" ID="Ie1ed53300f5211e586c5c9edb8cff10b">GM</cite.query> spokesman declined to comment. <eos/><bos/>The company has repeatedly said it is cooperating with the <cite.query w-seq-number="00007" w-ref-type="WC" w-normalized-cite="IDDF13C5E45E311DD89820014224D2780" ID="Ie1ed53310f5211e586c5c9edb8cff10b">Justice Department</cite.query> investigation.<eos/><eop/></p><p><bop/><bos/>Bob Hilliard, a Texas attorney representing victims of the <cite.query w-seq-number="00008" w-ref-type="MM" w-normalized-cite="canonical_name::GM" ID="Ie1f7b3700f5211e586c5c9edb8cff10b">GM</cite.query> defect, welcomed the prospect of criminal charges.<eos/><eop/></p><p><bop/><bos/>&quot;Unless and until <cite.query w-seq-number="00009" w-ref-type="MM" w-normalized-cite="canonical_name::GM" ID="Ie20dfa900f5211e586c5c9edb8cff10b">GM</cite.query> employees face jail time, and <cite.query w-seq-number="00010" w-ref-type="MM" w-normalized-cite="canonical_name::GM" ID="Ie20dfa910f5211e586c5c9edb8cff10b">GM</cite.query> faces a loss of all of its profits, there will always be an attitude that &apos;customers are expendable, profits are not,&apos;&quot; Hilliard said in a statement. -0-<eos/><eop/></p></text></content><indexing iso-language="en" value-add="machine-generated"><classification-terms><pres-subject-block><bop/><bos/><pres-subject-wrap><pres-subject>Government Litigation</pres-subject><pres-subject-code>GOVLIT</pres-subject-code><alt1-subject-code>1GO18</alt1-subject-code></pres-subject-wrap><pres-subject-wrap><pres-subject>Legal</pres-subject><pres-subject-code>LAW</pres-subject-code><alt1-subject-code>1LE33</alt1-subject-code></pres-subject-wrap><pres-subject-wrap><pres-subject>Major Corporations</pres-subject><pres-subject-code>MAJCORP</pres-subject-code><alt1-subject-code>1MA93</alt1-subject-code></pres-subject-wrap><eos/><eop/></pres-subject-block><pres-industry-block><bop/><bos/><pres-industry-wrap><pres-industry>Automobiles</pres-industry><pres-industry-code>AUTOMODL</pres-industry-code><alt1-industry-code>1AU45</alt1-industry-code></pres-industry-wrap><pres-industry-wrap><pres-industry>Automotive</pres-industry><pres-industry-code>AUTONEWS</pres-industry-code><alt1-industry-code>1AU29</alt1-industry-code></pres-industry-wrap><pres-industry-wrap><pres-industry>Land Transportation</pres-industry><pres-industry-code>LANDTRAN</pres-industry-code><alt1-industry-code>1LA43</alt1-industry-code></pres-industry-wrap><pres-industry-wrap><pres-industry>Passenger Transportation</pres-industry><pres-industry-code>PASSENGR</pres-industry-code><alt1-industry-code>1PA35</alt1-industry-code></pres-industry-wrap><pres-industry-wrap><pres-industry>Transportation</pres-industry><pres-industry-code>GETRAN</pres-industry-code><alt1-industry-code>1TR48</alt1-industry-code></pres-industry-wrap><eos/><eop/></pres-industry-block></classification-terms><classification-terms><rcs-block><rcs>B:71</rcs><rcs>B:66</rcs><rcs>B:56</rcs><rcs>B:69</rcs><rcs>M:ES</rcs><rcs>B:65</rcs></rcs-block></classification-terms><extraction-terms><extr-company-block><bop/><bos/><norm-company oa-id="4298546138">GENERAL MOTORS CO</norm-company><norm-company-wrap occur-sequence="1,2,3,4,5,6,7"><norm-company-name>GENERAL MOTORS CO</norm-company-name><company-ids><oa-id>4298546138</oa-id><ric norm="GM.N">GM.N</ric></company-ids><company-classification><trbc-wrap><trbc type="RCS">B:1292</trbc><trbc type="2012">5310101010</trbc><trbc type="perm-id">4294951709</trbc></trbc-wrap></company-classification><relevancy engine="1C">0.8</relevancy><confidence engine="1C">0.98</confidence></norm-company-wrap><eos/><eop/></extr-company-block></extraction-terms><extraction-terms><extr-person-block><bop/><bos/><extr-person>Bob Hilliard</extr-person><extr-person-wrap><extr-person-name>Bob Hilliard</extr-person-name><relevancy engine="1C">0.2</relevancy></extr-person-wrap><eos/><eop/></extr-person-block></extraction-terms></indexing></document></n-docbody>
</n-document>
<n-document guid="I3e4c58600f7111e59ee19ad0534f96e4"><n-metadata><metadata.block><md.identifiers><md.cites><md.first.line.cite>6/10/15 NEWS 00:00:00</md.first.line.cite><md.second.line.cite>6/10/15 ARKA News Agency 00:00:00</md.second.line.cite></md.cites><md.uuid>I3e4c58600f7111e59ee19ad0534f96e4</md.uuid></md.identifiers><md.infotype>news</md.infotype><md.sortkeys><md.ordersequence>f47363bec</md.ordersequence></md.sortkeys><md.descriptions><md.title>ECOMMERCE TO DOUBLE IN SIZE BY 2018, STUDY SAYS</md.title><md.westlawdescrip><md.readlist>READLIST</md.readlist></md.westlawdescrip></md.descriptions><md.dates><md.publisheddatetime>20150610090709</md.publisheddatetime><md.loaddate>20150610</md.loaddate><md.createddatetime>20150610090709</md.createddatetime></md.dates><md.subjects><md.subject><md.pubtype.name/><md.doctype.name>DNR</md.doctype.name><md.doctype.rank/><md.view>CNGE</md.view><md.view>RGEurope</md.view><md.view>PTNewswires</md.view><md.view>ARKANEWS0063786</md.view><md.view>INALLNEWS_ACTEST</md.view><md.view>INFARNEWS_AC</md.view><md.view>MARKETSEIKON_CN</md.view><md.view>MARKETSEIKON</md.view><md.view>CB_ASIAWIRES</md.view><md.view>INWIRES_AC</md.view><md.view>GULF_INTL</md.view><md.view>ININTNEWS_AC</md.view><md.view>ANZ_INTLOS</md.view><md.view>CLEAR_RF</md.view><md.view>INALLNEWS_AC</md.view><md.view>INNEWSINT_PRO</md.view><md.view>INBUSNEWS</md.view><md.view>INNEWSWORLD_PRO</md.view><md.view>INBUSNEWS_AC</md.view></md.subject></md.subjects><md.jurisdictions><md.jurisdiction><md.jurisstate>FE</md.jurisstate></md.jurisdiction></md.jurisdictions><md.publications><md.publication/><md.sourcepubid>ARKANEWS</md.sourcepubid></md.publications><md.royalty><md.royalty.code>84104</md.royalty.code></md.royalty></metadata.block><news.metadata.block><md.text.preview>INFORMATION TECHNOLOGIESYEREVAN, June 10. / ARKA /. A new study released by PayPal, Google and OC&amp;amp;C Strategy Consultants found that the world&apos;s largest eCommerce markets - the U.K., U.S., China and Germany - can expect to double in size by 2018</md.text.preview></news.metadata.block><newsplus.recommendable>1</newsplus.recommendable><n-view>CNGE</n-view><n-view>RGEurope</n-view><n-view>PTNewswires</n-view><n-view>ARKANEWS0063786</n-view><n-view>INALLNEWS_ACTEST</n-view><n-view>INFARNEWS_AC</n-view><n-view>MARKETSEIKON_CN</n-view><n-view>MARKETSEIKON</n-view><n-view>CB_ASIAWIRES</n-view><n-view>INWIRES_AC</n-view><n-view>GULF_INTL</n-view><n-view>ININTNEWS_AC</n-view><n-view>ANZ_INTLOS</n-view><n-view>CLEAR_RF</n-view><n-view>INALLNEWS_AC</n-view><n-view>INNEWSINT_PRO</n-view><n-view>INBUSNEWS</n-view><n-view>INNEWSWORLD_PRO</n-view><n-view>INBUSNEWS_AC</n-view><prism-stylesheet guid="Ia3024d301b6a11d89fc5f34981d3242f"/><prism-clipdate>20150610090709</prism-clipdate></n-metadata>
<n-docbody><document version="1" collection="D-ARKANEWS-T001" first-load-date="20150610090709" ip-product="ARKANEWS" royalty-id="84104" data-model="text" dtd-version="5.2.29" content-type="news" load-language="en"><supplier-info><supplier-num nitf="doc-id" nitf-regsrc="ARKA News Agency" type="accession">bfd6000192c5bc20</supplier-num><internal-acc-num db-id="NEPRARKA" type="newz">20150610170.1_Vbfd6000192c5bc20</internal-acc-num><rec-status><last-load-date>20150610090709</last-load-date><nitf-date ne="datereceived">20150610T13:04:35Z</nitf-date><nitf-date nitf="date-issue">20150610T00:00:00Z</nitf-date><last-provider-update>20150610130435</last-provider-update></rec-status><supplier-copyright>Copyright Â© 2015 ARKA<copyright-year/><copyright-holder>ARKA</copyright-holder></supplier-copyright><supplier-note nitf="urgency" nitf-ed-urg="4"/><nitf-meta-content name="recommendable">1</nitf-meta-content><supplier-dtds><dtd dtd-version="working" dtd-date="20150609T00:00:00Z">Canonical Taxonomy</dtd><dtd dtd-version="20150602" dtd-date="20150609T00:00:00Z">Mapping File</dtd></supplier-dtds><copyright-block type="dialog"><service-copyright n-include_guid="Ice671660f30811d88920000083149a14" n-include_collection="D-DIALOGCOPYRIGHTS-T001"/></copyright-block><copyright-block type="west"><service-copyright n-include_guid="I1DA35ED81DD211B281BAD200220BDFCA" n-include_collection="w_wlnv_msg"/></copyright-block><west-citation-block><bop/><first-line-cite><bos/>6/10/15 NEWS 00:00:00<eos/></first-line-cite><second-line-cite><bos/>6/10/15 ARKA News Agency 00:00:00<eos/></second-line-cite><eop/></west-citation-block></supplier-info><title-info iso-language="en"><bop/><title type="headline" nitf-hedline="hl1" key="key-title"><bos/><sort-title><cite.query w-seq-number="00001" w-ref-type="MM" w-normalized-cite="canonical_name::ECOMMERCE" ID="I0ab26b800f7a11e59f12e9013a3bb6ee">ECOMMERCE</cite.query> TO DOUBLE IN SIZE BY 2018, STUDY SAYS</sort-title><eos/></title><eop/></title-info><pub-info><journal key="key-journal"><bop/><bos/><sort-journal>ARKA News Agency</sort-journal><eos/><eop/></journal><pub-date key="key-date" iso-time="T00:00:00Z" type="date.publication"><full-pub-date>June 10, 2015</full-pub-date><sort-pub-date>20150610</sort-pub-date><sort-pub-timestamp>20150610000000</sort-pub-timestamp><rank-date>20150610</rank-date><currency-timestamp>20150610000000</currency-timestamp></pub-date><original-pub><language iso-language="en">English</language></original-pub><src-data><src-journal-code>ANPV</src-journal-code><src-pub-code>0063786</src-pub-code><src-pub-type>Newswire</src-pub-type><src-pub-country-wrap><src-pub-country-code>GE</src-pub-country-code><src-pub-country>Georgia CIS</src-pub-country></src-pub-country-wrap><src-pub-region>Europe</src-pub-region></src-data></pub-info><content iso-language="en"><total-char-count>1140</total-char-count><derived-word-count><bop/><bos/>Word Count: 177<eos/><eop/></derived-word-count><text type="lead-para"><p nitf="lede"><bop/><bos/><cite.query w-seq-number="00002" w-ref-type="WC" w-normalized-cite="I76DF065242BE11DDA1BC0014224D2780" ID="I0abc2f800f7a11e59f12e9013a3bb6ee">INFORMATION TECHNOLOGIES</cite.query><eos/><eop/></p><p nitf="lede"><bop/><bos/>YEREVAN, June 10. / ARKA /. A new study released by <cite.query w-seq-number="00003" w-ref-type="MM" w-normalized-cite="canonical_name::PAYPAL" ID="I0ae95a000f7a11e59f12e9013a3bb6ee">PayPal</cite.query>, <cite.query w-seq-number="00004" w-ref-type="MM" w-normalized-cite="canonical_name::GOOGLE" ID="I0ae95a010f7a11e59f12e9013a3bb6ee">Google</cite.query> and OC&amp;amp;<cite.query w-seq-number="00005" w-ref-type="NM" w-normalized-cite="canonical_name::C STRATEGY CONSULTANTS" ID="I0ae95a020f7a11e59f12e9013a3bb6ee">C Strategy Consultants</cite.query> found that the world&apos;s largest <cite.query w-seq-number="00006" w-ref-type="MM" w-normalized-cite="canonical_name::ECOMMERCE" ID="I0ae95a030f7a11e59f12e9013a3bb6ee">eCommerce</cite.query> markets - the U.K., U.S., China and Germany - can expect to double in size by 2018.<eos/><eop/></p></text><text type="body"><p><bop/><bos/>The search and transactions data and online shopping habits of consumers within the four countries was analyzed to predict the scale of these major online markets rising to $992 million, <cite.query w-seq-number="00007" w-ref-type="MM" w-normalized-cite="canonical_name::FORBES" ID="I0af42f700f7a11e59f12e9013a3bb6ee">Forbes</cite.query> reported June 8. The study emphasized the importance of mobile growth and use in determining how and when global consumers spend.<eos/><eop/></p><p><bop/><bos/>The &quot;Cracking the World&apos;s Largest <cite.query w-seq-number="00008" w-ref-type="NM" w-normalized-cite="canonical_name::ECOMMERCE MARKETS" ID="I0b0baf100f7a11e59f12e9013a3bb6ee">eCommerce Markets</cite.query>&quot; report projected a huge earning potential for U.K. online retailers due to Britain being identified as the most prevalent online overseas destination for German shoppers, and the second-most popular for shoppers in China and the U.S.<eos/><eop/></p><p><bop/><bos/>The research also highlights the biggest challenges facing global online retailers and the significance of understanding consumer concerns. <eos/><bos/>Data security, ease of returners and having trust in an eRetailer are of the upmost importance to online overseas shoppers, the study said.-0-<eos/><eop/></p></text></content><indexing iso-language="en" value-add="machine-generated"><classification-terms><pres-industry-block><bop/><bos/><pres-industry-wrap><pres-industry>Bricks to Clicks</pres-industry><pres-industry-code>BRIKCLIK</pres-industry-code><alt1-industry-code>1BR78</alt1-industry-code></pres-industry-wrap><pres-industry-wrap><pres-industry>E-Commerce</pres-industry><pres-industry-code>ELECCMRC</pres-industry-code><alt1-industry-code>1EC30</alt1-industry-code></pres-industry-wrap><pres-industry-wrap><pres-industry>Internet</pres-industry><pres-industry-code>INTERNET</pres-industry-code><alt1-industry-code>1IN27</alt1-industry-code></pres-industry-wrap><pres-industry-wrap><pres-industry>Retail</pres-industry><pres-industry-code>RETAIL</pres-industry-code><alt1-industry-code>1RE82</alt1-industry-code></pres-industry-wrap><eos/><eop/></pres-industry-block></classification-terms><classification-terms><rcs-block><rcs>M:S</rcs><rcs>M:1NN</rcs></rcs-block></classification-terms><extraction-terms><extr-company-block><bop/><bos/><norm-company oa-id="4295899948">GOOGLE INC</norm-company><norm-company-wrap occur-sequence="2"><norm-company-name>GOOGLE INC</norm-company-name><company-ids><oa-id>4295899948</oa-id><ric norm="GOOGL.OQ">GOOGL.OQ</ric></company-ids><company-classification><trbc-wrap><trbc type="RCS">B:1805</trbc><trbc type="2012">5720103011</trbc><trbc type="perm-id">4294951196</trbc></trbc-wrap></company-classification><relevancy engine="1C">0.2</relevancy><confidence engine="1C">0.91</confidence></norm-company-wrap><norm-company oa-id="4295902034">PAYPAL INC</norm-company><norm-company-wrap occur-sequence="1"><norm-company-name>PAYPAL INC</norm-company-name><company-ids><oa-id>4295902034</oa-id></company-ids><company-classification><trbc-wrap><trbc type="RCS">B:1236</trbc><trbc type="2012">5220304027</trbc><trbc type="perm-id">4294951765</trbc></trbc-wrap></company-classification><relevancy engine="1C">0.2</relevancy><confidence engine="1C">0.84</confidence></norm-company-wrap><eos/><eop/></extr-company-block></extraction-terms></indexing></document></n-docbody>
</n-document>
<n-document guid="I94472e700e9f11e5aeafaf77c360eab0"><n-metadata><metadata.block><md.identifiers><md.cites><md.first.line.cite>6/9/15 NEWS 00:00:00</md.first.line.cite><md.second.line.cite>6/9/15 ARKA News Agency 00:00:00</md.second.line.cite></md.cites><md.uuid>I94472e700e9f11e5aeafaf77c360eab0</md.uuid></md.identifiers><md.infotype>news</md.infotype><md.sortkeys><md.ordersequence>f47363bec</md.ordersequence></md.sortkeys><md.descriptions><md.title>ARMENIAN SHADOWMATIC MOBILE GAME WINS APPLE DESIGN AWARDS</md.title><md.westlawdescrip><md.readlist>READLIST</md.readlist></md.westlawdescrip></md.descriptions><md.dates><md.publisheddatetime>20150609072711</md.publisheddatetime><md.loaddate>20150609</md.loaddate><md.createddatetime>20150609072711</md.createddatetime></md.dates><md.subjects><md.subject><md.pubtype.name/><md.doctype.name>DNR</md.doctype.name><md.doctype.rank/><md.view>CNGE</md.view><md.view>RGEurope</md.view><md.view>PTNewswires</md.view><md.view>ARKANEWS0063786</md.view><md.view>INALLNEWS_ACTEST</md.view><md.view>INFARNEWS_AC</md.view><md.view>MARKETSEIKON_CN</md.view><md.view>MARKETSEIKON</md.view><md.view>CB_ASIAWIRES</md.view><md.view>INWIRES_AC</md.view><md.view>GULF_INTL</md.view><md.view>ININTNEWS_AC</md.view><md.view>ANZ_INTLOS</md.view><md.view>CLEAR_RF</md.view><md.view>INALLNEWS_AC</md.view><md.view>INNEWSINT_PRO</md.view><md.view>INBUSNEWS</md.view><md.view>INNEWSWORLD_PRO</md.view><md.view>INBUSNEWS_AC</md.view></md.subject></md.subjects><md.jurisdictions><md.jurisdiction><md.jurisstate>FE</md.jurisstate></md.jurisdiction></md.jurisdictions><md.publications><md.publication/><md.sourcepubid>ARKANEWS</md.sourcepubid></md.publications><md.royalty><md.royalty.code>84104</md.royalty.code></md.royalty></metadata.block><news.metadata.block><md.text.preview>INFORMATION TECHNOLOGIESYEREVAN, June 9. /ARKA/. Armenian Shadowmatic mobile game received the prestigious Apple Design Awards, technical director and developer at Triada Studio Bagrat Dabaghyan told ARKA.</md.text.preview></news.metadata.block><newsplus.recommendable>1</newsplus.recommendable><n-view>CNGE</n-view><n-view>RGEurope</n-view><n-view>PTNewswires</n-view><n-view>ARKANEWS0063786</n-view><n-view>INALLNEWS_ACTEST</n-view><n-view>INFARNEWS_AC</n-view><n-view>MARKETSEIKON_CN</n-view><n-view>MARKETSEIKON</n-view><n-view>CB_ASIAWIRES</n-view><n-view>INWIRES_AC</n-view><n-view>GULF_INTL</n-view><n-view>ININTNEWS_AC</n-view><n-view>ANZ_INTLOS</n-view><n-view>CLEAR_RF</n-view><n-view>INALLNEWS_AC</n-view><n-view>INNEWSINT_PRO</n-view><n-view>INBUSNEWS</n-view><n-view>INNEWSWORLD_PRO</n-view><n-view>INBUSNEWS_AC</n-view><prism-stylesheet guid="Ia3024d301b6a11d89fc5f34981d3242f"/><prism-clipdate>20150609072711</prism-clipdate></n-metadata>
<n-docbody><document version="1" collection="D-ARKANEWS-T001" first-load-date="20150609072711" ip-product="ARKANEWS" royalty-id="84104" data-model="text" dtd-version="5.2.29" content-type="news" load-language="en"><supplier-info><supplier-num nitf="doc-id" nitf-regsrc="ARKA News Agency" type="accession">9e2500022af8396f</supplier-num><internal-acc-num db-id="NEPRARKA" type="newz">20150609170.1_V9e2500022af8396f</internal-acc-num><rec-status><last-load-date>20150609072711</last-load-date><nitf-date ne="datereceived">20150609T12:03:45Z</nitf-date><nitf-date nitf="date-issue">20150609T00:00:00Z</nitf-date><last-provider-update>20150609120345</last-provider-update></rec-status><supplier-copyright>Copyright Â© 2015 ARKA<copyright-year/><copyright-holder>ARKA</copyright-holder></supplier-copyright><supplier-note nitf="urgency" nitf-ed-urg="4"/><nitf-meta-content name="recommendable">1</nitf-meta-content><supplier-dtds><dtd dtd-version="working" dtd-date="20150512T00:00:00Z">Canonical Taxonomy</dtd><dtd dtd-version="20150505" dtd-date="20150512T00:00:00Z">Mapping File</dtd></supplier-dtds><copyright-block type="dialog"><service-copyright n-include_guid="Ice671660f30811d88920000083149a14" n-include_collection="D-DIALOGCOPYRIGHTS-T001"/></copyright-block><copyright-block type="west"><service-copyright n-include_guid="I1DA35ED81DD211B281BAD200220BDFCA" n-include_collection="w_wlnv_msg"/></copyright-block><west-citation-block><bop/><first-line-cite><bos/>6/9/15 NEWS 00:00:00<eos/></first-line-cite><second-line-cite><bos/>6/9/15 ARKA News Agency 00:00:00<eos/></second-line-cite><eop/></west-citation-block></supplier-info><title-info iso-language="en"><bop/><title type="headline" nitf-hedline="hl1" key="key-title"><bos/><sort-title>ARMENIAN SHADOWMATIC MOBILE GAME WINS APPLE DESIGN AWARDS</sort-title><eos/></title><eop/></title-info><pub-info><journal key="key-journal"><bop/><bos/><sort-journal>ARKA News Agency</sort-journal><eos/><eop/></journal><pub-date key="key-date" iso-time="T00:00:00Z" type="date.publication"><full-pub-date>June 9, 2015</full-pub-date><sort-pub-date>20150609</sort-pub-date><sort-pub-timestamp>20150609000000</sort-pub-timestamp><rank-date>20150609</rank-date><currency-timestamp>20150609000000</currency-timestamp></pub-date><original-pub><language iso-language="en">English</language></original-pub><src-data><src-journal-code>ANPV</src-journal-code><src-pub-code>0063786</src-pub-code><src-pub-type>Newswire</src-pub-type><src-pub-country-wrap><src-pub-country-code>GE</src-pub-country-code><src-pub-country>Georgia CIS</src-pub-country></src-pub-country-wrap><src-pub-region>Europe</src-pub-region></src-data></pub-info><content iso-language="en"><total-char-count>1358</total-char-count><derived-word-count><bop/><bos/>Word Count: 206<eos/><eop/></derived-word-count><text type="lead-para"><p nitf="lede"><bop/><bos/><cite.query w-seq-number="00001" w-ref-type="WC" w-normalized-cite="I76DF065242BE11DDA1BC0014224D2780" ID="I025aee800ea311e587a3d85dc862752b">INFORMATION TECHNOLOGIES</cite.query><eos/><eop/></p><p nitf="lede"><bop/><bos/>YEREVAN, June 9. /ARKA/. <eos/><bos/>Armenian Shadowmatic mobile game received the prestigious <cite.query w-seq-number="00002" w-ref-type="NM" w-normalized-cite="canonical_name::APPLE DESIGN AWARDS" ID="I027ddfd00ea311e587a3d85dc862752b">Apple Design Awards</cite.query>, technical director and developer at <cite.query w-seq-number="00003" w-ref-type="NM" w-normalized-cite="canonical_name::TRIADA STUDIO BAGRAT DABAGHYAN" ID="I027ddfd10ea311e587a3d85dc862752b">Triada Studio Bagrat Dabaghyan</cite.query> told <cite.query w-seq-number="00004" w-ref-type="NM" w-normalized-cite="canonical_name::ARKA" ID="I027ddfd20ea311e587a3d85dc862752b">ARKA</cite.query>.<eos/><eop/></p></text><text type="body"><p><bop/><bos/>The award was handed to Triada Studio at the <cite.query w-seq-number="00005" w-ref-type="MM" w-normalized-cite="canonical_name::APPLE" ID="I028840100ea311e587a3d85dc862752b">Apple</cite.query> Worldwide Developers Conference (WWDC) 2015 taking place in San Francisco on June 8-12.<eos/><eop/></p><p><bop/><bos/>Apple Design Awards (ADA) is a special event hosted by <cite.query w-seq-number="00006" w-ref-type="CO" w-normalized-cite="I49C9F2E441E911DDAD6B0014224D2780" ID="I029538600ea311e587a3d85dc862752b">Apple Inc.</cite.query> at its annual Worldwide Developers Conference. <eos/><bos/>The event is meant to recognize the best and most innovative Macintosh and iOS software and hardware produced by independent developers, as well as the best and most creative uses of <cite.query w-seq-number="00007" w-ref-type="MM" w-normalized-cite="canonical_name::APPLE" ID="I029538610ea311e587a3d85dc862752b">Apple</cite.query>&apos;s products.<eos/><eop/></p><p><bop/><bos/>Shadowmatic won the <cite.query w-seq-number="00008" w-ref-type="MM" w-normalized-cite="canonical_name::ADA" ID="I02a083000ea311e587a3d85dc862752b">ADA</cite.query> award in &quot;Design and comfort/mobile application&quot; nomination. <eos/><bos/>Earlier, the game was recognized the best at ArmNet Awards 2015. <eos/><bos/>The bestselling game was launched in mid-January 2015, after the developers worked on it for about three years. <eos/><bos/>The app is available in 14 languages, including Armenian. <eos/><bos/>A ne Arcade Mode and children&apos;s level were added to the application on Child protection Day.<eos/><eop/></p><p><bop/><bos/>Shadowmatic is an imagination-firing puzzle where users rotate abstract objects in three dimensions and use their shadows to create recognizable silhouettes on the wall. <eos/><bos/>The game progresses through different rooms, which are all designed to look relevant to the hidden silhouette. <eos/><bos/>N.V. -0--<eos/><eop/></p></text></content><indexing iso-language="en" value-add="machine-generated"><classification-terms><pres-location-block><bop/><bos/><pres-location-wrap><pres-location>Armenia</pres-location><pres-location-code>ISOAM</pres-location-code><alt1-location-code>1AR09</alt1-location-code></pres-location-wrap><pres-location-wrap><pres-location>CIS Countries</pres-location><pres-location-code>CISSTAT</pres-location-code><alt1-location-code>1CI64</alt1-location-code></pres-location-wrap><pres-location-wrap><pres-location>Eastern Europe</pres-location><pres-location-code>GEOEEUR</pres-location-code><alt1-location-code>1EA48</alt1-location-code></pres-location-wrap><pres-location-wrap><pres-location>Europe</pres-location><pres-location-code>GEOEUR</pres-location-code><alt1-location-code>1EU83</alt1-location-code></pres-location-wrap><eos/><eop/></pres-location-block></classification-terms><classification-terms><pres-subject-block><bop/><bos/><pres-subject-wrap><pres-subject>Major Corporations</pres-subject><pres-subject-code>MAJCORP</pres-subject-code><alt1-subject-code>1MA93</alt1-subject-code></pres-subject-wrap><eos/><eop/></pres-subject-block><pres-industry-block><bop/><bos/><pres-industry-wrap><pres-industry>Computer Equipment</pres-industry><pres-industry-code>CPTROVER</pres-industry-code><alt1-industry-code>1CO77</alt1-industry-code></pres-industry-wrap><pres-industry-wrap><pres-industry>I.T.</pres-industry><pres-industry-code>ITOVER</pres-industry-code><alt1-industry-code>1IT96</alt1-industry-code></pres-industry-wrap><pres-industry-wrap><pres-industry>PC O/S Platforms</pres-industry><pres-industry-code>PCOSPL</pres-industry-code><alt1-industry-code>1PC73</alt1-industry-code></pres-industry-wrap><pres-industry-wrap><pres-industry>Software</pres-industry><pres-industry-code>SOFOVER1</pres-industry-code><alt1-industry-code>1SO30</alt1-industry-code></pres-industry-wrap><pres-industry-wrap><pres-industry>Software O/S Platforms</pres-industry><pres-industry-code>SOFDOPS1</pres-industry-code><alt1-industry-code>1SO68</alt1-industry-code></pres-industry-wrap><pres-industry-wrap><pres-industry>Software Products</pres-industry><pres-industry-code>SOFTPROD</pres-industry-code><alt1-industry-code>1SO56</alt1-industry-code></pres-industry-wrap><eos/><eop/></pres-industry-block></classification-terms><classification-terms><rcs-block><rcs>G:B</rcs><rcs>G:A</rcs><rcs>G:B2</rcs><rcs>B:162</rcs><rcs>B:161</rcs><rcs>B:174</rcs><rcs>M:NL</rcs><rcs>G:AJ</rcs><rcs>B:172</rcs><rcs>G:Y</rcs><rcs>B:169</rcs><rcs>G:7I</rcs></rcs-block></classification-terms><extraction-terms><extr-company-block><bop/><bos/><norm-company oa-id="4295905573">APPLE INC</norm-company><norm-company-wrap occur-sequence="1,2,3,4,5,6"><norm-company-name>APPLE INC</norm-company-name><company-ids><oa-id>4295905573</oa-id><ric norm="AAPL.OQ">AAPL.OQ</ric></company-ids><company-classification><trbc-wrap><trbc type="RCS">B:1758</trbc><trbc type="2012">5710601010</trbc><trbc type="perm-id">4294951243</trbc></trbc-wrap></company-classification><relevancy engine="1C">0.8</relevancy><confidence engine="1C">0.99</confidence></norm-company-wrap><eos/><eop/></extr-company-block></extraction-terms><extraction-terms><extr-person-block><bop/><bos/><extr-person>Bagrat Dabaghyan</extr-person><extr-person-wrap><extr-person-name>Bagrat Dabaghyan</extr-person-name><relevancy engine="1C">0.2</relevancy></extr-person-wrap><eos/><eop/></extr-person-block></extraction-terms></indexing></document></n-docbody>
</n-document>
<n-document guid="I75d34c200b7111e591979711d1f9c510"><n-metadata><metadata.block><md.identifiers><md.cites><md.first.line.cite>6/5/15 NEWS 00:00:00</md.first.line.cite><md.second.line.cite>6/5/15 ARKA News Agency 00:00:00</md.second.line.cite></md.cites><md.uuid>I75d34c200b7111e591979711d1f9c510</md.uuid></md.identifiers><md.infotype>news</md.infotype><md.sortkeys><md.ordersequence>f47363bec</md.ordersequence></md.sortkeys><md.descriptions><md.title>COPPER FACING 3RD WEEKLY LOSS AS DEMAND SET TO EBB</md.title><md.westlawdescrip><md.readlist>READLIST</md.readlist></md.westlawdescrip></md.descriptions><md.dates><md.publisheddatetime>20150605060011</md.publisheddatetime><md.loaddate>20150605</md.loaddate><md.createddatetime>20150605060011</md.createddatetime></md.dates><md.subjects><md.subject><md.pubtype.name/><md.doctype.name>DNR</md.doctype.name><md.doctype.rank/><md.view>CNGE</md.view><md.view>RGEurope</md.view><md.view>PTNewswires</md.view><md.view>ARKANEWS0063786</md.view><md.view>INALLNEWS_ACTEST</md.view><md.view>INFARNEWS_AC</md.view><md.view>MARKETSEIKON_CN</md.view><md.view>MARKETSEIKON</md.view><md.view>CB_ASIAWIRES</md.view><md.view>INWIRES_AC</md.view><md.view>GULF_INTL</md.view><md.view>ININTNEWS_AC</md.view><md.view>ANZ_INTLOS</md.view><md.view>CLEAR_RF</md.view><md.view>INALLNEWS_AC</md.view><md.view>INNEWSINT_PRO</md.view><md.view>INBUSNEWS</md.view><md.view>INNEWSWORLD_PRO</md.view><md.view>INBUSNEWS_AC</md.view></md.subject></md.subjects><md.jurisdictions><md.jurisdiction><md.jurisstate>FE</md.jurisstate></md.jurisdiction></md.jurisdictions><md.publications><md.publication/><md.sourcepubid>ARKANEWS</md.sourcepubid></md.publications><md.royalty><md.royalty.code>84104</md.royalty.code></md.royalty></metadata.block><news.metadata.block><md.text.preview>ECONOMYYEREVAN, June 5. /ARKA/. London copper was set to rack up its third weekly loss in a row on Friday on expectations of a summer slowdown, Hindu Business Line reports referring to Reuters.</md.text.preview></news.metadata.block><n-view>CNGE</n-view><n-view>RGEurope</n-view><n-view>PTNewswires</n-view><n-view>ARKANEWS0063786</n-view><n-view>INALLNEWS_ACTEST</n-view><n-view>INFARNEWS_AC</n-view><n-view>MARKETSEIKON_CN</n-view><n-view>MARKETSEIKON</n-view><n-view>CB_ASIAWIRES</n-view><n-view>INWIRES_AC</n-view><n-view>GULF_INTL</n-view><n-view>ININTNEWS_AC</n-view><n-view>ANZ_INTLOS</n-view><n-view>CLEAR_RF</n-view><n-view>INALLNEWS_AC</n-view><n-view>INNEWSINT_PRO</n-view><n-view>INBUSNEWS</n-view><n-view>INNEWSWORLD_PRO</n-view><n-view>INBUSNEWS_AC</n-view><prism-stylesheet guid="Ia3024d301b6a11d89fc5f34981d3242f"/><prism-clipdate>20150605060011</prism-clipdate></n-metadata>
<n-docbody><document version="1" collection="D-ARKANEWS-T001" first-load-date="20150605060011" ip-product="ARKANEWS" royalty-id="84104" data-model="text" dtd-version="5.2.29" content-type="news" load-language="en"><supplier-info><supplier-num nitf="doc-id" nitf-regsrc="ARKA News Agency" type="accession">94a6000083e94231</supplier-num><internal-acc-num db-id="NEPRARKA" type="newz">20150605170.1_V94a6000083e94231</internal-acc-num><rec-status><last-load-date>20150605060011</last-load-date><nitf-date ne="datereceived">20150605T10:56:04Z</nitf-date><nitf-date nitf="date-issue">20150605T00:00:00Z</nitf-date><last-provider-update>20150605105604</last-provider-update></rec-status><supplier-copyright>Copyright Â© 2015 ARKA<copyright-year/><copyright-holder>ARKA</copyright-holder></supplier-copyright><supplier-note nitf="urgency" nitf-ed-urg="4"/><supplier-dtds><dtd dtd-version="working" dtd-date="20150512T00:00:00Z">Canonical Taxonomy</dtd><dtd dtd-version="20150505" dtd-date="20150512T00:00:00Z">Mapping File</dtd></supplier-dtds><copyright-block type="dialog"><service-copyright n-include_guid="Ice671660f30811d88920000083149a14" n-include_collection="D-DIALOGCOPYRIGHTS-T001"/></copyright-block><copyright-block type="west"><service-copyright n-include_guid="I1DA35ED81DD211B281BAD200220BDFCA" n-include_collection="w_wlnv_msg"/></copyright-block><west-citation-block><bop/><first-line-cite><bos/>6/5/15 NEWS 00:00:00<eos/></first-line-cite><second-line-cite><bos/>6/5/15 ARKA News Agency 00:00:00<eos/></second-line-cite><eop/></west-citation-block></supplier-info><title-info iso-language="en"><bop/><title type="headline" nitf-hedline="hl1" key="key-title"><bos/><sort-title>COPPER FACING 3RD WEEKLY LOSS AS DEMAND SET TO EBB</sort-title><eos/></title><eop/></title-info><pub-info><journal key="key-journal"><bop/><bos/><sort-journal>ARKA News Agency</sort-journal><eos/><eop/></journal><pub-date key="key-date" iso-time="T00:00:00Z" type="date.publication"><full-pub-date>June 5, 2015</full-pub-date><sort-pub-date>20150605</sort-pub-date><sort-pub-timestamp>20150605000000</sort-pub-timestamp><rank-date>20150605</rank-date><currency-timestamp>20150605000000</currency-timestamp></pub-date><original-pub><language iso-language="en">English</language></original-pub><src-data><src-journal-code>ANPV</src-journal-code><src-pub-code>0063786</src-pub-code><src-pub-type>Newswire</src-pub-type><src-pub-country-wrap><src-pub-country-code>GE</src-pub-country-code><src-pub-country>Georgia CIS</src-pub-country></src-pub-country-wrap><src-pub-region>Europe</src-pub-region></src-data></pub-info><content iso-language="en"><total-char-count>624</total-char-count><derived-word-count><bop/><bos/>Word Count: 101<eos/><eop/></derived-word-count><text type="lead-para"><p nitf="lede"><bop/>ECONOMY<eop/></p><p nitf="lede"><bop/><bos/>YEREVAN, June 5. /ARKA/. <eos/><bos/>London copper was set to rack up its third weekly loss in a row on Friday on expectations of a summer slowdown, Hindu Business Line reports referring to <cite.query w-seq-number="00001" w-ref-type="MM" w-normalized-cite="canonical_name::REUTERS" ID="I503054300b7211e5b619f0f28d704a16">Reuters</cite.query>.<eos/><eop/></p></text><text type="body"><p><bop/><bos/>China&apos;s initiative to resurrect trade along the ancient Silk Road connecting the Asia Pacific and Eurasian regions presents upside risk to demand for commodities from 2017, said Joel Crane of <cite.query w-seq-number="00002" w-ref-type="MM" w-normalized-cite="canonical_name::MORGAN STANLEY" ID="I50411d100b7211e5b619f0f28d704a16">Morgan Stanley</cite.query> in Melbourne.<eos/><eop/></p><p><bop/><bos/>&quot;(But) the dollar is rising, demand is seasonally slower, so there are some headwinds to prices in the coming months,&quot; he said. <eos/><bos/><cite.query w-seq-number="00003" w-ref-type="MM" w-normalized-cite="canonical_name::MORGAN STANLEY" ID="I505038400b7211e5b619f0f28d704a16">Morgan Stanley</cite.query> forecasts copper averaging $5,952 a tonne in the third quarter. -0--<eos/><eop/></p></text></content><indexing iso-language="en" value-add="machine-generated"><classification-terms><pres-subject-block><bop/><bos/><pres-subject-wrap><pres-subject>Economic Forecasts</pres-subject><pres-subject-code>EFORE</pres-subject-code><alt1-subject-code>1EC64</alt1-subject-code></pres-subject-wrap><pres-subject-wrap><pres-subject>Economics &amp; Trade</pres-subject><pres-subject-code>TRADE</pres-subject-code><alt1-subject-code>1EC26</alt1-subject-code></pres-subject-wrap><pres-subject-wrap><pres-subject>Forecasts</pres-subject><pres-subject-code>PTFRCST</pres-subject-code><alt1-subject-code>1FO11</alt1-subject-code></pres-subject-wrap><pres-subject-wrap><pres-subject>Investment Banking</pres-subject><pres-subject-code>BROKDEAL</pres-subject-code><alt1-subject-code>1IN86</alt1-subject-code></pres-subject-wrap><eos/><eop/></pres-subject-block><pres-industry-block><bop/><bos/><pres-industry-wrap><pres-industry>Banking</pres-industry><pres-industry-code>BANKOVER</pres-industry-code><alt1-industry-code>1BA20</alt1-industry-code></pres-industry-wrap><pres-industry-wrap><pres-industry>Financial Services</pres-industry><pres-industry-code>FINSVC</pres-industry-code><alt1-industry-code>1FI37</alt1-industry-code></pres-industry-wrap><pres-industry-wrap><pres-industry>Investment Banks</pres-industry><pres-industry-code>INVBANKS</pres-industry-code><alt1-industry-code>1IN03</alt1-industry-code></pres-industry-wrap><pres-industry-wrap><pres-industry>Investment Management</pres-industry><pres-industry-code>INVSTMAN</pres-industry-code><alt1-industry-code>1IN34</alt1-industry-code></pres-industry-wrap><pres-industry-wrap><pres-industry>Theoretical Analysis</pres-industry><pres-industry-code>PTHEORY</pres-industry-code><alt1-industry-code>1TH79</alt1-industry-code></pres-industry-wrap><eos/><eop/></pres-industry-block></classification-terms><classification-terms><rcs-block><rcs>E:5</rcs><rcs>B:130</rcs><rcs>B:207</rcs><rcs>B:127</rcs><rcs>B:128</rcs><rcs>B:209</rcs><rcs>B:125</rcs><rcs>B:126</rcs></rcs-block></classification-terms><extraction-terms><extr-company-block><bop/><bos/><norm-company oa-id="4295904557">MORGAN STANLEY</norm-company><norm-company-wrap occur-sequence="1,2"><norm-company-name>MORGAN STANLEY</norm-company-name><company-ids><oa-id>4295904557</oa-id><ric norm="MS.N">MS.N</ric></company-ids><company-classification><trbc-wrap><trbc type="RCS">B:1633</trbc><trbc type="2012">5510201010</trbc><trbc type="perm-id">4294951368</trbc></trbc-wrap></company-classification><relevancy engine="1C">0.2</relevancy><confidence engine="1C">0.94</confidence></norm-company-wrap><eos/><eop/></extr-company-block></extraction-terms><extraction-terms><extr-person-block><bop/><bos/><extr-person>Joel Crane</extr-person><extr-person-wrap><extr-person-name>Joel Crane</extr-person-name><relevancy engine="1C">0.2</relevancy></extr-person-wrap><eos/><eop/></extr-person-block></extraction-terms></indexing></document></n-docbody>
</n-document>
<n-document guid="Ibbae19a0086011e58458eb4a5656db64"><n-metadata><metadata.block><md.identifiers><md.cites><md.first.line.cite>6/1/15 NEWS 00:00:00</md.first.line.cite><md.second.line.cite>6/1/15 ARKA News Agency 00:00:00</md.second.line.cite></md.cites><md.uuid>Ibbae19a0086011e58458eb4a5656db64</md.uuid></md.identifiers><md.infotype>news</md.infotype><md.sortkeys><md.ordersequence>f47363bec</md.ordersequence></md.sortkeys><md.descriptions><md.title>&apos;EYE CARE PLUS&apos; STARTUP TO PRESENT ARMENIA IN SEEDSTAR FINAL IN SWITZERLAND</md.title><md.westlawdescrip><md.readlist>READLIST</md.readlist></md.westlawdescrip></md.descriptions><md.dates><md.publisheddatetime>20150601094810</md.publisheddatetime><md.loaddate>20150601</md.loaddate><md.createddatetime>20150601094810</md.createddatetime></md.dates><md.subjects><md.subject><md.pubtype.name/><md.doctype.name>DNR</md.doctype.name><md.doctype.rank/><md.view>CNGE</md.view><md.view>RGEurope</md.view><md.view>PTNewswires</md.view><md.view>ARKANEWS0063786</md.view><md.view>INALLNEWS_ACTEST</md.view><md.view>INFARNEWS_AC</md.view><md.view>MARKETSEIKON_CN</md.view><md.view>MARKETSEIKON</md.view><md.view>CB_ASIAWIRES</md.view><md.view>INWIRES_AC</md.view><md.view>GULF_INTL</md.view><md.view>ININTNEWS_AC</md.view><md.view>ANZ_INTLOS</md.view><md.view>CLEAR_RF</md.view><md.view>INALLNEWS_AC</md.view><md.view>INNEWSINT_PRO</md.view><md.view>INBUSNEWS</md.view><md.view>INNEWSWORLD_PRO</md.view><md.view>INBUSNEWS_AC</md.view></md.subject></md.subjects><md.jurisdictions><md.jurisdiction><md.jurisstate>FE</md.jurisstate></md.jurisdiction></md.jurisdictions><md.publications><md.publication/><md.sourcepubid>ARKANEWS</md.sourcepubid></md.publications><md.royalty><md.royalty.code>84104</md.royalty.code></md.royalty></metadata.block><news.metadata.block><md.text.preview>INFORMATION TECHNOLOGIESYEREVAN, June 1, /ARKA/. On May 28 Microsoft Innovation Center Armenia (MIC Armenia) in collaboration with Microsoft RA and Seedstars World organized an interesting contest day, targeting IT specialists and startups, at</md.text.preview></news.metadata.block><newsplus.recommendable>1</newsplus.recommendable><n-view>CNGE</n-view><n-view>RGEurope</n-view><n-view>PTNewswires</n-view><n-view>ARKANEWS0063786</n-view><n-view>INALLNEWS_ACTEST</n-view><n-view>INFARNEWS_AC</n-view><n-view>MARKETSEIKON_CN</n-view><n-view>MARKETSEIKON</n-view><n-view>CB_ASIAWIRES</n-view><n-view>INWIRES_AC</n-view><n-view>GULF_INTL</n-view><n-view>ININTNEWS_AC</n-view><n-view>ANZ_INTLOS</n-view><n-view>CLEAR_RF</n-view><n-view>INALLNEWS_AC</n-view><n-view>INNEWSINT_PRO</n-view><n-view>INBUSNEWS</n-view><n-view>INNEWSWORLD_PRO</n-view><n-view>INBUSNEWS_AC</n-view><prism-stylesheet guid="Ia3024d301b6a11d89fc5f34981d3242f"/><prism-clipdate>20150601094810</prism-clipdate></n-metadata>
<n-docbody><document version="1" collection="D-ARKANEWS-T001" first-load-date="20150601094810" ip-product="ARKANEWS" royalty-id="84104" data-model="text" dtd-version="5.2.29" content-type="news" load-language="en"><supplier-info><supplier-num nitf="doc-id" nitf-regsrc="ARKA News Agency" type="accession">9178000bc2f43d4a</supplier-num><internal-acc-num db-id="NEPRARKA" type="newz">20150601170.1_V9178000bc2f43d4a</internal-acc-num><rec-status><last-load-date>20150601094810</last-load-date><nitf-date ne="datereceived">20150601T13:18:46Z</nitf-date><nitf-date nitf="date-issue">20150601T00:00:00Z</nitf-date><last-provider-update>20150601131846</last-provider-update></rec-status><supplier-copyright>Copyright Â© 2015 ARKA<copyright-year/><copyright-holder>ARKA</copyright-holder></supplier-copyright><supplier-note nitf="urgency" nitf-ed-urg="4"/><supplier-dtds><dtd dtd-version="working" dtd-date="20150512T00:00:00Z">Canonical Taxonomy</dtd><dtd dtd-version="20150505" dtd-date="20150512T00:00:00Z">Mapping File</dtd></supplier-dtds><copyright-block type="dialog"><service-copyright n-include_guid="Ice671660f30811d88920000083149a14" n-include_collection="D-DIALOGCOPYRIGHTS-T001"/></copyright-block><copyright-block type="west"><service-copyright n-include_guid="I1DA35ED81DD211B281BAD200220BDFCA" n-include_collection="w_wlnv_msg"/></copyright-block><west-citation-block><bop/><first-line-cite><bos/>6/1/15 NEWS 00:00:00<eos/></first-line-cite><second-line-cite><bos/>6/1/15 ARKA News Agency 00:00:00<eos/></second-line-cite><eop/></west-citation-block></supplier-info><title-info iso-language="en"><bop/><title type="headline" nitf-hedline="hl1" key="key-title"><bos/><sort-title>&apos;EYE CARE PLUS&apos; STARTUP TO PRESENT ARMENIA IN SEEDSTAR FINAL IN SWITZERLAND</sort-title><eos/></title><eop/></title-info><pub-info><journal key="key-journal"><bop/><bos/><sort-journal>ARKA News Agency</sort-journal><eos/><eop/></journal><pub-date key="key-date" iso-time="T00:00:00Z" type="date.publication"><full-pub-date>June 1, 2015</full-pub-date><sort-pub-date>20150601</sort-pub-date><sort-pub-timestamp>20150601000000</sort-pub-timestamp><rank-date>20150601</rank-date><currency-timestamp>20150601000000</currency-timestamp></pub-date><original-pub><language iso-language="en">English</language></original-pub><src-data><src-journal-code>ANPV</src-journal-code><src-pub-code>0063786</src-pub-code><src-pub-type>Newswire</src-pub-type><src-pub-country-wrap><src-pub-country-code>GE</src-pub-country-code><src-pub-country>Georgia CIS</src-pub-country></src-pub-country-wrap><src-pub-region>Europe</src-pub-region></src-data></pub-info><content iso-language="en"><total-char-count>1759</total-char-count><derived-word-count><bop/><bos/>Word Count: 246<eos/><eop/></derived-word-count><text type="lead-para"><p nitf="lede"><bop/><bos/><cite.query w-seq-number="00001" w-ref-type="WC" w-normalized-cite="I76DF065242BE11DDA1BC0014224D2780" ID="I49d261d0086d11e59ac484cf2d81272b">INFORMATION TECHNOLOGIES</cite.query><eos/><eop/></p><p nitf="lede"><bop/><bos/>YEREVAN, June 1, /ARKA/. <eos/><bos/>On May 28 <cite.query w-seq-number="00002" w-ref-type="MM" w-normalized-cite="canonical_name::MICROSOFT" ID="I49f5c850086d11e59ac484cf2d81272b">Microsoft</cite.query> Innovation Center Armenia (MIC Armenia) in collaboration with <cite.query w-seq-number="00003" w-ref-type="MM" w-normalized-cite="canonical_name::MICROSOFT" ID="I49f5c851086d11e59ac484cf2d81272b">Microsoft</cite.query> RA and Seedstars World organized an interesting contest day, targeting IT specialists and startups, at Ararat Valley Club in Vahakni residential community.<eos/><eop/></p></text><text type="body"><p><bop/><bos/>&quot;Cloud technologies raised a lot of interest among the participating teams, in the result they developed various products, which can be competitive in global market,&quot; mentioned Artashes Vardanyan, <cite.query w-seq-number="00004" w-ref-type="CO" w-normalized-cite="I37F65CD041ED11DDAD6B0014224D2780" ID="I49fad160086d11e59ac484cf2d81272b">MIC</cite.query> director. <eos/>Hackathon<eop/></p><p><bop/><bos/>The second part of the event was marked by the international contest Seedstars, targeting startups. &quot;<eos/><bos/>Seedstars World is a platform, connecting investors to the next generation of startup entrepreneurs, pulling the spotlight from Silicon Valley and Western Europe. <eos/><bos/>Having the experience of one-year ground work, we understood that the best way to have an impact in emerging countries is by investing and promoting entrepreneurship,&quot; explained Alisee de Tonnac, Seedstars World CEO. 12 startups, selected from 35 applications, pitched their products in front of the panel, consisting of international and local specialists. &apos;<eos/><bos/>Eye Care Plus&apos; startup was selected as the winner and will present Armenia in the final event in Switzerland.<eos/><eop/></p><p><bop/>Hackathon<eop/></p><p><bop/><bos/>Hachathon is a Silicon Valley-generated extensive contest, aimed at solving existing problems through collaborative computer programming and new technologies.<eos/><eop/></p><p><bop/><bos/><cite.query w-seq-number="00005" w-ref-type="MM" w-normalized-cite="canonical_name::MICROSOFT" ID="I4a214520086d11e59ac484cf2d81272b">Microsoft</cite.query> Innovation Center Armenia was founded with the joint efforts of <cite.query w-seq-number="00006" w-ref-type="CO" w-normalized-cite="IB9D365D056EA11E089AC8CE04EA54993" ID="I4a214521086d11e59ac484cf2d81272b">United States Agency for International Development</cite.query> (USAID), <cite.query w-seq-number="00007" w-ref-type="CO" w-normalized-cite="IE520C1E0682911DD82B4DAB9B6754007" ID="I4a214522086d11e59ac484cf2d81272b">Microsoft Corporation</cite.query> and <cite.query w-seq-number="00008" w-ref-type="NM" w-normalized-cite="canonical_name::ENTERPRISE INCUBATOR FOUNDATION" ID="I4a214523086d11e59ac484cf2d81272b">Enterprise Incubator Foundation</cite.query> in 2011. <eos/><bos/>The center joined the global network of <cite.query w-seq-number="00009" w-ref-type="CO" w-normalized-cite="I37F65CD041ED11DDAD6B0014224D2780" ID="I4a214524086d11e59ac484cf2d81272b">MIC</cite.query>&apos;s to support local IT communities to expand, strengthen innovation and improve competitiveness. -0-<eos/><eop/></p></text></content><indexing iso-language="en" value-add="machine-generated"><classification-terms><pres-location-block><bop/><bos/><pres-location-wrap><pres-location>Armenia</pres-location><pres-location-code>ISOAM</pres-location-code><alt1-location-code>1AR09</alt1-location-code></pres-location-wrap><pres-location-wrap><pres-location>CIS Countries</pres-location><pres-location-code>CISSTAT</pres-location-code><alt1-location-code>1CI64</alt1-location-code></pres-location-wrap><pres-location-wrap><pres-location>Central Europe</pres-location><pres-location-code>GEOCEUR</pres-location-code><alt1-location-code>1CE50</alt1-location-code></pres-location-wrap><pres-location-wrap><pres-location>Eastern Europe</pres-location><pres-location-code>GEOEEUR</pres-location-code><alt1-location-code>1EA48</alt1-location-code></pres-location-wrap><pres-location-wrap><pres-location>Europe</pres-location><pres-location-code>GEOEUR</pres-location-code><alt1-location-code>1EU83</alt1-location-code></pres-location-wrap><pres-location-wrap><pres-location>Switzerland</pres-location><pres-location-code>ISOCH</pres-location-code><alt1-location-code>1SW77</alt1-location-code></pres-location-wrap><pres-location-wrap><pres-location>Western Europe</pres-location><pres-location-code>GEOWEUR</pres-location-code><alt1-location-code>1WE41</alt1-location-code></pres-location-wrap><eos/><eop/></pres-location-block></classification-terms><classification-terms><pres-subject-block><bop/><bos/><pres-subject-wrap><pres-subject>CIS</pres-subject><pres-subject-code>GEOCIS</pres-subject-code><alt1-subject-code>1CI65</alt1-subject-code></pres-subject-wrap><pres-subject-wrap><pres-subject>Corporate Funding</pres-subject><pres-subject-code>BIZFIN</pres-subject-code><alt1-subject-code>1XO17</alt1-subject-code></pres-subject-wrap><pres-subject-wrap><pres-subject>Foundations</pres-subject><pres-subject-code>FDATIONS</pres-subject-code><alt1-subject-code>1FO95</alt1-subject-code></pres-subject-wrap><pres-subject-wrap><pres-subject>Funding Instruments</pres-subject><pres-subject-code>INVSTING</pres-subject-code><alt1-subject-code>1FU41</alt1-subject-code></pres-subject-wrap><pres-subject-wrap><pres-subject>Major Corporations</pres-subject><pres-subject-code>MAJCORP</pres-subject-code><alt1-subject-code>1MA93</alt1-subject-code></pres-subject-wrap><pres-subject-wrap><pres-subject>Philanthropy</pres-subject><pres-subject-code>DONATE</pres-subject-code><alt1-subject-code>1PH09</alt1-subject-code></pres-subject-wrap><pres-subject-wrap><pres-subject>Social Issues</pres-subject><pres-subject-code>PTSOCISS</pres-subject-code><alt1-subject-code>1SO05</alt1-subject-code></pres-subject-wrap><pres-subject-wrap><pres-subject>Venture Capital</pres-subject><pres-subject-code>VC</pres-subject-code><alt1-subject-code>1VE73</alt1-subject-code></pres-subject-wrap><pres-subject-wrap><pres-subject>World Organizations</pres-subject><pres-subject-code>GEOORGS</pres-subject-code><alt1-subject-code>1IN77</alt1-subject-code></pres-subject-wrap><eos/><eop/></pres-subject-block><pres-industry-block><bop/><bos/><pres-industry-wrap><pres-industry>Financial Services</pres-industry><pres-industry-code>FINSVC</pres-industry-code><alt1-industry-code>1FI37</alt1-industry-code></pres-industry-wrap><pres-industry-wrap><pres-industry>I.T.</pres-industry><pres-industry-code>ITOVER</pres-industry-code><alt1-industry-code>1IT96</alt1-industry-code></pres-industry-wrap><pres-industry-wrap><pres-industry>Metals &amp; Mining</pres-industry><pres-industry-code>METALS</pres-industry-code><alt1-industry-code>1ME07</alt1-industry-code></pres-industry-wrap><pres-industry-wrap><pres-industry>Minor Metals &amp; Minerals</pres-industry><pres-industry-code>MINORORE</pres-industry-code><alt1-industry-code>1MI41</alt1-industry-code></pres-industry-wrap><pres-industry-wrap><pres-industry>Natural Resources</pres-industry><pres-industry-code>RESOURCE</pres-industry-code><alt1-industry-code>1NA60</alt1-industry-code></pres-industry-wrap><pres-industry-wrap><pres-industry>Silicon</pres-industry><pres-industry-code>SILICON</pres-industry-code><alt1-industry-code>1SI92</alt1-industry-code></pres-industry-wrap><eos/><eop/></pres-industry-block></classification-terms><classification-terms><rcs-block><rcs>G:B</rcs><rcs>G:A</rcs><rcs>G:B2</rcs><rcs>B:20</rcs><rcs>B:125</rcs><rcs>G:Y</rcs><rcs>G:30</rcs><rcs>B:12</rcs><rcs>G:7I</rcs><rcs>G:3</rcs><rcs>M:I4</rcs><rcs>U:1D</rcs><rcs>U:1</rcs><rcs>B:19</rcs><rcs>B:161</rcs><rcs>M:NL</rcs><rcs>G:AJ</rcs></rcs-block></classification-terms><extraction-terms><extr-company-block><bop/><bos/><extr-company>Seedstars World</extr-company><extr-company-wrap><extr-company-name>Seedstars World</extr-company-name><relevancy engine="1C">0.5</relevancy><confidence engine="1C">0.99</confidence></extr-company-wrap><norm-company oa-id="4295907168">MICROSOFT CORP</norm-company><norm-company-wrap occur-sequence="1,2,3,4"><norm-company-name>MICROSOFT CORP</norm-company-name><company-ids><oa-id>4295907168</oa-id><ric norm="MSFT.OQ">MSFT.OQ</ric></company-ids><company-classification><trbc-wrap><trbc type="RCS">B:1796</trbc><trbc type="2012">5720102010</trbc><trbc type="perm-id">4294951205</trbc></trbc-wrap></company-classification><relevancy engine="1C">0.5</relevancy><confidence engine="1C">0.99</confidence></norm-company-wrap><eos/><eop/></extr-company-block></extraction-terms><extraction-terms><extr-person-block><bop/><bos/><extr-person>Artashes Vardanyan</extr-person><extr-person-wrap><extr-person-name>Artashes Vardanyan</extr-person-name><relevancy engine="1C">0.2</relevancy></extr-person-wrap><eos/><eop/></extr-person-block></extraction-terms></indexing></document></n-docbody>
</n-document>
<n-document guid="I5d3aaa30060f11e591979711d1f9c510"><n-metadata><metadata.block><md.identifiers><md.cites><md.first.line.cite>5/29/15 NEWS 00:00:00</md.first.line.cite><md.second.line.cite>5/29/15 ARKA News Agency 00:00:00</md.second.line.cite></md.cites><md.uuid>I5d3aaa30060f11e591979711d1f9c510</md.uuid></md.identifiers><md.infotype>news</md.infotype><md.sortkeys><md.ordersequence>f47363bec</md.ordersequence></md.sortkeys><md.descriptions><md.title>SWITZERLAND ENDS BANKING SECRECY</md.title><md.westlawdescrip><md.readlist>READLIST</md.readlist></md.westlawdescrip></md.descriptions><md.dates><md.publisheddatetime>20150529104006</md.publisheddatetime><md.loaddate>20150529</md.loaddate><md.createddatetime>20150529104006</md.createddatetime></md.dates><md.subjects><md.subject><md.pubtype.name/><md.doctype.name>DNR</md.doctype.name><md.doctype.rank/><md.view>CNGE</md.view><md.view>RGEurope</md.view><md.view>PTNewswires</md.view><md.view>ARKANEWS0063786</md.view><md.view>INALLNEWS_ACTEST</md.view><md.view>INFARNEWS_AC</md.view><md.view>MARKETSEIKON_CN</md.view><md.view>MARKETSEIKON</md.view><md.view>CB_ASIAWIRES</md.view><md.view>INWIRES_AC</md.view><md.view>GULF_INTL</md.view><md.view>ININTNEWS_AC</md.view><md.view>ANZ_INTLOS</md.view><md.view>CLEAR_RF</md.view><md.view>INALLNEWS_AC</md.view><md.view>INNEWSINT_PRO</md.view><md.view>INBUSNEWS</md.view><md.view>INNEWSWORLD_PRO</md.view><md.view>INBUSNEWS_AC</md.view></md.subject></md.subjects><md.jurisdictions><md.jurisdiction><md.jurisstate>FE</md.jurisstate></md.jurisdiction></md.jurisdictions><md.publications><md.publication/><md.sourcepubid>ARKANEWS</md.sourcepubid></md.publications><md.royalty><md.royalty.code>84104</md.royalty.code></md.royalty></metadata.block><news.metadata.block><md.text.preview>BANKING NEWSYEREVAN, May 29. / ARKA /. The European Union and Switzerland signed a major accord Wednesday to end banking secrecy for EU residents and prevent them from stashing undeclared income in Swiss banks, according to news reports.</md.text.preview></news.metadata.block><newsplus.recommendable>1</newsplus.recommendable><n-view>CNGE</n-view><n-view>RGEurope</n-view><n-view>PTNewswires</n-view><n-view>ARKANEWS0063786</n-view><n-view>INALLNEWS_ACTEST</n-view><n-view>INFARNEWS_AC</n-view><n-view>MARKETSEIKON_CN</n-view><n-view>MARKETSEIKON</n-view><n-view>CB_ASIAWIRES</n-view><n-view>INWIRES_AC</n-view><n-view>GULF_INTL</n-view><n-view>ININTNEWS_AC</n-view><n-view>ANZ_INTLOS</n-view><n-view>CLEAR_RF</n-view><n-view>INALLNEWS_AC</n-view><n-view>INNEWSINT_PRO</n-view><n-view>INBUSNEWS</n-view><n-view>INNEWSWORLD_PRO</n-view><n-view>INBUSNEWS_AC</n-view><prism-stylesheet guid="Ia3024d301b6a11d89fc5f34981d3242f"/><prism-clipdate>20150529104006</prism-clipdate></n-metadata>
<n-docbody><document version="1" collection="D-ARKANEWS-T001" first-load-date="20150529104006" ip-product="ARKANEWS" royalty-id="84104" data-model="text" dtd-version="5.2.29" content-type="news" load-language="en"><supplier-info><supplier-num nitf="doc-id" nitf-regsrc="ARKA News Agency" type="accession">e868000a13857500</supplier-num><internal-acc-num db-id="NEPRARKA" type="newz">20150529170.1_Ve868000a13857500</internal-acc-num><rec-status><last-load-date>20150529104006</last-load-date><nitf-date ne="datereceived">20150529T14:31:16Z</nitf-date><nitf-date nitf="date-issue">20150529T00:00:00Z</nitf-date><last-provider-update>20150529143116</last-provider-update></rec-status><supplier-copyright>Copyright Â© 2015 ARKA<copyright-year/><copyright-holder>ARKA</copyright-holder></supplier-copyright><supplier-note nitf="urgency" nitf-ed-urg="4"/><supplier-dtds><dtd dtd-version="working" dtd-date="20150512T00:00:00Z">Canonical Taxonomy</dtd><dtd dtd-version="20150505" dtd-date="20150512T00:00:00Z">Mapping File</dtd></supplier-dtds><copyright-block type="dialog"><service-copyright n-include_guid="Ice671660f30811d88920000083149a14" n-include_collection="D-DIALOGCOPYRIGHTS-T001"/></copyright-block><copyright-block type="west"><service-copyright n-include_guid="I1DA35ED81DD211B281BAD200220BDFCA" n-include_collection="w_wlnv_msg"/></copyright-block><west-citation-block><bop/><first-line-cite><bos/>5/29/15 NEWS 00:00:00<eos/></first-line-cite><second-line-cite><bos/>5/29/15 ARKA News Agency 00:00:00<eos/></second-line-cite><eop/></west-citation-block></supplier-info><title-info iso-language="en"><bop/><title type="headline" nitf-hedline="hl1" key="key-title"><bos/><sort-title>SWITZERLAND ENDS BANKING SECRECY</sort-title><eos/></title><eop/></title-info><pub-info><journal key="key-journal"><bop/><bos/><sort-journal>ARKA News Agency</sort-journal><eos/><eop/></journal><pub-date key="key-date" iso-time="T00:00:00Z" type="date.publication"><full-pub-date>May 29, 2015</full-pub-date><sort-pub-date>20150529</sort-pub-date><sort-pub-timestamp>20150529000000</sort-pub-timestamp><rank-date>20150529</rank-date><currency-timestamp>20150529000000</currency-timestamp></pub-date><original-pub><language iso-language="en">English</language></original-pub><src-data><src-journal-code>ANPV</src-journal-code><src-pub-code>0063786</src-pub-code><src-pub-type>Newswire</src-pub-type><src-pub-country-wrap><src-pub-country-code>GE</src-pub-country-code><src-pub-country>Georgia CIS</src-pub-country></src-pub-country-wrap><src-pub-region>Europe</src-pub-region></src-data></pub-info><content iso-language="en"><total-char-count>2892</total-char-count><derived-word-count><bop/><bos/>Word Count: 452<eos/><eop/></derived-word-count><text type="lead-para"><p nitf="lede"><bop/><bos/>BANKING NEWS<eos/><eop/></p><p nitf="lede"><bop/><bos/>YEREVAN, May 29. / ARKA /. The <cite.query w-seq-number="00001" w-ref-type="MM" w-normalized-cite="canonical_name::EUROPEAN UNION" ID="I23b8f0a0061911e5b8f1c7b8c4a1bb35">European Union</cite.query> and Switzerland signed a major accord Wednesday to end banking secrecy for <cite.query w-seq-number="00002" w-ref-type="MM" w-normalized-cite="canonical_name::EU" ID="I23b8f0a1061911e5b8f1c7b8c4a1bb35">EU</cite.query> residents and prevent them from stashing undeclared income in Swiss banks, according to news reports.<eos/><eop/></p></text><text type="body"><p><bop/><bos/>The agreement deals &quot;another blow against tax evaders, and<eos/><eop/></p><p><bop/><bos/><cite.query w-seq-number="00003" w-ref-type="NM" w-normalized-cite="canonical_name::MOSCOVICI" ID="I23c80bd0061911e5b8f1c7b8c4a1bb35">Moscovici</cite.query> signed the accord, which takes effect in 2018, along with Jacques de Watteville, the Swiss secretary of state for international financial matters, and Latvian Finance Minister Janis Reirs, whose country currently holds the <cite.query w-seq-number="00004" w-ref-type="MM" w-normalized-cite="canonical_name::EU" ID="I23c80bd1061911e5b8f1c7b8c4a1bb35">EU</cite.query> presidency.<eos/><eop/></p><p><bop/><bos/>&quot;The <cite.query w-seq-number="00005" w-ref-type="MM" w-normalized-cite="canonical_name::EU" ID="I23d8fbc0061911e5b8f1c7b8c4a1bb35">EU</cite.query> led the way on the automatic exchange of information, in the hope that our international partners would follow,&quot; Moscovici said in a statement. &quot;<eos/><bos/>This agreement is proof of what <cite.query w-seq-number="00006" w-ref-type="MM" w-normalized-cite="canonical_name::EU" ID="I23d8fbc1061911e5b8f1c7b8c4a1bb35">EU</cite.query> ambition and determination can achieve.&quot;<eos/><eop/></p><p><bop/><bos/>Switzerland is carrying out a &quot;major housecleaning,&quot; De Watteville said Tuesday ahead of the signing, adding that the accord would &quot;smooth relations with the <cite.query w-seq-number="00007" w-ref-type="MM" w-normalized-cite="canonical_name::EU" ID="I23e0eb00061911e5b8f1c7b8c4a1bb35">EU</cite.query>.&quot;<eos/><eop/></p><p><bop/><bos/>Under the agreement, the <cite.query w-seq-number="00008" w-ref-type="MM" w-normalized-cite="canonical_name::EU" ID="I23e9c4a0061911e5b8f1c7b8c4a1bb35">EU</cite.query> and Switzerland will automatically exchange information on the bank accounts held by their respective residents, including businesses, beginning in 2018.<eos/><eop/></p><p><bop/><bos/>&quot;This new transparency should not only improve member states&apos; ability to track down and tackle tax evaders, but it should also act as a deterrent against hiding income and assets abroad to evade taxes,&quot; the <cite.query w-seq-number="00009" w-ref-type="CO" w-normalized-cite="I9A5E7BD06D0D11DF88BA8DF7398A82F3" ID="I23ee7f90061911e5b8f1c7b8c4a1bb35">European Commission</cite.query> said.<eos/><eop/></p><p><bop/><bos/>The information - including each account holder&apos;s name, address, tax identification number, date of birth and bank balance - is to be provided yearly.<eos/><eop/></p><p><bop/><bos/>The EU executive is negotiating similar accords with Andorra, Liechtenstein, Monaco and San Marino that are expected to be signed by the end of the year.<eos/><eop/></p><p><bop/><bos/>The Swiss parliament must ratify the accord, which may also be submitted to a referendum.<eos/><eop/></p><p><bop/><bos/>Under pressure from <cite.query w-seq-number="00010" w-ref-type="MM" w-normalized-cite="canonical_name::EU" ID="I25285f20061911e5b8f1c7b8c4a1bb35">EU</cite.query> nations and in particular the United States - which threatened to withhold large portions of certain transfers if Swiss banks did not provide information on accounts held by U.S. citizens - Switzerland has been signing up to automatic bank data exchange agreements that are bringing to an end its long tradition of banking secrecy.<eos/><eop/></p><p><bop/><bos/>European countries in recent years have also beefed up their fight against tax evasion and fraud, which saps billions from national budgets every year.<eos/><eop/></p><p><bop/><bos/>The <cite.query w-seq-number="00011" w-ref-type="CO" w-normalized-cite="I9A5E7BD06D0D11DF88BA8DF7398A82F3" ID="I252d1a10061911e5b8f1c7b8c4a1bb35">European Commission</cite.query> also wants to crack down on sweetheart tax deals favoring multinational corporations such as those exposed by last year&apos;s &quot;LuxLeaks&quot; scandal.<eos/><eop/></p><p><bop/><bos/>Some of the world&apos;s biggest companies - including Pepsi and Ikea - have enjoyed tax rates as low as one percent thanks to the secret pacts with tax authorities in Luxembourg.<eos/><eop/></p><p><bop/><bos/>The &quot;tax rulings&quot; helped depress revenues while also creating unhealthy competition among <cite.query w-seq-number="00012" w-ref-type="MM" w-normalized-cite="canonical_name::EU" ID="I25812d80061911e5b8f1c7b8c4a1bb35">EU</cite.query> member states to attract investment.<eos/><eop/></p><p><bop/><bos/>The EU executive arm on June 17 is to present a proposal called the Common Consolidated Corporate Tax Base to create a single <cite.query w-seq-number="00013" w-ref-type="MM" w-normalized-cite="canonical_name::EU" ID="I258aa360061911e5b8f1c7b8c4a1bb35">EU</cite.query>-wide set of rules for calculating taxable profits.-0-<eos/><eop/></p></text></content><indexing iso-language="en" value-add="machine-generated"><classification-terms><pres-location-block><bop/><bos/><pres-location-wrap><pres-location>Central Europe</pres-location><pres-location-code>GEOCEUR</pres-location-code><alt1-location-code>1CE50</alt1-location-code></pres-location-wrap><pres-location-wrap><pres-location>Europe</pres-location><pres-location-code>GEOEUR</pres-location-code><alt1-location-code>1EU83</alt1-location-code></pres-location-wrap><pres-location-wrap><pres-location>Switzerland</pres-location><pres-location-code>ISOCH</pres-location-code><alt1-location-code>1SW77</alt1-location-code></pres-location-wrap><pres-location-wrap><pres-location>Western Europe</pres-location><pres-location-code>GEOWEUR</pres-location-code><alt1-location-code>1WE41</alt1-location-code></pres-location-wrap><eos/><eop/></pres-location-block></classification-terms><classification-terms><pres-subject-block><bop/><bos/><pres-subject-wrap><pres-subject>Crime</pres-subject><pres-subject-code>CRIME</pres-subject-code><alt1-subject-code>1CR87</alt1-subject-code></pres-subject-wrap><pres-subject-wrap><pres-subject>European Union</pres-subject><pres-subject-code>GEOEU</pres-subject-code><alt1-subject-code>1EU94</alt1-subject-code></pres-subject-wrap><pres-subject-wrap><pres-subject>Financial Fraud</pres-subject><pres-subject-code>SECFRAUD</pres-subject-code><alt1-subject-code>1FI18</alt1-subject-code></pres-subject-wrap><pres-subject-wrap><pres-subject>Fraud</pres-subject><pres-subject-code>FRAUD</pres-subject-code><alt1-subject-code>1FR30</alt1-subject-code></pres-subject-wrap><pres-subject-wrap><pres-subject>Income Taxation</pres-subject><pres-subject-code>WAGETAX</pres-subject-code><alt1-subject-code>1IC82</alt1-subject-code></pres-subject-wrap><pres-subject-wrap><pres-subject>Social Issues</pres-subject><pres-subject-code>PTSOCISS</pres-subject-code><alt1-subject-code>1SO05</alt1-subject-code></pres-subject-wrap><pres-subject-wrap><pres-subject>Taxation</pres-subject><pres-subject-code>TAX</pres-subject-code><alt1-subject-code>1TA10</alt1-subject-code></pres-subject-wrap><pres-subject-wrap><pres-subject>World Organizations</pres-subject><pres-subject-code>GEOORGS</pres-subject-code><alt1-subject-code>1IN77</alt1-subject-code></pres-subject-wrap><eos/><eop/></pres-subject-block><pres-industry-block><bop/><bos/><pres-industry-wrap><pres-industry>Accounting, Consulting &amp; Legal Services</pres-industry><pres-industry-code>CNSLTFPN</pres-industry-code><alt1-industry-code>1AC73</alt1-industry-code></pres-industry-wrap><pres-industry-wrap><pres-industry>Banking</pres-industry><pres-industry-code>BANKOVER</pres-industry-code><alt1-industry-code>1BA20</alt1-industry-code></pres-industry-wrap><pres-industry-wrap><pres-industry>Financial Services</pres-industry><pres-industry-code>FINSVC</pres-industry-code><alt1-industry-code>1FI37</alt1-industry-code></pres-industry-wrap><eos/><eop/></pres-industry-block></classification-terms><classification-terms><rcs-block><rcs>G:B</rcs><rcs>G:A</rcs><rcs>M:FG</rcs><rcs>B:127</rcs><rcs>B:128</rcs><rcs>B:125</rcs><rcs>B:126</rcs><rcs>M:ES</rcs><rcs>M:X</rcs><rcs>G:30</rcs><rcs>G:3</rcs><rcs>M:I4</rcs><rcs>M:A</rcs><rcs>M:N2</rcs><rcs>M:K</rcs></rcs-block></classification-terms><extraction-terms><extr-company-block><bop/><bos/><norm-company oa-id="4296602160">INGKA HOLDING BV</norm-company><norm-company-wrap occur-sequence="2"><norm-company-name>INGKA HOLDING BV</norm-company-name><company-ids><oa-id>4296602160</oa-id></company-ids><company-classification><trbc-wrap><trbc type="RCS">B:1380</trbc><trbc type="2012">5320404013</trbc><trbc type="perm-id">4294951621</trbc></trbc-wrap></company-classification><relevancy engine="1C">0.2</relevancy><confidence engine="1C">0.8</confidence></norm-company-wrap><norm-company oa-id="4295904718">PEPSICO INC</norm-company><norm-company-wrap occur-sequence="1"><norm-company-name>PEPSICO INC</norm-company-name><company-ids><oa-id>4295904718</oa-id><ric norm="PEP.N">PEP.N</ric></company-ids><company-classification><trbc-wrap><trbc type="RCS">B:1532</trbc><trbc type="2012">5410103011</trbc><trbc type="perm-id">4294951469</trbc></trbc-wrap></company-classification><relevancy engine="1C">0.2</relevancy><confidence engine="1C">0.85</confidence></norm-company-wrap><eos/><eop/></extr-company-block></extraction-terms><extraction-terms><extr-person-block><bop/><bos/><extr-person>Janis Reirs</extr-person><extr-person-wrap><extr-person-name>Janis Reirs</extr-person-name><relevancy engine="1C">0.2</relevancy></extr-person-wrap><extr-person>Jacques de Watteville</extr-person><extr-person-wrap><extr-person-name>Jacques de Watteville</extr-person-name><relevancy engine="1C">0.2</relevancy></extr-person-wrap><eos/><eop/></extr-person-block></extraction-terms></indexing></document></n-docbody>
</n-document>
<n-document guid="I3d11c96003e811e5a8afd92b0bd0c7a8"><n-metadata><metadata.block><md.identifiers><md.cites><md.parallelcite><md.parallelcite.info><md.display.parallelcite type="WLNR">2015 WLNR 15604289</md.display.parallelcite></md.parallelcite.info></md.parallelcite><md.first.line.cite>5/26/15 BANKSVCS (No Page)</md.first.line.cite><md.second.line.cite>5/26/15 ARKA Banking Services Bull. (Pg. Unavail. Online)</md.second.line.cite></md.cites><md.uuid>I3d11c96003e811e5a8afd92b0bd0c7a8</md.uuid></md.identifiers><md.infotype>news</md.infotype><md.sortkeys><md.ordersequence>f469da56c</md.ordersequence></md.sortkeys><md.descriptions><md.title>ARMENIAN CARD COMPLETES 3D SECURE CERTIFICATION FOR VISA AND MASTERCARD IN 2014</md.title><md.westlawdescrip><md.readlist>READLIST</md.readlist></md.westlawdescrip></md.descriptions><md.dates><md.publisheddatetime>20150526155323</md.publisheddatetime><md.loaddate>20150526</md.loaddate><md.createddatetime>20150526155323</md.createddatetime></md.dates><md.subjects><md.subject><md.pubtype.name/><md.doctype.name>DNR</md.doctype.name><md.doctype.rank/><md.view>CNAM</md.view><md.view>RGEurope</md.view><md.view>PTMagazines</md.view><md.view>ARKANEWS0064119</md.view><md.view>ININTNEWS_AC</md.view><md.view>INFINNEWS</md.view><md.view>INALLNEWS_ACTEST</md.view><md.view>INFARNEWS_AC</md.view><md.view>ANZ_INTLBTI</md.view><md.view>INALLNEWS_AC</md.view><md.view>CLEAR_RF</md.view><md.view>INBUSNEWS</md.view><md.view>INBANKNEWS_AC</md.view><md.view>INBUSNEWS_AC</md.view></md.subject></md.subjects><md.jurisdictions><md.jurisdiction><md.jurisstate>FE</md.jurisstate></md.jurisdiction></md.jurisdictions><md.publications><md.publication/><md.sourcepubid>ARKANEWS</md.sourcepubid></md.publications><md.royalty><md.royalty.code>77232</md.royalty.code></md.royalty></metadata.block><news.metadata.block><md.text.preview>Exclusive interview of the executive director of Armenian Card payment system Ishkhan Mkhitaryan to ARKA News Agency:ARKA - Mr Mkhitaryan, what technological solutions and programs did the Armenian Card implement in 2014?</md.text.preview></news.metadata.block><newsplus.recommendable/><n-view>CNAM</n-view><n-view>RGEurope</n-view><n-view>PTMagazines</n-view><n-view>ARKANEWS0064119</n-view><n-view>ININTNEWS_AC</n-view><n-view>INFINNEWS</n-view><n-view>INALLNEWS_ACTEST</n-view><n-view>INFARNEWS_AC</n-view><n-view>ANZ_INTLBTI</n-view><n-view>INALLNEWS_AC</n-view><n-view>CLEAR_RF</n-view><n-view>INBUSNEWS</n-view><n-view>INBANKNEWS_AC</n-view><n-view>INBUSNEWS_AC</n-view><prism-stylesheet guid="Ia3024d301b6a11d89fc5f34981d3242f"/><prism-clipdate>20150526155323</prism-clipdate></n-metadata>
<n-docbody><document version="1" collection="D-ARKANEWS-T001" first-load-date="20150526155323" ip-product="ARKANEWS" royalty-id="77232" data-model="text" dtd-version="5.2.29" content-type="news" load-language="en"><supplier-info><supplier-num nitf="doc-id" nitf-regsrc="ARKA Banking Services Bulletin" type="accession">bf89009a33090c21</supplier-num><internal-acc-num db-id="NEPRARKA" type="newz">20150526170.4_Vbf89009a33090c21</internal-acc-num><rec-status><last-load-date>20150526155323</last-load-date><nitf-date ne="datereceived">20150526T20:46:09Z</nitf-date><nitf-date nitf="date-issue">20150526T00:00:00Z</nitf-date><last-provider-update>20150526204609</last-provider-update></rec-status><supplier-copyright>Copyright Â© 2015 ARKA<copyright-year/><copyright-holder>ARKA</copyright-holder></supplier-copyright><supplier-note nitf="urgency" nitf-ed-urg="4"/><supplier-dtds><dtd dtd-version="working" dtd-date="20150512T00:00:00Z">Canonical Taxonomy</dtd><dtd dtd-version="20150505" dtd-date="20150512T00:00:00Z">Mapping File</dtd></supplier-dtds><copyright-block type="dialog"><service-copyright n-include_guid="Ice671660f30811d88920000083149a14" n-include_collection="D-DIALOGCOPYRIGHTS-T001"/></copyright-block><copyright-block type="west"><service-copyright n-include_guid="I1DA35ED81DD211B281BAD200220BDFCA" n-include_collection="w_wlnv_msg"/></copyright-block><west-citation-block><bop/><first-line-cite><bos/>5/26/15 BANKSVCS (No Page)<eos/></first-line-cite><second-line-cite><bos/>5/26/15 ARKA Banking Services Bull. (Pg. Unavail. Online)<eos/></second-line-cite><westlawcite><bos/>2015 WLNR 15604289<eos/></westlawcite><eop/></west-citation-block></supplier-info><title-info iso-language="en"><bop/><title type="headline" nitf-hedline="hl1" key="key-title"><bos/><sort-title>ARMENIAN CARD COMPLETES 3D SECURE CERTIFICATION FOR VISA AND <cite.query w-seq-number="00001" w-ref-type="MM" w-normalized-cite="canonical_name::MASTERCARD" ID="I5cf08cc003e911e5b5aeb6eebf588683">MASTERCARD</cite.query> IN 2014</sort-title><eos/></title><eop/></title-info><pub-info><journal key="key-journal"><bop/><bos/><sort-journal>ARKA Banking Services Bulletin</sort-journal><eos/><eop/></journal><pub-date key="key-date" iso-time="T00:00:00Z" type="date.publication"><full-pub-date>May 26, 2015</full-pub-date><sort-pub-date>20150526</sort-pub-date><sort-pub-timestamp>20150526000000</sort-pub-timestamp><rank-date>20150526</rank-date><currency-timestamp>20150526000000</currency-timestamp></pub-date><original-pub><language iso-language="en">English</language></original-pub><src-data><src-journal-code>ANPY</src-journal-code><src-pub-code>0064119</src-pub-code><src-pub-type>Newsletter</src-pub-type><src-pub-country-wrap><src-pub-country-code>AM</src-pub-country-code><src-pub-country>Armenia</src-pub-country></src-pub-country-wrap><src-pub-region>Europe</src-pub-region></src-data></pub-info><content iso-language="en"><total-char-count>17828</total-char-count><derived-word-count><bop/><bos/>Word Count: 1470<eos/><eop/></derived-word-count><text type="lead-para"><p nitf="lede"><bop/><bos/>Exclusive interview of the executive director of Armenian Card payment system Ishkhan Mkhitaryan to ARKA News Agency:<eos/><eop/></p><p nitf="lede"><bop/><bos/>ARKA - Mr Mkhitaryan, what technological solutions and programs did the Armenian Card implement in 2014?<eos/><eop/></p></text><text type="body"><p><bop/><bos/>I. Mkhitaryan - In 2014 we have fully completed the certification works for 3D Secure transactions for <cite.query w-seq-number="00002" w-ref-type="MM" w-normalized-cite="canonical_name::VISA" ID="I5d085a8003e911e5b5aeb6eebf588683">Visa</cite.query> and <cite.query w-seq-number="00003" w-ref-type="MM" w-normalized-cite="canonical_name::MASTERCARD" ID="I5d085a8103e911e5b5aeb6eebf588683">MasterCard</cite.query>, and today the Internet payments are carried out through 3D Secure technology. <eos/><bos/>The acquiring part, i.e. registration of online sale outlets using the new technology, was launched back in December 2013. <eos/><bos/>Before the mentioned technology was introduced, the online shops registered within our system could accept payments exclusively through &quot;virtual cards&quot; (a product offered by our system) and MasterCards, whereas now the registration is possible without &quot;virtual cards&quot;, using <cite.query w-seq-number="00004" w-ref-type="MM" w-normalized-cite="canonical_name::MASTERCARD" ID="I5d085a8203e911e5b5aeb6eebf588683">MasterCard</cite.query>, <cite.query w-seq-number="00005" w-ref-type="MM" w-normalized-cite="canonical_name::VISA" ID="I5d085a8303e911e5b5aeb6eebf588683">Visa</cite.query> or ArCa. <eos/><bos/>Registration of a shopping outlet through this technology protects from unjustified chargebacks.<eos/><eop/></p><p><bop/><bos/>In 2014, all measures related to issuer&apos;s part were completed, which means if the bank issuer that is a member of our system has activated this services for <cite.query w-seq-number="00006" w-ref-type="MM" w-normalized-cite="canonical_name::MASTERCARD" ID="I5d137e1003e911e5b5aeb6eebf588683">MasterCard</cite.query> and <cite.query w-seq-number="00007" w-ref-type="MM" w-normalized-cite="canonical_name::VISA" ID="I5d137e1103e911e5b5aeb6eebf588683">Visa</cite.query>, then its card holders will see the &quot;Send Password&quot; button, while paying on different websites. <eos/><bos/>Pressing it they will get an sms with one-time password on their mobile phone registered with the bank. <eos/><bos/>Then putting the password into the required field, the cardholder makes the payment.<eos/><eop/></p><p><bop/><bos/>I want to mention that works are under way to ensure payments also through other payment system cards we offer services for. <eos/><bos/>The 3D Secure technology provided a completely new security level for payments with cards issued within our system and secured cardholders against unauthorized access to their card data.<eos/><eop/></p><p><bop/><bos/>Let me remind you that this technology gets the issuing bank involved in the purchase process. <eos/><bos/>The cardholder is always checked for identity while making the payment through 3D Secure technology. <eos/><bos/>First, the vendor requests the client to provide his card details and then, transfers the information and the payment amount to the respective payment system (<cite.query w-seq-number="00008" w-ref-type="MM" w-normalized-cite="canonical_name::VISA" ID="I5d283e9003e911e5b5aeb6eebf588683">Visa</cite.query>, <cite.query w-seq-number="00009" w-ref-type="MM" w-normalized-cite="canonical_name::MASTERCARD" ID="I5d283e9103e911e5b5aeb6eebf588683">MasterCard</cite.query>, and etc.), which, in turn, passes the data on to the card issuing bank that provides its secured website link for an additional checkup in response. <eos/><bos/>The software of the online shop opens this website for the client in a separate web-browser window. <eos/><bos/>The client needs a password for identification (which is sent through sms in this case), and he is the only one knowing this password. <eos/><bos/>This way a secure communication channel is established between the client and the issuing bank, with no access for vendor or anybody else in the Internet. <eos/><bos/>The issuing bank verifies the cardholder and receives his authorization for the transaction. <eos/><bos/>Only after that the transaction is carried out on the vendor&apos;s website. <eos/><bos/>This means the card number is not enough for making a payment.<eos/><eop/></p><p><bop/><bos/>ARKA - Have there been any other innovative solutions implemented in the system?<eos/><eop/></p><p><bop/><bos/>I. Mkhitaryan - Large efforts have been made to modernize and enhance the efficiency of communication with banks at technical and technological levels, including the efficiency measures for file exchange, automation of many technological processes, which was impossible in the old system and used to hinder many processes. <eos/><bos/>This, no doubt, has finally had an impact on cardholders, particularly in terms of rapidity of crediting the account from the moment of the bank trasnactions. <eos/><bos/>This time span has reduced considerably. <eos/><bos/>There are already some systems that enable crediting the account in a limited period of time.<eos/><eop/></p><p><bop/><bos/>It should be also noted that a special module has been used since the new system was introduced in 2013 to prevent fraudulent transactions. <eos/><bos/>Based on the rules and the scenarios developed by each bank the system detects possible fraudulent transactions and can both warn the bank of possible fraud and cancel the transaction amid authorization, depending on the settings picked by the bank itself.<eos/><eop/></p><p><bop/><bos/>The participating banks are actively using this instrument to protect both their cardholders and merchants from intruders.<eos/><eop/></p><p><bop/><bos/>We also have a new project on information kiosks, for which certification and testing was completed in 2014. <eos/><bos/>I believe the bank that initiated this project will start soon developing a network of information kiosks. <eos/><bos/>It will be a terminal that both accepts and gives out cash, and is equipped with a touch screen for self-service. <eos/><bos/>This means, money can be deposited, payments against public services and loan payments can be made, fines can be paid, and etc.<eos/><eop/></p><p><bop/><bos/>Another thing to be mentioned is the completion of certification for contactless <cite.query w-seq-number="00010" w-ref-type="MM" w-normalized-cite="canonical_name::VISA" ID="I5d307bf003e911e5b5aeb6eebf588683">Visa</cite.query> cards. <eos/><bos/>As a technology provider, we have finished the works, and the system, in fact, is ready for launch and for Visa Pay Wave contactless card services.<eos/><eop/></p><p><bop/><bos/>ARKA - What exactly this system looks like?<eos/><eop/></p><p><bop/><bos/>I. Mkhitaryan - In fact, the trend is that eventually this will become the next development stage after chip cards. <eos/><bos/>The term speaks for itself. <eos/><bos/>In using a contactless card there is no need to insert the card into an ATM or POS terminal reader. <eos/><bos/>Waving a card is sufficient for an account chargeoff. <eos/><bos/>The technology gives a chance not to use cards as an instrument anymore for accessing the bank account. <eos/><bos/>There are already watches, fobs and other accessories designed with built-in chips.<eos/><eop/></p><p><bop/><bos/>ARKA - What are the advantage of contactless cards?<eos/><eop/></p><p><bop/><bos/>I. Mkhitaryan - The high speed of transaction processing is said to be the key advantage. <eos/><bos/>Usually, contactless terminals are installed in places where small fixed amounts are charged off, particularly in public transport, or where long queues are common, but where the amount is still not large for inserting the pin code or signing on a check. <eos/><bos/>Today these terminals are put in fast food chains, public transport, museums, coffee machines, and etc. <eos/><bos/>The payment process is getting much simpler and faster - you just pass by, wave the card and make the payment.<eos/><eop/></p><p><bop/><bos/>ARKA - What were Armenian Card&apos;s performance results at the end of the year?<eos/><eop/></p><p><bop/><bos/>I. Mkhitaryan - As of April 1, 2015, there were 1,619,167 active cards of the member banks used within Armenian Card payment system, including 728,567 local cards and 890,600 international cards. <eos/><bos/>Some 54,959 cards were issued in April, including 26,750 local cards and 28,209 international cards.<eos/><eop/></p><p><bop/><bos/>Number of active &quot;virtual&quot; cards in the system was 33,759 as of April 1, 2015.<eos/><eop/></p><p><bop/><bos/>There were also some 5,405 service outlets, 6,201 POS terminals and 1,036 ATMs in the system as of the beginning of April.<eos/><eop/></p><p><bop/><bos/>Let me mention also that in the period from April 1, 2014, to April 1, 2015, a total of 18,111,813 transactions were processed within the system worth a total of about 900.4 billion drams. <eos/><bos/>Of them, 7,366,578 transactions for a total of about 347.2 billion drams were carried out through <cite.query w-seq-number="00011" w-ref-type="CO" w-normalized-cite="I29423FE164C711DD9FAD9470E3C0242D" ID="I5d458a9003e911e5b5aeb6eebf588683">ArCa</cite.query> cards, 4,060,045 transactions amounting to a total of about 189.7 billion drams through <cite.query w-seq-number="00012" w-ref-type="MM" w-normalized-cite="canonical_name::MASTERCARD" ID="I5d458a9103e911e5b5aeb6eebf588683">MasterCard</cite.query> and some 6,685,190 transactions were processed through <cite.query w-seq-number="00013" w-ref-type="MM" w-normalized-cite="canonical_name::VISA" ID="I5d458a9203e911e5b5aeb6eebf588683">Visa</cite.query> (worth a total of about 363.5 billion drams).<eos/> -0-<eop/></p><section-title>CENTRAL BANK&apos;S MID-TERM AND LONG -TERM GOVERNMENT (TREASURY) COUPON BONDS AUCTIONS RESULTS</section-title><p xml:space="preserve"><bop/><bos/>Series	Issue date	Redemption. <eos/><bos/>Date	Issue amount (AMD. thous.)	Demand (AMD thous.)	Average weighted yield (%)	Placement amount
				Total	By tender bid		
AMGB01014C144	14.12.04	14.12.14	1200000	3044988	354000	9,2683	1200000000
AMGB10216155	21.06.05	21.06.15	1500000	3548200	3364000	8,0632	1500000000
AMGB12209174	20.09.05	20.09.17	1500000	3149000	3037800	7,7476	1500000000
AMGB1513C207	13.12.05	13.12.20	1500000	1180000	1091000	8,8226	1160000000
AMGB15213215	21.03.06	21.03.21	1500000	5216600	4896000	8,6602	1500000000
AMGB1513C207	24.03.06	13.12.20	340000	1520000	1520000	8,2400	340000000
AMGB10206164	20.06.06	20.06.16	1500000	2082000	1372000	9,8780	1372000000
AMGB11199178	19.09.06	19.09.17	1500000	4 169 440	3857000	9,6090	1500000000
AMGB10206164	22.09.06	20.06.16	128000	562 000	128000	9,1844	1372000000
AMGB1419C202	19.12.06	19.12.20	1500000	5 479 576	5 042 500	9,3692	1500000000
AMGB08203157	20.03.07	20.03.15	1500000	6 151 520	5 508 000	7,9896	1500000000
AMGB07196147  	19.06.07	19.06.14	1500000	5 311 720	4 839 000 	6,7366	1500000000
AMGB08189158	18.09.07	18.09.15	1500000	5 686 600	5 305 200	6,7188	1500000000
AMGB0718C145	18.12.07	18.12.14	1500000	3 251 000	3 021 000	9,4457	1500000000
AMGB10072186	07.02.08	07.02.18	3500000	5 122 253	4 837 253	9,8387	3500000000
AMGN60052135	12.02.08	05.02.13	3000000	2 570 000	2 230 000	8,4455	2270000000
AMGB20072283	26.02.08	07.02.28	1500000	1 705 000	1 520 000	11,0000	1500000000
AMGB20072283	13.03.08	07.02.28	3000000	2 155 800	1 965 800	11,0000	2095800000
AMGB10072186	20.03.08	07.02.18	3000000	3 440 000	2 820 000	9,8644	3000000000
AMGB10072186	10.04.08	07.02.18	2500000	2 280 460	2 155 460	9,9993	2220460000
AMGB20072283	12.06.08	07.02.28	2500000	790 000	665 000	11	690000000
AMGB20072283	11.09.08	07.02.28	1500000	450 000	375 000	10,99	405 000 000
AMGB10072186	18.09.08	07.02.18	1500000	375 000	300 000	10,00	300 000 000
AMGB20072283	12.03.09	07.02.28	1000000	107800	57800	12,8777	97800000
AMGB20072283	11.06.09	07.02.28	1000000	1497270	1310000	16,1259	1000000000
AMGB10072186	18.06.09	07.02.18	1000000	2464000	2250000	14,9051	1000000000
AMGB20072283	10.09.09	07.02.28	1000000	2622500	2275000	13,7087	1000000000
AMGB20072283	15.09.09	07.02.28	1000000	2404400	2057000	13,7359	1000000000
AMGB10072186	17.09.09	07.02.18	1000000	2034000	1774000	12,4827	1000000000
AMGB10072186	24.09.09	07.02.18	1000000	1436000	1201000	13,4099	1000000000
AMGB20072283	11.03.10	07.02.28	1000000	1833500	1773500	16,1623	1000000000
AMGN60163155	16.03.10	16.03.15	1000000	480000	410000	13,9992	210000000
AMGB10072186	18.03.10	07.02.18	1000000	720000	630000	15,4982	590000000
AMGN60163155	25.03.10	16.03.15	1000000	180000	130000	14,0000	110000000
AMGN60163155	29.04.10	16.03.15	1000000	1565000	1495000	14,9620	1000000000
AMGN60163155	27.05.10	16.03.15	1000000	3341000	3045000	15,5752	1000000000
AMGB20072283	10.06.10	07.02.28	1000000	3295000	2980000	15,6464	1000000000
AMGB20072283	15.06.10	07.02.28	n/a	2470000	2145000	15,4648	1000000000
AMGB10072186	17.06.10	07.02.18	1000000	3295000	2925000	14,2492	1000000000
AMGN60163155	22.06.10	16.03.15	1000000	3410000	3110000	13,4308	1000000000
AMGN60163155	15.07.10	16.03.15	1500000	2825000	2480000	13,1710	1500000000
AMGN60163155	20.07.10	16.03.15	n/a	2210000	2010000	13,5076	1500000000
AMGN60163155	10.08.10	16.03.15	1500000	1795000	1605000	14,1092	1500000000
AMGN60163155	19.08.10	16.03.15	1000000	1955000	1880000	14,7590	1000000000
AMGB20072283	09.09.10	07.02.28	3500000	2700000	2455000	16,4770	2260000000
AMGB10072186	16.09.10	07.02.18	3500000	3590450	3330450	15,4965	2620450000
AMGN6014Ð151	14.10.10	14.01.15	2500000	3425000	3225000	14,8700	2500000000
AMGN6014A151	09.12.10	14.10.15	2500000	7433662	6826212	14,4752	2500000000
AMGN6014A151	11.01.11	14.10.15	2000000	4580000	4250000	13,8539	2500000000
AMGN6014Ð151	08.02.11	14.10.15	n/a	5890000	5200000	142777	3000000000
AMGB10172218	17.03.11	17.02.21	4500000	5390000	 4800000	15.3604	4500000000
AMGN6014A151	12.04.11	17.04.16	3500000	7 918	7008000	14.0648	3500000000
AMGN60294166	10.05.11	14.05.17	2500000	4375000 	3910000	14.5638	2500000000
AMGB07172189	19.05.11	17.02.18	n/a	4140250	3800250	15,0532	3000000000
AMGB20072283	09.06.11	20.06.31	n/a	6933340	8173400	16.1929	4000000000
AMGB10172218	16.06.11	20.06.21	n/a	4110000	2790000	15.4270	3130000000
AMGN60294166	12.07.11	12.07.16	n/a	3385000	3010000	14.5960	2500000000
AMGN60294166	09.08.11	12.08.16	n/a	3800000	3340000	14.4941	3000000000
AMGB20072283	08.09.11	08.09.31	n/a	5291200	5006200	16.1360	3000000000
AMGN60294166	11.10.11	29.04.16	3000000	5740000	5100000	14.4228	3000000000
AMGN6029416	08.11.11	08.11.16	n/a	4180000	3900000	14.5215	3000000000
AMGB0717218	17.11.11	01.07.21	2014100	2734000	2344000	15.4663	2734000000
AMGB20072283	08.12.11	08.12.31	n/a	6784000	6434000	16.3922	4000000000
AMGN36294142	21.02.12	24.02.15	n/a	4619000	4269000	13.4002	2000000000
AMGN602941	10.04.12	10.04.17	n/a	3285000	2975000	14.5904	2500000000
AMGN36294142	17.04.12	20.04.15	n/a	4980000	4490000	13.2619	3000000000
AMGN36294167	18.02.14	29.04.16	4 000 000	10 227000	8 947  000	9.5841	4000000000
AMGN36294159	21.08.12	29.04.15	n/a	4471000	4201000	14.0162	3000000000
AMGB10172218	20.09.12	20.09. 32	3000000	3422000	3200000	15.9806	3000000000
AMGN36294159	20.11.12	29.04.15	3000000	3191900	2960000	14.0623	3000000000
AMGB20172323	13.12.12	13.12.32	4000000	4750000	4330000	16.4596	4000000000
AMGB10172218	20.12.12	20.12.22	3000000	1970000	1740000	15.9953	1310000000
AMGN60163155	25.12.12	25.12.17	2000000	2720000	2600000	14.2610 	2000000000
AMGN6014A151	25.12.12	25.12.17	2000000	3270000	3150000	14.3435	2000000000
AMGN60294174	10.01.13	10.01.18	3500000	2945000	2700000	15.3846	2810000000
AMGB10172218	14.02.13	14.02.23	3000000	4230000	3960000	15.9659	3000000000
AMGB20172323	14.03.13	17.02.32	4000000	6552500	6250000	16.4337	4000000000
AMGN60294174	08.04.13	29.04.17	2000000	6645000	6010000	14.9824	2000000000
AMGB20172323	13.06.13	17.02.32	4500000	13165000	1174000	15.8326	4500000000
AMGN60294182	09.07.13	18.04.18	4000000	8570000	7810000	13.7012 	4000000000
AMGB20172323	12.09.13	17.02.32	5000000	7721000	6376000	15.6449 	5000000000
AMGN60294182	17.09.13	17.09.18	4000000	8518000	7738000	13.6737 	4000000000
AMGB20172323	12.12.12	17.09.32	5000000	14619000	12514000	11.6385	5000000000
AMGB1029A232	13.11.14	29.10.23	2000000	5317000	4890000	10.3481	2000000000
AMGN36294175	18.11.14	29.04.17	2000000	6080000	5340000	8.2517	2000000000
AMGN60294190	14.10.14	29.04.19	2000000	10250000	8720000	9.6463	2000000000
AMGB20172323	11.09.14	18.09.32	5000000	13102844	11777844	11.8900	5000000000
AMGN60294190	16.09.14	29.0419	3000000	12595000	10890000	10.0872 	3000000000
AMGB1029A232	14.08.14	29.10.23	4000000	10185000	9545000	11.3053	4000000000
AMGN36294175	19.08.14	29.04.17	3000000	8856000	7660000	9.4636	3000000000
AMGN60294190	8.07.14	29.04.19	3000000	7846000	7136000	10.3712	3000000000
AMGN36294175	15.07.14	29.04.17	3000000	8077000	7011000	9.6391	3000000000<eos/><eop/></p><p><bop/><bos/>Note: AM-Armenia, <cite.query w-seq-number="00014" w-ref-type="NM" w-normalized-cite="canonical_name::G GOVERNMENT" ID="I5d525bd003e911e5b5aeb6eebf588683">G-Government</cite.query>, M-medium-term. <eos/><bos/>Next two figures designate days and months, followed by figures designating date of retirement (for example, . 07601 - June 7, 2001)<eos/><eop/></p><section-title>CENTRAL BANK&apos;S SHORT-TERM GOVERNMENT BONDS AUCTIONS RESULTS</section-title><p xml:space="preserve"><bop/><bos/>Series	Date	Redemption period (days)	Issue amount (AMD thous.)	Demand (AMD, thous.)	Average weighted yield (%)	Placement amount
				Total	By tender bid		
AMGT3919B123	20.02.12	273	500000	1705000	1705000	8.3976	500000000
AMGT3917C123	19.03.12	273	500000	1070000	1070000	8.7498	500000000
AMGT39141138	16.04.12	273	1500000	3513000	3413000	8.8523	1500000000
AMGT52065131	07.05.12	364	1500000	2850000	2850000	9.2489	1500000000
AMGT2612B125	14.05.12	182	500000	1514230	1500000	8.3073	500000000
AMGT39256134	25.10.2012	273	1500000	1765000	1765000	9.5198	1500000000
AMGT39198138	19.11.2012	273	Ð½/Ð´	 1070000	1050000	10.5000	970000000
AMGT13252133	26.11.2012	91	1500000	963600	943600	9.2421	1500000000
AMGT5202C130	03.12.2012	364	1500000	1200000	1200000	10.7236	1200000000
AMGT5202C130	03.12.12	364	Ð½/Ð´	1200000	1200000	11.0300	1200000000
AMGT26106136	10.12.12	182	Ð½/Ð´	653000	653000	10.0992	653000000
AMGT5202C130	03.12.12	364	Ð½/Ð´	1200000	1200000	11.0300	1200000000
AMGT26106136	10.12.12	182	Ð½/Ð´	653000	653000	10.0992	653000000
AMGT39169139	17.12.12	273	1500000	1927000	1874000	10.7530	1500000000
AMGT13253131	24.12.12	91	1500000	2110000	2102000	9.8950	1500000000
AMGT52201140	21.01.13	364	1000000	2,64000	2,540000	10.5152 	1000000000
AMGT13304132	29.01.13	91	500000	1550000	1550000	9.3199	500000000
AMGT26307130	29.01.13	182	500000	1675000	1675000	9.3979	500000000
AMGT3929A131	29.01.13	203	500000	2020000	2020000	10.000	500000000
AMGT52032149	04.02.13		1000000	2220250	2060000	10.0936	1000000000
AMGT13275134	25.02.13	91	500000	970000	970000	9.2050	500000000
AMGT26268134	25.02.13	182	500000	1250000	1250000	9.3441	500000000
AMGT3925B133	25.02.13	203	500000	1448000	1448000	9.5012	500000000
AMGT5203314	04.03.13	364	1000000	2350000	2250000	9.7841	1500000000
AMGT52103148	11.03.13	364	1000000	2381190	2281190	 9.7053	1000000000
AMGT13246135	25.03.13	91	500000	1263000	1203000	8.9928	500000000
AMGT26239135	25.03.13	182	500000	779035	729035	9.1370	500000000
AMGT3923C133	25.03.13	203	500000	1400000	1350000	9.1232	500000000
AMGT52273149	28.03.13	364	1000000	1658000	1590000	9.4405	1000000000
AMGT39011141 	03.04.13	273	1000000	1599000	1459000	9.2833	1000000000
AMGT52074141 	08.04.13	364	1000000	1827000	1728000	9.3948 	1000000000
AMGT39131147	15.04.13	273	1000000	1280000	1220000	9.1967	1000000000
AMGT2621A134	22.04.13	182	500000	864000	842000	8.9974	500000000
AMGT13227135	22.04.13	91	500000	724000	690000	8.8961	500000000
AMGT2618B137	20.05.13	26	1000000	426000	426000	8.9995 	147000000
AMGT52026141 	03.05.13	364	500000	1570800	155000	9.3243	500000000
AMGT39103146 	10.06.13	273	500000	1353900	1348300	9.0227	500000000
AMGT2616C137	17.06.13	182	500000	1401104	1395924	8.6692	500000000
AMGT13169139	17.06.13	91	500000	703000	703000	8.7112	500000000
AMGT52246145	25.06.13	364	500000	1575000	1575000	9.0786	500000000
AMGT52306147 	01.07.13	364	500000	1778661	1774632	8.9858	500000000
AMGT39104144 	11.07.13	273	500000	150000	142000	8.9643	500000000
AMGT26131142 	15.07.13	189	500000	230000	217000	 8.7866	96000000
AMGT39125149 	12.08.13	273	500000	1327400	1309500	8.8314	500000000
AMGT52246145	25.06.13	364	500000	1575000	1575000	9.0786	500000000
AMGT52019146 	02.09.13	364	500000	170450	160000	9.1887 	500000000
AMGT39096142 	09.09.13	273	500000	1100000	1085000	9.0953 	500000000
AMGT1323C133 	23.09.13	91	500000	612350	602350	8.9197	500000000
AMGT26243145	23.09.13	182	500000	635000	625000	9.0111	500000000
AMGT5206A148	07.10.13	364	500000	984000	935000	9.1374	500000000
AMGT39147143	11.10.13	273	500000	904000	837000	9.0140	500000000
AMGT26214146 	21.10.13	182	500000	905000 	 840000	9.0031	500000000
AMGT13271141 	28.10.13	91	500000	1330000	 1267000	8.7352	500000000
AMGT26195147 	18.11.13	182	500000	1257000	1242000	8.4981	500000000
AMGT26166148	16.11.13	182	500000	1450000	1355000	8.2530	500000000
AMGT26166148	16.11.13	182	500000	1450000	1355000	8.2530	500000000
AMGT13243140	23.12.13	91 	500 000 	691 000	636 000	8.1324 	500 000 000
AMGT52022157	3.02.14	364	500 000	1 160 000	1 095 000	8.2347	500 000 000
AMGT26188142	17.02.14	182	500 000	624 000	605 000	7.9996	500 000 000
AMGT13265143	24.02.14	91	500 000	675 000	605 000	7.8382	500 000 000
AMGT52023155	3.03.14	364	500 000	1 033 000	1 013 000	8.1945	500 000 000
AMGT26159143	17.03.14	182	500 000	877000	852000	7.9114 	500 000 000
AMGT13236144	24.03.14	91	500 000	692	677000	7.8301 	500 000 000
AMGT52064159 	7.04.14	364	500 000	880000	810 000	8.1990 	500 000 000
AMGT39121155	14.04.14	273	500 000	1232000	1120000	8.0294	500 000 000<eos/><eop/></p><p><bop/><bos/>Note: AM-Armenia, <cite.query w-seq-number="00015" w-ref-type="NM" w-normalized-cite="canonical_name::G GOVERNMENT" ID="I5d5d7f6003e911e5b5aeb6eebf588683">G-Government</cite.query>, S-short-term. <eos/><bos/>The next two figures designate days and months, followed by figures designating date of retirement (for example, 07601 - June 7, 2001).<eos/><eop/></p><section-title>PRICES FOR PRECIOUS METALS SET BY CENTRAL BANK OF ARMENIA AS OF 26.05.15</section-title><p xml:space="preserve"><bop/><bos/>ISO	Grams	Precious metals	In AMD	Changes
XAU	1	Standardized gold bars	18,578.23	61.17
XAG	1	Standardized silver bars	266.15	0.87
XPT	1	Standardized platinum bars	17,635.51	58.06<eos/><eop/></p></text></content><indexing iso-language="en" value-add="machine-generated"><classification-terms><pres-location-block><bop/><bos/><pres-location-wrap><pres-location>Armenia</pres-location><pres-location-code>ISOAM</pres-location-code><alt1-location-code>1AR09</alt1-location-code></pres-location-wrap><pres-location-wrap><pres-location>CIS Countries</pres-location><pres-location-code>CISSTAT</pres-location-code><alt1-location-code>1CI64</alt1-location-code></pres-location-wrap><pres-location-wrap><pres-location>Eastern Europe</pres-location><pres-location-code>GEOEEUR</pres-location-code><alt1-location-code>1EA48</alt1-location-code></pres-location-wrap><pres-location-wrap><pres-location>Europe</pres-location><pres-location-code>GEOEUR</pres-location-code><alt1-location-code>1EU83</alt1-location-code></pres-location-wrap><eos/><eop/></pres-location-block></classification-terms><classification-terms><pres-subject-block><bop/><bos/><pres-subject-wrap><pres-subject>CIS</pres-subject><pres-subject-code>GEOCIS</pres-subject-code><alt1-subject-code>1CI65</alt1-subject-code></pres-subject-wrap><pres-subject-wrap><pres-subject>World Organizations</pres-subject><pres-subject-code>GEOORGS</pres-subject-code><alt1-subject-code>1IN77</alt1-subject-code></pres-subject-wrap><eos/><eop/></pres-subject-block><pres-industry-block><bop/><bos/><pres-industry-wrap><pres-industry>Bank Operations</pres-industry><pres-industry-code>BANKOPS</pres-industry-code><alt1-industry-code>1BA31</alt1-industry-code></pres-industry-wrap><pres-industry-wrap><pres-industry>Banking</pres-industry><pres-industry-code>BANKOVER</pres-industry-code><alt1-industry-code>1BA20</alt1-industry-code></pres-industry-wrap><pres-industry-wrap><pres-industry>Card &amp; Payment Processing</pres-industry><pres-industry-code>CARDPROC</pres-industry-code><alt1-industry-code>1CA88</alt1-industry-code></pres-industry-wrap><pres-industry-wrap><pres-industry>Credit, Debit &amp; Value Cards</pres-industry><pres-industry-code>CCARDS</pres-industry-code><alt1-industry-code>1CR28</alt1-industry-code></pres-industry-wrap><pres-industry-wrap><pres-industry>Debit Cards</pres-industry><pres-industry-code>DEBCARDS</pres-industry-code><alt1-industry-code>1DE11</alt1-industry-code></pres-industry-wrap><pres-industry-wrap><pres-industry>E-Commerce Technology</pres-industry><pres-industry-code>INETCMRC</pres-industry-code><alt1-industry-code>1EC54</alt1-industry-code></pres-industry-wrap><pres-industry-wrap><pres-industry>Electronic Bill Payment</pres-industry><pres-industry-code>EBILLS</pres-industry-code><alt1-industry-code>1EL93</alt1-industry-code></pres-industry-wrap><pres-industry-wrap><pres-industry>Financial Services</pres-industry><pres-industry-code>FINSVC</pres-industry-code><alt1-industry-code>1FI37</alt1-industry-code></pres-industry-wrap><pres-industry-wrap><pres-industry>I.T.</pres-industry><pres-industry-code>ITOVER</pres-industry-code><alt1-industry-code>1IT96</alt1-industry-code></pres-industry-wrap><pres-industry-wrap><pres-industry>Retail Banking Services</pres-industry><pres-industry-code>RTBNKOVR</pres-industry-code><alt1-industry-code>1RE38</alt1-industry-code></pres-industry-wrap><eos/><eop/></pres-industry-block></classification-terms><classification-terms><rcs-block><rcs>G:B</rcs><rcs>G:A</rcs><rcs>G:B2</rcs><rcs>B:127</rcs><rcs>B:161</rcs><rcs>B:128</rcs><rcs>B:129</rcs><rcs>B:125</rcs><rcs>B:126</rcs><rcs>M:NL</rcs><rcs>G:AJ</rcs><rcs>G:Y</rcs><rcs>G:7I</rcs></rcs-block></classification-terms><extraction-terms><extr-company-block><bop/><bos/><norm-company oa-id="4295906742">ARCA BIOPHARMA INC</norm-company><norm-company-wrap occur-sequence="7,14"><norm-company-name>ARCA BIOPHARMA INC</norm-company-name><company-ids><oa-id>4295906742</oa-id><ric norm="ABIO.OQ">ABIO.OQ</ric></company-ids><company-classification><trbc-wrap><trbc type="RCS">B:1731</trbc><trbc type="2012">5620104012</trbc><trbc type="perm-id">4294951270</trbc></trbc-wrap></company-classification><relevancy engine="1C">0.2</relevancy><confidence engine="1C">0.81</confidence></norm-company-wrap><norm-company oa-id="4295902520">MASTERCARD INC</norm-company><norm-company-wrap occur-sequence="2,4,5,8,11,15"><norm-company-name>MASTERCARD INC</norm-company-name><company-ids><oa-id>4295902520</oa-id><ric norm="MA.N">MA.N</ric></company-ids><company-classification><trbc-wrap><trbc type="RCS">B:1236</trbc><trbc type="2012">5220304027</trbc><trbc type="perm-id">4294951765</trbc></trbc-wrap></company-classification><relevancy engine="1C">0.8</relevancy><confidence engine="1C">0.95</confidence></norm-company-wrap><norm-company oa-id="4298015179">VISA INC</norm-company><norm-company-wrap occur-sequence="1,3,6,9,10,12,13,16"><norm-company-name>VISA INC</norm-company-name><company-ids><oa-id>4298015179</oa-id><ric norm="V.N">V.N</ric></company-ids><company-classification><trbc-wrap><trbc type="RCS">B:1219</trbc><trbc type="2012">5220304010</trbc><trbc type="perm-id">4294951782</trbc></trbc-wrap></company-classification><relevancy engine="1C">0.8</relevancy><confidence engine="1C">0.87</confidence></norm-company-wrap><eos/><eop/></extr-company-block></extraction-terms><extraction-terms><extr-person-block><bop/><bos/><extr-person>Ishkhan Mkhitaryan</extr-person><extr-person-wrap><extr-person-name>Ishkhan Mkhitaryan</extr-person-name><relevancy engine="1C">0.8</relevancy></extr-person-wrap><eos/><eop/></extr-person-block></extraction-terms></indexing></document></n-docbody>
</n-document>
<n-document guid="I6a03a37003b711e58516aecd4f272f7e"><n-metadata><metadata.block><md.identifiers><md.cites><md.first.line.cite>5/26/15 NEWS 00:00:00</md.first.line.cite><md.second.line.cite>5/26/15 ARKA News Agency 00:00:00</md.second.line.cite></md.cites><md.uuid>I6a03a37003b711e58516aecd4f272f7e</md.uuid></md.identifiers><md.infotype>news</md.infotype><md.sortkeys><md.ordersequence>f47363bec</md.ordersequence></md.sortkeys><md.descriptions><md.title>GRANT THORNTON - FIRST ARMENIAN CERTIFIED PCI QSA COMPANY</md.title><md.westlawdescrip><md.readlist>READLIST</md.readlist></md.westlawdescrip></md.descriptions><md.dates><md.publisheddatetime>20150526102209</md.publisheddatetime><md.loaddate>20150526</md.loaddate><md.createddatetime>20150526102209</md.createddatetime></md.dates><md.subjects><md.subject><md.pubtype.name/><md.doctype.name>DNR</md.doctype.name><md.doctype.rank/><md.view>CNGE</md.view><md.view>RGEurope</md.view><md.view>PTNewswires</md.view><md.view>ARKANEWS0063786</md.view><md.view>INALLNEWS_ACTEST</md.view><md.view>INFARNEWS_AC</md.view><md.view>MARKETSEIKON_CN</md.view><md.view>MARKETSEIKON</md.view><md.view>CB_ASIAWIRES</md.view><md.view>INWIRES_AC</md.view><md.view>GULF_INTL</md.view><md.view>ININTNEWS_AC</md.view><md.view>ANZ_INTLOS</md.view><md.view>CLEAR_RF</md.view><md.view>INALLNEWS_AC</md.view><md.view>INNEWSINT_PRO</md.view><md.view>INBUSNEWS</md.view><md.view>INNEWSWORLD_PRO</md.view><md.view>INBUSNEWS_AC</md.view></md.subject></md.subjects><md.jurisdictions><md.jurisdiction><md.jurisstate>FE</md.jurisstate></md.jurisdiction></md.jurisdictions><md.publications><md.publication/><md.sourcepubid>ARKANEWS</md.sourcepubid></md.publications><md.royalty><md.royalty.code>84104</md.royalty.code></md.royalty></metadata.block><news.metadata.block><md.text.preview>COMPANIESYEREVAN, May 26, /ARKA/. Grant Thornton is the first Armenian company certified by the PCI (Payment Card Industry) Security Standards Council as a Qualified Security Assessor.</md.text.preview></news.metadata.block><newsplus.recommendable>1</newsplus.recommendable><n-view>CNGE</n-view><n-view>RGEurope</n-view><n-view>PTNewswires</n-view><n-view>ARKANEWS0063786</n-view><n-view>INALLNEWS_ACTEST</n-view><n-view>INFARNEWS_AC</n-view><n-view>MARKETSEIKON_CN</n-view><n-view>MARKETSEIKON</n-view><n-view>CB_ASIAWIRES</n-view><n-view>INWIRES_AC</n-view><n-view>GULF_INTL</n-view><n-view>ININTNEWS_AC</n-view><n-view>ANZ_INTLOS</n-view><n-view>CLEAR_RF</n-view><n-view>INALLNEWS_AC</n-view><n-view>INNEWSINT_PRO</n-view><n-view>INBUSNEWS</n-view><n-view>INNEWSWORLD_PRO</n-view><n-view>INBUSNEWS_AC</n-view><prism-stylesheet guid="Ia3024d301b6a11d89fc5f34981d3242f"/><prism-clipdate>20150526102209</prism-clipdate></n-metadata>
<n-docbody><document version="1" collection="D-ARKANEWS-T001" first-load-date="20150526102209" ip-product="ARKANEWS" royalty-id="84104" data-model="text" dtd-version="5.2.29" content-type="news" load-language="en"><supplier-info><supplier-num nitf="doc-id" nitf-regsrc="ARKA News Agency" type="accession">dec800073a8fc33c</supplier-num><internal-acc-num db-id="NEPRARKA" type="newz">20150526170.1_Vdec800073a8fc33c</internal-acc-num><rec-status><last-load-date>20150526102209</last-load-date><nitf-date ne="datereceived">20150526T14:56:39Z</nitf-date><nitf-date nitf="date-issue">20150526T00:00:00Z</nitf-date><last-provider-update>20150526145639</last-provider-update></rec-status><supplier-copyright>Copyright Â© 2015 ARKA<copyright-year/><copyright-holder>ARKA</copyright-holder></supplier-copyright><supplier-note nitf="urgency" nitf-ed-urg="4"/><supplier-dtds><dtd dtd-version="working" dtd-date="20150512T00:00:00Z">Canonical Taxonomy</dtd><dtd dtd-version="20150505" dtd-date="20150512T00:00:00Z">Mapping File</dtd></supplier-dtds><copyright-block type="dialog"><service-copyright n-include_guid="Ice671660f30811d88920000083149a14" n-include_collection="D-DIALOGCOPYRIGHTS-T001"/></copyright-block><copyright-block type="west"><service-copyright n-include_guid="I1DA35ED81DD211B281BAD200220BDFCA" n-include_collection="w_wlnv_msg"/></copyright-block><west-citation-block><bop/><first-line-cite><bos/>5/26/15 NEWS 00:00:00<eos/></first-line-cite><second-line-cite><bos/>5/26/15 ARKA News Agency 00:00:00<eos/></second-line-cite><eop/></west-citation-block></supplier-info><title-info iso-language="en"><bop/><title type="headline" nitf-hedline="hl1" key="key-title"><bos/><sort-title>GRANT THORNTON - FIRST ARMENIAN CERTIFIED PCI QSA COMPANY</sort-title><eos/></title><eop/></title-info><pub-info><journal key="key-journal"><bop/><bos/><sort-journal>ARKA News Agency</sort-journal><eos/><eop/></journal><pub-date key="key-date" iso-time="T00:00:00Z" type="date.publication"><full-pub-date>May 26, 2015</full-pub-date><sort-pub-date>20150526</sort-pub-date><sort-pub-timestamp>20150526000000</sort-pub-timestamp><rank-date>20150526</rank-date><currency-timestamp>20150526000000</currency-timestamp></pub-date><original-pub><language iso-language="en">English</language></original-pub><src-data><src-journal-code>ANPV</src-journal-code><src-pub-code>0063786</src-pub-code><src-pub-type>Newswire</src-pub-type><src-pub-country-wrap><src-pub-country-code>GE</src-pub-country-code><src-pub-country>Georgia CIS</src-pub-country></src-pub-country-wrap><src-pub-region>Europe</src-pub-region></src-data></pub-info><content iso-language="en"><total-char-count>2520</total-char-count><derived-word-count><bop/><bos/>Word Count: 357<eos/><eop/></derived-word-count><text type="lead-para"><p nitf="lede"><bop/>COMPANIES<eop/></p><p nitf="lede"><bop/><bos/>YEREVAN, May 26, /ARKA/. <eos/><bos/><cite.query w-seq-number="00001" w-ref-type="MM" w-normalized-cite="canonical_name::GRANT THORNTON" ID="I2440005003bb11e5b41882cb6687e40d">Grant Thornton</cite.query> is the first Armenian company certified by the PCI (Payment Card Industry) <cite.query w-seq-number="00002" w-ref-type="NM" w-normalized-cite="canonical_name::SECURITY STANDARDS COUNCIL" ID="I2440005103bb11e5b41882cb6687e40d">Security Standards Council</cite.query> as a Qualified Security Assessor.<eos/><eop/></p></text><text type="body"><p><bop/><bos/>According to a company&apos;s news release, Qualified Security Assessor (QSA) companies are organizations that have been qualified by the Council to assess compliance to the PCI Data Security Standard. <eos/><bos/>This certification comes to supplement the advanced Business Risk Services practice of <cite.query w-seq-number="00003" w-ref-type="MM" w-normalized-cite="canonical_name::GRANT THORNTON" ID="I244a609003bb11e5b41882cb6687e40d">Grant Thornton</cite.query> that supports clients in Armenia and CEMEA countries in determining their exposure to various risks and managing risk for improving operational efficiency of the business and providing compliance with local and industry regulatory requirements.<eos/><eop/></p><p><bop/><bos/>Vladislav Muradyan, Partner and Head of Business Risk Services department, provides insight into the new offering: &quot;The <cite.query w-seq-number="00004" w-ref-type="NM" w-normalized-cite="canonical_name::PCI SECURITY STANDARDS COUNCIL" ID="I245d4c5003bb11e5b41882cb6687e40d">PCI Security Standards Council</cite.query> is a professional body, founded by five global payment brands, that sets security standards for all payment card data processing organizations across the world. <eos/><bos/>Data processing organizations are required to comply with the <cite.query w-seq-number="00005" w-ref-type="NM" w-normalized-cite="canonical_name::DATA SECURITY STANDARDS" ID="I245d4c5103bb11e5b41882cb6687e40d">Data Security Standards</cite.query> and undergo an annual quality assessment. <eos/><bos/><cite.query w-seq-number="00006" w-ref-type="MM" w-normalized-cite="canonical_name::GRANT THORNTON" ID="I245d4c5203bb11e5b41882cb6687e40d">Grant Thornton</cite.query> is the only Armenian firm that is certified to perform the quality assessment, and we are happy to assist our financial sector clients in Armenia and CEMEA countries in fulfilling their data security obligations and compliance with industry standards&quot;.<eos/><eop/></p><p><bop/><bos/><cite.query w-seq-number="00007" w-ref-type="MM" w-normalized-cite="canonical_name::GRANT THORNTON" ID="I24622e5003bb11e5b41882cb6687e40d">Grant Thornton</cite.query> is the leading audit and advisory services firm in Armenia, providing a range of professional services to clients in public and private sectors. <eos/><bos/>The firm&apos;s profoundly developed advisory practice also includes a spectrum of business risk and business consulting services, with specialization in the fields of Technology audit and risk management; Enterprise risk management including operational, process and finance risk; Internal control and Internal audit; Corporate governance advisory, design and compliance; Business process re-engineering; and Information security and data protection.<eos/><eop/></p><p><bop/><bos/>The <cite.query w-seq-number="00008" w-ref-type="NM" w-normalized-cite="canonical_name::PCI SECURITY STANDARDS COUNCIL" ID="I247fef8003bb11e5b41882cb6687e40d">PCI Security Standards Council</cite.query> is an open global forum, launched in 2006, that is responsible for the development, management, education, and awareness of the Payment Card Industry (PCI) Security Standards. <eos/><bos/>The Council&apos;s five founding global payment brands - <cite.query w-seq-number="00009" w-ref-type="WC" w-normalized-cite="I6AE24172453C11DD902D0014224D2780" ID="I247fef8103bb11e5b41882cb6687e40d">American Express</cite.query>, Discover Financial Services, <cite.query w-seq-number="00010" w-ref-type="NM" w-normalized-cite="canonical_name::JCB INTL" ID="I247fef8203bb11e5b41882cb6687e40d">JCB International</cite.query>, <cite.query w-seq-number="00011" w-ref-type="MM" w-normalized-cite="canonical_name::MASTERCARD" ID="I247fef8303bb11e5b41882cb6687e40d">MasterCard</cite.query>, and <cite.query w-seq-number="00012" w-ref-type="CO" w-normalized-cite="I8E613450688F11DD8998C44458E1459D" ID="I247fef8403bb11e5b41882cb6687e40d">Visa Inc.</cite.query> - have agreed to incorporate the PCI DSS as the technical requirements of each of their data security compliance programs.-0-<eos/><eop/></p></text></content><indexing iso-language="en" value-add="machine-generated"><classification-terms><pres-location-block><bop/><bos/><pres-location-wrap><pres-location>Armenia</pres-location><pres-location-code>ISOAM</pres-location-code><alt1-location-code>1AR09</alt1-location-code></pres-location-wrap><pres-location-wrap><pres-location>CIS Countries</pres-location><pres-location-code>CISSTAT</pres-location-code><alt1-location-code>1CI64</alt1-location-code></pres-location-wrap><pres-location-wrap><pres-location>Eastern Europe</pres-location><pres-location-code>GEOEEUR</pres-location-code><alt1-location-code>1EA48</alt1-location-code></pres-location-wrap><pres-location-wrap><pres-location>Europe</pres-location><pres-location-code>GEOEUR</pres-location-code><alt1-location-code>1EU83</alt1-location-code></pres-location-wrap><eos/><eop/></pres-location-block></classification-terms><classification-terms><pres-subject-block><bop/><bos/><pres-subject-wrap><pres-subject>CIS</pres-subject><pres-subject-code>GEOCIS</pres-subject-code><alt1-subject-code>1CI65</alt1-subject-code></pres-subject-wrap><pres-subject-wrap><pres-subject>Risk Management</pres-subject><pres-subject-code>RISKMGMT</pres-subject-code><alt1-subject-code>1RI11</alt1-subject-code></pres-subject-wrap><pres-subject-wrap><pres-subject>World Organizations</pres-subject><pres-subject-code>GEOORGS</pres-subject-code><alt1-subject-code>1IN77</alt1-subject-code></pres-subject-wrap><eos/><eop/></pres-subject-block><pres-industry-block><bop/><bos/><pres-industry-wrap><pres-industry>Accounting</pres-industry><pres-industry-code>ACCNTING</pres-industry-code><alt1-industry-code>1AC78</alt1-industry-code></pres-industry-wrap><pres-industry-wrap><pres-industry>Accounting, Consulting &amp; Legal Services</pres-industry><pres-industry-code>CNSLTFPN</pres-industry-code><alt1-industry-code>1AC73</alt1-industry-code></pres-industry-wrap><pres-industry-wrap><pres-industry>Auditing</pres-industry><pres-industry-code>AUDITING</pres-industry-code><alt1-industry-code>1AU03</alt1-industry-code></pres-industry-wrap><pres-industry-wrap><pres-industry>Data Formatting Standards</pres-industry><pres-industry-code>DATAFORM</pres-industry-code><alt1-industry-code>1DA09</alt1-industry-code></pres-industry-wrap><pres-industry-wrap><pres-industry>Financial Services</pres-industry><pres-industry-code>FINSVC</pres-industry-code><alt1-industry-code>1FI37</alt1-industry-code></pres-industry-wrap><pres-industry-wrap><pres-industry>I.T.</pres-industry><pres-industry-code>ITOVER</pres-industry-code><alt1-industry-code>1IT96</alt1-industry-code></pres-industry-wrap><pres-industry-wrap><pres-industry>Insurance</pres-industry><pres-industry-code>INSUROVR</pres-industry-code><alt1-industry-code>1IN97</alt1-industry-code></pres-industry-wrap><pres-industry-wrap><pres-industry>Software</pres-industry><pres-industry-code>SOFOVER1</pres-industry-code><alt1-industry-code>1SO30</alt1-industry-code></pres-industry-wrap><eos/><eop/></pres-industry-block></classification-terms><classification-terms><rcs-block><rcs>G:B</rcs><rcs>G:A</rcs><rcs>G:B2</rcs><rcs>E:4E</rcs><rcs>B:125</rcs><rcs>G:Y</rcs><rcs>G:7I</rcs><rcs>E:E</rcs><rcs>B:161</rcs><rcs>M:NL</rcs><rcs>B:174</rcs><rcs>B:172</rcs><rcs>G:AJ</rcs><rcs>B:136</rcs></rcs-block></classification-terms><extraction-terms><extr-company-block><bop/><bos/><extr-company>JCB International</extr-company><extr-company-wrap><extr-company-name>JCB International</extr-company-name><relevancy engine="1C">0.2</relevancy><confidence engine="1C">0.9</confidence></extr-company-wrap><norm-company oa-id="4295902718">DISCOVER FINANCIAL SERVICES</norm-company><norm-company-wrap occur-sequence="6"><norm-company-name>DISCOVER FINANCIAL SERVICES</norm-company-name><company-ids><oa-id>4295902718</oa-id><ric norm="DFS.N">DFS.N</ric></company-ids><company-classification><trbc-wrap><trbc type="RCS">B:1621</trbc><trbc type="2012">5510103010</trbc><trbc type="perm-id">4294951380</trbc></trbc-wrap></company-classification><relevancy engine="1C">0.2</relevancy><confidence engine="1C">0.96</confidence></norm-company-wrap><norm-company oa-id="4297533201">GRANT THORNTON TAIYO ASG LLC</norm-company><norm-company-wrap occur-sequence="1,2,3,4,5"><norm-company-name>GRANT THORNTON TAIYO ASG LLC</norm-company-name><company-ids><oa-id>4297533201</oa-id></company-ids><relevancy engine="1C">0.8</relevancy><confidence engine="1C">0.81</confidence></norm-company-wrap><norm-company oa-id="4295902520">MASTERCARD INC</norm-company><norm-company-wrap occur-sequence="7"><norm-company-name>MASTERCARD INC</norm-company-name><company-ids><oa-id>4295902520</oa-id><ric norm="MA.N">MA.N</ric></company-ids><company-classification><trbc-wrap><trbc type="RCS">B:1236</trbc><trbc type="2012">5220304027</trbc><trbc type="perm-id">4294951765</trbc></trbc-wrap></company-classification><relevancy engine="1C">0.2</relevancy><confidence engine="1C">0.91</confidence></norm-company-wrap><norm-company oa-id="4298015179">VISA INC</norm-company><norm-company-wrap occur-sequence="8"><norm-company-name>VISA INC</norm-company-name><company-ids><oa-id>4298015179</oa-id><ric norm="V.N">V.N</ric></company-ids><company-classification><trbc-wrap><trbc type="RCS">B:1219</trbc><trbc type="2012">5220304010</trbc><trbc type="perm-id">4294951782</trbc></trbc-wrap></company-classification><relevancy engine="1C">0.2</relevancy><confidence engine="1C">0.99</confidence></norm-company-wrap><eos/><eop/></extr-company-block></extraction-terms><extraction-terms><extr-person-block><bop/><bos/><extr-person>Vladislav Muradyan</extr-person><extr-person-wrap><extr-person-name>Vladislav Muradyan</extr-person-name><relevancy engine="1C">0.2</relevancy></extr-person-wrap><eos/><eop/></extr-person-block></extraction-terms></indexing></document></n-docbody>
</n-document>
<n-document guid="Ifd3a117003c511e5bb01f0614dad9594"><n-metadata><metadata.block><md.identifiers><md.cites><md.first.line.cite>5/26/15 NEWS 00:00:00</md.first.line.cite><md.second.line.cite>5/26/15 ARKA News Agency 00:00:00</md.second.line.cite></md.cites><md.uuid>Ifd3a117003c511e5bb01f0614dad9594</md.uuid></md.identifiers><md.infotype>news</md.infotype><md.sortkeys><md.ordersequence>f47363bec</md.ordersequence></md.sortkeys><md.descriptions><md.title>ROSTELECOM NAMES WINNER OF &quot;TECHNOLOGY FOR LIFE - INTERNET AT SPEED OF LIGHT!&quot; COMPETITION</md.title><md.westlawdescrip><md.readlist>READLIST</md.readlist></md.westlawdescrip></md.descriptions><md.dates><md.publisheddatetime>20150526114232</md.publisheddatetime><md.loaddate>20150526</md.loaddate><md.createddatetime>20150526114232</md.createddatetime></md.dates><md.subjects><md.subject><md.pubtype.name/><md.doctype.name>DNR</md.doctype.name><md.doctype.rank/><md.view>CNGE</md.view><md.view>RGEurope</md.view><md.view>PTNewswires</md.view><md.view>ARKANEWS0063786</md.view><md.view>INALLNEWS_ACTEST</md.view><md.view>INFARNEWS_AC</md.view><md.view>MARKETSEIKON_CN</md.view><md.view>MARKETSEIKON</md.view><md.view>CB_ASIAWIRES</md.view><md.view>INWIRES_AC</md.view><md.view>GULF_INTL</md.view><md.view>ININTNEWS_AC</md.view><md.view>ANZ_INTLOS</md.view><md.view>CLEAR_RF</md.view><md.view>INALLNEWS_AC</md.view><md.view>INNEWSINT_PRO</md.view><md.view>INBUSNEWS</md.view><md.view>INNEWSWORLD_PRO</md.view><md.view>INBUSNEWS_AC</md.view></md.subject></md.subjects><md.jurisdictions><md.jurisdiction><md.jurisstate>FE</md.jurisstate></md.jurisdiction></md.jurisdictions><md.publications><md.publication/><md.sourcepubid>ARKANEWS</md.sourcepubid></md.publications><md.royalty><md.royalty.code>84104</md.royalty.code></md.royalty></metadata.block><news.metadata.block><md.text.preview>COMPANIESYEREVAN, May 26. / ARKA /. Rostelecom has named today Haykuhi Asatryan, a journalist from Armenia TV, the winner of a competition designed specifically for journalists called &quot;Technology for Life - the Internet at the Speed of Light!&quot;</md.text.preview></news.metadata.block><newsplus.recommendable>1</newsplus.recommendable><n-view>CNGE</n-view><n-view>RGEurope</n-view><n-view>PTNewswires</n-view><n-view>ARKANEWS0063786</n-view><n-view>INALLNEWS_ACTEST</n-view><n-view>INFARNEWS_AC</n-view><n-view>MARKETSEIKON_CN</n-view><n-view>MARKETSEIKON</n-view><n-view>CB_ASIAWIRES</n-view><n-view>INWIRES_AC</n-view><n-view>GULF_INTL</n-view><n-view>ININTNEWS_AC</n-view><n-view>ANZ_INTLOS</n-view><n-view>CLEAR_RF</n-view><n-view>INALLNEWS_AC</n-view><n-view>INNEWSINT_PRO</n-view><n-view>INBUSNEWS</n-view><n-view>INNEWSWORLD_PRO</n-view><n-view>INBUSNEWS_AC</n-view><prism-stylesheet guid="Ia3024d301b6a11d89fc5f34981d3242f"/><prism-clipdate>20150526114232</prism-clipdate></n-metadata>
<n-docbody><document version="1" collection="D-ARKANEWS-T001" first-load-date="20150526114232" ip-product="ARKANEWS" royalty-id="84104" data-model="text" dtd-version="5.2.29" content-type="news" load-language="en"><supplier-info><supplier-num nitf="doc-id" nitf-regsrc="ARKA News Agency" type="accession">a2990004799d612c</supplier-num><internal-acc-num db-id="NEPRARKA" type="newz">20150526170.1_Va2990004799d612c</internal-acc-num><rec-status><last-load-date>20150526114232</last-load-date><nitf-date ne="datereceived">20150526T16:40:59Z</nitf-date><nitf-date nitf="date-issue">20150526T00:00:00Z</nitf-date><last-provider-update>20150526164059</last-provider-update></rec-status><supplier-copyright>Copyright Â© 2015 ARKA<copyright-year/><copyright-holder>ARKA</copyright-holder></supplier-copyright><supplier-note nitf="urgency" nitf-ed-urg="4"/><supplier-dtds><dtd dtd-version="working" dtd-date="20150512T00:00:00Z">Canonical Taxonomy</dtd><dtd dtd-version="20150505" dtd-date="20150512T00:00:00Z">Mapping File</dtd></supplier-dtds><copyright-block type="dialog"><service-copyright n-include_guid="Ice671660f30811d88920000083149a14" n-include_collection="D-DIALOGCOPYRIGHTS-T001"/></copyright-block><copyright-block type="west"><service-copyright n-include_guid="I1DA35ED81DD211B281BAD200220BDFCA" n-include_collection="w_wlnv_msg"/></copyright-block><west-citation-block><bop/><first-line-cite><bos/>5/26/15 NEWS 00:00:00<eos/></first-line-cite><second-line-cite><bos/>5/26/15 ARKA News Agency 00:00:00<eos/></second-line-cite><eop/></west-citation-block></supplier-info><title-info iso-language="en"><bop/><title type="headline" nitf-hedline="hl1" key="key-title"><bos/><sort-title><cite.query w-seq-number="00001" w-ref-type="WC" w-normalized-cite="IF2142130453D11DD94140014224D2780" ID="I64491ff003c611e58a2aead88ff760a1">ROSTELECOM</cite.query> NAMES WINNER OF &quot;TECHNOLOGY FOR LIFE - INTERNET AT SPEED OF LIGHT!&quot; COMPETITION</sort-title><eos/></title><eop/></title-info><pub-info><journal key="key-journal"><bop/><bos/><sort-journal>ARKA News Agency</sort-journal><eos/><eop/></journal><pub-date key="key-date" iso-time="T00:00:00Z" type="date.publication"><full-pub-date>May 26, 2015</full-pub-date><sort-pub-date>20150526</sort-pub-date><sort-pub-timestamp>20150526000000</sort-pub-timestamp><rank-date>20150526</rank-date><currency-timestamp>20150526000000</currency-timestamp></pub-date><original-pub><language iso-language="en">English</language></original-pub><src-data><src-journal-code>ANPV</src-journal-code><src-pub-code>0063786</src-pub-code><src-pub-type>Newswire</src-pub-type><src-pub-country-wrap><src-pub-country-code>GE</src-pub-country-code><src-pub-country>Georgia CIS</src-pub-country></src-pub-country-wrap><src-pub-region>Europe</src-pub-region></src-data></pub-info><content iso-language="en"><total-char-count>1948</total-char-count><derived-word-count><bop/><bos/>Word Count: 287<eos/><eop/></derived-word-count><text type="lead-para"><p nitf="lede"><bop/>COMPANIES<eop/></p><p nitf="lede"><bop/><bos/>YEREVAN, May 26. / ARKA /. Rostelecom has named today Haykuhi Asatryan, a journalist from <cite.query w-seq-number="00002" w-ref-type="NM" w-normalized-cite="canonical_name::ARMENIA TV" ID="I64526ec003c611e58a2aead88ff760a1">Armenia TV</cite.query>, the winner of a competition designed specifically for journalists called &quot;Technology for Life - the Internet at the Speed of Light!&quot;<eos/><eop/></p></text><text type="body"><p><bop/><bos/>The annual competition was organized by Rostelecom jointly with <cite.query w-seq-number="00003" w-ref-type="MM" w-normalized-cite="canonical_name::HUAWEI" ID="I645bbd9003c611e58a2aead88ff760a1">Huawei</cite.query>, RAEC, Mikhailov &amp;amp; Partners and with information support from leading regional Russian and Armenian media. <eos/><bos/>The first competition was held in 2011 in Russia. <eos/><bos/>The first competition for Armenian journalists was announced in 2014 December.<eos/><eop/></p><p><bop/><bos/>The results of the competition were announced by Hayk Faramazyan, head of GNC-ALFA, the Armenian subsidiary of <cite.query w-seq-number="00004" w-ref-type="WC" w-normalized-cite="IF2142130453D11DD94140014224D2780" ID="I646114c003c611e58a2aead88ff760a1">Rostelecom</cite.query>, who singled out the importance of the competition and the professionalism of the participating journalists.<eos/><eop/></p><p><bop/><bos/>&quot;We will always support similar projects which help improve people&apos;s level of awareness about technological innovations in the Armenian market,&quot; said Faramazyan.<eos/><eop/></p><p><bop/><bos/><cite.query w-seq-number="00005" w-ref-type="NM" w-normalized-cite="canonical_name::ARKA" ID="I647279e003c611e58a2aead88ff760a1">ARKA</cite.query> news agency was awarded honorary diplomas, as well as gifts of the organizers. <eos/><bos/>The winner of the competition will visit Moscow in June and meet with other winners of regional rounds. <eos/><bos/>The names of Russian winners of the competition will be announced in Moscow. <eos/><bos/>In autumn 2015 a delegation, comprising the winners of the international competition will visit the headquarters of <cite.query w-seq-number="00006" w-ref-type="MM" w-normalized-cite="canonical_name::HUAWEI" ID="I647279e103c611e58a2aead88ff760a1">Huawei</cite.query> in Shenzhen (China).<eos/><eop/></p><p><bop/><bos/>The competition is designed for print media, radio and television journalists as well as bloggers covering ICT sector.<eos/><eop/></p><p><bop/><bos/>The jury for the Armenian media representatives comprised the executive director of the Union of <cite.query w-seq-number="00007" w-ref-type="NM" w-normalized-cite="canonical_name::INFORMATION TECHNOLOGY ENTERPRISES" ID="I64967ca003c611e58a2aead88ff760a1">Information Technology Enterprises</cite.query> (UITE) Karen Vardanyan, director of <cite.query w-seq-number="00008" w-ref-type="NM" w-normalized-cite="canonical_name::ENTERPRISE INCUBATOR FOUNDATION" ID="I64967ca103c611e58a2aead88ff760a1">Enterprise Incubator Foundation</cite.query> (EIF) Bagrat Yengibaryan, director of <cite.query w-seq-number="00009" w-ref-type="MM" w-normalized-cite="canonical_name::MICROSOFT" ID="I64967ca203c611e58a2aead88ff760a1">Microsoft</cite.query> Armenia Eva Yusyan, CEO of <cite.query w-seq-number="00010" w-ref-type="MM" w-normalized-cite="canonical_name::AMI" ID="I64967ca303c611e58a2aead88ff760a1">AMI</cite.query> News- ARMENIA Galina Davidyan, director of <cite.query w-seq-number="00011" w-ref-type="NM" w-normalized-cite="canonical_name::ARMENPRESS" ID="I64967ca403c611e58a2aead88ff760a1">Armenpress</cite.query> news agency Aram Ananyan, as well as the head of Public Relations of GNC-ALFA.<eos/><eop/></p><p><bop/><bos/>Winners of the previous contest visited the office of <cite.query w-seq-number="00012" w-ref-type="MM" w-normalized-cite="canonical_name::ERICSSON" ID="I64a1c74003c611e58a2aead88ff760a1">Ericsson</cite.query>. -0-<eos/><eop/></p></text></content><indexing iso-language="en" value-add="machine-generated"><classification-terms><pres-location-block><bop/><bos/><pres-location-wrap><pres-location>Armenia</pres-location><pres-location-code>ISOAM</pres-location-code><alt1-location-code>1AR09</alt1-location-code></pres-location-wrap><pres-location-wrap><pres-location>Asia</pres-location><pres-location-code>GEOASIA</pres-location-code><alt1-location-code>1AS61</alt1-location-code></pres-location-wrap><pres-location-wrap><pres-location>CIS Countries</pres-location><pres-location-code>CISSTAT</pres-location-code><alt1-location-code>1CI64</alt1-location-code></pres-location-wrap><pres-location-wrap><pres-location>Central Asia</pres-location><pres-location-code>GEOCASIA</pres-location-code><alt1-location-code>1CE93</alt1-location-code></pres-location-wrap><pres-location-wrap><pres-location>Eastern Europe</pres-location><pres-location-code>GEOEEUR</pres-location-code><alt1-location-code>1EA48</alt1-location-code></pres-location-wrap><pres-location-wrap><pres-location>Europe</pres-location><pres-location-code>GEOEUR</pres-location-code><alt1-location-code>1EU83</alt1-location-code></pres-location-wrap><pres-location-wrap><pres-location>Russia</pres-location><pres-location-code>ISORU</pres-location-code><alt1-location-code>1RU33</alt1-location-code></pres-location-wrap><eos/><eop/></pres-location-block></classification-terms><classification-terms><pres-subject-block><bop/><bos/><pres-subject-wrap><pres-subject>Board of Directors</pres-subject><pres-subject-code>BOARDDIR</pres-subject-code><alt1-subject-code>1BO47</alt1-subject-code></pres-subject-wrap><pres-subject-wrap><pres-subject>Business Management</pres-subject><pres-subject-code>BIZMGMT</pres-subject-code><alt1-subject-code>1BU42</alt1-subject-code></pres-subject-wrap><pres-subject-wrap><pres-subject>CIS</pres-subject><pres-subject-code>GEOCIS</pres-subject-code><alt1-subject-code>1CI65</alt1-subject-code></pres-subject-wrap><pres-subject-wrap><pres-subject>Corporate Events</pres-subject><pres-subject-code>BUSEVENT</pres-subject-code><alt1-subject-code>1CR05</alt1-subject-code></pres-subject-wrap><pres-subject-wrap><pres-subject>Corporate Groups &amp; Ownership</pres-subject><pres-subject-code>PTCPGRP</pres-subject-code><alt1-subject-code>1XO09</alt1-subject-code></pres-subject-wrap><pres-subject-wrap><pres-subject>Emerging Market Countries</pres-subject><pres-subject-code>EMERGING</pres-subject-code><alt1-subject-code>1EM65</alt1-subject-code></pres-subject-wrap><pres-subject-wrap><pres-subject>Executive Personnel Changes</pres-subject><pres-subject-code>EXECMOVE</pres-subject-code><alt1-subject-code>1EX23</alt1-subject-code></pres-subject-wrap><pres-subject-wrap><pres-subject>HR &amp; Labor Management</pres-subject><pres-subject-code>HRMOVER</pres-subject-code><alt1-subject-code>1HR87</alt1-subject-code></pres-subject-wrap><pres-subject-wrap><pres-subject>World Organizations</pres-subject><pres-subject-code>GEOORGS</pres-subject-code><alt1-subject-code>1IN77</alt1-subject-code></pres-subject-wrap><eos/><eop/></pres-subject-block><pres-industry-block><bop/><bos/><pres-industry-wrap><pres-industry>Broadcast TV</pres-industry><pres-industry-code>TVBROAD</pres-industry-code><alt1-industry-code>1BR25</alt1-industry-code></pres-industry-wrap><pres-industry-wrap><pres-industry>Entertainment</pres-industry><pres-industry-code>SHOWBIZ</pres-industry-code><alt1-industry-code>1EN08</alt1-industry-code></pres-industry-wrap><pres-industry-wrap><pres-industry>Public Television</pres-industry><pres-industry-code>PUBLICTV</pres-industry-code><alt1-industry-code>1PU41</alt1-industry-code></pres-industry-wrap><pres-industry-wrap><pres-industry>TV</pres-industry><pres-industry-code>TV</pres-industry-code><alt1-industry-code>1TV19</alt1-industry-code></pres-industry-wrap><pres-industry-wrap><pres-industry>Television Networks</pres-industry><pres-industry-code>NETWRKOP</pres-industry-code><alt1-industry-code>1TE85</alt1-industry-code></pres-industry-wrap><eos/><eop/></pres-industry-block></classification-terms><classification-terms><rcs-block><rcs>G:B</rcs><rcs>G:A</rcs><rcs>M:3</rcs><rcs>G:B2</rcs><rcs>E:4B</rcs><rcs>G:38</rcs><rcs>B:69</rcs><rcs>M:Z</rcs><rcs>G:Y</rcs><rcs>G:7I</rcs><rcs>E:C</rcs><rcs>B:95</rcs><rcs>B:92</rcs><rcs>B:91</rcs><rcs>B:86</rcs><rcs>G:1</rcs><rcs>B:94</rcs><rcs>M:H3</rcs><rcs>G:K</rcs><rcs>E:1</rcs><rcs>G:AJ</rcs></rcs-block></classification-terms><extraction-terms><extr-company-block><bop/><bos/><extr-company>AMI News</extr-company><extr-company-wrap><extr-company-name>AMI News</extr-company-name><relevancy engine="1C">0.2</relevancy><confidence engine="1C">0.85</confidence></extr-company-wrap><extr-company>Aram Ananyan</extr-company><extr-company-wrap><extr-company-name>Aram Ananyan</extr-company-name><relevancy engine="1C">0.2</relevancy><confidence engine="1C">0.89</confidence></extr-company-wrap><norm-company oa-id="5035458222">GNC ALFA CJSC</norm-company><norm-company-wrap occur-sequence="5,9"><norm-company-name>GNC ALFA CJSC</norm-company-name><company-ids><oa-id>5035458222</oa-id></company-ids><relevancy engine="1C">0.2</relevancy><confidence engine="1C">0.77</confidence></norm-company-wrap><norm-company oa-id="4296309931">HUAWEI TECHNOLOGIES CO LTD</norm-company><norm-company-wrap occur-sequence="4,7"><norm-company-name>HUAWEI TECHNOLOGIES CO LTD</norm-company-name><company-ids><oa-id>4296309931</oa-id></company-ids><company-classification><trbc-wrap><trbc type="RCS">B:1821</trbc><trbc type="2012">5810102014</trbc><trbc type="perm-id">4294951180</trbc></trbc-wrap></company-classification><relevancy engine="1C">0.2</relevancy><confidence engine="1C">0.7</confidence></norm-company-wrap><norm-company oa-id="4295890008">LM ERICSSON TELEPHONE CO</norm-company><norm-company-wrap occur-sequence="10"><norm-company-name>LM ERICSSON TELEPHONE CO</norm-company-name><company-ids><oa-id>4295890008</oa-id><ric norm="ERICb.ST">ERICb.ST</ric></company-ids><company-classification><trbc-wrap><trbc type="RCS">B:1750</trbc><trbc type="2012">5710201010</trbc><trbc type="perm-id">4294951251</trbc></trbc-wrap></company-classification><relevancy engine="1C">0.2</relevancy><confidence engine="1C">0.89</confidence></norm-company-wrap><norm-company oa-id="4295907168">MICROSOFT CORP</norm-company><norm-company-wrap occur-sequence="8"><norm-company-name>MICROSOFT CORP</norm-company-name><company-ids><oa-id>4295907168</oa-id><ric norm="MSFT.OQ">MSFT.OQ</ric></company-ids><company-classification><trbc-wrap><trbc type="RCS">B:1796</trbc><trbc type="2012">5720102010</trbc><trbc type="perm-id">4294951205</trbc></trbc-wrap></company-classification><relevancy engine="1C">0.2</relevancy><confidence engine="1C">0.82</confidence></norm-company-wrap><norm-company oa-id="4295887076">OPEN JOINT STOCK COMPANY LONG DISTANCE AND INTERNATIONAL TELECOMMUNICATIONS &quot;ROSTELECOM&quot;</norm-company><norm-company-wrap occur-sequence="1,2,3,6"><norm-company-name>OPEN JOINT STOCK COMPANY LONG DISTANCE AND INTERNATIONAL TELECOMMUNICATIONS &quot;ROSTELECOM&quot;</norm-company-name><company-ids><oa-id>4295887076</oa-id><ric norm="RTKM.MMO">RTKM.MMO</ric></company-ids><company-classification><trbc-wrap><trbc type="RCS">B:1811</trbc><trbc type="2012">5810101010</trbc><trbc type="perm-id">4294951190</trbc></trbc-wrap></company-classification><relevancy engine="1C">0.8</relevancy><confidence engine="1C">0.85</confidence></norm-company-wrap><eos/><eop/></extr-company-block></extraction-terms><extraction-terms><extr-person-block><bop/><bos/><extr-person>Haykuhi Asatryan</extr-person><extr-person-wrap><extr-person-name>Haykuhi Asatryan</extr-person-name><relevancy engine="1C">0.2</relevancy></extr-person-wrap><extr-person>Galina Davidyan</extr-person><extr-person-wrap><extr-person-name>Galina Davidyan</extr-person-name><relevancy engine="1C">0.2</relevancy></extr-person-wrap><extr-person>Bagrat Yengibaryan</extr-person><extr-person-wrap><extr-person-name>Bagrat Yengibaryan</extr-person-name><relevancy engine="1C">0.2</relevancy></extr-person-wrap><extr-person>Hayk Faramazyan</extr-person><extr-person-wrap><extr-person-name>Hayk Faramazyan</extr-person-name><relevancy engine="1C">0.2</relevancy></extr-person-wrap><extr-person>Karen Vardanyan</extr-person><extr-person-wrap><extr-person-name>Karen Vardanyan</extr-person-name><relevancy engine="1C">0.2</relevancy></extr-person-wrap><eos/><eop/></extr-person-block></extraction-terms></indexing></document></n-docbody>
</n-document>
<n-document guid="I1947c2d0ff9911e4aba2932a8f24b9f3"><n-metadata><metadata.block><md.identifiers><md.cites><md.first.line.cite>5/21/15 NEWS 00:00:00</md.first.line.cite><md.second.line.cite>5/21/15 ARKA News Agency 00:00:00</md.second.line.cite></md.cites><md.uuid>I1947c2d0ff9911e4aba2932a8f24b9f3</md.uuid></md.identifiers><md.infotype>news</md.infotype><md.sortkeys><md.ordersequence>f47363bec</md.ordersequence></md.sortkeys><md.descriptions><md.title>SIX BANKS FINED $5.6BN OVER RIGGING OF FOREX MARKETS</md.title><md.westlawdescrip><md.readlist>READLIST</md.readlist></md.westlawdescrip></md.descriptions><md.dates><md.publisheddatetime>20150521041047</md.publisheddatetime><md.loaddate>20150521</md.loaddate><md.createddatetime>20150521041047</md.createddatetime></md.dates><md.subjects><md.subject><md.pubtype.name/><md.doctype.name>DNR</md.doctype.name><md.doctype.rank/><md.view>CNGE</md.view><md.view>RGEurope</md.view><md.view>PTNewswires</md.view><md.view>ARKANEWS0063786</md.view><md.view>INALLNEWS_ACTEST</md.view><md.view>INFARNEWS_AC</md.view><md.view>MARKETSEIKON_CN</md.view><md.view>MARKETSEIKON</md.view><md.view>CB_ASIAWIRES</md.view><md.view>INWIRES_AC</md.view><md.view>GULF_INTL</md.view><md.view>ININTNEWS_AC</md.view><md.view>ANZ_INTLOS</md.view><md.view>CLEAR_RF</md.view><md.view>INALLNEWS_AC</md.view><md.view>INNEWSINT_PRO</md.view><md.view>INBUSNEWS</md.view><md.view>INNEWSWORLD_PRO</md.view><md.view>INBUSNEWS_AC</md.view></md.subject></md.subjects><md.jurisdictions><md.jurisdiction><md.jurisstate>FE</md.jurisstate></md.jurisdiction></md.jurisdictions><md.publications><md.publication/><md.sourcepubid>ARKANEWS</md.sourcepubid></md.publications><md.royalty><md.royalty.code>84104</md.royalty.code></md.royalty></metadata.block><news.metadata.block><md.text.preview>BANKING NEWSYEREVAN, May 21. /ARKA/. Six global banks will pay more than $5.6bn to settle allegations that they rigged foreign exchange markets, in a scandal the FBI said involved criminality &quot;on a massive scale&quot;, ft.com reported.</md.text.preview></news.metadata.block><n-view>CNGE</n-view><n-view>RGEurope</n-view><n-view>PTNewswires</n-view><n-view>ARKANEWS0063786</n-view><n-view>INALLNEWS_ACTEST</n-view><n-view>INFARNEWS_AC</n-view><n-view>MARKETSEIKON_CN</n-view><n-view>MARKETSEIKON</n-view><n-view>CB_ASIAWIRES</n-view><n-view>INWIRES_AC</n-view><n-view>GULF_INTL</n-view><n-view>ININTNEWS_AC</n-view><n-view>ANZ_INTLOS</n-view><n-view>CLEAR_RF</n-view><n-view>INALLNEWS_AC</n-view><n-view>INNEWSINT_PRO</n-view><n-view>INBUSNEWS</n-view><n-view>INNEWSWORLD_PRO</n-view><n-view>INBUSNEWS_AC</n-view><prism-stylesheet guid="Ia3024d301b6a11d89fc5f34981d3242f"/><prism-clipdate>20150521041047</prism-clipdate></n-metadata>
<n-docbody><document version="1" collection="D-ARKANEWS-T001" first-load-date="20150521041047" ip-product="ARKANEWS" royalty-id="84104" data-model="text" dtd-version="5.2.29" content-type="news" load-language="en"><supplier-info><supplier-num nitf="doc-id" nitf-regsrc="ARKA News Agency" type="accession">aae90000d5ff4f18</supplier-num><internal-acc-num db-id="NEPRARKA" type="newz">20150521170.1_Vaae90000d5ff4f18</internal-acc-num><rec-status><last-load-date>20150521041047</last-load-date><nitf-date ne="datereceived">20150521T09:09:34Z</nitf-date><nitf-date nitf="date-issue">20150521T00:00:00Z</nitf-date><last-provider-update>20150521090934</last-provider-update></rec-status><supplier-copyright>Copyright Â© 2015 ARKA<copyright-year/><copyright-holder>ARKA</copyright-holder></supplier-copyright><supplier-note nitf="urgency" nitf-ed-urg="4"/><supplier-dtds><dtd dtd-version="working" dtd-date="20150512T00:00:00Z">Canonical Taxonomy</dtd><dtd dtd-version="20150505" dtd-date="20150512T00:00:00Z">Mapping File</dtd></supplier-dtds><copyright-block type="dialog"><service-copyright n-include_guid="Ice671660f30811d88920000083149a14" n-include_collection="D-DIALOGCOPYRIGHTS-T001"/></copyright-block><copyright-block type="west"><service-copyright n-include_guid="I1DA35ED81DD211B281BAD200220BDFCA" n-include_collection="w_wlnv_msg"/></copyright-block><west-citation-block><bop/><first-line-cite><bos/>5/21/15 NEWS 00:00:00<eos/></first-line-cite><second-line-cite><bos/>5/21/15 ARKA News Agency 00:00:00<eos/></second-line-cite><eop/></west-citation-block></supplier-info><title-info iso-language="en"><bop/><title type="headline" nitf-hedline="hl1" key="key-title"><bos/><sort-title>SIX BANKS FINED $5.6BN OVER RIGGING OF <cite.query w-seq-number="00001" w-ref-type="WC" w-normalized-cite="I80D6A7500A7811E1BF01F0FFE736D5A6" ID="I7474c660092811e5971b8fd195d92894">FOREX</cite.query> MARKETS</sort-title><eos/></title><eop/></title-info><pub-info><journal key="key-journal"><bop/><bos/><sort-journal>ARKA News Agency</sort-journal><eos/><eop/></journal><pub-date key="key-date" iso-time="T00:00:00Z" type="date.publication"><full-pub-date>May 21, 2015</full-pub-date><sort-pub-date>20150521</sort-pub-date><sort-pub-timestamp>20150521000000</sort-pub-timestamp><rank-date>20150521</rank-date><currency-timestamp>20150521000000</currency-timestamp></pub-date><original-pub><language iso-language="en">English</language></original-pub><src-data><src-journal-code>ANPV</src-journal-code><src-pub-code>0063786</src-pub-code><src-pub-type>Newswire</src-pub-type><src-pub-country-wrap><src-pub-country-code>GE</src-pub-country-code><src-pub-country>Georgia CIS</src-pub-country></src-pub-country-wrap><src-pub-region>Europe</src-pub-region></src-data></pub-info><content iso-language="en"><total-char-count>822</total-char-count><derived-word-count><bop/><bos/>Word Count: 134<eos/><eop/></derived-word-count><text type="lead-para"><p nitf="lede"><bop/><bos/>BANKING NEWS<eos/><eop/></p><p nitf="lede"><bop/><bos/>YEREVAN, May 21. /ARKA/.<eos/><bos/>Six global banks will pay more than $5.6bn to settle allegations that they rigged foreign exchange markets, in a scandal the <cite.query w-seq-number="00002" w-ref-type="WC" w-normalized-cite="IB3ECADC056EF11E089AC8CE04EA54993" ID="I7478e510092811e5971b8fd195d92894">FBI</cite.query> said involved criminality &quot;on a massive scale&quot;, ft.com reported.<eos/><eop/></p></text><text type="body"><p><bop/><bos/>Four banks also agreed to plead guilty to conspiring to fix prices and rig bids in the $5.3tn a day forex market, in what they hope will draw a line under one of the biggest cases of misconduct in banking since the global financial crisis.<eos/><eop/></p><p><bop/><bos/>Announcing the settlement, the <cite.query w-seq-number="00003" w-ref-type="WC" w-normalized-cite="I9F70AA04453F11DD8CB60014224D2780" ID="I751bb4c0092811e5971b8fd195d92894">US Department of Justice</cite.query> said that between December 2007 and January 2013, traders at <cite.query w-seq-number="00004" w-ref-type="MM" w-normalized-cite="canonical_name::CITIGROUP" ID="I751bb4c1092811e5971b8fd195d92894">Citigroup</cite.query>, <cite.query w-seq-number="00005" w-ref-type="MM" w-normalized-cite="canonical_name::JPMORGAN CHASE" ID="I751bb4c2092811e5971b8fd195d92894">JPMorgan Chase</cite.query>, <cite.query w-seq-number="00006" w-ref-type="MM" w-normalized-cite="canonical_name::BARCLAYS" ID="I751bb4c3092811e5971b8fd195d92894">Barclays</cite.query> and <cite.query w-seq-number="00007" w-ref-type="MM" w-normalized-cite="canonical_name::ROYAL BANK OF SCOTLAND" ID="I751bb4c4092811e5971b8fd195d92894">Royal Bank of Scotland</cite.query> who described themselves as &quot;The Cartel&quot; used an exclusive chatroom and coded language to manipulate benchmark exchange rates, &quot;in an effort to increase their profits&quot;.<eos/>-0--<eop/></p></text></content><indexing iso-language="en" value-add="machine-generated"><classification-terms><pres-subject-block><bop/><bos/><pres-subject-wrap><pres-subject>Economic Indicators</pres-subject><pres-subject-code>ECONWRLD</pres-subject-code><alt1-subject-code>1EC19</alt1-subject-code></pres-subject-wrap><pres-subject-wrap><pres-subject>Economics &amp; Trade</pres-subject><pres-subject-code>TRADE</pres-subject-code><alt1-subject-code>1EC26</alt1-subject-code></pres-subject-wrap><pres-subject-wrap><pres-subject>Leading Economic Indicators</pres-subject><pres-subject-code>LEADECON</pres-subject-code><alt1-subject-code>1LE43</alt1-subject-code></pres-subject-wrap><eos/><eop/></pres-subject-block><pres-industry-block><bop/><bos/><pres-industry-wrap><pres-industry>Banking</pres-industry><pres-industry-code>BANKOVER</pres-industry-code><alt1-industry-code>1BA20</alt1-industry-code></pres-industry-wrap><pres-industry-wrap><pres-industry>Financial Services</pres-industry><pres-industry-code>FINSVC</pres-industry-code><alt1-industry-code>1FI37</alt1-industry-code></pres-industry-wrap><eos/><eop/></pres-industry-block></classification-terms><classification-terms><rcs-block><rcs>E:5</rcs><rcs>I:1H</rcs><rcs>B:127</rcs><rcs>E:9</rcs><rcs>B:128</rcs><rcs>B:125</rcs><rcs>B:126</rcs></rcs-block></classification-terms><extraction-terms><extr-company-block><bop/><bos/><norm-company oa-id="8589934333">BARCLAYS PLC</norm-company><norm-company-wrap occur-sequence="3"><norm-company-name>BARCLAYS PLC</norm-company-name><company-ids><oa-id>8589934333</oa-id><ric norm="BARC.L">BARC.L</ric></company-ids><company-classification><trbc-wrap><trbc type="RCS">B:1615</trbc><trbc type="2012">5510101010</trbc><trbc type="perm-id">4294951386</trbc></trbc-wrap></company-classification><relevancy engine="1C">0.2</relevancy><confidence engine="1C">0.9</confidence></norm-company-wrap><norm-company oa-id="8589934316">CITIGROUP INC</norm-company><norm-company-wrap occur-sequence="1"><norm-company-name>CITIGROUP INC</norm-company-name><company-ids><oa-id>8589934316</oa-id><ric norm="C.N">C.N</ric></company-ids><company-classification><trbc-wrap><trbc type="RCS">B:1615</trbc><trbc type="2012">5510101010</trbc><trbc type="perm-id">4294951386</trbc></trbc-wrap></company-classification><relevancy engine="1C">0.2</relevancy><confidence engine="1C">0.9</confidence></norm-company-wrap><norm-company oa-id="5000021791">JPMORGAN CHASE AND CO</norm-company><norm-company-wrap occur-sequence="2"><norm-company-name>JPMORGAN CHASE AND CO</norm-company-name><company-ids><oa-id>5000021791</oa-id><ric norm="JPM.N">JPM.N</ric></company-ids><company-classification><trbc-wrap><trbc type="RCS">B:1615</trbc><trbc type="2012">5510101010</trbc><trbc type="perm-id">4294951386</trbc></trbc-wrap></company-classification><relevancy engine="1C">0.2</relevancy><confidence engine="1C">0.89</confidence></norm-company-wrap><norm-company oa-id="8589934212">ROYAL BANK OF SCOTLAND GROUP PLC (THE)</norm-company><norm-company-wrap occur-sequence="4"><norm-company-name>ROYAL BANK OF SCOTLAND GROUP PLC (THE)</norm-company-name><company-ids><oa-id>8589934212</oa-id><ric norm="RBS.L">RBS.L</ric></company-ids><company-classification><trbc-wrap><trbc type="RCS">B:1615</trbc><trbc type="2012">5510101010</trbc><trbc type="perm-id">4294951386</trbc></trbc-wrap></company-classification><relevancy engine="1C">0.2</relevancy><confidence engine="1C">0.94</confidence></norm-company-wrap><eos/><eop/></extr-company-block></extraction-terms></indexing></document></n-docbody>
</n-document>
<n-document guid="I4c133fb0fd6d11e4a915f14bfe0df523"><n-metadata><metadata.block><md.identifiers><md.cites><md.first.line.cite>5/18/15 NEWS 00:00:00</md.first.line.cite><md.second.line.cite>5/18/15 ARKA News Agency 00:00:00</md.second.line.cite></md.cites><md.uuid>I4c133fb0fd6d11e4a915f14bfe0df523</md.uuid></md.identifiers><md.infotype>news</md.infotype><md.sortkeys><md.ordersequence>f47363bec</md.ordersequence></md.sortkeys><md.descriptions><md.title>&quot;ARMIX&quot; RECEIVES NEW NETWORK EQUIPMENT FROM VIVACELL-MTS</md.title><md.westlawdescrip><md.readlist>READLIST</md.readlist></md.westlawdescrip></md.descriptions><md.dates><md.publisheddatetime>20150518100016</md.publisheddatetime><md.loaddate>20150518</md.loaddate><md.createddatetime>20150518100016</md.createddatetime></md.dates><md.subjects><md.subject><md.pubtype.name/><md.doctype.name>DNR</md.doctype.name><md.doctype.rank/><md.view>CNGE</md.view><md.view>RGEurope</md.view><md.view>PTNewswires</md.view><md.view>ARKANEWS0063786</md.view><md.view>INALLNEWS_ACTEST</md.view><md.view>INFARNEWS_AC</md.view><md.view>MARKETSEIKON_CN</md.view><md.view>MARKETSEIKON</md.view><md.view>CB_ASIAWIRES</md.view><md.view>INWIRES_AC</md.view><md.view>GULF_INTL</md.view><md.view>ININTNEWS_AC</md.view><md.view>ANZ_INTLOS</md.view><md.view>CLEAR_RF</md.view><md.view>INALLNEWS_AC</md.view><md.view>INNEWSINT_PRO</md.view><md.view>INBUSNEWS</md.view><md.view>INNEWSWORLD_PRO</md.view><md.view>INBUSNEWS_AC</md.view></md.subject></md.subjects><md.jurisdictions><md.jurisdiction><md.jurisstate>FE</md.jurisstate></md.jurisdiction></md.jurisdictions><md.publications><md.publication/><md.sourcepubid>ARKANEWS</md.sourcepubid></md.publications><md.royalty><md.royalty.code>84104</md.royalty.code></md.royalty></metadata.block><news.metadata.block><md.text.preview>INFORMATION TECHNOLOGIESYEREVAN, May 18, /ARKA/ Armenian Internet Traffic Exchange Foundation &quot;Armix&quot; has received new network equipment gratis from VivaCell-MTS.</md.text.preview></news.metadata.block><newsplus.recommendable>1</newsplus.recommendable><n-view>CNGE</n-view><n-view>RGEurope</n-view><n-view>PTNewswires</n-view><n-view>ARKANEWS0063786</n-view><n-view>INALLNEWS_ACTEST</n-view><n-view>INFARNEWS_AC</n-view><n-view>MARKETSEIKON_CN</n-view><n-view>MARKETSEIKON</n-view><n-view>CB_ASIAWIRES</n-view><n-view>INWIRES_AC</n-view><n-view>GULF_INTL</n-view><n-view>ININTNEWS_AC</n-view><n-view>ANZ_INTLOS</n-view><n-view>CLEAR_RF</n-view><n-view>INALLNEWS_AC</n-view><n-view>INNEWSINT_PRO</n-view><n-view>INBUSNEWS</n-view><n-view>INNEWSWORLD_PRO</n-view><n-view>INBUSNEWS_AC</n-view><prism-stylesheet guid="Ia3024d301b6a11d89fc5f34981d3242f"/><prism-clipdate>20150518100016</prism-clipdate></n-metadata>
<n-docbody><document version="1" collection="D-ARKANEWS-T001" first-load-date="20150518100016" ip-product="ARKANEWS" royalty-id="84104" data-model="text" dtd-version="5.2.29" content-type="news" load-language="en"><supplier-info><supplier-num nitf="doc-id" nitf-regsrc="ARKA News Agency" type="accession">3a1800027bb93994</supplier-num><internal-acc-num db-id="NEPRARKA" type="newz">20150518170.1_V3a1800027bb93994</internal-acc-num><rec-status><last-load-date>20150518100016</last-load-date><nitf-date ne="datereceived">20150518T14:50:59Z</nitf-date><nitf-date nitf="date-issue">20150518T00:00:00Z</nitf-date><last-provider-update>20150518145059</last-provider-update></rec-status><supplier-copyright>Copyright Â© 2015 ARKA<copyright-year/><copyright-holder>ARKA</copyright-holder></supplier-copyright><supplier-note nitf="urgency" nitf-ed-urg="4"/><supplier-dtds><dtd dtd-version="working" dtd-date="20150512T00:00:00Z">Canonical Taxonomy</dtd><dtd dtd-version="20150505" dtd-date="20150512T00:00:00Z">Mapping File</dtd></supplier-dtds><copyright-block type="dialog"><service-copyright n-include_guid="Ice671660f30811d88920000083149a14" n-include_collection="D-DIALOGCOPYRIGHTS-T001"/></copyright-block><copyright-block type="west"><service-copyright n-include_guid="I1DA35ED81DD211B281BAD200220BDFCA" n-include_collection="w_wlnv_msg"/></copyright-block><west-citation-block><bop/><first-line-cite><bos/>5/18/15 NEWS 00:00:00<eos/></first-line-cite><second-line-cite><bos/>5/18/15 ARKA News Agency 00:00:00<eos/></second-line-cite><eop/></west-citation-block></supplier-info><title-info iso-language="en"><bop/><title type="headline" nitf-hedline="hl1" key="key-title"><bos/><sort-title>&quot;ARMIX&quot; RECEIVES NEW NETWORK EQUIPMENT FROM VIVACELL-MTS</sort-title><eos/></title><eop/></title-info><pub-info><journal key="key-journal"><bop/><bos/><sort-journal>ARKA News Agency</sort-journal><eos/><eop/></journal><pub-date key="key-date" iso-time="T00:00:00Z" type="date.publication"><full-pub-date>May 18, 2015</full-pub-date><sort-pub-date>20150518</sort-pub-date><sort-pub-timestamp>20150518000000</sort-pub-timestamp><rank-date>20150518</rank-date><currency-timestamp>20150518000000</currency-timestamp></pub-date><original-pub><language iso-language="en">English</language></original-pub><src-data><src-journal-code>ANPV</src-journal-code><src-pub-code>0063786</src-pub-code><src-pub-type>Newswire</src-pub-type><src-pub-country-wrap><src-pub-country-code>GE</src-pub-country-code><src-pub-country>Georgia CIS</src-pub-country></src-pub-country-wrap><src-pub-region>Europe</src-pub-region></src-data></pub-info><content iso-language="en"><total-char-count>1443</total-char-count><derived-word-count><bop/><bos/>Word Count: 217<eos/><eop/></derived-word-count><text type="lead-para"><p nitf="lede"><bop/><bos/><cite.query w-seq-number="00001" w-ref-type="WC" w-normalized-cite="I76DF065242BE11DDA1BC0014224D2780" ID="Ibbb504b0fd6e11e4bee2d1eb0093a35f">INFORMATION TECHNOLOGIES</cite.query><eos/><eop/></p><p nitf="lede"><bop/><bos/>YEREVAN, May 18, /ARKA/ Armenian Internet Traffic Exchange Foundation &quot;Armix&quot; has received new network equipment gratis from VivaCell-MTS.<eos/><eop/></p></text><text type="body"><p><bop/><bos/>The cutting-edge <cite.query w-seq-number="00002" w-ref-type="MM" w-normalized-cite="canonical_name::HP" ID="Ibbc8dad0fd6e11e4bee2d1eb0093a35f">HP</cite.query> DL 370 servers donated by VivaCell-MTS will ensure the uninterrupted operation of the Armenian part of the Internet traffic which is processed by &quot;Armix&quot;.<eos/><bos/> The equipment will also allow the operators, which have joined &quot;Armix&quot; to exchange Internet traffic with both 1 GB and 10 GB speed options.<eos/><eop/></p><p><bop/><bos/>Besides, the new servers will improve the access of operators, interconnected through &quot;Armix&quot; to <cite.query w-seq-number="00003" w-ref-type="MM" w-normalized-cite="canonical_name::GOOGLE" ID="Ibbd20290fd6e11e4bee2d1eb0093a35f">Google</cite.query> Global Cache-GGC and to the biggest provider of Armenian content &quot;Arm-Tube&quot; (www.arm-tube.am).<eos/><eop/></p><p><bop/><bos/>&quot;VivaCell-MTS provides continuous support to initiatives of creating and developing Armenian content, as well as to organizations regulating the operation of the Armenian part of the Internet. <eos/><bos/>This is how the Company understands and exercises the sustainable approach to the business and considers this an important precondition for the improvement of the sphere,&quot; stated VivaCell-MTS General Manager Ralph Yirikian.<eos/><eop/></p><p><bop/><bos/>VivaCell-MTS, as one of the initiators of Armenian Internet Traffic Exchange Foundation &quot;Armix&quot; and as a member of its board, continuously supports &quot;Armix&quot;, emphasizing the role of the organization in the development of the Armenian telecom infrastructures and the importance of numerous initiatives of &quot;Armix&quot; aimed at the development of the sphere.-0-<eos/><eop/></p></text></content><indexing iso-language="en" value-add="machine-generated"><classification-terms><pres-location-block><bop/><bos/><pres-location-wrap><pres-location>Armenia</pres-location><pres-location-code>ISOAM</pres-location-code><alt1-location-code>1AR09</alt1-location-code></pres-location-wrap><pres-location-wrap><pres-location>CIS Countries</pres-location><pres-location-code>CISSTAT</pres-location-code><alt1-location-code>1CI64</alt1-location-code></pres-location-wrap><pres-location-wrap><pres-location>Eastern Europe</pres-location><pres-location-code>GEOEEUR</pres-location-code><alt1-location-code>1EA48</alt1-location-code></pres-location-wrap><pres-location-wrap><pres-location>Europe</pres-location><pres-location-code>GEOEUR</pres-location-code><alt1-location-code>1EU83</alt1-location-code></pres-location-wrap><eos/><eop/></pres-location-block></classification-terms><classification-terms><pres-subject-block><bop/><bos/><pres-subject-wrap><pres-subject>Foundations</pres-subject><pres-subject-code>FDATIONS</pres-subject-code><alt1-subject-code>1FO95</alt1-subject-code></pres-subject-wrap><pres-subject-wrap><pres-subject>Philanthropy</pres-subject><pres-subject-code>DONATE</pres-subject-code><alt1-subject-code>1PH09</alt1-subject-code></pres-subject-wrap><pres-subject-wrap><pres-subject>Social Issues</pres-subject><pres-subject-code>PTSOCISS</pres-subject-code><alt1-subject-code>1SO05</alt1-subject-code></pres-subject-wrap><eos/><eop/></pres-subject-block><pres-industry-block><bop/><bos/><pres-industry-wrap><pres-industry>Internet</pres-industry><pres-industry-code>INTERNET</pres-industry-code><alt1-industry-code>1IN27</alt1-industry-code></pres-industry-wrap><pres-industry-wrap><pres-industry>Internet Technology</pres-industry><pres-industry-code>INFOHWY</pres-industry-code><alt1-industry-code>1IN39</alt1-industry-code></pres-industry-wrap><pres-industry-wrap><pres-industry>Internet Usage Statistics</pres-industry><pres-industry-code>WEBSTATS</pres-industry-code><alt1-industry-code>1IN79</alt1-industry-code></pres-industry-wrap><pres-industry-wrap><pres-industry>Passenger Transportation</pres-industry><pres-industry-code>PASSENGR</pres-industry-code><alt1-industry-code>1PA35</alt1-industry-code></pres-industry-wrap><pres-industry-wrap><pres-industry>Traffic</pres-industry><pres-industry-code>PTTRFF</pres-industry-code><alt1-industry-code>1TR52</alt1-industry-code></pres-industry-wrap><pres-industry-wrap><pres-industry>Transportation</pres-industry><pres-industry-code>GETRAN</pres-industry-code><alt1-industry-code>1TR48</alt1-industry-code></pres-industry-wrap><eos/><eop/></pres-industry-block></classification-terms><classification-terms><rcs-block><rcs>M:I4</rcs><rcs>G:B</rcs><rcs>G:A</rcs><rcs>G:B2</rcs><rcs>M:S</rcs><rcs>B:66</rcs><rcs>B:56</rcs><rcs>G:AJ</rcs><rcs>G:Y</rcs><rcs>G:7I</rcs></rcs-block></classification-terms><extraction-terms><extr-company-block><bop/><bos/><norm-company oa-id="4295899948">GOOGLE INC</norm-company><norm-company-wrap occur-sequence="5"><norm-company-name>GOOGLE INC</norm-company-name><company-ids><oa-id>4295899948</oa-id><ric norm="GOOGL.OQ">GOOGL.OQ</ric></company-ids><company-classification><trbc-wrap><trbc type="RCS">B:1805</trbc><trbc type="2012">5720103011</trbc><trbc type="perm-id">4294951196</trbc></trbc-wrap></company-classification><relevancy engine="1C">0.2</relevancy><confidence engine="1C">0.81</confidence></norm-company-wrap><norm-company oa-id="4295904170">HEWLETT PACKARD CO</norm-company><norm-company-wrap occur-sequence="3"><norm-company-name>HEWLETT PACKARD CO</norm-company-name><company-ids><oa-id>4295904170</oa-id><ric norm="HPQ.N">HPQ.N</ric></company-ids><company-classification><trbc-wrap><trbc type="RCS">B:1758</trbc><trbc type="2012">5710601010</trbc><trbc type="perm-id">4294951243</trbc></trbc-wrap></company-classification><relevancy engine="1C">0.8</relevancy><confidence engine="1C">0.82</confidence></norm-company-wrap><norm-company oa-id="4297889741">K TELECOM CJSC</norm-company><norm-company-wrap occur-sequence="1,2,4,6,7"><norm-company-name>K TELECOM CJSC</norm-company-name><company-ids><oa-id>4297889741</oa-id></company-ids><relevancy engine="1C">0.8</relevancy><confidence engine="1C">0.87</confidence></norm-company-wrap><eos/><eop/></extr-company-block></extraction-terms><extraction-terms><extr-person-block><bop/><bos/><extr-person>Ralph Yirikian</extr-person><extr-person-wrap><extr-person-name>Ralph Yirikian</extr-person-name><relevancy engine="1C">0.2</relevancy></extr-person-wrap><eos/><eop/></extr-person-block></extraction-terms></indexing></document></n-docbody>
</n-document>
<n-document guid="Ibc312040fd7311e4b9ffd9aa9210b27f"><n-metadata><metadata.block><md.identifiers><md.cites><md.first.line.cite>5/18/15 NEWS 00:00:00</md.first.line.cite><md.second.line.cite>5/18/15 ARKA News Agency 00:00:00</md.second.line.cite></md.cites><md.uuid>Ibc312040fd7311e4b9ffd9aa9210b27f</md.uuid></md.identifiers><md.infotype>news</md.infotype><md.sortkeys><md.ordersequence>f47363bec</md.ordersequence></md.sortkeys><md.descriptions><md.title>EUROBOND TRANSACTIONS AT ARMENIA&apos;S SECONDARY MARKET STOOD AT $8 MLN IN MARCH</md.title><md.westlawdescrip><md.readlist>READLIST</md.readlist></md.westlawdescrip></md.descriptions><md.dates><md.publisheddatetime>20150518112919</md.publisheddatetime><md.loaddate>20150518</md.loaddate><md.createddatetime>20150518112919</md.createddatetime></md.dates><md.subjects><md.subject><md.pubtype.name/><md.doctype.name>DNR</md.doctype.name><md.doctype.rank/><md.view>CNGE</md.view><md.view>RGEurope</md.view><md.view>PTNewswires</md.view><md.view>ARKANEWS0063786</md.view><md.view>INALLNEWS_ACTEST</md.view><md.view>INFARNEWS_AC</md.view><md.view>MARKETSEIKON_CN</md.view><md.view>MARKETSEIKON</md.view><md.view>CB_ASIAWIRES</md.view><md.view>INWIRES_AC</md.view><md.view>GULF_INTL</md.view><md.view>ININTNEWS_AC</md.view><md.view>ANZ_INTLOS</md.view><md.view>CLEAR_RF</md.view><md.view>INALLNEWS_AC</md.view><md.view>INNEWSINT_PRO</md.view><md.view>INBUSNEWS</md.view><md.view>INNEWSWORLD_PRO</md.view><md.view>INBUSNEWS_AC</md.view></md.subject></md.subjects><md.jurisdictions><md.jurisdiction><md.jurisstate>FE</md.jurisstate></md.jurisdiction></md.jurisdictions><md.publications><md.publication/><md.sourcepubid>ARKANEWS</md.sourcepubid></md.publications><md.royalty><md.royalty.code>84104</md.royalty.code></md.royalty></metadata.block><news.metadata.block><md.text.preview>STOCK MARKETYEREVAN, May 18. / ARKA /. Eurobond transactions at Armenia&apos;s secondary market totaled $8 million in March 2015, down from $24.2 million in February, the Central Bank of Armenia says in its monthly bulletin for March.</md.text.preview></news.metadata.block><n-view>CNGE</n-view><n-view>RGEurope</n-view><n-view>PTNewswires</n-view><n-view>ARKANEWS0063786</n-view><n-view>INALLNEWS_ACTEST</n-view><n-view>INFARNEWS_AC</n-view><n-view>MARKETSEIKON_CN</n-view><n-view>MARKETSEIKON</n-view><n-view>CB_ASIAWIRES</n-view><n-view>INWIRES_AC</n-view><n-view>GULF_INTL</n-view><n-view>ININTNEWS_AC</n-view><n-view>ANZ_INTLOS</n-view><n-view>CLEAR_RF</n-view><n-view>INALLNEWS_AC</n-view><n-view>INNEWSINT_PRO</n-view><n-view>INBUSNEWS</n-view><n-view>INNEWSWORLD_PRO</n-view><n-view>INBUSNEWS_AC</n-view><prism-stylesheet guid="Ia3024d301b6a11d89fc5f34981d3242f"/><prism-clipdate>20150518112919</prism-clipdate></n-metadata>
<n-docbody><document version="1" collection="D-ARKANEWS-T001" first-load-date="20150518112919" ip-product="ARKANEWS" royalty-id="84104" data-model="text" dtd-version="5.2.29" content-type="news" load-language="en"><supplier-info><supplier-num nitf="doc-id" nitf-regsrc="ARKA News Agency" type="accession">356000011433d7f3</supplier-num><internal-acc-num db-id="NEPRARKA" type="newz">20150518170.1_V356000011433d7f3</internal-acc-num><rec-status><last-load-date>20150518112919</last-load-date><nitf-date ne="datereceived">20150518T15:37:04Z</nitf-date><nitf-date nitf="date-issue">20150518T00:00:00Z</nitf-date><last-provider-update>20150518153704</last-provider-update></rec-status><supplier-copyright>Copyright Â© 2015 ARKA<copyright-year/><copyright-holder>ARKA</copyright-holder></supplier-copyright><supplier-note nitf="urgency" nitf-ed-urg="4"/><supplier-dtds><dtd dtd-version="working" dtd-date="20150512T00:00:00Z">Canonical Taxonomy</dtd><dtd dtd-version="20150505" dtd-date="20150512T00:00:00Z">Mapping File</dtd></supplier-dtds><copyright-block type="dialog"><service-copyright n-include_guid="Ice671660f30811d88920000083149a14" n-include_collection="D-DIALOGCOPYRIGHTS-T001"/></copyright-block><copyright-block type="west"><service-copyright n-include_guid="I1DA35ED81DD211B281BAD200220BDFCA" n-include_collection="w_wlnv_msg"/></copyright-block><west-citation-block><bop/><first-line-cite><bos/>5/18/15 NEWS 00:00:00<eos/></first-line-cite><second-line-cite><bos/>5/18/15 ARKA News Agency 00:00:00<eos/></second-line-cite><eop/></west-citation-block></supplier-info><title-info iso-language="en"><bop/><title type="headline" nitf-hedline="hl1" key="key-title"><bos/><sort-title><cite.query w-seq-number="00001" w-ref-type="MM" w-normalized-cite="canonical_name::EUROBOND" ID="I50b80740fd7b11e48206a96faabd3f6d">EUROBOND</cite.query> TRANSACTIONS AT ARMENIA&apos;S SECONDARY MARKET STOOD AT $8 MLN IN MARCH</sort-title><eos/></title><eop/></title-info><pub-info><journal key="key-journal"><bop/><bos/><sort-journal>ARKA News Agency</sort-journal><eos/><eop/></journal><pub-date key="key-date" iso-time="T00:00:00Z" type="date.publication"><full-pub-date>May 18, 2015</full-pub-date><sort-pub-date>20150518</sort-pub-date><sort-pub-timestamp>20150518000000</sort-pub-timestamp><rank-date>20150518</rank-date><currency-timestamp>20150518000000</currency-timestamp></pub-date><original-pub><language iso-language="en">English</language></original-pub><src-data><src-journal-code>ANPV</src-journal-code><src-pub-code>0063786</src-pub-code><src-pub-type>Newswire</src-pub-type><src-pub-country-wrap><src-pub-country-code>GE</src-pub-country-code><src-pub-country>Georgia CIS</src-pub-country></src-pub-country-wrap><src-pub-region>Europe</src-pub-region></src-data></pub-info><content iso-language="en"><total-char-count>950</total-char-count><derived-word-count><bop/><bos/>Word Count: 151<eos/><eop/></derived-word-count><text type="lead-para"><p nitf="lede"><bop/><bos/>STOCK MARKET<eos/><eop/></p><p nitf="lede"><bop/><bos/>YEREVAN, May 18. / ARKA /. <cite.query w-seq-number="00002" w-ref-type="MM" w-normalized-cite="canonical_name::EUROBOND" ID="I50d04a30fd7b11e48206a96faabd3f6d">Eurobond</cite.query> transactions at Armenia&apos;s secondary market totaled $8 million in March 2015, down from $24.2 million in February, the <cite.query w-seq-number="00003" w-ref-type="CO" w-normalized-cite="I706C7C4142B311DDA5520014224D2780" ID="I50d04a31fd7b11e48206a96faabd3f6d">Central Bank of Armenia</cite.query> says in its monthly bulletin for March.<eos/><eop/></p></text><text type="body"><p><bop/><bos/>In March the average yield on Armenian Eurobonds was 6.35%, down from 6.63% in February.<eos/><eop/></p><p><bop/><bos/>The total amount of Armenian <cite.query w-seq-number="00004" w-ref-type="MM" w-normalized-cite="canonical_name::EUROBOND" ID="I50daaa70fd7b11e48206a96faabd3f6d">Eurobond</cite.query> transactions at the secondary market in the first quarter of 2015 was $64. 5 million with an average yield of 6.64%.<eos/><eop/></p><p><bop/><bos/>Armenia first issued $700 million worth dollar-denominated bonds in September 2013 at the yield of 6.25 percent. <eos/><bos/>The bulk was used to repay a $500 million Russian loan ten years ahead of schedule.<eos/><eop/></p><p><bop/><bos/>Armenia sold a second issue of $500 million 10-year dollar bond on March 19 paying a yield of 7.5%. <eos/><bos/><cite.query w-seq-number="00005" w-ref-type="MM" w-normalized-cite="canonical_name::DEUTSCHE BANK" ID="I521c5230fd7b11e48206a96faabd3f6d">Deutsche Bank</cite.query>, <cite.query w-seq-number="00006" w-ref-type="MM" w-normalized-cite="canonical_name::HSBC BANK" ID="I521c5231fd7b11e48206a96faabd3f6d">HSBC Bank</cite.query> and <cite.query w-seq-number="00007" w-ref-type="MM" w-normalized-cite="canonical_name::JP MORGAN" ID="I521c5232fd7b11e48206a96faabd3f6d">JP Morgan</cite.query> acted as underwriters. <eos/><bos/>Of that amount, about $205.8 million was spent to buy back part of the previous dollar bond issue carried out in 2013.-0-<eos/><eop/></p></text></content><indexing iso-language="en" value-add="machine-generated"><classification-terms><pres-location-block><bop/><bos/><pres-location-wrap><pres-location>Armenia</pres-location><pres-location-code>ISOAM</pres-location-code><alt1-location-code>1AR09</alt1-location-code></pres-location-wrap><pres-location-wrap><pres-location>CIS Countries</pres-location><pres-location-code>CISSTAT</pres-location-code><alt1-location-code>1CI64</alt1-location-code></pres-location-wrap><pres-location-wrap><pres-location>Eastern Europe</pres-location><pres-location-code>GEOEEUR</pres-location-code><alt1-location-code>1EA48</alt1-location-code></pres-location-wrap><pres-location-wrap><pres-location>Europe</pres-location><pres-location-code>GEOEUR</pres-location-code><alt1-location-code>1EU83</alt1-location-code></pres-location-wrap><eos/><eop/></pres-location-block></classification-terms><classification-terms><pres-subject-block><bop/><bos/><pres-subject-wrap><pres-subject>Bond Instruments</pres-subject><pres-subject-code>BONDINST</pres-subject-code><alt1-subject-code>1BO92</alt1-subject-code></pres-subject-wrap><pres-subject-wrap><pres-subject>Bond Issues</pres-subject><pres-subject-code>NEWBONDS</pres-subject-code><alt1-subject-code>1BO94</alt1-subject-code></pres-subject-wrap><pres-subject-wrap><pres-subject>CIS</pres-subject><pres-subject-code>GEOCIS</pres-subject-code><alt1-subject-code>1CI65</alt1-subject-code></pres-subject-wrap><pres-subject-wrap><pres-subject>Eurobonds</pres-subject><pres-subject-code>EUROBOND</pres-subject-code><alt1-subject-code>1EU87</alt1-subject-code></pres-subject-wrap><pres-subject-wrap><pres-subject>Funding Instruments</pres-subject><pres-subject-code>INVSTING</pres-subject-code><alt1-subject-code>1FU41</alt1-subject-code></pres-subject-wrap><pres-subject-wrap><pres-subject>World Organizations</pres-subject><pres-subject-code>GEOORGS</pres-subject-code><alt1-subject-code>1IN77</alt1-subject-code></pres-subject-wrap><eos/><eop/></pres-subject-block><pres-industry-block><bop/><bos/><pres-industry-wrap><pres-industry>Bonds</pres-industry><pres-industry-code>BONDS</pres-industry-code><alt1-industry-code>1BO97</alt1-industry-code></pres-industry-wrap><pres-industry-wrap><pres-industry>Financial Services</pres-industry><pres-industry-code>FINSVC</pres-industry-code><alt1-industry-code>1FI37</alt1-industry-code></pres-industry-wrap><pres-industry-wrap><pres-industry>Fixed Income Investments</pres-industry><pres-industry-code>FIXEDINV</pres-industry-code><alt1-industry-code>1FI12</alt1-industry-code></pres-industry-wrap><pres-industry-wrap><pres-industry>Investment Management</pres-industry><pres-industry-code>INVSTMAN</pres-industry-code><alt1-industry-code>1IN34</alt1-industry-code></pres-industry-wrap><pres-industry-wrap><pres-industry>Securities Investment</pres-industry><pres-industry-code>PTSECUR</pres-industry-code><alt1-industry-code>1SE57</alt1-industry-code></pres-industry-wrap><eos/><eop/></pres-industry-block></classification-terms><classification-terms><rcs-block><rcs>G:B</rcs><rcs>E:W</rcs><rcs>G:A</rcs><rcs>G:B2</rcs><rcs>B:125</rcs><rcs>B:126</rcs><rcs>G:Y</rcs><rcs>G:7I</rcs><rcs>A:U</rcs><rcs>E:5I</rcs><rcs>B:130</rcs><rcs>A:2</rcs><rcs>A:S</rcs><rcs>G:AJ</rcs></rcs-block></classification-terms><extraction-terms><extr-company-block><bop/><bos/><norm-company oa-id="4295869482">DEUTSCHE BANK AG</norm-company><norm-company-wrap occur-sequence="1"><norm-company-name>DEUTSCHE BANK AG</norm-company-name><company-ids><oa-id>4295869482</oa-id><ric norm="DBKGn.DE">DBKGn.DE</ric></company-ids><company-classification><trbc-wrap><trbc type="RCS">B:128</trbc><trbc type="2012">55101010</trbc><trbc type="perm-id">4294952873</trbc></trbc-wrap></company-classification><relevancy engine="1C">0.2</relevancy><confidence engine="1C">0.92</confidence></norm-company-wrap><norm-company oa-id="8589934275">HSBC HOLDINGS PLC</norm-company><norm-company-wrap occur-sequence="2"><norm-company-name>HSBC HOLDINGS PLC</norm-company-name><company-ids><oa-id>8589934275</oa-id><ric norm="HSBA.L">HSBA.L</ric></company-ids><company-classification><trbc-wrap><trbc type="RCS">B:1616</trbc><trbc type="2012">5510101011</trbc><trbc type="perm-id">4294951385</trbc></trbc-wrap></company-classification><relevancy engine="1C">0.2</relevancy><confidence engine="1C">0.94</confidence></norm-company-wrap><norm-company oa-id="5000021791">JPMORGAN CHASE AND CO</norm-company><norm-company-wrap occur-sequence="3"><norm-company-name>JPMORGAN CHASE AND CO</norm-company-name><company-ids><oa-id>5000021791</oa-id><ric norm="JPM.N">JPM.N</ric></company-ids><company-classification><trbc-wrap><trbc type="RCS">B:1615</trbc><trbc type="2012">5510101010</trbc><trbc type="perm-id">4294951386</trbc></trbc-wrap></company-classification><relevancy engine="1C">0.2</relevancy><confidence engine="1C">0.93</confidence></norm-company-wrap><eos/><eop/></extr-company-block></extraction-terms></indexing></document></n-docbody>
</n-document>
<n-document guid="Ib48e5160fae811e4942fd43595a944f9"><n-metadata><metadata.block><md.identifiers><md.cites><md.first.line.cite>5/15/15 NEWS 00:00:00</md.first.line.cite><md.second.line.cite>5/15/15 ARKA News Agency 00:00:00</md.second.line.cite></md.cites><md.uuid>Ib48e5160fae811e4942fd43595a944f9</md.uuid></md.identifiers><md.infotype>news</md.infotype><md.sortkeys><md.ordersequence>f47363bec</md.ordersequence></md.sortkeys><md.descriptions><md.title>VTB BANK (ARMENIA) IMPROVES ITS DEPOSIT PRODUCT LINE</md.title><md.westlawdescrip><md.readlist>READLIST</md.readlist></md.westlawdescrip></md.descriptions><md.dates><md.publisheddatetime>20150515050322</md.publisheddatetime><md.loaddate>20150515</md.loaddate><md.createddatetime>20150515050322</md.createddatetime></md.dates><md.subjects><md.subject><md.pubtype.name/><md.doctype.name>DNR</md.doctype.name><md.doctype.rank/><md.view>CNGE</md.view><md.view>RGEurope</md.view><md.view>PTNewswires</md.view><md.view>ARKANEWS0063786</md.view><md.view>INALLNEWS_ACTEST</md.view><md.view>INFARNEWS_AC</md.view><md.view>MARKETSEIKON_CN</md.view><md.view>MARKETSEIKON</md.view><md.view>CB_ASIAWIRES</md.view><md.view>INWIRES_AC</md.view><md.view>GULF_INTL</md.view><md.view>ININTNEWS_AC</md.view><md.view>ANZ_INTLOS</md.view><md.view>CLEAR_RF</md.view><md.view>INALLNEWS_AC</md.view><md.view>INNEWSINT_PRO</md.view><md.view>INBUSNEWS</md.view><md.view>INNEWSWORLD_PRO</md.view><md.view>INBUSNEWS_AC</md.view></md.subject></md.subjects><md.jurisdictions><md.jurisdiction><md.jurisstate>FE</md.jurisstate></md.jurisdiction></md.jurisdictions><md.publications><md.publication/><md.sourcepubid>ARKANEWS</md.sourcepubid></md.publications><md.royalty><md.royalty.code>84104</md.royalty.code></md.royalty></metadata.block><news.metadata.block><md.text.preview>BANKING NEWSYEREVAN, May 15. /ARKA/. VTB Bank (Armenia) has improved its deposit product line, the bank&apos;s press office reported.</md.text.preview></news.metadata.block><newsplus.recommendable/><n-view>CNGE</n-view><n-view>RGEurope</n-view><n-view>PTNewswires</n-view><n-view>ARKANEWS0063786</n-view><n-view>INALLNEWS_ACTEST</n-view><n-view>INFARNEWS_AC</n-view><n-view>MARKETSEIKON_CN</n-view><n-view>MARKETSEIKON</n-view><n-view>CB_ASIAWIRES</n-view><n-view>INWIRES_AC</n-view><n-view>GULF_INTL</n-view><n-view>ININTNEWS_AC</n-view><n-view>ANZ_INTLOS</n-view><n-view>CLEAR_RF</n-view><n-view>INALLNEWS_AC</n-view><n-view>INNEWSINT_PRO</n-view><n-view>INBUSNEWS</n-view><n-view>INNEWSWORLD_PRO</n-view><n-view>INBUSNEWS_AC</n-view><prism-stylesheet guid="Ia3024d301b6a11d89fc5f34981d3242f"/><prism-clipdate>20150515050322</prism-clipdate></n-metadata>
<n-docbody><document version="1" collection="D-ARKANEWS-T001" first-load-date="20150515050322" ip-product="ARKANEWS" royalty-id="84104" data-model="text" dtd-version="5.2.29" content-type="news" load-language="en"><supplier-info><supplier-num nitf="doc-id" nitf-regsrc="ARKA News Agency" type="accession">313a000439902fd3</supplier-num><internal-acc-num db-id="NEPRARKA" type="newz">20150515170.1_V313a000439902fd3</internal-acc-num><rec-status><last-load-date>20150515050322</last-load-date><nitf-date ne="datereceived">20150515T09:56:49Z</nitf-date><nitf-date nitf="date-issue">20150515T00:00:00Z</nitf-date><last-provider-update>20150515095649</last-provider-update></rec-status><supplier-copyright>Copyright Â© 2015 ARKA<copyright-year/><copyright-holder>ARKA</copyright-holder></supplier-copyright><supplier-note nitf="urgency" nitf-ed-urg="4"/><supplier-dtds><dtd dtd-version="working" dtd-date="20150512T00:00:00Z">Canonical Taxonomy</dtd><dtd dtd-version="20150505" dtd-date="20150512T00:00:00Z">Mapping File</dtd></supplier-dtds><copyright-block type="dialog"><service-copyright n-include_guid="Ice671660f30811d88920000083149a14" n-include_collection="D-DIALOGCOPYRIGHTS-T001"/></copyright-block><copyright-block type="west"><service-copyright n-include_guid="I1DA35ED81DD211B281BAD200220BDFCA" n-include_collection="w_wlnv_msg"/></copyright-block><west-citation-block><bop/><first-line-cite><bos/>5/15/15 NEWS 00:00:00<eos/></first-line-cite><second-line-cite><bos/>5/15/15 ARKA News Agency 00:00:00<eos/></second-line-cite><eop/></west-citation-block></supplier-info><title-info iso-language="en"><bop/><title type="headline" nitf-hedline="hl1" key="key-title"><bos/><sort-title><cite.query w-seq-number="00001" w-ref-type="CO" w-normalized-cite="IB9397CB0D0D811DF98F8FD3889AD24A2" ID="Iba741050fae911e4ba7fff7cb96819f4">VTB BANK</cite.query> (ARMENIA) IMPROVES ITS DEPOSIT PRODUCT LINE</sort-title><eos/></title><eop/></title-info><pub-info><journal key="key-journal"><bop/><bos/><sort-journal>ARKA News Agency</sort-journal><eos/><eop/></journal><pub-date key="key-date" iso-time="T00:00:00Z" type="date.publication"><full-pub-date>May 15, 2015</full-pub-date><sort-pub-date>20150515</sort-pub-date><sort-pub-timestamp>20150515000000</sort-pub-timestamp><rank-date>20150515</rank-date><currency-timestamp>20150515000000</currency-timestamp></pub-date><original-pub><language iso-language="en">English</language></original-pub><src-data><src-journal-code>ANPV</src-journal-code><src-pub-code>0063786</src-pub-code><src-pub-type>Newswire</src-pub-type><src-pub-country-wrap><src-pub-country-code>GE</src-pub-country-code><src-pub-country>Georgia CIS</src-pub-country></src-pub-country-wrap><src-pub-region>Europe</src-pub-region></src-data></pub-info><content iso-language="en"><total-char-count>2030</total-char-count><derived-word-count><bop/><bos/>Word Count: 305<eos/><eop/></derived-word-count><text type="lead-para"><p nitf="lede"><bop/><bos/>BANKING NEWS<eos/><eop/></p><p nitf="lede"><bop/><bos/>YEREVAN, May 15. /ARKA/. <eos/><bos/>VTB Bank (Armenia) has improved its deposit product line, the bank&apos;s press office reported.<eos/><eop/></p></text><text type="body"><p><bop/><bos/>VTB Bank (Armenia) offered its deposit holders to pick the deposit parameters, including term, currency, frequency of interest payments, and etc. <eos/><bos/>The annual interest rate is formed based on those parameters.<eos/><eop/></p><p><bop/><bos/>One of the main advantages for the deposit holder is the broad choice of frequencies for getting the interest paid. <eos/><bos/>In particular, deposit holders can be paid the interest while placing their deposits or on a monthly basis with/without interest capitalization and at the end of the deposit term. <eos/><bos/>The most interesting option offered is a special deposit with an opportunity to keep the accrued interest in the event of cancelling the deposit.<eos/><eop/></p><p><bop/><bos/>Deposits can be placed for 30 to 370 days at maximum rates AMD (17.5%), RUR (11%), USD (6.5%) and EUR (5.75%).<eos/><eop/></p><p><bop/><bos/>VTB Bank (Armenia) offers advantages for its loyal clients ((+0.25% to the rate of interest for deposits in Armenian drams), users of the Internet banking system, beneficiaries of instantaneous money transfers, social service pensioners, the social services and the law enforcement agencies.<eos/><eop/></p><p><bop/><bos/>The bank also offers a special product line for certain segments, particularly VTB-Social for social service pensioners, VTB-Childhood for kids, VTB-National for non-residents.<eos/><eop/></p><p><bop/><bos/>Deposit holders get free <cite.query w-seq-number="00002" w-ref-type="MM" w-normalized-cite="canonical_name::VISA" ID="Iba8ca160fae911e4ba7fff7cb96819f4">VISA</cite.query> or <cite.query w-seq-number="00003" w-ref-type="MM" w-normalized-cite="canonical_name::MASTERCARD" ID="Iba8ca161fae911e4ba7fff7cb96819f4">MasterCard</cite.query> from the bank.<eos/><eop/></p><p><bop/><bos/><cite.query w-seq-number="00004" w-ref-type="CO" w-normalized-cite="IB9397CB0D0D811DF98F8FD3889AD24A2" ID="Ibac20940fae911e4ba7fff7cb96819f4">VTB Bank</cite.query> Armenia (<cite.query w-seq-number="00005" w-ref-type="NM" w-normalized-cite="canonical_name::ARMENIAN SAVINGS BANK" ID="Ibac20941fae911e4ba7fff7cb96819f4">Armenian Savings Bank</cite.query> before June 2006) joined <cite.query w-seq-number="00006" w-ref-type="CO" w-normalized-cite="I5E22DEE0C55111DEAACEBB1B13A32B4A" ID="Ibac20942fae911e4ba7fff7cb96819f4">VTB Group</cite.query> in April 2004. <eos/><bos/>VTB, the second largest bank of Russia, holds 100% of shares of <cite.query w-seq-number="00007" w-ref-type="CO" w-normalized-cite="IB9397CB0D0D811DF98F8FD3889AD24A2" ID="Ibac20943fae911e4ba7fff7cb96819f4">VTB Bank</cite.query> (Armenia).<eos/><bos/> VTB Bank (Armenia) has 67 branches all over Armenia&apos;s territory - the largest branch network in the country. <eos/><bos/>The bank is reckoned among leaders for general indicators.<eos/><eop/></p><p><bop/><bos/>As of the end of March 2015, the bank&apos;s assets totaled <cite.query w-seq-number="00008" w-ref-type="CO" w-normalized-cite="I27218B6541EC11DDAD6B0014224D2780" ID="Ibad89e80fae911e4ba7fff7cb96819f4">AMD</cite.query> 328.5 billion (9% decline), and liabilities were <cite.query w-seq-number="00009" w-ref-type="CO" w-normalized-cite="I27218B6541EC11DDAD6B0014224D2780" ID="Ibad89e81fae911e4ba7fff7cb96819f4">AMD</cite.query> 298.6 billion (9.63% decline).<eos/><bos/> Its capital amounted to <cite.query w-seq-number="00010" w-ref-type="CO" w-normalized-cite="I27218B6541EC11DDAD6B0014224D2780" ID="Ibad89e82fae911e4ba7fff7cb96819f4">AMD</cite.query> 29.8 (2.7% reduction) and loan portfolio was <cite.query w-seq-number="00011" w-ref-type="CO" w-normalized-cite="I27218B6541EC11DDAD6B0014224D2780" ID="Ibad89e83fae911e4ba7fff7cb96819f4">AMD</cite.query> 211.7 billion (9.56% decline).<eos/><bos/> ($1 - AMD 481.74).<eos/><bos/> N.V. -0-<eos/><eop/></p></text></content><indexing iso-language="en" value-add="machine-generated"><classification-terms><pres-location-block><bop/><bos/><pres-location-wrap><pres-location>Armenia</pres-location><pres-location-code>ISOAM</pres-location-code><alt1-location-code>1AR09</alt1-location-code></pres-location-wrap><pres-location-wrap><pres-location>CIS Countries</pres-location><pres-location-code>CISSTAT</pres-location-code><alt1-location-code>1CI64</alt1-location-code></pres-location-wrap><pres-location-wrap><pres-location>Eastern Europe</pres-location><pres-location-code>GEOEEUR</pres-location-code><alt1-location-code>1EA48</alt1-location-code></pres-location-wrap><pres-location-wrap><pres-location>Europe</pres-location><pres-location-code>GEOEUR</pres-location-code><alt1-location-code>1EU83</alt1-location-code></pres-location-wrap><eos/><eop/></pres-location-block></classification-terms><classification-terms><pres-subject-block><bop/><bos/><pres-subject-wrap><pres-subject>CIS</pres-subject><pres-subject-code>GEOCIS</pres-subject-code><alt1-subject-code>1CI65</alt1-subject-code></pres-subject-wrap><pres-subject-wrap><pres-subject>World Organizations</pres-subject><pres-subject-code>GEOORGS</pres-subject-code><alt1-subject-code>1IN77</alt1-subject-code></pres-subject-wrap><eos/><eop/></pres-subject-block><pres-industry-block><bop/><bos/><pres-industry-wrap><pres-industry>Bank Marketing</pres-industry><pres-industry-code>BANKMKTG</pres-industry-code><alt1-industry-code>1BA80</alt1-industry-code></pres-industry-wrap><pres-industry-wrap><pres-industry>Banking</pres-industry><pres-industry-code>BANKOVER</pres-industry-code><alt1-industry-code>1BA20</alt1-industry-code></pres-industry-wrap><pres-industry-wrap><pres-industry>Commercial Banking Services</pres-industry><pres-industry-code>BANKCOML</pres-industry-code><alt1-industry-code>1CO19</alt1-industry-code></pres-industry-wrap><pres-industry-wrap><pres-industry>Financial Services</pres-industry><pres-industry-code>FINSVC</pres-industry-code><alt1-industry-code>1FI37</alt1-industry-code></pres-industry-wrap><pres-industry-wrap><pres-industry>Loans</pres-industry><pres-industry-code>LOANS</pres-industry-code><alt1-industry-code>1LO12</alt1-industry-code></pres-industry-wrap><pres-industry-wrap><pres-industry>Retail Banking Services</pres-industry><pres-industry-code>RTBNKOVR</pres-industry-code><alt1-industry-code>1RE38</alt1-industry-code></pres-industry-wrap><eos/><eop/></pres-industry-block></classification-terms><classification-terms><rcs-block><rcs>G:B</rcs><rcs>G:A</rcs><rcs>A:E</rcs><rcs>G:B2</rcs><rcs>B:127</rcs><rcs>B:128</rcs><rcs>B:125</rcs><rcs>B:129</rcs><rcs>B:126</rcs><rcs>G:Y</rcs><rcs>G:7I</rcs><rcs>B:131</rcs><rcs>G:AJ</rcs></rcs-block></classification-terms><extraction-terms><extr-company-block><bop/><bos/><extr-company>VTB Bank Armenia</extr-company><extr-company-wrap><extr-company-name>VTB Bank Armenia</extr-company-name><relevancy engine="1C">0.2</relevancy><confidence engine="1C">0.66</confidence></extr-company-wrap><norm-company oa-id="4295902520">MASTERCARD INC</norm-company><norm-company-wrap occur-sequence="9"><norm-company-name>MASTERCARD INC</norm-company-name><company-ids><oa-id>4295902520</oa-id><ric norm="MA.N">MA.N</ric></company-ids><company-classification><trbc-wrap><trbc type="RCS">B:1236</trbc><trbc type="2012">5220304027</trbc><trbc type="perm-id">4294951765</trbc></trbc-wrap></company-classification><relevancy engine="1C">0.2</relevancy><confidence engine="1C">0.91</confidence></norm-company-wrap><norm-company oa-id="4295887248">VTB BANK (OPEN JOINT STOCK COMPANY)</norm-company><norm-company-wrap occur-sequence="1,2,3,4,5,6,7,10,11,12"><norm-company-name>VTB BANK (OPEN JOINT STOCK COMPANY)</norm-company-name><company-ids><oa-id>4295887248</oa-id><ric norm="VTBR.MMO">VTBR.MMO</ric></company-ids><company-classification><trbc-wrap><trbc type="RCS">B:1615</trbc><trbc type="2012">5510101010</trbc><trbc type="perm-id">4294951386</trbc></trbc-wrap></company-classification><relevancy engine="1C">0.8</relevancy><confidence engine="1C">0.92</confidence></norm-company-wrap><norm-company oa-id="4298015179">VISA INC</norm-company><norm-company-wrap occur-sequence="8"><norm-company-name>VISA INC</norm-company-name><company-ids><oa-id>4298015179</oa-id><ric norm="V.N">V.N</ric></company-ids><company-classification><trbc-wrap><trbc type="RCS">B:1219</trbc><trbc type="2012">5220304010</trbc><trbc type="perm-id">4294951782</trbc></trbc-wrap></company-classification><relevancy engine="1C">0.2</relevancy><confidence engine="1C">0.74</confidence></norm-company-wrap><norm-company>VTB BANK (ARMENIA)</norm-company><norm-company-wrap><norm-company-name>VTB BANK (ARMENIA)</norm-company-name></norm-company-wrap><norm-company oa-id="4298487762">VTB BANK (ARMENIA) CLOSED JSK</norm-company><norm-company-wrap><norm-company-name>VTB BANK (ARMENIA) CLOSED JSK</norm-company-name><company-ids><oa-id>4298487762</oa-id></company-ids></norm-company-wrap><eos/><eop/></extr-company-block></extraction-terms></indexing></document></n-docbody>
</n-document>
<n-document guid="I5ab2ad20f99511e4a1a6fdfeb52dd72a"><n-metadata><metadata.block><md.identifiers><md.cites><md.first.line.cite>5/13/15 NEWS 00:00:00</md.first.line.cite><md.second.line.cite>5/13/15 ARKA News Agency 00:00:00</md.second.line.cite></md.cites><md.uuid>I5ab2ad20f99511e4a1a6fdfeb52dd72a</md.uuid></md.identifiers><md.infotype>news</md.infotype><md.sortkeys><md.ordersequence>f47363bec</md.ordersequence></md.sortkeys><md.descriptions><md.title>STEVE JOB&apos;S BUSINESS CARDS SOLD FOR $10,500</md.title><md.westlawdescrip><md.readlist>READLIST</md.readlist></md.westlawdescrip></md.descriptions><md.dates><md.publisheddatetime>20150513123309</md.publisheddatetime><md.loaddate>20150513</md.loaddate><md.createddatetime>20150513123309</md.createddatetime></md.dates><md.subjects><md.subject><md.pubtype.name/><md.doctype.name>DNR</md.doctype.name><md.doctype.rank/><md.view>CNGE</md.view><md.view>RGEurope</md.view><md.view>PTNewswires</md.view><md.view>ARKANEWS0063786</md.view><md.view>INALLNEWS_ACTEST</md.view><md.view>INFARNEWS_AC</md.view><md.view>MARKETSEIKON_CN</md.view><md.view>MARKETSEIKON</md.view><md.view>CB_ASIAWIRES</md.view><md.view>INWIRES_AC</md.view><md.view>GULF_INTL</md.view><md.view>ININTNEWS_AC</md.view><md.view>ANZ_INTLOS</md.view><md.view>CLEAR_RF</md.view><md.view>INALLNEWS_AC</md.view><md.view>INNEWSINT_PRO</md.view><md.view>INBUSNEWS</md.view><md.view>INNEWSWORLD_PRO</md.view><md.view>INBUSNEWS_AC</md.view></md.subject></md.subjects><md.jurisdictions><md.jurisdiction><md.jurisstate>FE</md.jurisstate></md.jurisdiction></md.jurisdictions><md.publications><md.publication/><md.sourcepubid>ARKANEWS</md.sourcepubid></md.publications><md.royalty><md.royalty.code>84104</md.royalty.code></md.royalty></metadata.block><news.metadata.block><md.text.preview>INFORMATION TECHNOLOGIESYEREVAN, May 13. / ARKA /. Three of Steve Job&apos;s past business cards were put up for auction at a private high school in California, and sold for over $10,000 to another CEO -- that of Stacks.co, iphones.ru reported..</md.text.preview></news.metadata.block><n-view>CNGE</n-view><n-view>RGEurope</n-view><n-view>PTNewswires</n-view><n-view>ARKANEWS0063786</n-view><n-view>INALLNEWS_ACTEST</n-view><n-view>INFARNEWS_AC</n-view><n-view>MARKETSEIKON_CN</n-view><n-view>MARKETSEIKON</n-view><n-view>CB_ASIAWIRES</n-view><n-view>INWIRES_AC</n-view><n-view>GULF_INTL</n-view><n-view>ININTNEWS_AC</n-view><n-view>ANZ_INTLOS</n-view><n-view>CLEAR_RF</n-view><n-view>INALLNEWS_AC</n-view><n-view>INNEWSINT_PRO</n-view><n-view>INBUSNEWS</n-view><n-view>INNEWSWORLD_PRO</n-view><n-view>INBUSNEWS_AC</n-view><prism-stylesheet guid="Ia3024d301b6a11d89fc5f34981d3242f"/><prism-clipdate>20150513123309</prism-clipdate></n-metadata>
<n-docbody><document version="1" collection="D-ARKANEWS-T001" first-load-date="20150513123309" ip-product="ARKANEWS" royalty-id="84104" data-model="text" dtd-version="5.2.29" content-type="news" load-language="en"><supplier-info><supplier-num nitf="doc-id" nitf-regsrc="ARKA News Agency" type="accession">f77d0000b1dc6288</supplier-num><internal-acc-num db-id="NEPRARKA" type="newz">20150513170.1_Vf77d0000b1dc6288</internal-acc-num><rec-status><last-load-date>20150513123309</last-load-date><nitf-date ne="datereceived">20150513T17:27:39Z</nitf-date><nitf-date nitf="date-issue">20150513T00:00:00Z</nitf-date><last-provider-update>20150513172739</last-provider-update></rec-status><supplier-copyright>Copyright Â© 2015 ARKA<copyright-year/><copyright-holder>ARKA</copyright-holder></supplier-copyright><supplier-note nitf="urgency" nitf-ed-urg="4"/><supplier-dtds><dtd dtd-version="working" dtd-date="20150512T00:00:00Z">Canonical Taxonomy</dtd><dtd dtd-version="20150505" dtd-date="20150512T00:00:00Z">Mapping File</dtd></supplier-dtds><copyright-block type="dialog"><service-copyright n-include_guid="Ice671660f30811d88920000083149a14" n-include_collection="D-DIALOGCOPYRIGHTS-T001"/></copyright-block><copyright-block type="west"><service-copyright n-include_guid="I1DA35ED81DD211B281BAD200220BDFCA" n-include_collection="w_wlnv_msg"/></copyright-block><west-citation-block><bop/><first-line-cite><bos/>5/13/15 NEWS 00:00:00<eos/></first-line-cite><second-line-cite><bos/>5/13/15 ARKA News Agency 00:00:00<eos/></second-line-cite><eop/></west-citation-block></supplier-info><title-info iso-language="en"><bop/><title type="headline" nitf-hedline="hl1" key="key-title"><bos/><sort-title><cite.query w-seq-number="00001" w-ref-type="NM" w-normalized-cite="canonical_name::STEVE JOBS BUSINESS" ID="I693d1960f99611e4a661ffe7677e2710">STEVE JOB&apos;S BUSINESS</cite.query> CARDS SOLD FOR $10,500</sort-title><eos/></title><eop/></title-info><pub-info><journal key="key-journal"><bop/><bos/><sort-journal>ARKA News Agency</sort-journal><eos/><eop/></journal><pub-date key="key-date" iso-time="T00:00:00Z" type="date.publication"><full-pub-date>May 13, 2015</full-pub-date><sort-pub-date>20150513</sort-pub-date><sort-pub-timestamp>20150513000000</sort-pub-timestamp><rank-date>20150513</rank-date><currency-timestamp>20150513000000</currency-timestamp></pub-date><original-pub><language iso-language="en">English</language></original-pub><src-data><src-journal-code>ANPV</src-journal-code><src-pub-code>0063786</src-pub-code><src-pub-type>Newswire</src-pub-type><src-pub-country-wrap><src-pub-country-code>GE</src-pub-country-code><src-pub-country>Georgia CIS</src-pub-country></src-pub-country-wrap><src-pub-region>Europe</src-pub-region></src-data></pub-info><content iso-language="en"><total-char-count>780</total-char-count><derived-word-count><bop/><bos/>Word Count: 138<eos/><eop/></derived-word-count><text type="lead-para"><p nitf="lede"><bop/><bos/><cite.query w-seq-number="00002" w-ref-type="WC" w-normalized-cite="I76DF065242BE11DDA1BC0014224D2780" ID="I69444550f99611e4a661ffe7677e2710">INFORMATION TECHNOLOGIES</cite.query><eos/><eop/></p><p nitf="lede"><bop/><bos/>YEREVAN, May 13. / ARKA /. Three of Steve Job&apos;s past business cards were put up for auction at a private high school in California, and sold for over $10,000 to another CEO -- that of Stacks.co, iphones.ru reported..<eos/><eop/></p></text><text type="body"><p><bop/><bos/>Tim Knowles paid $10,500 for the three cards, each representing a different chapter of Jobs&apos; life. <eos/><bos/>Used between 1984 and 1990, the cards show the late tech pioneer&apos;s contact information when he was president of NeXt as well as chairman of <cite.query w-seq-number="00003" w-ref-type="MM" w-normalized-cite="canonical_name::APPLE" ID="I694ca9c0f99611e4a661ffe7677e2710">Apple</cite.query> and PIXAR.<eos/><eop/></p><p><bop/><bos/>&quot;If there was ever a business card to have in your rolodex -- it would be Steve&apos;s -- we wouldn&apos;t be doing what we are doing right now if it wasn&apos;t for him!&quot; <eos/><bos/>Knowles said.<eos/><eop/></p><p><bop/><bos/>The cards were donated by a family who used to do catering for the CEO. <eos/><bos/>The opening bid for the cards was $600. -0-<eos/><eop/></p></text></content><indexing iso-language="en" value-add="machine-generated"><classification-terms><pres-industry-block><bop/><bos/><pres-industry-wrap><pres-industry>Banking</pres-industry><pres-industry-code>BANKOVER</pres-industry-code><alt1-industry-code>1BA20</alt1-industry-code></pres-industry-wrap><pres-industry-wrap><pres-industry>Credit, Debit &amp; Value Cards</pres-industry><pres-industry-code>CCARDS</pres-industry-code><alt1-industry-code>1CR28</alt1-industry-code></pres-industry-wrap><pres-industry-wrap><pres-industry>Debit Cards</pres-industry><pres-industry-code>DEBCARDS</pres-industry-code><alt1-industry-code>1DE11</alt1-industry-code></pres-industry-wrap><pres-industry-wrap><pres-industry>Financial Services</pres-industry><pres-industry-code>FINSVC</pres-industry-code><alt1-industry-code>1FI37</alt1-industry-code></pres-industry-wrap><pres-industry-wrap><pres-industry>Retail Banking Services</pres-industry><pres-industry-code>RTBNKOVR</pres-industry-code><alt1-industry-code>1RE38</alt1-industry-code></pres-industry-wrap><eos/><eop/></pres-industry-block></classification-terms><classification-terms><rcs-block><rcs>B:127</rcs><rcs>B:128</rcs><rcs>B:129</rcs><rcs>B:125</rcs><rcs>B:126</rcs></rcs-block></classification-terms><extraction-terms><extr-company-block><bop/><bos/><norm-company oa-id="4295905573">APPLE INC</norm-company><norm-company-wrap occur-sequence="1"><norm-company-name>APPLE INC</norm-company-name><company-ids><oa-id>4295905573</oa-id><ric norm="AAPL.OQ">AAPL.OQ</ric></company-ids><company-classification><trbc-wrap><trbc type="RCS">B:1758</trbc><trbc type="2012">5710601010</trbc><trbc type="perm-id">4294951243</trbc></trbc-wrap></company-classification><relevancy engine="1C">0.2</relevancy><confidence engine="1C">0.92</confidence></norm-company-wrap><norm-company oa-id="4295907635">PIXAR INC</norm-company><norm-company-wrap occur-sequence="2"><norm-company-name>PIXAR INC</norm-company-name><company-ids><oa-id>4295907635</oa-id></company-ids><company-classification><trbc-wrap><trbc type="RCS">B:95</trbc><trbc type="2012">53302030</trbc><trbc type="perm-id">4294952906</trbc></trbc-wrap></company-classification><relevancy engine="1C">0.2</relevancy><confidence engine="1C">0.93</confidence></norm-company-wrap><eos/><eop/></extr-company-block></extraction-terms><extraction-terms><extr-person-block><bop/><bos/><extr-person>Tim Knowles</extr-person><extr-person-wrap><extr-person-name>Tim Knowles</extr-person-name><relevancy engine="1C">0.2</relevancy></extr-person-wrap><extr-person>Steve Job</extr-person><extr-person-wrap><extr-person-name>Steve Job</extr-person-name><relevancy engine="1C">0.2</relevancy></extr-person-wrap><eos/><eop/></extr-person-block></extraction-terms></indexing></document></n-docbody>
</n-document>
<n-document guid="Ic4b01b90f34b11e4b3ba87967d95bf93"><n-metadata><metadata.block><md.identifiers><md.cites><md.first.line.cite>5/5/15 NEWS 00:00:00</md.first.line.cite><md.second.line.cite>5/5/15 ARKA News Agency 00:00:00</md.second.line.cite></md.cites><md.uuid>Ic4b01b90f34b11e4b3ba87967d95bf93</md.uuid></md.identifiers><md.infotype>news</md.infotype><md.sortkeys><md.ordersequence>f47363bec</md.ordersequence></md.sortkeys><md.descriptions><md.title>MICROSOFT RELEASES PUBLIC PREVIEW VERSION OF OFFICE 2016</md.title><md.westlawdescrip><md.readlist>READLIST</md.readlist></md.westlawdescrip></md.descriptions><md.dates><md.publisheddatetime>20150505123036</md.publisheddatetime><md.loaddate>20150505</md.loaddate><md.createddatetime>20150505123036</md.createddatetime></md.dates><md.subjects><md.subject><md.pubtype.name/><md.doctype.name>DNR</md.doctype.name><md.doctype.rank/><md.view>CNGE</md.view><md.view>RGEurope</md.view><md.view>PTNewswires</md.view><md.view>ARKANEWS0063786</md.view><md.view>INALLNEWS_ACTEST</md.view><md.view>INFARNEWS_AC</md.view><md.view>MARKETSEIKON_CN</md.view><md.view>MARKETSEIKON</md.view><md.view>CB_ASIAWIRES</md.view><md.view>INWIRES_AC</md.view><md.view>GULF_INTL</md.view><md.view>ININTNEWS_AC</md.view><md.view>ANZ_INTLOS</md.view><md.view>CLEAR_RF</md.view><md.view>INALLNEWS_AC</md.view><md.view>INNEWSINT_PRO</md.view><md.view>INBUSNEWS</md.view><md.view>INNEWSWORLD_PRO</md.view><md.view>INBUSNEWS_AC</md.view></md.subject></md.subjects><md.jurisdictions><md.jurisdiction><md.jurisstate>FE</md.jurisstate></md.jurisdiction></md.jurisdictions><md.publications><md.publication/><md.sourcepubid>ARKANEWS</md.sourcepubid></md.publications><md.royalty><md.royalty.code>84104</md.royalty.code></md.royalty></metadata.block><news.metadata.block><md.text.preview>INFORMATION TECHNOLOGIESYEREVAN, May 5. / ARKA /. A public preview version of Office 2016 has been released by Microsoft and is available for download now, iguides.ru said. The Microsoft Office 2016 public preview is available to Office 365</md.text.preview></news.metadata.block><n-view>CNGE</n-view><n-view>RGEurope</n-view><n-view>PTNewswires</n-view><n-view>ARKANEWS0063786</n-view><n-view>INALLNEWS_ACTEST</n-view><n-view>INFARNEWS_AC</n-view><n-view>MARKETSEIKON_CN</n-view><n-view>MARKETSEIKON</n-view><n-view>CB_ASIAWIRES</n-view><n-view>INWIRES_AC</n-view><n-view>GULF_INTL</n-view><n-view>ININTNEWS_AC</n-view><n-view>ANZ_INTLOS</n-view><n-view>CLEAR_RF</n-view><n-view>INALLNEWS_AC</n-view><n-view>INNEWSINT_PRO</n-view><n-view>INBUSNEWS</n-view><n-view>INNEWSWORLD_PRO</n-view><n-view>INBUSNEWS_AC</n-view><prism-stylesheet guid="Ia3024d301b6a11d89fc5f34981d3242f"/><prism-clipdate>20150505123036</prism-clipdate></n-metadata>
<n-docbody><document version="1" collection="D-ARKANEWS-T001" first-load-date="20150505123036" ip-product="ARKANEWS" royalty-id="84104" data-model="text" dtd-version="5.2.29" content-type="news" load-language="en"><supplier-info><supplier-num nitf="doc-id" nitf-regsrc="ARKA News Agency" type="accession">87f5000129a0ca26</supplier-num><internal-acc-num db-id="NEPRARKA" type="newz">20150505170.1_V87f5000129a0ca26</internal-acc-num><rec-status><last-load-date>20150505123036</last-load-date><nitf-date ne="datereceived">20150505T17:25:47Z</nitf-date><nitf-date nitf="date-issue">20150505T00:00:00Z</nitf-date><last-provider-update>20150505172547</last-provider-update></rec-status><supplier-copyright>Copyright Â© 2015 ARKA<copyright-year/><copyright-holder>ARKA</copyright-holder></supplier-copyright><supplier-note nitf="urgency" nitf-ed-urg="4"/><supplier-dtds><dtd dtd-version="working" dtd-date="20150415T00:00:00Z">Canonical Taxonomy</dtd><dtd dtd-version="20150407" dtd-date="20150415T00:00:00Z">Mapping File</dtd></supplier-dtds><copyright-block type="dialog"><service-copyright n-include_guid="Ice671660f30811d88920000083149a14" n-include_collection="D-DIALOGCOPYRIGHTS-T001"/></copyright-block><copyright-block type="west"><service-copyright n-include_guid="I1DA35ED81DD211B281BAD200220BDFCA" n-include_collection="w_wlnv_msg"/></copyright-block><west-citation-block><bop/><first-line-cite><bos/>5/5/15 NEWS 00:00:00<eos/></first-line-cite><second-line-cite><bos/>5/5/15 ARKA News Agency 00:00:00<eos/></second-line-cite><eop/></west-citation-block></supplier-info><title-info iso-language="en"><bop/><title type="headline" nitf-hedline="hl1" key="key-title"><bos/><sort-title><cite.query w-seq-number="00001" w-ref-type="MM" w-normalized-cite="canonical_name::MICROSOFT" ID="I97b9ae70f34c11e4aeec9dfe20ee1884">MICROSOFT</cite.query> RELEASES PUBLIC PREVIEW VERSION OF OFFICE 2016</sort-title><eos/></title><eop/></title-info><pub-info><journal key="key-journal"><bop/><bos/><sort-journal>ARKA News Agency</sort-journal><eos/><eop/></journal><pub-date key="key-date" iso-time="T00:00:00Z" type="date.publication"><full-pub-date>May 5, 2015</full-pub-date><sort-pub-date>20150505</sort-pub-date><sort-pub-timestamp>20150505000000</sort-pub-timestamp><rank-date>20150505</rank-date><currency-timestamp>20150505000000</currency-timestamp></pub-date><original-pub><language iso-language="en">English</language></original-pub><src-data><src-journal-code>ANPV</src-journal-code><src-pub-code>0063786</src-pub-code><src-pub-type>Newswire</src-pub-type><src-pub-country-wrap><src-pub-country-code>GE</src-pub-country-code><src-pub-country>Georgia CIS</src-pub-country></src-pub-country-wrap><src-pub-region>Europe</src-pub-region></src-data></pub-info><content iso-language="en"><total-char-count>973</total-char-count><derived-word-count><bop/><bos/>Word Count: 156<eos/><eop/></derived-word-count><text type="lead-para"><p nitf="lede"><bop/><bos/><cite.query w-seq-number="00002" w-ref-type="WC" w-normalized-cite="I76DF065242BE11DDA1BC0014224D2780" ID="I97c212e0f34c11e4aeec9dfe20ee1884">INFORMATION TECHNOLOGIES</cite.query><eos/><eop/></p><p nitf="lede"><bop/><bos/>YEREVAN, May 5. / ARKA /. A public preview version of Office 2016 has been released by <cite.query w-seq-number="00003" w-ref-type="MM" w-normalized-cite="canonical_name::MICROSOFT" ID="I97d74890f34c11e4aeec9dfe20ee1884">Microsoft</cite.query> and is available for download now, iguides.ru said. <eos/><bos/>The <cite.query w-seq-number="00004" w-ref-type="MM" w-normalized-cite="canonical_name::MICROSOFT" ID="I97d74891f34c11e4aeec9dfe20ee1884">Microsoft</cite.query> Office 2016 public preview is available to Office 365 subscribers, non-subscribers, home users as well as enterprise users.<eos/><eop/></p></text><text type="body"><p><bop/><bos/>The first preview, designed for IT Pros and developers, was delivered in March, this year. <eos/><bos/>The preview will also offer support to Windows 7, 8 and Windows 10 devices. <eos/><bos/>However, for the new version to work, users will have to uninstall Office 2013.<eos/><eop/></p><p><bop/><bos/>The announcement was made on <cite.query w-seq-number="00005" w-ref-type="MM" w-normalized-cite="canonical_name::MICROSOFT" ID="I97e181c0f34c11e4aeec9dfe20ee1884">Microsoft</cite.query>&apos;s blog. <eos/><bos/>It informed that it is working on a universal version of its major Office apps which will be available to customers through the Windows 10 Store.<eos/><eop/></p><p><bop/><bos/>Users may try out new features such as Clutter, which helps in managing emails and Tell Me which offers commands acting as a search tool for getting tasks done by typing it out. <eos/><bos/>The full version will be released in autumn.-0-<eos/><eop/></p></text></content><indexing iso-language="en" value-add="machine-generated"><classification-terms><pres-subject-block><bop/><bos/><pres-subject-wrap><pres-subject>Major Corporations</pres-subject><pres-subject-code>MAJCORP</pres-subject-code><alt1-subject-code>1MA93</alt1-subject-code></pres-subject-wrap><eos/><eop/></pres-subject-block><pres-industry-block><bop/><bos/><pres-industry-wrap><pres-industry>I.T.</pres-industry><pres-industry-code>ITOVER</pres-industry-code><alt1-industry-code>1IT96</alt1-industry-code></pres-industry-wrap><pres-industry-wrap><pres-industry>PC O/S Platforms</pres-industry><pres-industry-code>PCOSPL</pres-industry-code><alt1-industry-code>1PC73</alt1-industry-code></pres-industry-wrap><pres-industry-wrap><pres-industry>Software</pres-industry><pres-industry-code>SOFOVER1</pres-industry-code><alt1-industry-code>1SO30</alt1-industry-code></pres-industry-wrap><pres-industry-wrap><pres-industry>Software O/S Platforms</pres-industry><pres-industry-code>SOFDOPS1</pres-industry-code><alt1-industry-code>1SO68</alt1-industry-code></pres-industry-wrap><pres-industry-wrap><pres-industry>Software Products</pres-industry><pres-industry-code>SOFTPROD</pres-industry-code><alt1-industry-code>1SO56</alt1-industry-code></pres-industry-wrap><eos/><eop/></pres-industry-block></classification-terms><classification-terms><rcs-block><rcs>B:161</rcs><rcs>B:174</rcs><rcs>M:NL</rcs><rcs>B:172</rcs></rcs-block></classification-terms><extraction-terms><extr-company-block><bop/><bos/><norm-company oa-id="4295907168">MICROSOFT CORP</norm-company><norm-company-wrap occur-sequence="1,2,3,4"><norm-company-name>MICROSOFT CORP</norm-company-name><company-ids><oa-id>4295907168</oa-id><ric norm="MSFT.OQ">MSFT.OQ</ric></company-ids><company-classification><trbc-wrap><trbc type="RCS">B:1796</trbc><trbc type="2012">5720102010</trbc><trbc type="perm-id">4294951205</trbc></trbc-wrap></company-classification><relevancy engine="1C">0.8</relevancy><confidence engine="1C">0.96</confidence></norm-company-wrap><eos/><eop/></extr-company-block></extraction-terms></indexing></document></n-docbody>
</n-document>
<n-document guid="Ia8188350ecfc11e48d66d7ac6fc478b5"><n-metadata><metadata.block><md.identifiers><md.cites><md.first.line.cite>4/27/15 NEWS 00:00:00</md.first.line.cite><md.second.line.cite>4/27/15 ARKA News Agency 00:00:00</md.second.line.cite></md.cites><md.uuid>Ia8188350ecfc11e48d66d7ac6fc478b5</md.uuid></md.identifiers><md.infotype>news</md.infotype><md.sortkeys><md.ordersequence>f47363bec</md.ordersequence></md.sortkeys><md.descriptions><md.title>CAPGEMINI TO ACQUIRE RIVAL IGATE FOR $4 BILLION</md.title><md.westlawdescrip><md.readlist>READLIST</md.readlist></md.westlawdescrip></md.descriptions><md.dates><md.publisheddatetime>20150427115017</md.publisheddatetime><md.loaddate>20150427</md.loaddate><md.createddatetime>20150427115017</md.createddatetime></md.dates><md.subjects><md.subject><md.pubtype.name/><md.doctype.name>DNR</md.doctype.name><md.doctype.rank/><md.view>CNGE</md.view><md.view>RGEurope</md.view><md.view>PTNewswires</md.view><md.view>ARKANEWS0063786</md.view><md.view>INALLNEWS_ACTEST</md.view><md.view>INFARNEWS_AC</md.view><md.view>MARKETSEIKON_CN</md.view><md.view>MARKETSEIKON</md.view><md.view>CB_ASIAWIRES</md.view><md.view>INWIRES_AC</md.view><md.view>GULF_INTL</md.view><md.view>ININTNEWS_AC</md.view><md.view>ANZ_INTLOS</md.view><md.view>CLEAR_RF</md.view><md.view>INALLNEWS_AC</md.view><md.view>INNEWSINT_PRO</md.view><md.view>INBUSNEWS</md.view><md.view>INNEWSWORLD_PRO</md.view><md.view>INBUSNEWS_AC</md.view></md.subject></md.subjects><md.jurisdictions><md.jurisdiction><md.jurisstate>FE</md.jurisstate></md.jurisdiction></md.jurisdictions><md.publications><md.publication/><md.sourcepubid>ARKANEWS</md.sourcepubid></md.publications><md.royalty><md.royalty.code>84104</md.royalty.code></md.royalty></metadata.block><news.metadata.block><md.text.preview>COMPANIESYEREVAN, April 27. / ARKA /. French outsourcer and consulting firm Capgemini announced plans to acquire IGATE, a rival firm based in Bridgewater, New Jersey, for $4 billion. The deal forges an alliance between two giants in the IT</md.text.preview></news.metadata.block><newsplus.recommendable>1</newsplus.recommendable><n-view>CNGE</n-view><n-view>RGEurope</n-view><n-view>PTNewswires</n-view><n-view>ARKANEWS0063786</n-view><n-view>INALLNEWS_ACTEST</n-view><n-view>INFARNEWS_AC</n-view><n-view>MARKETSEIKON_CN</n-view><n-view>MARKETSEIKON</n-view><n-view>CB_ASIAWIRES</n-view><n-view>INWIRES_AC</n-view><n-view>GULF_INTL</n-view><n-view>ININTNEWS_AC</n-view><n-view>ANZ_INTLOS</n-view><n-view>CLEAR_RF</n-view><n-view>INALLNEWS_AC</n-view><n-view>INNEWSINT_PRO</n-view><n-view>INBUSNEWS</n-view><n-view>INNEWSWORLD_PRO</n-view><n-view>INBUSNEWS_AC</n-view><prism-stylesheet guid="Ia3024d301b6a11d89fc5f34981d3242f"/><prism-clipdate>20150427115017</prism-clipdate></n-metadata>
<n-docbody><document version="1" collection="D-ARKANEWS-T001" first-load-date="20150427115017" ip-product="ARKANEWS" royalty-id="84104" data-model="text" dtd-version="5.2.29" content-type="news" load-language="en"><supplier-info><supplier-num nitf="doc-id" nitf-regsrc="ARKA News Agency" type="accession">c5cf00023980ec35</supplier-num><internal-acc-num db-id="NEPRARKA" type="newz">20150427170.1_Vc5cf00023980ec35</internal-acc-num><rec-status><last-load-date>20150427115017</last-load-date><nitf-date ne="datereceived">20150427T16:44:22Z</nitf-date><nitf-date nitf="date-issue">20150427T00:00:00Z</nitf-date><last-provider-update>20150427164422</last-provider-update></rec-status><supplier-copyright>Copyright Â© 2015 ARKA<copyright-year/><copyright-holder>ARKA</copyright-holder></supplier-copyright><supplier-note nitf="urgency" nitf-ed-urg="4"/><supplier-dtds><dtd dtd-version="working" dtd-date="20150415T00:00:00Z">Canonical Taxonomy</dtd><dtd dtd-version="20150407" dtd-date="20150415T00:00:00Z">Mapping File</dtd></supplier-dtds><copyright-block type="dialog"><service-copyright n-include_guid="Ice671660f30811d88920000083149a14" n-include_collection="D-DIALOGCOPYRIGHTS-T001"/></copyright-block><copyright-block type="west"><service-copyright n-include_guid="I1DA35ED81DD211B281BAD200220BDFCA" n-include_collection="w_wlnv_msg"/></copyright-block><west-citation-block><bop/><first-line-cite><bos/>4/27/15 NEWS 00:00:00<eos/></first-line-cite><second-line-cite><bos/>4/27/15 ARKA News Agency 00:00:00<eos/></second-line-cite><eop/></west-citation-block></supplier-info><title-info iso-language="en"><bop/><title type="headline" nitf-hedline="hl1" key="key-title"><bos/><sort-title><cite.query w-seq-number="00001" w-ref-type="MM" w-normalized-cite="canonical_name::CAPGEMINI" ID="Ic03b4bb0ecfd11e48b98e0a3884d9633">CAPGEMINI</cite.query> TO ACQUIRE RIVAL <cite.query w-seq-number="00002" w-ref-type="MM" w-normalized-cite="canonical_name::IGATE" ID="Ic03b4bb1ecfd11e48b98e0a3884d9633">IGATE</cite.query> FOR $4 BILLION</sort-title><eos/></title><eop/></title-info><pub-info><journal key="key-journal"><bop/><bos/><sort-journal>ARKA News Agency</sort-journal><eos/><eop/></journal><pub-date key="key-date" iso-time="T00:00:00Z" type="date.publication"><full-pub-date>April 27, 2015</full-pub-date><sort-pub-date>20150427</sort-pub-date><sort-pub-timestamp>20150427000000</sort-pub-timestamp><rank-date>20150427</rank-date><currency-timestamp>20150427000000</currency-timestamp></pub-date><original-pub><language iso-language="en">English</language></original-pub><src-data><src-journal-code>ANPV</src-journal-code><src-pub-code>0063786</src-pub-code><src-pub-type>Newswire</src-pub-type><src-pub-country-wrap><src-pub-country-code>GE</src-pub-country-code><src-pub-country>Georgia CIS</src-pub-country></src-pub-country-wrap><src-pub-region>Europe</src-pub-region></src-data></pub-info><content iso-language="en"><total-char-count>1388</total-char-count><derived-word-count><bop/><bos/>Word Count: 212<eos/><eop/></derived-word-count><text type="lead-para"><p nitf="lede"><bop/>COMPANIES<eop/></p><p nitf="lede"><bop/><bos/>YEREVAN, April 27. / ARKA /. French outsourcer and consulting firm <cite.query w-seq-number="00003" w-ref-type="MM" w-normalized-cite="canonical_name::CAPGEMINI" ID="Ic05a1e50ecfd11e48b98e0a3884d9633">Capgemini</cite.query> announced plans to acquire <cite.query w-seq-number="00004" w-ref-type="MM" w-normalized-cite="canonical_name::IGATE" ID="Ic05a1e51ecfd11e48b98e0a3884d9633">IGATE</cite.query>, a rival firm based in Bridgewater, New Jersey, for $4 billion. <eos/><bos/>The deal forges an alliance between two giants in the IT consulting space -- with combined 2015 revenue estimated at $13.5 billion -- and marks the largest acquisition for <cite.query w-seq-number="00005" w-ref-type="MM" w-normalized-cite="canonical_name::CAPGEMINI" ID="Ic05a1e52ecfd11e48b98e0a3884d9633">Capgemini</cite.query> since it bought the consulting business of <cite.query w-seq-number="00006" w-ref-type="MM" w-normalized-cite="canonical_name::ERNST" ID="Ic05a1e53ecfd11e48b98e0a3884d9633">Ernst</cite.query> &amp;amp; Young 15 years ago, Cnews.ru reported<eos/><eop/></p></text><text type="body"><p><bop/><bos/>The deal helps both companies challenge tech giants such as <cite.query w-seq-number="00007" w-ref-type="MM" w-normalized-cite="canonical_name::ACCENTURE" ID="Ic0682810ecfd11e48b98e0a3884d9633">Accenture</cite.query> and <cite.query w-seq-number="00008" w-ref-type="MM" w-normalized-cite="canonical_name::IBM" ID="Ic0682811ecfd11e48b98e0a3884d9633">IBM</cite.query> for a bigger slice of American market share.<eos/><eop/></p><p><bop/><bos/><cite.query w-seq-number="00009" w-ref-type="MM" w-normalized-cite="canonical_name::CAPGEMINI" ID="Ic088f680ecfd11e48b98e0a3884d9633">Capgemini</cite.query> said the deal would make North America the company&apos;s largest market by revenue while also bolstering key businesses in application and infrastructure services as well as BPO and engineering services. <eos/><bos/><cite.query w-seq-number="00010" w-ref-type="MM" w-normalized-cite="canonical_name::CAPGEMINI" ID="Ic088f681ecfd11e48b98e0a3884d9633">Capgemini</cite.query> noted that <cite.query w-seq-number="00011" w-ref-type="MM" w-normalized-cite="canonical_name::IGATE" ID="Ic088f682ecfd11e48b98e0a3884d9633">IGATE</cite.query>&apos;s focus on the financial services sector is complementary to its own businesses targeted at the retail, healthcare and manufacturing industries.<eos/><eop/></p><p><bop/><bos/>Once completed, an estimated 50,000 employees will be working in the region.<eos/><eop/></p><p><bop/><bos/>&quot;<cite.query w-seq-number="00012" w-ref-type="MM" w-normalized-cite="canonical_name::IGATE" ID="Ic09b1ef0ecfd11e48b98e0a3884d9633">IGate</cite.query> is a leading company that perfectly fits our strategic ambition,&quot; <cite.query w-seq-number="00013" w-ref-type="MM" w-normalized-cite="canonical_name::CAPGEMINI" ID="Ic09b1ef1ecfd11e48b98e0a3884d9633">Capgemini</cite.query> CEO Paul Hermelin said in a statement. &quot;<eos/><bos/>It will give us a new status on the American market.&quot;<eos/><eop/></p><p><bop/><bos/>In addition to the geographic and portfolio perks, the deal also widens <cite.query w-seq-number="00014" w-ref-type="MM" w-normalized-cite="canonical_name::CAPGEMINI" ID="Ic0bab4e0ecfd11e48b98e0a3884d9633">Capgemini</cite.query>&apos;s client base with existing <cite.query w-seq-number="00015" w-ref-type="MM" w-normalized-cite="canonical_name::IGATE" ID="Ic0bab4e1ecfd11e48b98e0a3884d9633">IGATE</cite.query> customers like <cite.query w-seq-number="00016" w-ref-type="MM" w-normalized-cite="canonical_name::GENERAL ELECTRIC" ID="Ic0bab4e2ecfd11e48b98e0a3884d9633">General Electric</cite.query> and <cite.query w-seq-number="00017" w-ref-type="MM" w-normalized-cite="canonical_name::ROYAL BANK OF CANADA" ID="Ic0bab4e3ecfd11e48b98e0a3884d9633">Royal Bank of Canada</cite.query>.-0-<eos/><eop/></p></text></content><indexing iso-language="en" value-add="machine-generated"><classification-terms><pres-subject-block><bop/><bos/><pres-subject-wrap><pres-subject>Business Management</pres-subject><pres-subject-code>BIZMGMT</pres-subject-code><alt1-subject-code>1BU42</alt1-subject-code></pres-subject-wrap><pres-subject-wrap><pres-subject>Corporate Events</pres-subject><pres-subject-code>BUSEVENT</pres-subject-code><alt1-subject-code>1CR05</alt1-subject-code></pres-subject-wrap><pres-subject-wrap><pres-subject>Corporate Groups &amp; Ownership</pres-subject><pres-subject-code>PTCPGRP</pres-subject-code><alt1-subject-code>1XO09</alt1-subject-code></pres-subject-wrap><pres-subject-wrap><pres-subject>I.T. General Outsourcing Services</pres-subject><pres-subject-code>CPSOUT</pres-subject-code><alt1-subject-code>1IT85</alt1-subject-code></pres-subject-wrap><pres-subject-wrap><pres-subject>Major Corporations</pres-subject><pres-subject-code>MAJCORP</pres-subject-code><alt1-subject-code>1MA93</alt1-subject-code></pres-subject-wrap><pres-subject-wrap><pres-subject>Mergers &amp; Acquisitions</pres-subject><pres-subject-code>MERGERS</pres-subject-code><alt1-subject-code>1ME39</alt1-subject-code></pres-subject-wrap><eos/><eop/></pres-subject-block><pres-industry-block><bop/><bos/><pres-industry-wrap><pres-industry>Business Services</pres-industry><pres-industry-code>PTBIZSRV</pres-industry-code><alt1-industry-code>1BU80</alt1-industry-code></pres-industry-wrap><pres-industry-wrap><pres-industry>I.T.</pres-industry><pres-industry-code>ITOVER</pres-industry-code><alt1-industry-code>1IT96</alt1-industry-code></pres-industry-wrap><pres-industry-wrap><pres-industry>I.T. Consulting &amp; Services</pres-industry><pres-industry-code>CPSRVS</pres-industry-code><alt1-industry-code>1IT92</alt1-industry-code></pres-industry-wrap><pres-industry-wrap><pres-industry>I.T. Consulting &amp; Services Vertical Markets</pres-industry><pres-industry-code>CPSVERT</pres-industry-code><alt1-industry-code>1IT54</alt1-industry-code></pres-industry-wrap><pres-industry-wrap><pres-industry>I.T. Services Lines of Business</pres-industry><pres-industry-code>ITSRVBIZ</pres-industry-code><alt1-industry-code>1IT34</alt1-industry-code></pres-industry-wrap><pres-industry-wrap><pres-industry>Outsourcing</pres-industry><pres-industry-code>OUTSRCE</pres-industry-code><alt1-industry-code>1OU28</alt1-industry-code></pres-industry-wrap><eos/><eop/></pres-industry-block></classification-terms><classification-terms><rcs-block><rcs>E:J</rcs><rcs>B:161</rcs><rcs>B:49</rcs><rcs>M:Z</rcs><rcs>M:NL</rcs><rcs>E:1</rcs><rcs>B:172</rcs><rcs>B:173</rcs><rcs>B:195</rcs><rcs>B:43</rcs></rcs-block></classification-terms><extraction-terms><extr-company-block><bop/><bos/><norm-company oa-id="4295903017">ACCENTURE PLC</norm-company><norm-company-wrap><norm-company-name>ACCENTURE PLC</norm-company-name><company-ids><oa-id>4295903017</oa-id><ric norm="ACN.N">ACN.N</ric></company-ids><company-classification><trbc-wrap><trbc type="RCS">B:1219</trbc><trbc type="2012">5220304010</trbc><trbc type="perm-id">4294951782</trbc></trbc-wrap></company-classification><relevancy engine="1C">0.2</relevancy><confidence engine="1C">0.99</confidence></norm-company-wrap><norm-company oa-id="4298431423">CAP GEMINI SA</norm-company><norm-company-wrap><norm-company-name>CAP GEMINI SA</norm-company-name><company-ids><oa-id>4298431423</oa-id><ric norm="CAPP.PA">CAPP.PA</ric></company-ids><company-classification><trbc-wrap><trbc type="RCS">B:1790</trbc><trbc type="2012">5720101010</trbc><trbc type="perm-id">4294951211</trbc></trbc-wrap></company-classification><relevancy engine="1C">0.8</relevancy><confidence engine="1C">0.99</confidence></norm-company-wrap><norm-company oa-id="5000053616">ERNST AND YOUNG</norm-company><norm-company-wrap><norm-company-name>ERNST AND YOUNG</norm-company-name><company-ids><oa-id>5000053616</oa-id></company-ids><company-classification><trbc-wrap><trbc type="RCS">B:1220</trbc><trbc type="2012">5220304011</trbc><trbc type="perm-id">4294951781</trbc></trbc-wrap></company-classification><relevancy engine="1C">0.2</relevancy><confidence engine="1C">0.94</confidence></norm-company-wrap><norm-company oa-id="4295903128">GENERAL ELECTRIC CO</norm-company><norm-company-wrap><norm-company-name>GENERAL ELECTRIC CO</norm-company-name><company-ids><oa-id>4295903128</oa-id><ric norm="GE.N">GE.N</ric></company-ids><company-classification><trbc-wrap><trbc type="RCS">B:1251</trbc><trbc type="2012">5230101010</trbc><trbc type="perm-id">4294951750</trbc></trbc-wrap></company-classification><relevancy engine="1C">0.2</relevancy><confidence engine="1C">0.94</confidence></norm-company-wrap><norm-company oa-id="4295904307">INTERNATIONAL BUSINESS MACHINES CORP</norm-company><norm-company-wrap><norm-company-name>INTERNATIONAL BUSINESS MACHINES CORP</norm-company-name><company-ids><oa-id>4295904307</oa-id><ric norm="IBM.N">IBM.N</ric></company-ids><company-classification><trbc-wrap><trbc type="RCS">B:1790</trbc><trbc type="2012">5720101010</trbc><trbc type="perm-id">4294951211</trbc></trbc-wrap></company-classification><relevancy engine="1C">0.2</relevancy><confidence engine="1C">0.99</confidence></norm-company-wrap><norm-company oa-id="8589934213">ROYAL BANK OF CANADA (THE)</norm-company><norm-company-wrap><norm-company-name>ROYAL BANK OF CANADA (THE)</norm-company-name><company-ids><oa-id>8589934213</oa-id><ric norm="RY.TO">RY.TO</ric></company-ids><company-classification><trbc-wrap><trbc type="RCS">B:1615</trbc><trbc type="2012">5510101010</trbc><trbc type="perm-id">4294951386</trbc></trbc-wrap></company-classification><relevancy engine="1C">0.2</relevancy><confidence engine="1C">0.95</confidence></norm-company-wrap><norm-company oa-id="4295913732">IGATE CORP</norm-company><norm-company-wrap><norm-company-name>IGATE CORP</norm-company-name><company-ids><oa-id>4295913732</oa-id><ric norm="IGTE.OQ">IGTE.OQ</ric></company-ids><company-classification><trbc-wrap><trbc type="RCS">B:1790</trbc><trbc type="2012">5720101010</trbc><trbc type="perm-id">4294951211</trbc></trbc-wrap></company-classification><relevancy engine="1C">0.8</relevancy><confidence engine="1C">0.98</confidence></norm-company-wrap><eos/><eop/></extr-company-block></extraction-terms><extraction-terms><extr-person-block><bop/><bos/><extr-person>Paul Hermelin</extr-person><norm-person-wrap><norm-person-name>Paul Hermelin</norm-person-name><person-ids><od-auth-id>530966</od-auth-id><od-officer-id>530966</od-officer-id><person-perm-id>34413435747</person-perm-id></person-ids><relevancy engine="1C">0.2</relevancy></norm-person-wrap><extr-person>Paul Hermelin</extr-person><extr-person-wrap><extr-person-name>Paul Hermelin</extr-person-name><relevancy engine="1C">0.2</relevancy></extr-person-wrap><eos/><eop/></extr-person-block></extraction-terms></indexing></document></n-docbody>
</n-document>
<n-document guid="Ib9623c00e5bd11e4a229f9b9ac7389a5"><n-metadata><metadata.block><md.identifiers><md.cites><md.first.line.cite>4/18/15 NEWS 00:00:00</md.first.line.cite><md.second.line.cite>4/18/15 ARKA News Agency 00:00:00</md.second.line.cite></md.cites><md.uuid>Ib9623c00e5bd11e4a229f9b9ac7389a5</md.uuid></md.identifiers><md.infotype>news</md.infotype><md.sortkeys><md.ordersequence>f47363bec</md.ordersequence></md.sortkeys><md.descriptions><md.title>AVERAGE YIELD ON ARMENIAN EUROBONDS IN FEBRUARY 2015 ROSE TO 6.63% FROM 6.33% IN JANUARY</md.title><md.westlawdescrip><md.readlist>READLIST</md.readlist></md.westlawdescrip></md.descriptions><md.dates><md.publisheddatetime>20150418062719</md.publisheddatetime><md.loaddate>20150418</md.loaddate><md.createddatetime>20150418062719</md.createddatetime></md.dates><md.subjects><md.subject><md.pubtype.name/><md.doctype.name>DNR</md.doctype.name><md.doctype.rank/><md.view>CNGE</md.view><md.view>RGEurope</md.view><md.view>PTNewswires</md.view><md.view>ARKANEWS0063786</md.view><md.view>INALLNEWS_ACTEST</md.view><md.view>INFARNEWS_AC</md.view><md.view>MARKETSEIKON_CN</md.view><md.view>MARKETSEIKON</md.view><md.view>CB_ASIAWIRES</md.view><md.view>INWIRES_AC</md.view><md.view>GULF_INTL</md.view><md.view>ININTNEWS_AC</md.view><md.view>ANZ_INTLOS</md.view><md.view>CLEAR_RF</md.view><md.view>INALLNEWS_AC</md.view><md.view>INNEWSINT_PRO</md.view><md.view>INBUSNEWS</md.view><md.view>INNEWSWORLD_PRO</md.view><md.view>INBUSNEWS_AC</md.view></md.subject></md.subjects><md.jurisdictions><md.jurisdiction><md.jurisstate>FE</md.jurisstate></md.jurisdiction></md.jurisdictions><md.publications><md.publication/><md.sourcepubid>ARKANEWS</md.sourcepubid></md.publications><md.royalty><md.royalty.code>84104</md.royalty.code></md.royalty></metadata.block><news.metadata.block><md.text.preview>FINANCIAL NEWSYEREVAN, April 18. / ARKA /. The average yield on Armenian Eurobonds in February 2015 rose to 6.63% from 6.33% in January, according to the monthly bulletin of the Central Bank of Armenia for February. The yield in February 2014 was 5</md.text.preview></news.metadata.block><newsplus.recommendable>1</newsplus.recommendable><n-view>CNGE</n-view><n-view>RGEurope</n-view><n-view>PTNewswires</n-view><n-view>ARKANEWS0063786</n-view><n-view>INALLNEWS_ACTEST</n-view><n-view>INFARNEWS_AC</n-view><n-view>MARKETSEIKON_CN</n-view><n-view>MARKETSEIKON</n-view><n-view>CB_ASIAWIRES</n-view><n-view>INWIRES_AC</n-view><n-view>GULF_INTL</n-view><n-view>ININTNEWS_AC</n-view><n-view>ANZ_INTLOS</n-view><n-view>CLEAR_RF</n-view><n-view>INALLNEWS_AC</n-view><n-view>INNEWSINT_PRO</n-view><n-view>INBUSNEWS</n-view><n-view>INNEWSWORLD_PRO</n-view><n-view>INBUSNEWS_AC</n-view><prism-stylesheet guid="Ia3024d301b6a11d89fc5f34981d3242f"/><prism-clipdate>20150418062719</prism-clipdate></n-metadata>
<n-docbody><document version="1" collection="D-ARKANEWS-T001" first-load-date="20150418062719" ip-product="ARKANEWS" royalty-id="84104" data-model="text" dtd-version="5.2.29" content-type="news" load-language="en"><supplier-info><supplier-num nitf="doc-id" nitf-regsrc="ARKA News Agency" type="accession">f34c0001dac6840e</supplier-num><internal-acc-num db-id="NEPRARKA" type="newz">20150418170.1_Vf34c0001dac6840e</internal-acc-num><rec-status><last-load-date>20150418062719</last-load-date><nitf-date ne="datereceived">20150418T11:26:15Z</nitf-date><nitf-date nitf="date-issue">20150418T00:00:00Z</nitf-date><last-provider-update>20150418112615</last-provider-update></rec-status><supplier-copyright>Copyright Â© 2015 ARKA<copyright-year/><copyright-holder>ARKA</copyright-holder></supplier-copyright><supplier-note nitf="urgency" nitf-ed-urg="4"/><supplier-dtds><dtd dtd-version="working" dtd-date="20150415T00:00:00Z">Canonical Taxonomy</dtd><dtd dtd-version="20150407" dtd-date="20150415T00:00:00Z">Mapping File</dtd></supplier-dtds><copyright-block type="dialog"><service-copyright n-include_guid="Ice671660f30811d88920000083149a14" n-include_collection="D-DIALOGCOPYRIGHTS-T001"/></copyright-block><copyright-block type="west"><service-copyright n-include_guid="I1DA35ED81DD211B281BAD200220BDFCA" n-include_collection="w_wlnv_msg"/></copyright-block><west-citation-block><bop/><first-line-cite><bos/>4/18/15 NEWS 00:00:00<eos/></first-line-cite><second-line-cite><bos/>4/18/15 ARKA News Agency 00:00:00<eos/></second-line-cite><eop/></west-citation-block></supplier-info><title-info iso-language="en"><bop/><title type="headline" nitf-hedline="hl1" key="key-title"><bos/><sort-title>AVERAGE YIELD ON ARMENIAN EUROBONDS IN FEBRUARY 2015 ROSE TO 6.63% FROM 6.33% IN JANUARY</sort-title><eos/></title><eop/></title-info><pub-info><journal key="key-journal"><bop/><bos/><sort-journal>ARKA News Agency</sort-journal><eos/><eop/></journal><pub-date key="key-date" iso-time="T00:00:00Z" type="date.publication"><full-pub-date>April 18, 2015</full-pub-date><sort-pub-date>20150418</sort-pub-date><sort-pub-timestamp>20150418000000</sort-pub-timestamp><rank-date>20150418</rank-date><currency-timestamp>20150418000000</currency-timestamp></pub-date><original-pub><language iso-language="en">English</language></original-pub><src-data><src-journal-code>ANPV</src-journal-code><src-pub-code>0063786</src-pub-code><src-pub-type>Newswire</src-pub-type><src-pub-country-wrap><src-pub-country-code>GE</src-pub-country-code><src-pub-country>Georgia CIS</src-pub-country></src-pub-country-wrap><src-pub-region>Europe</src-pub-region></src-data></pub-info><content iso-language="en"><total-char-count>1255</total-char-count><derived-word-count><bop/><bos/>Word Count: 198<eos/><eop/></derived-word-count><text type="lead-para"><p nitf="lede"><bop/><bos/><cite.query w-seq-number="00001" w-ref-type="CO" w-normalized-cite="IB21FA79026C411E194E8E1301CE970A7" ID="I22227cf0e5be11e4975a9fd516347ca3">FINANCIAL NEWS</cite.query><eos/><eop/></p><p nitf="lede"><bop/><bos/>YEREVAN, April 18. / ARKA /. The average yield on Armenian Eurobonds in February 2015 rose to 6.63% from 6.33% in January, according to the monthly bulletin of the <cite.query w-seq-number="00002" w-ref-type="CO" w-normalized-cite="I706C7C4142B311DDA5520014224D2780" ID="I222cdd30e5be11e4975a9fd516347ca3">Central Bank of Armenia</cite.query> for February. <eos/><bos/>The yield in February 2014 was 5.76%, it said.<eos/><eop/></p></text><text type="body"><p><bop/><bos/>The rise in the yield is attributed to instability of the geopolitical situation in the region and the strengthening USD across the world.<eos/><eop/></p><p><bop/><bos/>According to the <cite.query w-seq-number="00003" w-ref-type="CO" w-normalized-cite="I706C7C4142B311DDA5520014224D2780" ID="I2236a130e5be11e4975a9fd516347ca3">Central Bank of Armenia</cite.query>, $24.2 million worth transactions were made with Armenian Eurobonds in February 2015 in the secondary market, down from $32.3 million in January.<eos/><eop/></p><p><bop/><bos/>Armenia first issued $700 million worth dollar-denominated bonds in September 2013 at the yield of 6.25 percent. <eos/><bos/>The bulk of $700 million was used to repay a $500 million Russian loan ten years ahead of schedule.<eos/><eop/></p><p><bop/><bos/>Armenia raised $487.84 million from the second issue of 10-year dollar bond on March 19 paying a yield of 7.5%. <eos/><bos/>International law firm Cleary Gottlieb Steen &amp;amp; <cite.query w-seq-number="00004" w-ref-type="NM" w-normalized-cite="canonical_name::HAMILTON LLC" ID="I25153010e5be11e4975a9fd516347ca3">Hamilton LLC</cite.query> was hired by the Armenian government to act as an international consultant for the issue, while <cite.query w-seq-number="00005" w-ref-type="MM" w-normalized-cite="canonical_name::DEUTSCHE BANK" ID="I25153011e5be11e4975a9fd516347ca3">Deutsche Bank</cite.query>, <cite.query w-seq-number="00006" w-ref-type="MM" w-normalized-cite="canonical_name::HSBC BANK" ID="I25153012e5be11e4975a9fd516347ca3">HSBC Bank</cite.query> and <cite.query w-seq-number="00007" w-ref-type="MM" w-normalized-cite="canonical_name::JP MORGAN" ID="I25153013e5be11e4975a9fd516347ca3">JP Morgan</cite.query> acted as underwriters. <eos/><bos/>The government said it would use the <cite.query w-seq-number="00008" w-ref-type="MM" w-normalized-cite="canonical_name::EUROBOND" ID="I25153014e5be11e4975a9fd516347ca3">Eurobond</cite.query> proceeds to buy back up to $200 million of the previous dollar bond issue.-0-<eos/><eop/></p></text></content><indexing iso-language="en" value-add="machine-generated"><classification-terms><pres-location-block><bop/><bos/><pres-location-wrap><pres-location>Armenia</pres-location><pres-location-code>ISOAM</pres-location-code><alt1-location-code>1AR09</alt1-location-code></pres-location-wrap><pres-location-wrap><pres-location>CIS Countries</pres-location><pres-location-code>CISSTAT</pres-location-code><alt1-location-code>1CI64</alt1-location-code></pres-location-wrap><pres-location-wrap><pres-location>Eastern Europe</pres-location><pres-location-code>GEOEEUR</pres-location-code><alt1-location-code>1EA48</alt1-location-code></pres-location-wrap><pres-location-wrap><pres-location>Europe</pres-location><pres-location-code>GEOEUR</pres-location-code><alt1-location-code>1EU83</alt1-location-code></pres-location-wrap><eos/><eop/></pres-location-block></classification-terms><classification-terms><pres-subject-block><bop/><bos/><pres-subject-wrap><pres-subject>Bond Instruments</pres-subject><pres-subject-code>BONDINST</pres-subject-code><alt1-subject-code>1BO92</alt1-subject-code></pres-subject-wrap><pres-subject-wrap><pres-subject>Bond Issues</pres-subject><pres-subject-code>NEWBONDS</pres-subject-code><alt1-subject-code>1BO94</alt1-subject-code></pres-subject-wrap><pres-subject-wrap><pres-subject>CIS</pres-subject><pres-subject-code>GEOCIS</pres-subject-code><alt1-subject-code>1CI65</alt1-subject-code></pres-subject-wrap><pres-subject-wrap><pres-subject>Eurobonds</pres-subject><pres-subject-code>EUROBOND</pres-subject-code><alt1-subject-code>1EU87</alt1-subject-code></pres-subject-wrap><pres-subject-wrap><pres-subject>Funding Instruments</pres-subject><pres-subject-code>INVSTING</pres-subject-code><alt1-subject-code>1FU41</alt1-subject-code></pres-subject-wrap><pres-subject-wrap><pres-subject>Government Securities</pres-subject><pres-subject-code>GOVBONDS</pres-subject-code><alt1-subject-code>1GO57</alt1-subject-code></pres-subject-wrap><pres-subject-wrap><pres-subject>National Government Debt</pres-subject><pres-subject-code>GOVDEBT</pres-subject-code><alt1-subject-code>1NA73</alt1-subject-code></pres-subject-wrap><pres-subject-wrap><pres-subject>World Organizations</pres-subject><pres-subject-code>GEOORGS</pres-subject-code><alt1-subject-code>1IN77</alt1-subject-code></pres-subject-wrap><eos/><eop/></pres-subject-block><pres-industry-block><bop/><bos/><pres-industry-wrap><pres-industry>Banking</pres-industry><pres-industry-code>BANKOVER</pres-industry-code><alt1-industry-code>1BA20</alt1-industry-code></pres-industry-wrap><pres-industry-wrap><pres-industry>Bonds</pres-industry><pres-industry-code>BONDS</pres-industry-code><alt1-industry-code>1BO97</alt1-industry-code></pres-industry-wrap><pres-industry-wrap><pres-industry>Financial Services</pres-industry><pres-industry-code>FINSVC</pres-industry-code><alt1-industry-code>1FI37</alt1-industry-code></pres-industry-wrap><pres-industry-wrap><pres-industry>Fixed Income Investments</pres-industry><pres-industry-code>FIXEDINV</pres-industry-code><alt1-industry-code>1FI12</alt1-industry-code></pres-industry-wrap><pres-industry-wrap><pres-industry>Investment Management</pres-industry><pres-industry-code>INVSTMAN</pres-industry-code><alt1-industry-code>1IN34</alt1-industry-code></pres-industry-wrap><pres-industry-wrap><pres-industry>Securities Investment</pres-industry><pres-industry-code>PTSECUR</pres-industry-code><alt1-industry-code>1SE57</alt1-industry-code></pres-industry-wrap><eos/><eop/></pres-industry-block></classification-terms><classification-terms><rcs-block><rcs>G:B</rcs><rcs>E:W</rcs><rcs>G:A</rcs><rcs>G:B2</rcs><rcs>B:127</rcs><rcs>B:128</rcs><rcs>B:125</rcs><rcs>B:126</rcs><rcs>E:63</rcs><rcs>G:Y</rcs><rcs>G:7I</rcs><rcs>E:5I</rcs><rcs>A:U</rcs><rcs>B:130</rcs><rcs>A:2</rcs><rcs>A:S</rcs><rcs>A:N</rcs><rcs>G:AJ</rcs></rcs-block></classification-terms><extraction-terms><extr-company-block><bop/><bos/><norm-company oa-id="5035257155">CLEARY GOTTLIEB STEEN AND HAMILTON LLP</norm-company><norm-company-wrap><norm-company-name>CLEARY GOTTLIEB STEEN AND HAMILTON LLP</norm-company-name><company-ids><oa-id>5035257155</oa-id></company-ids><relevancy engine="1C">0.2</relevancy><confidence engine="1C">0.99</confidence></norm-company-wrap><norm-company oa-id="4295869482">DEUTSCHE BANK AG</norm-company><norm-company-wrap><norm-company-name>DEUTSCHE BANK AG</norm-company-name><company-ids><oa-id>4295869482</oa-id><ric norm="DBKGn.DE">DBKGn.DE</ric></company-ids><company-classification><trbc-wrap><trbc type="RCS">B:128</trbc><trbc type="2012">55101010</trbc><trbc type="perm-id">4294952873</trbc></trbc-wrap></company-classification><relevancy engine="1C">0.2</relevancy><confidence engine="1C">0.93</confidence></norm-company-wrap><norm-company oa-id="8589934275">HSBC HOLDINGS PLC</norm-company><norm-company-wrap><norm-company-name>HSBC HOLDINGS PLC</norm-company-name><company-ids><oa-id>8589934275</oa-id><ric norm="HSBA.L">HSBA.L</ric></company-ids><company-classification><trbc-wrap><trbc type="RCS">B:1616</trbc><trbc type="2012">5510101011</trbc><trbc type="perm-id">4294951385</trbc></trbc-wrap></company-classification><relevancy engine="1C">0.2</relevancy><confidence engine="1C">0.94</confidence></norm-company-wrap><norm-company oa-id="5000021791">JPMORGAN CHASE AND CO</norm-company><norm-company-wrap><norm-company-name>JPMORGAN CHASE AND CO</norm-company-name><company-ids><oa-id>5000021791</oa-id><ric norm="JPM.N">JPM.N</ric></company-ids><company-classification><trbc-wrap><trbc type="RCS">B:1615</trbc><trbc type="2012">5510101010</trbc><trbc type="perm-id">4294951386</trbc></trbc-wrap></company-classification><relevancy engine="1C">0.2</relevancy><confidence engine="1C">0.93</confidence></norm-company-wrap><eos/><eop/></extr-company-block></extraction-terms></indexing></document></n-docbody>
</n-document>
<n-document guid="I756bbe20e5c911e48f21dc401fd5359b"><n-metadata><metadata.block><md.identifiers><md.cites><md.first.line.cite>4/18/15 NEWS 00:00:00</md.first.line.cite><md.second.line.cite>4/18/15 ARKA News Agency 00:00:00</md.second.line.cite></md.cites><md.uuid>I756bbe20e5c911e48f21dc401fd5359b</md.uuid></md.identifiers><md.infotype>news</md.infotype><md.sortkeys><md.ordersequence>f47363bec</md.ordersequence></md.sortkeys><md.descriptions><md.title>CISCO SYSTEM&apos;S DEVELOPMENT DIRECTOR DONATES $1 MILLION TO AMERICAN UNIVERSITY OF ARMENIA</md.title><md.westlawdescrip><md.readlist>READLIST</md.readlist></md.westlawdescrip></md.descriptions><md.dates><md.publisheddatetime>20150418084522</md.publisheddatetime><md.loaddate>20150418</md.loaddate><md.createddatetime>20150418084522</md.createddatetime></md.dates><md.subjects><md.subject><md.pubtype.name/><md.doctype.name>DNR</md.doctype.name><md.doctype.rank/><md.view>CNGE</md.view><md.view>RGEurope</md.view><md.view>PTNewswires</md.view><md.view>ARKANEWS0063786</md.view><md.view>INALLNEWS_ACTEST</md.view><md.view>INFARNEWS_AC</md.view><md.view>MARKETSEIKON_CN</md.view><md.view>MARKETSEIKON</md.view><md.view>CB_ASIAWIRES</md.view><md.view>INWIRES_AC</md.view><md.view>GULF_INTL</md.view><md.view>ININTNEWS_AC</md.view><md.view>ANZ_INTLOS</md.view><md.view>CLEAR_RF</md.view><md.view>INALLNEWS_AC</md.view><md.view>INNEWSINT_PRO</md.view><md.view>INBUSNEWS</md.view><md.view>INNEWSWORLD_PRO</md.view><md.view>INBUSNEWS_AC</md.view></md.subject></md.subjects><md.jurisdictions><md.jurisdiction><md.jurisstate>FE</md.jurisstate></md.jurisdiction></md.jurisdictions><md.publications><md.publication/><md.sourcepubid>ARKANEWS</md.sourcepubid></md.publications><md.royalty><md.royalty.code>84104</md.royalty.code></md.royalty></metadata.block><news.metadata.block><md.text.preview>EDUCATION AND SCIENCEYEREVAN, April 18. / ARKA /. Mario Mazzola, Cisco System&apos;s development director, will donate $1 million to the American University of Armenia (AUA) to pay as scholarships to needy students, head of Viasphere International Tony</md.text.preview></news.metadata.block><newsplus.recommendable>1</newsplus.recommendable><n-view>CNGE</n-view><n-view>RGEurope</n-view><n-view>PTNewswires</n-view><n-view>ARKANEWS0063786</n-view><n-view>INALLNEWS_ACTEST</n-view><n-view>INFARNEWS_AC</n-view><n-view>MARKETSEIKON_CN</n-view><n-view>MARKETSEIKON</n-view><n-view>CB_ASIAWIRES</n-view><n-view>INWIRES_AC</n-view><n-view>GULF_INTL</n-view><n-view>ININTNEWS_AC</n-view><n-view>ANZ_INTLOS</n-view><n-view>CLEAR_RF</n-view><n-view>INALLNEWS_AC</n-view><n-view>INNEWSINT_PRO</n-view><n-view>INBUSNEWS</n-view><n-view>INNEWSWORLD_PRO</n-view><n-view>INBUSNEWS_AC</n-view><prism-stylesheet guid="Ia3024d301b6a11d89fc5f34981d3242f"/><prism-clipdate>20150418084522</prism-clipdate></n-metadata>
<n-docbody><document version="1" collection="D-ARKANEWS-T001" first-load-date="20150418084522" ip-product="ARKANEWS" royalty-id="84104" data-model="text" dtd-version="5.2.29" content-type="news" load-language="en"><supplier-info><supplier-num nitf="doc-id" nitf-regsrc="ARKA News Agency" type="accession">3a890001a6c025c9</supplier-num><internal-acc-num db-id="NEPRARKA" type="newz">20150418170.1_V3a890001a6c025c9</internal-acc-num><rec-status><last-load-date>20150418084522</last-load-date><nitf-date ne="datereceived">20150418T12:50:14Z</nitf-date><nitf-date nitf="date-issue">20150418T00:00:00Z</nitf-date><last-provider-update>20150418125014</last-provider-update></rec-status><supplier-copyright>Copyright Â© 2015 ARKA<copyright-year/><copyright-holder>ARKA</copyright-holder></supplier-copyright><supplier-note nitf="urgency" nitf-ed-urg="4"/><supplier-dtds><dtd dtd-version="working" dtd-date="20150415T00:00:00Z">Canonical Taxonomy</dtd><dtd dtd-version="20150407" dtd-date="20150415T00:00:00Z">Mapping File</dtd></supplier-dtds><copyright-block type="dialog"><service-copyright n-include_guid="Ice671660f30811d88920000083149a14" n-include_collection="D-DIALOGCOPYRIGHTS-T001"/></copyright-block><copyright-block type="west"><service-copyright n-include_guid="I1DA35ED81DD211B281BAD200220BDFCA" n-include_collection="w_wlnv_msg"/></copyright-block><west-citation-block><bop/><first-line-cite><bos/>4/18/15 NEWS 00:00:00<eos/></first-line-cite><second-line-cite><bos/>4/18/15 ARKA News Agency 00:00:00<eos/></second-line-cite><eop/></west-citation-block></supplier-info><title-info iso-language="en"><bop/><title type="headline" nitf-hedline="hl1" key="key-title"><bos/><sort-title><cite.query w-seq-number="00001" w-ref-type="NM" w-normalized-cite="canonical_name::CISCO SYSTEMS DEVELOPMENT" ID="I36c17090e5d111e4abc9a2afc0bb8ca9">CISCO SYSTEM&apos;S DEVELOPMENT</cite.query> DIRECTOR DONATES $1 MILLION TO AMERICAN UNIVERSITY OF ARMENIA</sort-title><eos/></title><eop/></title-info><pub-info><journal key="key-journal"><bop/><bos/><sort-journal>ARKA News Agency</sort-journal><eos/><eop/></journal><pub-date key="key-date" iso-time="T00:00:00Z" type="date.publication"><full-pub-date>April 18, 2015</full-pub-date><sort-pub-date>20150418</sort-pub-date><sort-pub-timestamp>20150418000000</sort-pub-timestamp><rank-date>20150418</rank-date><currency-timestamp>20150418000000</currency-timestamp></pub-date><original-pub><language iso-language="en">English</language></original-pub><src-data><src-journal-code>ANPV</src-journal-code><src-pub-code>0063786</src-pub-code><src-pub-type>Newswire</src-pub-type><src-pub-country-wrap><src-pub-country-code>GE</src-pub-country-code><src-pub-country>Georgia CIS</src-pub-country></src-pub-country-wrap><src-pub-region>Europe</src-pub-region></src-data></pub-info><content iso-language="en"><total-char-count>1138</total-char-count><derived-word-count><bop/><bos/>Word Count: 174<eos/><eop/></derived-word-count><text type="lead-para"><p nitf="lede"><bop/><bos/>EDUCATION AND SCIENCE<eos/><eop/></p><p nitf="lede"><bop/><bos/>YEREVAN, April 18. / ARKA /. Mario Mazzola, <cite.query w-seq-number="00002" w-ref-type="NM" w-normalized-cite="canonical_name::CISCO SYSTEM" ID="I36e04330e5d111e4abc9a2afc0bb8ca9">Cisco System</cite.query>&apos;s development director, will donate $1 million to the <cite.query w-seq-number="00003" w-ref-type="NM" w-normalized-cite="canonical_name::AMERICAN UNIVERSITY OF ARMENIA" ID="I36e04331e5d111e4abc9a2afc0bb8ca9">American University of Armenia</cite.query> (<cite.query w-seq-number="00004" w-ref-type="NM" w-normalized-cite="canonical_name::AUA" ID="I36e04332e5d111e4abc9a2afc0bb8ca9">AUA</cite.query>) to pay as scholarships to needy students, head of <cite.query w-seq-number="00005" w-ref-type="NM" w-normalized-cite="canonical_name::VIASPHERE INTERNATIONAL TONY MOROYAN" ID="I36e04333e5d111e4abc9a2afc0bb8ca9">Viasphere International Tony Moroyan</cite.query> said today.<eos/><eop/></p></text><text type="body"><p><bop/><bos/>Mario Mazzola was the fifth foreigner to receive the Global IT Award, handed by Armenian president in recognition of his outstanding contribution to IT development.<eos/><eop/></p><p><bop/><bos/>The annual IT Award was instituted in Armenia in 2009 and its first recipient the following year was Craig Barrett, a former chairman and chief executive of <cite.query w-seq-number="00006" w-ref-type="MM" w-normalized-cite="canonical_name::INTEL CORP" ID="I370afcb0e5d111e4abc9a2afc0bb8ca9">Intel Corporation</cite.query>. <eos/><bos/>One of the goals of the award is to encourage contact between some of the leading IT personalities of the world and the industry in Armenia. <eos/><bos/>Other recipients of the award are former Executive Director General of <cite.query w-seq-number="00007" w-ref-type="MM" w-normalized-cite="canonical_name::INTEL CORP" ID="I370afcb1e5d111e4abc9a2afc0bb8ca9">Intel Corporation</cite.query>, Chairman of the Board Craig R. Barrett, co-founder of the <cite.query w-seq-number="00008" w-ref-type="CO" w-normalized-cite="I49C9F2E441E911DDAD6B0014224D2780" ID="I370afcb2e5d111e4abc9a2afc0bb8ca9">Apple Computer Corporation</cite.query> Steve Wozniak, Chairman Emeritus of <cite.query w-seq-number="00009" w-ref-type="NM" w-normalized-cite="canonical_name::SYNAPTICS CO" ID="I370afcb3e5d111e4abc9a2afc0bb8ca9">Synaptics Company</cite.query> Federico Faggin and former CEO of <cite.query w-seq-number="00010" w-ref-type="NM" w-normalized-cite="canonical_name::HITACHI CO" ID="I370afcb4e5d111e4abc9a2afc0bb8ca9">Hitachi Company</cite.query> Tsugio Makimoto.<eos/><eop/></p><p><bop/><bos/><cite.query w-seq-number="00011" w-ref-type="NM" w-normalized-cite="canonical_name::AUA" ID="I37120190e5d111e4abc9a2afc0bb8ca9">AUA</cite.query> rector Armen Ter-Kyureghyan said some 20 students will be receiving annual scholarships.-0-<eos/><eop/></p></text></content><indexing iso-language="en" value-add="machine-generated"><classification-terms><pres-location-block><bop/><bos/><pres-location-wrap><pres-location>Armenia</pres-location><pres-location-code>ISOAM</pres-location-code><alt1-location-code>1AR09</alt1-location-code></pres-location-wrap><pres-location-wrap><pres-location>CIS Countries</pres-location><pres-location-code>CISSTAT</pres-location-code><alt1-location-code>1CI64</alt1-location-code></pres-location-wrap><pres-location-wrap><pres-location>Eastern Europe</pres-location><pres-location-code>GEOEEUR</pres-location-code><alt1-location-code>1EA48</alt1-location-code></pres-location-wrap><pres-location-wrap><pres-location>Europe</pres-location><pres-location-code>GEOEUR</pres-location-code><alt1-location-code>1EU83</alt1-location-code></pres-location-wrap><eos/><eop/></pres-location-block></classification-terms><classification-terms><pres-subject-block><bop/><bos/><pres-subject-wrap><pres-subject>Board of Directors</pres-subject><pres-subject-code>BOARDDIR</pres-subject-code><alt1-subject-code>1BO47</alt1-subject-code></pres-subject-wrap><pres-subject-wrap><pres-subject>Business Management</pres-subject><pres-subject-code>BIZMGMT</pres-subject-code><alt1-subject-code>1BU42</alt1-subject-code></pres-subject-wrap><pres-subject-wrap><pres-subject>CIS</pres-subject><pres-subject-code>GEOCIS</pres-subject-code><alt1-subject-code>1CI65</alt1-subject-code></pres-subject-wrap><pres-subject-wrap><pres-subject>Corporate Events</pres-subject><pres-subject-code>BUSEVENT</pres-subject-code><alt1-subject-code>1CR05</alt1-subject-code></pres-subject-wrap><pres-subject-wrap><pres-subject>Corporate Groups &amp; Ownership</pres-subject><pres-subject-code>PTCPGRP</pres-subject-code><alt1-subject-code>1XO09</alt1-subject-code></pres-subject-wrap><pres-subject-wrap><pres-subject>Education</pres-subject><pres-subject-code>EDFRONT</pres-subject-code><alt1-subject-code>1ED85</alt1-subject-code></pres-subject-wrap><pres-subject-wrap><pres-subject>Higher Education</pres-subject><pres-subject-code>HILEARN</pres-subject-code><alt1-subject-code>1HI55</alt1-subject-code></pres-subject-wrap><pres-subject-wrap><pres-subject>Major Corporations</pres-subject><pres-subject-code>MAJCORP</pres-subject-code><alt1-subject-code>1MA93</alt1-subject-code></pres-subject-wrap><pres-subject-wrap><pres-subject>World Organizations</pres-subject><pres-subject-code>GEOORGS</pres-subject-code><alt1-subject-code>1IN77</alt1-subject-code></pres-subject-wrap><eos/><eop/></pres-subject-block><pres-industry-block><bop/><bos/><pres-industry-wrap><pres-industry>Computer Equipment</pres-industry><pres-industry-code>CPTROVER</pres-industry-code><alt1-industry-code>1CO77</alt1-industry-code></pres-industry-wrap><pres-industry-wrap><pres-industry>Electronic Components</pres-industry><pres-industry-code>ELECCOMP</pres-industry-code><alt1-industry-code>1EL91</alt1-industry-code></pres-industry-wrap><pres-industry-wrap><pres-industry>Electronics</pres-industry><pres-industry-code>ETRONICS</pres-industry-code><alt1-industry-code>1EL16</alt1-industry-code></pres-industry-wrap><pres-industry-wrap><pres-industry>I.T.</pres-industry><pres-industry-code>ITOVER</pres-industry-code><alt1-industry-code>1IT96</alt1-industry-code></pres-industry-wrap><pres-industry-wrap><pres-industry>Semiconductor</pres-industry><pres-industry-code>SCIND1</pres-industry-code><alt1-industry-code>1SE88</alt1-industry-code></pres-industry-wrap><eos/><eop/></pres-industry-block></classification-terms><classification-terms><rcs-block><rcs>G:B</rcs><rcs>G:A</rcs><rcs>G:B2</rcs><rcs>M:Z</rcs><rcs>G:Y</rcs><rcs>B:41</rcs><rcs>G:7I</rcs><rcs>M:I4</rcs><rcs>B:162</rcs><rcs>B:161</rcs><rcs>B:163</rcs><rcs>M:NL</rcs><rcs>E:1</rcs><rcs>G:AJ</rcs><rcs>B:169</rcs><rcs>M:F</rcs></rcs-block></classification-terms><extraction-terms><extr-company-block><bop/><bos/><extr-company>Steve Wozniak</extr-company><extr-company-wrap><extr-company-name>Steve Wozniak</extr-company-name><relevancy engine="1C">0.2</relevancy><confidence engine="1C">0.85</confidence></extr-company-wrap><norm-company oa-id="4295905573">APPLE INC</norm-company><norm-company-wrap><norm-company-name>APPLE INC</norm-company-name><company-ids><oa-id>4295905573</oa-id><ric norm="AAPL.OQ">AAPL.OQ</ric></company-ids><company-classification><trbc-wrap><trbc type="RCS">B:1758</trbc><trbc type="2012">5710601010</trbc><trbc type="perm-id">4294951243</trbc></trbc-wrap></company-classification><relevancy engine="1C">0.2</relevancy><confidence engine="1C">0.99</confidence></norm-company-wrap><norm-company oa-id="4295905952">CISCO SYSTEMS INC</norm-company><norm-company-wrap><norm-company-name>CISCO SYSTEMS INC</norm-company-name><company-ids><oa-id>4295905952</oa-id><ric norm="CSCO.OQ">CSCO.OQ</ric></company-ids><company-classification><trbc-wrap><trbc type="RCS">B:1750</trbc><trbc type="2012">5710201010</trbc><trbc type="perm-id">4294951251</trbc></trbc-wrap></company-classification><relevancy engine="1C">0.8</relevancy><confidence engine="1C">0.9</confidence></norm-company-wrap><norm-company oa-id="4295877325">HITACHI LTD</norm-company><norm-company-wrap><norm-company-name>HITACHI LTD</norm-company-name><company-ids><oa-id>4295877325</oa-id><ric norm="6501.T">6501.T</ric></company-ids><company-classification><trbc-wrap><trbc type="RCS">B:1251</trbc><trbc type="2012">5230101010</trbc><trbc type="perm-id">4294951750</trbc></trbc-wrap></company-classification><relevancy engine="1C">0.2</relevancy><confidence engine="1C">0.82</confidence></norm-company-wrap><norm-company oa-id="4295906830">INTEL CORP</norm-company><norm-company-wrap><norm-company-name>INTEL CORP</norm-company-name><company-ids><oa-id>4295906830</oa-id><ric norm="INTC.OQ">INTC.OQ</ric></company-ids><company-classification><trbc-wrap><trbc type="RCS">B:1740</trbc><trbc type="2012">5710101010</trbc><trbc type="perm-id">4294951261</trbc></trbc-wrap></company-classification><relevancy engine="1C">0.2</relevancy><confidence engine="1C">0.99</confidence></norm-company-wrap><norm-company oa-id="4295901980">SYNAPTICS INC</norm-company><norm-company-wrap><norm-company-name>SYNAPTICS INC</norm-company-name><company-ids><oa-id>4295901980</oa-id><ric norm="SYNA.OQ">SYNA.OQ</ric></company-ids><company-classification><trbc-wrap><trbc type="RCS">B:1758</trbc><trbc type="2012">5710601010</trbc><trbc type="perm-id">4294951243</trbc></trbc-wrap></company-classification><relevancy engine="1C">0.2</relevancy><confidence engine="1C">0.9</confidence></norm-company-wrap><eos/><eop/></extr-company-block></extraction-terms><extraction-terms><extr-person-block><bop/><bos/><extr-person>Tony Moroyan</extr-person><extr-person-wrap><extr-person-name>Tony Moroyan</extr-person-name><relevancy engine="1C">0.2</relevancy></extr-person-wrap><extr-person>Mario Mazzola</extr-person><norm-person-wrap><norm-person-name>Mario Mazzola</norm-person-name><person-ids><od-auth-id>55802</od-auth-id><od-officer-id>55802</od-officer-id><person-perm-id>34413176616</person-perm-id></person-ids><relevancy engine="1C">0.2</relevancy></norm-person-wrap><extr-person>Mario Mazzola</extr-person><extr-person-wrap><extr-person-name>Mario Mazzola</extr-person-name><relevancy engine="1C">0.2</relevancy></extr-person-wrap><extr-person>Craig R. Barrett</extr-person><norm-person-wrap><norm-person-name>Craig R. Barrett</norm-person-name><person-ids><od-auth-id>19546</od-auth-id><od-officer-id>28286</od-officer-id><person-perm-id>34413152441</person-perm-id></person-ids><relevancy engine="1C">0.2</relevancy></norm-person-wrap><extr-person>Craig Barrett</extr-person><extr-person-wrap><extr-person-name>Craig Barrett</extr-person-name><relevancy engine="1C">0.2</relevancy></extr-person-wrap><extr-person>Craig R. Barrett</extr-person><norm-person-wrap><norm-person-name>Craig R. Barrett</norm-person-name><person-ids><od-auth-id>19546</od-auth-id><od-officer-id>28286</od-officer-id><person-perm-id>34413152441</person-perm-id></person-ids><relevancy engine="1C">0.2</relevancy></norm-person-wrap><extr-person>Craig Barrett</extr-person><extr-person-wrap><extr-person-name>Craig Barrett</extr-person-name><relevancy engine="1C">0.2</relevancy></extr-person-wrap><eos/><eop/></extr-person-block></extraction-terms></indexing></document></n-docbody>
</n-document>
<n-document guid="I82db4f60e46811e482c793ff17b2d1d3"><n-metadata><metadata.block><md.identifiers><md.cites><md.first.line.cite>4/16/15 NEWS 00:00:00</md.first.line.cite><md.second.line.cite>4/16/15 ARKA News Agency 00:00:00</md.second.line.cite></md.cites><md.uuid>I82db4f60e46811e482c793ff17b2d1d3</md.uuid></md.identifiers><md.infotype>news</md.infotype><md.sortkeys><md.ordersequence>f47363bec</md.ordersequence></md.sortkeys><md.descriptions><md.title>SIX ETHNIC ARMENIANS ARE AMONG 200 RICHEST RUSSIAN CITIZENS</md.title><md.westlawdescrip><md.readlist>READLIST</md.readlist></md.westlawdescrip></md.descriptions><md.dates><md.publisheddatetime>20150416134518</md.publisheddatetime><md.loaddate>20150416</md.loaddate><md.createddatetime>20150416134518</md.createddatetime></md.dates><md.subjects><md.subject><md.pubtype.name/><md.doctype.name>DNR</md.doctype.name><md.doctype.rank/><md.view>CNGE</md.view><md.view>RGEurope</md.view><md.view>PTNewswires</md.view><md.view>ARKANEWS0063786</md.view><md.view>INALLNEWS_ACTEST</md.view><md.view>INFARNEWS_AC</md.view><md.view>MARKETSEIKON_CN</md.view><md.view>MARKETSEIKON</md.view><md.view>CB_ASIAWIRES</md.view><md.view>INWIRES_AC</md.view><md.view>GULF_INTL</md.view><md.view>ININTNEWS_AC</md.view><md.view>ANZ_INTLOS</md.view><md.view>CLEAR_RF</md.view><md.view>INALLNEWS_AC</md.view><md.view>INNEWSINT_PRO</md.view><md.view>INBUSNEWS</md.view><md.view>INNEWSWORLD_PRO</md.view><md.view>INBUSNEWS_AC</md.view></md.subject></md.subjects><md.jurisdictions><md.jurisdiction><md.jurisstate>FE</md.jurisstate></md.jurisdiction></md.jurisdictions><md.publications><md.publication/><md.sourcepubid>ARKANEWS</md.sourcepubid></md.publications><md.royalty><md.royalty.code>84104</md.royalty.code></md.royalty></metadata.block><news.metadata.block><md.text.preview>ECONOMYYEREVAN, April 16. / ARKA /. Six Russian businessmen of Armenian origin are in the latest Forbes&apos; list of the 2000 richest Russian citizens.</md.text.preview></news.metadata.block><newsplus.recommendable>1</newsplus.recommendable><n-view>CNGE</n-view><n-view>RGEurope</n-view><n-view>PTNewswires</n-view><n-view>ARKANEWS0063786</n-view><n-view>INALLNEWS_ACTEST</n-view><n-view>INFARNEWS_AC</n-view><n-view>MARKETSEIKON_CN</n-view><n-view>MARKETSEIKON</n-view><n-view>CB_ASIAWIRES</n-view><n-view>INWIRES_AC</n-view><n-view>GULF_INTL</n-view><n-view>ININTNEWS_AC</n-view><n-view>ANZ_INTLOS</n-view><n-view>CLEAR_RF</n-view><n-view>INALLNEWS_AC</n-view><n-view>INNEWSINT_PRO</n-view><n-view>INBUSNEWS</n-view><n-view>INNEWSWORLD_PRO</n-view><n-view>INBUSNEWS_AC</n-view><prism-stylesheet guid="Ia3024d301b6a11d89fc5f34981d3242f"/><prism-clipdate>20150416134518</prism-clipdate></n-metadata>
<n-docbody><document version="1" collection="D-ARKANEWS-T001" first-load-date="20150416134518" ip-product="ARKANEWS" royalty-id="84104" data-model="text" dtd-version="5.2.29" content-type="news" load-language="en"><supplier-info><supplier-num nitf="doc-id" nitf-regsrc="ARKA News Agency" type="accession">fee20004c8299152</supplier-num><internal-acc-num db-id="NEPRARKA" type="newz">20150416170.1_Vfee20004c8299152</internal-acc-num><rec-status><last-load-date>20150416134518</last-load-date><nitf-date ne="datereceived">20150416T18:43:45Z</nitf-date><nitf-date nitf="date-issue">20150416T00:00:00Z</nitf-date><last-provider-update>20150416184345</last-provider-update></rec-status><supplier-copyright>Copyright Â© 2015 ARKA<copyright-year/><copyright-holder>ARKA</copyright-holder></supplier-copyright><supplier-note nitf="urgency" nitf-ed-urg="4"/><supplier-dtds><dtd dtd-version="working" dtd-date="20150415T00:00:00Z">Canonical Taxonomy</dtd><dtd dtd-version="20150407" dtd-date="20150415T00:00:00Z">Mapping File</dtd></supplier-dtds><copyright-block type="dialog"><service-copyright n-include_guid="Ice671660f30811d88920000083149a14" n-include_collection="D-DIALOGCOPYRIGHTS-T001"/></copyright-block><copyright-block type="west"><service-copyright n-include_guid="I1DA35ED81DD211B281BAD200220BDFCA" n-include_collection="w_wlnv_msg"/></copyright-block><west-citation-block><bop/><first-line-cite><bos/>4/16/15 NEWS 00:00:00<eos/></first-line-cite><second-line-cite><bos/>4/16/15 ARKA News Agency 00:00:00<eos/></second-line-cite><eop/></west-citation-block></supplier-info><title-info iso-language="en"><bop/><title type="headline" nitf-hedline="hl1" key="key-title"><bos/><sort-title>SIX ETHNIC ARMENIANS ARE AMONG 200 RICHEST RUSSIAN CITIZENS</sort-title><eos/></title><eop/></title-info><pub-info><journal key="key-journal"><bop/><bos/><sort-journal>ARKA News Agency</sort-journal><eos/><eop/></journal><pub-date key="key-date" iso-time="T00:00:00Z" type="date.publication"><full-pub-date>April 16, 2015</full-pub-date><sort-pub-date>20150416</sort-pub-date><sort-pub-timestamp>20150416000000</sort-pub-timestamp><rank-date>20150416</rank-date><currency-timestamp>20150416000000</currency-timestamp></pub-date><original-pub><language iso-language="en">English</language></original-pub><src-data><src-journal-code>ANPV</src-journal-code><src-pub-code>0063786</src-pub-code><src-pub-type>Newswire</src-pub-type><src-pub-country-wrap><src-pub-country-code>GE</src-pub-country-code><src-pub-country>Georgia CIS</src-pub-country></src-pub-country-wrap><src-pub-region>Europe</src-pub-region></src-data></pub-info><content iso-language="en"><total-char-count>2082</total-char-count><derived-word-count><bop/><bos/>Word Count: 328<eos/><eop/></derived-word-count><text type="lead-para"><p nitf="lede"><bop/>ECONOMY<eop/></p><p nitf="lede"><bop/><bos/>YEREVAN, April 16. / ARKA /. Six Russian businessmen of Armenian origin are in the latest <cite.query w-seq-number="00001" w-ref-type="MM" w-normalized-cite="canonical_name::FORBES" ID="Ie36a3e40e46811e4ad389d45f67af4fd">Forbes</cite.query>&apos; list of the 2000 richest Russian citizens.<eos/><eop/></p></text><text type="body"><p><bop/><bos/>According to <cite.query w-seq-number="00002" w-ref-type="MM" w-normalized-cite="canonical_name::FORBES" ID="Ie383e0c0e46811e4ad389d45f67af4fd">Forbes</cite.query> rating, Russia&apos;s richest Armenian is Samvel Karapetyan (head of Tashir Group), who has retained his 26th position with the $4 billion fortune ($0.3 billion less from the previous rating).<eos/><eop/></p><p><bop/><bos/>Daniel Khachaturov (Rosgosstrakh insurance company and <cite.query w-seq-number="00003" w-ref-type="NM" w-normalized-cite="canonical_name::RTS BANK" ID="Ie39fa620e46811e4ad389d45f67af4fd">RTS Bank</cite.query>) is 54th with $1.6 billion fortune. <eos/><bos/>His position deteriorated by 14 points, and the wealth slashed by $1 billion.<eos/><eop/></p><p><bop/><bos/>Ruben Vardanyan has risen 32 positions in the rating to the 92nd place with $0.95 billion. <eos/><bos/>It has grown by $0.1 billion.<eos/><eop/></p><p><bop/><bos/>Brothers Nikolai and Sergei Sarkisov (RESO-Garantia insurance company) are 105th and 102nd respectively, seven notches down from last year&apos;s rating. <eos/><bos/>Each brother has $0.9 billion. <eos/><bos/>Last yea they lost $0.2 billion. <eos/><bos/>Investor Albert Avdolyan with $0.75 billion is 120th. <eos/><bos/>He has risen by 13 points.<eos/><eop/></p><p><bop/><bos/>Metals tycoon Vladimir Potanin has become Russia&apos;s wealthiest businessman with an estimated fortune of $15.4 billion, overtaking Alisher Usmanov who had worn the crown for three years in a row.<eos/><eop/></p><p><bop/><bos/>Potanin, the chief executive and co-owner of nickel and palladium miner <cite.query w-seq-number="00004" w-ref-type="CO" w-normalized-cite="I81D5AB20B42F11DEB80795F24C488267" ID="Ie43fb6b0e46811e4ad389d45f67af4fd">Norilsk Nickel</cite.query>, has seen his wealth rise $2.8 billion over the past year, propelling him from the No. 8 position he held in 2013.<eos/><eop/></p><p><bop/><bos/>Usmanov slid to the No. 3 position as his fortune tumbled $4.2 billion to $14.4 billion. <eos/><bos/>He is co-owner of Russian metals firm Metalloinvest, No.2 mobile operator MegaFon, Internet group <cite.query w-seq-number="00005" w-ref-type="CO" w-normalized-cite="I0C71A81042B211DD961A0014224D2780" ID="Ie4765710e46811e4ad389d45f67af4fd">Mail</cite.query>.ru, and the <cite.query w-seq-number="00006" w-ref-type="NM" w-normalized-cite="canonical_name::BRITISH PREMIER LEAGUE" ID="Ie4765711e46811e4ad389d45f67af4fd">British Premier League</cite.query> football club Arsenal.<eos/><eop/></p><p><bop/><bos/>Mikhail Fridman, co-owner of <cite.query w-seq-number="00007" w-ref-type="MM" w-normalized-cite="canonical_name::ALFA BANK" ID="Ie48d1360e46811e4ad389d45f67af4fd">Alfa-Bank</cite.query> and the biggest investor behind emerging markets telecoms operator <cite.query w-seq-number="00008" w-ref-type="CO" w-normalized-cite="I6849E23541ED11DDAD6B0014224D2780" ID="Ie48d1361e46811e4ad389d45f67af4fd">Vimpelcom Ltd</cite.query> and Russia&apos;s No.2 food retailer X5, remained Russia&apos;s second-richest tycoon with wealth of $14.6 billion although his fortune fell by $3 billion from a year ago.<eos/><eop/></p><p><bop/><bos/>Potanin was also ranked 60th in the <cite.query w-seq-number="00009" w-ref-type="MM" w-normalized-cite="canonical_name::FORBES" ID="Ie4a77930e46811e4ad389d45f67af4fd">Forbes</cite.query>&apos; list of the world&apos;s richest people, topped by <cite.query w-seq-number="00010" w-ref-type="CO" w-normalized-cite="IE520C1E0682911DD82B4DAB9B6754007" ID="Ie4a77931e46811e4ad389d45f67af4fd">Microsoft Corp.</cite.query> co-founder Bill Gates<eos/><eop/></p><p><bop/><bos/>Russia&apos;s 20 wealthiest citizens $73 billion of their collective net worth last year.-0-<eos/><eop/></p></text></content><indexing iso-language="en" value-add="machine-generated"><classification-terms><pres-location-block><bop/><bos/><pres-location-wrap><pres-location>Asia</pres-location><pres-location-code>GEOASIA</pres-location-code><alt1-location-code>1AS61</alt1-location-code></pres-location-wrap><pres-location-wrap><pres-location>CIS Countries</pres-location><pres-location-code>CISSTAT</pres-location-code><alt1-location-code>1CI64</alt1-location-code></pres-location-wrap><pres-location-wrap><pres-location>Eastern Europe</pres-location><pres-location-code>GEOEEUR</pres-location-code><alt1-location-code>1EA48</alt1-location-code></pres-location-wrap><pres-location-wrap><pres-location>Europe</pres-location><pres-location-code>GEOEUR</pres-location-code><alt1-location-code>1EU83</alt1-location-code></pres-location-wrap><pres-location-wrap><pres-location>Russia</pres-location><pres-location-code>ISORU</pres-location-code><alt1-location-code>1RU33</alt1-location-code></pres-location-wrap><eos/><eop/></pres-location-block></classification-terms><classification-terms><pres-subject-block><bop/><bos/><pres-subject-wrap><pres-subject>Emerging Market Countries</pres-subject><pres-subject-code>EMERGING</pres-subject-code><alt1-subject-code>1EM65</alt1-subject-code></pres-subject-wrap><pres-subject-wrap><pres-subject>Philanthropy</pres-subject><pres-subject-code>DONATE</pres-subject-code><alt1-subject-code>1PH09</alt1-subject-code></pres-subject-wrap><pres-subject-wrap><pres-subject>Social Issues</pres-subject><pres-subject-code>PTSOCISS</pres-subject-code><alt1-subject-code>1SO05</alt1-subject-code></pres-subject-wrap><eos/><eop/></pres-subject-block><pres-industry-block><bop/><bos/><pres-industry-wrap><pres-industry>Base Metals</pres-industry><pres-industry-code>MAJORORE</pres-industry-code><alt1-industry-code>1BA71</alt1-industry-code></pres-industry-wrap><pres-industry-wrap><pres-industry>Financial Services</pres-industry><pres-industry-code>FINSVC</pres-industry-code><alt1-industry-code>1FI37</alt1-industry-code></pres-industry-wrap><pres-industry-wrap><pres-industry>Gold &amp; Precious Metals</pres-industry><pres-industry-code>GOLD</pres-industry-code><alt1-industry-code>1GO02</alt1-industry-code></pres-industry-wrap><pres-industry-wrap><pres-industry>Insurance</pres-industry><pres-industry-code>INSUROVR</pres-industry-code><alt1-industry-code>1IN97</alt1-industry-code></pres-industry-wrap><pres-industry-wrap><pres-industry>Life Insurance</pres-industry><pres-industry-code>LIFEINS</pres-industry-code><alt1-industry-code>1LI03</alt1-industry-code></pres-industry-wrap><pres-industry-wrap><pres-industry>Metals &amp; Mining</pres-industry><pres-industry-code>METALS</pres-industry-code><alt1-industry-code>1ME07</alt1-industry-code></pres-industry-wrap><pres-industry-wrap><pres-industry>Natural Resources</pres-industry><pres-industry-code>RESOURCE</pres-industry-code><alt1-industry-code>1NA60</alt1-industry-code></pres-industry-wrap><pres-industry-wrap><pres-industry>Nickel</pres-industry><pres-industry-code>NICKEL</pres-industry-code><alt1-industry-code>1NI12</alt1-industry-code></pres-industry-wrap><pres-industry-wrap><pres-industry>Palladium</pres-industry><pres-industry-code>PALLAD</pres-industry-code><alt1-industry-code>1PA07</alt1-industry-code></pres-industry-wrap><pres-industry-wrap><pres-industry>Platinum Metals</pres-industry><pres-industry-code>PLATORE</pres-industry-code><alt1-industry-code>1PL63</alt1-industry-code></pres-industry-wrap><eos/><eop/></pres-industry-block></classification-terms><classification-terms><rcs-block><rcs>G:B</rcs><rcs>G:A</rcs><rcs>G:B2</rcs><rcs>B:21</rcs><rcs>U:6C</rcs><rcs>B:20</rcs><rcs>G:38</rcs><rcs>B:125</rcs><rcs>G:Y</rcs><rcs>B:12</rcs><rcs>B:24</rcs><rcs>M:I4</rcs><rcs>U:FF</rcs><rcs>U:5A</rcs><rcs>U:4</rcs><rcs>U:3</rcs><rcs>B:19</rcs><rcs>G:1</rcs><rcs>G:K</rcs><rcs>B:139</rcs><rcs>G:AJ</rcs><rcs>B:136</rcs></rcs-block></classification-terms><extraction-terms><extr-company-block><bop/><bos/><norm-company oa-id="4298071706">ASSOCIATION TASHIR TRADE INDUSTRIAL GROUP</norm-company><norm-company-wrap><norm-company-name>ASSOCIATION TASHIR TRADE INDUSTRIAL GROUP</norm-company-name><company-ids><oa-id>4298071706</oa-id></company-ids><company-classification><trbc-wrap><trbc type="RCS">B:213</trbc><trbc type="2012">55402010</trbc><trbc type="perm-id">4294952788</trbc></trbc-wrap></company-classification><relevancy engine="1C">0.2</relevancy><confidence engine="1C">0.83</confidence></norm-company-wrap><norm-company oa-id="4296365570">VAKUUTUSOSAKEYHTIO GARANTIA</norm-company><norm-company-wrap><norm-company-name>VAKUUTUSOSAKEYHTIO GARANTIA</norm-company-name><company-ids><oa-id>4296365570</oa-id></company-ids><company-classification><trbc-wrap><trbc type="RCS">B:1657</trbc><trbc type="2012">5530102010</trbc><trbc type="perm-id">4294951344</trbc></trbc-wrap></company-classification><relevancy engine="1C">0.2</relevancy><confidence engine="1C">0.61</confidence></norm-company-wrap><norm-company oa-id="4295887092">OPEN JOINT STOCK COMPANY &quot;MINING AND METALLURGICAL COMPANY &quot;NORILSK NICKEL&quot;</norm-company><norm-company-wrap><norm-company-name>OPEN JOINT STOCK COMPANY &quot;MINING AND METALLURGICAL COMPANY &quot;NORILSK NICKEL&quot;</norm-company-name><company-ids><oa-id>4295887092</oa-id><ric norm="GMKN.MM">GMKN.MM</ric></company-ids><company-classification><trbc-wrap><trbc type="RCS">B:1100</trbc><trbc type="2012">5120105010</trbc><trbc type="perm-id">4294951901</trbc></trbc-wrap></company-classification><relevancy engine="1C">0.2</relevancy><confidence engine="1C">0.89</confidence></norm-company-wrap><norm-company oa-id="4297202772">OPEN JOINT STOCK COMPANY &quot;MEGAFON&quot;</norm-company><norm-company-wrap><norm-company-name>OPEN JOINT STOCK COMPANY &quot;MEGAFON&quot;</norm-company-name><company-ids><oa-id>4297202772</oa-id><ric norm="MFON.MM">MFON.MM</ric></company-ids><company-classification><trbc-wrap><trbc type="RCS">B:1821</trbc><trbc type="2012">5810102014</trbc><trbc type="perm-id">4294951180</trbc></trbc-wrap></company-classification><relevancy engine="1C">0.2</relevancy><confidence engine="1C">0.95</confidence></norm-company-wrap><norm-company oa-id="5044797545">METALLOINVEST TRADING AG</norm-company><norm-company-wrap><norm-company-name>METALLOINVEST TRADING AG</norm-company-name><company-ids><oa-id>5044797545</oa-id></company-ids><relevancy engine="1C">0.2</relevancy><confidence engine="1C">0.94</confidence></norm-company-wrap><norm-company oa-id="4295907168">MICROSOFT CORP</norm-company><norm-company-wrap><norm-company-name>MICROSOFT CORP</norm-company-name><company-ids><oa-id>4295907168</oa-id><ric norm="MSFT.OQ">MSFT.OQ</ric></company-ids><company-classification><trbc-wrap><trbc type="RCS">B:1796</trbc><trbc type="2012">5720102010</trbc><trbc type="perm-id">4294951205</trbc></trbc-wrap></company-classification><relevancy engine="1C">0.2</relevancy><confidence engine="1C">0.98</confidence></norm-company-wrap><norm-company oa-id="5000708211">VIMPELCOM LTD</norm-company><norm-company-wrap><norm-company-name>VIMPELCOM LTD</norm-company-name><company-ids><oa-id>5000708211</oa-id><ric norm="VIP.OQ">VIP.OQ</ric></company-ids><company-classification><trbc-wrap><trbc type="RCS">B:1821</trbc><trbc type="2012">5810102014</trbc><trbc type="perm-id">4294951180</trbc></trbc-wrap></company-classification><relevancy engine="1C">0.2</relevancy><confidence engine="1C">0.98</confidence></norm-company-wrap><norm-company oa-id="4295887239">X5 RETAIL GROUP NV</norm-company><norm-company-wrap><norm-company-name>X5 RETAIL GROUP NV</norm-company-name><company-ids><oa-id>4295887239</oa-id><ric norm="FIVEI054.RTS">FIVEI054.RTS</ric></company-ids><company-classification><trbc-wrap><trbc type="RCS">B:1608</trbc><trbc type="2012">5430102010</trbc><trbc type="perm-id">4294951393</trbc></trbc-wrap></company-classification><relevancy engine="1C">0.2</relevancy><confidence engine="1C">0.95</confidence></norm-company-wrap><eos/><eop/></extr-company-block></extraction-terms><extraction-terms><extr-person-block><bop/><bos/><extr-person>Alisher Usmanov</extr-person><extr-person-wrap><extr-person-name>Alisher Usmanov</extr-person-name><relevancy engine="1C">0.2</relevancy></extr-person-wrap><extr-person>Sergei Sarkisov</extr-person><extr-person-wrap><extr-person-name>Sergei Sarkisov</extr-person-name><relevancy engine="1C">0.2</relevancy></extr-person-wrap><extr-person>Vladimir Potanin</extr-person><extr-person-wrap><extr-person-name>Vladimir Potanin</extr-person-name><relevancy engine="1C">0.2</relevancy></extr-person-wrap><extr-person>Daniel Khachaturov</extr-person><extr-person-wrap><extr-person-name>Daniel Khachaturov</extr-person-name><relevancy engine="1C">0.2</relevancy></extr-person-wrap><extr-person>Albert Avdolyan</extr-person><extr-person-wrap><extr-person-name>Albert Avdolyan</extr-person-name><relevancy engine="1C">0.2</relevancy></extr-person-wrap><extr-person>Nikolai</extr-person><extr-person-wrap><extr-person-name>Nikolai</extr-person-name><relevancy engine="1C">0.2</relevancy></extr-person-wrap><extr-person>Mikhail Maratovich Fridman</extr-person><norm-person-wrap><norm-person-name>Mikhail Maratovich Fridman</norm-person-name><person-ids><od-auth-id>881626</od-auth-id><od-officer-id>1525119</od-officer-id><od-officer-id>812810</od-officer-id><person-perm-id>34413669465</person-perm-id></person-ids><relevancy engine="1C">0.2</relevancy></norm-person-wrap><extr-person>Mikhail Fridman</extr-person><extr-person-wrap><extr-person-name>Mikhail Fridman</extr-person-name><relevancy engine="1C">0.2</relevancy></extr-person-wrap><extr-person>Samvel Karapetyan</extr-person><extr-person-wrap><extr-person-name>Samvel Karapetyan</extr-person-name><relevancy engine="1C">0.2</relevancy></extr-person-wrap><extr-person>Bill GatesRussia</extr-person><extr-person-wrap><extr-person-name>Bill GatesRussia</extr-person-name><relevancy engine="1C">0.2</relevancy></extr-person-wrap><eos/><eop/></extr-person-block></extraction-terms></indexing></document></n-docbody>
</n-document>
<n-document guid="I325cc3e0e2d111e4b8f2d3e1a4c581fa"><n-metadata><metadata.block><md.identifiers><md.cites><md.first.line.cite>4/14/15 NEWS 00:00:00</md.first.line.cite><md.second.line.cite>4/14/15 ARKA News Agency 00:00:00</md.second.line.cite></md.cites><md.uuid>I325cc3e0e2d111e4b8f2d3e1a4c581fa</md.uuid></md.identifiers><md.infotype>news</md.infotype><md.sortkeys><md.ordersequence>f47363bec</md.ordersequence></md.sortkeys><md.descriptions><md.title>VTB BANK (ARMENIA) AND MASTERCARD ANNOUNCE WINNERS OF DRIVING WITH VTB CAMPAIGN</md.title><md.westlawdescrip><md.readlist>READLIST</md.readlist></md.westlawdescrip></md.descriptions><md.dates><md.publisheddatetime>20150414130914</md.publisheddatetime><md.loaddate>20150414</md.loaddate><md.createddatetime>20150414130914</md.createddatetime></md.dates><md.subjects><md.subject><md.pubtype.name/><md.doctype.name>DNR</md.doctype.name><md.doctype.rank/><md.view>CNGE</md.view><md.view>RGEurope</md.view><md.view>PTNewswires</md.view><md.view>ARKANEWS0063786</md.view><md.view>INALLNEWS_ACTEST</md.view><md.view>INFARNEWS_AC</md.view><md.view>MARKETSEIKON_CN</md.view><md.view>MARKETSEIKON</md.view><md.view>CB_ASIAWIRES</md.view><md.view>INWIRES_AC</md.view><md.view>GULF_INTL</md.view><md.view>ININTNEWS_AC</md.view><md.view>ANZ_INTLOS</md.view><md.view>CLEAR_RF</md.view><md.view>INALLNEWS_AC</md.view><md.view>INNEWSINT_PRO</md.view><md.view>INBUSNEWS</md.view><md.view>INNEWSWORLD_PRO</md.view><md.view>INBUSNEWS_AC</md.view></md.subject></md.subjects><md.jurisdictions><md.jurisdiction><md.jurisstate>FE</md.jurisstate></md.jurisdiction></md.jurisdictions><md.publications><md.publication/><md.sourcepubid>ARKANEWS</md.sourcepubid></md.publications><md.royalty><md.royalty.code>84104</md.royalty.code></md.royalty></metadata.block><news.metadata.block><md.text.preview>BANKING NEWSYEREVAN, April 14. / ARKA /. VTB Bank (Armenia) and MasterCard international payment system have announced the winners of a special joint campaign called &quot;Driving with VTB&quot; designed for holders of Cirrus/Metro and MasterCard Standard</md.text.preview></news.metadata.block><newsplus.recommendable>1</newsplus.recommendable><n-view>CNGE</n-view><n-view>RGEurope</n-view><n-view>PTNewswires</n-view><n-view>ARKANEWS0063786</n-view><n-view>INALLNEWS_ACTEST</n-view><n-view>INFARNEWS_AC</n-view><n-view>MARKETSEIKON_CN</n-view><n-view>MARKETSEIKON</n-view><n-view>CB_ASIAWIRES</n-view><n-view>INWIRES_AC</n-view><n-view>GULF_INTL</n-view><n-view>ININTNEWS_AC</n-view><n-view>ANZ_INTLOS</n-view><n-view>CLEAR_RF</n-view><n-view>INALLNEWS_AC</n-view><n-view>INNEWSINT_PRO</n-view><n-view>INBUSNEWS</n-view><n-view>INNEWSWORLD_PRO</n-view><n-view>INBUSNEWS_AC</n-view><prism-stylesheet guid="Ia3024d301b6a11d89fc5f34981d3242f"/><prism-clipdate>20150414130914</prism-clipdate></n-metadata>
<n-docbody><document version="1" collection="D-ARKANEWS-T001" first-load-date="20150414130914" ip-product="ARKANEWS" royalty-id="84104" data-model="text" dtd-version="5.2.29" content-type="news" load-language="en"><supplier-info><supplier-num nitf="doc-id" nitf-regsrc="ARKA News Agency" type="accession">172d0002b435c7c6</supplier-num><internal-acc-num db-id="NEPRARKA" type="newz">20150414170.1_V172d0002b435c7c6</internal-acc-num><rec-status><last-load-date>20150414130914</last-load-date><nitf-date ne="datereceived">20150414T18:08:04Z</nitf-date><nitf-date nitf="date-issue">20150414T00:00:00Z</nitf-date><last-provider-update>20150414180804</last-provider-update></rec-status><supplier-copyright>Copyright Â© 2015 ARKA<copyright-year/><copyright-holder>ARKA</copyright-holder></supplier-copyright><supplier-note nitf="urgency" nitf-ed-urg="4"/><supplier-dtds><dtd dtd-version="working" dtd-date="20150310T00:00:00Z">Canonical Taxonomy</dtd><dtd dtd-version="20150303" dtd-date="20150310T00:00:00Z">Mapping File</dtd></supplier-dtds><copyright-block type="dialog"><service-copyright n-include_guid="Ice671660f30811d88920000083149a14" n-include_collection="D-DIALOGCOPYRIGHTS-T001"/></copyright-block><copyright-block type="west"><service-copyright n-include_guid="I1DA35ED81DD211B281BAD200220BDFCA" n-include_collection="w_wlnv_msg"/></copyright-block><west-citation-block><bop/><first-line-cite><bos/>4/14/15 NEWS 00:00:00<eos/></first-line-cite><second-line-cite><bos/>4/14/15 ARKA News Agency 00:00:00<eos/></second-line-cite><eop/></west-citation-block></supplier-info><title-info iso-language="en"><bop/><title type="headline" nitf-hedline="hl1" key="key-title"><bos/><sort-title><cite.query w-seq-number="00001" w-ref-type="CO" w-normalized-cite="IB9397CB0D0D811DF98F8FD3889AD24A2" ID="I87d8c490e2d111e48e7e9adc7dc75849">VTB BANK</cite.query> (ARMENIA) AND <cite.query w-seq-number="00002" w-ref-type="MM" w-normalized-cite="canonical_name::MASTERCARD" ID="I87d8c491e2d111e48e7e9adc7dc75849">MASTERCARD</cite.query> ANNOUNCE WINNERS OF DRIVING WITH VTB CAMPAIGN</sort-title><eos/></title><eop/></title-info><pub-info><journal key="key-journal"><bop/><bos/><sort-journal>ARKA News Agency</sort-journal><eos/><eop/></journal><pub-date key="key-date" iso-time="T00:00:00Z" type="date.publication"><full-pub-date>April 14, 2015</full-pub-date><sort-pub-date>20150414</sort-pub-date><sort-pub-timestamp>20150414000000</sort-pub-timestamp><rank-date>20150414</rank-date><currency-timestamp>20150414000000</currency-timestamp></pub-date><original-pub><language iso-language="en">English</language></original-pub><src-data><src-journal-code>ANPV</src-journal-code><src-pub-code>0063786</src-pub-code><src-pub-type>Newswire</src-pub-type><src-pub-country-wrap><src-pub-country-code>GE</src-pub-country-code><src-pub-country>Georgia CIS</src-pub-country></src-pub-country-wrap><src-pub-region>Europe</src-pub-region></src-data></pub-info><content iso-language="en"><total-char-count>1529</total-char-count><derived-word-count><bop/><bos/>Word Count: 245<eos/><eop/></derived-word-count><text type="lead-para"><p nitf="lede"><bop/><bos/>BANKING NEWS<eos/><eop/></p><p nitf="lede"><bop/><bos/>YEREVAN, April 14. / ARKA /. VTB Bank (Armenia) and <cite.query w-seq-number="00003" w-ref-type="MM" w-normalized-cite="canonical_name::MASTERCARD" ID="I87eb8940e2d111e48e7e9adc7dc75849">MasterCard</cite.query> international payment system have announced the winners of a special joint campaign called &quot;Driving with VTB&quot; designed for holders of Cirrus/Metro and <cite.query w-seq-number="00004" w-ref-type="NM" w-normalized-cite="canonical_name::MASTERCARD STANDARD" ID="I87eb8941e2d111e48e7e9adc7dc75849">MasterCard Standard</cite.query> cards, as well as <cite.query w-seq-number="00005" w-ref-type="NM" w-normalized-cite="canonical_name::GOLD MASTERCARD" ID="I87eb8942e2d111e48e7e9adc7dc75849">Gold MasterCard</cite.query> cards, issued by the bank.<eos/><eop/></p></text><text type="body"><p><bop/><bos/>By using these cards to pay for goods and services in the country, their holders earned bonus points and a chance to win one of the three valuable prizes - a 500,000 drams worth certificate for purchase of household appliances, a trip for two to Sri Lanka and the grand prize - <cite.query w-seq-number="00006" w-ref-type="NM" w-normalized-cite="canonical_name::RENAULT LOGAN" ID="I87f28e20e2d111e48e7e9adc7dc75849">Renault Logan</cite.query> car. <eos/><bos/>The campaign ran from 15 December 2014 to 15 March 2015 inclusive.<eos/><eop/></p><p><bop/><bos/>Cardholders earned two bonus points for each non-cash transaction worth 1000 drams made through the bank&apos;s trade and service points.<eos/><eop/></p><p><bop/><bos/>For each non-cash transaction worth 1,000 drams made n Armenia and abroad, including online stores, (with the exception of utilities and other non-cash transactions, made through ATMs), they got one bonus point. <eos/><bos/>The maximum number of points from one operation was 50.<eos/><eop/></p><p><bop/><bos/>One hundred cardholders with the highest number of points took part in the drawing of the prizes. <eos/><bos/>The 500,000 dram certificate went to Gayane Badalyan, the trip to Sri Lanka went to Lily Davtyan and the <cite.query w-seq-number="00007" w-ref-type="NM" w-normalized-cite="canonical_name::RENAULT LOGAN" ID="I87faa470e2d111e48e7e9adc7dc75849">Renault Logan</cite.query> went to Anahit Harutyunyan.<eos/><eop/></p><p><bop/><bos/>It was the second joint campaign carried out by <cite.query w-seq-number="00008" w-ref-type="WC" w-normalized-cite="IF40B3643453D11DD94140014224D2780" ID="I880504b0e2d111e48e7e9adc7dc75849">VTB Bank (Armenia</cite.query>) together with <cite.query w-seq-number="00009" w-ref-type="MM" w-normalized-cite="canonical_name::MASTERCARD" ID="I880504b1e2d111e48e7e9adc7dc75849">MasterCard</cite.query>.<eos/><eop/></p><p><bop/><bos/>VTB Bank (Armenia) is fully owned by <cite.query w-seq-number="00010" w-ref-type="NM" w-normalized-cite="canonical_name::RUSSIAN VTB BANK" ID="I88127230e2d111e48e7e9adc7dc75849">Russian VTB Bank</cite.query>. <eos/><bos/>It runs 67 branches across Armenia, more than any other local bank.-0-<eos/><eop/></p></text></content><indexing iso-language="en" value-add="machine-generated"><classification-terms><pres-location-block><bop/><bos/><pres-location-wrap><pres-location>Armenia</pres-location><pres-location-code>ISOAM</pres-location-code><alt1-location-code>1AR09</alt1-location-code></pres-location-wrap><pres-location-wrap><pres-location>Asia</pres-location><pres-location-code>GEOASIA</pres-location-code><alt1-location-code>1AS61</alt1-location-code></pres-location-wrap><pres-location-wrap><pres-location>CIS Countries</pres-location><pres-location-code>CISSTAT</pres-location-code><alt1-location-code>1CI64</alt1-location-code></pres-location-wrap><pres-location-wrap><pres-location>Eastern Europe</pres-location><pres-location-code>GEOEEUR</pres-location-code><alt1-location-code>1EA48</alt1-location-code></pres-location-wrap><pres-location-wrap><pres-location>Europe</pres-location><pres-location-code>GEOEUR</pres-location-code><alt1-location-code>1EU83</alt1-location-code></pres-location-wrap><pres-location-wrap><pres-location>Indian Subcontinent</pres-location><pres-location-code>GEOINSUB</pres-location-code><alt1-location-code>1IN32</alt1-location-code></pres-location-wrap><pres-location-wrap><pres-location>Southern Asia</pres-location><pres-location-code>GEOSASIA</pres-location-code><alt1-location-code>1SO52</alt1-location-code></pres-location-wrap><pres-location-wrap><pres-location>Sri Lanka</pres-location><pres-location-code>ISOLK</pres-location-code><alt1-location-code>1SR77</alt1-location-code></pres-location-wrap><eos/><eop/></pres-location-block></classification-terms><classification-terms><pres-subject-block><bop/><bos/><pres-subject-wrap><pres-subject>CIS</pres-subject><pres-subject-code>GEOCIS</pres-subject-code><alt1-subject-code>1CI65</alt1-subject-code></pres-subject-wrap><pres-subject-wrap><pres-subject>World Organizations</pres-subject><pres-subject-code>GEOORGS</pres-subject-code><alt1-subject-code>1IN77</alt1-subject-code></pres-subject-wrap><eos/><eop/></pres-subject-block><pres-industry-block><bop/><bos/><pres-industry-wrap><pres-industry>Bank Operations</pres-industry><pres-industry-code>BANKOPS</pres-industry-code><alt1-industry-code>1BA31</alt1-industry-code></pres-industry-wrap><pres-industry-wrap><pres-industry>Banking</pres-industry><pres-industry-code>BANKOVER</pres-industry-code><alt1-industry-code>1BA20</alt1-industry-code></pres-industry-wrap><pres-industry-wrap><pres-industry>Card &amp; Payment Processing</pres-industry><pres-industry-code>CARDPROC</pres-industry-code><alt1-industry-code>1CA88</alt1-industry-code></pres-industry-wrap><pres-industry-wrap><pres-industry>Credit, Debit &amp; Value Cards</pres-industry><pres-industry-code>CCARDS</pres-industry-code><alt1-industry-code>1CR28</alt1-industry-code></pres-industry-wrap><pres-industry-wrap><pres-industry>Debit Cards</pres-industry><pres-industry-code>DEBCARDS</pres-industry-code><alt1-industry-code>1DE11</alt1-industry-code></pres-industry-wrap><pres-industry-wrap><pres-industry>Financial Services</pres-industry><pres-industry-code>FINSVC</pres-industry-code><alt1-industry-code>1FI37</alt1-industry-code></pres-industry-wrap><pres-industry-wrap><pres-industry>Retail Banking Services</pres-industry><pres-industry-code>RTBNKOVR</pres-industry-code><alt1-industry-code>1RE38</alt1-industry-code></pres-industry-wrap><eos/><eop/></pres-industry-block></classification-terms><classification-terms><rcs-block><rcs>G:B</rcs><rcs>G:A</rcs><rcs>G:B2</rcs><rcs>B:127</rcs><rcs>B:128</rcs><rcs>B:125</rcs><rcs>B:129</rcs><rcs>B:126</rcs><rcs>G:Y</rcs><rcs>G:7I</rcs><rcs>G:1J</rcs><rcs>G:K</rcs><rcs>G:AJ</rcs></rcs-block></classification-terms><extraction-terms><extr-company-block><bop/><bos/><norm-company oa-id="4295902520">MASTERCARD INC</norm-company><norm-company-wrap><norm-company-name>MASTERCARD INC</norm-company-name><company-ids><oa-id>4295902520</oa-id><ric norm="MA.N">MA.N</ric></company-ids><company-classification><trbc-wrap><trbc type="RCS">B:1236</trbc><trbc type="2012">5220304027</trbc><trbc type="perm-id">4294951765</trbc></trbc-wrap></company-classification><relevancy engine="1C">0.8</relevancy><confidence engine="1C">0.97</confidence></norm-company-wrap><norm-company oa-id="4295887248">VTB BANK (OPEN JOINT STOCK COMPANY)</norm-company><norm-company-wrap><norm-company-name>VTB BANK (OPEN JOINT STOCK COMPANY)</norm-company-name><company-ids><oa-id>4295887248</oa-id><ric norm="VTBR.MMO">VTBR.MMO</ric></company-ids><company-classification><trbc-wrap><trbc type="RCS">B:1615</trbc><trbc type="2012">5510101010</trbc><trbc type="perm-id">4294951386</trbc></trbc-wrap></company-classification><relevancy engine="1C">0.8</relevancy><confidence engine="1C">0.88</confidence></norm-company-wrap><eos/><eop/></extr-company-block></extraction-terms><extraction-terms><extr-person-block><bop/><bos/><extr-person>Lily Davtyan</extr-person><extr-person-wrap><extr-person-name>Lily Davtyan</extr-person-name><relevancy engine="1C">0.2</relevancy></extr-person-wrap><eos/><eop/></extr-person-block></extraction-terms></indexing></document></n-docbody>
</n-document>
<n-document guid="Iada94a50e20e11e49c77ee6cdfc3433d"><n-metadata><metadata.block><md.identifiers><md.cites><md.parallelcite><md.parallelcite.info><md.display.parallelcite type="WLNR">2015 WLNR 10770471</md.display.parallelcite></md.parallelcite.info></md.parallelcite><md.first.line.cite>4/13/15 BANKSVCS (No Page)</md.first.line.cite><md.second.line.cite>4/13/15 ARKA Banking Services Bull. (Pg. Unavail. Online)</md.second.line.cite></md.cites><md.uuid>Iada94a50e20e11e49c77ee6cdfc3433d</md.uuid></md.identifiers><md.infotype>news</md.infotype><md.sortkeys><md.ordersequence>f469da56c</md.ordersequence></md.sortkeys><md.descriptions><md.title>PRESS CLIPPING</md.title><md.westlawdescrip><md.readlist>READLIST</md.readlist></md.westlawdescrip></md.descriptions><md.dates><md.publisheddatetime>20150413144632</md.publisheddatetime><md.loaddate>20150413</md.loaddate><md.createddatetime>20150413144632</md.createddatetime></md.dates><md.subjects><md.subject><md.pubtype.name/><md.doctype.name>DNR</md.doctype.name><md.doctype.rank/><md.view>CNAM</md.view><md.view>RGEurope</md.view><md.view>PTMagazines</md.view><md.view>ARKANEWS0064119</md.view><md.view>ININTNEWS_AC</md.view><md.view>INFINNEWS</md.view><md.view>INALLNEWS_ACTEST</md.view><md.view>INFARNEWS_AC</md.view><md.view>ANZ_INTLBTI</md.view><md.view>INALLNEWS_AC</md.view><md.view>CLEAR_RF</md.view><md.view>INBUSNEWS</md.view><md.view>INBANKNEWS_AC</md.view><md.view>INBUSNEWS_AC</md.view></md.subject></md.subjects><md.jurisdictions><md.jurisdiction><md.jurisstate>FE</md.jurisstate></md.jurisdiction></md.jurisdictions><md.publications><md.publication/><md.sourcepubid>ARKANEWS</md.sourcepubid></md.publications><md.royalty><md.royalty.code>77232</md.royalty.code></md.royalty></metadata.block><news.metadata.block><md.text.preview>The monitoring of Armenian media reports regarding the activities of local banks from April 7 to 11 shows that most important among the then news was the word of ACBA-CREDIT AGRICOLE BANK&apos;s new program designed to provide low-interest &apos;saving</md.text.preview></news.metadata.block><n-view>CNAM</n-view><n-view>RGEurope</n-view><n-view>PTMagazines</n-view><n-view>ARKANEWS0064119</n-view><n-view>ININTNEWS_AC</n-view><n-view>INFINNEWS</n-view><n-view>INALLNEWS_ACTEST</n-view><n-view>INFARNEWS_AC</n-view><n-view>ANZ_INTLBTI</n-view><n-view>INALLNEWS_AC</n-view><n-view>CLEAR_RF</n-view><n-view>INBUSNEWS</n-view><n-view>INBANKNEWS_AC</n-view><n-view>INBUSNEWS_AC</n-view><prism-stylesheet guid="Ia3024d301b6a11d89fc5f34981d3242f"/><prism-clipdate>20150413144632</prism-clipdate></n-metadata>
<n-docbody><document version="1" collection="D-ARKANEWS-T001" first-load-date="20150413144632" ip-product="ARKANEWS" royalty-id="77232" data-model="text" dtd-version="5.2.29" content-type="news" load-language="en"><supplier-info><supplier-num nitf="doc-id" nitf-regsrc="ARKA Banking Services Bulletin" type="accession">b4210076ba2f1865</supplier-num><internal-acc-num db-id="NEPRARKA" type="newz">20150413170.4_Vb4210076ba2f1865</internal-acc-num><rec-status><last-load-date>20150413144632</last-load-date><nitf-date ne="datereceived">20150413T18:55:39Z</nitf-date><nitf-date nitf="date-issue">20150413T00:00:00Z</nitf-date><last-provider-update>20150413185539</last-provider-update></rec-status><supplier-copyright>Copyright Â© 2015 ARKA<copyright-year/><copyright-holder>ARKA</copyright-holder></supplier-copyright><supplier-note nitf="urgency" nitf-ed-urg="4"/><supplier-dtds><dtd dtd-version="working" dtd-date="20150310T00:00:00Z">Canonical Taxonomy</dtd><dtd dtd-version="20150303" dtd-date="20150310T00:00:00Z">Mapping File</dtd></supplier-dtds><copyright-block type="dialog"><service-copyright n-include_guid="Ice671660f30811d88920000083149a14" n-include_collection="D-DIALOGCOPYRIGHTS-T001"/></copyright-block><copyright-block type="west"><service-copyright n-include_guid="I1DA35ED81DD211B281BAD200220BDFCA" n-include_collection="w_wlnv_msg"/></copyright-block><west-citation-block><bop/><first-line-cite><bos/>4/13/15 BANKSVCS (No Page)<eos/></first-line-cite><second-line-cite><bos/>4/13/15 ARKA Banking Services Bull. (Pg. Unavail. Online)<eos/></second-line-cite><westlawcite><bos/>2015 WLNR 10770471<eos/></westlawcite><eop/></west-citation-block></supplier-info><title-info iso-language="en"><bop/><title type="headline" nitf-hedline="hl1" key="key-title"><bos/><sort-title>PRESS CLIPPING</sort-title><eos/></title><eop/></title-info><pub-info><journal key="key-journal"><bop/><bos/><sort-journal>ARKA Banking Services Bulletin</sort-journal><eos/><eop/></journal><pub-date key="key-date" iso-time="T00:00:00Z" type="date.publication"><full-pub-date>April 13, 2015</full-pub-date><sort-pub-date>20150413</sort-pub-date><sort-pub-timestamp>20150413000000</sort-pub-timestamp><rank-date>20150413</rank-date><currency-timestamp>20150413000000</currency-timestamp></pub-date><original-pub><language iso-language="en">English</language></original-pub><src-data><src-journal-code>ANPY</src-journal-code><src-pub-code>0064119</src-pub-code><src-pub-type>Newsletter</src-pub-type><src-pub-country-wrap><src-pub-country-code>AM</src-pub-country-code><src-pub-country>Armenia</src-pub-country></src-pub-country-wrap><src-pub-region>Europe</src-pub-region></src-data></pub-info><content iso-language="en"><total-char-count>10948</total-char-count><derived-word-count><bop/><bos/>Word Count: 1658<eos/><eop/></derived-word-count><text type="lead-para"><p nitf="lede"><bop/><bos/>The monitoring of Armenian media reports regarding the activities of local banks from April 7 to 11 shows that most important among the then news was the word of ACBA-<cite.query w-seq-number="00001" w-ref-type="NM" w-normalized-cite="canonical_name::CREDIT AGRICOLE BANK" ID="Ie8d56fd0e21511e4aa5d8497bd764a19">CREDIT AGRICOLE BANK</cite.query>&apos;s new program designed to provide low-interest &apos;saving loans&apos; for introduction of energy-efficient technologies.<eos/><eop/></p><p nitf="lede"><bop/><bos/>ACBA-<cite.query w-seq-number="00002" w-ref-type="NM" w-normalized-cite="canonical_name::CREDIT AGRICOLE BANK" ID="Ie8dd3800e21511e4aa5d8497bd764a19">CREDIT AGRICOLE BANK</cite.query> also opened a new section on its official website created specifically for those of its clients who need to submit statements about their bank accounts to foreign embassies.<eos/><eop/></p></text><text type="body"><p><bop/><bos/>The bank has unveiled a new special service it has designed to boost e-commerce in Armenia.<eos/><eop/></p><p><bop/><bos/>In has also become known from media reports that Ardshinbank joined Best and ConversTransfer money transfer systems.<eos/><eop/></p><p><bop/><bos/><cite.query w-seq-number="00003" w-ref-type="NM" w-normalized-cite="canonical_name::ANELINK BANK" ID="Ie8e882a0e21511e4aa5d8497bd764a19">Anelink Bank</cite.query> has planted 250 trees in Aragatsotn provicne as part of a celebration of its 25th anniversary.<eos/><eop/></p><p><bop/><bos/>VTB Bank (Armenia) has sponsored a new album by popular Armenian pop singer Eric &quot;Your Traces&quot;.<eos/><eop/></p><p><bop/><bos/>Mher Abrahamyan, head of the central bank&apos;s division in charge of regulation of the finance system, said in an interview with <cite.query w-seq-number="00004" w-ref-type="NM" w-normalized-cite="canonical_name::ARKA NEWS AGENCY" ID="Ie8f83a10e21511e4aa5d8497bd764a19">ARKA News Agency</cite.query> that the <cite.query w-seq-number="00005" w-ref-type="CO" w-normalized-cite="I706C7C4142B311DDA5520014224D2780" ID="Ie8f83a11e21511e4aa5d8497bd764a19">Central Bank of Armenia</cite.query> proposed to increase the size of guaranteed deposits in drams 2.5 times.<eos/><eop/></p><p><bop/><bos/>The media reports released by newspapers and Internet resources over the period between April 7 and 11 contained information about four commercial banks.<eos/><eop/></p><p><bop/><bos/>Azg, Golos Armenii, Novoe <cite.query w-seq-number="00006" w-ref-type="NM" w-normalized-cite="canonical_name::VREMYA" ID="Ie9022520e21511e4aa5d8497bd764a19">Vremya</cite.query>, Aravot, Delovoy Express, Hayastani Hanrapetutyun, Respublika Armenia, Haykakan Zhamanak, Hayots Ashkhar, Iravunk, Orakarg, Yerkir, Hraparak, Chorrord Ishkhanutyun, Zhamanak, Zhoghovurd and 168 Zham newspapers were used to collect the information.<eos/><eop/></p><p><bop/><bos/>Panarmenian, ARKA, Armbanks, Banks, Arminfo, Finport and Panorama and <cite.query w-seq-number="00007" w-ref-type="MM" w-normalized-cite="canonical_name::EBANK" ID="Ie90866b0e21511e4aa5d8497bd764a19">Ebank</cite.query> Internet resources were used as well. ---0---<eos/><eop/></p><section-title>ACBA-CREDIT AGRICOLE BANK LAUNCHES LOW-INTEREST &apos;SAVING LOANS&apos; PROGRAM FOR INTRODUCTION OF ENERGY-EFFICIENT TECHNOLOGIES</section-title><p><bop/><bos/>Speaking at a news conference today ACBA-CREDIT AGRICOLE BANK CEO Hakob Andreasyan said the Bank is launching a program designed to provide low-interest &apos;saving loans&apos; for introduction of energy-efficient technologies.<eos/><eop/></p><p><bop/><bos/>He said the loans&apos; repayable term is 8 years and the minimum amount is $30,000. <eos/><bos/>He did not say what the maximum amount is.<eos/><eop/></p><p><bop/><bos/>Andreasyan explained that the program also provides for loans, 10% of which will be provided as grants.<eos/><eop/></p><p><bop/><bos/>According to Andreasyan, to implement this program the bank established cooperation with the <cite.query w-seq-number="00008" w-ref-type="WC" w-normalized-cite="ID61DAFE0567F11E0B507DE267DF909C1" ID="Ie915ad20e21511e4aa5d8497bd764a19">European Fund</cite.query> for Southeast Europe (EFSE) and the <cite.query w-seq-number="00009" w-ref-type="CO" w-normalized-cite="IBAFB90B169EC11DDB89AB9FC5024B35B" ID="Ie915ad21e21511e4aa5d8497bd764a19">European Bank for Reconstruction and Development</cite.query>, as well as with &quot;EnergoCredit&quot; fund.<eos/><eop/></p><p><bop/><bos/>Sources: www.armbanks.am 10.04.2015, www.arka.am 10.04.2015, www.finport.am 10.04.2015, www.arminfo.am 11.04.2015, www.banks.am 10.04.2015, www.panorama.am 10.04.2015, Hraparak 11.04.2015, Zhoghovurd 11.04.2015<eos/><eop/></p><section-title>ACBA-CREDIT AGRICOLE BANK SIMPLIFIES ISSUING BANK ACCOUNT STATEMENTS TO ITS CUSTOMERS FOR PRESENTATION TO FOREIGN EMBASSIES</section-title><p><bop/><bos/>ACBA-<cite.query w-seq-number="00010" w-ref-type="NM" w-normalized-cite="canonical_name::CREDIT AGRICOLE BANK" ID="Ie91eadd0e21511e4aa5d8497bd764a19">CREDIT AGRICOLE BANK</cite.query> has opened a new section on its official website created specifically for those of its clients who need to submit statements about their bank accounts to foreign embassies.<eos/><eop/></p><p><bop/><bos/>According to a <cite.query w-seq-number="00011" w-ref-type="CO" w-normalized-cite="I4001E103747A11DD8AA8C467EE637EE9" ID="Ie9340a90e21511e4aa5d8497bd764a19">Bank</cite.query>&apos;s press release, from now on all its customers may obtain statements about their bank accounts for presentation to foreign embassies by completing the online application form, available on its official website. <eos/><bos/>To do so they need to visit the &quot;online application&quot; section.<eos/><eop/></p><p><bop/><bos/>The <cite.query w-seq-number="00012" w-ref-type="CO" w-normalized-cite="I4001E103747A11DD8AA8C467EE637EE9" ID="Ie93fca60e21511e4aa5d8497bd764a19">Bank</cite.query> said thanks to this new section a customer will save time and may visit the bank only once to get the statement the next day after filling the application by paying the set fee.<eos/><eop/></p><p><bop/><bos/>Sources: www.armbanks.am 09.04.2015, www.arka.am 09.04.2015, www.arminfo.am 09.04.2015, www.banks.am 09.04.2015<eos/><eop/></p><section-title>ACBA-CREDIT AGRICOLE BANK UNVEILS NEW SPECIAL SERVICE DESIGNED TO BOOST E-COMMERCE IN ARMENIA</section-title><p><bop/><bos/>ACBA-<cite.query w-seq-number="00013" w-ref-type="NM" w-normalized-cite="canonical_name::CREDIT AGRICOLE BANK" ID="Ie954d900e21511e4aa5d8497bd764a19">CREDIT AGRICOLE BANK</cite.query> has unveiled a new special service it has designed to boost e-commerce in Armenia. <eos/><bos/>According to a <cite.query w-seq-number="00014" w-ref-type="CO" w-normalized-cite="I4001E103747A11DD8AA8C467EE637EE9" ID="Ie954d901e21511e4aa5d8497bd764a19">Bank</cite.query>&apos;s press release, all the companies that would like to take advantage of this special service will have the e-commerce module integrated with their websites free of charge until May 5.<eos/><eop/></p><p><bop/><bos/>In order to use the service, they can visit an ACBA-<cite.query w-seq-number="00015" w-ref-type="NM" w-normalized-cite="canonical_name::CREDIT AGRICOLE BANK" ID="Ie95e27d0e21511e4aa5d8497bd764a19">CREDIT AGRICOLE BANK</cite.query> branch or fill out an online application form available on the bank&apos;s official website.<eos/><eop/></p><p><bop/><bos/>The <cite.query w-seq-number="00016" w-ref-type="CO" w-normalized-cite="I4001E103747A11DD8AA8C467EE637EE9" ID="Ie96a35c0e21511e4aa5d8497bd764a19">Bank</cite.query> said it has been a year already since it began providing online shops with an opportunity to accept payments by using 3D Secure technology, which allows Armenian business people to offer their services not only to local but also foreign customers. <eos/><bos/>As a result, companies are able to enhance their sales, improve the quality of services and introduce new ones.<eos/><eop/></p><p><bop/><bos/>The 3D Secure technology is designed to make online shopping transactions safer by authenticating a cardholder&apos;s identity at the time of purchase, through the likes of Verified by <cite.query w-seq-number="00017" w-ref-type="MM" w-normalized-cite="canonical_name::VISA" ID="Ie97dbdc0e21511e4aa5d8497bd764a19">Visa</cite.query> and <cite.query w-seq-number="00018" w-ref-type="NM" w-normalized-cite="canonical_name::MASTERCARD SECURECODE" ID="Ie97dbdc1e21511e4aa5d8497bd764a19">MasterCard SecureCode</cite.query>.<eos/><eop/></p><p><bop/><bos/>Sources: www.armbanks.am 08.04.2015, www.arminfo.am 09.04.2015, www.banks.am 08.04.2015, www.panorama.am 08.04.2015<eos/><eop/></p><section-title>ARDSHINBANK JOINS BEST AND CONVERSTRANSFER MONEY TRANSFER SYSTEMS</section-title><p><bop/><bos/>On April 3, Ardshinbank offered two new money transfer systems to its clients - Best and ConversTransfer, which are served in the bank&apos;s 56 branches in Armenia and Nagorno-Karabakh Republic, the bank&apos;s press office reports.<eos/><eop/></p><p><bop/><bos/>According to the press release, Best and ConversTransfer systems allow customers to send and receive money over <cite.query w-seq-number="00019" w-ref-type="MM" w-normalized-cite="canonical_name::CIS" ID="Ie9908270e21511e4aa5d8497bd764a19">CIS</cite.query> countries in US dollars, Euros and Russian rubles.<eos/><eop/></p><p><bop/><bos/>Due to a special agreement reached with the system Best it is possible to transfer money from Russian <cite.query w-seq-number="00020" w-ref-type="NM" w-normalized-cite="canonical_name::UNITED NATIONAL BANK LLC" ID="Ie9a62d50e21511e4aa5d8497bd764a19">United National Bank LLC</cite.query> to Ardshinbank with 0% interest rate.<eos/><eop/></p><p><bop/><bos/>The press office says implementation of new systems and the ability to make transfers at preferential rates are designed to create additional facilities and meet the growing demand of the population toward financial products.<eos/><eop/></p><p><bop/><bos/>Receiving of the transfer is free of charge for Receiver and it is available immediately after the transfer has been made.<eos/><eop/></p><p><bop/><bos/>Sources: www.armbanks.am 09.04.2015, www.arminfo.am 09.04.2015, www.banks.am 09.04.2015<eos/><eop/></p><section-title>ANELIK BANK PLANTS 250 TREES AS PART OF CELEBRATION OF ITS 25TH ANNIVERSARY</section-title><p><bop/><bos/><cite.query w-seq-number="00021" w-ref-type="CO" w-normalized-cite="IAB5AD290E2CE11DE916D8A11856AA63E" ID="Ie9b4fa60e21511e4aa5d8497bd764a19">Anelik Bank</cite.query> said its personnel have planted 250 trees in central Aragatsotn region of Armenia as part of a celebration of its 25th anniversary.<eos/><eop/></p><p><bop/><bos/>The trees were planted near the <cite.query w-seq-number="00022" w-ref-type="NM" w-normalized-cite="canonical_name::CHURCH OF ST GREGORY OF NAREK" ID="Ie9cc2be0e21511e4aa5d8497bd764a19">Church of St. Gregory of Narek</cite.query> in the village of Kazaravan. <eos/><bos/>The bank&apos;s top managers, including board members and heads of departments joined the personnel to plant the trees.<eos/><eop/></p><p><bop/><bos/>&quot;It has been a quarter of a century that <cite.query w-seq-number="00023" w-ref-type="CO" w-normalized-cite="IAB5AD290E2CE11DE916D8A11856AA63E" ID="Ie9dc5880e21511e4aa5d8497bd764a19">Anelik Bank</cite.query> has been operating in Armenia. <eos/><bos/>We plan also some other events to mark the anniversary,&quot; Astghik Martirosyan, a press officer of the bank is quoted as saying in a press release.<eos/><eop/></p><p><bop/><bos/>According to her, except for tree planting they plan also to help residents of several towns to arrange the green spaces in front of their residential buildings as well as implement programs to help students.<eos/><eop/></p><p><bop/><bos/>Sources: www.armbanks.am 07.04.2015, www.banks.am 07.04.2015<eos/><eop/></p><section-title>VTB BANK (ARMENIA) SPONSORS RELEASE OF NEW ALBUM BY ERIC</section-title><p><bop/><bos/>A new album by popular Armenian pop singer Eric &quot;Your Traces&quot; was presented today in Yerevan. <eos/><bos/>The release of the album was sponsored by <cite.query w-seq-number="00024" w-ref-type="CO" w-normalized-cite="IB9397CB0D0D811DF98F8FD3889AD24A2" ID="Ie9ede4b0e21511e4aa5d8497bd764a19">VTB Bank</cite.query> (Armenia).<eos/><bos/> The event was attended by famous actors and singers, representatives of the Armenian show business and bank officials.<eos/><eop/></p><p><bop/><bos/>&quot;As part of its social responsibility policy <cite.query w-seq-number="00025" w-ref-type="CO" w-normalized-cite="IB9397CB0D0D811DF98F8FD3889AD24A2" ID="Iea00f780e21511e4aa5d8497bd764a19">VTB Bank</cite.query> (Armenia) shows regular financial support to representatives of different music styles. <eos/><bos/>It&apos;s nice to be involved in the professional growth of a talented artist and to help him convey quality music to his fans. <eos/><bos/>I wish Eric further success,&quot; VTB Bank (Armenia) CEO Yuri Gusev said.<eos/><eop/></p><p><bop/><bos/>Sources: www.armbanks.am 10.04.2015, www.banks.am 10.04.2015<eos/><eop/></p><section-title>ARMENIAN CENTRAL BANK PROPOSES TO INCREASE SIZE OF GUARANTEED DEPOSITS 2.5 TIMES</section-title><p><bop/><bos/>The <cite.query w-seq-number="00026" w-ref-type="CO" w-normalized-cite="I706C7C4142B311DDA5520014224D2780" ID="Iea337930e21511e4aa5d8497bd764a19">Central Bank of Armenia</cite.query> proposes to increase the size of guaranteed deposits in drams to <cite.query w-seq-number="00027" w-ref-type="CO" w-normalized-cite="I27218B6541EC11DDAD6B0014224D2780" ID="Iea337931e21511e4aa5d8497bd764a19">AMD</cite.query> 10 million and in foreign currencies to the amount equal to AMD 5 million, Mher Abrahamyan, head of the central bank&apos;s division in charge of regulation of the finance system, said in an interview with <cite.query w-seq-number="00028" w-ref-type="NM" w-normalized-cite="canonical_name::ARKA NEWS AGENCY" ID="Iea337932e21511e4aa5d8497bd764a19">ARKA News Agency</cite.query>.<eos/><eop/></p><p><bop/><bos/>Now the guaranteed compensation for individuals&apos; deposits in drams is <cite.query w-seq-number="00029" w-ref-type="CO" w-normalized-cite="I27218B6541EC11DDAD6B0014224D2780" ID="Iea5a1400e21511e4aa5d8497bd764a19">AMD</cite.query> 4 million and for those in foreign currencies <cite.query w-seq-number="00030" w-ref-type="CO" w-normalized-cite="I27218B6541EC11DDAD6B0014224D2780" ID="Iea5a1401e21511e4aa5d8497bd764a19">AMD</cite.query> 2 million.<eos/><eop/></p><p><bop/><bos/>&quot;It means it is proposed to increase the guaranteed deposits 2.5 times, and as a result, 95% of individuals&apos; deposits will be guaranteed,&quot; Abrahamyan said.<eos/><eop/></p><p><bop/><bos/>He said that the regulator has prepared a package of amendments to the law on insurance of bank deposits, taking into account some financial and banking indicators, the population&apos;s income, sizes of deposits and the number of depositors.<eos/><eop/></p><p><bop/><bos/>Sources: www.armbanks.am 10.04.2015<eos/><eop/></p><section-title>NUMBER OF ARMENIAN BANKS&apos; CLIENTS REDUCES BY 1% TO 2,243,825 IN JANUARY</section-title><p><bop/><bos/>The number of Armenian banks&apos; clients has reduced by 1% since December 2014 to 2,243,825 in late January 2015.<eos/><eop/></p><p><bop/><bos/>Of them, 78,585 are corporate clients and 2,165,240 individuals.<eos/><eop/></p><p><bop/><bos/>There were 3,896,470 accounts at the country&apos;s commercial banks in late January 2015 against 3,910,808 in December 2014, of which 3,723,782 were individual clients&apos; accounts and 172,688 corporate clients&apos; accounts.<eos/><eop/></p><p><bop/><bos/>Balances of the deposits attracted from the population totaled AMD 889 205 million in late February 2015, after growing 0.6% or by 4 872 million over one month.<eos/><eop/></p><p><bop/><bos/>Compared with the same month of the previous year, they grew 10.2% or by 82 399 million.<eos/><eop/></p><p><bop/><bos/>Source: www.armbanks.am 09.04.2015<eos/><eop/></p><section-title>INTEREST SPREAD AT ARMENIA&apos;S COMMERCIAL BANKS 4.72% IN FEBRUARY</section-title><p><bop/><bos/>Interest spread at Armenia&apos;s commercial banks has narrowed by 0.59 percentage points since the beginning of this year to 4.72% in late February, but widened by 0.01 p. p., compared with late January, the National Statistical Service of Armenia reports.<eos/><eop/></p><p><bop/><bos/>Interest spread (difference between interest rates on loans and deposits) is one of the most important indicators for rating one or another country&apos;s banking sector.<eos/><eop/></p><p><bop/><bos/>A high spread shows system risks - it means that banks are not able to estimate credit risks adequately.<eos/><eop/></p><p><bop/><bos/>According to the <cite.query w-seq-number="00031" w-ref-type="WC" w-normalized-cite="I09730A601D8E11DF92A4E17263A55917" ID="Iea836df0e21511e4aa5d8497bd764a19">National Statistical Service</cite.query>, loan interests averaged 18.71% in Armenia in February against 16.77% in January, and deposits interests 13.99% against 12.06% respectively. <eos/>M.V.----0-----<eop/></p><p><bop/><bos/>Source: www.armbanks.am 09.04.2015<eos/><eop/></p><section-title>OVERDUE LOANS IN ARMENIA&apos;S COMMERCIAL BANKS GROW 4.7% TO AMD 37.5 BILLION IN FEBRUARY</section-title><p><bop/><bos/>Overdue loans in Armenia&apos;s commercial banks grew 4.7% in February 2015, compared with the previous month, to <cite.query w-seq-number="00032" w-ref-type="CO" w-normalized-cite="I27218B6541EC11DDAD6B0014224D2780" ID="Iea9150a0e21511e4aa5d8497bd764a19">AMD</cite.query> 37.5 billion or 1.8% of the bank&apos;s aggregate loan portfolio.<eos/><eop/></p><p><bop/><bos/>The share of short-term loans here was 67.9% in late February and they total <cite.query w-seq-number="00033" w-ref-type="CO" w-normalized-cite="I27218B6541EC11DDAD6B0014224D2780" ID="Iea9dfad0e21511e4aa5d8497bd764a19">AMD</cite.query> 25.5 billion after growing 6.3% over that month.<eos/><eop/></p><p><bop/><bos/>Prolonged loans amounted to about <cite.query w-seq-number="00034" w-ref-type="CO" w-normalized-cite="I27218B6541EC11DDAD6B0014224D2780" ID="Ieac04fe0e21511e4aa5d8497bd764a19">AMD</cite.query> 129.5 billion after growing 3.2% over the month. <eos/><bos/>Short-term loans here amounted to <cite.query w-seq-number="00035" w-ref-type="CO" w-normalized-cite="I27218B6541EC11DDAD6B0014224D2780" ID="Ieac04fe1e21511e4aa5d8497bd764a19">AMD</cite.query> 53.1 billion.<eos/><eop/></p><p><bop/><bos/>The banks&apos; aggregate credit investments shrank 1.2% over February to AMD 1 916.7 billion. <eos/><bos/>Loans in foreign currencies here amounted to AMD 1 272 million.<eos/><eop/></p><p><bop/><bos/>Armenian commercial banks&apos; aggregate loan portfolio amounted to about <cite.query w-seq-number="00036" w-ref-type="CO" w-normalized-cite="I27218B6541EC11DDAD6B0014224D2780" ID="Iead8e0f0e21511e4aa5d8497bd764a19">AMD</cite.query> 2083.8 billion in late February after shrinking 0.8% over the month.<eos/><eop/></p><p><bop/><bos/>Source: www.armbanks.am 07.04.2015<eos/><eop/></p></text></content><indexing iso-language="en" value-add="machine-generated"><classification-terms><pres-location-block><bop/><bos/><pres-location-wrap><pres-location>Armenia</pres-location><pres-location-code>ISOAM</pres-location-code><alt1-location-code>1AR09</alt1-location-code></pres-location-wrap><pres-location-wrap><pres-location>CIS Countries</pres-location><pres-location-code>CISSTAT</pres-location-code><alt1-location-code>1CI64</alt1-location-code></pres-location-wrap><pres-location-wrap><pres-location>Eastern Europe</pres-location><pres-location-code>GEOEEUR</pres-location-code><alt1-location-code>1EA48</alt1-location-code></pres-location-wrap><pres-location-wrap><pres-location>Europe</pres-location><pres-location-code>GEOEUR</pres-location-code><alt1-location-code>1EU83</alt1-location-code></pres-location-wrap><pres-location-wrap><pres-location>Russia</pres-location><pres-location-code>ISORU</pres-location-code><alt1-location-code>1RU33</alt1-location-code></pres-location-wrap><eos/><eop/></pres-location-block></classification-terms><classification-terms><pres-subject-block><bop/><bos/><pres-subject-wrap><pres-subject>CIS</pres-subject><pres-subject-code>GEOCIS</pres-subject-code><alt1-subject-code>1CI65</alt1-subject-code></pres-subject-wrap><pres-subject-wrap><pres-subject>Economic Policy &amp; Policymakers</pres-subject><pres-subject-code>ECONRULE</pres-subject-code><alt1-subject-code>1EC69</alt1-subject-code></pres-subject-wrap><pres-subject-wrap><pres-subject>Economics &amp; Trade</pres-subject><pres-subject-code>TRADE</pres-subject-code><alt1-subject-code>1EC26</alt1-subject-code></pres-subject-wrap><pres-subject-wrap><pres-subject>Emerging Market Countries</pres-subject><pres-subject-code>EMERGING</pres-subject-code><alt1-subject-code>1EM65</alt1-subject-code></pres-subject-wrap><pres-subject-wrap><pres-subject>Monetary Policy</pres-subject><pres-subject-code>PTMONET</pres-subject-code><alt1-subject-code>1MO18</alt1-subject-code></pres-subject-wrap><pres-subject-wrap><pres-subject>World Organizations</pres-subject><pres-subject-code>GEOORGS</pres-subject-code><alt1-subject-code>1IN77</alt1-subject-code></pres-subject-wrap><eos/><eop/></pres-subject-block><pres-industry-block><bop/><bos/><pres-industry-wrap><pres-industry>Banking</pres-industry><pres-industry-code>BANKOVER</pres-industry-code><alt1-industry-code>1BA20</alt1-industry-code></pres-industry-wrap><pres-industry-wrap><pres-industry>Commercial Banking Services</pres-industry><pres-industry-code>BANKCOML</pres-industry-code><alt1-industry-code>1CO19</alt1-industry-code></pres-industry-wrap><pres-industry-wrap><pres-industry>Financial Services</pres-industry><pres-industry-code>FINSVC</pres-industry-code><alt1-industry-code>1FI37</alt1-industry-code></pres-industry-wrap><pres-industry-wrap><pres-industry>Financial Services Regulatory</pres-industry><pres-industry-code>FINREG</pres-industry-code><alt1-industry-code>1FI03</alt1-industry-code></pres-industry-wrap><pres-industry-wrap><pres-industry>Loans</pres-industry><pres-industry-code>LOANS</pres-industry-code><alt1-industry-code>1LO12</alt1-industry-code></pres-industry-wrap><pres-industry-wrap><pres-industry>Major Central Banks</pres-industry><pres-industry-code>MAJCBANK</pres-industry-code><alt1-industry-code>1MA01</alt1-industry-code></pres-industry-wrap><pres-industry-wrap><pres-industry>Retail Banking Services</pres-industry><pres-industry-code>RTBNKOVR</pres-industry-code><alt1-industry-code>1RE38</alt1-industry-code></pres-industry-wrap><eos/><eop/></pres-industry-block></classification-terms><classification-terms><rcs-block><rcs>G:B</rcs><rcs>E:5</rcs><rcs>G:A</rcs><rcs>A:E</rcs><rcs>G:B2</rcs><rcs>B:127</rcs><rcs>B:128</rcs><rcs>G:38</rcs><rcs>B:125</rcs><rcs>B:129</rcs><rcs>B:126</rcs><rcs>G:Y</rcs><rcs>E:B</rcs><rcs>M:8</rcs><rcs>G:7I</rcs><rcs>B:131</rcs><rcs>G:1</rcs><rcs>G:AJ</rcs></rcs-block></classification-terms><extraction-terms><extr-company-block><bop/><bos/><extr-company>168 Zham</extr-company><extr-company-wrap><extr-company-name>168 Zham</extr-company-name><relevancy engine="1C">0.2</relevancy><confidence engine="1C">0.73</confidence></extr-company-wrap><extr-company>Russian United National Bank LLC</extr-company><extr-company-wrap><extr-company-name>Russian United National Bank LLC</extr-company-name><relevancy engine="1C">0.2</relevancy><confidence engine="1C">0.65</confidence></extr-company-wrap><norm-company oa-id="4297575894">ACBA CREDIT AGRICOLE BANK CLOSED JSK</norm-company><norm-company-wrap><norm-company-name>ACBA CREDIT AGRICOLE BANK CLOSED JSK</norm-company-name><company-ids><oa-id>4297575894</oa-id></company-ids><company-classification><trbc-wrap><trbc type="RCS">B:128</trbc><trbc type="2012">55101010</trbc><trbc type="perm-id">4294952873</trbc></trbc-wrap></company-classification><relevancy engine="1C">0.8</relevancy><confidence engine="1C">0.72</confidence></norm-company-wrap><norm-company oa-id="4297735232">AMD INDUSTRIES LTD</norm-company><norm-company-wrap><norm-company-name>AMD INDUSTRIES LTD</norm-company-name><company-ids><oa-id>4297735232</oa-id><ric norm="AMDM.NS">AMDM.NS</ric></company-ids><company-classification><trbc-wrap><trbc type="RCS">B:1126</trbc><trbc type="2012">5130201010</trbc><trbc type="perm-id">4294951875</trbc></trbc-wrap></company-classification><relevancy engine="1C">0.2</relevancy><confidence engine="1C">0.69</confidence></norm-company-wrap><norm-company oa-id="5000023584">ANELIK BANK CLOSED JSK</norm-company><norm-company-wrap><norm-company-name>ANELIK BANK CLOSED JSK</norm-company-name><company-ids><oa-id>5000023584</oa-id></company-ids><company-classification><trbc-wrap><trbc type="RCS">B:128</trbc><trbc type="2012">55101010</trbc><trbc type="perm-id">4294952873</trbc></trbc-wrap></company-classification><relevancy engine="1C">0.2</relevancy><confidence engine="1C">0.76</confidence></norm-company-wrap><norm-company oa-id="4297689786">ARDSHINBANK CJSC</norm-company><norm-company-wrap><norm-company-name>ARDSHINBANK CJSC</norm-company-name><company-ids><oa-id>4297689786</oa-id></company-ids><company-classification><trbc-wrap><trbc type="RCS">B:1615</trbc><trbc type="2012">5510101010</trbc><trbc type="perm-id">4294951386</trbc></trbc-wrap></company-classification><relevancy engine="1C">0.2</relevancy><confidence engine="1C">0.77</confidence></norm-company-wrap><norm-company oa-id="4295902520">MASTERCARD INC</norm-company><norm-company-wrap><norm-company-name>MASTERCARD INC</norm-company-name><company-ids><oa-id>4295902520</oa-id><ric norm="MA.N">MA.N</ric></company-ids><company-classification><trbc-wrap><trbc type="RCS">B:1236</trbc><trbc type="2012">5220304027</trbc><trbc type="perm-id">4294951765</trbc></trbc-wrap></company-classification><relevancy engine="1C">0.2</relevancy><confidence engine="1C">0.79</confidence></norm-company-wrap><norm-company oa-id="4296426475">PANORAMA PETROLEUM INC</norm-company><norm-company-wrap><norm-company-name>PANORAMA PETROLEUM INC</norm-company-name><company-ids><oa-id>4296426475</oa-id><ric norm="PPA.V">PPA.V</ric></company-ids><company-classification><trbc-wrap><trbc type="RCS">B:1004</trbc><trbc type="2012">5010202010</trbc><trbc type="perm-id">4294951997</trbc></trbc-wrap></company-classification><relevancy engine="1C">0.2</relevancy><confidence engine="1C">0.75</confidence></norm-company-wrap><norm-company oa-id="4295887248">VTB BANK (OPEN JOINT STOCK COMPANY)</norm-company><norm-company-wrap><norm-company-name>VTB BANK (OPEN JOINT STOCK COMPANY)</norm-company-name><company-ids><oa-id>4295887248</oa-id><ric norm="VTBR.MMO">VTBR.MMO</ric></company-ids><company-classification><trbc-wrap><trbc type="RCS">B:1615</trbc><trbc type="2012">5510101010</trbc><trbc type="perm-id">4294951386</trbc></trbc-wrap></company-classification><relevancy engine="1C">0.2</relevancy><confidence engine="1C">0.94</confidence></norm-company-wrap><norm-company oa-id="4298015179">VISA INC</norm-company><norm-company-wrap><norm-company-name>VISA INC</norm-company-name><company-ids><oa-id>4298015179</oa-id><ric norm="V.N">V.N</ric></company-ids><company-classification><trbc-wrap><trbc type="RCS">B:1219</trbc><trbc type="2012">5220304010</trbc><trbc type="perm-id">4294951782</trbc></trbc-wrap></company-classification><relevancy engine="1C">0.2</relevancy><confidence engine="1C">0.74</confidence></norm-company-wrap><norm-company oa-id="4295901746">EBANK FINANCIAL SERVICES INC</norm-company><norm-company-wrap><norm-company-name>EBANK FINANCIAL SERVICES INC</norm-company-name><company-ids><oa-id>4295901746</oa-id><ric norm="EBDC.PK">EBDC.PK</ric></company-ids><company-classification><trbc-wrap><trbc type="RCS">B:1615</trbc><trbc type="2012">5510101010</trbc><trbc type="perm-id">4294951386</trbc></trbc-wrap></company-classification><relevancy engine="1C">0.2</relevancy><confidence engine="1C">0.83</confidence></norm-company-wrap><eos/><eop/></extr-company-block></extraction-terms><extraction-terms><extr-person-block><bop/><bos/><extr-person>Hakob Andreasyan</extr-person><extr-person-wrap><extr-person-name>Hakob Andreasyan</extr-person-name><relevancy engine="1C">0.2</relevancy></extr-person-wrap><extr-person>Eric</extr-person><extr-person-wrap><extr-person-name>Eric</extr-person-name><relevancy engine="1C">0.2</relevancy></extr-person-wrap><extr-person>Mher Abrahamyan</extr-person><extr-person-wrap><extr-person-name>Mher Abrahamyan</extr-person-name><relevancy engine="1C">0.8</relevancy></extr-person-wrap><extr-person>Astghik Martirosyan</extr-person><extr-person-wrap><extr-person-name>Astghik Martirosyan</extr-person-name><relevancy engine="1C">0.2</relevancy></extr-person-wrap><eos/><eop/></extr-person-block></extraction-terms></indexing></document></n-docbody>
</n-document>
<n-document guid="I89643ff0de8611e48abcdff33693f27c"><n-metadata><metadata.block><md.identifiers><md.cites><md.first.line.cite>4/9/15 NEWS 00:00:00</md.first.line.cite><md.second.line.cite>4/9/15 ARKA News Agency 00:00:00</md.second.line.cite></md.cites><md.uuid>I89643ff0de8611e48abcdff33693f27c</md.uuid></md.identifiers><md.infotype>news</md.infotype><md.sortkeys><md.ordersequence>f47363bec</md.ordersequence></md.sortkeys><md.descriptions><md.title>RECENT EUROBOND ISSUE CREATES BUFFER ZONE FOR GOVERNMENT IN ARMENIA - IMF</md.title><md.westlawdescrip><md.readlist>READLIST</md.readlist></md.westlawdescrip></md.descriptions><md.dates><md.publisheddatetime>20150409020704</md.publisheddatetime><md.loaddate>20150409</md.loaddate><md.createddatetime>20150409020704</md.createddatetime></md.dates><md.subjects><md.subject><md.pubtype.name/><md.doctype.name>DNR</md.doctype.name><md.doctype.rank/><md.view>CNGE</md.view><md.view>RGEurope</md.view><md.view>PTNewswires</md.view><md.view>ARKANEWS0063786</md.view><md.view>INALLNEWS_ACTEST</md.view><md.view>INFARNEWS_AC</md.view><md.view>MARKETSEIKON_CN</md.view><md.view>MARKETSEIKON</md.view><md.view>CB_ASIAWIRES</md.view><md.view>INWIRES_AC</md.view><md.view>GULF_INTL</md.view><md.view>ININTNEWS_AC</md.view><md.view>ANZ_INTLOS</md.view><md.view>CLEAR_RF</md.view><md.view>INALLNEWS_AC</md.view><md.view>INNEWSINT_PRO</md.view><md.view>INBUSNEWS</md.view><md.view>INNEWSWORLD_PRO</md.view><md.view>INBUSNEWS_AC</md.view></md.subject></md.subjects><md.jurisdictions><md.jurisdiction><md.jurisstate>FE</md.jurisstate></md.jurisdiction></md.jurisdictions><md.publications><md.publication/><md.sourcepubid>ARKANEWS</md.sourcepubid></md.publications><md.royalty><md.royalty.code>84104</md.royalty.code></md.royalty></metadata.block><news.metadata.block><md.text.preview>STOCK MARKETYEREVAN, April 9. /ARKA/. The recent Eurobond issue has created a buffer zone for the government in Armenia amid uncertainty over economic growth and state funds, the head of IMF mission in Armenia Mark Horton told reporters on</md.text.preview></news.metadata.block><newsplus.recommendable>1</newsplus.recommendable><n-view>CNGE</n-view><n-view>RGEurope</n-view><n-view>PTNewswires</n-view><n-view>ARKANEWS0063786</n-view><n-view>INALLNEWS_ACTEST</n-view><n-view>INFARNEWS_AC</n-view><n-view>MARKETSEIKON_CN</n-view><n-view>MARKETSEIKON</n-view><n-view>CB_ASIAWIRES</n-view><n-view>INWIRES_AC</n-view><n-view>GULF_INTL</n-view><n-view>ININTNEWS_AC</n-view><n-view>ANZ_INTLOS</n-view><n-view>CLEAR_RF</n-view><n-view>INALLNEWS_AC</n-view><n-view>INNEWSINT_PRO</n-view><n-view>INBUSNEWS</n-view><n-view>INNEWSWORLD_PRO</n-view><n-view>INBUSNEWS_AC</n-view><prism-stylesheet guid="Ia3024d301b6a11d89fc5f34981d3242f"/><prism-clipdate>20150409020704</prism-clipdate></n-metadata>
<n-docbody><document version="1" collection="D-ARKANEWS-T001" first-load-date="20150409020704" ip-product="ARKANEWS" royalty-id="84104" data-model="text" dtd-version="5.2.29" content-type="news" load-language="en"><supplier-info><supplier-num nitf="doc-id" nitf-regsrc="ARKA News Agency" type="accession">387600022800b88e</supplier-num><internal-acc-num db-id="NEPRARKA" type="newz">20150409170.1_V387600022800b88e</internal-acc-num><rec-status><last-load-date>20150409020704</last-load-date><nitf-date ne="datereceived">20150409T07:03:34Z</nitf-date><nitf-date nitf="date-issue">20150409T00:00:00Z</nitf-date><last-provider-update>20150409070334</last-provider-update></rec-status><supplier-copyright>Copyright Â© 2015 ARKA<copyright-year/><copyright-holder>ARKA</copyright-holder></supplier-copyright><supplier-note nitf="urgency" nitf-ed-urg="4"/><supplier-dtds><dtd dtd-version="working" dtd-date="20150310T00:00:00Z">Canonical Taxonomy</dtd><dtd dtd-version="20150303" dtd-date="20150310T00:00:00Z">Mapping File</dtd></supplier-dtds><copyright-block type="dialog"><service-copyright n-include_guid="Ice671660f30811d88920000083149a14" n-include_collection="D-DIALOGCOPYRIGHTS-T001"/></copyright-block><copyright-block type="west"><service-copyright n-include_guid="I1DA35ED81DD211B281BAD200220BDFCA" n-include_collection="w_wlnv_msg"/></copyright-block><west-citation-block><bop/><first-line-cite><bos/>4/9/15 NEWS 00:00:00<eos/></first-line-cite><second-line-cite><bos/>4/9/15 ARKA News Agency 00:00:00<eos/></second-line-cite><eop/></west-citation-block></supplier-info><title-info iso-language="en"><bop/><title type="headline" nitf-hedline="hl1" key="key-title"><bos/><sort-title>RECENT <cite.query w-seq-number="00001" w-ref-type="MM" w-normalized-cite="canonical_name::EUROBOND" ID="I143a16e0de8711e4ba5cf3306e8e5bab">EUROBOND</cite.query> ISSUE CREATES BUFFER ZONE FOR GOVERNMENT IN ARMENIA - <cite.query w-seq-number="00002" w-ref-type="MM" w-normalized-cite="canonical_name::IMF" ID="I143a16e1de8711e4ba5cf3306e8e5bab">IMF</cite.query></sort-title><eos/></title><eop/></title-info><pub-info><journal key="key-journal"><bop/><bos/><sort-journal>ARKA News Agency</sort-journal><eos/><eop/></journal><pub-date key="key-date" iso-time="T00:00:00Z" type="date.publication"><full-pub-date>April 9, 2015</full-pub-date><sort-pub-date>20150409</sort-pub-date><sort-pub-timestamp>20150409000000</sort-pub-timestamp><rank-date>20150409</rank-date><currency-timestamp>20150409000000</currency-timestamp></pub-date><original-pub><language iso-language="en">English</language></original-pub><src-data><src-journal-code>ANPV</src-journal-code><src-pub-code>0063786</src-pub-code><src-pub-type>Newswire</src-pub-type><src-pub-country-wrap><src-pub-country-code>GE</src-pub-country-code><src-pub-country>Georgia CIS</src-pub-country></src-pub-country-wrap><src-pub-region>Europe</src-pub-region></src-data></pub-info><content iso-language="en"><total-char-count>1364</total-char-count><derived-word-count><bop/><bos/>Word Count: 223<eos/><eop/></derived-word-count><text type="lead-para"><p nitf="lede"><bop/><bos/>STOCK MARKET<eos/><eop/></p><p nitf="lede"><bop/><bos/>YEREVAN, April 9. /ARKA/. <eos/><bos/>The recent <cite.query w-seq-number="00003" w-ref-type="MM" w-normalized-cite="canonical_name::EUROBOND" ID="I144ba310de8711e4ba5cf3306e8e5bab">Eurobond</cite.query> issue has created a buffer zone for the government in Armenia amid uncertainty over economic growth and state funds, the head of <cite.query w-seq-number="00004" w-ref-type="MM" w-normalized-cite="canonical_name::IMF" ID="I144ba311de8711e4ba5cf3306e8e5bab">IMF</cite.query> mission in Armenia Mark Horton told reporters on Wednesday.<eos/><eop/></p></text><text type="body"><p><bop/><bos/>Armenia sold a $500 million 10-year dollar bond on March 19 for only the second time on record, paying a yield of 7.5%. <eos/><bos/><cite.query w-seq-number="00005" w-ref-type="MM" w-normalized-cite="canonical_name::DEUTSCHE BANK" ID="I15207f40de8711e4ba5cf3306e8e5bab">Deutsche Bank</cite.query>, <cite.query w-seq-number="00006" w-ref-type="MM" w-normalized-cite="canonical_name::HSBC BANK" ID="I15207f41de8711e4ba5cf3306e8e5bab">HSBC Bank</cite.query> and <cite.query w-seq-number="00007" w-ref-type="MM" w-normalized-cite="canonical_name::JP MORGAN" ID="I15207f42de8711e4ba5cf3306e8e5bab">JP Morgan</cite.query> acted as underwriters.<eos/><eop/></p><p><bop/><bos/>Horton said it was a timely issue, bearing in mind some statements by the <cite.query w-seq-number="00008" w-ref-type="NM" w-normalized-cite="canonical_name::US FEDERAL RESERVE BANK" ID="I152d2970de8711e4ba5cf3306e8e5bab">US Federal Reserve Bank</cite.query> and the <cite.query w-seq-number="00009" w-ref-type="MM" w-normalized-cite="canonical_name::EUROPEAN CENTRAL BANK" ID="I152d2971de8711e4ba5cf3306e8e5bab">European Central Bank</cite.query>.<eos/><eop/></p><p><bop/><bos/>Horton said the government used part of the proceeds to repay some of its debts from the previous bond issue, having eased the debt loan for future. <eos/><bos/>According to the head of the mission, rates could be lower, yet they are within the current market trends.<eos/><eop/></p><p><bop/><bos/>Most importantly, the government created certain guarantees for itself amid uncertainty over economic growth and state financing, Horton said.<eos/><eop/></p><p><bop/><bos/>Armenia received $487.84 million from the second <cite.query w-seq-number="00010" w-ref-type="MM" w-normalized-cite="canonical_name::EUROBOND" ID="I1536ed70de8711e4ba5cf3306e8e5bab">Eurobond</cite.query> issue. <eos/><bos/>Of that amount, about $205.8 million was spent to buy back part of the previous dollar bond issue carried out in 2013. <eos/><bos/>Apart from this, some 40 billion drams will be used to cover the 2015 budget deficit.<eos/><eop/></p><p><bop/><bos/>Armenia first issued $700 million worth dollar-denominated bonds in September 2013 at the yield of 6 percent. <eos/><bos/>($1 - 474.99 drams).<eos/><bos/> N.V. -0-<eos/><eop/></p></text></content><indexing iso-language="en" value-add="machine-generated"><classification-terms><pres-location-block><bop/><bos/><pres-location-wrap><pres-location>Armenia</pres-location><pres-location-code>ISOAM</pres-location-code><alt1-location-code>1AR09</alt1-location-code></pres-location-wrap><pres-location-wrap><pres-location>CIS Countries</pres-location><pres-location-code>CISSTAT</pres-location-code><alt1-location-code>1CI64</alt1-location-code></pres-location-wrap><pres-location-wrap><pres-location>Eastern Europe</pres-location><pres-location-code>GEOEEUR</pres-location-code><alt1-location-code>1EA48</alt1-location-code></pres-location-wrap><pres-location-wrap><pres-location>Europe</pres-location><pres-location-code>GEOEUR</pres-location-code><alt1-location-code>1EU83</alt1-location-code></pres-location-wrap><eos/><eop/></pres-location-block></classification-terms><classification-terms><pres-subject-block><bop/><bos/><pres-subject-wrap><pres-subject>Bond Instruments</pres-subject><pres-subject-code>BONDINST</pres-subject-code><alt1-subject-code>1BO92</alt1-subject-code></pres-subject-wrap><pres-subject-wrap><pres-subject>Bond Issues</pres-subject><pres-subject-code>NEWBONDS</pres-subject-code><alt1-subject-code>1BO94</alt1-subject-code></pres-subject-wrap><pres-subject-wrap><pres-subject>CIS</pres-subject><pres-subject-code>GEOCIS</pres-subject-code><alt1-subject-code>1CI65</alt1-subject-code></pres-subject-wrap><pres-subject-wrap><pres-subject>Economic Development</pres-subject><pres-subject-code>PTEDED</pres-subject-code><alt1-subject-code>1EC65</alt1-subject-code></pres-subject-wrap><pres-subject-wrap><pres-subject>Economics &amp; Trade</pres-subject><pres-subject-code>TRADE</pres-subject-code><alt1-subject-code>1EC26</alt1-subject-code></pres-subject-wrap><pres-subject-wrap><pres-subject>Eurobonds</pres-subject><pres-subject-code>EUROBOND</pres-subject-code><alt1-subject-code>1EU87</alt1-subject-code></pres-subject-wrap><pres-subject-wrap><pres-subject>Funding Instruments</pres-subject><pres-subject-code>INVSTING</pres-subject-code><alt1-subject-code>1FU41</alt1-subject-code></pres-subject-wrap><pres-subject-wrap><pres-subject>World Organizations</pres-subject><pres-subject-code>GEOORGS</pres-subject-code><alt1-subject-code>1IN77</alt1-subject-code></pres-subject-wrap><eos/><eop/></pres-subject-block><pres-industry-block><bop/><bos/><pres-industry-wrap><pres-industry>Banking</pres-industry><pres-industry-code>BANKOVER</pres-industry-code><alt1-industry-code>1BA20</alt1-industry-code></pres-industry-wrap><pres-industry-wrap><pres-industry>Bonds</pres-industry><pres-industry-code>BONDS</pres-industry-code><alt1-industry-code>1BO97</alt1-industry-code></pres-industry-wrap><pres-industry-wrap><pres-industry>Financial Services</pres-industry><pres-industry-code>FINSVC</pres-industry-code><alt1-industry-code>1FI37</alt1-industry-code></pres-industry-wrap><pres-industry-wrap><pres-industry>Fixed Income Investments</pres-industry><pres-industry-code>FIXEDINV</pres-industry-code><alt1-industry-code>1FI12</alt1-industry-code></pres-industry-wrap><pres-industry-wrap><pres-industry>Investment Management</pres-industry><pres-industry-code>INVSTMAN</pres-industry-code><alt1-industry-code>1IN34</alt1-industry-code></pres-industry-wrap><pres-industry-wrap><pres-industry>Loans</pres-industry><pres-industry-code>LOANS</pres-industry-code><alt1-industry-code>1LO12</alt1-industry-code></pres-industry-wrap><pres-industry-wrap><pres-industry>Retail Banking Services</pres-industry><pres-industry-code>RTBNKOVR</pres-industry-code><alt1-industry-code>1RE38</alt1-industry-code></pres-industry-wrap><pres-industry-wrap><pres-industry>Securities Investment</pres-industry><pres-industry-code>PTSECUR</pres-industry-code><alt1-industry-code>1SE57</alt1-industry-code></pres-industry-wrap><eos/><eop/></pres-industry-block></classification-terms><classification-terms><rcs-block><rcs>G:B</rcs><rcs>E:5</rcs><rcs>E:W</rcs><rcs>G:A</rcs><rcs>A:E</rcs><rcs>G:B2</rcs><rcs>B:127</rcs><rcs>B:128</rcs><rcs>B:125</rcs><rcs>B:129</rcs><rcs>B:126</rcs><rcs>G:Y</rcs><rcs>G:7I</rcs><rcs>E:5I</rcs><rcs>A:U</rcs><rcs>B:130</rcs><rcs>A:2</rcs><rcs>A:S</rcs><rcs>G:AJ</rcs></rcs-block></classification-terms><extraction-terms><extr-company-block><bop/><bos/><norm-company oa-id="4295869482">DEUTSCHE BANK AG</norm-company><norm-company-wrap><norm-company-name>DEUTSCHE BANK AG</norm-company-name><company-ids><oa-id>4295869482</oa-id><ric norm="DBKGn.DE">DBKGn.DE</ric></company-ids><company-classification><trbc-wrap><trbc type="RCS">B:128</trbc><trbc type="2012">55101010</trbc><trbc type="perm-id">4294952873</trbc></trbc-wrap></company-classification><relevancy engine="1C">0.2</relevancy><confidence engine="1C">0.93</confidence></norm-company-wrap><norm-company oa-id="8589934275">HSBC HOLDINGS PLC</norm-company><norm-company-wrap><norm-company-name>HSBC HOLDINGS PLC</norm-company-name><company-ids><oa-id>8589934275</oa-id><ric norm="HSBA.L">HSBA.L</ric></company-ids><company-classification><trbc-wrap><trbc type="RCS">B:1616</trbc><trbc type="2012">5510101011</trbc><trbc type="perm-id">4294951385</trbc></trbc-wrap></company-classification><relevancy engine="1C">0.2</relevancy><confidence engine="1C">0.94</confidence></norm-company-wrap><norm-company oa-id="5000021791">JPMORGAN CHASE AND CO</norm-company><norm-company-wrap><norm-company-name>JPMORGAN CHASE AND CO</norm-company-name><company-ids><oa-id>5000021791</oa-id><ric norm="8634.T">8634.T</ric></company-ids><company-classification><trbc-wrap><trbc type="RCS">B:1615</trbc><trbc type="2012">5510101010</trbc><trbc type="perm-id">4294951386</trbc></trbc-wrap></company-classification><relevancy engine="1C">0.2</relevancy><confidence engine="1C">0.93</confidence></norm-company-wrap><eos/><eop/></extr-company-block></extraction-terms><extraction-terms><extr-person-block><bop/><bos/><extr-person>Mark Horton</extr-person><extr-person-wrap><extr-person-name>Mark Horton</extr-person-name><relevancy engine="1C">0.2</relevancy></extr-person-wrap><eos/><eop/></extr-person-block></extraction-terms></indexing></document></n-docbody>
</n-document>
<n-document guid="I820d8d50de0011e4b3eccea3920e4f9c"><n-metadata><metadata.block><md.identifiers><md.cites><md.first.line.cite>4/8/15 NEWS 00:00:00</md.first.line.cite><md.second.line.cite>4/8/15 ARKA News Agency 00:00:00</md.second.line.cite></md.cites><md.uuid>I820d8d50de0011e4b3eccea3920e4f9c</md.uuid></md.identifiers><md.infotype>news</md.infotype><md.sortkeys><md.ordersequence>f47363bec</md.ordersequence></md.sortkeys><md.descriptions><md.title>ACBA-CREDIT AGRICOLE BANK UNVEILS NEW SPECIAL SERVICE DESIGNED TO BOOST E-COMMERCE IN ARMENIA</md.title><md.westlawdescrip><md.readlist>READLIST</md.readlist></md.westlawdescrip></md.descriptions><md.dates><md.publisheddatetime>20150408102517</md.publisheddatetime><md.loaddate>20150408</md.loaddate><md.createddatetime>20150408102517</md.createddatetime></md.dates><md.subjects><md.subject><md.pubtype.name/><md.doctype.name>DNR</md.doctype.name><md.doctype.rank/><md.view>CNGE</md.view><md.view>RGEurope</md.view><md.view>PTNewswires</md.view><md.view>ARKANEWS0063786</md.view><md.view>INALLNEWS_ACTEST</md.view><md.view>INFARNEWS_AC</md.view><md.view>MARKETSEIKON_CN</md.view><md.view>MARKETSEIKON</md.view><md.view>CB_ASIAWIRES</md.view><md.view>INWIRES_AC</md.view><md.view>GULF_INTL</md.view><md.view>ININTNEWS_AC</md.view><md.view>ANZ_INTLOS</md.view><md.view>CLEAR_RF</md.view><md.view>INALLNEWS_AC</md.view><md.view>INNEWSINT_PRO</md.view><md.view>INBUSNEWS</md.view><md.view>INNEWSWORLD_PRO</md.view><md.view>INBUSNEWS_AC</md.view></md.subject></md.subjects><md.jurisdictions><md.jurisdiction><md.jurisstate>FE</md.jurisstate></md.jurisdiction></md.jurisdictions><md.publications><md.publication/><md.sourcepubid>ARKANEWS</md.sourcepubid></md.publications><md.royalty><md.royalty.code>84104</md.royalty.code></md.royalty></metadata.block><news.metadata.block><md.text.preview>BANKING NEWSYEREVAN, April 8. / ARKA /. ACBA-CREDIT AGRICOLE BANK has unveiled today a new special service it has designed to boost e-commerce in Armenia. According to a Bank&apos;s press release, all the companies that would like to take advantage of</md.text.preview></news.metadata.block><newsplus.recommendable>1</newsplus.recommendable><n-view>CNGE</n-view><n-view>RGEurope</n-view><n-view>PTNewswires</n-view><n-view>ARKANEWS0063786</n-view><n-view>INALLNEWS_ACTEST</n-view><n-view>INFARNEWS_AC</n-view><n-view>MARKETSEIKON_CN</n-view><n-view>MARKETSEIKON</n-view><n-view>CB_ASIAWIRES</n-view><n-view>INWIRES_AC</n-view><n-view>GULF_INTL</n-view><n-view>ININTNEWS_AC</n-view><n-view>ANZ_INTLOS</n-view><n-view>CLEAR_RF</n-view><n-view>INALLNEWS_AC</n-view><n-view>INNEWSINT_PRO</n-view><n-view>INBUSNEWS</n-view><n-view>INNEWSWORLD_PRO</n-view><n-view>INBUSNEWS_AC</n-view><prism-stylesheet guid="Ia3024d301b6a11d89fc5f34981d3242f"/><prism-clipdate>20150408102517</prism-clipdate></n-metadata>
<n-docbody><document version="1" collection="D-ARKANEWS-T001" first-load-date="20150408102517" ip-product="ARKANEWS" royalty-id="84104" data-model="text" dtd-version="5.2.29" content-type="news" load-language="en"><supplier-info><supplier-num nitf="doc-id" nitf-regsrc="ARKA News Agency" type="accession">0df100036ddcdc48</supplier-num><internal-acc-num db-id="NEPRARKA" type="newz">20150408170.1_V0df100036ddcdc48</internal-acc-num><rec-status><last-load-date>20150408102517</last-load-date><nitf-date ne="datereceived">20150408T15:04:09Z</nitf-date><nitf-date nitf="date-issue">20150408T00:00:00Z</nitf-date><last-provider-update>20150408150409</last-provider-update></rec-status><supplier-copyright>Copyright Â© 2015 ARKA<copyright-year/><copyright-holder>ARKA</copyright-holder></supplier-copyright><supplier-note nitf="urgency" nitf-ed-urg="4"/><supplier-dtds><dtd dtd-version="working" dtd-date="20150310T00:00:00Z">Canonical Taxonomy</dtd><dtd dtd-version="20150303" dtd-date="20150310T00:00:00Z">Mapping File</dtd></supplier-dtds><copyright-block type="dialog"><service-copyright n-include_guid="Ice671660f30811d88920000083149a14" n-include_collection="D-DIALOGCOPYRIGHTS-T001"/></copyright-block><copyright-block type="west"><service-copyright n-include_guid="I1DA35ED81DD211B281BAD200220BDFCA" n-include_collection="w_wlnv_msg"/></copyright-block><west-citation-block><bop/><first-line-cite><bos/>4/8/15 NEWS 00:00:00<eos/></first-line-cite><second-line-cite><bos/>4/8/15 ARKA News Agency 00:00:00<eos/></second-line-cite><eop/></west-citation-block></supplier-info><title-info iso-language="en"><bop/><title type="headline" nitf-hedline="hl1" key="key-title"><bos/><sort-title>ACBA-CREDIT AGRICOLE BANK UNVEILS NEW SPECIAL SERVICE DESIGNED TO BOOST E-COMMERCE IN ARMENIA</sort-title><eos/></title><eop/></title-info><pub-info><journal key="key-journal"><bop/><bos/><sort-journal>ARKA News Agency</sort-journal><eos/><eop/></journal><pub-date key="key-date" iso-time="T00:00:00Z" type="date.publication"><full-pub-date>April 8, 2015</full-pub-date><sort-pub-date>20150408</sort-pub-date><sort-pub-timestamp>20150408000000</sort-pub-timestamp><rank-date>20150408</rank-date><currency-timestamp>20150408000000</currency-timestamp></pub-date><original-pub><language iso-language="en">English</language></original-pub><src-data><src-journal-code>ANPV</src-journal-code><src-pub-code>0063786</src-pub-code><src-pub-type>Newswire</src-pub-type><src-pub-country-wrap><src-pub-country-code>GE</src-pub-country-code><src-pub-country>Georgia CIS</src-pub-country></src-pub-country-wrap><src-pub-region>Europe</src-pub-region></src-data></pub-info><content iso-language="en"><total-char-count>1770</total-char-count><derived-word-count><bop/><bos/>Word Count: 284<eos/><eop/></derived-word-count><text type="lead-para"><p nitf="lede"><bop/><bos/>BANKING NEWS<eos/><eop/></p><p nitf="lede"><bop/><bos/>YEREVAN, April 8. / ARKA /. ACBA-<cite.query w-seq-number="00001" w-ref-type="NM" w-normalized-cite="canonical_name::CREDIT AGRICOLE BANK" ID="Ie92b3a70de0311e4bb669704e46850f6">CREDIT AGRICOLE BANK</cite.query> has unveiled today a new special service it has designed to boost e-commerce in Armenia. <eos/><bos/>According to a <cite.query w-seq-number="00002" w-ref-type="CO" w-normalized-cite="I4001E103747A11DD8AA8C467EE637EE9" ID="Ie92b3a71de0311e4bb669704e46850f6">Bank</cite.query>&apos;s press release, all the companies that would like to take advantage of this special service will have the e-commerce module integrated with their websites free of charge until May 5.<eos/><eop/></p></text><text type="body"><p><bop/><bos/>In order to use the service, they can visit an ACBA-<cite.query w-seq-number="00003" w-ref-type="NM" w-normalized-cite="canonical_name::CREDIT AGRICOLE BANK" ID="Ie9360fe0de0311e4bb669704e46850f6">CREDIT AGRICOLE BANK</cite.query> branch or fill out an online application form available on the bank&apos;s official website.<eos/><eop/></p><p><bop/><bos/>The <cite.query w-seq-number="00004" w-ref-type="CO" w-normalized-cite="I4001E103747A11DD8AA8C467EE637EE9" ID="Ie9421dd0de0311e4bb669704e46850f6">Bank</cite.query> said it has been a year already since it began providing online shops with an opportunity to accept payments by using 3D Secure technology, which allows Armenian business people to offer their services not only to local but also foreign customers. <eos/><bos/>As a result, companies are able to enhance their sales, improve the quality of services and introduce new ones.<eos/><eop/></p><p><bop/><bos/>The 3D Secure technology is designed to make online shopping transactions safer by authenticating a cardholder&apos;s identity at the time of purchase, through the likes of Verified by <cite.query w-seq-number="00005" w-ref-type="MM" w-normalized-cite="canonical_name::VISA" ID="Ie956de50de0311e4bb669704e46850f6">Visa</cite.query> and <cite.query w-seq-number="00006" w-ref-type="NM" w-normalized-cite="canonical_name::MASTERCARD SECURECODE" ID="Ie956de51de0311e4bb669704e46850f6">MasterCard SecureCode</cite.query>.<eos/><eop/></p><p><bop/><bos/><cite.query w-seq-number="00007" w-ref-type="MM" w-normalized-cite="canonical_name::ACBA" ID="Ie9842fe0de0311e4bb669704e46850f6">ACBA</cite.query> was established in 1996 as part of <cite.query w-seq-number="00008" w-ref-type="MM" w-normalized-cite="canonical_name::EU" ID="Ie9842fe1de0311e4bb669704e46850f6">EU</cite.query>&apos;s TACIS program. <eos/><bos/>As a result of a long-term and mutually beneficial cooperation between <cite.query w-seq-number="00009" w-ref-type="CO" w-normalized-cite="I4151F38041EC11DDAD6B0014224D2780" ID="Ie9842fe2de0311e4bb669704e46850f6">ACBA Bank</cite.query> and the French Credit Agricole the latter became the biggest shareholder of ACBA in 2006, September. <eos/><bos/>ACBA was restructured, becoming a closed joint stock company and was renamed ACBA CREDIT AGRICOLE BANK.<eos/><eop/></p><p><bop/><bos/>The bank&apos;s assets in 2014 grew by 7 percent year-on-year to 286.4 billion drams; its liabilities grew by 11 percent to 237 billion drams, while its capital fell by almost 9 percent to 49.37 billion drams. <eos/><bos/>The bank closed 2014 with a loss of 4.6 billion drams against a 4.9 billion dram profit in 2013. - ($1 - 474.99 drams).<eos/> -0-<eop/></p></text></content><indexing iso-language="en" value-add="machine-generated"><classification-terms><pres-location-block><bop/><bos/><pres-location-wrap><pres-location>Armenia</pres-location><pres-location-code>ISOAM</pres-location-code><alt1-location-code>1AR09</alt1-location-code></pres-location-wrap><pres-location-wrap><pres-location>CIS Countries</pres-location><pres-location-code>CISSTAT</pres-location-code><alt1-location-code>1CI64</alt1-location-code></pres-location-wrap><pres-location-wrap><pres-location>Eastern Europe</pres-location><pres-location-code>GEOEEUR</pres-location-code><alt1-location-code>1EA48</alt1-location-code></pres-location-wrap><pres-location-wrap><pres-location>Europe</pres-location><pres-location-code>GEOEUR</pres-location-code><alt1-location-code>1EU83</alt1-location-code></pres-location-wrap><eos/><eop/></pres-location-block></classification-terms><classification-terms><pres-subject-block><bop/><bos/><pres-subject-wrap><pres-subject>Economic Indicators</pres-subject><pres-subject-code>ECONWRLD</pres-subject-code><alt1-subject-code>1EC19</alt1-subject-code></pres-subject-wrap><pres-subject-wrap><pres-subject>Economics &amp; Trade</pres-subject><pres-subject-code>TRADE</pres-subject-code><alt1-subject-code>1EC26</alt1-subject-code></pres-subject-wrap><pres-subject-wrap><pres-subject>Industrial Output</pres-subject><pres-subject-code>OUTPUT</pres-subject-code><alt1-subject-code>1IN17</alt1-subject-code></pres-subject-wrap><eos/><eop/></pres-subject-block><pres-industry-block><bop/><bos/><pres-industry-wrap><pres-industry>Banking</pres-industry><pres-industry-code>BANKOVER</pres-industry-code><alt1-industry-code>1BA20</alt1-industry-code></pres-industry-wrap><pres-industry-wrap><pres-industry>Commercial Banking Services</pres-industry><pres-industry-code>BANKCOML</pres-industry-code><alt1-industry-code>1CO19</alt1-industry-code></pres-industry-wrap><pres-industry-wrap><pres-industry>Financial Services</pres-industry><pres-industry-code>FINSVC</pres-industry-code><alt1-industry-code>1FI37</alt1-industry-code></pres-industry-wrap><pres-industry-wrap><pres-industry>Metals &amp; Mining</pres-industry><pres-industry-code>METALS</pres-industry-code><alt1-industry-code>1ME07</alt1-industry-code></pres-industry-wrap><pres-industry-wrap><pres-industry>Minor Metals &amp; Minerals</pres-industry><pres-industry-code>MINORORE</pres-industry-code><alt1-industry-code>1MI41</alt1-industry-code></pres-industry-wrap><pres-industry-wrap><pres-industry>Molybdenum</pres-industry><pres-industry-code>MOLY</pres-industry-code><alt1-industry-code>1MO03</alt1-industry-code></pres-industry-wrap><pres-industry-wrap><pres-industry>Natural Resources</pres-industry><pres-industry-code>RESOURCE</pres-industry-code><alt1-industry-code>1NA60</alt1-industry-code></pres-industry-wrap><eos/><eop/></pres-industry-block></classification-terms><classification-terms><rcs-block><rcs>G:B</rcs><rcs>E:5</rcs><rcs>G:A</rcs><rcs>U:42</rcs><rcs>G:B2</rcs><rcs>B:20</rcs><rcs>B:127</rcs><rcs>E:9</rcs><rcs>B:128</rcs><rcs>B:125</rcs><rcs>B:126</rcs><rcs>G:Y</rcs><rcs>B:12</rcs><rcs>G:7I</rcs><rcs>I:19</rcs><rcs>B:131</rcs><rcs>U:1</rcs><rcs>B:19</rcs><rcs>G:AJ</rcs></rcs-block></classification-terms><extraction-terms><extr-company-block><bop/><bos/><extr-company>French Credit Agricole</extr-company><extr-company-wrap><extr-company-name>French Credit Agricole</extr-company-name><relevancy engine="1C">0.5</relevancy><confidence engine="1C">0.99</confidence></extr-company-wrap><norm-company oa-id="4297575894">ACBA CREDIT AGRICOLE BANK CLOSED JSK</norm-company><norm-company-wrap><norm-company-name>ACBA CREDIT AGRICOLE BANK CLOSED JSK</norm-company-name><company-ids><oa-id>4297575894</oa-id></company-ids><company-classification><trbc-wrap><trbc type="RCS">B:128</trbc><trbc type="2012">55101010</trbc><trbc type="perm-id">4294952873</trbc></trbc-wrap></company-classification><relevancy engine="1C">0.8</relevancy><confidence engine="1C">0.8</confidence></norm-company-wrap><norm-company oa-id="8589934312">CREDIT AGRICOLE SA</norm-company><norm-company-wrap><norm-company-name>CREDIT AGRICOLE SA</norm-company-name><company-ids><oa-id>8589934312</oa-id><ric norm="CAGR.PA">CAGR.PA</ric></company-ids><company-classification><trbc-wrap><trbc type="RCS">B:1615</trbc><trbc type="2012">5510101010</trbc><trbc type="perm-id">4294951386</trbc></trbc-wrap></company-classification><relevancy engine="1C">0.8</relevancy><confidence engine="1C">0.96</confidence></norm-company-wrap><norm-company oa-id="4295902520">MASTERCARD INC</norm-company><norm-company-wrap><norm-company-name>MASTERCARD INC</norm-company-name><company-ids><oa-id>4295902520</oa-id><ric norm="MA.N">MA.N</ric></company-ids><company-classification><trbc-wrap><trbc type="RCS">B:1236</trbc><trbc type="2012">5220304027</trbc><trbc type="perm-id">4294951765</trbc></trbc-wrap></company-classification><relevancy engine="1C">0.2</relevancy><confidence engine="1C">0.91</confidence></norm-company-wrap><norm-company oa-id="4298015179">VISA INC</norm-company><norm-company-wrap><norm-company-name>VISA INC</norm-company-name><company-ids><oa-id>4298015179</oa-id><ric norm="V.N">V.N</ric></company-ids><company-classification><trbc-wrap><trbc type="RCS">B:1219</trbc><trbc type="2012">5220304010</trbc><trbc type="perm-id">4294951782</trbc></trbc-wrap></company-classification><relevancy engine="1C">0.2</relevancy><confidence engine="1C">0.74</confidence></norm-company-wrap><eos/><eop/></extr-company-block></extraction-terms></indexing></document></n-docbody>
</n-document>
<n-document guid="I4ba30980da1211e4b737d29dcddfd969"><n-metadata><metadata.block><md.identifiers><md.cites><md.first.line.cite>4/3/15 NEWS 00:00:00</md.first.line.cite><md.second.line.cite>4/3/15 ARKA News Agency 00:00:00</md.second.line.cite></md.cites><md.uuid>I4ba30980da1211e4b737d29dcddfd969</md.uuid></md.identifiers><md.infotype>news</md.infotype><md.sortkeys><md.ordersequence>f47363bec</md.ordersequence></md.sortkeys><md.descriptions><md.title>SAMSUNG ELECTRONICS CO SEES ITS MARKET VALUE RISE BY $11 BILLION IN MARCH</md.title><md.westlawdescrip><md.readlist>READLIST</md.readlist></md.westlawdescrip></md.descriptions><md.dates><md.publisheddatetime>20150403101619</md.publisheddatetime><md.loaddate>20150403</md.loaddate><md.createddatetime>20150403101619</md.createddatetime></md.dates><md.subjects><md.subject><md.pubtype.name/><md.doctype.name>DNR</md.doctype.name><md.doctype.rank/><md.view>CNGE</md.view><md.view>RGEurope</md.view><md.view>PTNewswires</md.view><md.view>ARKANEWS0063786</md.view><md.view>INALLNEWS_ACTEST</md.view><md.view>INFARNEWS_AC</md.view><md.view>MARKETSEIKON_CN</md.view><md.view>MARKETSEIKON</md.view><md.view>CB_ASIAWIRES</md.view><md.view>INWIRES_AC</md.view><md.view>GULF_INTL</md.view><md.view>ININTNEWS_AC</md.view><md.view>ANZ_INTLOS</md.view><md.view>CLEAR_RF</md.view><md.view>INALLNEWS_AC</md.view><md.view>INNEWSINT_PRO</md.view><md.view>INBUSNEWS</md.view><md.view>INNEWSWORLD_PRO</md.view><md.view>INBUSNEWS_AC</md.view></md.subject></md.subjects><md.jurisdictions><md.jurisdiction><md.jurisstate>FE</md.jurisstate></md.jurisdiction></md.jurisdictions><md.publications><md.publication/><md.sourcepubid>ARKANEWS</md.sourcepubid></md.publications><md.royalty><md.royalty.code>84104</md.royalty.code></md.royalty></metadata.block><news.metadata.block><md.text.preview>INFORMATION TECHNOLOGIESYEREVAN, April 3. / ARKA /. Samsung Electronics Co saw its market value rise by $11 billion in March, as the company is set to ride on the demand for its flagship smartphones Galaxy S6 and S6 Edge, according to news reports.</md.text.preview></news.metadata.block><newsplus.recommendable>1</newsplus.recommendable><n-view>CNGE</n-view><n-view>RGEurope</n-view><n-view>PTNewswires</n-view><n-view>ARKANEWS0063786</n-view><n-view>INALLNEWS_ACTEST</n-view><n-view>INFARNEWS_AC</n-view><n-view>MARKETSEIKON_CN</n-view><n-view>MARKETSEIKON</n-view><n-view>CB_ASIAWIRES</n-view><n-view>INWIRES_AC</n-view><n-view>GULF_INTL</n-view><n-view>ININTNEWS_AC</n-view><n-view>ANZ_INTLOS</n-view><n-view>CLEAR_RF</n-view><n-view>INALLNEWS_AC</n-view><n-view>INNEWSINT_PRO</n-view><n-view>INBUSNEWS</n-view><n-view>INNEWSWORLD_PRO</n-view><n-view>INBUSNEWS_AC</n-view><prism-stylesheet guid="Ia3024d301b6a11d89fc5f34981d3242f"/><prism-clipdate>20150403101619</prism-clipdate></n-metadata>
<n-docbody><document version="1" collection="D-ARKANEWS-T001" first-load-date="20150403101619" ip-product="ARKANEWS" royalty-id="84104" data-model="text" dtd-version="5.2.29" content-type="news" load-language="en"><supplier-info><supplier-num nitf="doc-id" nitf-regsrc="ARKA News Agency" type="accession">ade00006303cc34a</supplier-num><internal-acc-num db-id="NEPRARKA" type="newz">20150403170.1_Vade00006303cc34a</internal-acc-num><rec-status><last-load-date>20150403101619</last-load-date><nitf-date ne="datereceived">20150403T15:01:24Z</nitf-date><nitf-date nitf="date-issue">20150403T00:00:00Z</nitf-date><last-provider-update>20150403150124</last-provider-update></rec-status><supplier-copyright>Copyright Â© 2015 ARKA<copyright-year/><copyright-holder>ARKA</copyright-holder></supplier-copyright><supplier-note nitf="urgency" nitf-ed-urg="4"/><supplier-dtds><dtd dtd-version="working" dtd-date="20150310T00:00:00Z">Canonical Taxonomy</dtd><dtd dtd-version="20150303" dtd-date="20150310T00:00:00Z">Mapping File</dtd></supplier-dtds><copyright-block type="dialog"><service-copyright n-include_guid="Ice671660f30811d88920000083149a14" n-include_collection="D-DIALOGCOPYRIGHTS-T001"/></copyright-block><copyright-block type="west"><service-copyright n-include_guid="I1DA35ED81DD211B281BAD200220BDFCA" n-include_collection="w_wlnv_msg"/></copyright-block><west-citation-block><bop/><first-line-cite><bos/>4/3/15 NEWS 00:00:00<eos/></first-line-cite><second-line-cite><bos/>4/3/15 ARKA News Agency 00:00:00<eos/></second-line-cite><eop/></west-citation-block></supplier-info><title-info iso-language="en"><bop/><title type="headline" nitf-hedline="hl1" key="key-title"><bos/><sort-title><cite.query w-seq-number="00001" w-ref-type="NM" w-normalized-cite="canonical_name::SAMSUNG ELECTRONICS CO" ID="Ia16ace50da1411e485ad84bdb9df5d09">SAMSUNG ELECTRONICS CO</cite.query> SEES ITS MARKET VALUE RISE BY $11 BILLION IN MARCH</sort-title><eos/></title><eop/></title-info><pub-info><journal key="key-journal"><bop/><bos/><sort-journal>ARKA News Agency</sort-journal><eos/><eop/></journal><pub-date key="key-date" iso-time="T00:00:00Z" type="date.publication"><full-pub-date>April 3, 2015</full-pub-date><sort-pub-date>20150403</sort-pub-date><sort-pub-timestamp>20150403000000</sort-pub-timestamp><rank-date>20150403</rank-date><currency-timestamp>20150403000000</currency-timestamp></pub-date><original-pub><language iso-language="en">English</language></original-pub><src-data><src-journal-code>ANPV</src-journal-code><src-pub-code>0063786</src-pub-code><src-pub-type>Newswire</src-pub-type><src-pub-country-wrap><src-pub-country-code>GE</src-pub-country-code><src-pub-country>Georgia CIS</src-pub-country></src-pub-country-wrap><src-pub-region>Europe</src-pub-region></src-data></pub-info><content iso-language="en"><total-char-count>2357</total-char-count><derived-word-count><bop/><bos/>Word Count: 392<eos/><eop/></derived-word-count><text type="lead-para"><p nitf="lede"><bop/><bos/><cite.query w-seq-number="00002" w-ref-type="WC" w-normalized-cite="I76DF065242BE11DDA1BC0014224D2780" ID="Ia1749250da1411e485ad84bdb9df5d09">INFORMATION TECHNOLOGIES</cite.query><eos/><eop/></p><p nitf="lede"><bop/><bos/>YEREVAN, April 3. / ARKA /. <cite.query w-seq-number="00003" w-ref-type="NM" w-normalized-cite="canonical_name::SAMSUNG ELECTRONICS CO" ID="Ia17de120da1411e485ad84bdb9df5d09">Samsung Electronics Co</cite.query> saw its market value rise by $11 billion in March, as the company is set to ride on the demand for its flagship smartphones Galaxy S6 and S6 Edge, according to news reports.<eos/><eop/></p></text><text type="body"><p><bop/><bos/>Driven by high expectations on its new smartphone models, the South Korean company saw its shares soaring 6.2 percent in March, posting their best monthly gains since May 2014.<eos/><eop/></p><p><bop/><bos/>The Korean company is betting big on new payment software and a three-sided display on the S6 Edge to improve sales, as the company is threatened by smartphone releases by <cite.query w-seq-number="00004" w-ref-type="CO" w-normalized-cite="I49C9F2E441E911DDAD6B0014224D2780" ID="Ia183ad80da1411e485ad84bdb9df5d09">Apple Inc.</cite.query> and new entrants who are offering similar devices at relatively lesser prices.<eos/><eop/></p><p><bop/><bos/>&quot;There&apos;s a lot of buzz about the new S6 phones and consumer demand,&quot; said Lee Seung Woo, an analyst at <cite.query w-seq-number="00005" w-ref-type="NM" w-normalized-cite="canonical_name::IBK SECURITIES CO" ID="Ia19f4bd0da1411e485ad84bdb9df5d09">IBK Securities Co.</cite.query> in Seoul, to <cite.query w-seq-number="00006" w-ref-type="MM" w-normalized-cite="canonical_name::BLOOMBERG" ID="Ia19f4bd1da1411e485ad84bdb9df5d09">Bloomberg</cite.query>.<eos/><eop/></p><p><bop/><bos/>&quot;The pre-order demand for S6 devices is a lot higher than its predecessor S5, and the phone will win back many consumers,&quot; Lee added.<eos/><eop/></p><p><bop/><bos/><cite.query w-seq-number="00007" w-ref-type="MM" w-normalized-cite="canonical_name::SAMSUNG" ID="Ia1b48180da1411e485ad84bdb9df5d09">Samsung</cite.query> smartphones are facing tough competition from <cite.query w-seq-number="00008" w-ref-type="MM" w-normalized-cite="canonical_name::APPLE" ID="Ia1b48181da1411e485ad84bdb9df5d09">Apple</cite.query>&apos;s iPhone 6 and 6 Plus in the high end segment; in the mid-range, it is from Redmi 2, a smartphone by Chinese handset maker <cite.query w-seq-number="00009" w-ref-type="CO" w-normalized-cite="I481E00C0855F11E3AF92DBBD12C6EEDD" ID="Ia1b48182da1411e485ad84bdb9df5d09">Xiaomi Corp.</cite.query><eos/><eop/></p><p><bop/><bos/>The market value of <cite.query w-seq-number="00010" w-ref-type="MM" w-normalized-cite="canonical_name::SAMSUNG" ID="Ia1c76d40da1411e485ad84bdb9df5d09">Samsung</cite.query> stood at 212.26 trillion won ($191.19 billion) at market closing in Seoul on Tuesday, up 12.37 trillion won since 1 March. <eos/><bos/>During the same month, <cite.query w-seq-number="00011" w-ref-type="MM" w-normalized-cite="canonical_name::APPLE" ID="Ia1c76d41da1411e485ad84bdb9df5d09">Apple</cite.query> lost $23 billion in market capitalization.<eos/><eop/></p><p><bop/><bos/>However, analysts predict <cite.query w-seq-number="00012" w-ref-type="MM" w-normalized-cite="canonical_name::APPLE" ID="Ia1d09500da1411e485ad84bdb9df5d09">Apple</cite.query>&apos;s market capitalization to reach $1 trillion on the back of its new product launches and growing presence in the Chinese market.<eos/><eop/></p><p><bop/><bos/><cite.query w-seq-number="00013" w-ref-type="MM" w-normalized-cite="canonical_name::SAMSUNG" ID="Ia1dfb030da1411e485ad84bdb9df5d09">Samsung</cite.query> saw its profits decline by 37 percent in the fourth quarter last year, as models from <cite.query w-seq-number="00014" w-ref-type="NM" w-normalized-cite="canonical_name::LENOVO GROUP" ID="Ia1dfb031da1411e485ad84bdb9df5d09">Lenovo Group</cite.query> and Xiaomi hit its market share in emerging markets including China and India.<eos/><eop/></p><p><bop/><bos/>On the other hand, <cite.query w-seq-number="00015" w-ref-type="MM" w-normalized-cite="canonical_name::APPLE" ID="Ia1e75150da1411e485ad84bdb9df5d09">Apple</cite.query> saw a record profit of $18 billion in the last quarter of 2014, the highest ever reported by a public company, following the launch of iPhone 6 and iPhone 6 Plus in September.<eos/><eop/></p><p><bop/><bos/>&quot;<cite.query w-seq-number="00016" w-ref-type="MM" w-normalized-cite="canonical_name::SAMSUNG" ID="Ia202efa0da1411e485ad84bdb9df5d09">Samsung</cite.query>&apos;s performance in the smartphone market deteriorated further in the fourth quarter of 2014, when it lost nearly 10 percentage points in market share,&quot; said <cite.query w-seq-number="00017" w-ref-type="MM" w-normalized-cite="canonical_name::GARTNER" ID="Ia202efa1da1411e485ad84bdb9df5d09">Gartner</cite.query>&apos;s principal research analyst Anshul Gupta in a company statement to <cite.query w-seq-number="00018" w-ref-type="MM" w-normalized-cite="canonical_name::FORBES" ID="Ia202efa2da1411e485ad84bdb9df5d09">Forbes</cite.query>.<eos/><eop/></p><p><bop/><bos/>However, the release of Galaxy S6 and Galaxy S6 Edge in April is expected to increase its sales numbers in the second quarter, as the devices have received good feedback from reviewers.<eos/><eop/></p></text></content><indexing iso-language="en" value-add="machine-generated"><classification-terms><pres-location-block><bop/><bos/><pres-location-wrap><pres-location>Asia</pres-location><pres-location-code>GEOASIA</pres-location-code><alt1-location-code>1AS61</alt1-location-code></pres-location-wrap><pres-location-wrap><pres-location>Eastern Asia</pres-location><pres-location-code>GEOEASIA</pres-location-code><alt1-location-code>1EA61</alt1-location-code></pres-location-wrap><pres-location-wrap><pres-location>Far East</pres-location><pres-location-code>GEOFREST</pres-location-code><alt1-location-code>1FA27</alt1-location-code></pres-location-wrap><pres-location-wrap><pres-location>South Korea</pres-location><pres-location-code>ISOKP</pres-location-code><alt1-location-code>1SO65</alt1-location-code></pres-location-wrap><eos/><eop/></pres-location-block></classification-terms><classification-terms><pres-subject-block><bop/><bos/><pres-subject-wrap><pres-subject>Major Corporations</pres-subject><pres-subject-code>MAJCORP</pres-subject-code><alt1-subject-code>1MA93</alt1-subject-code></pres-subject-wrap><eos/><eop/></pres-subject-block><pres-industry-block><bop/><bos/><pres-industry-wrap><pres-industry>Computer Equipment</pres-industry><pres-industry-code>CPTROVER</pres-industry-code><alt1-industry-code>1CO77</alt1-industry-code></pres-industry-wrap><pres-industry-wrap><pres-industry>Consumer Electronics</pres-industry><pres-industry-code>CEOVR</pres-industry-code><alt1-industry-code>1CO61</alt1-industry-code></pres-industry-wrap><pres-industry-wrap><pres-industry>Consumer Products &amp; Services</pres-industry><pres-industry-code>BUYBUY</pres-industry-code><alt1-industry-code>1CO62</alt1-industry-code></pres-industry-wrap><pres-industry-wrap><pres-industry>Electronics</pres-industry><pres-industry-code>ETRONICS</pres-industry-code><alt1-industry-code>1EL16</alt1-industry-code></pres-industry-wrap><pres-industry-wrap><pres-industry>I.T.</pres-industry><pres-industry-code>ITOVER</pres-industry-code><alt1-industry-code>1IT96</alt1-industry-code></pres-industry-wrap><pres-industry-wrap><pres-industry>Mobile Phones &amp; Pagers</pres-industry><pres-industry-code>TWPHONE</pres-industry-code><alt1-industry-code>1WI07</alt1-industry-code></pres-industry-wrap><pres-industry-wrap><pres-industry>Networking</pres-industry><pres-industry-code>DCTOP10</pres-industry-code><alt1-industry-code>1NE45</alt1-industry-code></pres-industry-wrap><pres-industry-wrap><pres-industry>Next Generation Wireless Technology</pres-industry><pres-industry-code>DCWLSACC</pres-industry-code><alt1-industry-code>1NE48</alt1-industry-code></pres-industry-wrap><pres-industry-wrap><pres-industry>Palmtop Computing</pres-industry><pres-industry-code>PCHAND</pres-industry-code><alt1-industry-code>1PA77</alt1-industry-code></pres-industry-wrap><pres-industry-wrap><pres-industry>Telecom Consumer Equipment</pres-industry><pres-industry-code>TCCONEQ</pres-industry-code><alt1-industry-code>1TE03</alt1-industry-code></pres-industry-wrap><pres-industry-wrap><pres-industry>Wireless Networking</pres-industry><pres-industry-code>DCWRLSS</pres-industry-code><alt1-industry-code>1WI62</alt1-industry-code></pres-industry-wrap><eos/><eop/></pres-industry-block></classification-terms><classification-terms><rcs-block><rcs>G:AE</rcs><rcs>B:162</rcs><rcs>B:161</rcs><rcs>G:K</rcs><rcs>B:69</rcs><rcs>B:75</rcs><rcs>M:NL</rcs><rcs>B:78</rcs><rcs>B:169</rcs></rcs-block></classification-terms><extraction-terms><extr-company-block><bop/><bos/><norm-company oa-id="4295905573">APPLE INC</norm-company><norm-company-wrap><norm-company-name>APPLE INC</norm-company-name><company-ids><oa-id>4295905573</oa-id><ric norm="AAPL.OQ">AAPL.OQ</ric></company-ids><company-classification><trbc-wrap><trbc type="RCS">B:1758</trbc><trbc type="2012">5710601010</trbc><trbc type="perm-id">4294951243</trbc></trbc-wrap></company-classification><relevancy engine="1C">0.5</relevancy><confidence engine="1C">0.99</confidence></norm-company-wrap><norm-company oa-id="4295871412">LENOVO GROUP LTD</norm-company><norm-company-wrap><norm-company-name>LENOVO GROUP LTD</norm-company-name><company-ids><oa-id>4295871412</oa-id><ric norm="0992.HK">0992.HK</ric></company-ids><company-classification><trbc-wrap><trbc type="RCS">B:1758</trbc><trbc type="2012">5710601010</trbc><trbc type="perm-id">4294951243</trbc></trbc-wrap></company-classification><relevancy engine="1C">0.2</relevancy><confidence engine="1C">0.96</confidence></norm-company-wrap><norm-company oa-id="4295882451">SAMSUNG ELECTRONICS CO LTD</norm-company><norm-company-wrap><norm-company-name>SAMSUNG ELECTRONICS CO LTD</norm-company-name><company-ids><oa-id>4295882451</oa-id><ric norm="005930.KS">005930.KS</ric></company-ids><company-classification><trbc-wrap><trbc type="RCS">B:1768</trbc><trbc type="2012">5710602010</trbc><trbc type="perm-id">4294951233</trbc></trbc-wrap></company-classification><relevancy engine="1C">0.8</relevancy><confidence engine="1C">0.99</confidence></norm-company-wrap><norm-company oa-id="5040952859">XIAOMI CORP</norm-company><norm-company-wrap><norm-company-name>XIAOMI CORP</norm-company-name><company-ids><oa-id>5040952859</oa-id></company-ids><relevancy engine="1C">0.2</relevancy><confidence engine="1C">0.97</confidence></norm-company-wrap><eos/><eop/></extr-company-block></extraction-terms><extraction-terms><extr-person-block><bop/><bos/><extr-person>Anshul Gupta</extr-person><extr-person-wrap><extr-person-name>Anshul Gupta</extr-person-name><relevancy engine="1C">0.2</relevancy></extr-person-wrap><extr-person>Seung Woo Lee</extr-person><norm-person-wrap><norm-person-name>Seung Woo Lee</norm-person-name><person-ids><od-auth-id>310346</od-auth-id><od-officer-id>310346</od-officer-id><person-perm-id>34413321720</person-perm-id></person-ids><relevancy engine="1C">0.2</relevancy></norm-person-wrap><extr-person>Seung Woo Lee</extr-person><extr-person-wrap><extr-person-name>Seung Woo Lee</extr-person-name><relevancy engine="1C">0.2</relevancy></extr-person-wrap><eos/><eop/></extr-person-block></extraction-terms></indexing></document></n-docbody>
</n-document>
<n-document guid="I67bca4e0d91e11e4819dfb71b40f9f89"><n-metadata><metadata.block><md.identifiers><md.cites><md.first.line.cite>4/2/15 NEWS 00:00:00</md.first.line.cite><md.second.line.cite>4/2/15 ARKA News Agency 00:00:00</md.second.line.cite></md.cites><md.uuid>I67bca4e0d91e11e4819dfb71b40f9f89</md.uuid></md.identifiers><md.infotype>news</md.infotype><md.sortkeys><md.ordersequence>f47363bec</md.ordersequence></md.sortkeys><md.descriptions><md.title>FILATOV - IT POTENTIAL HIGH IN ARMENIA</md.title><md.westlawdescrip><md.readlist>READLIST</md.readlist></md.westlawdescrip></md.descriptions><md.dates><md.publisheddatetime>20150402045815</md.publisheddatetime><md.loaddate>20150402</md.loaddate><md.createddatetime>20150402045815</md.createddatetime></md.dates><md.subjects><md.subject><md.pubtype.name/><md.doctype.name>DNR</md.doctype.name><md.doctype.rank/><md.view>CNGE</md.view><md.view>RGEurope</md.view><md.view>PTNewswires</md.view><md.view>ARKANEWS0063786</md.view><md.view>INALLNEWS_ACTEST</md.view><md.view>INFARNEWS_AC</md.view><md.view>MARKETSEIKON_CN</md.view><md.view>MARKETSEIKON</md.view><md.view>CB_ASIAWIRES</md.view><md.view>INWIRES_AC</md.view><md.view>GULF_INTL</md.view><md.view>ININTNEWS_AC</md.view><md.view>ANZ_INTLOS</md.view><md.view>CLEAR_RF</md.view><md.view>INALLNEWS_AC</md.view><md.view>INNEWSINT_PRO</md.view><md.view>INBUSNEWS</md.view><md.view>INNEWSWORLD_PRO</md.view><md.view>INBUSNEWS_AC</md.view></md.subject></md.subjects><md.jurisdictions><md.jurisdiction><md.jurisstate>FE</md.jurisstate></md.jurisdiction></md.jurisdictions><md.publications><md.publication/><md.sourcepubid>ARKANEWS</md.sourcepubid></md.publications><md.royalty><md.royalty.code>84104</md.royalty.code></md.royalty></metadata.block><news.metadata.block><md.text.preview>INFORMATION TECHNOLOGIESYEREVAN, April 2. /ARKA/. The IT potential is high in Armenia, sales manager of IBM Russia Andrey Filatov told ARKA.</md.text.preview></news.metadata.block><n-view>CNGE</n-view><n-view>RGEurope</n-view><n-view>PTNewswires</n-view><n-view>ARKANEWS0063786</n-view><n-view>INALLNEWS_ACTEST</n-view><n-view>INFARNEWS_AC</n-view><n-view>MARKETSEIKON_CN</n-view><n-view>MARKETSEIKON</n-view><n-view>CB_ASIAWIRES</n-view><n-view>INWIRES_AC</n-view><n-view>GULF_INTL</n-view><n-view>ININTNEWS_AC</n-view><n-view>ANZ_INTLOS</n-view><n-view>CLEAR_RF</n-view><n-view>INALLNEWS_AC</n-view><n-view>INNEWSINT_PRO</n-view><n-view>INBUSNEWS</n-view><n-view>INNEWSWORLD_PRO</n-view><n-view>INBUSNEWS_AC</n-view><prism-stylesheet guid="Ia3024d301b6a11d89fc5f34981d3242f"/><prism-clipdate>20150402045815</prism-clipdate></n-metadata>
<n-docbody><document version="1" collection="D-ARKANEWS-T001" first-load-date="20150402045815" ip-product="ARKANEWS" royalty-id="84104" data-model="text" dtd-version="5.2.29" content-type="news" load-language="en"><supplier-info><supplier-num nitf="doc-id" nitf-regsrc="ARKA News Agency" type="accession">eaf600015103b501</supplier-num><internal-acc-num db-id="NEPRARKA" type="newz">20150402170.1_Veaf600015103b501</internal-acc-num><rec-status><last-load-date>20150402045815</last-load-date><nitf-date ne="datereceived">20150402T09:55:34Z</nitf-date><nitf-date nitf="date-issue">20150402T00:00:00Z</nitf-date><last-provider-update>20150402095534</last-provider-update></rec-status><supplier-copyright>Copyright Â© 2015 ARKA<copyright-year/><copyright-holder>ARKA</copyright-holder></supplier-copyright><supplier-note nitf="urgency" nitf-ed-urg="4"/><supplier-dtds><dtd dtd-version="working" dtd-date="20150310T00:00:00Z">Canonical Taxonomy</dtd><dtd dtd-version="20150303" dtd-date="20150310T00:00:00Z">Mapping File</dtd></supplier-dtds><copyright-block type="dialog"><service-copyright n-include_guid="Ice671660f30811d88920000083149a14" n-include_collection="D-DIALOGCOPYRIGHTS-T001"/></copyright-block><copyright-block type="west"><service-copyright n-include_guid="I1DA35ED81DD211B281BAD200220BDFCA" n-include_collection="w_wlnv_msg"/></copyright-block><west-citation-block><bop/><first-line-cite><bos/>4/2/15 NEWS 00:00:00<eos/></first-line-cite><second-line-cite><bos/>4/2/15 ARKA News Agency 00:00:00<eos/></second-line-cite><eop/></west-citation-block></supplier-info><title-info iso-language="en"><bop/><title type="headline" nitf-hedline="hl1" key="key-title"><bos/><sort-title>FILATOV - IT POTENTIAL HIGH IN ARMENIA</sort-title><eos/></title><eop/></title-info><pub-info><journal key="key-journal"><bop/><bos/><sort-journal>ARKA News Agency</sort-journal><eos/><eop/></journal><pub-date key="key-date" iso-time="T00:00:00Z" type="date.publication"><full-pub-date>April 2, 2015</full-pub-date><sort-pub-date>20150402</sort-pub-date><sort-pub-timestamp>20150402000000</sort-pub-timestamp><rank-date>20150402</rank-date><currency-timestamp>20150402000000</currency-timestamp></pub-date><original-pub><language iso-language="en">English</language></original-pub><src-data><src-journal-code>ANPV</src-journal-code><src-pub-code>0063786</src-pub-code><src-pub-type>Newswire</src-pub-type><src-pub-country-wrap><src-pub-country-code>GE</src-pub-country-code><src-pub-country>Georgia CIS</src-pub-country></src-pub-country-wrap><src-pub-region>Europe</src-pub-region></src-data></pub-info><content iso-language="en"><total-char-count>1061</total-char-count><derived-word-count><bop/><bos/>Word Count: 172<eos/><eop/></derived-word-count><text type="lead-para"><p nitf="lede"><bop/><bos/><cite.query w-seq-number="00001" w-ref-type="WC" w-normalized-cite="I76DF065242BE11DDA1BC0014224D2780" ID="I16661580d91f11e48a90c27774b5ebd2">INFORMATION TECHNOLOGIES</cite.query><eos/><eop/></p><p nitf="lede"><bop/><bos/>YEREVAN, April 2. /ARKA/. <eos/><bos/>The IT potential is high in Armenia, sales manager of <cite.query w-seq-number="00002" w-ref-type="NM" w-normalized-cite="canonical_name::IBM RUSSIA" ID="I1678b320d91f11e48a90c27774b5ebd2">IBM Russia</cite.query> Andrey Filatov told <cite.query w-seq-number="00003" w-ref-type="NM" w-normalized-cite="canonical_name::ARKA" ID="I1678b321d91f11e48a90c27774b5ebd2">ARKA</cite.query>.<eos/><eop/></p></text><text type="body"><p><bop/><bos/>Representatives of Russian IT companies are currently in Armenia for the &quot;IT Summit-2015: IT Industry Leaders&apos; Meeting&quot;.<eos/><bos/> The summit is held by the Russian association of computer and information technologies in the Armenian capital on April 1-3. <eos/><bos/>On Wednesday April 1 the participants discussed how to form a new generation of specialists and to prevent the &quot;brain drain&quot; at the Ayb High School in Yerevan.<eos/><eop/></p><p><bop/><bos/>General educational level is high in Armenia, and IT is a promising sector, if the required support is provided by the government, Filatov said.<eos/><eop/></p><p><bop/><bos/>The <cite.query w-seq-number="00004" w-ref-type="MM" w-normalized-cite="canonical_name::IBM" ID="I168f4860d91f11e48a90c27774b5ebd2">IBM</cite.query> is well aware of the Armenian IT, has partners in the country and cooperates both with private and government sectors, he said.<eos/><eop/></p><p><bop/><bos/>Presentation of new technologies in the Armenian market and development of the business here is a priority to <cite.query w-seq-number="00005" w-ref-type="MM" w-normalized-cite="canonical_name::IBM" ID="I169dc750d91f11e48a90c27774b5ebd2">IBM</cite.query>, the sales manager said.<eos/><eop/></p><p><bop/><bos/>According to Filatov, the IT Summit-2015 will lead to expansion of ties and new projects. <eos/><bos/>N.V. -0--<eos/><eop/></p></text></content><indexing iso-language="en" value-add="machine-generated"><classification-terms><pres-location-block><bop/><bos/><pres-location-wrap><pres-location>Armenia</pres-location><pres-location-code>ISOAM</pres-location-code><alt1-location-code>1AR09</alt1-location-code></pres-location-wrap><pres-location-wrap><pres-location>Asia</pres-location><pres-location-code>GEOASIA</pres-location-code><alt1-location-code>1AS61</alt1-location-code></pres-location-wrap><pres-location-wrap><pres-location>CIS Countries</pres-location><pres-location-code>CISSTAT</pres-location-code><alt1-location-code>1CI64</alt1-location-code></pres-location-wrap><pres-location-wrap><pres-location>Central Asia</pres-location><pres-location-code>GEOCASIA</pres-location-code><alt1-location-code>1CE93</alt1-location-code></pres-location-wrap><pres-location-wrap><pres-location>Eastern Europe</pres-location><pres-location-code>GEOEEUR</pres-location-code><alt1-location-code>1EA48</alt1-location-code></pres-location-wrap><pres-location-wrap><pres-location>Europe</pres-location><pres-location-code>GEOEUR</pres-location-code><alt1-location-code>1EU83</alt1-location-code></pres-location-wrap><pres-location-wrap><pres-location>Russia</pres-location><pres-location-code>ISORU</pres-location-code><alt1-location-code>1RU33</alt1-location-code></pres-location-wrap><eos/><eop/></pres-location-block></classification-terms><classification-terms><pres-subject-block><bop/><bos/><pres-subject-wrap><pres-subject>CIS</pres-subject><pres-subject-code>GEOCIS</pres-subject-code><alt1-subject-code>1CI65</alt1-subject-code></pres-subject-wrap><pres-subject-wrap><pres-subject>Emerging Market Countries</pres-subject><pres-subject-code>EMERGING</pres-subject-code><alt1-subject-code>1EM65</alt1-subject-code></pres-subject-wrap><pres-subject-wrap><pres-subject>Major Corporations</pres-subject><pres-subject-code>MAJCORP</pres-subject-code><alt1-subject-code>1MA93</alt1-subject-code></pres-subject-wrap><pres-subject-wrap><pres-subject>World Organizations</pres-subject><pres-subject-code>GEOORGS</pres-subject-code><alt1-subject-code>1IN77</alt1-subject-code></pres-subject-wrap><eos/><eop/></pres-subject-block><pres-industry-block><bop/><bos/><pres-industry-wrap><pres-industry>I.T.</pres-industry><pres-industry-code>ITOVER</pres-industry-code><alt1-industry-code>1IT96</alt1-industry-code></pres-industry-wrap><eos/><eop/></pres-industry-block></classification-terms><classification-terms><rcs-block><rcs>G:B</rcs><rcs>G:A</rcs><rcs>G:B2</rcs><rcs>B:161</rcs><rcs>G:1</rcs><rcs>G:38</rcs><rcs>G:K</rcs><rcs>M:NL</rcs><rcs>G:AJ</rcs><rcs>G:Y</rcs><rcs>G:7I</rcs></rcs-block></classification-terms><extraction-terms><extr-company-block><bop/><bos/><norm-company oa-id="4295904307">INTERNATIONAL BUSINESS MACHINES CORP</norm-company><norm-company-wrap><norm-company-name>INTERNATIONAL BUSINESS MACHINES CORP</norm-company-name><company-ids><oa-id>4295904307</oa-id><ric norm="IBM.N">IBM.N</ric></company-ids><company-classification><trbc-wrap><trbc type="RCS">B:1790</trbc><trbc type="2012">5720101010</trbc><trbc type="perm-id">4294951211</trbc></trbc-wrap></company-classification><relevancy engine="1C">0.2</relevancy><confidence engine="1C">0.87</confidence></norm-company-wrap><eos/><eop/></extr-company-block></extraction-terms><extraction-terms><extr-person-block><bop/><bos/><extr-person>Andrey Filatov</extr-person><extr-person-wrap><extr-person-name>Andrey Filatov</extr-person-name><relevancy engine="1C">0.8</relevancy></extr-person-wrap><eos/><eop/></extr-person-block></extraction-terms></indexing></document></n-docbody>
</n-document>
<n-document guid="I67b292c0d91e11e4847ce5c6581cafc3"><n-metadata><metadata.block><md.identifiers><md.cites><md.first.line.cite>4/2/15 NEWS 00:00:00</md.first.line.cite><md.second.line.cite>4/2/15 ARKA News Agency 00:00:00</md.second.line.cite></md.cites><md.uuid>I67b292c0d91e11e4847ce5c6581cafc3</md.uuid></md.identifiers><md.infotype>news</md.infotype><md.sortkeys><md.ordersequence>f47363bec</md.ordersequence></md.sortkeys><md.descriptions><md.title>ARMENIA&apos;S EEU MEMBERSHIP TO HELP COOPERATION WITH RUSSIA IN IT GROW STRONGER - SAMSUNG RUSSIA</md.title><md.westlawdescrip><md.readlist>READLIST</md.readlist></md.westlawdescrip></md.descriptions><md.dates><md.publisheddatetime>20150402050354</md.publisheddatetime><md.loaddate>20150402</md.loaddate><md.createddatetime>20150402050354</md.createddatetime></md.dates><md.subjects><md.subject><md.pubtype.name/><md.doctype.name>DNR</md.doctype.name><md.doctype.rank/><md.view>CNGE</md.view><md.view>RGEurope</md.view><md.view>PTNewswires</md.view><md.view>ARKANEWS0063786</md.view><md.view>INALLNEWS_ACTEST</md.view><md.view>INFARNEWS_AC</md.view><md.view>MARKETSEIKON_CN</md.view><md.view>MARKETSEIKON</md.view><md.view>CB_ASIAWIRES</md.view><md.view>INWIRES_AC</md.view><md.view>GULF_INTL</md.view><md.view>ININTNEWS_AC</md.view><md.view>ANZ_INTLOS</md.view><md.view>CLEAR_RF</md.view><md.view>INALLNEWS_AC</md.view><md.view>INNEWSINT_PRO</md.view><md.view>INBUSNEWS</md.view><md.view>INNEWSWORLD_PRO</md.view><md.view>INBUSNEWS_AC</md.view></md.subject></md.subjects><md.jurisdictions><md.jurisdiction><md.jurisstate>FE</md.jurisstate></md.jurisdiction></md.jurisdictions><md.publications><md.publication/><md.sourcepubid>ARKANEWS</md.sourcepubid></md.publications><md.royalty><md.royalty.code>84104</md.royalty.code></md.royalty></metadata.block><news.metadata.block><md.text.preview>INFORMATION TECHNOLOGIESYEREVAN, April 2. /ARKA/. Armenia&apos;s membership in the Eurasian Economic Union (EEU) will enhance interaction with Russia in IT, head of corporate sales at Samsung Russia Sergey Kirichenko told ARKA.</md.text.preview></news.metadata.block><newsplus.recommendable>1</newsplus.recommendable><n-view>CNGE</n-view><n-view>RGEurope</n-view><n-view>PTNewswires</n-view><n-view>ARKANEWS0063786</n-view><n-view>INALLNEWS_ACTEST</n-view><n-view>INFARNEWS_AC</n-view><n-view>MARKETSEIKON_CN</n-view><n-view>MARKETSEIKON</n-view><n-view>CB_ASIAWIRES</n-view><n-view>INWIRES_AC</n-view><n-view>GULF_INTL</n-view><n-view>ININTNEWS_AC</n-view><n-view>ANZ_INTLOS</n-view><n-view>CLEAR_RF</n-view><n-view>INALLNEWS_AC</n-view><n-view>INNEWSINT_PRO</n-view><n-view>INBUSNEWS</n-view><n-view>INNEWSWORLD_PRO</n-view><n-view>INBUSNEWS_AC</n-view><prism-stylesheet guid="Ia3024d301b6a11d89fc5f34981d3242f"/><prism-clipdate>20150402050354</prism-clipdate></n-metadata>
<n-docbody><document version="1" collection="D-ARKANEWS-T001" first-load-date="20150402050354" ip-product="ARKANEWS" royalty-id="84104" data-model="text" dtd-version="5.2.29" content-type="news" load-language="en"><supplier-info><supplier-num nitf="doc-id" nitf-regsrc="ARKA News Agency" type="accession">6ba50001fa14e391</supplier-num><internal-acc-num db-id="NEPRARKA" type="newz">20150402170.1_V6ba50001fa14e391</internal-acc-num><rec-status><last-load-date>20150402050354</last-load-date><nitf-date ne="datereceived">20150402T09:55:34Z</nitf-date><nitf-date nitf="date-issue">20150402T00:00:00Z</nitf-date><last-provider-update>20150402095534</last-provider-update></rec-status><supplier-copyright>Copyright Â© 2015 ARKA<copyright-year/><copyright-holder>ARKA</copyright-holder></supplier-copyright><supplier-note nitf="urgency" nitf-ed-urg="4"/><supplier-dtds><dtd dtd-version="working" dtd-date="20150310T00:00:00Z">Canonical Taxonomy</dtd><dtd dtd-version="20150303" dtd-date="20150310T00:00:00Z">Mapping File</dtd></supplier-dtds><copyright-block type="dialog"><service-copyright n-include_guid="Ice671660f30811d88920000083149a14" n-include_collection="D-DIALOGCOPYRIGHTS-T001"/></copyright-block><copyright-block type="west"><service-copyright n-include_guid="I1DA35ED81DD211B281BAD200220BDFCA" n-include_collection="w_wlnv_msg"/></copyright-block><west-citation-block><bop/><first-line-cite><bos/>4/2/15 NEWS 00:00:00<eos/></first-line-cite><second-line-cite><bos/>4/2/15 ARKA News Agency 00:00:00<eos/></second-line-cite><eop/></west-citation-block></supplier-info><title-info iso-language="en"><bop/><title type="headline" nitf-hedline="hl1" key="key-title"><bos/><sort-title>ARMENIA&apos;S EEU MEMBERSHIP TO HELP COOPERATION WITH RUSSIA IN IT GROW STRONGER - <cite.query w-seq-number="00001" w-ref-type="NM" w-normalized-cite="canonical_name::SAMSUNG RUSSIA" ID="Ie623d8c0d91f11e4a822fface177769e">SAMSUNG RUSSIA</cite.query></sort-title><eos/></title><eop/></title-info><pub-info><journal key="key-journal"><bop/><bos/><sort-journal>ARKA News Agency</sort-journal><eos/><eop/></journal><pub-date key="key-date" iso-time="T00:00:00Z" type="date.publication"><full-pub-date>April 2, 2015</full-pub-date><sort-pub-date>20150402</sort-pub-date><sort-pub-timestamp>20150402000000</sort-pub-timestamp><rank-date>20150402</rank-date><currency-timestamp>20150402000000</currency-timestamp></pub-date><original-pub><language iso-language="en">English</language></original-pub><src-data><src-journal-code>ANPV</src-journal-code><src-pub-code>0063786</src-pub-code><src-pub-type>Newswire</src-pub-type><src-pub-country-wrap><src-pub-country-code>GE</src-pub-country-code><src-pub-country>Georgia CIS</src-pub-country></src-pub-country-wrap><src-pub-region>Europe</src-pub-region></src-data></pub-info><content iso-language="en"><total-char-count>1257</total-char-count><derived-word-count><bop/><bos/>Word Count: 199<eos/><eop/></derived-word-count><text type="lead-para"><p nitf="lede"><bop/><bos/><cite.query w-seq-number="00002" w-ref-type="WC" w-normalized-cite="I76DF065242BE11DDA1BC0014224D2780" ID="Ie62ba0f0d91f11e4a822fface177769e">INFORMATION TECHNOLOGIES</cite.query><eos/><eop/></p><p nitf="lede"><bop/><bos/>YEREVAN, April 2. /ARKA/. <eos/><bos/>Armenia&apos;s membership in the Eurasian Economic Union (EEU) will enhance interaction with Russia in IT, head of corporate sales at <cite.query w-seq-number="00003" w-ref-type="NM" w-normalized-cite="canonical_name::SAMSUNG RUSSIA" ID="Ie63ba680d91f11e4a822fface177769e">Samsung Russia</cite.query> Sergey Kirichenko told <cite.query w-seq-number="00004" w-ref-type="NM" w-normalized-cite="canonical_name::ARKA" ID="Ie63ba681d91f11e4a822fface177769e">ARKA</cite.query>.<eos/><eop/></p></text><text type="body"><p><bop/><bos/>Kirichenko participated in a meeting of leading Russian and Armenian IT companies at <cite.query w-seq-number="00005" w-ref-type="NM" w-normalized-cite="canonical_name::YEREVAN AYB HIGH SCHOOL" ID="Ie6436eb0d91f11e4a822fface177769e">Yerevan Ayb High School</cite.query> on Wednesday.<eos/><eop/></p><p><bop/><bos/>Representatives of Russian IT companies are currently in Armenia for the &quot;IT Summit-2015: IT Industry Leaders&apos; Meeting&quot;.<eos/><bos/> The summit is held by the Russian association of computer and information technologies in the Armenian capital on April 1-3. <eos/><bos/>On Wednesday April 1 the participants discussed how to form a new generation of specialists and to prevent the &quot;brain drain&quot; at the Ayb High School in Yerevan.<eos/><eop/></p><p><bop/><bos/>Traditional ties with Russia will grow stronger as Armenia integrates in the EEU, Kirichenko said.<eos/><eop/></p><p><bop/><bos/>Being an international player, the <cite.query w-seq-number="00006" w-ref-type="MM" w-normalized-cite="canonical_name::IBM" ID="Ie6545ea0d91f11e4a822fface177769e">IBM</cite.query> is also interested in attracting new resources, the best knowledge and the most talented developers, he said.<eos/><eop/></p><p><bop/><bos/>It is early to talk about new projects to come up after the conference, but they will discuss the matter, he said.<eos/><eop/></p><p><bop/><bos/>There was strong math tradition in Armenia in Soviet times, and that is where gifted programmers and many other things come from, he said. <eos/><bos/>N. V. -0-<eos/><eop/></p></text></content><indexing iso-language="en" value-add="machine-generated"><classification-terms><pres-location-block><bop/><bos/><pres-location-wrap><pres-location>Armenia</pres-location><pres-location-code>ISOAM</pres-location-code><alt1-location-code>1AR09</alt1-location-code></pres-location-wrap><pres-location-wrap><pres-location>Asia</pres-location><pres-location-code>GEOASIA</pres-location-code><alt1-location-code>1AS61</alt1-location-code></pres-location-wrap><pres-location-wrap><pres-location>CIS Countries</pres-location><pres-location-code>CISSTAT</pres-location-code><alt1-location-code>1CI64</alt1-location-code></pres-location-wrap><pres-location-wrap><pres-location>Central Asia</pres-location><pres-location-code>GEOCASIA</pres-location-code><alt1-location-code>1CE93</alt1-location-code></pres-location-wrap><pres-location-wrap><pres-location>Eastern Europe</pres-location><pres-location-code>GEOEEUR</pres-location-code><alt1-location-code>1EA48</alt1-location-code></pres-location-wrap><pres-location-wrap><pres-location>Europe</pres-location><pres-location-code>GEOEUR</pres-location-code><alt1-location-code>1EU83</alt1-location-code></pres-location-wrap><pres-location-wrap><pres-location>Russia</pres-location><pres-location-code>ISORU</pres-location-code><alt1-location-code>1RU33</alt1-location-code></pres-location-wrap><eos/><eop/></pres-location-block></classification-terms><classification-terms><pres-subject-block><bop/><bos/><pres-subject-wrap><pres-subject>CIS</pres-subject><pres-subject-code>GEOCIS</pres-subject-code><alt1-subject-code>1CI65</alt1-subject-code></pres-subject-wrap><pres-subject-wrap><pres-subject>Conventions, Conferences &amp; Trade Shows</pres-subject><pres-subject-code>CONVENE</pres-subject-code><alt1-subject-code>1CO42</alt1-subject-code></pres-subject-wrap><pres-subject-wrap><pres-subject>Emerging Market Countries</pres-subject><pres-subject-code>EMERGING</pres-subject-code><alt1-subject-code>1EM65</alt1-subject-code></pres-subject-wrap><pres-subject-wrap><pres-subject>Top World News</pres-subject><pres-subject-code>WRLDNEW</pres-subject-code><alt1-subject-code>1WO62</alt1-subject-code></pres-subject-wrap><pres-subject-wrap><pres-subject>World Organizations</pres-subject><pres-subject-code>GEOORGS</pres-subject-code><alt1-subject-code>1IN77</alt1-subject-code></pres-subject-wrap><eos/><eop/></pres-subject-block><pres-industry-block><bop/><bos/><pres-industry-wrap><pres-industry>Broadcast TV</pres-industry><pres-industry-code>TVBROAD</pres-industry-code><alt1-industry-code>1BR25</alt1-industry-code></pres-industry-wrap><pres-industry-wrap><pres-industry>Entertainment</pres-industry><pres-industry-code>SHOWBIZ</pres-industry-code><alt1-industry-code>1EN08</alt1-industry-code></pres-industry-wrap><pres-industry-wrap><pres-industry>Public Television</pres-industry><pres-industry-code>PUBLICTV</pres-industry-code><alt1-industry-code>1PU41</alt1-industry-code></pres-industry-wrap><pres-industry-wrap><pres-industry>TV</pres-industry><pres-industry-code>TV</pres-industry-code><alt1-industry-code>1TV19</alt1-industry-code></pres-industry-wrap><pres-industry-wrap><pres-industry>Television Networks</pres-industry><pres-industry-code>NETWRKOP</pres-industry-code><alt1-industry-code>1TE85</alt1-industry-code></pres-industry-wrap><eos/><eop/></pres-industry-block></classification-terms><classification-terms><rcs-block><rcs>G:B</rcs><rcs>G:A</rcs><rcs>M:3</rcs><rcs>G:B2</rcs><rcs>G:38</rcs><rcs>B:69</rcs><rcs>G:Y</rcs><rcs>M:E7</rcs><rcs>G:7I</rcs><rcs>M:MR</rcs><rcs>B:95</rcs><rcs>B:92</rcs><rcs>B:91</rcs><rcs>B:86</rcs><rcs>G:1</rcs><rcs>B:94</rcs><rcs>M:H3</rcs><rcs>G:K</rcs><rcs>G:AJ</rcs></rcs-block></classification-terms><extraction-terms><extr-company-block><bop/><bos/><norm-company oa-id="4295904307">INTERNATIONAL BUSINESS MACHINES CORP</norm-company><norm-company-wrap><norm-company-name>INTERNATIONAL BUSINESS MACHINES CORP</norm-company-name><company-ids><oa-id>4295904307</oa-id><ric norm="IBM.N">IBM.N</ric></company-ids><company-classification><trbc-wrap><trbc type="RCS">B:1790</trbc><trbc type="2012">5720101010</trbc><trbc type="perm-id">4294951211</trbc></trbc-wrap></company-classification><relevancy engine="1C">0.2</relevancy><confidence engine="1C">0.92</confidence></norm-company-wrap><eos/><eop/></extr-company-block></extraction-terms><extraction-terms><extr-person-block><bop/><bos/><extr-person>Sergey Kirichenko</extr-person><extr-person-wrap><extr-person-name>Sergey Kirichenko</extr-person-name><relevancy engine="1C">0.8</relevancy></extr-person-wrap><eos/><eop/></extr-person-block></extraction-terms></indexing></document></n-docbody>
</n-document>
<n-document guid="I1a6a7740d89111e4b737d29dcddfd969"><n-metadata><metadata.block><md.identifiers><md.cites><md.first.line.cite>4/1/15 NEWS 00:00:00</md.first.line.cite><md.second.line.cite>4/1/15 ARKA News Agency 00:00:00</md.second.line.cite></md.cites><md.uuid>I1a6a7740d89111e4b737d29dcddfd969</md.uuid></md.identifiers><md.infotype>news</md.infotype><md.sortkeys><md.ordersequence>f47363bec</md.ordersequence></md.sortkeys><md.descriptions><md.title>RUSSIAN INFORMATION &amp;amp; COMPUTER TECHNOLOGIES INDUSTRY ASSOCIATION TO HOLD ITS ANNUAL SUMMIT IN ARMENIA</md.title><md.westlawdescrip><md.readlist>READLIST</md.readlist></md.westlawdescrip></md.descriptions><md.dates><md.publisheddatetime>20150401123110</md.publisheddatetime><md.loaddate>20150401</md.loaddate><md.createddatetime>20150401123110</md.createddatetime></md.dates><md.subjects><md.subject><md.pubtype.name/><md.doctype.name>DNR</md.doctype.name><md.doctype.rank/><md.view>CNGE</md.view><md.view>RGEurope</md.view><md.view>PTNewswires</md.view><md.view>ARKANEWS0063786</md.view><md.view>INALLNEWS_ACTEST</md.view><md.view>INFARNEWS_AC</md.view><md.view>MARKETSEIKON_CN</md.view><md.view>MARKETSEIKON</md.view><md.view>CB_ASIAWIRES</md.view><md.view>INWIRES_AC</md.view><md.view>GULF_INTL</md.view><md.view>ININTNEWS_AC</md.view><md.view>ANZ_INTLOS</md.view><md.view>CLEAR_RF</md.view><md.view>INALLNEWS_AC</md.view><md.view>INNEWSINT_PRO</md.view><md.view>INBUSNEWS</md.view><md.view>INNEWSWORLD_PRO</md.view><md.view>INBUSNEWS_AC</md.view></md.subject></md.subjects><md.jurisdictions><md.jurisdiction><md.jurisstate>FE</md.jurisstate></md.jurisdiction></md.jurisdictions><md.publications><md.publication/><md.sourcepubid>ARKANEWS</md.sourcepubid></md.publications><md.royalty><md.royalty.code>84104</md.royalty.code></md.royalty></metadata.block><news.metadata.block><md.text.preview>INFORMATION TECHNOLOGIESYEREVAN, April 1. / ARKA /. Information &amp;amp; Computer Technologies Industry Association, the most representative non-profit union of Russia&apos;s ICT industry, has chosen the Armenian capital Yerevan as the venue of its annual</md.text.preview></news.metadata.block><n-view>CNGE</n-view><n-view>RGEurope</n-view><n-view>PTNewswires</n-view><n-view>ARKANEWS0063786</n-view><n-view>INALLNEWS_ACTEST</n-view><n-view>INFARNEWS_AC</n-view><n-view>MARKETSEIKON_CN</n-view><n-view>MARKETSEIKON</n-view><n-view>CB_ASIAWIRES</n-view><n-view>INWIRES_AC</n-view><n-view>GULF_INTL</n-view><n-view>ININTNEWS_AC</n-view><n-view>ANZ_INTLOS</n-view><n-view>CLEAR_RF</n-view><n-view>INALLNEWS_AC</n-view><n-view>INNEWSINT_PRO</n-view><n-view>INBUSNEWS</n-view><n-view>INNEWSWORLD_PRO</n-view><n-view>INBUSNEWS_AC</n-view><prism-stylesheet guid="Ia3024d301b6a11d89fc5f34981d3242f"/><prism-clipdate>20150401123110</prism-clipdate></n-metadata>
<n-docbody><document version="1" collection="D-ARKANEWS-T001" first-load-date="20150401123110" ip-product="ARKANEWS" royalty-id="84104" data-model="text" dtd-version="5.2.29" content-type="news" load-language="en"><supplier-info><supplier-num nitf="doc-id" nitf-regsrc="ARKA News Agency" type="accession">596f00012e18926b</supplier-num><internal-acc-num db-id="NEPRARKA" type="newz">20150401170.1_V596f00012e18926b</internal-acc-num><rec-status><last-load-date>20150401123110</last-load-date><nitf-date ne="datereceived">20150401T17:04:05Z</nitf-date><nitf-date nitf="date-issue">20150401T00:00:00Z</nitf-date><last-provider-update>20150401170405</last-provider-update></rec-status><supplier-copyright>Copyright Â© 2015 ARKA<copyright-year/><copyright-holder>ARKA</copyright-holder></supplier-copyright><supplier-note nitf="urgency" nitf-ed-urg="4"/><supplier-dtds><dtd dtd-version="working" dtd-date="20150310T00:00:00Z">Canonical Taxonomy</dtd><dtd dtd-version="20150303" dtd-date="20150310T00:00:00Z">Mapping File</dtd></supplier-dtds><copyright-block type="dialog"><service-copyright n-include_guid="Ice671660f30811d88920000083149a14" n-include_collection="D-DIALOGCOPYRIGHTS-T001"/></copyright-block><copyright-block type="west"><service-copyright n-include_guid="I1DA35ED81DD211B281BAD200220BDFCA" n-include_collection="w_wlnv_msg"/></copyright-block><west-citation-block><bop/><first-line-cite><bos/>4/1/15 NEWS 00:00:00<eos/></first-line-cite><second-line-cite><bos/>4/1/15 ARKA News Agency 00:00:00<eos/></second-line-cite><eop/></west-citation-block></supplier-info><title-info iso-language="en"><bop/><title type="headline" nitf-hedline="hl1" key="key-title"><bos/><sort-title>RUSSIAN INFORMATION &amp;amp; <cite.query w-seq-number="00001" w-ref-type="NM" w-normalized-cite="canonical_name::COMPUTER TECHNOLOGIES INDUSTRY ASSOCIATION" ID="I33e219e0d89511e4b418c1be8cb5a5b5">COMPUTER TECHNOLOGIES INDUSTRY ASSOCIATION</cite.query> TO HOLD ITS ANNUAL SUMMIT IN ARMENIA</sort-title><eos/></title><eop/></title-info><pub-info><journal key="key-journal"><bop/><bos/><sort-journal>ARKA News Agency</sort-journal><eos/><eop/></journal><pub-date key="key-date" iso-time="T00:00:00Z" type="date.publication"><full-pub-date>April 1, 2015</full-pub-date><sort-pub-date>20150401</sort-pub-date><sort-pub-timestamp>20150401000000</sort-pub-timestamp><rank-date>20150401</rank-date><currency-timestamp>20150401000000</currency-timestamp></pub-date><original-pub><language iso-language="en">English</language></original-pub><src-data><src-journal-code>ANPV</src-journal-code><src-pub-code>0063786</src-pub-code><src-pub-type>Newswire</src-pub-type><src-pub-country-wrap><src-pub-country-code>GE</src-pub-country-code><src-pub-country>Georgia CIS</src-pub-country></src-pub-country-wrap><src-pub-region>Europe</src-pub-region></src-data></pub-info><content iso-language="en"><total-char-count>940</total-char-count><derived-word-count><bop/><bos/>Word Count: 129<eos/><eop/></derived-word-count><text type="lead-para"><p nitf="lede"><bop/><bos/><cite.query w-seq-number="00002" w-ref-type="WC" w-normalized-cite="I76DF065242BE11DDA1BC0014224D2780" ID="I33ebb6d0d89511e4b418c1be8cb5a5b5">INFORMATION TECHNOLOGIES</cite.query><eos/><eop/></p><p nitf="lede"><bop/><bos/>YEREVAN, April 1. / ARKA /. Information &amp;amp; <cite.query w-seq-number="00003" w-ref-type="NM" w-normalized-cite="canonical_name::COMPUTER TECHNOLOGIES INDUSTRY ASSOCIATION" ID="I3409ed30d89511e4b418c1be8cb5a5b5">Computer Technologies Industry Association</cite.query>, the most representative non-profit union of Russia&apos;s <cite.query w-seq-number="00004" w-ref-type="MM" w-normalized-cite="canonical_name::ICT" ID="I3409ed31d89511e4b418c1be8cb5a5b5">ICT</cite.query> industry, has chosen the Armenian capital Yerevan as the venue of its annual IT summit, slated for April 2-3, the <cite.query w-seq-number="00005" w-ref-type="NM" w-normalized-cite="canonical_name::UNION OF INFORMATION TECHNOLOGY ENTERPRISES" ID="I3409ed32d89511e4b418c1be8cb5a5b5">Union of Information Technology Enterprises</cite.query> (UITE) of Armenia said today.<eos/><eop/></p></text><text type="body"><p><bop/><bos/><cite.query w-seq-number="00006" w-ref-type="NM" w-normalized-cite="canonical_name::UITE" ID="I344dfb10d89511e4b418c1be8cb5a5b5">UITE</cite.query> said the gathering will bring together top executives and engineers form around 100 Russian IT companies, including &quot;1C&quot;, &quot;Yandex&quot;, &quot;<cite.query w-seq-number="00007" w-ref-type="MM" w-normalized-cite="canonical_name::HUAWEI" ID="I344dfb11d89511e4b418c1be8cb5a5b5">Huawei</cite.query>&quot;, &quot;<cite.query w-seq-number="00008" w-ref-type="MM" w-normalized-cite="canonical_name::SAMSUNG" ID="I344dfb12d89511e4b418c1be8cb5a5b5">Samsung</cite.query>&quot;, &quot;<cite.query w-seq-number="00009" w-ref-type="MM" w-normalized-cite="canonical_name::DELL" ID="I344dfb13d89511e4b418c1be8cb5a5b5">Dell</cite.query>&quot;, &quot;Acer&quot;, &quot;<cite.query w-seq-number="00010" w-ref-type="MM" w-normalized-cite="canonical_name::SIEMENS" ID="I344dfb14d89511e4b418c1be8cb5a5b5">Siemens</cite.query>&quot;, &quot;<cite.query w-seq-number="00011" w-ref-type="MM" w-normalized-cite="canonical_name::IBM" ID="I344dfb15d89511e4b418c1be8cb5a5b5">IBM</cite.query>&quot;, &quot;<cite.query w-seq-number="00012" w-ref-type="MM" w-normalized-cite="canonical_name::FUJITSU" ID="I344dfb16d89511e4b418c1be8cb5a5b5">Fujitsu</cite.query>&quot;, &quot;GfK&quot; Armenian government officials and Russian ambassador to <cite.query w-seq-number="00013" w-ref-type="NM" w-normalized-cite="canonical_name::ARMENIA IVAN VOLYNKIN" ID="I344dfb17d89511e4b418c1be8cb5a5b5">Armenia Ivan Volynkin</cite.query> will also attend the event.<eos/><eop/></p><p><bop/><bos/>The summit will discuss, in particular, the prospects of IT market development in Russia and Armenia against the background of global trends, technology transfer, integration into the world market, relationship with the public sector and many other relating issues.-0-<eos/><eop/></p></text></content><indexing iso-language="en" value-add="machine-generated"><classification-terms><pres-location-block><bop/><bos/><pres-location-wrap><pres-location>Armenia</pres-location><pres-location-code>ISOAM</pres-location-code><alt1-location-code>1AR09</alt1-location-code></pres-location-wrap><pres-location-wrap><pres-location>Asia</pres-location><pres-location-code>GEOASIA</pres-location-code><alt1-location-code>1AS61</alt1-location-code></pres-location-wrap><pres-location-wrap><pres-location>CIS Countries</pres-location><pres-location-code>CISSTAT</pres-location-code><alt1-location-code>1CI64</alt1-location-code></pres-location-wrap><pres-location-wrap><pres-location>Eastern Europe</pres-location><pres-location-code>GEOEEUR</pres-location-code><alt1-location-code>1EA48</alt1-location-code></pres-location-wrap><pres-location-wrap><pres-location>Europe</pres-location><pres-location-code>GEOEUR</pres-location-code><alt1-location-code>1EU83</alt1-location-code></pres-location-wrap><pres-location-wrap><pres-location>Russia</pres-location><pres-location-code>ISORU</pres-location-code><alt1-location-code>1RU33</alt1-location-code></pres-location-wrap><eos/><eop/></pres-location-block></classification-terms><classification-terms><pres-subject-block><bop/><bos/><pres-subject-wrap><pres-subject>CIS</pres-subject><pres-subject-code>GEOCIS</pres-subject-code><alt1-subject-code>1CI65</alt1-subject-code></pres-subject-wrap><pres-subject-wrap><pres-subject>Economic Development</pres-subject><pres-subject-code>PTEDED</pres-subject-code><alt1-subject-code>1EC65</alt1-subject-code></pres-subject-wrap><pres-subject-wrap><pres-subject>Economics &amp; Trade</pres-subject><pres-subject-code>TRADE</pres-subject-code><alt1-subject-code>1EC26</alt1-subject-code></pres-subject-wrap><pres-subject-wrap><pres-subject>Emerging Market Countries</pres-subject><pres-subject-code>EMERGING</pres-subject-code><alt1-subject-code>1EM65</alt1-subject-code></pres-subject-wrap><pres-subject-wrap><pres-subject>Technology Transfer</pres-subject><pres-subject-code>ZZTRAN</pres-subject-code><alt1-subject-code>1TE36</alt1-subject-code></pres-subject-wrap><pres-subject-wrap><pres-subject>World Organizations</pres-subject><pres-subject-code>GEOORGS</pres-subject-code><alt1-subject-code>1IN77</alt1-subject-code></pres-subject-wrap><eos/><eop/></pres-subject-block><pres-industry-block><bop/><bos/><pres-industry-wrap><pres-industry>Broadcast TV</pres-industry><pres-industry-code>TVBROAD</pres-industry-code><alt1-industry-code>1BR25</alt1-industry-code></pres-industry-wrap><pres-industry-wrap><pres-industry>Entertainment</pres-industry><pres-industry-code>SHOWBIZ</pres-industry-code><alt1-industry-code>1EN08</alt1-industry-code></pres-industry-wrap><pres-industry-wrap><pres-industry>Public Television</pres-industry><pres-industry-code>PUBLICTV</pres-industry-code><alt1-industry-code>1PU41</alt1-industry-code></pres-industry-wrap><pres-industry-wrap><pres-industry>TV</pres-industry><pres-industry-code>TV</pres-industry-code><alt1-industry-code>1TV19</alt1-industry-code></pres-industry-wrap><pres-industry-wrap><pres-industry>Television Networks</pres-industry><pres-industry-code>NETWRKOP</pres-industry-code><alt1-industry-code>1TE85</alt1-industry-code></pres-industry-wrap><eos/><eop/></pres-industry-block></classification-terms><classification-terms><rcs-block><rcs>G:B</rcs><rcs>E:5</rcs><rcs>G:A</rcs><rcs>M:3</rcs><rcs>G:B2</rcs><rcs>G:38</rcs><rcs>B:69</rcs><rcs>G:Y</rcs><rcs>G:7I</rcs><rcs>B:95</rcs><rcs>B:92</rcs><rcs>B:91</rcs><rcs>B:86</rcs><rcs>G:1</rcs><rcs>B:94</rcs><rcs>M:H3</rcs><rcs>G:K</rcs><rcs>G:AJ</rcs></rcs-block></classification-terms><extraction-terms><extr-company-block><bop/><bos/><norm-company oa-id="4295877355">FUJITSU LTD</norm-company><norm-company-wrap><norm-company-name>FUJITSU LTD</norm-company-name><company-ids><oa-id>4295877355</oa-id><ric norm="6702.T">6702.T</ric></company-ids><company-classification><trbc-wrap><trbc type="RCS">B:1790</trbc><trbc type="2012">5720101010</trbc><trbc type="perm-id">4294951211</trbc></trbc-wrap></company-classification><relevancy engine="1C">0.2</relevancy><confidence engine="1C">0.92</confidence></norm-company-wrap><norm-company oa-id="4295904307">INTERNATIONAL BUSINESS MACHINES CORP</norm-company><norm-company-wrap><norm-company-name>INTERNATIONAL BUSINESS MACHINES CORP</norm-company-name><company-ids><oa-id>4295904307</oa-id><ric norm="IBM.N">IBM.N</ric></company-ids><company-classification><trbc-wrap><trbc type="RCS">B:1790</trbc><trbc type="2012">5720101010</trbc><trbc type="perm-id">4294951211</trbc></trbc-wrap></company-classification><relevancy engine="1C">0.2</relevancy><confidence engine="1C">0.92</confidence></norm-company-wrap><norm-company oa-id="4295882451">SAMSUNG ELECTRONICS CO LTD</norm-company><norm-company-wrap><norm-company-name>SAMSUNG ELECTRONICS CO LTD</norm-company-name><company-ids><oa-id>4295882451</oa-id><ric norm="005930.KS">005930.KS</ric></company-ids><company-classification><trbc-wrap><trbc type="RCS">B:1768</trbc><trbc type="2012">5710602010</trbc><trbc type="perm-id">4294951233</trbc></trbc-wrap></company-classification><relevancy engine="1C">0.2</relevancy><confidence engine="1C">0.92</confidence></norm-company-wrap><norm-company oa-id="4295869238">SIEMENS AG</norm-company><norm-company-wrap><norm-company-name>SIEMENS AG</norm-company-name><company-ids><oa-id>4295869238</oa-id><ric norm="SIEGn.DE">SIEGn.DE</ric></company-ids><company-classification><trbc-wrap><trbc type="RCS">B:1251</trbc><trbc type="2012">5230101010</trbc><trbc type="perm-id">4294951750</trbc></trbc-wrap></company-classification><relevancy engine="1C">0.2</relevancy><confidence engine="1C">0.92</confidence></norm-company-wrap><eos/><eop/></extr-company-block></extraction-terms><extraction-terms><extr-person-block><bop/><bos/><extr-person>Ivan Volynkin</extr-person><extr-person-wrap><extr-person-name>Ivan Volynkin</extr-person-name><relevancy engine="1C">0.2</relevancy></extr-person-wrap><eos/><eop/></extr-person-block></extraction-terms></indexing></document></n-docbody>
</n-document>
<n-document guid="Icba8d460d7b111e48ae4b910ad2e7c34"><n-metadata><metadata.block><md.identifiers><md.cites><md.first.line.cite>3/31/15 NEWS 00:00:00</md.first.line.cite><md.second.line.cite>3/31/15 ARKA News Agency 00:00:00</md.second.line.cite></md.cites><md.uuid>Icba8d460d7b111e48ae4b910ad2e7c34</md.uuid></md.identifiers><md.infotype>news</md.infotype><md.sortkeys><md.ordersequence>f47363bec</md.ordersequence></md.sortkeys><md.descriptions><md.title>WB COUNTRY MANAGER FOR ARMENIA SAYS PROCEEDS FROM SECOND ISSUE OF EUROBONDS SHOULD BE USED TO STIMULATE ECONOMY</md.title><md.westlawdescrip><md.readlist>READLIST</md.readlist></md.westlawdescrip></md.descriptions><md.dates><md.publisheddatetime>20150331101016</md.publisheddatetime><md.loaddate>20150331</md.loaddate><md.createddatetime>20150331101016</md.createddatetime></md.dates><md.subjects><md.subject><md.pubtype.name/><md.doctype.name>DNR</md.doctype.name><md.doctype.rank/><md.view>CNGE</md.view><md.view>RGEurope</md.view><md.view>PTNewswires</md.view><md.view>ARKANEWS0063786</md.view><md.view>INALLNEWS_ACTEST</md.view><md.view>INFARNEWS_AC</md.view><md.view>MARKETSEIKON_CN</md.view><md.view>MARKETSEIKON</md.view><md.view>CB_ASIAWIRES</md.view><md.view>INWIRES_AC</md.view><md.view>GULF_INTL</md.view><md.view>ININTNEWS_AC</md.view><md.view>ANZ_INTLOS</md.view><md.view>CLEAR_RF</md.view><md.view>INALLNEWS_AC</md.view><md.view>INNEWSINT_PRO</md.view><md.view>INBUSNEWS</md.view><md.view>INNEWSWORLD_PRO</md.view><md.view>INBUSNEWS_AC</md.view></md.subject></md.subjects><md.jurisdictions><md.jurisdiction><md.jurisstate>FE</md.jurisstate></md.jurisdiction></md.jurisdictions><md.publications><md.publication/><md.sourcepubid>ARKANEWS</md.sourcepubid></md.publications><md.royalty><md.royalty.code>84104</md.royalty.code></md.royalty></metadata.block><news.metadata.block><md.text.preview>STOCK MARKETYEREVAN, March 31. / ARKA /. Proceeds raised from the second issue of Eurobonds should be used to stimulate the economy, World Bank country manager for Armenia Laura Bailey said today.</md.text.preview></news.metadata.block><newsplus.recommendable>1</newsplus.recommendable><n-view>CNGE</n-view><n-view>RGEurope</n-view><n-view>PTNewswires</n-view><n-view>ARKANEWS0063786</n-view><n-view>INALLNEWS_ACTEST</n-view><n-view>INFARNEWS_AC</n-view><n-view>MARKETSEIKON_CN</n-view><n-view>MARKETSEIKON</n-view><n-view>CB_ASIAWIRES</n-view><n-view>INWIRES_AC</n-view><n-view>GULF_INTL</n-view><n-view>ININTNEWS_AC</n-view><n-view>ANZ_INTLOS</n-view><n-view>CLEAR_RF</n-view><n-view>INALLNEWS_AC</n-view><n-view>INNEWSINT_PRO</n-view><n-view>INBUSNEWS</n-view><n-view>INNEWSWORLD_PRO</n-view><n-view>INBUSNEWS_AC</n-view><prism-stylesheet guid="Ia3024d301b6a11d89fc5f34981d3242f"/><prism-clipdate>20150331101016</prism-clipdate></n-metadata>
<n-docbody><document version="1" collection="D-ARKANEWS-T001" first-load-date="20150331101016" ip-product="ARKANEWS" royalty-id="84104" data-model="text" dtd-version="5.2.29" content-type="news" load-language="en"><supplier-info><supplier-num nitf="doc-id" nitf-regsrc="ARKA News Agency" type="accession">775000047bc6b383</supplier-num><internal-acc-num db-id="NEPRARKA" type="newz">20150331170.1_V775000047bc6b383</internal-acc-num><rec-status><last-load-date>20150331101016</last-load-date><nitf-date ne="datereceived">20150331T14:25:35Z</nitf-date><nitf-date nitf="date-issue">20150331T00:00:00Z</nitf-date><last-provider-update>20150331142535</last-provider-update></rec-status><supplier-copyright>Copyright Â© 2015 ARKA<copyright-year/><copyright-holder>ARKA</copyright-holder></supplier-copyright><supplier-note nitf="urgency" nitf-ed-urg="4"/><supplier-dtds><dtd dtd-version="working" dtd-date="20150310T00:00:00Z">Canonical Taxonomy</dtd><dtd dtd-version="20150303" dtd-date="20150310T00:00:00Z">Mapping File</dtd></supplier-dtds><copyright-block type="dialog"><service-copyright n-include_guid="Ice671660f30811d88920000083149a14" n-include_collection="D-DIALOGCOPYRIGHTS-T001"/></copyright-block><copyright-block type="west"><service-copyright n-include_guid="I1DA35ED81DD211B281BAD200220BDFCA" n-include_collection="w_wlnv_msg"/></copyright-block><west-citation-block><bop/><first-line-cite><bos/>3/31/15 NEWS 00:00:00<eos/></first-line-cite><second-line-cite><bos/>3/31/15 ARKA News Agency 00:00:00<eos/></second-line-cite><eop/></west-citation-block></supplier-info><title-info iso-language="en"><bop/><title type="headline" nitf-hedline="hl1" key="key-title"><bos/><sort-title>WB COUNTRY MANAGER FOR ARMENIA SAYS PROCEEDS FROM SECOND ISSUE OF EUROBONDS SHOULD BE USED TO STIMULATE ECONOMY</sort-title><eos/></title><eop/></title-info><pub-info><journal key="key-journal"><bop/><bos/><sort-journal>ARKA News Agency</sort-journal><eos/><eop/></journal><pub-date key="key-date" iso-time="T00:00:00Z" type="date.publication"><full-pub-date>March 31, 2015</full-pub-date><sort-pub-date>20150331</sort-pub-date><sort-pub-timestamp>20150331000000</sort-pub-timestamp><rank-date>20150331</rank-date><currency-timestamp>20150331000000</currency-timestamp></pub-date><original-pub><language iso-language="en">English</language></original-pub><src-data><src-journal-code>ANPV</src-journal-code><src-pub-code>0063786</src-pub-code><src-pub-type>Newswire</src-pub-type><src-pub-country-wrap><src-pub-country-code>GE</src-pub-country-code><src-pub-country>Georgia CIS</src-pub-country></src-pub-country-wrap><src-pub-region>Europe</src-pub-region></src-data></pub-info><content iso-language="en"><total-char-count>1974</total-char-count><derived-word-count><bop/><bos/>Word Count: 318<eos/><eop/></derived-word-count><text type="lead-para"><p nitf="lede"><bop/><bos/>STOCK MARKET<eos/><eop/></p><p nitf="lede"><bop/><bos/>YEREVAN, March 31. / ARKA /. Proceeds raised from the second issue of Eurobonds should be used to stimulate the economy, World Bank country manager for Armenia Laura Bailey said today.<eos/><eop/></p></text><text type="body"><p><bop/><bos/>She said the <cite.query w-seq-number="00001" w-ref-type="MM" w-normalized-cite="canonical_name::WORLD BANK" ID="I4c9bf100d7b811e4b207b0dd38b3254a">World Bank</cite.query> believes it is very important that the proceeds be used to stimulate economic activity in the country and assist the most vulnerable segments of the population in the next two years.<eos/><eop/></p><p><bop/><bos/>She noted that the buildup of external debt is important in terms of its ratio to GDP and to where the resources will be directed to. <eos/><bos/>According to Ms. Bailey, the best way to use the resources is to boost production capacities and incomes and get out of the current difficult economic situation.<eos/><eop/></p><p><bop/><bos/>According to official data, <cite.query w-seq-number="00002" w-ref-type="MM" w-normalized-cite="canonical_name::ARMENIA" ID="I4e4226f0d7b811e4b207b0dd38b3254a">Armenia</cite.query> raised $487.84 million from the second issue of Eurobonds after selling a $500 million 10-year dollar bond for only the second time on record on March 19, paying a yield of 7.5%. <eos/><bos/>International law firm Cleary Gottlieb Steen &amp;amp; <cite.query w-seq-number="00003" w-ref-type="NM" w-normalized-cite="canonical_name::HAMILTON LLC" ID="I4e4226f1d7b811e4b207b0dd38b3254a">Hamilton LLC</cite.query> was hired by the Armenian government to act as an international consultant for the issue, while <cite.query w-seq-number="00004" w-ref-type="MM" w-normalized-cite="canonical_name::DEUTSCHE BANK" ID="I4e4226f2d7b811e4b207b0dd38b3254a">Deutsche Bank</cite.query>, <cite.query w-seq-number="00005" w-ref-type="MM" w-normalized-cite="canonical_name::HSBC BANK" ID="I4e4226f3d7b811e4b207b0dd38b3254a">HSBC Bank</cite.query> and <cite.query w-seq-number="00006" w-ref-type="MM" w-normalized-cite="canonical_name::JP MORGAN" ID="I4e4226f4d7b811e4b207b0dd38b3254a">JP Morgan</cite.query> acted as underwriters.<eos/><eop/></p><p><bop/><bos/>Some $205.8 million of the proceeds were used to buy back previous dollar bond issue carried out in 2013. <eos/><bos/>Also about 40 billion drams will be used to finance Armenia&apos;s budget deficit and &quot;neutralize&quot; the Russian recession&apos;s spillover effects on the Armenian economy.<eos/><eop/></p><p><bop/><bos/>According to deputy finance minister Pavel Safaryan, the remaining money will be channeled into the Stabilization Fund to enable the government to maintain fiscal stability and to fully finance its spending items.<eos/><eop/></p><p><bop/><bos/>Armenia first issued $700 million worth dollar-denominated bonds in September 2013 at the yield of 6.25 percent. <eos/><bos/>According to Armenian finance ministry, investors were ready to buy as much as $3 billion worth of Armenian external bonds.<eos/><eop/></p><p><bop/><bos/>The bulk of $700 million was used to repay a $500 million Russian loan ten years ahead of schedule. <eos/><bos/>($1 - 471.21 drams).<eos/> --0--<eop/></p></text></content><indexing iso-language="en" value-add="machine-generated"><classification-terms><pres-location-block><bop/><bos/><pres-location-wrap><pres-location>Armenia</pres-location><pres-location-code>ISOAM</pres-location-code><alt1-location-code>1AR09</alt1-location-code></pres-location-wrap><pres-location-wrap><pres-location>CIS Countries</pres-location><pres-location-code>CISSTAT</pres-location-code><alt1-location-code>1CI64</alt1-location-code></pres-location-wrap><pres-location-wrap><pres-location>Eastern Europe</pres-location><pres-location-code>GEOEEUR</pres-location-code><alt1-location-code>1EA48</alt1-location-code></pres-location-wrap><pres-location-wrap><pres-location>Europe</pres-location><pres-location-code>GEOEUR</pres-location-code><alt1-location-code>1EU83</alt1-location-code></pres-location-wrap><eos/><eop/></pres-location-block></classification-terms><classification-terms><pres-subject-block><bop/><bos/><pres-subject-wrap><pres-subject>Bond Instruments</pres-subject><pres-subject-code>BONDINST</pres-subject-code><alt1-subject-code>1BO92</alt1-subject-code></pres-subject-wrap><pres-subject-wrap><pres-subject>Bond Issues</pres-subject><pres-subject-code>NEWBONDS</pres-subject-code><alt1-subject-code>1BO94</alt1-subject-code></pres-subject-wrap><pres-subject-wrap><pres-subject>CIS</pres-subject><pres-subject-code>GEOCIS</pres-subject-code><alt1-subject-code>1CI65</alt1-subject-code></pres-subject-wrap><pres-subject-wrap><pres-subject>Economic Policy &amp; Policymakers</pres-subject><pres-subject-code>ECONRULE</pres-subject-code><alt1-subject-code>1EC69</alt1-subject-code></pres-subject-wrap><pres-subject-wrap><pres-subject>Economics &amp; Trade</pres-subject><pres-subject-code>TRADE</pres-subject-code><alt1-subject-code>1EC26</alt1-subject-code></pres-subject-wrap><pres-subject-wrap><pres-subject>Eurobonds</pres-subject><pres-subject-code>EUROBOND</pres-subject-code><alt1-subject-code>1EU87</alt1-subject-code></pres-subject-wrap><pres-subject-wrap><pres-subject>Funding Instruments</pres-subject><pres-subject-code>INVSTING</pres-subject-code><alt1-subject-code>1FU41</alt1-subject-code></pres-subject-wrap><pres-subject-wrap><pres-subject>World Organizations</pres-subject><pres-subject-code>GEOORGS</pres-subject-code><alt1-subject-code>1IN77</alt1-subject-code></pres-subject-wrap><eos/><eop/></pres-subject-block><pres-industry-block><bop/><bos/><pres-industry-wrap><pres-industry>Banking</pres-industry><pres-industry-code>BANKOVER</pres-industry-code><alt1-industry-code>1BA20</alt1-industry-code></pres-industry-wrap><pres-industry-wrap><pres-industry>Bonds</pres-industry><pres-industry-code>BONDS</pres-industry-code><alt1-industry-code>1BO97</alt1-industry-code></pres-industry-wrap><pres-industry-wrap><pres-industry>Financial Services</pres-industry><pres-industry-code>FINSVC</pres-industry-code><alt1-industry-code>1FI37</alt1-industry-code></pres-industry-wrap><pres-industry-wrap><pres-industry>Fixed Income Investments</pres-industry><pres-industry-code>FIXEDINV</pres-industry-code><alt1-industry-code>1FI12</alt1-industry-code></pres-industry-wrap><pres-industry-wrap><pres-industry>Investment Management</pres-industry><pres-industry-code>INVSTMAN</pres-industry-code><alt1-industry-code>1IN34</alt1-industry-code></pres-industry-wrap><pres-industry-wrap><pres-industry>Loans</pres-industry><pres-industry-code>LOANS</pres-industry-code><alt1-industry-code>1LO12</alt1-industry-code></pres-industry-wrap><pres-industry-wrap><pres-industry>Retail Banking Services</pres-industry><pres-industry-code>RTBNKOVR</pres-industry-code><alt1-industry-code>1RE38</alt1-industry-code></pres-industry-wrap><pres-industry-wrap><pres-industry>Securities Investment</pres-industry><pres-industry-code>PTSECUR</pres-industry-code><alt1-industry-code>1SE57</alt1-industry-code></pres-industry-wrap><eos/><eop/></pres-industry-block></classification-terms><classification-terms><rcs-block><rcs>G:B</rcs><rcs>E:5</rcs><rcs>E:W</rcs><rcs>G:A</rcs><rcs>A:E</rcs><rcs>G:B2</rcs><rcs>B:127</rcs><rcs>B:128</rcs><rcs>B:125</rcs><rcs>B:129</rcs><rcs>B:126</rcs><rcs>G:Y</rcs><rcs>E:B</rcs><rcs>G:7I</rcs><rcs>E:5I</rcs><rcs>A:U</rcs><rcs>B:130</rcs><rcs>A:2</rcs><rcs>A:S</rcs><rcs>G:AJ</rcs></rcs-block></classification-terms><extraction-terms><extr-company-block><bop/><bos/><extr-company>Armenia Laura Bailey</extr-company><extr-company-wrap><extr-company-name>Armenia Laura Bailey</extr-company-name><relevancy engine="1C">0.2</relevancy><confidence engine="1C">0.88</confidence></extr-company-wrap><norm-company oa-id="5035257155">CLEARY GOTTLIEB STEEN AND HAMILTON LLP</norm-company><norm-company-wrap><norm-company-name>CLEARY GOTTLIEB STEEN AND HAMILTON LLP</norm-company-name><company-ids><oa-id>5035257155</oa-id></company-ids><relevancy engine="1C">0.2</relevancy><confidence engine="1C">0.99</confidence></norm-company-wrap><norm-company oa-id="4295869482">DEUTSCHE BANK AG</norm-company><norm-company-wrap><norm-company-name>DEUTSCHE BANK AG</norm-company-name><company-ids><oa-id>4295869482</oa-id><ric norm="DBKGn.DE">DBKGn.DE</ric></company-ids><company-classification><trbc-wrap><trbc type="RCS">B:128</trbc><trbc type="2012">55101010</trbc><trbc type="perm-id">4294952873</trbc></trbc-wrap></company-classification><relevancy engine="1C">0.2</relevancy><confidence engine="1C">0.93</confidence></norm-company-wrap><norm-company oa-id="8589934275">HSBC HOLDINGS PLC</norm-company><norm-company-wrap><norm-company-name>HSBC HOLDINGS PLC</norm-company-name><company-ids><oa-id>8589934275</oa-id><ric norm="HSBA.L">HSBA.L</ric></company-ids><company-classification><trbc-wrap><trbc type="RCS">B:1616</trbc><trbc type="2012">5510101011</trbc><trbc type="perm-id">4294951385</trbc></trbc-wrap></company-classification><relevancy engine="1C">0.2</relevancy><confidence engine="1C">0.94</confidence></norm-company-wrap><norm-company oa-id="5000021791">JPMORGAN CHASE AND CO</norm-company><norm-company-wrap><norm-company-name>JPMORGAN CHASE AND CO</norm-company-name><company-ids><oa-id>5000021791</oa-id></company-ids><company-classification><trbc-wrap><trbc type="RCS">B:1615</trbc><trbc type="2012">5510101010</trbc><trbc type="perm-id">4294951386</trbc></trbc-wrap></company-classification><relevancy engine="1C">0.2</relevancy><confidence engine="1C">0.93</confidence></norm-company-wrap><eos/><eop/></extr-company-block></extraction-terms><extraction-terms><extr-person-block><bop/><bos/><extr-person>Bailey</extr-person><extr-person-wrap><extr-person-name>Bailey</extr-person-name><relevancy engine="1C">0.2</relevancy></extr-person-wrap><extr-person>Pavel Safaryan</extr-person><extr-person-wrap><extr-person-name>Pavel Safaryan</extr-person-name><relevancy engine="1C">0.2</relevancy></extr-person-wrap><eos/><eop/></extr-person-block></extraction-terms></indexing></document></n-docbody>
</n-document>
<n-document guid="Ibe109bf0d47111e484a2dcc76c41f123"><n-metadata><metadata.block><md.identifiers><md.cites><md.first.line.cite>3/27/15 NEWS 00:00:00</md.first.line.cite><md.second.line.cite>3/27/15 ARKA News Agency 00:00:00</md.second.line.cite></md.cites><md.uuid>Ibe109bf0d47111e484a2dcc76c41f123</md.uuid></md.identifiers><md.infotype>news</md.infotype><md.sortkeys><md.ordersequence>f47363bec</md.ordersequence></md.sortkeys><md.descriptions><md.title>AMAZON LAUNCHES CLOUD DRIVE UNLIMITED PLAN</md.title><md.westlawdescrip><md.readlist>READLIST</md.readlist></md.westlawdescrip></md.descriptions><md.dates><md.publisheddatetime>20150327061109</md.publisheddatetime><md.loaddate>20150327</md.loaddate><md.createddatetime>20150327061109</md.createddatetime></md.dates><md.subjects><md.subject><md.pubtype.name/><md.doctype.name>DNR</md.doctype.name><md.doctype.rank/><md.view>CNGE</md.view><md.view>RGEurope</md.view><md.view>PTNewswires</md.view><md.view>ARKANEWS0063786</md.view><md.view>INALLNEWS_ACTEST</md.view><md.view>INFARNEWS_AC</md.view><md.view>MARKETSEIKON_CN</md.view><md.view>MARKETSEIKON</md.view><md.view>CB_ASIAWIRES</md.view><md.view>INWIRES_AC</md.view><md.view>GULF_INTL</md.view><md.view>ININTNEWS_AC</md.view><md.view>ANZ_INTLOS</md.view><md.view>CLEAR_RF</md.view><md.view>INALLNEWS_AC</md.view><md.view>INNEWSINT_PRO</md.view><md.view>INBUSNEWS</md.view><md.view>INNEWSWORLD_PRO</md.view><md.view>INBUSNEWS_AC</md.view></md.subject></md.subjects><md.jurisdictions><md.jurisdiction><md.jurisstate>FE</md.jurisstate></md.jurisdiction></md.jurisdictions><md.publications><md.publication/><md.sourcepubid>ARKANEWS</md.sourcepubid></md.publications><md.royalty><md.royalty.code>84104</md.royalty.code></md.royalty></metadata.block><news.metadata.block><md.text.preview>INFORMATION TECHNOLOGIESYEREVAN, March 27. /ARKA/. Amazon&apos;s Cloud Drive has been a contender in the cloud storage and file synchronizing vertical for some time now, ghacks.net reports. Today, Amazon announced the launch of two new plans that</md.text.preview></news.metadata.block><n-view>CNGE</n-view><n-view>RGEurope</n-view><n-view>PTNewswires</n-view><n-view>ARKANEWS0063786</n-view><n-view>INALLNEWS_ACTEST</n-view><n-view>INFARNEWS_AC</n-view><n-view>MARKETSEIKON_CN</n-view><n-view>MARKETSEIKON</n-view><n-view>CB_ASIAWIRES</n-view><n-view>INWIRES_AC</n-view><n-view>GULF_INTL</n-view><n-view>ININTNEWS_AC</n-view><n-view>ANZ_INTLOS</n-view><n-view>CLEAR_RF</n-view><n-view>INALLNEWS_AC</n-view><n-view>INNEWSINT_PRO</n-view><n-view>INBUSNEWS</n-view><n-view>INNEWSWORLD_PRO</n-view><n-view>INBUSNEWS_AC</n-view><prism-stylesheet guid="Ia3024d301b6a11d89fc5f34981d3242f"/><prism-clipdate>20150327061109</prism-clipdate></n-metadata>
<n-docbody><document version="1" collection="D-ARKANEWS-T001" first-load-date="20150327061109" ip-product="ARKANEWS" royalty-id="84104" data-model="text" dtd-version="5.2.29" content-type="news" load-language="en"><supplier-info><supplier-num nitf="doc-id" nitf-regsrc="ARKA News Agency" type="accession">6add0000d281ef15</supplier-num><internal-acc-num db-id="NEPRARKA" type="newz">20150327170.1_V6add0000d281ef15</internal-acc-num><rec-status><last-load-date>20150327061109</last-load-date><nitf-date ne="datereceived">20150327T11:09:31Z</nitf-date><nitf-date nitf="date-issue">20150327T00:00:00Z</nitf-date><last-provider-update>20150327110931</last-provider-update></rec-status><supplier-copyright>Copyright Â© 2015 ARKA<copyright-year/><copyright-holder>ARKA</copyright-holder></supplier-copyright><supplier-note nitf="urgency" nitf-ed-urg="4"/><supplier-dtds><dtd dtd-version="working" dtd-date="20150310T00:00:00Z">Canonical Taxonomy</dtd><dtd dtd-version="20150303" dtd-date="20150310T00:00:00Z">Mapping File</dtd></supplier-dtds><copyright-block type="dialog"><service-copyright n-include_guid="Ice671660f30811d88920000083149a14" n-include_collection="D-DIALOGCOPYRIGHTS-T001"/></copyright-block><copyright-block type="west"><service-copyright n-include_guid="I1DA35ED81DD211B281BAD200220BDFCA" n-include_collection="w_wlnv_msg"/></copyright-block><west-citation-block><bop/><first-line-cite><bos/>3/27/15 NEWS 00:00:00<eos/></first-line-cite><second-line-cite><bos/>3/27/15 ARKA News Agency 00:00:00<eos/></second-line-cite><eop/></west-citation-block></supplier-info><title-info iso-language="en"><bop/><title type="headline" nitf-hedline="hl1" key="key-title"><bos/><sort-title>AMAZON LAUNCHES CLOUD DRIVE UNLIMITED PLAN</sort-title><eos/></title><eop/></title-info><pub-info><journal key="key-journal"><bop/><bos/><sort-journal>ARKA News Agency</sort-journal><eos/><eop/></journal><pub-date key="key-date" iso-time="T00:00:00Z" type="date.publication"><full-pub-date>March 27, 2015</full-pub-date><sort-pub-date>20150327</sort-pub-date><sort-pub-timestamp>20150327000000</sort-pub-timestamp><rank-date>20150327</rank-date><currency-timestamp>20150327000000</currency-timestamp></pub-date><original-pub><language iso-language="en">English</language></original-pub><src-data><src-journal-code>ANPV</src-journal-code><src-pub-code>0063786</src-pub-code><src-pub-type>Newswire</src-pub-type><src-pub-country-wrap><src-pub-country-code>GE</src-pub-country-code><src-pub-country>Georgia CIS</src-pub-country></src-pub-country-wrap><src-pub-region>Europe</src-pub-region></src-data></pub-info><content iso-language="en"><total-char-count>811</total-char-count><derived-word-count><bop/><bos/>Word Count: 129<eos/><eop/></derived-word-count><text type="lead-para"><p nitf="lede"><bop/><bos/><cite.query w-seq-number="00001" w-ref-type="WC" w-normalized-cite="I76DF065242BE11DDA1BC0014224D2780" ID="I20984d90d47211e4a16a9a478841080f">INFORMATION TECHNOLOGIES</cite.query><eos/><eop/></p><p nitf="lede"><bop/><bos/>YEREVAN, March 27. /ARKA/. <eos/><bos/>Amazon&apos;s <cite.query w-seq-number="00002" w-ref-type="NM" w-normalized-cite="canonical_name::CLOUD DRIVE" ID="I20a43470d47211e4a16a9a478841080f">Cloud Drive</cite.query> has been a contender in the cloud storage and file synchronizing vertical for some time now, ghacks.net reports. <eos/><bos/>Today, <cite.query w-seq-number="00003" w-ref-type="CO" w-normalized-cite="I30F4F4B341EC11DDAD6B0014224D2780" ID="I20a43471d47211e4a16a9a478841080f">Amazon</cite.query> announced the launch of two new plans that simplify Cloud Drive significantly for all users.<eos/><eop/></p></text><text type="body"><p><bop/><bos/>Unlimited Photos gives 5 Gigabyte of general storage space and unlimited photo storage to Cloud Drive users for $11.99 per year. <eos/><bos/>This is the same deal that Amazon Prime members get for free.<eos/><eop/></p><p><bop/><bos/>Unlimited Everything on the other hand is a new top of the line plan that gives you unlimited storage for all kinds of files for $59.99.<eos/><eop/></p><p><bop/><bos/>Amazon is not the first company to launch unlimited online file storage offers. <eos/><bos/><cite.query w-seq-number="00004" w-ref-type="MM" w-normalized-cite="canonical_name::MICROSOFT" ID="I20c020e0d47211e4a16a9a478841080f">Microsoft</cite.query> for instance gives <cite.query w-seq-number="00005" w-ref-type="MM" w-normalized-cite="canonical_name::OFFICE" ID="I20c020e1d47211e4a16a9a478841080f">Office</cite.query> 365 subscribers unlimited OneDrive storage with their subscriptions. <eos/><bos/>N.V. -0--<eos/><eop/></p></text></content><indexing iso-language="en" value-add="machine-generated"><classification-terms><pres-industry-block><bop/><bos/><pres-industry-wrap><pres-industry>Cloud Computing</pres-industry><pres-industry-code>CLOUD</pres-industry-code><alt1-industry-code>1CL80</alt1-industry-code></pres-industry-wrap><pres-industry-wrap><pres-industry>I.T.</pres-industry><pres-industry-code>ITOVER</pres-industry-code><alt1-industry-code>1IT96</alt1-industry-code></pres-industry-wrap><pres-industry-wrap><pres-industry>I.T. Industry Highlights</pres-industry><pres-industry-code>TECHIH</pres-industry-code><alt1-industry-code>1IT04</alt1-industry-code></pres-industry-wrap><pres-industry-wrap><pres-industry>Network Services</pres-industry><pres-industry-code>NWRKSERV</pres-industry-code><alt1-industry-code>1NE60</alt1-industry-code></pres-industry-wrap><pres-industry-wrap><pres-industry>Networking</pres-industry><pres-industry-code>DCTOP10</pres-industry-code><alt1-industry-code>1NE45</alt1-industry-code></pres-industry-wrap><eos/><eop/></pres-industry-block></classification-terms><classification-terms><rcs-block><rcs>B:161</rcs><rcs>M:NL</rcs></rcs-block></classification-terms><extraction-terms><extr-company-block><bop/><bos/><norm-company oa-id="4295905494">AMAZON COM INC</norm-company><norm-company-wrap><norm-company-name>AMAZON COM INC</norm-company-name><company-ids><oa-id>4295905494</oa-id></company-ids><company-classification><trbc-wrap><trbc type="RCS">B:1464</trbc><trbc type="2012">5340201010</trbc><trbc type="perm-id">4294951537</trbc></trbc-wrap></company-classification><relevancy engine="1C">0.8</relevancy><confidence engine="1C">0.93</confidence></norm-company-wrap><norm-company oa-id="4295907168">MICROSOFT CORP</norm-company><norm-company-wrap><norm-company-name>MICROSOFT CORP</norm-company-name><company-ids><oa-id>4295907168</oa-id><ric norm="MSFT.OQ">MSFT.OQ</ric></company-ids><company-classification><trbc-wrap><trbc type="RCS">B:1796</trbc><trbc type="2012">5720102010</trbc><trbc type="perm-id">4294951205</trbc></trbc-wrap></company-classification><relevancy engine="1C">0.2</relevancy><confidence engine="1C">0.92</confidence></norm-company-wrap><eos/><eop/></extr-company-block></extraction-terms></indexing></document></n-docbody>
</n-document>
<n-document guid="I622b6470d3c011e48490c1867824c880"><n-metadata><metadata.block><md.identifiers><md.cites><md.first.line.cite>3/26/15 NEWS 00:00:00</md.first.line.cite><md.second.line.cite>3/26/15 ARKA News Agency 00:00:00</md.second.line.cite></md.cites><md.uuid>I622b6470d3c011e48490c1867824c880</md.uuid></md.identifiers><md.infotype>news</md.infotype><md.sortkeys><md.ordersequence>f47363bec</md.ordersequence></md.sortkeys><md.descriptions><md.title>ARMENIAN GOVERNMENT RAISES $487.84 MILLION FROM SECOND EUROBOND ISSUE</md.title><md.westlawdescrip><md.readlist>READLIST</md.readlist></md.westlawdescrip></md.descriptions><md.dates><md.publisheddatetime>20150326092715</md.publisheddatetime><md.loaddate>20150326</md.loaddate><md.createddatetime>20150326092715</md.createddatetime></md.dates><md.subjects><md.subject><md.pubtype.name/><md.doctype.name>DNR</md.doctype.name><md.doctype.rank/><md.view>CNGE</md.view><md.view>RGEurope</md.view><md.view>PTNewswires</md.view><md.view>ARKANEWS0063786</md.view><md.view>INALLNEWS_ACTEST</md.view><md.view>INFARNEWS_AC</md.view><md.view>MARKETSEIKON_CN</md.view><md.view>MARKETSEIKON</md.view><md.view>CB_ASIAWIRES</md.view><md.view>INWIRES_AC</md.view><md.view>GULF_INTL</md.view><md.view>ININTNEWS_AC</md.view><md.view>ANZ_INTLOS</md.view><md.view>CLEAR_RF</md.view><md.view>INALLNEWS_AC</md.view><md.view>INNEWSINT_PRO</md.view><md.view>INBUSNEWS</md.view><md.view>INNEWSWORLD_PRO</md.view><md.view>INBUSNEWS_AC</md.view></md.subject></md.subjects><md.jurisdictions><md.jurisdiction><md.jurisstate>FE</md.jurisstate></md.jurisdiction></md.jurisdictions><md.publications><md.publication/><md.sourcepubid>ARKANEWS</md.sourcepubid></md.publications><md.royalty><md.royalty.code>84104</md.royalty.code></md.royalty></metadata.block><news.metadata.block><md.text.preview>STOCK MARKETYEREVAN, March 26. / ARKA /.Armenia has raised $487.84 million from the second issue of Eurobonds, deputy finance minister Pavel Safaryan said at a Cabinet session today.</md.text.preview></news.metadata.block><newsplus.recommendable>1</newsplus.recommendable><n-view>CNGE</n-view><n-view>RGEurope</n-view><n-view>PTNewswires</n-view><n-view>ARKANEWS0063786</n-view><n-view>INALLNEWS_ACTEST</n-view><n-view>INFARNEWS_AC</n-view><n-view>MARKETSEIKON_CN</n-view><n-view>MARKETSEIKON</n-view><n-view>CB_ASIAWIRES</n-view><n-view>INWIRES_AC</n-view><n-view>GULF_INTL</n-view><n-view>ININTNEWS_AC</n-view><n-view>ANZ_INTLOS</n-view><n-view>CLEAR_RF</n-view><n-view>INALLNEWS_AC</n-view><n-view>INNEWSINT_PRO</n-view><n-view>INBUSNEWS</n-view><n-view>INNEWSWORLD_PRO</n-view><n-view>INBUSNEWS_AC</n-view><prism-stylesheet guid="Ia3024d301b6a11d89fc5f34981d3242f"/><prism-clipdate>20150326092715</prism-clipdate></n-metadata>
<n-docbody><document version="1" collection="D-ARKANEWS-T001" first-load-date="20150326092715" ip-product="ARKANEWS" royalty-id="84104" data-model="text" dtd-version="5.2.29" content-type="news" load-language="en"><supplier-info><supplier-num nitf="doc-id" nitf-regsrc="ARKA News Agency" type="accession">c60f0002fc92e954</supplier-num><internal-acc-num db-id="NEPRARKA" type="newz">20150326170.1_Vc60f0002fc92e954</internal-acc-num><rec-status><last-load-date>20150326092715</last-load-date><nitf-date ne="datereceived">20150326T13:59:56Z</nitf-date><nitf-date nitf="date-issue">20150326T00:00:00Z</nitf-date><last-provider-update>20150326135956</last-provider-update></rec-status><supplier-copyright>Copyright Â© 2015 ARKA<copyright-year/><copyright-holder>ARKA</copyright-holder></supplier-copyright><supplier-note nitf="urgency" nitf-ed-urg="4"/><supplier-dtds><dtd dtd-version="working" dtd-date="20150310T00:00:00Z">Canonical Taxonomy</dtd><dtd dtd-version="20150303" dtd-date="20150310T00:00:00Z">Mapping File</dtd></supplier-dtds><copyright-block type="dialog"><service-copyright n-include_guid="Ice671660f30811d88920000083149a14" n-include_collection="D-DIALOGCOPYRIGHTS-T001"/></copyright-block><copyright-block type="west"><service-copyright n-include_guid="I1DA35ED81DD211B281BAD200220BDFCA" n-include_collection="w_wlnv_msg"/></copyright-block><west-citation-block><bop/><first-line-cite><bos/>3/26/15 NEWS 00:00:00<eos/></first-line-cite><second-line-cite><bos/>3/26/15 ARKA News Agency 00:00:00<eos/></second-line-cite><eop/></west-citation-block></supplier-info><title-info iso-language="en"><bop/><title type="headline" nitf-hedline="hl1" key="key-title"><bos/><sort-title>ARMENIAN GOVERNMENT RAISES $487.84 MILLION FROM SECOND <cite.query w-seq-number="00001" w-ref-type="MM" w-normalized-cite="canonical_name::EUROBOND" ID="I7c5fee70d3c411e4b276be241153bcd4">EUROBOND</cite.query> ISSUE</sort-title><eos/></title><eop/></title-info><pub-info><journal key="key-journal"><bop/><bos/><sort-journal>ARKA News Agency</sort-journal><eos/><eop/></journal><pub-date key="key-date" iso-time="T00:00:00Z" type="date.publication"><full-pub-date>March 26, 2015</full-pub-date><sort-pub-date>20150326</sort-pub-date><sort-pub-timestamp>20150326000000</sort-pub-timestamp><rank-date>20150326</rank-date><currency-timestamp>20150326000000</currency-timestamp></pub-date><original-pub><language iso-language="en">English</language></original-pub><src-data><src-journal-code>ANPV</src-journal-code><src-pub-code>0063786</src-pub-code><src-pub-type>Newswire</src-pub-type><src-pub-country-wrap><src-pub-country-code>GE</src-pub-country-code><src-pub-country>Georgia CIS</src-pub-country></src-pub-country-wrap><src-pub-region>Europe</src-pub-region></src-data></pub-info><content iso-language="en"><total-char-count>1611</total-char-count><derived-word-count><bop/><bos/>Word Count: 252<eos/><eop/></derived-word-count><text type="lead-para"><p nitf="lede"><bop/><bos/>STOCK MARKET<eos/><eop/></p><p nitf="lede"><bop/><bos/>YEREVAN, March 26. / ARKA /.Armenia has raised $487.84 million from the second issue of Eurobonds, deputy finance minister Pavel Safaryan said at a Cabinet session today.<eos/><eop/></p></text><text type="body"><p><bop/><bos/>Armenia sold a $500 million 10-year dollar bond on March 19 for only the second time on record, paying a yield of 7.5%. <eos/><bos/>International law firm Cleary Gottlieb Steen &amp;amp; <cite.query w-seq-number="00002" w-ref-type="NM" w-normalized-cite="canonical_name::HAMILTON LLC" ID="I7d3f7900d3c411e4b276be241153bcd4">Hamilton LLC</cite.query> was hired by the Armenian government to act as an international consultant for the issue, while <cite.query w-seq-number="00003" w-ref-type="MM" w-normalized-cite="canonical_name::DEUTSCHE BANK" ID="I7d3f7901d3c411e4b276be241153bcd4">Deutsche Bank</cite.query>, <cite.query w-seq-number="00004" w-ref-type="MM" w-normalized-cite="canonical_name::HSBC BANK" ID="I7d3f7902d3c411e4b276be241153bcd4">HSBC Bank</cite.query> and <cite.query w-seq-number="00005" w-ref-type="MM" w-normalized-cite="canonical_name::JP MORGAN" ID="I7d3f7903d3c411e4b276be241153bcd4">JP Morgan</cite.query> acted as underwriters.<eos/><eop/></p><p><bop/><bos/>Safaryan said the government will use the <cite.query w-seq-number="00006" w-ref-type="MM" w-normalized-cite="canonical_name::EUROBOND" ID="I7d459380d3c411e4b276be241153bcd4">Eurobond</cite.query> proceeds to buy back up to $200 million of the previous dollar bond issue carried out in 2013.<eos/><eop/></p><p><bop/><bos/>Safaryan said also about 40 billion drams will be used to finance Armenia&apos;s budget deficit and &quot;neutralize&quot; the Russian recession&apos;s spillover effects on the Armenian economy.<eos/><eop/></p><p><bop/><bos/>Safaryan said the remaining money will be channeled into the Stabilization Fund to enable the government to maintain fiscal stability and to fully finance its spending items.<eos/><eop/></p><p><bop/><bos/>According to the deputy minister, the raised proceeds will reach he finance ministry&apos;s treasury account on 27 March.<eos/><eop/></p><p><bop/><bos/>Armenia first issued $700 million worth dollar-denominated bonds in September 2013 at the yield of 6.25 percent. <eos/><bos/>According to Armenian finance ministry, investors were ready to buy as much as $3 billion worth of Armenian external bonds. <eos/><bos/>The bulk of $700 million was used to repay a $500 million Russian loan ten years ahead of schedule. <eos/><bos/>According to the <cite.query w-seq-number="00007" w-ref-type="CO" w-normalized-cite="I706C7C4142B311DDA5520014224D2780" ID="I7d53c450d3c411e4b276be241153bcd4">Central Bank of Armenia</cite.query>, $56 million worth transactions were made with <cite.query w-seq-number="00008" w-ref-type="NM" w-normalized-cite="canonical_name::ARMENIAN EUROBONDS" ID="I7d53c451d3c411e4b276be241153bcd4">Armenian Eurobonds</cite.query> in 2014 in the secondary market.-0-<eos/><eop/></p></text></content><indexing iso-language="en" value-add="machine-generated"><classification-terms><pres-location-block><bop/><bos/><pres-location-wrap><pres-location>Armenia</pres-location><pres-location-code>ISOAM</pres-location-code><alt1-location-code>1AR09</alt1-location-code></pres-location-wrap><pres-location-wrap><pres-location>CIS Countries</pres-location><pres-location-code>CISSTAT</pres-location-code><alt1-location-code>1CI64</alt1-location-code></pres-location-wrap><pres-location-wrap><pres-location>Eastern Europe</pres-location><pres-location-code>GEOEEUR</pres-location-code><alt1-location-code>1EA48</alt1-location-code></pres-location-wrap><pres-location-wrap><pres-location>Europe</pres-location><pres-location-code>GEOEUR</pres-location-code><alt1-location-code>1EU83</alt1-location-code></pres-location-wrap><eos/><eop/></pres-location-block></classification-terms><classification-terms><pres-subject-block><bop/><bos/><pres-subject-wrap><pres-subject>Bond Instruments</pres-subject><pres-subject-code>BONDINST</pres-subject-code><alt1-subject-code>1BO92</alt1-subject-code></pres-subject-wrap><pres-subject-wrap><pres-subject>Bond Issues</pres-subject><pres-subject-code>NEWBONDS</pres-subject-code><alt1-subject-code>1BO94</alt1-subject-code></pres-subject-wrap><pres-subject-wrap><pres-subject>CIS</pres-subject><pres-subject-code>GEOCIS</pres-subject-code><alt1-subject-code>1CI65</alt1-subject-code></pres-subject-wrap><pres-subject-wrap><pres-subject>Economic Policy &amp; Policymakers</pres-subject><pres-subject-code>ECONRULE</pres-subject-code><alt1-subject-code>1EC69</alt1-subject-code></pres-subject-wrap><pres-subject-wrap><pres-subject>Economics &amp; Trade</pres-subject><pres-subject-code>TRADE</pres-subject-code><alt1-subject-code>1EC26</alt1-subject-code></pres-subject-wrap><pres-subject-wrap><pres-subject>Eurobonds</pres-subject><pres-subject-code>EUROBOND</pres-subject-code><alt1-subject-code>1EU87</alt1-subject-code></pres-subject-wrap><pres-subject-wrap><pres-subject>Funding Instruments</pres-subject><pres-subject-code>INVSTING</pres-subject-code><alt1-subject-code>1FU41</alt1-subject-code></pres-subject-wrap><pres-subject-wrap><pres-subject>Government Securities</pres-subject><pres-subject-code>GOVBONDS</pres-subject-code><alt1-subject-code>1GO57</alt1-subject-code></pres-subject-wrap><pres-subject-wrap><pres-subject>National Government Debt</pres-subject><pres-subject-code>GOVDEBT</pres-subject-code><alt1-subject-code>1NA73</alt1-subject-code></pres-subject-wrap><pres-subject-wrap><pres-subject>World Organizations</pres-subject><pres-subject-code>GEOORGS</pres-subject-code><alt1-subject-code>1IN77</alt1-subject-code></pres-subject-wrap><eos/><eop/></pres-subject-block><pres-industry-block><bop/><bos/><pres-industry-wrap><pres-industry>Bonds</pres-industry><pres-industry-code>BONDS</pres-industry-code><alt1-industry-code>1BO97</alt1-industry-code></pres-industry-wrap><pres-industry-wrap><pres-industry>Financial Services</pres-industry><pres-industry-code>FINSVC</pres-industry-code><alt1-industry-code>1FI37</alt1-industry-code></pres-industry-wrap><pres-industry-wrap><pres-industry>Fixed Income Investments</pres-industry><pres-industry-code>FIXEDINV</pres-industry-code><alt1-industry-code>1FI12</alt1-industry-code></pres-industry-wrap><pres-industry-wrap><pres-industry>Investment Management</pres-industry><pres-industry-code>INVSTMAN</pres-industry-code><alt1-industry-code>1IN34</alt1-industry-code></pres-industry-wrap><pres-industry-wrap><pres-industry>Securities Investment</pres-industry><pres-industry-code>PTSECUR</pres-industry-code><alt1-industry-code>1SE57</alt1-industry-code></pres-industry-wrap><eos/><eop/></pres-industry-block></classification-terms><classification-terms><rcs-block><rcs>G:B</rcs><rcs>E:5</rcs><rcs>E:W</rcs><rcs>G:A</rcs><rcs>G:B2</rcs><rcs>B:125</rcs><rcs>B:126</rcs><rcs>E:63</rcs><rcs>G:Y</rcs><rcs>E:B</rcs><rcs>G:7I</rcs><rcs>A:U</rcs><rcs>E:5I</rcs><rcs>B:130</rcs><rcs>A:2</rcs><rcs>A:S</rcs><rcs>A:N</rcs><rcs>G:AJ</rcs></rcs-block></classification-terms><extraction-terms><extr-company-block><bop/><bos/><norm-company oa-id="5035257155">CLEARY GOTTLIEB STEEN AND HAMILTON LLP</norm-company><norm-company-wrap><norm-company-name>CLEARY GOTTLIEB STEEN AND HAMILTON LLP</norm-company-name><company-ids><oa-id>5035257155</oa-id></company-ids><relevancy engine="1C">0.5</relevancy><confidence engine="1C">0.99</confidence></norm-company-wrap><norm-company oa-id="4295869482">DEUTSCHE BANK AG</norm-company><norm-company-wrap><norm-company-name>DEUTSCHE BANK AG</norm-company-name><company-ids><oa-id>4295869482</oa-id><ric norm="DBKGn.DE">DBKGn.DE</ric></company-ids><company-classification><trbc-wrap><trbc type="RCS">B:128</trbc><trbc type="2012">55101010</trbc><trbc type="perm-id">4294952873</trbc></trbc-wrap></company-classification><relevancy engine="1C">0.2</relevancy><confidence engine="1C">0.93</confidence></norm-company-wrap><norm-company oa-id="8589934275">HSBC HOLDINGS PLC</norm-company><norm-company-wrap><norm-company-name>HSBC HOLDINGS PLC</norm-company-name><company-ids><oa-id>8589934275</oa-id><ric norm="HSBA.L">HSBA.L</ric></company-ids><company-classification><trbc-wrap><trbc type="RCS">B:1616</trbc><trbc type="2012">5510101011</trbc><trbc type="perm-id">4294951385</trbc></trbc-wrap></company-classification><relevancy engine="1C">0.2</relevancy><confidence engine="1C">0.94</confidence></norm-company-wrap><norm-company oa-id="5000021791">JPMORGAN CHASE AND CO</norm-company><norm-company-wrap><norm-company-name>JPMORGAN CHASE AND CO</norm-company-name><company-ids><oa-id>5000021791</oa-id></company-ids><company-classification><trbc-wrap><trbc type="RCS">B:1615</trbc><trbc type="2012">5510101010</trbc><trbc type="perm-id">4294951386</trbc></trbc-wrap></company-classification><relevancy engine="1C">0.2</relevancy><confidence engine="1C">0.93</confidence></norm-company-wrap><eos/><eop/></extr-company-block></extraction-terms><extraction-terms><extr-person-block><bop/><bos/><extr-person>Pavel Safaryan</extr-person><extr-person-wrap><extr-person-name>Pavel Safaryan</extr-person-name><relevancy engine="1C">0.2</relevancy></extr-person-wrap><eos/><eop/></extr-person-block></extraction-terms></indexing></document></n-docbody>
</n-document>
<n-document guid="I19990590cf1111e48b98e9e5ffe51f15"><n-metadata><metadata.block><md.identifiers><md.cites><md.first.line.cite>3/20/15 NEWS 00:00:00</md.first.line.cite><md.second.line.cite>3/20/15 ARKA News Agency 00:00:00</md.second.line.cite></md.cites><md.uuid>I19990590cf1111e48b98e9e5ffe51f15</md.uuid></md.identifiers><md.infotype>new0</md.infotype><md.sortkeys><md.ordersequence>f47363bec</md.ordersequence></md.sortkeys><md.descriptions><md.title>ARMENIA WILL SUCCESSFULLY SELL SECOND ISSUE OF EUROBONDS- ECONOMIST SAYS</md.title><md.westlawdescrip><md.readlist>READLIST</md.readlist></md.westlawdescrip></md.descriptions><md.dates><md.publisheddatetime>20150320100747</md.publisheddatetime><md.loaddate>20150320</md.loaddate><md.createddatetime>20150320100747</md.createddatetime></md.dates><md.subjects><md.subject><md.pubtype.name/><md.doctype.name>DNR</md.doctype.name><md.doctype.rank/><md.view>CNGE</md.view><md.view>RGEurope</md.view><md.view>PTNewswires</md.view><md.view>ARKANEWS0063786</md.view><md.view>INALLNEWS_ACTEST</md.view><md.view>INFARNEWS_AC</md.view><md.view>MARKETSEIKON_CN</md.view><md.view>MARKETSEIKON</md.view><md.view>CB_ASIAWIRES</md.view><md.view>INWIRES_AC</md.view><md.view>GULF_INTL</md.view><md.view>ININTNEWS_AC</md.view><md.view>ANZ_INTLOS</md.view><md.view>CLEAR_RF</md.view><md.view>INALLNEWS_AC</md.view><md.view>INNEWSINT_PRO</md.view><md.view>INBUSNEWS</md.view><md.view>INNEWSWORLD_PRO</md.view><md.view>INBUSNEWS_AC</md.view></md.subject></md.subjects><md.jurisdictions><md.jurisdiction><md.jurisstate>FE</md.jurisstate></md.jurisdiction></md.jurisdictions><md.publications><md.publication/><md.sourcepubid>ARKANEWS</md.sourcepubid></md.publications><md.royalty><md.royalty.code>84104</md.royalty.code></md.royalty></metadata.block><news.metadata.block><md.text.preview>FINANCIAL NEWSYEREVAN, March 20. / ARKA /. Tatul Manaseryan, head of a Yerevan-based think tank called &apos;Alternative&apos;, said to ARKA that a market study suggests there are all grounds for the government to sell successfully $500 million Eurobonds.</md.text.preview></news.metadata.block><newsplus.recommendable>1</newsplus.recommendable><n-view>CNGE</n-view><n-view>RGEurope</n-view><n-view>PTNewswires</n-view><n-view>ARKANEWS0063786</n-view><n-view>INALLNEWS_ACTEST</n-view><n-view>INFARNEWS_AC</n-view><n-view>MARKETSEIKON_CN</n-view><n-view>MARKETSEIKON</n-view><n-view>CB_ASIAWIRES</n-view><n-view>INWIRES_AC</n-view><n-view>GULF_INTL</n-view><n-view>ININTNEWS_AC</n-view><n-view>ANZ_INTLOS</n-view><n-view>CLEAR_RF</n-view><n-view>INALLNEWS_AC</n-view><n-view>INNEWSINT_PRO</n-view><n-view>INBUSNEWS</n-view><n-view>INNEWSWORLD_PRO</n-view><n-view>INBUSNEWS_AC</n-view><prism-stylesheet guid="Ia3024d301b6a11d89fc5f34981d3242f"/><prism-clipdate>20150320100747</prism-clipdate></n-metadata>
<n-docbody><document version="1" collection="D-ARKANEWS-T001" first-load-date="20150320100747" ip-product="ARKANEWS" royalty-id="84104" data-model="text" dtd-version="5.2.29" content-type="news" load-language="en"><supplier-info><supplier-num nitf="doc-id" nitf-regsrc="ARKA News Agency" type="accession">c3ea000592d56c6e</supplier-num><internal-acc-num db-id="NEPRARKA" type="newz">20150320170.1_Vc3ea000592d56c6e</internal-acc-num><rec-status><last-load-date>20150320100747</last-load-date><nitf-date ne="datereceived">20150320T14:55:07Z</nitf-date><nitf-date nitf="date-issue">20150320T00:00:00Z</nitf-date><last-provider-update>20150320145507</last-provider-update></rec-status><supplier-copyright>Copyright Â© 2015 ARKA<copyright-year/><copyright-holder>ARKA</copyright-holder></supplier-copyright><supplier-note nitf="urgency" nitf-ed-urg="4"/><supplier-dtds><dtd dtd-version="working" dtd-date="20150310T00:00:00Z">Canonical Taxonomy</dtd><dtd dtd-version="20150303" dtd-date="20150310T00:00:00Z">Mapping File</dtd></supplier-dtds><copyright-block type="dialog"><service-copyright n-include_guid="Ice671660f30811d88920000083149a14" n-include_collection="D-DIALOGCOPYRIGHTS-T001"/></copyright-block><copyright-block type="west"><service-copyright n-include_guid="I1DA35ED81DD211B281BAD200220BDFCA" n-include_collection="w_wlnv_msg"/></copyright-block><west-citation-block><bop/><first-line-cite><bos/>3/20/15 NEWS 00:00:00<eos/></first-line-cite><second-line-cite><bos/>3/20/15 ARKA News Agency 00:00:00<eos/></second-line-cite><eop/></west-citation-block></supplier-info><title-info iso-language="en"><bop/><title type="headline" nitf-hedline="hl1" key="key-title"><bos/><sort-title>ARMENIA WILL SUCCESSFULLY SELL SECOND ISSUE OF EUROBONDS- ECONOMIST SAYS</sort-title><eos/></title><eop/></title-info><pub-info><journal key="key-journal"><bop/><bos/><sort-journal>ARKA News Agency</sort-journal><eos/><eop/></journal><pub-date key="key-date" iso-time="T00:00:00Z" type="date.publication"><full-pub-date>March 20, 2015</full-pub-date><sort-pub-date>20150320</sort-pub-date><sort-pub-timestamp>20150320000000</sort-pub-timestamp><rank-date>20150320</rank-date><currency-timestamp>20150320000000</currency-timestamp></pub-date><original-pub><language iso-language="en">English</language></original-pub><src-data><src-journal-code>ANPV</src-journal-code><src-pub-code>0063786</src-pub-code><src-pub-type>Newswire</src-pub-type><src-pub-country-wrap><src-pub-country-code>GE</src-pub-country-code><src-pub-country>Georgia CIS</src-pub-country></src-pub-country-wrap><src-pub-region>Europe</src-pub-region></src-data></pub-info><content iso-language="en"><total-char-count>2212</total-char-count><derived-word-count><bop/><bos/>Word Count: 357<eos/><eop/></derived-word-count><text type="lead-para"><p nitf="lede"><bop/><bos/><cite.query w-seq-number="00001" w-ref-type="CO" w-normalized-cite="IB21FA79026C411E194E8E1301CE970A7" ID="I06a59280cf1311e4a6b4a20e3d9bbc02">FINANCIAL NEWS</cite.query><eos/><eop/></p><p nitf="lede"><bop/><bos/>YEREVAN, March 20. / ARKA /. Tatul Manaseryan, head of a Yerevan-based think tank called &apos;Alternative&apos;, said to <cite.query w-seq-number="00002" w-ref-type="NM" w-normalized-cite="canonical_name::ARKA" ID="I06ae6c20cf1311e4a6b4a20e3d9bbc02">ARKA</cite.query> that a market study suggests there are all grounds for the government to sell successfully $500 million Eurobonds.<eos/><eop/></p></text><text type="body"><p><bop/><bos/>According to <cite.query w-seq-number="00003" w-ref-type="MM" w-normalized-cite="canonical_name::REUTERS" ID="I06c09490cf1311e4a6b4a20e3d9bbc02">Reuters</cite.query>, Armenia sold a $500 million 10-year dollar bond on March 19 for only the second time on record, paying a yield of 7.5%.<eos/><eop/></p><p><bop/><bos/>International law firm Cleary Gottlieb Steen &amp;amp; <cite.query w-seq-number="00004" w-ref-type="NM" w-normalized-cite="canonical_name::HAMILTON LLC" ID="I0930f850cf1311e4a6b4a20e3d9bbc02">Hamilton LLC</cite.query> was hired by the government to act as an international consultant for the issue, while <cite.query w-seq-number="00005" w-ref-type="MM" w-normalized-cite="canonical_name::DEUTSCHE BANK" ID="I0930f851cf1311e4a6b4a20e3d9bbc02">Deutsche Bank</cite.query>, <cite.query w-seq-number="00006" w-ref-type="MM" w-normalized-cite="canonical_name::HSBC BANK" ID="I0930f852cf1311e4a6b4a20e3d9bbc02">HSBC Bank</cite.query> and <cite.query w-seq-number="00007" w-ref-type="MM" w-normalized-cite="canonical_name::JP MORGAN" ID="I0930f853cf1311e4a6b4a20e3d9bbc02">JP Morgan</cite.query> will be the underwriters.<eos/><eop/></p><p><bop/><bos/>In Manaseryan&apos;s words, by making the second issue of Eurobonds the government as a matter of fact is increasing its foreign debt, &apos;but a successful placement of Eurobonds will allow it to refinance the debt.&apos;<eos/><eop/></p><p><bop/><bos/>Plans to sell more Eurobonds at international debt markets were announced by the government on January 30 in order to finance its budget deficit.<eos/><eop/></p><p><bop/><bos/>&apos;Of course, the government could channel the proceeds from the sale into the real sector, however, the priority today is to finance its budget deficit,&apos; Manaseryan said.<eos/><eop/></p><p><bop/><bos/>&apos;The government has set a tradition of financing its budget deficit by seeking funds form external sources, but what it should do is to increase the share of domestic debt, by using also the proceeds from sale of Eurobonds. <eos/><bos/>If the government succeeds in normalizing the situation with the state debt, then it could finance other important sectors of economy,&apos; Manaseryan said.<eos/><eop/></p><p><bop/><bos/>Armenia first issued $700 million worth dollar-denominated bonds in September 2013 at the yield of 6.25 percent. <eos/><bos/>According to Armenian finance ministry, investors were ready to buy as much as $3 billion worth of Armenian external bonds. <eos/><bos/>The bulk of $700 million was used to repay a $500 million Russian loan ten years ahead of schedule.<eos/><eop/></p><p><bop/><bos/>Armenian finance ministry said today it would make an official statement on the second issue of Eurobonds later in the day.<eos/><eop/></p><p><bop/><bos/><cite.query w-seq-number="00008" w-ref-type="NM" w-normalized-cite="canonical_name::MOODY" ID="I0940fde0cf1311e4a6b4a20e3d9bbc02">Moody</cite.query>&apos;s downgraded Armenia&apos;s bonds to a rating of Ba3 from Ba2 in January, changing its outlook to negative from stable. <eos/><bos/>It cited declining remittances, uncertain foreign investment, exchange rate volatility and pressure on foreign exchange reserves. -0-<eos/><eop/></p></text></content><indexing iso-language="en" value-add="machine-generated"><classification-terms><pres-location-block><bop/><bos/><pres-location-wrap><pres-location>Armenia</pres-location><pres-location-code>ISOAM</pres-location-code><alt1-location-code>1AR09</alt1-location-code></pres-location-wrap><pres-location-wrap><pres-location>CIS Countries</pres-location><pres-location-code>CISSTAT</pres-location-code><alt1-location-code>1CI64</alt1-location-code></pres-location-wrap><pres-location-wrap><pres-location>Eastern Europe</pres-location><pres-location-code>GEOEEUR</pres-location-code><alt1-location-code>1EA48</alt1-location-code></pres-location-wrap><pres-location-wrap><pres-location>Europe</pres-location><pres-location-code>GEOEUR</pres-location-code><alt1-location-code>1EU83</alt1-location-code></pres-location-wrap><eos/><eop/></pres-location-block></classification-terms><classification-terms><pres-subject-block><bop/><bos/><pres-subject-wrap><pres-subject>Bond Instruments</pres-subject><pres-subject-code>BONDINST</pres-subject-code><alt1-subject-code>1BO92</alt1-subject-code></pres-subject-wrap><pres-subject-wrap><pres-subject>Bond Issues</pres-subject><pres-subject-code>NEWBONDS</pres-subject-code><alt1-subject-code>1BO94</alt1-subject-code></pres-subject-wrap><pres-subject-wrap><pres-subject>CIS</pres-subject><pres-subject-code>GEOCIS</pres-subject-code><alt1-subject-code>1CI65</alt1-subject-code></pres-subject-wrap><pres-subject-wrap><pres-subject>Economic Policy &amp; Policymakers</pres-subject><pres-subject-code>ECONRULE</pres-subject-code><alt1-subject-code>1EC69</alt1-subject-code></pres-subject-wrap><pres-subject-wrap><pres-subject>Economics &amp; Trade</pres-subject><pres-subject-code>TRADE</pres-subject-code><alt1-subject-code>1EC26</alt1-subject-code></pres-subject-wrap><pres-subject-wrap><pres-subject>Eurobonds</pres-subject><pres-subject-code>EUROBOND</pres-subject-code><alt1-subject-code>1EU87</alt1-subject-code></pres-subject-wrap><pres-subject-wrap><pres-subject>Funding Instruments</pres-subject><pres-subject-code>INVSTING</pres-subject-code><alt1-subject-code>1FU41</alt1-subject-code></pres-subject-wrap><pres-subject-wrap><pres-subject>Public Finance</pres-subject><pres-subject-code>COFFERS</pres-subject-code><alt1-subject-code>1PU60</alt1-subject-code></pres-subject-wrap><pres-subject-wrap><pres-subject>World Organizations</pres-subject><pres-subject-code>GEOORGS</pres-subject-code><alt1-subject-code>1IN77</alt1-subject-code></pres-subject-wrap><eos/><eop/></pres-subject-block><pres-industry-block><bop/><bos/><pres-industry-wrap><pres-industry>Bonds</pres-industry><pres-industry-code>BONDS</pres-industry-code><alt1-industry-code>1BO97</alt1-industry-code></pres-industry-wrap><pres-industry-wrap><pres-industry>Financial Services</pres-industry><pres-industry-code>FINSVC</pres-industry-code><alt1-industry-code>1FI37</alt1-industry-code></pres-industry-wrap><pres-industry-wrap><pres-industry>Fixed Income Investments</pres-industry><pres-industry-code>FIXEDINV</pres-industry-code><alt1-industry-code>1FI12</alt1-industry-code></pres-industry-wrap><pres-industry-wrap><pres-industry>Investment Management</pres-industry><pres-industry-code>INVSTMAN</pres-industry-code><alt1-industry-code>1IN34</alt1-industry-code></pres-industry-wrap><pres-industry-wrap><pres-industry>Securities Investment</pres-industry><pres-industry-code>PTSECUR</pres-industry-code><alt1-industry-code>1SE57</alt1-industry-code></pres-industry-wrap><eos/><eop/></pres-industry-block></classification-terms><classification-terms><rcs-block><rcs>G:B</rcs><rcs>E:5</rcs><rcs>E:W</rcs><rcs>G:A</rcs><rcs>G:B2</rcs><rcs>B:125</rcs><rcs>B:126</rcs><rcs>G:Y</rcs><rcs>E:B</rcs><rcs>G:7I</rcs><rcs>A:U</rcs><rcs>E:5I</rcs><rcs>M:E9</rcs><rcs>B:130</rcs><rcs>A:2</rcs><rcs>A:S</rcs><rcs>G:AJ</rcs></rcs-block></classification-terms><extraction-terms><extr-company-block><bop/><bos/><norm-company oa-id="5035257155">CLEARY GOTTLIEB STEEN AND HAMILTON LLP</norm-company><norm-company-wrap><norm-company-name>CLEARY GOTTLIEB STEEN AND HAMILTON LLP</norm-company-name><company-ids><oa-id>5035257155</oa-id></company-ids><relevancy engine="1C">0.5</relevancy><confidence engine="1C">0.99</confidence></norm-company-wrap><norm-company oa-id="4295869482">DEUTSCHE BANK AG</norm-company><norm-company-wrap><norm-company-name>DEUTSCHE BANK AG</norm-company-name><company-ids><oa-id>4295869482</oa-id><ric norm="DBKGn.DE">DBKGn.DE</ric></company-ids><company-classification><trbc-wrap><trbc type="RCS">B:128</trbc><trbc type="2012">55101010</trbc><trbc type="perm-id">4294952873</trbc></trbc-wrap></company-classification><relevancy engine="1C">0.2</relevancy><confidence engine="1C">0.93</confidence></norm-company-wrap><norm-company oa-id="8589934275">HSBC HOLDINGS PLC</norm-company><norm-company-wrap><norm-company-name>HSBC HOLDINGS PLC</norm-company-name><company-ids><oa-id>8589934275</oa-id><ric norm="HSBA.L">HSBA.L</ric></company-ids><company-classification><trbc-wrap><trbc type="RCS">B:1616</trbc><trbc type="2012">5510101011</trbc><trbc type="perm-id">4294951385</trbc></trbc-wrap></company-classification><relevancy engine="1C">0.2</relevancy><confidence engine="1C">0.94</confidence></norm-company-wrap><norm-company oa-id="5000021791">JPMORGAN CHASE AND CO</norm-company><norm-company-wrap><norm-company-name>JPMORGAN CHASE AND CO</norm-company-name><company-ids><oa-id>5000021791</oa-id><ric norm="8634.T">8634.T</ric></company-ids><company-classification><trbc-wrap><trbc type="RCS">B:1615</trbc><trbc type="2012">5510101010</trbc><trbc type="perm-id">4294951386</trbc></trbc-wrap></company-classification><relevancy engine="1C">0.2</relevancy><confidence engine="1C">0.93</confidence></norm-company-wrap><eos/><eop/></extr-company-block></extraction-terms><extraction-terms><extr-person-block><bop/><bos/><extr-person>Tatul Manaseryan</extr-person><extr-person-wrap><extr-person-name>Tatul Manaseryan</extr-person-name><relevancy engine="1C">0.2</relevancy></extr-person-wrap><eos/><eop/></extr-person-block></extraction-terms></indexing></document></n-docbody>
</n-document>
<n-document guid="I87d3e890cf0711e4b92eeb7c794f6a31"><n-metadata><metadata.block><md.identifiers><md.cites><md.first.line.cite>3/20/15 NEWS 00:00:00</md.first.line.cite><md.second.line.cite>3/20/15 ARKA News Agency 00:00:00</md.second.line.cite></md.cites><md.uuid>I87d3e890cf0711e4b92eeb7c794f6a31</md.uuid></md.identifiers><md.infotype>news</md.infotype><md.sortkeys><md.ordersequence>f47363bec</md.ordersequence></md.sortkeys><md.descriptions><md.title>ARMENIAN REGULATOR WARNS PEOPLE AGAINST DEALING WITH ROSS GROUP COMPANY</md.title><md.westlawdescrip><md.readlist>READLIST</md.readlist></md.westlawdescrip></md.descriptions><md.dates><md.publisheddatetime>20150320100747</md.publisheddatetime><md.loaddate>20150320</md.loaddate><md.createddatetime>20150320100747</md.createddatetime></md.dates><md.subjects><md.subject><md.pubtype.name/><md.doctype.name>DNR</md.doctype.name><md.doctype.rank/><md.view>CNGE</md.view><md.view>RGEurope</md.view><md.view>PTNewswires</md.view><md.view>ARKANEWS0063786</md.view><md.view>INALLNEWS_ACTEST</md.view><md.view>INFARNEWS_AC</md.view><md.view>MARKETSEIKON_CN</md.view><md.view>MARKETSEIKON</md.view><md.view>CB_ASIAWIRES</md.view><md.view>INWIRES_AC</md.view><md.view>GULF_INTL</md.view><md.view>ININTNEWS_AC</md.view><md.view>ANZ_INTLOS</md.view><md.view>CLEAR_RF</md.view><md.view>INALLNEWS_AC</md.view><md.view>INNEWSINT_PRO</md.view><md.view>INBUSNEWS</md.view><md.view>INNEWSWORLD_PRO</md.view><md.view>INBUSNEWS_AC</md.view></md.subject></md.subjects><md.jurisdictions><md.jurisdiction><md.jurisstate>FE</md.jurisstate></md.jurisdiction></md.jurisdictions><md.publications><md.publication/><md.sourcepubid>ARKANEWS</md.sourcepubid></md.publications><md.royalty><md.royalty.code>84104</md.royalty.code></md.royalty></metadata.block><news.metadata.block><md.text.preview>COMPANIESYEREVAN, March 20. /ARKA/. The Central Bank of Armenia warns Armenian citizens against dealing with Ross Group Company, which offers assistance in repayment of loans, the regulator&apos;s press office reported on Friday.</md.text.preview></news.metadata.block><n-view>CNGE</n-view><n-view>RGEurope</n-view><n-view>PTNewswires</n-view><n-view>ARKANEWS0063786</n-view><n-view>INALLNEWS_ACTEST</n-view><n-view>INFARNEWS_AC</n-view><n-view>MARKETSEIKON_CN</n-view><n-view>MARKETSEIKON</n-view><n-view>CB_ASIAWIRES</n-view><n-view>INWIRES_AC</n-view><n-view>GULF_INTL</n-view><n-view>ININTNEWS_AC</n-view><n-view>ANZ_INTLOS</n-view><n-view>CLEAR_RF</n-view><n-view>INALLNEWS_AC</n-view><n-view>INNEWSINT_PRO</n-view><n-view>INBUSNEWS</n-view><n-view>INNEWSWORLD_PRO</n-view><n-view>INBUSNEWS_AC</n-view><prism-stylesheet guid="Ia3024d301b6a11d89fc5f34981d3242f"/><prism-clipdate>20150320100747</prism-clipdate></n-metadata>
<n-docbody><document version="1" collection="D-ARKANEWS-T001" first-load-date="20150320100747" ip-product="ARKANEWS" royalty-id="84104" data-model="text" dtd-version="5.2.29" content-type="news" load-language="en"><supplier-info><supplier-num nitf="doc-id" nitf-regsrc="ARKA News Agency" type="accession">de2100014abcba85</supplier-num><internal-acc-num db-id="NEPRARKA" type="newz">20150320170.1_Vde2100014abcba85</internal-acc-num><rec-status><last-load-date>20150320100747</last-load-date><nitf-date ne="datereceived">20150320T13:46:37Z</nitf-date><nitf-date nitf="date-issue">20150320T00:00:00Z</nitf-date><last-provider-update>20150320134637</last-provider-update></rec-status><supplier-copyright>Copyright Â© 2015 ARKA<copyright-year/><copyright-holder>ARKA</copyright-holder></supplier-copyright><supplier-note nitf="urgency" nitf-ed-urg="4"/><supplier-dtds><dtd dtd-version="working" dtd-date="20150310T00:00:00Z">Canonical Taxonomy</dtd><dtd dtd-version="20150303" dtd-date="20150310T00:00:00Z">Mapping File</dtd></supplier-dtds><copyright-block type="dialog"><service-copyright n-include_guid="Ice671660f30811d88920000083149a14" n-include_collection="D-DIALOGCOPYRIGHTS-T001"/></copyright-block><copyright-block type="west"><service-copyright n-include_guid="I1DA35ED81DD211B281BAD200220BDFCA" n-include_collection="w_wlnv_msg"/></copyright-block><west-citation-block><bop/><first-line-cite><bos/>3/20/15 NEWS 00:00:00<eos/></first-line-cite><second-line-cite><bos/>3/20/15 ARKA News Agency 00:00:00<eos/></second-line-cite><eop/></west-citation-block></supplier-info><title-info iso-language="en"><bop/><title type="headline" nitf-hedline="hl1" key="key-title"><bos/><sort-title>ARMENIAN REGULATOR WARNS PEOPLE AGAINST DEALING WITH <cite.query w-seq-number="00001" w-ref-type="NM" w-normalized-cite="canonical_name::ROSS GROUP CO" ID="I0a7d0050cf1311e4a6b4a20e3d9bbc02">ROSS GROUP COMPANY</cite.query></sort-title><eos/></title><eop/></title-info><pub-info><journal key="key-journal"><bop/><bos/><sort-journal>ARKA News Agency</sort-journal><eos/><eop/></journal><pub-date key="key-date" iso-time="T00:00:00Z" type="date.publication"><full-pub-date>March 20, 2015</full-pub-date><sort-pub-date>20150320</sort-pub-date><sort-pub-timestamp>20150320000000</sort-pub-timestamp><rank-date>20150320</rank-date><currency-timestamp>20150320000000</currency-timestamp></pub-date><original-pub><language iso-language="en">English</language></original-pub><src-data><src-journal-code>ANPV</src-journal-code><src-pub-code>0063786</src-pub-code><src-pub-type>Newswire</src-pub-type><src-pub-country-wrap><src-pub-country-code>GE</src-pub-country-code><src-pub-country>Georgia CIS</src-pub-country></src-pub-country-wrap><src-pub-region>Europe</src-pub-region></src-data></pub-info><content iso-language="en"><total-char-count>1000</total-char-count><derived-word-count><bop/><bos/>Word Count: 122<eos/><eop/></derived-word-count><text type="lead-para"><p nitf="lede"><bop/>COMPANIES<eop/></p><p nitf="lede"><bop/><bos/>YEREVAN, March 20. /ARKA/. <eos/><bos/>The <cite.query w-seq-number="00002" w-ref-type="CO" w-normalized-cite="I706C7C4142B311DDA5520014224D2780" ID="I0a8b5830cf1311e4a6b4a20e3d9bbc02">Central Bank of Armenia</cite.query> warns Armenian citizens against dealing with <cite.query w-seq-number="00003" w-ref-type="NM" w-normalized-cite="canonical_name::ROSS GROUP CO" ID="I0a8b5831cf1311e4a6b4a20e3d9bbc02">Ross Group Company</cite.query>, which offers assistance in repayment of loans, the regulator&apos;s press office reported on Friday.<eos/><eop/></p></text><text type="body"><p><bop/><bos/>The company&apos;s statement &apos;Let&apos;s Repay Your Loans Together&apos; and similar offers are being spread now in some public places.<eos/><eop/></p><p><bop/><bos/>The central bank looked through the statements along with the contract offered to clients, where the company promises to assume clients&apos; loan repayment obligation for 20to 30 percent of the repaid amount, and has come to conclusion that the company&apos;s &apos;services&apos; contain elements of fraud and threaten people with money loss, illegal transfer of personal data and difficulties in protection of their rights.<eos/><eop/></p><p><bop/><bos/>&lt;Guided by the necessity of protection of consumers, the central bank warns citizens against the above mentioned risks and calls on them to refrain from such deals and cooperation with the company,&gt; the regulator says in its statement. <eos/>M.V.-----0----<eop/></p></text></content><indexing iso-language="en" value-add="machine-generated"><classification-terms><pres-location-block><bop/><bos/><pres-location-wrap><pres-location>Armenia</pres-location><pres-location-code>ISOAM</pres-location-code><alt1-location-code>1AR09</alt1-location-code></pres-location-wrap><pres-location-wrap><pres-location>CIS Countries</pres-location><pres-location-code>CISSTAT</pres-location-code><alt1-location-code>1CI64</alt1-location-code></pres-location-wrap><pres-location-wrap><pres-location>Eastern Europe</pres-location><pres-location-code>GEOEEUR</pres-location-code><alt1-location-code>1EA48</alt1-location-code></pres-location-wrap><pres-location-wrap><pres-location>Europe</pres-location><pres-location-code>GEOEUR</pres-location-code><alt1-location-code>1EU83</alt1-location-code></pres-location-wrap><eos/><eop/></pres-location-block></classification-terms><classification-terms><pres-industry-block><bop/><bos/><pres-industry-wrap><pres-industry>Banking</pres-industry><pres-industry-code>BANKOVER</pres-industry-code><alt1-industry-code>1BA20</alt1-industry-code></pres-industry-wrap><pres-industry-wrap><pres-industry>Consumer Finance</pres-industry><pres-industry-code>CONSFIN</pres-industry-code><alt1-industry-code>1CO55</alt1-industry-code></pres-industry-wrap><pres-industry-wrap><pres-industry>Financial Services</pres-industry><pres-industry-code>FINSVC</pres-industry-code><alt1-industry-code>1FI37</alt1-industry-code></pres-industry-wrap><pres-industry-wrap><pres-industry>Loans</pres-industry><pres-industry-code>LOANS</pres-industry-code><alt1-industry-code>1LO12</alt1-industry-code></pres-industry-wrap><pres-industry-wrap><pres-industry>Retail Banking Services</pres-industry><pres-industry-code>RTBNKOVR</pres-industry-code><alt1-industry-code>1RE38</alt1-industry-code></pres-industry-wrap><eos/><eop/></pres-industry-block></classification-terms><classification-terms><rcs-block><rcs>G:B</rcs><rcs>G:A</rcs><rcs>A:E</rcs><rcs>G:B2</rcs><rcs>B:127</rcs><rcs>I:1N</rcs><rcs>B:128</rcs><rcs>B:125</rcs><rcs>B:129</rcs><rcs>B:126</rcs><rcs>G:Y</rcs><rcs>G:7I</rcs><rcs>G:AJ</rcs></rcs-block></classification-terms><extraction-terms><extr-company-block><bop/><bos/><norm-company oa-id="4295907815">ROSS STORES INC</norm-company><norm-company-wrap><norm-company-name>ROSS STORES INC</norm-company-name><company-ids><oa-id>4295907815</oa-id><ric norm="ROST.OQ">ROST.OQ</ric></company-ids><company-classification><trbc-wrap><trbc type="RCS">B:1511</trbc><trbc type="2012">5340304010</trbc><trbc type="perm-id">4294951490</trbc></trbc-wrap></company-classification><relevancy engine="1C">0.8</relevancy><confidence engine="1C">0.96</confidence></norm-company-wrap><eos/><eop/></extr-company-block></extraction-terms></indexing></document></n-docbody>
</n-document>
<n-document guid="I4ee20440ce5311e482d5b69554100e2d"><n-metadata><metadata.block><md.identifiers><md.cites><md.first.line.cite>3/19/15 NEWS 00:00:00</md.first.line.cite><md.second.line.cite>3/19/15 ARKA News Agency 00:00:00</md.second.line.cite></md.cites><md.uuid>I4ee20440ce5311e482d5b69554100e2d</md.uuid></md.identifiers><md.infotype>news</md.infotype><md.sortkeys><md.ordersequence>f47363bec</md.ordersequence></md.sortkeys><md.descriptions><md.title>ARMENIA STARTS MARKETING NEW 10-YEAR US DOLLAR BENCHMARK BOND ISSUE, REUTERS</md.title><md.westlawdescrip><md.readlist>READLIST</md.readlist></md.westlawdescrip></md.descriptions><md.dates><md.publisheddatetime>20150319113809</md.publisheddatetime><md.loaddate>20150319</md.loaddate><md.createddatetime>20150319113809</md.createddatetime></md.dates><md.subjects><md.subject><md.pubtype.name/><md.doctype.name>DNR</md.doctype.name><md.doctype.rank/><md.view>CNGE</md.view><md.view>RGEurope</md.view><md.view>PTNewswires</md.view><md.view>ARKANEWS0063786</md.view><md.view>INALLNEWS_ACTEST</md.view><md.view>INFARNEWS_AC</md.view><md.view>MARKETSEIKON_CN</md.view><md.view>MARKETSEIKON</md.view><md.view>CB_ASIAWIRES</md.view><md.view>INWIRES_AC</md.view><md.view>GULF_INTL</md.view><md.view>ININTNEWS_AC</md.view><md.view>ANZ_INTLOS</md.view><md.view>CLEAR_RF</md.view><md.view>INALLNEWS_AC</md.view><md.view>INNEWSINT_PRO</md.view><md.view>INBUSNEWS</md.view><md.view>INNEWSWORLD_PRO</md.view><md.view>INBUSNEWS_AC</md.view></md.subject></md.subjects><md.jurisdictions><md.jurisdiction><md.jurisstate>FE</md.jurisstate></md.jurisdiction></md.jurisdictions><md.publications><md.publication/><md.sourcepubid>ARKANEWS</md.sourcepubid></md.publications><md.royalty><md.royalty.code>84104</md.royalty.code></md.royalty></metadata.block><news.metadata.block><md.text.preview>STOCK MARKETYEREVAN, March 19. / ARKA /. The Republic of Armenia has started marketing a new 10-year US dollar benchmark bond issue, according to a lead. Initial price thoughts on the US$500m expected trade have been set 7.625% area, according to</md.text.preview></news.metadata.block><newsplus.recommendable>1</newsplus.recommendable><n-view>CNGE</n-view><n-view>RGEurope</n-view><n-view>PTNewswires</n-view><n-view>ARKANEWS0063786</n-view><n-view>INALLNEWS_ACTEST</n-view><n-view>INFARNEWS_AC</n-view><n-view>MARKETSEIKON_CN</n-view><n-view>MARKETSEIKON</n-view><n-view>CB_ASIAWIRES</n-view><n-view>INWIRES_AC</n-view><n-view>GULF_INTL</n-view><n-view>ININTNEWS_AC</n-view><n-view>ANZ_INTLOS</n-view><n-view>CLEAR_RF</n-view><n-view>INALLNEWS_AC</n-view><n-view>INNEWSINT_PRO</n-view><n-view>INBUSNEWS</n-view><n-view>INNEWSWORLD_PRO</n-view><n-view>INBUSNEWS_AC</n-view><prism-stylesheet guid="Ia3024d301b6a11d89fc5f34981d3242f"/><prism-clipdate>20150319113809</prism-clipdate></n-metadata>
<n-docbody><document version="1" collection="D-ARKANEWS-T001" first-load-date="20150319113809" ip-product="ARKANEWS" royalty-id="84104" data-model="text" dtd-version="5.2.29" content-type="news" load-language="en"><supplier-info><supplier-num nitf="doc-id" nitf-regsrc="ARKA News Agency" type="accession">bd450001ea142849</supplier-num><internal-acc-num db-id="NEPRARKA" type="newz">20150319170.1_Vbd450001ea142849</internal-acc-num><rec-status><last-load-date>20150319113809</last-load-date><nitf-date ne="datereceived">20150319T16:16:32Z</nitf-date><nitf-date nitf="date-issue">20150319T00:00:00Z</nitf-date><last-provider-update>20150319161632</last-provider-update></rec-status><supplier-copyright>Copyright Â© 2015 ARKA<copyright-year/><copyright-holder>ARKA</copyright-holder></supplier-copyright><supplier-note nitf="urgency" nitf-ed-urg="4"/><supplier-dtds><dtd dtd-version="working" dtd-date="20150310T00:00:00Z">Canonical Taxonomy</dtd><dtd dtd-version="20150303" dtd-date="20150310T00:00:00Z">Mapping File</dtd></supplier-dtds><copyright-block type="dialog"><service-copyright n-include_guid="Ice671660f30811d88920000083149a14" n-include_collection="D-DIALOGCOPYRIGHTS-T001"/></copyright-block><copyright-block type="west"><service-copyright n-include_guid="I1DA35ED81DD211B281BAD200220BDFCA" n-include_collection="w_wlnv_msg"/></copyright-block><west-citation-block><bop/><first-line-cite><bos/>3/19/15 NEWS 00:00:00<eos/></first-line-cite><second-line-cite><bos/>3/19/15 ARKA News Agency 00:00:00<eos/></second-line-cite><eop/></west-citation-block></supplier-info><title-info iso-language="en"><bop/><title type="headline" nitf-hedline="hl1" key="key-title"><bos/><sort-title>ARMENIA STARTS MARKETING NEW 10-YEAR US DOLLAR BENCHMARK BOND ISSUE, <cite.query w-seq-number="00001" w-ref-type="MM" w-normalized-cite="canonical_name::REUTERS" ID="I64417c00ce5611e48edeca7c5a85a691">REUTERS</cite.query></sort-title><eos/></title><eop/></title-info><pub-info><journal key="key-journal"><bop/><bos/><sort-journal>ARKA News Agency</sort-journal><eos/><eop/></journal><pub-date key="key-date" iso-time="T00:00:00Z" type="date.publication"><full-pub-date>March 19, 2015</full-pub-date><sort-pub-date>20150319</sort-pub-date><sort-pub-timestamp>20150319000000</sort-pub-timestamp><rank-date>20150319</rank-date><currency-timestamp>20150319000000</currency-timestamp></pub-date><original-pub><language iso-language="en">English</language></original-pub><src-data><src-journal-code>ANPV</src-journal-code><src-pub-code>0063786</src-pub-code><src-pub-type>Newswire</src-pub-type><src-pub-country-wrap><src-pub-country-code>GE</src-pub-country-code><src-pub-country>Georgia CIS</src-pub-country></src-pub-country-wrap><src-pub-region>Europe</src-pub-region></src-data></pub-info><content iso-language="en"><total-char-count>1254</total-char-count><derived-word-count><bop/><bos/>Word Count: 195<eos/><eop/></derived-word-count><text type="lead-para"><p nitf="lede"><bop/><bos/>STOCK MARKET<eos/><eop/></p><p nitf="lede"><bop/><bos/>YEREVAN, March 19. / ARKA /. The Republic of Armenia has started marketing a new 10-year US dollar benchmark bond issue, according to a lead. <eos/><bos/>Initial price thoughts on the US$500m expected trade have been set 7.625% area, according to <cite.query w-seq-number="00002" w-ref-type="MM" w-normalized-cite="canonical_name::REUTERS" ID="I6451f6c0ce5611e48edeca7c5a85a691">Reuters</cite.query>.<eos/><eop/></p></text><text type="body"><p><bop/><bos/>International law firm Cleary Gottlieb Steen &amp;amp; <cite.query w-seq-number="00003" w-ref-type="NM" w-normalized-cite="canonical_name::HAMILTON LLC" ID="I654e7f30ce5611e48edeca7c5a85a691">Hamilton LLC</cite.query> was hired by the government to act as an international consultant for the issue, while <cite.query w-seq-number="00004" w-ref-type="MM" w-normalized-cite="canonical_name::DEUTSCHE BANK" ID="I654e7f31ce5611e48edeca7c5a85a691">Deutsche Bank</cite.query>, <cite.query w-seq-number="00005" w-ref-type="MM" w-normalized-cite="canonical_name::HSBC BANK" ID="I654e7f32ce5611e48edeca7c5a85a691">HSBC Bank</cite.query> and <cite.query w-seq-number="00006" w-ref-type="MM" w-normalized-cite="canonical_name::JP MORGAN" ID="I654e7f33ce5611e48edeca7c5a85a691">JP Morgan</cite.query> will be the underwriters.<eos/><eop/></p><p><bop/><bos/>Plans to sell more Eurobonds at international debt markets were announced by the government on January 30 in order to finance its budget deficit. <eos/><bos/>More relating agreements were signed on March 10.<eos/><eop/></p><p><bop/><bos/>Armenia first issued $700 million worth dollar-denominated bonds in September 2013 at the yield of 6.25 percent. <eos/><bos/>According to Armenian finance ministry, investors were ready to buy as much as $3 billion worth of Armenian external bonds.<eos/><eop/></p><p><bop/><bos/>The bulk of $700 million was used to repay a $500 million Russian loan ten years ahead of schedule.<eos/><eop/></p><p><bop/><bos/><cite.query w-seq-number="00007" w-ref-type="NM" w-normalized-cite="canonical_name::MOODY" ID="I655a3f00ce5611e48edeca7c5a85a691">Moody</cite.query>&apos;s downgraded Armenia&apos;s bonds to a rating of Ba3 from Ba2 in January, changing its outlook to negative from stable. <eos/><bos/>It cited declining remittances, uncertain foreign investment, exchange rate volatility and pressure on foreign exchange reserves. -0-<eos/><eop/></p></text></content><indexing iso-language="en" value-add="machine-generated"><classification-terms><pres-location-block><bop/><bos/><pres-location-wrap><pres-location>Armenia</pres-location><pres-location-code>ISOAM</pres-location-code><alt1-location-code>1AR09</alt1-location-code></pres-location-wrap><pres-location-wrap><pres-location>CIS Countries</pres-location><pres-location-code>CISSTAT</pres-location-code><alt1-location-code>1CI64</alt1-location-code></pres-location-wrap><pres-location-wrap><pres-location>Eastern Europe</pres-location><pres-location-code>GEOEEUR</pres-location-code><alt1-location-code>1EA48</alt1-location-code></pres-location-wrap><pres-location-wrap><pres-location>Europe</pres-location><pres-location-code>GEOEUR</pres-location-code><alt1-location-code>1EU83</alt1-location-code></pres-location-wrap><eos/><eop/></pres-location-block></classification-terms><classification-terms><pres-subject-block><bop/><bos/><pres-subject-wrap><pres-subject>Bond Instruments</pres-subject><pres-subject-code>BONDINST</pres-subject-code><alt1-subject-code>1BO92</alt1-subject-code></pres-subject-wrap><pres-subject-wrap><pres-subject>Bond Issues</pres-subject><pres-subject-code>NEWBONDS</pres-subject-code><alt1-subject-code>1BO94</alt1-subject-code></pres-subject-wrap><pres-subject-wrap><pres-subject>CIS</pres-subject><pres-subject-code>GEOCIS</pres-subject-code><alt1-subject-code>1CI65</alt1-subject-code></pres-subject-wrap><pres-subject-wrap><pres-subject>Economics &amp; Trade</pres-subject><pres-subject-code>TRADE</pres-subject-code><alt1-subject-code>1EC26</alt1-subject-code></pres-subject-wrap><pres-subject-wrap><pres-subject>Eurobonds</pres-subject><pres-subject-code>EUROBOND</pres-subject-code><alt1-subject-code>1EU87</alt1-subject-code></pres-subject-wrap><pres-subject-wrap><pres-subject>Funding Instruments</pres-subject><pres-subject-code>INVSTING</pres-subject-code><alt1-subject-code>1FU41</alt1-subject-code></pres-subject-wrap><pres-subject-wrap><pres-subject>Major World Currencies</pres-subject><pres-subject-code>XCHANGR</pres-subject-code><alt1-subject-code>1MA67</alt1-subject-code></pres-subject-wrap><pres-subject-wrap><pres-subject>U.S. Dollar</pres-subject><pres-subject-code>USDOLLAR</pres-subject-code><alt1-subject-code>1US14</alt1-subject-code></pres-subject-wrap><pres-subject-wrap><pres-subject>World Organizations</pres-subject><pres-subject-code>GEOORGS</pres-subject-code><alt1-subject-code>1IN77</alt1-subject-code></pres-subject-wrap><eos/><eop/></pres-subject-block><pres-industry-block><bop/><bos/><pres-industry-wrap><pres-industry>Bonds</pres-industry><pres-industry-code>BONDS</pres-industry-code><alt1-industry-code>1BO97</alt1-industry-code></pres-industry-wrap><pres-industry-wrap><pres-industry>Financial Services</pres-industry><pres-industry-code>FINSVC</pres-industry-code><alt1-industry-code>1FI37</alt1-industry-code></pres-industry-wrap><pres-industry-wrap><pres-industry>Fixed Income Investments</pres-industry><pres-industry-code>FIXEDINV</pres-industry-code><alt1-industry-code>1FI12</alt1-industry-code></pres-industry-wrap><pres-industry-wrap><pres-industry>Investment Management</pres-industry><pres-industry-code>INVSTMAN</pres-industry-code><alt1-industry-code>1IN34</alt1-industry-code></pres-industry-wrap><pres-industry-wrap><pres-industry>Securities Investment</pres-industry><pres-industry-code>PTSECUR</pres-industry-code><alt1-industry-code>1SE57</alt1-industry-code></pres-industry-wrap><eos/><eop/></pres-industry-block></classification-terms><classification-terms><rcs-block><rcs>G:B</rcs><rcs>E:5</rcs><rcs>E:W</rcs><rcs>G:A</rcs><rcs>G:B2</rcs><rcs>B:125</rcs><rcs>B:126</rcs><rcs>G:Y</rcs><rcs>A:9</rcs><rcs>G:7I</rcs><rcs>A:U</rcs><rcs>E:5I</rcs><rcs>B:130</rcs><rcs>A:2</rcs><rcs>A:S</rcs><rcs>G:AJ</rcs></rcs-block></classification-terms><extraction-terms><extr-company-block><bop/><bos/><norm-company oa-id="5035257155">CLEARY GOTTLIEB STEEN AND HAMILTON LLP</norm-company><norm-company-wrap><norm-company-name>CLEARY GOTTLIEB STEEN AND HAMILTON LLP</norm-company-name><company-ids><oa-id>5035257155</oa-id></company-ids><relevancy engine="1C">0.5</relevancy><confidence engine="1C">0.99</confidence></norm-company-wrap><norm-company oa-id="4295869482">DEUTSCHE BANK AG</norm-company><norm-company-wrap><norm-company-name>DEUTSCHE BANK AG</norm-company-name><company-ids><oa-id>4295869482</oa-id><ric norm="DBKGn.DE">DBKGn.DE</ric></company-ids><company-classification><trbc-wrap><trbc type="RCS">B:128</trbc><trbc type="2012">55101010</trbc><trbc type="perm-id">4294952873</trbc></trbc-wrap></company-classification><relevancy engine="1C">0.2</relevancy><confidence engine="1C">0.93</confidence></norm-company-wrap><norm-company oa-id="8589934275">HSBC HOLDINGS PLC</norm-company><norm-company-wrap><norm-company-name>HSBC HOLDINGS PLC</norm-company-name><company-ids><oa-id>8589934275</oa-id><ric norm="HSBA.L">HSBA.L</ric></company-ids><company-classification><trbc-wrap><trbc type="RCS">B:1616</trbc><trbc type="2012">5510101011</trbc><trbc type="perm-id">4294951385</trbc></trbc-wrap></company-classification><relevancy engine="1C">0.2</relevancy><confidence engine="1C">0.94</confidence></norm-company-wrap><norm-company oa-id="5000021791">JPMORGAN CHASE AND CO</norm-company><norm-company-wrap><norm-company-name>JPMORGAN CHASE AND CO</norm-company-name><company-ids><oa-id>5000021791</oa-id><ric norm="8634.T">8634.T</ric></company-ids><company-classification><trbc-wrap><trbc type="RCS">B:1615</trbc><trbc type="2012">5510101010</trbc><trbc type="perm-id">4294951386</trbc></trbc-wrap></company-classification><relevancy engine="1C">0.2</relevancy><confidence engine="1C">0.93</confidence></norm-company-wrap><eos/><eop/></extr-company-block></extraction-terms></indexing></document></n-docbody>
</n-document>
<n-document guid="Icc1d9f70cc9e11e485add18ba90c3778"><n-metadata><metadata.block><md.identifiers><md.cites><md.first.line.cite>3/17/15 NEWS 00:00:00</md.first.line.cite><md.second.line.cite>3/17/15 ARKA News Agency 00:00:00</md.second.line.cite></md.cites><md.uuid>Icc1d9f70cc9e11e485add18ba90c3778</md.uuid></md.identifiers><md.infotype>news</md.infotype><md.sortkeys><md.ordersequence>f47363bec</md.ordersequence></md.sortkeys><md.descriptions><md.title>GLOBAL FINANCE NAMES AMERIABANK BEST BANK OF ARMENIA 2015</md.title><md.westlawdescrip><md.readlist>READLIST</md.readlist></md.westlawdescrip></md.descriptions><md.dates><md.publisheddatetime>20150317071359</md.publisheddatetime><md.loaddate>20150317</md.loaddate><md.createddatetime>20150317071359</md.createddatetime></md.dates><md.subjects><md.subject><md.pubtype.name/><md.doctype.name>DNR</md.doctype.name><md.doctype.rank/><md.view>CNGE</md.view><md.view>RGEurope</md.view><md.view>PTNewswires</md.view><md.view>ARKANEWS0063786</md.view><md.view>INALLNEWS_ACTEST</md.view><md.view>INFARNEWS_AC</md.view><md.view>MARKETSEIKON_CN</md.view><md.view>MARKETSEIKON</md.view><md.view>CB_ASIAWIRES</md.view><md.view>INWIRES_AC</md.view><md.view>GULF_INTL</md.view><md.view>ININTNEWS_AC</md.view><md.view>ANZ_INTLOS</md.view><md.view>CLEAR_RF</md.view><md.view>INALLNEWS_AC</md.view><md.view>INNEWSINT_PRO</md.view><md.view>INBUSNEWS</md.view><md.view>INNEWSWORLD_PRO</md.view><md.view>INBUSNEWS_AC</md.view></md.subject></md.subjects><md.jurisdictions><md.jurisdiction><md.jurisstate>FE</md.jurisstate></md.jurisdiction></md.jurisdictions><md.publications><md.publication/><md.sourcepubid>ARKANEWS</md.sourcepubid></md.publications><md.royalty><md.royalty.code>84104</md.royalty.code></md.royalty></metadata.block><news.metadata.block><md.text.preview>FINANCIAL NEWSYEREVAN, March 17. /ARKA/. Ameriabank was named the best bank of Armenia 2015, the bank&apos;s press office told ARKA News Agency citing the findings of &apos;The World&apos;s Best Emerging Markets Banks&apos; study conducted by Global Finance Magazine.</md.text.preview></news.metadata.block><newsplus.recommendable>1</newsplus.recommendable><n-view>CNGE</n-view><n-view>RGEurope</n-view><n-view>PTNewswires</n-view><n-view>ARKANEWS0063786</n-view><n-view>INALLNEWS_ACTEST</n-view><n-view>INFARNEWS_AC</n-view><n-view>MARKETSEIKON_CN</n-view><n-view>MARKETSEIKON</n-view><n-view>CB_ASIAWIRES</n-view><n-view>INWIRES_AC</n-view><n-view>GULF_INTL</n-view><n-view>ININTNEWS_AC</n-view><n-view>ANZ_INTLOS</n-view><n-view>CLEAR_RF</n-view><n-view>INALLNEWS_AC</n-view><n-view>INNEWSINT_PRO</n-view><n-view>INBUSNEWS</n-view><n-view>INNEWSWORLD_PRO</n-view><n-view>INBUSNEWS_AC</n-view><prism-stylesheet guid="Ia3024d301b6a11d89fc5f34981d3242f"/><prism-clipdate>20150317071359</prism-clipdate></n-metadata>
<n-docbody><document version="1" collection="D-ARKANEWS-T001" first-load-date="20150317071359" ip-product="ARKANEWS" royalty-id="84104" data-model="text" dtd-version="5.2.29" content-type="news" load-language="en"><supplier-info><supplier-num nitf="doc-id" nitf-regsrc="ARKA News Agency" type="accession">351d0001e47f6b2c</supplier-num><internal-acc-num db-id="NEPRARKA" type="newz">20150317170.1_V351d0001e47f6b2c</internal-acc-num><rec-status><last-load-date>20150317071359</last-load-date><nitf-date ne="datereceived">20150317T12:11:52Z</nitf-date><nitf-date nitf="date-issue">20150317T00:00:00Z</nitf-date><last-provider-update>20150317121152</last-provider-update></rec-status><supplier-copyright>Copyright Â© 2015 ARKA<copyright-year/><copyright-holder>ARKA</copyright-holder></supplier-copyright><supplier-note nitf="urgency" nitf-ed-urg="4"/><supplier-dtds><dtd dtd-version="working" dtd-date="20150310T00:00:00Z">Canonical Taxonomy</dtd><dtd dtd-version="20150303" dtd-date="20150310T00:00:00Z">Mapping File</dtd></supplier-dtds><copyright-block type="dialog"><service-copyright n-include_guid="Ice671660f30811d88920000083149a14" n-include_collection="D-DIALOGCOPYRIGHTS-T001"/></copyright-block><copyright-block type="west"><service-copyright n-include_guid="I1DA35ED81DD211B281BAD200220BDFCA" n-include_collection="w_wlnv_msg"/></copyright-block><west-citation-block><bop/><first-line-cite><bos/>3/17/15 NEWS 00:00:00<eos/></first-line-cite><second-line-cite><bos/>3/17/15 ARKA News Agency 00:00:00<eos/></second-line-cite><eop/></west-citation-block></supplier-info><title-info iso-language="en"><bop/><title type="headline" nitf-hedline="hl1" key="key-title"><bos/><sort-title>GLOBAL FINANCE NAMES AMERIABANK BEST BANK OF ARMENIA 2015</sort-title><eos/></title><eop/></title-info><pub-info><journal key="key-journal"><bop/><bos/><sort-journal>ARKA News Agency</sort-journal><eos/><eop/></journal><pub-date key="key-date" iso-time="T00:00:00Z" type="date.publication"><full-pub-date>March 17, 2015</full-pub-date><sort-pub-date>20150317</sort-pub-date><sort-pub-timestamp>20150317000000</sort-pub-timestamp><rank-date>20150317</rank-date><currency-timestamp>20150317000000</currency-timestamp></pub-date><original-pub><language iso-language="en">English</language></original-pub><src-data><src-journal-code>ANPV</src-journal-code><src-pub-code>0063786</src-pub-code><src-pub-type>Newswire</src-pub-type><src-pub-country-wrap><src-pub-country-code>GE</src-pub-country-code><src-pub-country>Georgia CIS</src-pub-country></src-pub-country-wrap><src-pub-region>Europe</src-pub-region></src-data></pub-info><content iso-language="en"><total-char-count>1317</total-char-count><derived-word-count><bop/><bos/>Word Count: 184<eos/><eop/></derived-word-count><text type="lead-para"><p nitf="lede"><bop/><bos/><cite.query w-seq-number="00001" w-ref-type="CO" w-normalized-cite="IB21FA79026C411E194E8E1301CE970A7" ID="I29b26120cc9f11e4829ff9e7701b1f5e">FINANCIAL NEWS</cite.query><eos/><eop/></p><p nitf="lede"><bop/><bos/>YEREVAN, March 17. /ARKA/. <eos/><bos/>Ameriabank was named the best bank of Armenia 2015, the bank&apos;s press office told <cite.query w-seq-number="00002" w-ref-type="NM" w-normalized-cite="canonical_name::ARKA NEWS AGENCY" ID="I29b9db30cc9f11e4829ff9e7701b1f5e">ARKA News Agency</cite.query> citing the findings of &apos;The World&apos;s Best Emerging Markets Banks&apos; study conducted by Global Finance Magazine.<eos/><eop/></p></text><text type="body"><p><bop/><bos/>Ameriabank wins this title for the fourth time starting from 2012.<eos/><eop/></p><p><bop/><bos/>The organizers of the contest say this title was given to Ameriabank for a number of most important indicators that show the bank&apos;s activity, particularly asset growth, profitability, establishment of strategic relations, range of services, competitive price-making policy and innovative decisions.<eos/><eop/></p><p><bop/><bos/><cite.query w-seq-number="00003" w-ref-type="MM" w-normalized-cite="canonical_name::WELLS FARGO" ID="I29dd1aa0cc9f11e4829ff9e7701b1f5e">Wells Fargo</cite.query> (the United States), <cite.query w-seq-number="00004" w-ref-type="CO" w-normalized-cite="I30FDD87056FA11E0B507DE267DF909C1" ID="I29dd1aa1cc9f11e4829ff9e7701b1f5e">ING</cite.query> (Belgium, the Netherlands), <cite.query w-seq-number="00005" w-ref-type="MM" w-normalized-cite="canonical_name::UBS" ID="I29dd1aa2cc9f11e4829ff9e7701b1f5e">UBS</cite.query> (Switzerland), <cite.query w-seq-number="00006" w-ref-type="MM" w-normalized-cite="canonical_name::SBERBANK" ID="I29dd1aa3cc9f11e4829ff9e7701b1f5e">Sberbank</cite.query> (Russia), <cite.query w-seq-number="00007" w-ref-type="WC" w-normalized-cite="IDCF5F37056F411E089AC8CE04EA54993" ID="I29dd1aa4cc9f11e4829ff9e7701b1f5e">TBC</cite.query> (Georgia) and other financial organizations were recognized best as well.<eos/><eop/></p><p><bop/><bos/>Ameriabank CJSC is a universal bank providing investment, corporate and retail banking services in a package. <eos/><bos/>Ameriabank is the first investment bank in Armenia. <eos/><bos/>It started providing a wide range of innovative banking services in 2007.<eos/><eop/></p><p><bop/><bos/>The bank&apos;s assets totaled <cite.query w-seq-number="00008" w-ref-type="CO" w-normalized-cite="I27218B6541EC11DDAD6B0014224D2780" ID="I29e64260cc9f11e4829ff9e7701b1f5e">AMD</cite.query> 399.7 billion in 2014 (26.9% growth) and liabilities <cite.query w-seq-number="00009" w-ref-type="CO" w-normalized-cite="I27218B6541EC11DDAD6B0014224D2780" ID="I29e64261cc9f11e4829ff9e7701b1f5e">AMD</cite.query> 357.4 billion (29.3% growth).<eos/><eop/></p><p><bop/><bos/>Its capital amounted to <cite.query w-seq-number="00010" w-ref-type="CO" w-normalized-cite="I27218B6541EC11DDAD6B0014224D2780" ID="I29f44c20cc9f11e4829ff9e7701b1f5e">AMD</cite.query> 42.3 billion (9.43% growth) and net profit to <cite.query w-seq-number="00011" w-ref-type="CO" w-normalized-cite="I27218B6541EC11DDAD6B0014224D2780" ID="I29f44c21cc9f11e4829ff9e7701b1f5e">AMD</cite.query> 7.1 billion in 2014 against <cite.query w-seq-number="00012" w-ref-type="CO" w-normalized-cite="I27218B6541EC11DDAD6B0014224D2780" ID="I29f44c22cc9f11e4829ff9e7701b1f5e">AMD</cite.query> 6 billion in 2013 (18% growth).<eos/><bos/> ($1 - AMD 480.85).<eos/> M.V.----0-----<eop/></p></text></content><indexing iso-language="en" value-add="machine-generated"><classification-terms><pres-location-block><bop/><bos/><pres-location-wrap><pres-location>Armenia</pres-location><pres-location-code>ISOAM</pres-location-code><alt1-location-code>1AR09</alt1-location-code></pres-location-wrap><pres-location-wrap><pres-location>CIS Countries</pres-location><pres-location-code>CISSTAT</pres-location-code><alt1-location-code>1CI64</alt1-location-code></pres-location-wrap><pres-location-wrap><pres-location>Eastern Europe</pres-location><pres-location-code>GEOEEUR</pres-location-code><alt1-location-code>1EA48</alt1-location-code></pres-location-wrap><pres-location-wrap><pres-location>Europe</pres-location><pres-location-code>GEOEUR</pres-location-code><alt1-location-code>1EU83</alt1-location-code></pres-location-wrap><eos/><eop/></pres-location-block></classification-terms><classification-terms><pres-subject-block><bop/><bos/><pres-subject-wrap><pres-subject>CIS</pres-subject><pres-subject-code>GEOCIS</pres-subject-code><alt1-subject-code>1CI65</alt1-subject-code></pres-subject-wrap><pres-subject-wrap><pres-subject>Major Corporations</pres-subject><pres-subject-code>MAJCORP</pres-subject-code><alt1-subject-code>1MA93</alt1-subject-code></pres-subject-wrap><pres-subject-wrap><pres-subject>World Organizations</pres-subject><pres-subject-code>GEOORGS</pres-subject-code><alt1-subject-code>1IN77</alt1-subject-code></pres-subject-wrap><eos/><eop/></pres-subject-block><pres-industry-block><bop/><bos/><pres-industry-wrap><pres-industry>Bank Marketing</pres-industry><pres-industry-code>BANKMKTG</pres-industry-code><alt1-industry-code>1BA80</alt1-industry-code></pres-industry-wrap><pres-industry-wrap><pres-industry>Banking</pres-industry><pres-industry-code>BANKOVER</pres-industry-code><alt1-industry-code>1BA20</alt1-industry-code></pres-industry-wrap><pres-industry-wrap><pres-industry>Banking Services for Small Business</pres-industry><pres-industry-code>BKSMLSRV</pres-industry-code><alt1-industry-code>1BA68</alt1-industry-code></pres-industry-wrap><pres-industry-wrap><pres-industry>Commercial Banking Services</pres-industry><pres-industry-code>BANKCOML</pres-industry-code><alt1-industry-code>1CO19</alt1-industry-code></pres-industry-wrap><pres-industry-wrap><pres-industry>Financial Services</pres-industry><pres-industry-code>FINSVC</pres-industry-code><alt1-industry-code>1FI37</alt1-industry-code></pres-industry-wrap><eos/><eop/></pres-industry-block></classification-terms><classification-terms><rcs-block><rcs>G:B</rcs><rcs>B:131</rcs><rcs>G:A</rcs><rcs>G:B2</rcs><rcs>B:127</rcs><rcs>B:128</rcs><rcs>B:125</rcs><rcs>B:126</rcs><rcs>G:AJ</rcs><rcs>G:Y</rcs><rcs>G:7I</rcs></rcs-block></classification-terms><extraction-terms><extr-company-block><bop/><bos/><norm-company oa-id="5000943280">AMERIABANK CJSC</norm-company><norm-company-wrap><norm-company-name>AMERIABANK CJSC</norm-company-name><company-ids><oa-id>5000943280</oa-id></company-ids><company-classification><trbc-wrap><trbc type="RCS">B:1615</trbc><trbc type="2012">5510101010</trbc><trbc type="perm-id">4294951386</trbc></trbc-wrap></company-classification><relevancy engine="1C">0.8</relevancy><confidence engine="1C">0.89</confidence></norm-company-wrap><norm-company oa-id="4295884895">ING BANK NV</norm-company><norm-company-wrap><norm-company-name>ING BANK NV</norm-company-name><company-ids><oa-id>4295884895</oa-id></company-ids><company-classification><trbc-wrap><trbc type="RCS">B:1615</trbc><trbc type="2012">5510101010</trbc><trbc type="perm-id">4294951386</trbc></trbc-wrap></company-classification><relevancy engine="1C">0.2</relevancy><confidence engine="1C">0.66</confidence></norm-company-wrap><norm-company oa-id="5000004509">SBERBANK ASSET MANAGEMENT CLOSED JSK</norm-company><norm-company-wrap><norm-company-name>SBERBANK ASSET MANAGEMENT CLOSED JSK</norm-company-name><company-ids><oa-id>5000004509</oa-id></company-ids><company-classification><trbc-wrap><trbc type="RCS">B:1639</trbc><trbc type="2012">5510202010</trbc><trbc type="perm-id">4294951362</trbc></trbc-wrap></company-classification><relevancy engine="1C">0.2</relevancy><confidence engine="1C">0.64</confidence></norm-company-wrap><norm-company oa-id="4295890710">UBS AG</norm-company><norm-company-wrap><norm-company-name>UBS AG</norm-company-name><company-ids><oa-id>4295890710</oa-id><ric norm="UBSN.S">UBSN.S</ric></company-ids><company-classification><trbc-wrap><trbc type="RCS">B:1643</trbc><trbc type="2012">5510202014</trbc><trbc type="perm-id">4294951358</trbc></trbc-wrap></company-classification><relevancy engine="1C">0.2</relevancy><confidence engine="1C">0.9</confidence></norm-company-wrap><norm-company oa-id="8589934175">WELLS FARGO AND CO</norm-company><norm-company-wrap><norm-company-name>WELLS FARGO AND CO</norm-company-name><company-ids><oa-id>8589934175</oa-id><ric norm="WFC.N">WFC.N</ric></company-ids><company-classification><trbc-wrap><trbc type="RCS">B:1615</trbc><trbc type="2012">5510101010</trbc><trbc type="perm-id">4294951386</trbc></trbc-wrap></company-classification><relevancy engine="1C">0.2</relevancy><confidence engine="1C">0.92</confidence></norm-company-wrap><eos/><eop/></extr-company-block></extraction-terms></indexing></document></n-docbody>
</n-document>
<n-document guid="Icc1b0760cc9e11e4b6cac85bd1393b07"><n-metadata><metadata.block><md.identifiers><md.cites><md.first.line.cite>3/17/15 NEWS 00:00:00</md.first.line.cite><md.second.line.cite>3/17/15 ARKA News Agency 00:00:00</md.second.line.cite></md.cites><md.uuid>Icc1b0760cc9e11e4b6cac85bd1393b07</md.uuid></md.identifiers><md.infotype>news</md.infotype><md.sortkeys><md.ordersequence>f47363bec</md.ordersequence></md.sortkeys><md.descriptions><md.title>CARD TRANSACTIONS HIKE TO 1,274.8 BLN IN ARMENIA IN 2014</md.title><md.westlawdescrip><md.readlist>READLIST</md.readlist></md.westlawdescrip></md.descriptions><md.dates><md.publisheddatetime>20150317071359</md.publisheddatetime><md.loaddate>20150317</md.loaddate><md.createddatetime>20150317071359</md.createddatetime></md.dates><md.subjects><md.subject><md.pubtype.name/><md.doctype.name>DNR</md.doctype.name><md.doctype.rank/><md.view>CNGE</md.view><md.view>RGEurope</md.view><md.view>PTNewswires</md.view><md.view>ARKANEWS0063786</md.view><md.view>INALLNEWS_ACTEST</md.view><md.view>INFARNEWS_AC</md.view><md.view>MARKETSEIKON_CN</md.view><md.view>MARKETSEIKON</md.view><md.view>CB_ASIAWIRES</md.view><md.view>INWIRES_AC</md.view><md.view>GULF_INTL</md.view><md.view>ININTNEWS_AC</md.view><md.view>ANZ_INTLOS</md.view><md.view>CLEAR_RF</md.view><md.view>INALLNEWS_AC</md.view><md.view>INNEWSINT_PRO</md.view><md.view>INBUSNEWS</md.view><md.view>INNEWSWORLD_PRO</md.view><md.view>INBUSNEWS_AC</md.view></md.subject></md.subjects><md.jurisdictions><md.jurisdiction><md.jurisstate>FE</md.jurisstate></md.jurisdiction></md.jurisdictions><md.publications><md.publication/><md.sourcepubid>ARKANEWS</md.sourcepubid></md.publications><md.royalty><md.royalty.code>84104</md.royalty.code></md.royalty></metadata.block><news.metadata.block><md.text.preview>BANKING NEWSYEREVAN, March 17. /ARKA/. Total volume of all card transactions in Armenia amounted to 1,274.8 billion drams in 2014, an increase of 26.2% compared to the year before, the website of the Central Bank of Armenia reports.</md.text.preview></news.metadata.block><newsplus.recommendable/><n-view>CNGE</n-view><n-view>RGEurope</n-view><n-view>PTNewswires</n-view><n-view>ARKANEWS0063786</n-view><n-view>INALLNEWS_ACTEST</n-view><n-view>INFARNEWS_AC</n-view><n-view>MARKETSEIKON_CN</n-view><n-view>MARKETSEIKON</n-view><n-view>CB_ASIAWIRES</n-view><n-view>INWIRES_AC</n-view><n-view>GULF_INTL</n-view><n-view>ININTNEWS_AC</n-view><n-view>ANZ_INTLOS</n-view><n-view>CLEAR_RF</n-view><n-view>INALLNEWS_AC</n-view><n-view>INNEWSINT_PRO</n-view><n-view>INBUSNEWS</n-view><n-view>INNEWSWORLD_PRO</n-view><n-view>INBUSNEWS_AC</n-view><prism-stylesheet guid="Ia3024d301b6a11d89fc5f34981d3242f"/><prism-clipdate>20150317071359</prism-clipdate></n-metadata>
<n-docbody><document version="1" collection="D-ARKANEWS-T001" first-load-date="20150317071359" ip-product="ARKANEWS" royalty-id="84104" data-model="text" dtd-version="5.2.29" content-type="news" load-language="en"><supplier-info><supplier-num nitf="doc-id" nitf-regsrc="ARKA News Agency" type="accession">950c0001fb8adc9a</supplier-num><internal-acc-num db-id="NEPRARKA" type="newz">20150317170.1_V950c0001fb8adc9a</internal-acc-num><rec-status><last-load-date>20150317071359</last-load-date><nitf-date ne="datereceived">20150317T12:11:52Z</nitf-date><nitf-date nitf="date-issue">20150317T00:00:00Z</nitf-date><last-provider-update>20150317121152</last-provider-update></rec-status><supplier-copyright>Copyright Â© 2015 ARKA<copyright-year/><copyright-holder>ARKA</copyright-holder></supplier-copyright><supplier-note nitf="urgency" nitf-ed-urg="4"/><supplier-dtds><dtd dtd-version="working" dtd-date="20150310T00:00:00Z">Canonical Taxonomy</dtd><dtd dtd-version="20150303" dtd-date="20150310T00:00:00Z">Mapping File</dtd></supplier-dtds><copyright-block type="dialog"><service-copyright n-include_guid="Ice671660f30811d88920000083149a14" n-include_collection="D-DIALOGCOPYRIGHTS-T001"/></copyright-block><copyright-block type="west"><service-copyright n-include_guid="I1DA35ED81DD211B281BAD200220BDFCA" n-include_collection="w_wlnv_msg"/></copyright-block><west-citation-block><bop/><first-line-cite><bos/>3/17/15 NEWS 00:00:00<eos/></first-line-cite><second-line-cite><bos/>3/17/15 ARKA News Agency 00:00:00<eos/></second-line-cite><eop/></west-citation-block></supplier-info><title-info iso-language="en"><bop/><title type="headline" nitf-hedline="hl1" key="key-title"><bos/><sort-title>CARD TRANSACTIONS HIKE TO 1,274.8 BLN IN ARMENIA IN 2014</sort-title><eos/></title><eop/></title-info><pub-info><journal key="key-journal"><bop/><bos/><sort-journal>ARKA News Agency</sort-journal><eos/><eop/></journal><pub-date key="key-date" iso-time="T00:00:00Z" type="date.publication"><full-pub-date>March 17, 2015</full-pub-date><sort-pub-date>20150317</sort-pub-date><sort-pub-timestamp>20150317000000</sort-pub-timestamp><rank-date>20150317</rank-date><currency-timestamp>20150317000000</currency-timestamp></pub-date><original-pub><language iso-language="en">English</language></original-pub><src-data><src-journal-code>ANPV</src-journal-code><src-pub-code>0063786</src-pub-code><src-pub-type>Newswire</src-pub-type><src-pub-country-wrap><src-pub-country-code>GE</src-pub-country-code><src-pub-country>Georgia CIS</src-pub-country></src-pub-country-wrap><src-pub-region>Europe</src-pub-region></src-data></pub-info><content iso-language="en"><total-char-count>1399</total-char-count><derived-word-count><bop/><bos/>Word Count: 196<eos/><eop/></derived-word-count><text type="lead-para"><p nitf="lede"><bop/><bos/>BANKING NEWS<eos/><eop/></p><p nitf="lede"><bop/><bos/>YEREVAN, March 17. /ARKA/. <eos/><bos/>Total volume of all card transactions in Armenia amounted to 1,274.8 billion drams in 2014, an increase of 26.2% compared to the year before, the website of the <cite.query w-seq-number="00001" w-ref-type="CO" w-normalized-cite="I706C7C4142B311DDA5520014224D2780" ID="I2a01e0b0cc9f11e4829ff9e7701b1f5e">Central Bank of Armenia</cite.query> reports.<eos/><eop/></p></text><text type="body"><p><bop/><bos/>Number of card transactions during the year totaled 24,822,723 (21% increase compared to 2013).<eos/><eop/></p><p><bop/><bos/><cite.query w-seq-number="00002" w-ref-type="NM" w-normalized-cite="canonical_name::LOCAL ARCA" ID="I2a0b2f80cc9f11e4829ff9e7701b1f5e">Local ArCa</cite.query> cards were used to effect a total of 7,492,928 transactions for 347.6 billion drams in 2014, an increase of 23.4% compared to 2013.<eos/><eop/></p><p><bop/><bos/>Number of <cite.query w-seq-number="00003" w-ref-type="MM" w-normalized-cite="canonical_name::VISA" ID="I2a1086b0cc9f11e4829ff9e7701b1f5e">VISA</cite.query> card transactions was 10,903,282 during the year with the total amount at 596.1 billion drams. <eos/><bos/>As compared with 2013, the amount of transactions went up by 26.3%.<eos/><eop/></p><p><bop/><bos/>A total of 5,065,481 card transactions through <cite.query w-seq-number="00004" w-ref-type="MM" w-normalized-cite="canonical_name::MASTERCARD" ID="I2a20b350cc9f11e4829ff9e7701b1f5e">MasterCard</cite.query> were affected worth a total of 249.1 billion drams in the period, which is an increase of 38.3% compared to 2013.<eos/><eop/></p><p><bop/><bos/>Number of transactions through other cards was 1,361,032 in the period, worth a total of 81.9 billion drams, 7.9% growth against 2013.<eos/><eop/></p><p><bop/><bos/>According to the central bank, total number of plastic cards was 1,624,057 as of the end of 2014 (4% growth), of them 546,509 were ArCa cards (3.2% decline), 712,211 were <cite.query w-seq-number="00005" w-ref-type="MM" w-normalized-cite="canonical_name::VISA" ID="I2a2ee420cc9f11e4829ff9e7701b1f5e">VISA</cite.query> cards (9.1% growth), 320,653 were <cite.query w-seq-number="00006" w-ref-type="MM" w-normalized-cite="canonical_name::MASTERCARD" ID="I2a2ee421cc9f11e4829ff9e7701b1f5e">MasterCard</cite.query> (7% growth) and 44,684 were other cards (2.9% reduction).<eos/><eop/></p><p><bop/><bos/>Plastic cards are issued and service by 19 commercial banks operating in the territory of Armenia, all 19 as members of ArCa payment system. <eos/><bos/>($1 - 480.85 drams).<eos/><bos/> N.V. -0-<eos/><eop/></p></text></content><indexing iso-language="en" value-add="machine-generated"><classification-terms><pres-location-block><bop/><bos/><pres-location-wrap><pres-location>Armenia</pres-location><pres-location-code>ISOAM</pres-location-code><alt1-location-code>1AR09</alt1-location-code></pres-location-wrap><pres-location-wrap><pres-location>CIS Countries</pres-location><pres-location-code>CISSTAT</pres-location-code><alt1-location-code>1CI64</alt1-location-code></pres-location-wrap><pres-location-wrap><pres-location>Eastern Europe</pres-location><pres-location-code>GEOEEUR</pres-location-code><alt1-location-code>1EA48</alt1-location-code></pres-location-wrap><pres-location-wrap><pres-location>Europe</pres-location><pres-location-code>GEOEUR</pres-location-code><alt1-location-code>1EU83</alt1-location-code></pres-location-wrap><eos/><eop/></pres-location-block></classification-terms><classification-terms><pres-subject-block><bop/><bos/><pres-subject-wrap><pres-subject>CIS</pres-subject><pres-subject-code>GEOCIS</pres-subject-code><alt1-subject-code>1CI65</alt1-subject-code></pres-subject-wrap><pres-subject-wrap><pres-subject>World Organizations</pres-subject><pres-subject-code>GEOORGS</pres-subject-code><alt1-subject-code>1IN77</alt1-subject-code></pres-subject-wrap><eos/><eop/></pres-subject-block><pres-industry-block><bop/><bos/><pres-industry-wrap><pres-industry>ATMs &amp; Networks</pres-industry><pres-industry-code>ATMNUZ</pres-industry-code><alt1-industry-code>1AT57</alt1-industry-code></pres-industry-wrap><pres-industry-wrap><pres-industry>Bank Operations</pres-industry><pres-industry-code>BANKOPS</pres-industry-code><alt1-industry-code>1BA31</alt1-industry-code></pres-industry-wrap><pres-industry-wrap><pres-industry>Banking</pres-industry><pres-industry-code>BANKOVER</pres-industry-code><alt1-industry-code>1BA20</alt1-industry-code></pres-industry-wrap><pres-industry-wrap><pres-industry>Credit</pres-industry><pres-industry-code>PTCRDT</pres-industry-code><alt1-industry-code>1CR60</alt1-industry-code></pres-industry-wrap><pres-industry-wrap><pres-industry>Credit, Debit &amp; Value Cards</pres-industry><pres-industry-code>CCARDS</pres-industry-code><alt1-industry-code>1CR28</alt1-industry-code></pres-industry-wrap><pres-industry-wrap><pres-industry>Debit Cards</pres-industry><pres-industry-code>DEBCARDS</pres-industry-code><alt1-industry-code>1DE11</alt1-industry-code></pres-industry-wrap><pres-industry-wrap><pres-industry>Financial Services</pres-industry><pres-industry-code>FINSVC</pres-industry-code><alt1-industry-code>1FI37</alt1-industry-code></pres-industry-wrap><pres-industry-wrap><pres-industry>I.T. in Banking</pres-industry><pres-industry-code>BKITOVR</pres-industry-code><alt1-industry-code>1IT59</alt1-industry-code></pres-industry-wrap><pres-industry-wrap><pres-industry>I.T. in Financial Services</pres-industry><pres-industry-code>FSITOVR</pres-industry-code><alt1-industry-code>1IT24</alt1-industry-code></pres-industry-wrap><pres-industry-wrap><pres-industry>Retail Banking Services</pres-industry><pres-industry-code>RTBNKOVR</pres-industry-code><alt1-industry-code>1RE38</alt1-industry-code></pres-industry-wrap><eos/><eop/></pres-industry-block></classification-terms><classification-terms><rcs-block><rcs>G:B</rcs><rcs>G:A</rcs><rcs>G:B2</rcs><rcs>B:127</rcs><rcs>B:128</rcs><rcs>B:129</rcs><rcs>B:125</rcs><rcs>B:126</rcs><rcs>G:AJ</rcs><rcs>G:Y</rcs><rcs>G:7I</rcs></rcs-block></classification-terms><extraction-terms><extr-company-block><bop/><bos/><norm-company oa-id="4295906742">ARCA BIOPHARMA INC</norm-company><norm-company-wrap><norm-company-name>ARCA BIOPHARMA INC</norm-company-name><company-ids><oa-id>4295906742</oa-id><ric norm="ABIO.OQ">ABIO.OQ</ric></company-ids><company-classification><trbc-wrap><trbc type="RCS">B:1731</trbc><trbc type="2012">5620104012</trbc><trbc type="perm-id">4294951270</trbc></trbc-wrap></company-classification><relevancy engine="1C">0.2</relevancy><confidence engine="1C">0.83</confidence></norm-company-wrap><norm-company oa-id="4295902520">MASTERCARD INC</norm-company><norm-company-wrap><norm-company-name>MASTERCARD INC</norm-company-name><company-ids><oa-id>4295902520</oa-id><ric norm="MA.N">MA.N</ric></company-ids><company-classification><trbc-wrap><trbc type="RCS">B:1236</trbc><trbc type="2012">5220304027</trbc><trbc type="perm-id">4294951765</trbc></trbc-wrap></company-classification><relevancy engine="1C">0.2</relevancy><confidence engine="1C">0.93</confidence></norm-company-wrap><eos/><eop/></extr-company-block></extraction-terms></indexing></document></n-docbody>
</n-document>
<n-document guid="Ic043e330ccbc11e4a2ccedd57291f8a5"><n-metadata><metadata.block><md.identifiers><md.cites><md.first.line.cite>3/17/15 NEWS 00:00:00</md.first.line.cite><md.second.line.cite>3/17/15 ARKA News Agency 00:00:00</md.second.line.cite></md.cites><md.uuid>Ic043e330ccbc11e4a2ccedd57291f8a5</md.uuid></md.identifiers><md.infotype>news</md.infotype><md.sortkeys><md.ordersequence>f47363bec</md.ordersequence></md.sortkeys><md.descriptions><md.title>APPLE TO LAUNCH ITS LONG-AWAITED ONLINE TELEVISION SERVICE BY AUTUMN- MEDIA REPORTS</md.title><md.westlawdescrip><md.readlist>READLIST</md.readlist></md.westlawdescrip></md.descriptions><md.dates><md.publisheddatetime>20150317105313</md.publisheddatetime><md.loaddate>20150317</md.loaddate><md.createddatetime>20150317105313</md.createddatetime></md.dates><md.subjects><md.subject><md.pubtype.name/><md.doctype.name>DNR</md.doctype.name><md.doctype.rank/><md.view>CNGE</md.view><md.view>RGEurope</md.view><md.view>PTNewswires</md.view><md.view>ARKANEWS0063786</md.view><md.view>INALLNEWS_ACTEST</md.view><md.view>INFARNEWS_AC</md.view><md.view>MARKETSEIKON_CN</md.view><md.view>MARKETSEIKON</md.view><md.view>CB_ASIAWIRES</md.view><md.view>INWIRES_AC</md.view><md.view>GULF_INTL</md.view><md.view>ININTNEWS_AC</md.view><md.view>ANZ_INTLOS</md.view><md.view>CLEAR_RF</md.view><md.view>INALLNEWS_AC</md.view><md.view>INNEWSINT_PRO</md.view><md.view>INBUSNEWS</md.view><md.view>INNEWSWORLD_PRO</md.view><md.view>INBUSNEWS_AC</md.view></md.subject></md.subjects><md.jurisdictions><md.jurisdiction><md.jurisstate>FE</md.jurisstate></md.jurisdiction></md.jurisdictions><md.publications><md.publication/><md.sourcepubid>ARKANEWS</md.sourcepubid></md.publications><md.royalty><md.royalty.code>84104</md.royalty.code></md.royalty></metadata.block><news.metadata.block><md.text.preview>INFORMATION TECHNOLOGIESYEREVAN, March 17. / ARKA /. Apple Inc. could be ready to launch its long-awaited online television service by the fall, according to media reports Tuesday.</md.text.preview></news.metadata.block><newsplus.recommendable>1</newsplus.recommendable><n-view>CNGE</n-view><n-view>RGEurope</n-view><n-view>PTNewswires</n-view><n-view>ARKANEWS0063786</n-view><n-view>INALLNEWS_ACTEST</n-view><n-view>INFARNEWS_AC</n-view><n-view>MARKETSEIKON_CN</n-view><n-view>MARKETSEIKON</n-view><n-view>CB_ASIAWIRES</n-view><n-view>INWIRES_AC</n-view><n-view>GULF_INTL</n-view><n-view>ININTNEWS_AC</n-view><n-view>ANZ_INTLOS</n-view><n-view>CLEAR_RF</n-view><n-view>INALLNEWS_AC</n-view><n-view>INNEWSINT_PRO</n-view><n-view>INBUSNEWS</n-view><n-view>INNEWSWORLD_PRO</n-view><n-view>INBUSNEWS_AC</n-view><prism-stylesheet guid="Ia3024d301b6a11d89fc5f34981d3242f"/><prism-clipdate>20150317105313</prism-clipdate></n-metadata>
<n-docbody><document version="2" collection="D-ARKANEWS-T001" first-load-date="20150317105313" ip-product="ARKANEWS" royalty-id="84104" data-model="text" dtd-version="5.2.29" content-type="news" load-language="en"><supplier-info><supplier-num nitf="doc-id" nitf-regsrc="ARKA News Agency" type="accession">bbb900018310e1c9</supplier-num><internal-acc-num db-id="NEPRARKA" type="newz">20150317170.1_Vbbb900018310e1c9</internal-acc-num><rec-status><last-load-date>20150317110416</last-load-date><nitf-date ne="datereceived">20150317T15:59:07Z</nitf-date><nitf-date nitf="date-issue">20150317T00:00:00Z</nitf-date><last-provider-update>20150317155907</last-provider-update></rec-status><supplier-copyright>Copyright Â© 2015 ARKA<copyright-year/><copyright-holder>ARKA</copyright-holder></supplier-copyright><supplier-note nitf="urgency" nitf-ed-urg="4"/><supplier-dtds><dtd dtd-version="working" dtd-date="20150310T00:00:00Z">Canonical Taxonomy</dtd><dtd dtd-version="20150303" dtd-date="20150310T00:00:00Z">Mapping File</dtd></supplier-dtds><copyright-block type="dialog"><service-copyright n-include_guid="Ice671660f30811d88920000083149a14" n-include_collection="D-DIALOGCOPYRIGHTS-T001"/></copyright-block><copyright-block type="west"><service-copyright n-include_guid="I1DA35ED81DD211B281BAD200220BDFCA" n-include_collection="w_wlnv_msg"/></copyright-block><west-citation-block><bop/><first-line-cite><bos/>3/17/15 NEWS 00:00:00<eos/></first-line-cite><second-line-cite><bos/>3/17/15 ARKA News Agency 00:00:00<eos/></second-line-cite><eop/></west-citation-block></supplier-info><title-info iso-language="en"><bop/><title type="headline" nitf-hedline="hl1" key="key-title"><bos/><sort-title><cite.query w-seq-number="00001" w-ref-type="MM" w-normalized-cite="canonical_name::APPLE" ID="I5a60ca30ccbf11e4a6b4a20e3d9bbc02">APPLE</cite.query> TO LAUNCH ITS LONG-AWAITED ONLINE TELEVISION SERVICE BY AUTUMN- MEDIA REPORTS</sort-title><eos/></title><eop/></title-info><pub-info><journal key="key-journal"><bop/><bos/><sort-journal>ARKA News Agency</sort-journal><eos/><eop/></journal><pub-date key="key-date" iso-time="T00:00:00Z" type="date.publication"><full-pub-date>March 17, 2015</full-pub-date><sort-pub-date>20150317</sort-pub-date><sort-pub-timestamp>20150317000000</sort-pub-timestamp><rank-date>20150317</rank-date><currency-timestamp>20150317000000</currency-timestamp></pub-date><original-pub><language iso-language="en">English</language></original-pub><src-data><src-journal-code>ANPV</src-journal-code><src-pub-code>0063786</src-pub-code><src-pub-type>Newswire</src-pub-type><src-pub-country-wrap><src-pub-country-code>GE</src-pub-country-code><src-pub-country>Georgia CIS</src-pub-country></src-pub-country-wrap><src-pub-region>Europe</src-pub-region></src-data></pub-info><content iso-language="en"><total-char-count>1123</total-char-count><derived-word-count><bop/><bos/>Word Count: 191<eos/><eop/></derived-word-count><text type="lead-para"><p nitf="lede"><bop/><bos/><cite.query w-seq-number="00002" w-ref-type="WC" w-normalized-cite="I76DF065242BE11DDA1BC0014224D2780" ID="I5a67f620ccbf11e4a6b4a20e3d9bbc02">INFORMATION TECHNOLOGIES</cite.query><eos/><eop/></p><p nitf="lede"><bop/><bos/>YEREVAN, March 17. / ARKA /. <cite.query w-seq-number="00003" w-ref-type="CO" w-normalized-cite="I49C9F2E441E911DDAD6B0014224D2780" ID="I5a6c8a00ccbf11e4a6b4a20e3d9bbc02">Apple Inc.</cite.query> could be ready to launch its long-awaited online television service by the fall, according to media reports Tuesday.<eos/><eop/></p></text><text type="body"><p><bop/><bos/>The <cite.query w-seq-number="00004" w-ref-type="NM" w-normalized-cite="canonical_name::WALL STREET JOURNAL" ID="I5a7cb6a0ccbf11e4a6b4a20e3d9bbc02">Wall Street Journal</cite.query> reported that the company is aiming to provide a slimmed-down service covering around 25 channels for between $30-$40 a month. <eos/><bos/>It would be available across all of the company&apos;s iOS-driven devices, including iPhones, iPads and the company&apos;s TV set-top box, which has long been the poor relation of the Apple device family. <eos/><bos/>The <cite.query w-seq-number="00005" w-ref-type="MM" w-normalized-cite="canonical_name::FINANCIAL TIMES" ID="I5a7cb6a1ccbf11e4a6b4a20e3d9bbc02">Financial Times</cite.query> reported that the launch may go hand-in-hand with a major revamp of the set-top box.<eos/><eop/></p><p><bop/><bos/><cite.query w-seq-number="00006" w-ref-type="MM" w-normalized-cite="canonical_name::APPLE" ID="I5a9c4c90ccbf11e4a6b4a20e3d9bbc02">Apple</cite.query> intends to keep costs down by focusing the service on channels with the highest demand, sacrificing many of the less popular channels included on most cable deals. <eos/><bos/>It will face competition from <cite.query w-seq-number="00007" w-ref-type="CO" w-normalized-cite="IE40B3CB441E911DDAD6B0014224D2780" ID="I5a9c4c91ccbf11e4a6b4a20e3d9bbc02">Dish Network Corp</cite.query>&apos;s <cite.query w-seq-number="00008" w-ref-type="NM" w-normalized-cite="canonical_name::SLING TV" ID="I5a9c4c92ccbf11e4a6b4a20e3d9bbc02">Sling TV</cite.query> and also, reportedly, from <cite.query w-seq-number="00009" w-ref-type="MM" w-normalized-cite="canonical_name::SONY" ID="I5a9c4c93ccbf11e4a6b4a20e3d9bbc02">Sony</cite.query> .<eos/><eop/></p><p><bop/><bos/>The <cite.query w-seq-number="00010" w-ref-type="MM" w-normalized-cite="canonical_name::FINANCIAL TIMES" ID="I5ad1db80ccbf11e4a6b4a20e3d9bbc02">Financial Times</cite.query> reported that HBO, Watch ABC and <cite.query w-seq-number="00011" w-ref-type="WC" w-normalized-cite="I0A44687056F011E089AC8CE04EA54993" ID="I5ad1db81ccbf11e4a6b4a20e3d9bbc02">Fox</cite.query> Now have all struck deals with <cite.query w-seq-number="00012" w-ref-type="MM" w-normalized-cite="canonical_name::APPLE" ID="I5ad1db82ccbf11e4a6b4a20e3d9bbc02">Apple</cite.query>&apos;s media team for placement on <cite.query w-seq-number="00013" w-ref-type="MM" w-normalized-cite="canonical_name::APPLE" ID="I5ad1db83ccbf11e4a6b4a20e3d9bbc02">Apple</cite.query> TV. Talks are also ongoing with the <cite.query w-seq-number="00014" w-ref-type="CO" w-normalized-cite="IADFA1AF36C4711DD98B8B7E982424435" ID="I5ad1db84ccbf11e4a6b4a20e3d9bbc02">Walt Disney Co.</cite.query> , <cite.query w-seq-number="00015" w-ref-type="MM" w-normalized-cite="canonical_name::CBS CORP" ID="I5ad1db85ccbf11e4a6b4a20e3d9bbc02">CBS Corp</cite.query> and 21st <cite.query w-seq-number="00016" w-ref-type="NM" w-normalized-cite="canonical_name::CENTURY FOX" ID="I5ad1db86ccbf11e4a6b4a20e3d9bbc02">Century Fox</cite.query>, the <cite.query w-seq-number="00017" w-ref-type="NM" w-normalized-cite="canonical_name::WSJ" ID="I5ad1db87ccbf11e4a6b4a20e3d9bbc02">WSJ</cite.query> said.-0-<eos/><eop/></p></text></content><indexing iso-language="en" value-add="machine-generated"><classification-terms><pres-subject-block><bop/><bos/><pres-subject-wrap><pres-subject>Major Corporations</pres-subject><pres-subject-code>MAJCORP</pres-subject-code><alt1-subject-code>1MA93</alt1-subject-code></pres-subject-wrap><eos/><eop/></pres-subject-block><pres-industry-block><bop/><bos/><pres-industry-wrap><pres-industry>Computer Equipment</pres-industry><pres-industry-code>CPTROVER</pres-industry-code><alt1-industry-code>1CO77</alt1-industry-code></pres-industry-wrap><pres-industry-wrap><pres-industry>I.T.</pres-industry><pres-industry-code>ITOVER</pres-industry-code><alt1-industry-code>1IT96</alt1-industry-code></pres-industry-wrap><pres-industry-wrap><pres-industry>PC O/S Platforms</pres-industry><pres-industry-code>PCOSPL</pres-industry-code><alt1-industry-code>1PC73</alt1-industry-code></pres-industry-wrap><pres-industry-wrap><pres-industry>Palmtop Computing</pres-industry><pres-industry-code>PCHAND</pres-industry-code><alt1-industry-code>1PA77</alt1-industry-code></pres-industry-wrap><pres-industry-wrap><pres-industry>Software</pres-industry><pres-industry-code>SOFOVER1</pres-industry-code><alt1-industry-code>1SO30</alt1-industry-code></pres-industry-wrap><pres-industry-wrap><pres-industry>Software O/S Platforms</pres-industry><pres-industry-code>SOFDOPS1</pres-industry-code><alt1-industry-code>1SO68</alt1-industry-code></pres-industry-wrap><pres-industry-wrap><pres-industry>Software Products</pres-industry><pres-industry-code>SOFTPROD</pres-industry-code><alt1-industry-code>1SO56</alt1-industry-code></pres-industry-wrap><eos/><eop/></pres-industry-block></classification-terms><classification-terms><rcs-block><rcs>B:162</rcs><rcs>B:161</rcs><rcs>B:174</rcs><rcs>M:NL</rcs><rcs>B:172</rcs><rcs>B:169</rcs></rcs-block></classification-terms><extraction-terms><extr-company-block><bop/><bos/><norm-company oa-id="4295905573">APPLE INC</norm-company><norm-company-wrap><norm-company-name>APPLE INC</norm-company-name><company-ids><oa-id>4295905573</oa-id><ric norm="AAPL.OQ">AAPL.OQ</ric></company-ids><company-classification><trbc-wrap><trbc type="RCS">B:1758</trbc><trbc type="2012">5710601010</trbc><trbc type="perm-id">4294951243</trbc></trbc-wrap></company-classification><relevancy engine="1C">0.8</relevancy><confidence engine="1C">0.99</confidence></norm-company-wrap><norm-company oa-id="4295908715">CBS CORP</norm-company><norm-company-wrap><norm-company-name>CBS CORP</norm-company-name><company-ids><oa-id>4295908715</oa-id><ric norm="CBS.N">CBS.N</ric></company-ids><company-classification><trbc-wrap><trbc type="RCS">B:1446</trbc><trbc type="2012">5330202010</trbc><trbc type="perm-id">4294951555</trbc></trbc-wrap></company-classification><relevancy engine="1C">0.2</relevancy><confidence engine="1C">0.99</confidence></norm-company-wrap><norm-company oa-id="4295906251">DISH NETWORK CORP</norm-company><norm-company-wrap><norm-company-name>DISH NETWORK CORP</norm-company-name><company-ids><oa-id>4295906251</oa-id><ric norm="DISH.OQ">DISH.OQ</ric></company-ids><company-classification><trbc-wrap><trbc type="RCS">B:1449</trbc><trbc type="2012">5330202013</trbc><trbc type="perm-id">4294951552</trbc></trbc-wrap></company-classification><relevancy engine="1C">0.2</relevancy><confidence engine="1C">0.99</confidence></norm-company-wrap><norm-company oa-id="4295903135">DOW JONES AND CO INC</norm-company><norm-company-wrap><norm-company-name>DOW JONES AND CO INC</norm-company-name><company-ids><oa-id>4295903135</oa-id></company-ids><company-classification><trbc-wrap><trbc type="RCS">B:1457</trbc><trbc type="2012">5330204010</trbc><trbc type="perm-id">4294951544</trbc></trbc-wrap></company-classification><relevancy engine="1C">0.2</relevancy><confidence engine="1C">0.9</confidence></norm-company-wrap><norm-company oa-id="4296341902">HOME BOX OFFICE INC</norm-company><norm-company-wrap><norm-company-name>HOME BOX OFFICE INC</norm-company-name><company-ids><oa-id>4296341902</oa-id></company-ids><relevancy engine="1C">0.2</relevancy><confidence engine="1C">0.92</confidence></norm-company-wrap><norm-company oa-id="5000002406">SONY CORP</norm-company><norm-company-wrap><norm-company-name>SONY CORP</norm-company-name><company-ids><oa-id>5000002406</oa-id><ric norm="6758.T">6758.T</ric></company-ids><company-classification><trbc-wrap><trbc type="RCS">B:1774</trbc><trbc type="2012">5710603010</trbc><trbc type="perm-id">4294951227</trbc></trbc-wrap></company-classification><relevancy engine="1C">0.2</relevancy><confidence engine="1C">0.92</confidence></norm-company-wrap><norm-company oa-id="4295903420">TWENTY FIRST CENTURY FOX INC</norm-company><norm-company-wrap><norm-company-name>TWENTY FIRST CENTURY FOX INC</norm-company-name><company-ids><oa-id>4295903420</oa-id><ric norm="FOXA.OQ">FOXA.OQ</ric></company-ids><company-classification><trbc-wrap><trbc type="RCS">B:1450</trbc><trbc type="2012">5330203010</trbc><trbc type="perm-id">4294951551</trbc></trbc-wrap></company-classification><relevancy engine="1C">0.2</relevancy><confidence engine="1C">0.87</confidence></norm-company-wrap><norm-company oa-id="4295915611">WALT DISNEY CO (THE)</norm-company><norm-company-wrap><norm-company-name>WALT DISNEY CO (THE)</norm-company-name><company-ids><oa-id>4295915611</oa-id><ric norm="DIS.N">DIS.N</ric></company-ids><company-classification><trbc-wrap><trbc type="RCS">B:1446</trbc><trbc type="2012">5330202010</trbc><trbc type="perm-id">4294951555</trbc></trbc-wrap></company-classification><relevancy engine="1C">0.2</relevancy><confidence engine="1C">0.99</confidence></norm-company-wrap><eos/><eop/></extr-company-block></extraction-terms></indexing></document></n-docbody>
</n-document>
<n-document guid="Ifd8b11d0cc0511e48906c11621b7e305"><n-metadata><metadata.block><md.identifiers><md.cites><md.parallelcite><md.parallelcite.info><md.display.parallelcite type="WLNR">2015 WLNR 7812267</md.display.parallelcite></md.parallelcite.info></md.parallelcite><md.first.line.cite>3/16/15 BANKSVCS (No Page)</md.first.line.cite><md.second.line.cite>3/16/15 ARKA Banking Services Bull. (Pg. Unavail. Online)</md.second.line.cite></md.cites><md.uuid>Ifd8b11d0cc0511e48906c11621b7e305</md.uuid></md.identifiers><md.infotype>news</md.infotype><md.sortkeys><md.ordersequence>f469da56c</md.ordersequence></md.sortkeys><md.descriptions><md.title>PRESS-CLIPPING</md.title><md.westlawdescrip><md.readlist>READLIST</md.readlist></md.westlawdescrip></md.descriptions><md.dates><md.publisheddatetime>20150316130010</md.publisheddatetime><md.loaddate>20150316</md.loaddate><md.createddatetime>20150316130010</md.createddatetime></md.dates><md.subjects><md.subject><md.pubtype.name/><md.doctype.name>DNR</md.doctype.name><md.doctype.rank/><md.view>CNAM</md.view><md.view>RGEurope</md.view><md.view>PTMagazines</md.view><md.view>ARKANEWS0064119</md.view><md.view>ININTNEWS_AC</md.view><md.view>INFINNEWS</md.view><md.view>INALLNEWS_ACTEST</md.view><md.view>INFARNEWS_AC</md.view><md.view>ANZ_INTLBTI</md.view><md.view>INALLNEWS_AC</md.view><md.view>CLEAR_RF</md.view><md.view>INBUSNEWS</md.view><md.view>INBANKNEWS_AC</md.view><md.view>INBUSNEWS_AC</md.view></md.subject></md.subjects><md.jurisdictions><md.jurisdiction><md.jurisstate>FE</md.jurisstate></md.jurisdiction></md.jurisdictions><md.publications><md.publication/><md.sourcepubid>ARKANEWS</md.sourcepubid></md.publications><md.royalty><md.royalty.code>77232</md.royalty.code></md.royalty></metadata.block><news.metadata.block><md.text.preview>The monitoring of Armenian media reports regarding the activities of local banks from March 9 to 13 shows that the then most important information was that Prometey Bank had issued March 6 and privately placed EUR 10.0 million long-term</md.text.preview></news.metadata.block><newsplus.recommendable/><n-view>CNAM</n-view><n-view>RGEurope</n-view><n-view>PTMagazines</n-view><n-view>ARKANEWS0064119</n-view><n-view>ININTNEWS_AC</n-view><n-view>INFINNEWS</n-view><n-view>INALLNEWS_ACTEST</n-view><n-view>INFARNEWS_AC</n-view><n-view>ANZ_INTLBTI</n-view><n-view>INALLNEWS_AC</n-view><n-view>CLEAR_RF</n-view><n-view>INBUSNEWS</n-view><n-view>INBANKNEWS_AC</n-view><n-view>INBUSNEWS_AC</n-view><prism-stylesheet guid="Ia3024d301b6a11d89fc5f34981d3242f"/><prism-clipdate>20150316130010</prism-clipdate></n-metadata>
<n-docbody><document version="1" collection="D-ARKANEWS-T001" first-load-date="20150316130010" ip-product="ARKANEWS" royalty-id="77232" data-model="text" dtd-version="5.2.29" content-type="news" load-language="en"><supplier-info><supplier-num nitf="doc-id" nitf-regsrc="ARKA Banking Services Bulletin" type="accession">773900bdcc6c9d18</supplier-num><internal-acc-num db-id="NEPRARKA" type="newz">20150316170.4_V773900bdcc6c9d18</internal-acc-num><rec-status><last-load-date>20150316130010</last-load-date><nitf-date ne="datereceived">20150316T17:58:02Z</nitf-date><nitf-date nitf="date-issue">20150316T00:00:00Z</nitf-date><last-provider-update>20150316175802</last-provider-update></rec-status><supplier-copyright>Copyright Â© 2015 ARKA<copyright-year/><copyright-holder>ARKA</copyright-holder></supplier-copyright><supplier-note nitf="urgency" nitf-ed-urg="4"/><supplier-dtds><dtd dtd-version="working" dtd-date="20150310T00:00:00Z">Canonical Taxonomy</dtd><dtd dtd-version="20150303" dtd-date="20150310T00:00:00Z">Mapping File</dtd></supplier-dtds><copyright-block type="dialog"><service-copyright n-include_guid="Ice671660f30811d88920000083149a14" n-include_collection="D-DIALOGCOPYRIGHTS-T001"/></copyright-block><copyright-block type="west"><service-copyright n-include_guid="I1DA35ED81DD211B281BAD200220BDFCA" n-include_collection="w_wlnv_msg"/></copyright-block><west-citation-block><bop/><first-line-cite><bos/>3/16/15 BANKSVCS (No Page)<eos/></first-line-cite><second-line-cite><bos/>3/16/15 ARKA Banking Services Bull. (Pg. Unavail. Online)<eos/></second-line-cite><westlawcite><bos/>2015 WLNR 7812267<eos/></westlawcite><eop/></west-citation-block></supplier-info><title-info iso-language="en"><bop/><title type="headline" nitf-hedline="hl1" key="key-title"><bos/><sort-title>PRESS-CLIPPING</sort-title><eos/></title><eop/></title-info><pub-info><journal key="key-journal"><bop/><bos/><sort-journal>ARKA Banking Services Bulletin</sort-journal><eos/><eop/></journal><pub-date key="key-date" iso-time="T00:00:00Z" type="date.publication"><full-pub-date>March 16, 2015</full-pub-date><sort-pub-date>20150316</sort-pub-date><sort-pub-timestamp>20150316000000</sort-pub-timestamp><rank-date>20150316</rank-date><currency-timestamp>20150316000000</currency-timestamp></pub-date><original-pub><language iso-language="en">English</language></original-pub><src-data><src-journal-code>ANPY</src-journal-code><src-pub-code>0064119</src-pub-code><src-pub-type>Newsletter</src-pub-type><src-pub-country-wrap><src-pub-country-code>AM</src-pub-country-code><src-pub-country>Armenia</src-pub-country></src-pub-country-wrap><src-pub-region>Europe</src-pub-region></src-data></pub-info><content iso-language="en"><total-char-count>13862</total-char-count><derived-word-count><bop/><bos/>Word Count: 2115<eos/><eop/></derived-word-count><text type="lead-para"><p nitf="lede"><bop/><bos/>The monitoring of Armenian media reports regarding the activities of local banks from March 9 to 13 shows that the then most important information was that <cite.query w-seq-number="00001" w-ref-type="WC" w-normalized-cite="I4522CA3142B311DDA5520014224D2780" ID="I67107780cc0611e4b70dad7742779cf3">Prometey Bank</cite.query> had issued March 6 and privately placed EUR 10.0 million long-term subordinated bonds to a leading Swiss bank, as a result of which the amount of its regulatory total capital has grown by <cite.query w-seq-number="00002" w-ref-type="CO" w-normalized-cite="I27218B6541EC11DDAD6B0014224D2780" ID="I67107781cc0611e4b70dad7742779cf3">AMD</cite.query> 4.2 billion reaching almost <cite.query w-seq-number="00003" w-ref-type="CO" w-normalized-cite="I27218B6541EC11DDAD6B0014224D2780" ID="I67107782cc0611e4b70dad7742779cf3">AMD</cite.query> 23.0 billion.<eos/><eop/></p><p nitf="lede"><bop/><bos/>According to media reports, ACBA-<cite.query w-seq-number="00004" w-ref-type="NM" w-normalized-cite="canonical_name::CREDIT AGRICOLE BANK" ID="I671866c0cc0611e4b70dad7742779cf3">CREDIT AGRICOLE BANK</cite.query> has announced new and reduced prices for using its ACBA-ONLINE system. <eos/><bos/>The bank has also launched a special offer for all football fans.<eos/><eop/></p></text><text type="body"><p><bop/><bos/>Ameriabank has a special offer &apos;I Love Syunik&apos; for customers of its newly opened Kapan branch, which allows them to enjoy the bank&apos;s services at preferential terms.<eos/><eop/></p><p><bop/><bos/>It has also become known from media reports that Russian-owned <cite.query w-seq-number="00005" w-ref-type="WC" w-normalized-cite="IF40B3643453D11DD94140014224D2780" ID="I672cd920cc0611e4b70dad7742779cf3">VTB Bank (Armenia</cite.query>) plans to raise its total capital in summer to meet <cite.query w-seq-number="00006" w-ref-type="MM" w-normalized-cite="canonical_name::CENTRAL BANK" ID="I672cd921cc0611e4b70dad7742779cf3">Central Bank</cite.query>&apos;s new requirement, the bank&apos;s CEO Yuri Gusev said in an interview with local &apos;Golos Armenii&apos; (<cite.query w-seq-number="00007" w-ref-type="NM" w-normalized-cite="canonical_name::VOICE OF ARMENIA" ID="I672cd922cc0611e4b70dad7742779cf3">Voice of Armenia</cite.query>) newspaper.<eos/><eop/></p><p><bop/><bos/>A branch of <cite.query w-seq-number="00008" w-ref-type="CO" w-normalized-cite="IB9397CB0D0D811DF98F8FD3889AD24A2" ID="I6734c860cc0611e4b70dad7742779cf3">VTB Bank</cite.query> (Armenia) in Etchmiadzin, a town 20 km off the capital Yerevan, said it has resumed work after an incident.<eos/><eop/></p><p><bop/><bos/>Inecobank has joined <cite.query w-seq-number="00009" w-ref-type="CO" w-normalized-cite="I601B5000571411E080258F0E01953BF2" ID="I6738e710cc0611e4b70dad7742779cf3">TANDEM</cite.query> money transfer system.<eos/><eop/></p><p><bop/><bos/>The <cite.query w-seq-number="00010" w-ref-type="CO" w-normalized-cite="I706C7C4142B311DDA5520014224D2780" ID="I673d53e0cc0611e4b70dad7742779cf3">Central Bank of Armenia</cite.query> (CBA) has lowered on Thursday the Lombard repo rate by one percentage point to 13.5%. <eos/><bos/>The regulator has also made some changes in obligatory norms for banks to create better environment for attraction of long-term and stable financial resources, which will expand room for lending.<eos/><eop/></p><p><bop/><bos/>The media reports released by newspapers and Internet resources over the period between March 9 and 13 contained information about five commercial banks.<eos/><eop/></p><p><bop/><bos/>Azg, Golos Armenii, Novoe <cite.query w-seq-number="00011" w-ref-type="NM" w-normalized-cite="canonical_name::VREMYA" ID="I67454320cc0611e4b70dad7742779cf3">Vremya</cite.query>, Aravot, Delovoy Express, Hayastani Hanrapetutyun, Respublika Armenia, Haykakan Zhamanak, Hayots Ashkhar, Iravunk, Orakarg, Yerkir, Hraparak, Chorrord Ishkhanutyun, Zhamanak, Zhoghovurd and 168 Zham newspapers were used to collect the information.<eos/><eop/></p><p><bop/><bos/>Panarmenian, ARKA, Armbanks, Banks, Arminfo, Finport and Panorama and <cite.query w-seq-number="00012" w-ref-type="MM" w-normalized-cite="canonical_name::EBANK" ID="I674988e0cc0611e4b70dad7742779cf3">Ebank</cite.query> Internet resources were used as well. ---0---<eos/><eop/></p><section-title>ACBA-CREDIT AGRICOLE REDUCES PRICES FOR USING ACBA-ONLINE SYSTEM</section-title><p><bop/><bos/>ACBA-<cite.query w-seq-number="00013" w-ref-type="NM" w-normalized-cite="canonical_name::CREDIT AGRICOLE BANK" ID="I6750b4d0cc0611e4b70dad7742779cf3">CREDIT AGRICOLE BANK</cite.query> has announced new and reduced prices for using its ACBA-ONLINE system.<eos/><eop/></p><p><bop/><bos/>The bank said new individual customers will pay a onetime payment of 5000 drams instead of previous monthly payment of 1000 drams. <eos/><bos/>Individual customers already using the system will pay nothing, the bank said.<eos/><eop/></p><p><bop/><bos/>The price for corporate customers has been lowered from 5,000 drams to 3000 drams a month.<eos/><eop/></p><p><bop/><bos/>The bank said also it has installed ACBA TOKEN application to create one-time passwords for logging in to ACBA ONLINE.<eos/><eop/></p><p><bop/><bos/>Sources: www.armbanks.am 11.03.2015, www.arkÐ°.am 11.03.2015, www.banks.am 11.03.2015,www.arminfo.am11.03.2015<eos/><eop/></p><section-title>ACBA-CREDIT AGRICOLE BANK LAUNCHES SPECIAL OFFER FOR ALL FOOTBALL FANS</section-title><p><bop/><bos/>ACBA-<cite.query w-seq-number="00014" w-ref-type="NM" w-normalized-cite="canonical_name::CREDIT AGRICOLE BANK" ID="I675b1510cc0611e4b70dad7742779cf3">CREDIT AGRICOLE BANK</cite.query> has launched March 9 a special offer for all football fans.<eos/><eop/></p><p><bop/><bos/>According to a bank&apos;s press release, , the first 1,000 customers who will purchase <cite.query w-seq-number="00015" w-ref-type="NM" w-normalized-cite="canonical_name::MASTERCARD UEFA CHAMPIONS LEAGUE" ID="I677098e0cc0611e4b70dad7742779cf3">MasterCard UEFA Champions League</cite.query> cards, will get also backpacks, purses, t-shirts and 4GB flash memory cards with logos of <cite.query w-seq-number="00016" w-ref-type="MM" w-normalized-cite="canonical_name::MASTERCARD" ID="I677098e1cc0611e4b70dad7742779cf3">MasterCard</cite.query> and <cite.query w-seq-number="00017" w-ref-type="NM" w-normalized-cite="canonical_name::UEFA CHAMPIONS LEAGUE" ID="I677098e2cc0611e4b70dad7742779cf3">UEFA Champions League</cite.query>.<eos/><eop/></p><p><bop/><bos/>&quot;<cite.query w-seq-number="00018" w-ref-type="NM" w-normalized-cite="canonical_name::MASTERCARD UEFA CHAMPIONS LEAGUE" ID="I67792460cc0611e4b70dad7742779cf3">MasterCard UEFA Champions League</cite.query> card is a practical tool for making payment and cash transactions on the territory of Armenia and abroad. <eos/><bos/>Customers can also obtain a credit line with 18-24% annual interest rate, &quot;the press release says.<eos/><eop/></p><p><bop/><bos/>Those customers who will use their <cite.query w-seq-number="00019" w-ref-type="NM" w-normalized-cite="canonical_name::MASTERCARD UEFA CHAMPIONS LEAGUE" ID="I678188d0cc0611e4b70dad7742779cf3">MasterCard UEFA Champions League</cite.query> cards to make payments will have a unique opportunity to choose different symbolic gifts on the official website www.uefa.com in the amount of 1% of the payment.<eos/><eop/></p><p><bop/><bos/>Sources: www.armbanks.am 10.03.2015, www.arka.am 10.03.2015, www.banks.am 10.03.2015,www.arminfo.am10.03.2015,www.panorama.am 10.03.2015<eos/><eop/></p><section-title>AMERIABANK HAS SPECIAL OFFER &apos;I LOVE SYUNIK&apos; FOR CUSTOMERS OF ITS NEW BRANCH</section-title><p><bop/><bos/>Ameriabank has a special offer &apos;I Love Syunik&apos; for customers of its newly opened Kapan branch, which allows them to enjoy the bank&apos;s services at preferential terms, <cite.query w-seq-number="00020" w-ref-type="CO" w-normalized-cite="IC0E94EA04D4211DF8364B0DA947806B1" ID="I67866ad0cc0611e4b70dad7742779cf3">Ameriabank</cite.query>&apos;s press office reported.<eos/><eop/></p><p><bop/><bos/>The bank will issue holiday payment cards for providing additional advantages to its clients, which will be in force till December 31, 2015.<eos/><eop/></p><p><bop/><bos/>The payment cards are available only in Kapan branch between March 6 and April 7.<eos/><eop/></p><p><bop/><bos/>In particular, individuals are proposed an additional one percent to interest rates for all kinds of deposits, a 50-percent discount for internet banking and an adjoining card to &apos;I Love Syunik&apos; card.<eos/><eop/></p><p><bop/><bos/>The offer implies also preferential terms for a number of the bank&apos;s services.<eos/><eop/></p><p><bop/><bos/>Sources: www.arkÐ°.am 09.03.2015, www.finport.am 09.03.2015,www.arminfo.am 09.03.2015,<eos/><eop/></p><p><bop/><bos/><cite.query w-seq-number="00021" w-ref-type="NM" w-normalized-cite="canonical_name::DELOVOY EXPRESS" ID="I679537e0cc0611e4b70dad7742779cf3">Delovoy Express</cite.query> 13.03.2015<eos/><eop/></p><section-title>GUSEV: ARMENIAN REGULATOR&apos;S STEPS FOR TAMING THINGS IN FOREX MARKET WERE ADEQUATE</section-title><p><bop/><bos/>VTB Bank (Armenia) CEO Yuri Gusev thinks the <cite.query w-seq-number="00022" w-ref-type="CO" w-normalized-cite="I706C7C4142B311DDA5520014224D2780" ID="I6799f2d0cc0611e4b70dad7742779cf3">Central Bank of Armenia</cite.query> has taken quite adequate steps to tame things in the forex market.<eos/><eop/></p><p><bop/><bos/>He said these steps have produced particular visible results - the national currency&apos;s exchange rate was stabilized and panic was snubbed.<eos/><eop/></p><p><bop/><bos/>&quot;But, as a banker, I would like the regulator to act smoother,&quot; Gusev said, &quot;Now, looking back at the December-January situation, we can say that everything has been done properly. <eos/><bos/>Maybe it was possible to change something, but as a whole, the central bank has taken well-thought-out measures and, what is very important, very quickly. <eos/><bos/>It is not so easy to make such decisions in one our or one day.&quot;<eos/><eop/></p><p><bop/><bos/>Sources: Golos Armenii 12.03.2015, www.armbanks.am 12.03.2015<eos/><eop/></p><section-title>VTB BANK (ARMENIA) TO RAISE ITS TOTAL CAPITAL IN SUMMER TO MEET CENTRAL BANK&apos;S NEW REQUIREMENT</section-title><p><bop/><bos/>VTB Bank (Armenia) plans to raise its total capital in summer to meet <cite.query w-seq-number="00023" w-ref-type="MM" w-normalized-cite="canonical_name::CENTRAL BANK" ID="I67a98330cc0611e4b70dad7742779cf3">Central Bank</cite.query>&apos;s new requirement, the bank&apos;s CEO Yuri Gusev said in an interview with local &apos;Golos Armenii&apos; (<cite.query w-seq-number="00024" w-ref-type="NM" w-normalized-cite="canonical_name::VOICE OF ARMENIA" ID="I67a98331cc0611e4b70dad7742779cf3">Voice of Armenia</cite.query>) newspaper. <eos/><bos/>He said a decision to this end had already been made by the bank&apos;s shareholder.<eos/><eop/></p><p><bop/><bos/>Earlier this year Armenia&apos;s <cite.query w-seq-number="00025" w-ref-type="MM" w-normalized-cite="canonical_name::CENTRAL BANK" ID="I67af0170cc0611e4b70dad7742779cf3">Central Bank</cite.query> decided to raise the minimum amount of commercial banks&apos; total capital to 30 billion drams from the current 5 billion drams from January 1, 2017. <eos/><bos/>The regulator said the measure is aimed at encouraging mergers and consolidation of banks, which is expected to create a sound competitive environment and make banking services more available. <eos/><bos/>The regulator said also it expects this measure to increase the flexibility and the ability of the banking system to withstand shocks in different economic situations, and help advance financial intermediation.<eos/><eop/></p><p><bop/><bos/>According to VTB Bank (Armenia) CEO, &apos;competition is a good thing, however an increase in total capital does not give a bank a competitive advantage.&apos;<eos/><eop/></p><p><bop/><bos/>&quot;We need to invest in technology, the staff, business development strategy and banking tools and this is more complicated than just raising capital. <eos/><bos/>Banks have become more technologically advanced,&quot; Gusev said.<eos/><eop/></p><p><bop/><bos/>Sources: Golos Armenii 12.03.2015, www.armbanks.am 12.03.2015<eos/><eop/></p><section-title>VTB BANK (ARMENIA) RESUMES WORK AFTER ATTACK</section-title><p><bop/><bos/>A branch of Russian-owned VTB Bank (Armenia) in Etchmiadzin, a town 20 km off the capital Yerevan, said it has resumed work after an incident happened earlier.<eos/><eop/></p><p><bop/><bos/>According to a bank&apos;s press release, a man burst into the bank&apos;s branch and demanded money from employees. <eos/><bos/>Security officers managed to detain him. <eos/><bos/>No one was injured and the branch has resumed work, <cite.query w-seq-number="00026" w-ref-type="WC" w-normalized-cite="IF40B3643453D11DD94140014224D2780" ID="I67b6a290cc0611e4b70dad7742779cf3">VTB Bank (Armenia</cite.query>) said.<eos/><eop/></p><p><bop/><bos/>It said the local police have opened a criminal case. <eos/><bos/>According to media reports, the assailant is a resident of Etchmiadzin, born in 1977. <eos/><bos/>The man used a toy gun to scare the staff.<eos/><eop/></p><p><bop/><bos/>Sources: www.armbanks.am 11.03.2015, www.banks.am 11.03.2015<eos/><eop/></p><section-title>PROMETEY BANK RAISES ITS REGULATORY CAPITAL TO 23 BILLION DRAMS</section-title><p><bop/><bos/><cite.query w-seq-number="00027" w-ref-type="WC" w-normalized-cite="I4522CA3142B311DDA5520014224D2780" ID="I67c4ac50cc0611e4b70dad7742779cf3">Prometey Bank</cite.query> said it had issued March 6 and privately placed EUR 10.0 million long-term subordinated bonds to a leading Swiss bank, as a result of which the amount of its regulatory total capital has grown by <cite.query w-seq-number="00028" w-ref-type="CO" w-normalized-cite="I27218B6541EC11DDAD6B0014224D2780" ID="I67c4ac51cc0611e4b70dad7742779cf3">AMD</cite.query> 4.2 billion reaching almost <cite.query w-seq-number="00029" w-ref-type="CO" w-normalized-cite="I27218B6541EC11DDAD6B0014224D2780" ID="I67c4ac52cc0611e4b70dad7742779cf3">AMD</cite.query> 23.0 billion.<eos/><eop/></p><p><bop/><bos/>The issuance of long-term subordinated bonds derives from the concept of <cite.query w-seq-number="00030" w-ref-type="WC" w-normalized-cite="I4522CA3142B311DDA5520014224D2780" ID="I67d1cbb0cc0611e4b70dad7742779cf3">Prometey Bank</cite.query>&apos;s Long-Term Strategic Development Program and is aimed at the accomplishment of the issues stipulated in it, including the accomplishment of tightened requirements of <cite.query w-seq-number="00031" w-ref-type="CO" w-normalized-cite="I68D1FDE542B111DD961A0014224D2780" ID="I67d1cbb1cc0611e4b70dad7742779cf3">CBA</cite.query> on the minimum amount of regulatory total capital of the banks as of January 1, 2017 with <cite.query w-seq-number="00032" w-ref-type="WC" w-normalized-cite="I4522CA3142B311DDA5520014224D2780" ID="I67d1cbb2cc0611e4b70dad7742779cf3">Prometey Bank</cite.query>&apos;s own resources.<eos/><eop/></p><p><bop/><bos/>Sources: www.armbanks.am 09.03.2015, www.banks.am 09.03.2015,www.arminfo.am 09.03.2015<eos/><eop/></p><section-title>INECOBANK JOINS TANDEM MONEY TRANSFER SYSTEM</section-title><p><bop/><bos/>Inecobank has joined <cite.query w-seq-number="00033" w-ref-type="CO" w-normalized-cite="I601B5000571411E080258F0E01953BF2" ID="I67d6adb0cc0611e4b70dad7742779cf3">TANDEM</cite.query> money transfer system. <eos/><bos/>Transfers are operated on this system in US dollars, Euros, Russian rubles and Armenian drams and they reach destination within a few seconds.<eos/><eop/></p><p><bop/><bos/>Maximum size of one remittance is 10,000 USD/EUR, 500,000 Russian rubles or 4 million Armenian drams.<eos/><eop/></p><p><bop/><bos/>Sources: www.finport.am 11.03.2015, www.banks.am 11.03.2015,www.arminfo.am 11.03.2015, Golos Armenii 12.03.2015<eos/><eop/></p><section-title>ARMENIA&apos;S CENTRAL BANK LOWERS LOMBARD REPO RATE BY 1 PERCENTAGE POINT TO 13.5%</section-title><p><bop/><bos/>The council of the <cite.query w-seq-number="00034" w-ref-type="CO" w-normalized-cite="I706C7C4142B311DDA5520014224D2780" ID="I67e1f850cc0611e4b70dad7742779cf3">Central Bank of Armenia</cite.query> (<cite.query w-seq-number="00035" w-ref-type="CO" w-normalized-cite="I68D1FDE542B111DD961A0014224D2780" ID="I67e1f851cc0611e4b70dad7742779cf3">CBA</cite.query>) lowered on Thursday the Lombard repo rate by one percentage point to 13.5%, <cite.query w-seq-number="00036" w-ref-type="CO" w-normalized-cite="I68D1FDE542B111DD961A0014224D2780" ID="I67e1f852cc0611e4b70dad7742779cf3">CBA</cite.query>&apos;s press office reported.<eos/><eop/></p><p><bop/><bos/>Earlier, the regulator lowered the Lombard repo rate from 17% to 14.5%. <eos/><bos/>The aim of the gradual lowering of the rate is to reduce high interest rates in the financial market. <eos/><bos/>The current refinancing rate is 10.5%.<eos/><eop/></p><p><bop/><bos/>Sources: www.armbanks.am 12.03.2015, www.finport.am 12.03.2015<eos/><eop/></p><section-title>ARMENIAN REGULATOR CHANGES NORMS FOR BANKS TO SPUR ATTRACTION OF LONG-TERM FINANCIAL RESOURCES</section-title><p><bop/><bos/>The <cite.query w-seq-number="00037" w-ref-type="CO" w-normalized-cite="I706C7C4142B311DDA5520014224D2780" ID="I67e812d0cc0611e4b70dad7742779cf3">Central Bank of Armenia</cite.query> has made some changes in obligatory norms for banks to create better environment for attraction of long-term and stable financial resources, which will expand room for lending.<eos/><eop/></p><p><bop/><bos/>As a result, the list of those international financial organizations whose lent financial resources are subject to mandatory reservation at the lowered rate is significantly expanded now.<eos/><eop/></p><p><bop/><bos/>Sources: www.armbanks.am 12.03.2015, www.banks.am 12.03.2015, www.panorama.am 12.03.2015<eos/><eop/></p><section-title>ARMENIAN BANKS&apos; CREDIT INVESTMENTS IN RESIDENT ECONOMY DROP TO AMD 1. 9 TRLN IN JANUARY</section-title><p><bop/><bos/>Loans extended by Armenian commercial banks to residents totaled <cite.query w-seq-number="00038" w-ref-type="CO" w-normalized-cite="I27218B6541EC11DDAD6B0014224D2780" ID="I67f1afc0cc0611e4b70dad7742779cf3">AMD</cite.query> 1,976 billion drams as of the end of January, a decline of 1.7% over the month, the <cite.query w-seq-number="00039" w-ref-type="CO" w-normalized-cite="I706C7C4142B311DDA5520014224D2780" ID="I67f1afc1cc0611e4b70dad7742779cf3">Central Bank of Armenia</cite.query> reports ot its official website.<eos/><eop/></p><p><bop/><bos/>According to the regulator&apos;s report, consumer loans dominated the banks&apos; aggregate loan portfolio in late January and accounted for 22.56%. <eos/><bos/>Consumer loans amounted to a total of about <cite.query w-seq-number="00040" w-ref-type="CO" w-normalized-cite="I27218B6541EC11DDAD6B0014224D2780" ID="I67f5f580cc0611e4b70dad7742779cf3">AMD</cite.query> 445.7 billion after having hiked by 1.3% over the month.<eos/><eop/></p><p><bop/><bos/>Loans to industries amounted to <cite.query w-seq-number="00041" w-ref-type="CO" w-normalized-cite="I27218B6541EC11DDAD6B0014224D2780" ID="I6809cba0cc0611e4b70dad7742779cf3">AMD</cite.query> 419.1 billion in the reporting period (2.32% decline), those to trade sector was <cite.query w-seq-number="00042" w-ref-type="CO" w-normalized-cite="I27218B6541EC11DDAD6B0014224D2780" ID="I6809cba1cc0611e4b70dad7742779cf3">AMD</cite.query> 369.5 billion (reduction of 4.34%).<eos/><bos/> Mortgage loans amounted to a total of about <cite.query w-seq-number="00043" w-ref-type="CO" w-normalized-cite="I27218B6541EC11DDAD6B0014224D2780" ID="I6809cba2cc0611e4b70dad7742779cf3">AMD</cite.query> 171 billion (0.8% reduction).<eos/><bos/> Lending to services sector was <cite.query w-seq-number="00044" w-ref-type="CO" w-normalized-cite="I27218B6541EC11DDAD6B0014224D2780" ID="I6809cba3cc0611e4b70dad7742779cf3">AMD</cite.query> 133.9 billion (0.16% increase).<eos/><bos/> Agriculture received <cite.query w-seq-number="00045" w-ref-type="CO" w-normalized-cite="I27218B6541EC11DDAD6B0014224D2780" ID="I6809cba4cc0611e4b70dad7742779cf3">AMD</cite.query> 126.9 billion in loans (0.48% decline) in the reporting month. <eos/><bos/>Loans to construction were AMD 123 billion (0.93% decline) and lending to transport and communications were <cite.query w-seq-number="00046" w-ref-type="CO" w-normalized-cite="I27218B6541EC11DDAD6B0014224D2780" ID="I6809cba5cc0611e4b70dad7742779cf3">AMD</cite.query> 46.9 billion (6% growth).<eos/><eop/></p><p><bop/><bos/>Lending to other areas amounted to a total of <cite.query w-seq-number="00047" w-ref-type="CO" w-normalized-cite="I27218B6541EC11DDAD6B0014224D2780" ID="I680d7520cc0611e4b70dad7742779cf3">AMD</cite.query> 139.7 billion in the period (0.9% decline).<eos/><eop/></p><p><bop/><bos/>Source: www.armbanks.am 11.03.2015<eos/><eop/></p><section-title>FARMER LENDING IN ARMENIA TO BE REGULATED BY CONSUMER LENDING LAW</section-title><p><bop/><bos/>Farmer lending in Armenia will be regulated by the consumer lending law, Gagik Khachatryan, Armenian finance minister, said Tuesday presenting amendments to the law at a <cite.query w-seq-number="00048" w-ref-type="MM" w-normalized-cite="canonical_name::CABINET" ID="I6815b280cc0611e4b70dad7742779cf3">Cabinet</cite.query> meeting.<eos/><eop/></p><p><bop/><bos/>In his words, farmer lending hasn&apos;t been regulated at all before that, and residents of rural areas were more vulnerable given low level of financial awareness and high risks as well as the lack of insurance and seasonality of work here.<eos/><eop/></p><p><bop/><bos/>Khachatryan said that in accordance with the amendments, the law applies to up-to-AMD 2-million farmer loans.<eos/><eop/></p><p><bop/><bos/>The amended law will make it possible to set minimum requirements to loan contracts and actual annual interest rates, and this will give farmers an opportunity to borrow money at lower annual interest rates.<eos/><eop/></p><p><bop/><bos/>Source: www.armbanks.am 10.03.2015<eos/><eop/></p><section-title>DEPOSITS IN ARMENIAN BANKS DROP TO 1.7 TRLN IN JANUARY</section-title><p><bop/><bos/>Residents&apos; deposits in Armenia&apos;s commercial banks fell by 1.6% in January to 1,729.5 billion drams as of the end of the month.<eos/><eop/></p><p><bop/><bos/>The <cite.query w-seq-number="00049" w-ref-type="WC" w-normalized-cite="I09730A601D8E11DF92A4E17263A55917" ID="I681f9d90cc0611e4b70dad7742779cf3">National Statistical Service</cite.query> says deposits from residents amounted to 1,314.2 billion drams in the reporting month, a reduction of 0.4%. <eos/><bos/>Resident deposits in drams totaled 467.1 billion drams (1.2% decline), those in foreign currency were 847.1 billion drams (0.04% increase).<eos/><eop/></p><p><bop/><bos/>Decline in deposits in the commercial banks was recorded after the dram devaluation in December 2014, mainly due to reduction in call deposits from residents. <eos/><bos/>Call deposits dropped by 7.7% over the month to 166.5 billion drams as of the end of January.<eos/><eop/></p><p><bop/><bos/>According to the information, call deposits from residents totaled about 379.5 billion drams (reduction of 2.5%) at the end of January, accounting for 28.8% of all deposits, of it 166.5 billion drams in the national currency and 212.9 billion drams in foreign currency.<eos/><eop/></p><p><bop/><bos/>Time deposits from residents amounted to 934.6 billion drams (0.5% increase); of it 300.5bln drams in the local currency and 634.1 bln drams in foreign currency.<eos/><eop/></p><p><bop/><bos/>Source: www.armbanks.am 10.03.2015<eos/><eop/></p><section-title>ARMENIAN BANKS&apos; OVERDUE LOANS IN JANUARY 2015 WERE 10% HIGHER FROM PREVIOUS MONTH</section-title><p><bop/><bos/>Armenian commercial banks&apos; overdue loans in January 2015 were 10% higher when compared to the previous month, standing at 35.8 billion drams or 1.7% of the total lending, the <cite.query w-seq-number="00050" w-ref-type="WC" w-normalized-cite="I09730A601D8E11DF92A4E17263A55917" ID="I682a24e0cc0611e4b70dad7742779cf3">National Statistical Service</cite.query> (NSS) said today. <eos/><bos/>It said about 67% or 23.99 billion drams of overdue loans were short-term loans.<eos/><eop/></p><p><bop/><bos/>At the same time, the extended loans stood at approximately 125.5 billion drams, by 1.8% higher from the previous month, of which about 51 billion drams were short-term loans.<eos/><eop/></p><p><bop/><bos/>According to <cite.query w-seq-number="00051" w-ref-type="MM" w-normalized-cite="canonical_name::NSS" ID="I682f2df0cc0611e4b70dad7742779cf3">NSS</cite.query>, credit investments of the banks in January 2015 were by 2.7% lower from the previous month standing at over 1.9 trillion drams. <eos/><bos/>Of that amount the equivalent of about 1.3 trillion drams were foreign currency loans.<eos/><eop/></p><p><bop/><bos/>Source: www.armbanks.am 09.03.2015<eos/><eop/></p></text></content><indexing iso-language="en" value-add="machine-generated"><classification-terms><pres-location-block><bop/><bos/><pres-location-wrap><pres-location>Armenia</pres-location><pres-location-code>ISOAM</pres-location-code><alt1-location-code>1AR09</alt1-location-code></pres-location-wrap><pres-location-wrap><pres-location>Asia</pres-location><pres-location-code>GEOASIA</pres-location-code><alt1-location-code>1AS61</alt1-location-code></pres-location-wrap><pres-location-wrap><pres-location>CIS Countries</pres-location><pres-location-code>CISSTAT</pres-location-code><alt1-location-code>1CI64</alt1-location-code></pres-location-wrap><pres-location-wrap><pres-location>Central Europe</pres-location><pres-location-code>GEOCEUR</pres-location-code><alt1-location-code>1CE50</alt1-location-code></pres-location-wrap><pres-location-wrap><pres-location>Eastern Europe</pres-location><pres-location-code>GEOEEUR</pres-location-code><alt1-location-code>1EA48</alt1-location-code></pres-location-wrap><pres-location-wrap><pres-location>Europe</pres-location><pres-location-code>GEOEUR</pres-location-code><alt1-location-code>1EU83</alt1-location-code></pres-location-wrap><pres-location-wrap><pres-location>Russia</pres-location><pres-location-code>ISORU</pres-location-code><alt1-location-code>1RU33</alt1-location-code></pres-location-wrap><pres-location-wrap><pres-location>Switzerland</pres-location><pres-location-code>ISOCH</pres-location-code><alt1-location-code>1SW77</alt1-location-code></pres-location-wrap><pres-location-wrap><pres-location>Western Europe</pres-location><pres-location-code>GEOWEUR</pres-location-code><alt1-location-code>1WE41</alt1-location-code></pres-location-wrap><eos/><eop/></pres-location-block></classification-terms><classification-terms><pres-subject-block><bop/><bos/><pres-subject-wrap><pres-subject>CIS</pres-subject><pres-subject-code>GEOCIS</pres-subject-code><alt1-subject-code>1CI65</alt1-subject-code></pres-subject-wrap><pres-subject-wrap><pres-subject>Economic Policy &amp; Policymakers</pres-subject><pres-subject-code>ECONRULE</pres-subject-code><alt1-subject-code>1EC69</alt1-subject-code></pres-subject-wrap><pres-subject-wrap><pres-subject>Economics &amp; Trade</pres-subject><pres-subject-code>TRADE</pres-subject-code><alt1-subject-code>1EC26</alt1-subject-code></pres-subject-wrap><pres-subject-wrap><pres-subject>Emerging Market Countries</pres-subject><pres-subject-code>EMERGING</pres-subject-code><alt1-subject-code>1EM65</alt1-subject-code></pres-subject-wrap><pres-subject-wrap><pres-subject>Monetary Policy</pres-subject><pres-subject-code>PTMONET</pres-subject-code><alt1-subject-code>1MO18</alt1-subject-code></pres-subject-wrap><pres-subject-wrap><pres-subject>World Organizations</pres-subject><pres-subject-code>GEOORGS</pres-subject-code><alt1-subject-code>1IN77</alt1-subject-code></pres-subject-wrap><eos/><eop/></pres-subject-block><pres-industry-block><bop/><bos/><pres-industry-wrap><pres-industry>Banking</pres-industry><pres-industry-code>BANKOVER</pres-industry-code><alt1-industry-code>1BA20</alt1-industry-code></pres-industry-wrap><pres-industry-wrap><pres-industry>Champions League</pres-industry><pres-industry-code>CHLEAGUE</pres-industry-code><alt1-industry-code>1CH02</alt1-industry-code></pres-industry-wrap><pres-industry-wrap><pres-industry>Commercial Banking Services</pres-industry><pres-industry-code>BANKCOML</pres-industry-code><alt1-industry-code>1CO19</alt1-industry-code></pres-industry-wrap><pres-industry-wrap><pres-industry>Entertainment</pres-industry><pres-industry-code>SHOWBIZ</pres-industry-code><alt1-industry-code>1EN08</alt1-industry-code></pres-industry-wrap><pres-industry-wrap><pres-industry>Financial Services</pres-industry><pres-industry-code>FINSVC</pres-industry-code><alt1-industry-code>1FI37</alt1-industry-code></pres-industry-wrap><pres-industry-wrap><pres-industry>Financial Services Regulatory</pres-industry><pres-industry-code>FINREG</pres-industry-code><alt1-industry-code>1FI03</alt1-industry-code></pres-industry-wrap><pres-industry-wrap><pres-industry>Loans</pres-industry><pres-industry-code>LOANS</pres-industry-code><alt1-industry-code>1LO12</alt1-industry-code></pres-industry-wrap><pres-industry-wrap><pres-industry>Major Central Banks</pres-industry><pres-industry-code>MAJCBANK</pres-industry-code><alt1-industry-code>1MA01</alt1-industry-code></pres-industry-wrap><pres-industry-wrap><pres-industry>Retail Banking Services</pres-industry><pres-industry-code>RTBNKOVR</pres-industry-code><alt1-industry-code>1RE38</alt1-industry-code></pres-industry-wrap><pres-industry-wrap><pres-industry>Soccer</pres-industry><pres-industry-code>SOCCRWW</pres-industry-code><alt1-industry-code>1SO61</alt1-industry-code></pres-industry-wrap><pres-industry-wrap><pres-industry>Sports</pres-industry><pres-industry-code>SPORTS</pres-industry-code><alt1-industry-code>1SP75</alt1-industry-code></pres-industry-wrap><eos/><eop/></pres-industry-block></classification-terms><classification-terms><rcs-block><rcs>A:E</rcs><rcs>M:3</rcs><rcs>B:129</rcs><rcs>B:69</rcs><rcs>G:Y</rcs><rcs>M:8</rcs><rcs>G:7I</rcs><rcs>B:131</rcs><rcs>B:86</rcs><rcs>G:1</rcs><rcs>G:AJ</rcs><rcs>G:B</rcs><rcs>E:5</rcs><rcs>G:A</rcs><rcs>G:B2</rcs><rcs>B:127</rcs><rcs>B:128</rcs><rcs>B:125</rcs><rcs>G:38</rcs><rcs>B:126</rcs><rcs>E:B</rcs><rcs>G:30</rcs><rcs>G:3</rcs><rcs>M:W</rcs><rcs>B:91</rcs><rcs>G:K</rcs><rcs>M:6Y</rcs><rcs>M:50</rcs></rcs-block></classification-terms><extraction-terms><extr-company-block><bop/><bos/><extr-company>168 Zham</extr-company><extr-company-wrap><extr-company-name>168 Zham</extr-company-name><relevancy engine="1C">0.2</relevancy><confidence engine="1C">0.73</confidence></extr-company-wrap><extr-company>BANK&apos;S NEW REQUIREMENTVTB Bank</extr-company><extr-company-wrap><extr-company-name>BANK&apos;S NEW REQUIREMENTVTB Bank</extr-company-name><relevancy engine="1C">0.2</relevancy><confidence engine="1C">0.71</confidence></extr-company-wrap><extr-company>Russian-owned VTB Bank</extr-company><extr-company-wrap><extr-company-name>Russian-owned VTB Bank</extr-company-name><relevancy engine="1C">0.2</relevancy><confidence engine="1C">0.63</confidence></extr-company-wrap><extr-company>www.armbanks.am 12.03.2015VTB BANK</extr-company><extr-company-wrap><extr-company-name>www.armbanks.am 12.03.2015VTB BANK</extr-company-name><relevancy engine="1C">0.2</relevancy><confidence engine="1C">0.63</confidence></extr-company-wrap><norm-company oa-id="4297575894">ACBA CREDIT AGRICOLE BANK CLOSED JSK</norm-company><norm-company-wrap><norm-company-name>ACBA CREDIT AGRICOLE BANK CLOSED JSK</norm-company-name><company-ids><oa-id>4297575894</oa-id></company-ids><company-classification><trbc-wrap><trbc type="RCS">B:128</trbc><trbc type="2012">55101010</trbc><trbc type="perm-id">4294952873</trbc></trbc-wrap></company-classification><relevancy engine="1C">0.2</relevancy><confidence engine="1C">0.77</confidence></norm-company-wrap><norm-company oa-id="4297735232">AMD INDUSTRIES LTD</norm-company><norm-company-wrap><norm-company-name>AMD INDUSTRIES LTD</norm-company-name><company-ids><oa-id>4297735232</oa-id><ric norm="AMDM.NS">AMDM.NS</ric></company-ids><company-classification><trbc-wrap><trbc type="RCS">B:1126</trbc><trbc type="2012">5130201010</trbc><trbc type="perm-id">4294951875</trbc></trbc-wrap></company-classification><relevancy engine="1C">0.8</relevancy><confidence engine="1C">0.79</confidence></norm-company-wrap><norm-company oa-id="5000943280">AMERIABANK CJSC</norm-company><norm-company-wrap><norm-company-name>AMERIABANK CJSC</norm-company-name><company-ids><oa-id>5000943280</oa-id></company-ids><company-classification><trbc-wrap><trbc type="RCS">B:1615</trbc><trbc type="2012">5510101010</trbc><trbc type="perm-id">4294951386</trbc></trbc-wrap></company-classification><relevancy engine="1C">0.2</relevancy><confidence engine="1C">0.73</confidence></norm-company-wrap><norm-company oa-id="8589934312">CREDIT AGRICOLE SA</norm-company><norm-company-wrap><norm-company-name>CREDIT AGRICOLE SA</norm-company-name><company-ids><oa-id>8589934312</oa-id><ric norm="CAGR.PA">CAGR.PA</ric></company-ids><company-classification><trbc-wrap><trbc type="RCS">B:1615</trbc><trbc type="2012">5510101010</trbc><trbc type="perm-id">4294951386</trbc></trbc-wrap></company-classification><relevancy engine="1C">0.2</relevancy><confidence engine="1C">0.96</confidence></norm-company-wrap><norm-company oa-id="4297927063">INECOBANK CLOSED JSK</norm-company><norm-company-wrap><norm-company-name>INECOBANK CLOSED JSK</norm-company-name><company-ids><oa-id>4297927063</oa-id></company-ids><relevancy engine="1C">0.2</relevancy><confidence engine="1C">0.66</confidence></norm-company-wrap><norm-company oa-id="4295902520">MASTERCARD INC</norm-company><norm-company-wrap><norm-company-name>MASTERCARD INC</norm-company-name><company-ids><oa-id>4295902520</oa-id><ric norm="MA.N">MA.N</ric></company-ids><company-classification><trbc-wrap><trbc type="RCS">B:1236</trbc><trbc type="2012">5220304027</trbc><trbc type="perm-id">4294951765</trbc></trbc-wrap></company-classification><relevancy engine="1C">0.2</relevancy><confidence engine="1C">0.94</confidence></norm-company-wrap><norm-company oa-id="4296426475">PANORAMA PETROLEUM INC</norm-company><norm-company-wrap><norm-company-name>PANORAMA PETROLEUM INC</norm-company-name><company-ids><oa-id>4296426475</oa-id><ric norm="PPA.V">PPA.V</ric></company-ids><company-classification><trbc-wrap><trbc type="RCS">B:1004</trbc><trbc type="2012">5010202010</trbc><trbc type="perm-id">4294951997</trbc></trbc-wrap></company-classification><relevancy engine="1C">0.2</relevancy><confidence engine="1C">0.74</confidence></norm-company-wrap><norm-company oa-id="5001093990">PROMETEY BANK LLC</norm-company><norm-company-wrap><norm-company-name>PROMETEY BANK LLC</norm-company-name><company-ids><oa-id>5001093990</oa-id></company-ids><relevancy engine="1C">0.8</relevancy><confidence engine="1C">0.71</confidence></norm-company-wrap><norm-company oa-id="4295898305">TANDEM GROUP PLC</norm-company><norm-company-wrap><norm-company-name>TANDEM GROUP PLC</norm-company-name><company-ids><oa-id>4295898305</oa-id><ric norm="TND.L">TND.L</ric></company-ids><company-classification><trbc-wrap><trbc type="RCS">B:1391</trbc><trbc type="2012">5320502010</trbc><trbc type="perm-id">4294951610</trbc></trbc-wrap></company-classification><relevancy engine="1C">0.2</relevancy><confidence engine="1C">0.8</confidence></norm-company-wrap><norm-company oa-id="4296676289">TOTAL CAPITAL SA</norm-company><norm-company-wrap><norm-company-name>TOTAL CAPITAL SA</norm-company-name><company-ids><oa-id>4296676289</oa-id></company-ids><company-classification><trbc-wrap><trbc type="RCS">B:1627</trbc><trbc type="2012">5510105010</trbc><trbc type="perm-id">4294951374</trbc></trbc-wrap></company-classification><relevancy engine="1C">0.2</relevancy><confidence engine="1C">0.88</confidence></norm-company-wrap><norm-company oa-id="4295887248">VTB BANK (OPEN JOINT STOCK COMPANY)</norm-company><norm-company-wrap><norm-company-name>VTB BANK (OPEN JOINT STOCK COMPANY)</norm-company-name><company-ids><oa-id>4295887248</oa-id><ric norm="VTBR.MM">VTBR.MM</ric></company-ids><company-classification><trbc-wrap><trbc type="RCS">B:1615</trbc><trbc type="2012">5510101010</trbc><trbc type="perm-id">4294951386</trbc></trbc-wrap></company-classification><relevancy engine="1C">0.2</relevancy><confidence engine="1C">0.94</confidence></norm-company-wrap><norm-company oa-id="4295901746">EBANK FINANCIAL SERVICES INC</norm-company><norm-company-wrap><norm-company-name>EBANK FINANCIAL SERVICES INC</norm-company-name><company-ids><oa-id>4295901746</oa-id><ric norm="EBDC.PK">EBDC.PK</ric></company-ids><company-classification><trbc-wrap><trbc type="RCS">B:1615</trbc><trbc type="2012">5510101010</trbc><trbc type="perm-id">4294951386</trbc></trbc-wrap></company-classification><relevancy engine="1C">0.2</relevancy><confidence engine="1C">0.83</confidence></norm-company-wrap><eos/><eop/></extr-company-block></extraction-terms><extraction-terms><extr-person-block><bop/><bos/><extr-person>Etchmiadzin</extr-person><extr-person-wrap><extr-person-name>Etchmiadzin</extr-person-name><relevancy engine="1C">0.2</relevancy></extr-person-wrap><extr-person>Yuri Gusev</extr-person><extr-person-wrap><extr-person-name>Yuri Gusev</extr-person-name><relevancy engine="1C">0.2</relevancy></extr-person-wrap><extr-person>Gagik Khachatryan</extr-person><extr-person-wrap><extr-person-name>Gagik Khachatryan</extr-person-name><relevancy engine="1C">0.2</relevancy></extr-person-wrap><eos/><eop/></extr-person-block></extraction-terms></indexing></document></n-docbody>
</n-document>
<n-document guid="Ibf15c7b0cbf111e49233ad24c098f9fa"><n-metadata><metadata.block><md.identifiers><md.cites><md.first.line.cite>3/16/15 NEWS 00:00:00</md.first.line.cite><md.second.line.cite>3/16/15 ARKA News Agency 00:00:00</md.second.line.cite></md.cites><md.uuid>Ibf15c7b0cbf111e49233ad24c098f9fa</md.uuid></md.identifiers><md.infotype>news</md.infotype><md.sortkeys><md.ordersequence>f47363bec</md.ordersequence></md.sortkeys><md.descriptions><md.title>BLACKBERRY UNVEILS SECUTABLET</md.title><md.westlawdescrip><md.readlist>READLIST</md.readlist></md.westlawdescrip></md.descriptions><md.dates><md.publisheddatetime>20150316104108</md.publisheddatetime><md.loaddate>20150316</md.loaddate><md.createddatetime>20150316104108</md.createddatetime></md.dates><md.subjects><md.subject><md.pubtype.name/><md.doctype.name>DNR</md.doctype.name><md.doctype.rank/><md.view>CNGE</md.view><md.view>RGEurope</md.view><md.view>PTNewswires</md.view><md.view>ARKANEWS0063786</md.view><md.view>INALLNEWS_ACTEST</md.view><md.view>INFARNEWS_AC</md.view><md.view>MARKETSEIKON_CN</md.view><md.view>MARKETSEIKON</md.view><md.view>CB_ASIAWIRES</md.view><md.view>INWIRES_AC</md.view><md.view>GULF_INTL</md.view><md.view>ININTNEWS_AC</md.view><md.view>ANZ_INTLOS</md.view><md.view>CLEAR_RF</md.view><md.view>INALLNEWS_AC</md.view><md.view>INNEWSINT_PRO</md.view><md.view>INBUSNEWS</md.view><md.view>INNEWSWORLD_PRO</md.view><md.view>INBUSNEWS_AC</md.view></md.subject></md.subjects><md.jurisdictions><md.jurisdiction><md.jurisstate>FE</md.jurisstate></md.jurisdiction></md.jurisdictions><md.publications><md.publication/><md.sourcepubid>ARKANEWS</md.sourcepubid></md.publications><md.royalty><md.royalty.code>84104</md.royalty.code></md.royalty></metadata.block><news.metadata.block><md.text.preview>INFORMATION TECHNOLOGIESYEREVAN, March 16. /ARKA/. BlackBerry has unveiled SecuTABLET, which is a collaborative effort, created by Secusmart, owned by BlackBerry, in collaboration with IBM and based on the Samsung Galaxy Tab S 10.5, Newsru.com</md.text.preview></news.metadata.block><newsplus.recommendable>1</newsplus.recommendable><n-view>CNGE</n-view><n-view>RGEurope</n-view><n-view>PTNewswires</n-view><n-view>ARKANEWS0063786</n-view><n-view>INALLNEWS_ACTEST</n-view><n-view>INFARNEWS_AC</n-view><n-view>MARKETSEIKON_CN</n-view><n-view>MARKETSEIKON</n-view><n-view>CB_ASIAWIRES</n-view><n-view>INWIRES_AC</n-view><n-view>GULF_INTL</n-view><n-view>ININTNEWS_AC</n-view><n-view>ANZ_INTLOS</n-view><n-view>CLEAR_RF</n-view><n-view>INALLNEWS_AC</n-view><n-view>INNEWSINT_PRO</n-view><n-view>INBUSNEWS</n-view><n-view>INNEWSWORLD_PRO</n-view><n-view>INBUSNEWS_AC</n-view><prism-stylesheet guid="Ia3024d301b6a11d89fc5f34981d3242f"/><prism-clipdate>20150316104108</prism-clipdate></n-metadata>
<n-docbody><document version="1" collection="D-ARKANEWS-T001" first-load-date="20150316104108" ip-product="ARKANEWS" royalty-id="84104" data-model="text" dtd-version="5.2.29" content-type="news" load-language="en"><supplier-info><supplier-num nitf="doc-id" nitf-regsrc="ARKA News Agency" type="accession">134800065bae1bc4</supplier-num><internal-acc-num db-id="NEPRARKA" type="newz">20150316170.1_V134800065bae1bc4</internal-acc-num><rec-status><last-load-date>20150316104108</last-load-date><nitf-date ne="datereceived">20150316T15:33:08Z</nitf-date><nitf-date nitf="date-issue">20150316T00:00:00Z</nitf-date><last-provider-update>20150316153308</last-provider-update></rec-status><supplier-copyright>Copyright Â© 2015 ARKA<copyright-year/><copyright-holder>ARKA</copyright-holder></supplier-copyright><supplier-note nitf="urgency" nitf-ed-urg="4"/><supplier-dtds><dtd dtd-version="working" dtd-date="20150310T00:00:00Z">Canonical Taxonomy</dtd><dtd dtd-version="20150303" dtd-date="20150310T00:00:00Z">Mapping File</dtd></supplier-dtds><copyright-block type="dialog"><service-copyright n-include_guid="Ice671660f30811d88920000083149a14" n-include_collection="D-DIALOGCOPYRIGHTS-T001"/></copyright-block><copyright-block type="west"><service-copyright n-include_guid="I1DA35ED81DD211B281BAD200220BDFCA" n-include_collection="w_wlnv_msg"/></copyright-block><west-citation-block><bop/><first-line-cite><bos/>3/16/15 NEWS 00:00:00<eos/></first-line-cite><second-line-cite><bos/>3/16/15 ARKA News Agency 00:00:00<eos/></second-line-cite><eop/></west-citation-block></supplier-info><title-info iso-language="en"><bop/><title type="headline" nitf-hedline="hl1" key="key-title"><bos/><sort-title>BLACKBERRY UNVEILS SECUTABLET</sort-title><eos/></title><eop/></title-info><pub-info><journal key="key-journal"><bop/><bos/><sort-journal>ARKA News Agency</sort-journal><eos/><eop/></journal><pub-date key="key-date" iso-time="T00:00:00Z" type="date.publication"><full-pub-date>March 16, 2015</full-pub-date><sort-pub-date>20150316</sort-pub-date><sort-pub-timestamp>20150316000000</sort-pub-timestamp><rank-date>20150316</rank-date><currency-timestamp>20150316000000</currency-timestamp></pub-date><original-pub><language iso-language="en">English</language></original-pub><src-data><src-journal-code>ANPV</src-journal-code><src-pub-code>0063786</src-pub-code><src-pub-type>Newswire</src-pub-type><src-pub-country-wrap><src-pub-country-code>GE</src-pub-country-code><src-pub-country>Georgia CIS</src-pub-country></src-pub-country-wrap><src-pub-region>Europe</src-pub-region></src-data></pub-info><content iso-language="en"><total-char-count>2392</total-char-count><derived-word-count><bop/><bos/>Word Count: 356<eos/><eop/></derived-word-count><text type="lead-para"><p nitf="lede"><bop/><bos/><cite.query w-seq-number="00001" w-ref-type="WC" w-normalized-cite="I76DF065242BE11DDA1BC0014224D2780" ID="I2e9d26e0cbf311e493ffe0288916ea40">INFORMATION TECHNOLOGIES</cite.query><eos/><eop/></p><p nitf="lede"><bop/><bos/>YEREVAN, March 16. /ARKA/. <eos/><bos/>BlackBerry has unveiled SecuTABLET, which is a collaborative effort, created by <cite.query w-seq-number="00002" w-ref-type="NM" w-normalized-cite="canonical_name::SECUSMART" ID="I2eb85000cbf311e493ffe0288916ea40">Secusmart</cite.query>, owned by BlackBerry, in collaboration with <cite.query w-seq-number="00003" w-ref-type="MM" w-normalized-cite="canonical_name::IBM" ID="I2eb85001cbf311e493ffe0288916ea40">IBM</cite.query> and based on the <cite.query w-seq-number="00004" w-ref-type="MM" w-normalized-cite="canonical_name::SAMSUNG" ID="I2eb85002cbf311e493ffe0288916ea40">Samsung</cite.query> Galaxy Tab S 10.5, Newsru.com reported.<eos/><eop/></p></text><text type="body"><p><bop/><bos/>The device is aimed at &quot;international public sector markets and enterprises&quot; so that data subject to special security requirements can be used on the move along with personal applications, 3Dnews reported.<eos/><eop/></p><p><bop/><bos/>A company release said the solution is undergoing certification at the <cite.query w-seq-number="00005" w-ref-type="NM" w-normalized-cite="canonical_name::GERMAN FEDERAL OFFICE FOR INFORMATION SECURITY" ID="I2ec06650cbf311e493ffe0288916ea40">German Federal Office for Information Security</cite.query> for the German VS-NfD (classified - for official use only) security rating.<eos/><eop/></p><p><bop/><bos/>&quot;Security is ingrained in every part of BlackBerry&apos;s portfolio, which includes voice and data encryption solutions,&quot; said Dr. Hans-Christoph Quelle, CEO of <cite.query w-seq-number="00006" w-ref-type="CO" w-normalized-cite="IAA9C0600571011E0B507DE267DF909C1" ID="I2ec4ac10cbf311e493ffe0288916ea40">Secusmart GmbH</cite.query>, a BlackBerry company.<eos/><eop/></p><p><bop/><bos/>&quot;National and international government customers have entrusted their voice and data communications with the Secusmart Security Card for years. <eos/><bos/>This same technology is what secures the new SecuTABLET. <eos/><bos/>Working alongside <cite.query w-seq-number="00007" w-ref-type="MM" w-normalized-cite="canonical_name::IBM" ID="I2edeead0cbf311e493ffe0288916ea40">IBM</cite.query> and <cite.query w-seq-number="00008" w-ref-type="MM" w-normalized-cite="canonical_name::SAMSUNG" ID="I2edeead1cbf311e493ffe0288916ea40">Samsung</cite.query>, we have added the last link in the chain of the <cite.query w-seq-number="00009" w-ref-type="NM" w-normalized-cite="canonical_name::FEDERAL SECURITY NETWORK" ID="I2edeead2cbf311e493ffe0288916ea40">Federal Security Network</cite.query>. <eos/><bos/>Subject to certification of the SecuTABLET, German government agencies will have a new way to access to BlackBerry&apos;s most secure and complete communications network in the world.&quot;<eos/><eop/></p><p><bop/><bos/><cite.query w-seq-number="00010" w-ref-type="MM" w-normalized-cite="canonical_name::IBM" ID="I2eea0e60cbf311e493ffe0288916ea40">IBM</cite.query> has provided the secure app wrapping technology for the SecuTABLET, and assists in implementing the high security solutions by Secusmart within the infrastructures of the various clients inside the governmental sector.<eos/><eop/></p><p><bop/><bos/>&quot;The SecuTABLET closes a supply gap and opens up for government and administrations an opportunity to derive greater benefit from digitization and the mobile Internet, with system integration as a fundamental success factor,&quot; said Stefan Hefter, Senior Management Consultant with <cite.query w-seq-number="00011" w-ref-type="MM" w-normalized-cite="canonical_name::IBM" ID="I2ef4e3d0cbf311e493ffe0288916ea40">IBM</cite.query>. &quot;<eos/><bos/>We have contributed our longstanding expertise as a system integrator for mobile solutions. <eos/><bos/>The technology used to make mobile apps secure by means of so-called wrapping has already proven its worth in the United States.&quot;<eos/><eop/></p><p><bop/><bos/>Incidentally, BlackBerry is the only mobile device management (<cite.query w-seq-number="00012" w-ref-type="CO" w-normalized-cite="I0DE64B8060AD11E0B507DE267DF909C1" ID="I2eff9230cbf311e493ffe0288916ea40">MDM</cite.query>) vendor that has achieved the &quot;Full Operational Capability&quot; level of certification for operation on U.S. Department of Defense Networks. <eos/><bos/>Its BlackBerry 10 smartphones were the first to be approved by <cite.query w-seq-number="00013" w-ref-type="WC" w-normalized-cite="I81B637A01E0411E097CFAC43152883ED" ID="I2eff9231cbf311e493ffe0288916ea40">NATO</cite.query> for classified communications up to &quot;Restricted&quot; level.-0-<eos/><eop/></p></text></content><indexing iso-language="en" value-add="machine-generated"><classification-terms><pres-industry-block><bop/><bos/><pres-industry-wrap><pres-industry>Consumer Electronics</pres-industry><pres-industry-code>CEOVR</pres-industry-code><alt1-industry-code>1CO61</alt1-industry-code></pres-industry-wrap><pres-industry-wrap><pres-industry>Consumer Products &amp; Services</pres-industry><pres-industry-code>BUYBUY</pres-industry-code><alt1-industry-code>1CO62</alt1-industry-code></pres-industry-wrap><pres-industry-wrap><pres-industry>Electronics</pres-industry><pres-industry-code>ETRONICS</pres-industry-code><alt1-industry-code>1EL16</alt1-industry-code></pres-industry-wrap><pres-industry-wrap><pres-industry>Hand-Held Devices</pres-industry><pres-industry-code>TWPCD</pres-industry-code><alt1-industry-code>1PA81</alt1-industry-code></pres-industry-wrap><pres-industry-wrap><pres-industry>I.T.</pres-industry><pres-industry-code>ITOVER</pres-industry-code><alt1-industry-code>1IT96</alt1-industry-code></pres-industry-wrap><pres-industry-wrap><pres-industry>Mobile Phones &amp; Pagers</pres-industry><pres-industry-code>TWPHONE</pres-industry-code><alt1-industry-code>1WI07</alt1-industry-code></pres-industry-wrap><pres-industry-wrap><pres-industry>Networking</pres-industry><pres-industry-code>DCTOP10</pres-industry-code><alt1-industry-code>1NE45</alt1-industry-code></pres-industry-wrap><pres-industry-wrap><pres-industry>Next Generation Wireless Technology</pres-industry><pres-industry-code>DCWLSACC</pres-industry-code><alt1-industry-code>1NE48</alt1-industry-code></pres-industry-wrap><pres-industry-wrap><pres-industry>Palmtop Computing</pres-industry><pres-industry-code>PCHAND</pres-industry-code><alt1-industry-code>1PA77</alt1-industry-code></pres-industry-wrap><pres-industry-wrap><pres-industry>Telecom Consumer Equipment</pres-industry><pres-industry-code>TCCONEQ</pres-industry-code><alt1-industry-code>1TE03</alt1-industry-code></pres-industry-wrap><pres-industry-wrap><pres-industry>Wireless Networking</pres-industry><pres-industry-code>DCWRLSS</pres-industry-code><alt1-industry-code>1WI62</alt1-industry-code></pres-industry-wrap><eos/><eop/></pres-industry-block></classification-terms><classification-terms><rcs-block><rcs>B:161</rcs><rcs>B:69</rcs><rcs>B:75</rcs><rcs>M:NL</rcs><rcs>B:78</rcs></rcs-block></classification-terms><extraction-terms><extr-company-block><bop/><bos/><norm-company oa-id="4295861766">BLACKBERRY LTD</norm-company><norm-company-wrap><norm-company-name>BLACKBERRY LTD</norm-company-name><company-ids><oa-id>4295861766</oa-id><ric norm="BB.TO">BB.TO</ric></company-ids><company-classification><trbc-wrap><trbc type="RCS">B:1817</trbc><trbc type="2012">5810102010</trbc><trbc type="perm-id">4294951184</trbc></trbc-wrap></company-classification><relevancy engine="1C">0.8</relevancy><confidence engine="1C">0.91</confidence></norm-company-wrap><norm-company oa-id="4295904307">INTERNATIONAL BUSINESS MACHINES CORP</norm-company><norm-company-wrap><norm-company-name>INTERNATIONAL BUSINESS MACHINES CORP</norm-company-name><company-ids><oa-id>4295904307</oa-id><ric norm="IBM.N">IBM.N</ric></company-ids><company-classification><trbc-wrap><trbc type="RCS">B:1790</trbc><trbc type="2012">5720101010</trbc><trbc type="perm-id">4294951211</trbc></trbc-wrap></company-classification><relevancy engine="1C">0.2</relevancy><confidence engine="1C">0.93</confidence></norm-company-wrap><norm-company oa-id="4295882451">SAMSUNG ELECTRONICS CO LTD</norm-company><norm-company-wrap><norm-company-name>SAMSUNG ELECTRONICS CO LTD</norm-company-name><company-ids><oa-id>4295882451</oa-id><ric norm="005930.KS">005930.KS</ric></company-ids><company-classification><trbc-wrap><trbc type="RCS">B:1768</trbc><trbc type="2012">5710602010</trbc><trbc type="perm-id">4294951233</trbc></trbc-wrap></company-classification><relevancy engine="1C">0.2</relevancy><confidence engine="1C">0.93</confidence></norm-company-wrap><norm-company oa-id="4298440506">SECUSMART GMBH</norm-company><norm-company-wrap><norm-company-name>SECUSMART GMBH</norm-company-name><company-ids><oa-id>4298440506</oa-id></company-ids><company-classification><trbc-wrap><trbc type="RCS">B:179</trbc><trbc type="2012">58101020</trbc><trbc type="perm-id">4294952822</trbc></trbc-wrap></company-classification><relevancy engine="1C">0.2</relevancy><confidence engine="1C">0.98</confidence></norm-company-wrap><eos/><eop/></extr-company-block></extraction-terms><extraction-terms><extr-person-block><bop/><bos/><extr-person>Hans-Christoph Quelle</extr-person><extr-person-wrap><extr-person-name>Hans-Christoph Quelle</extr-person-name><relevancy engine="1C">0.2</relevancy></extr-person-wrap><extr-person>Stefan Hefter</extr-person><extr-person-wrap><extr-person-name>Stefan Hefter</extr-person-name><relevancy engine="1C">0.2</relevancy></extr-person-wrap><eos/><eop/></extr-person-block></extraction-terms></indexing></document></n-docbody>
</n-document>
<n-document guid="I8a6d5ba0c8c611e481fabfa31542b40f"><n-metadata><metadata.block><md.identifiers><md.cites><md.first.line.cite>3/12/15 NEWS 00:00:00</md.first.line.cite><md.second.line.cite>3/12/15 ARKA News Agency 00:00:00</md.second.line.cite></md.cites><md.uuid>I8a6d5ba0c8c611e481fabfa31542b40f</md.uuid></md.identifiers><md.infotype>news</md.infotype><md.sortkeys><md.ordersequence>f47363bec</md.ordersequence></md.sortkeys><md.descriptions><md.title>CARREFOUR TO BRING NEW CULTURE AND NEW INTERNATIONAL TRADE AND SERVICE STANDARDS TO ARMENIA</md.title><md.westlawdescrip><md.readlist>READLIST</md.readlist></md.westlawdescrip></md.descriptions><md.dates><md.publisheddatetime>20150312102014</md.publisheddatetime><md.loaddate>20150312</md.loaddate><md.createddatetime>20150312102014</md.createddatetime></md.dates><md.subjects><md.subject><md.pubtype.name/><md.doctype.name>DNR</md.doctype.name><md.doctype.rank/><md.view>CNGE</md.view><md.view>RGEurope</md.view><md.view>PTNewswires</md.view><md.view>ARKANEWS0063786</md.view><md.view>INALLNEWS_ACTEST</md.view><md.view>INFARNEWS_AC</md.view><md.view>MARKETSEIKON_CN</md.view><md.view>MARKETSEIKON</md.view><md.view>CB_ASIAWIRES</md.view><md.view>INWIRES_AC</md.view><md.view>GULF_INTL</md.view><md.view>ININTNEWS_AC</md.view><md.view>ANZ_INTLOS</md.view><md.view>CLEAR_RF</md.view><md.view>INALLNEWS_AC</md.view><md.view>INNEWSINT_PRO</md.view><md.view>INBUSNEWS</md.view><md.view>INNEWSWORLD_PRO</md.view><md.view>INBUSNEWS_AC</md.view></md.subject></md.subjects><md.jurisdictions><md.jurisdiction><md.jurisstate>FE</md.jurisstate></md.jurisdiction></md.jurisdictions><md.publications><md.publication/><md.sourcepubid>ARKANEWS</md.sourcepubid></md.publications><md.royalty><md.royalty.code>84104</md.royalty.code></md.royalty></metadata.block><news.metadata.block><md.text.preview>COMPANIESYEREVAN, March 12. /ARKA/. The opening of Carrefour hypermarket chain will bring new culture, and new international trade and service standards to Armenia, Aharon Adibekyan, head of Sociometer sociologic researches center, told journalists</md.text.preview></news.metadata.block><newsplus.recommendable>1</newsplus.recommendable><n-view>CNGE</n-view><n-view>RGEurope</n-view><n-view>PTNewswires</n-view><n-view>ARKANEWS0063786</n-view><n-view>INALLNEWS_ACTEST</n-view><n-view>INFARNEWS_AC</n-view><n-view>MARKETSEIKON_CN</n-view><n-view>MARKETSEIKON</n-view><n-view>CB_ASIAWIRES</n-view><n-view>INWIRES_AC</n-view><n-view>GULF_INTL</n-view><n-view>ININTNEWS_AC</n-view><n-view>ANZ_INTLOS</n-view><n-view>CLEAR_RF</n-view><n-view>INALLNEWS_AC</n-view><n-view>INNEWSINT_PRO</n-view><n-view>INBUSNEWS</n-view><n-view>INNEWSWORLD_PRO</n-view><n-view>INBUSNEWS_AC</n-view><prism-stylesheet guid="Ia3024d301b6a11d89fc5f34981d3242f"/><prism-clipdate>20150312102014</prism-clipdate></n-metadata>
<n-docbody><document version="1" collection="D-ARKANEWS-T001" first-load-date="20150312102014" ip-product="ARKANEWS" royalty-id="84104" data-model="text" dtd-version="5.2.29" content-type="news" load-language="en"><supplier-info><supplier-num nitf="doc-id" nitf-regsrc="ARKA News Agency" type="accession">16310003d562e71a</supplier-num><internal-acc-num db-id="NEPRARKA" type="newz">20150312170.1_V16310003d562e71a</internal-acc-num><rec-status><last-load-date>20150312102014</last-load-date><nitf-date ne="datereceived">20150312T14:46:17Z</nitf-date><nitf-date nitf="date-issue">20150312T00:00:00Z</nitf-date><last-provider-update>20150312144617</last-provider-update></rec-status><supplier-copyright>Copyright Â© 2015 ARKA<copyright-year/><copyright-holder>ARKA</copyright-holder></supplier-copyright><supplier-note nitf="urgency" nitf-ed-urg="4"/><supplier-dtds><dtd dtd-version="working" dtd-date="20150310T00:00:00Z">Canonical Taxonomy</dtd><dtd dtd-version="20150303" dtd-date="20150310T00:00:00Z">Mapping File</dtd></supplier-dtds><copyright-block type="dialog"><service-copyright n-include_guid="Ice671660f30811d88920000083149a14" n-include_collection="D-DIALOGCOPYRIGHTS-T001"/></copyright-block><copyright-block type="west"><service-copyright n-include_guid="I1DA35ED81DD211B281BAD200220BDFCA" n-include_collection="w_wlnv_msg"/></copyright-block><west-citation-block><bop/><first-line-cite><bos/>3/12/15 NEWS 00:00:00<eos/></first-line-cite><second-line-cite><bos/>3/12/15 ARKA News Agency 00:00:00<eos/></second-line-cite><eop/></west-citation-block></supplier-info><title-info iso-language="en"><bop/><title type="headline" nitf-hedline="hl1" key="key-title"><bos/><sort-title><cite.query w-seq-number="00001" w-ref-type="WC" w-normalized-cite="I92881174453F11DD8CB60014224D2780" ID="I5190d500c8cb11e4a0f995e7031ec775">CARREFOUR</cite.query> TO BRING NEW CULTURE AND NEW INTERNATIONAL TRADE AND SERVICE STANDARDS TO ARMENIA</sort-title><eos/></title><eop/></title-info><pub-info><journal key="key-journal"><bop/><bos/><sort-journal>ARKA News Agency</sort-journal><eos/><eop/></journal><pub-date key="key-date" iso-time="T00:00:00Z" type="date.publication"><full-pub-date>March 12, 2015</full-pub-date><sort-pub-date>20150312</sort-pub-date><sort-pub-timestamp>20150312000000</sort-pub-timestamp><rank-date>20150312</rank-date><currency-timestamp>20150312000000</currency-timestamp></pub-date><original-pub><language iso-language="en">English</language></original-pub><src-data><src-journal-code>ANPV</src-journal-code><src-pub-code>0063786</src-pub-code><src-pub-type>Newswire</src-pub-type><src-pub-country-wrap><src-pub-country-code>GE</src-pub-country-code><src-pub-country>Georgia CIS</src-pub-country></src-pub-country-wrap><src-pub-region>Europe</src-pub-region></src-data></pub-info><content iso-language="en"><total-char-count>1803</total-char-count><derived-word-count><bop/><bos/>Word Count: 272<eos/><eop/></derived-word-count><text type="lead-para"><p nitf="lede"><bop/>COMPANIES<eop/></p><p nitf="lede"><bop/><bos/>YEREVAN, March 12. /ARKA/. <eos/><bos/>The opening of <cite.query w-seq-number="00002" w-ref-type="WC" w-normalized-cite="I92881174453F11DD8CB60014224D2780" ID="I51965340c8cb11e4a0f995e7031ec775">Carrefour</cite.query> hypermarket chain will bring new culture, and new international trade and service standards to Armenia, Aharon Adibekyan, head of Sociometer sociologic researches center, told journalists on Thursday.<eos/><eop/></p></text><text type="body"><p><bop/><bos/>The official opening of <cite.query w-seq-number="00003" w-ref-type="WC" w-normalized-cite="I92881174453F11DD8CB60014224D2780" ID="I519b8360c8cb11e4a0f995e7031ec775">Carrefour</cite.query> took place in Yerevan on March 11. <eos/><bos/>The opening ceremony was attended by Armenian President Serzh Sargsyan.<eos/><eop/></p><p><bop/><bos/>&quot;I hope that along with <cite.query w-seq-number="00004" w-ref-type="WC" w-normalized-cite="I92881174453F11DD8CB60014224D2780" ID="I519f2ce0c8cb11e4a0f995e7031ec775">Carrefour</cite.query>, international trade standards will come to Armenia, and this may impact competition prompting other supermarkets to improve their services,&quot; Adibekyan said.<eos/><eop/></p><p><bop/><bos/>In his opinion, <cite.query w-seq-number="00005" w-ref-type="WC" w-normalized-cite="I92881174453F11DD8CB60014224D2780" ID="I51a2fd70c8cb11e4a0f995e7031ec775">Carrefour</cite.query> will try to work in accordance with the principle &apos;Much Sales - Low Prices&apos;.<eos/><bos/> It means that much sales will ensure much profits.<eos/><eop/></p><p><bop/><bos/>&quot;Appearance of <cite.query w-seq-number="00006" w-ref-type="WC" w-normalized-cite="I92881174453F11DD8CB60014224D2780" ID="I51a82d90c8cb11e4a0f995e7031ec775">Carrefour</cite.query> in Armenia can be considered as advertising campaign, since I don&apos;t think that one supermarket will bring it sufficient profits,&quot; he said. &quot;<eos/><bos/>This is the fourth largest income-gainer and third biggest profit-gainer in the world among supermarket chains, and it means their management is excellent.&quot;<eos/><eop/></p><p><bop/><bos/>Adibekyan also said that <cite.query w-seq-number="00007" w-ref-type="WC" w-normalized-cite="I92881174453F11DD8CB60014224D2780" ID="I51ac7350c8cb11e4a0f995e7031ec775">Carrefour</cite.query> established a new company in 2011 for working out an advanced marketing policy.<eos/><eop/></p><p><bop/><bos/>&quot;They are planned to be renamed <cite.query w-seq-number="00008" w-ref-type="NM" w-normalized-cite="canonical_name::CARREFOUR PLANET" ID="I51b7e500c8cb11e4a0f995e7031ec775">Carrefour Planet</cite.query>,&quot; the expert said. &quot;<eos/><bos/>Armenia is the 50th country where <cite.query w-seq-number="00009" w-ref-type="WC" w-normalized-cite="I92881174453F11DD8CB60014224D2780" ID="I51b7e501c8cb11e4a0f995e7031ec775">Carrefour</cite.query> is opened. <eos/><bos/>The total number of these supermarkets is 1,450 in the world,&quot; he said.<eos/><eop/></p><p><bop/><bos/><cite.query w-seq-number="00010" w-ref-type="MM" w-normalized-cite="canonical_name::CARREFOUR SA" ID="I51cea150c8cb11e4a0f995e7031ec775">Carrefour SA</cite.query> (crossroad Fr.) is a French retail trade company which operates <cite.query w-seq-number="00011" w-ref-type="WC" w-normalized-cite="I92881174453F11DD8CB60014224D2780" ID="I51cea151c8cb11e4a0f995e7031ec775">Carrefour</cite.query> retail chain, the second biggest after <cite.query w-seq-number="00012" w-ref-type="CO" w-normalized-cite="ID586F64060D411E089AC8CE04EA54993" ID="I51cea152c8cb11e4a0f995e7031ec775">Wal-Mart</cite.query>. <eos/><bos/>The matter of <cite.query w-seq-number="00013" w-ref-type="WC" w-normalized-cite="I92881174453F11DD8CB60014224D2780" ID="I51cea153c8cb11e4a0f995e7031ec775">Carrefour</cite.query> entry in Armenia was vigorously being discussed throughout 2013. <eos/><bos/>The supermarket was opened yesterday in Yerevan Mall that occupies 66,000 square meters, of which 10,000 square meters are build up with premises in conformity with <cite.query w-seq-number="00014" w-ref-type="WC" w-normalized-cite="I92881174453F11DD8CB60014224D2780" ID="I51cea154c8cb11e4a0f995e7031ec775">Carrefour</cite.query> standards. <eos/>M.V.------0-----.<eop/></p></text></content><indexing iso-language="en" value-add="machine-generated"><classification-terms><pres-location-block><bop/><bos/><pres-location-wrap><pres-location>Armenia</pres-location><pres-location-code>ISOAM</pres-location-code><alt1-location-code>1AR09</alt1-location-code></pres-location-wrap><pres-location-wrap><pres-location>CIS Countries</pres-location><pres-location-code>CISSTAT</pres-location-code><alt1-location-code>1CI64</alt1-location-code></pres-location-wrap><pres-location-wrap><pres-location>Eastern Europe</pres-location><pres-location-code>GEOEEUR</pres-location-code><alt1-location-code>1EA48</alt1-location-code></pres-location-wrap><pres-location-wrap><pres-location>Europe</pres-location><pres-location-code>GEOEUR</pres-location-code><alt1-location-code>1EU83</alt1-location-code></pres-location-wrap><eos/><eop/></pres-location-block></classification-terms><classification-terms><pres-subject-block><bop/><bos/><pres-subject-wrap><pres-subject>CIS</pres-subject><pres-subject-code>GEOCIS</pres-subject-code><alt1-subject-code>1CI65</alt1-subject-code></pres-subject-wrap><pres-subject-wrap><pres-subject>World Organizations</pres-subject><pres-subject-code>GEOORGS</pres-subject-code><alt1-subject-code>1IN77</alt1-subject-code></pres-subject-wrap><eos/><eop/></pres-subject-block><pres-industry-block><bop/><bos/><pres-industry-wrap><pres-industry>Discount Stores</pres-industry><pres-industry-code>SALESHOP</pres-industry-code><alt1-industry-code>1DI04</alt1-industry-code></pres-industry-wrap><pres-industry-wrap><pres-industry>Food &amp; Beverage Distribution &amp; Services</pres-industry><pres-industry-code>FOODBEVR</pres-industry-code><alt1-industry-code>1FO39</alt1-industry-code></pres-industry-wrap><pres-industry-wrap><pres-industry>General Merchandise Stores</pres-industry><pres-industry-code>RETLGEN</pres-industry-code><alt1-industry-code>1GE70</alt1-industry-code></pres-industry-wrap><pres-industry-wrap><pres-industry>Retail</pres-industry><pres-industry-code>RETAIL</pres-industry-code><alt1-industry-code>1RE82</alt1-industry-code></pres-industry-wrap><pres-industry-wrap><pres-industry>Retailers</pres-industry><pres-industry-code>PTRETAIL</pres-industry-code><alt1-industry-code>1RE64</alt1-industry-code></pres-industry-wrap><pres-industry-wrap><pres-industry>Supermarkets</pres-industry><pres-industry-code>SUPRMRKT</pres-industry-code><alt1-industry-code>1SU04</alt1-industry-code></pres-industry-wrap><pres-industry-wrap><pres-industry>Warehouse Clubs</pres-industry><pres-industry-code>WHOLESLE</pres-industry-code><alt1-industry-code>1WA28</alt1-industry-code></pres-industry-wrap><eos/><eop/></pres-industry-block></classification-terms><classification-terms><rcs-block><rcs>B:201</rcs><rcs>G:B</rcs><rcs>G:A</rcs><rcs>B:124</rcs><rcs>G:B2</rcs><rcs>B:122</rcs><rcs>B:101</rcs><rcs>M:1NN</rcs><rcs>B:69</rcs><rcs>G:Y</rcs><rcs>G:7I</rcs><rcs>B:98</rcs><rcs>G:AJ</rcs></rcs-block></classification-terms><extraction-terms><extr-company-block><bop/><bos/><norm-company oa-id="4295866751">CARREFOUR SA</norm-company><norm-company-wrap><norm-company-name>CARREFOUR SA</norm-company-name><company-ids><oa-id>4295866751</oa-id><ric norm="CARR.PA">CARR.PA</ric></company-ids><company-classification><trbc-wrap><trbc type="RCS">B:1610</trbc><trbc type="2012">5430102012</trbc><trbc type="perm-id">4294951391</trbc></trbc-wrap></company-classification><relevancy engine="1C">0.8</relevancy><confidence engine="1C">0.99</confidence></norm-company-wrap><norm-company oa-id="4295905298">WAL MART STORES INC</norm-company><norm-company-wrap><norm-company-name>WAL MART STORES INC</norm-company-name><company-ids><oa-id>4295905298</oa-id><ric norm="WMT.N">WMT.N</ric></company-ids><company-classification><trbc-wrap><trbc type="RCS">B:1495</trbc><trbc type="2012">5340309010</trbc><trbc type="perm-id">4294951506</trbc></trbc-wrap></company-classification><relevancy engine="1C">0.2</relevancy><confidence engine="1C">0.91</confidence></norm-company-wrap><eos/><eop/></extr-company-block></extraction-terms><extraction-terms><extr-person-block><bop/><bos/><extr-person>Aharon Adibekyan</extr-person><extr-person-wrap><extr-person-name>Aharon Adibekyan</extr-person-name><relevancy engine="1C">0.2</relevancy></extr-person-wrap><extr-person>Serzh Sargsyan</extr-person><extr-person-wrap><extr-person-name>Serzh Sargsyan</extr-person-name><relevancy engine="1C">0.2</relevancy></extr-person-wrap><eos/><eop/></extr-person-block></extraction-terms></indexing></document></n-docbody>
</n-document>
<n-document guid="Idca10060c8cc11e4ae1ca94f9ebe6f66"><n-metadata><metadata.block><md.identifiers><md.cites><md.first.line.cite>3/12/15 NEWS 00:00:00</md.first.line.cite><md.second.line.cite>3/12/15 ARKA News Agency 00:00:00</md.second.line.cite></md.cites><md.uuid>Idca10060c8cc11e4ae1ca94f9ebe6f66</md.uuid></md.identifiers><md.infotype>news</md.infotype><md.sortkeys><md.ordersequence>f47363bec</md.ordersequence></md.sortkeys><md.descriptions><md.title>HYPERMARKET USES SERVICES OF MONOPOLIST IMPORTERS</md.title><md.westlawdescrip><md.readlist>READLIST</md.readlist></md.westlawdescrip></md.descriptions><md.dates><md.publisheddatetime>20150312103335</md.publisheddatetime><md.loaddate>20150312</md.loaddate><md.createddatetime>20150312103335</md.createddatetime></md.dates><md.subjects><md.subject><md.pubtype.name/><md.doctype.name>DNR</md.doctype.name><md.doctype.rank/><md.view>CNGE</md.view><md.view>RGEurope</md.view><md.view>PTNewswires</md.view><md.view>ARKANEWS0063786</md.view><md.view>INALLNEWS_ACTEST</md.view><md.view>INFARNEWS_AC</md.view><md.view>MARKETSEIKON_CN</md.view><md.view>MARKETSEIKON</md.view><md.view>CB_ASIAWIRES</md.view><md.view>INWIRES_AC</md.view><md.view>GULF_INTL</md.view><md.view>ININTNEWS_AC</md.view><md.view>ANZ_INTLOS</md.view><md.view>CLEAR_RF</md.view><md.view>INALLNEWS_AC</md.view><md.view>INNEWSINT_PRO</md.view><md.view>INBUSNEWS</md.view><md.view>INNEWSWORLD_PRO</md.view><md.view>INBUSNEWS_AC</md.view></md.subject></md.subjects><md.jurisdictions><md.jurisdiction><md.jurisstate>FE</md.jurisstate></md.jurisdiction></md.jurisdictions><md.publications><md.publication/><md.sourcepubid>ARKANEWS</md.sourcepubid></md.publications><md.royalty><md.royalty.code>84104</md.royalty.code></md.royalty></metadata.block><news.metadata.block><md.text.preview>PRICESYEREVAN, March 12. /ARKA/. Price policy in Armenia will not change if France&apos;s Carrefour hypermarket uses services of monopolist importers, Aram Sargsyan, Armenian Democratic Party leader, said at a news conference on Thursday.</md.text.preview></news.metadata.block><newsplus.recommendable>1</newsplus.recommendable><n-view>CNGE</n-view><n-view>RGEurope</n-view><n-view>PTNewswires</n-view><n-view>ARKANEWS0063786</n-view><n-view>INALLNEWS_ACTEST</n-view><n-view>INFARNEWS_AC</n-view><n-view>MARKETSEIKON_CN</n-view><n-view>MARKETSEIKON</n-view><n-view>CB_ASIAWIRES</n-view><n-view>INWIRES_AC</n-view><n-view>GULF_INTL</n-view><n-view>ININTNEWS_AC</n-view><n-view>ANZ_INTLOS</n-view><n-view>CLEAR_RF</n-view><n-view>INALLNEWS_AC</n-view><n-view>INNEWSINT_PRO</n-view><n-view>INBUSNEWS</n-view><n-view>INNEWSWORLD_PRO</n-view><n-view>INBUSNEWS_AC</n-view><prism-stylesheet guid="Ia3024d301b6a11d89fc5f34981d3242f"/><prism-clipdate>20150312103335</prism-clipdate></n-metadata>
<n-docbody><document version="1" collection="D-ARKANEWS-T001" first-load-date="20150312103335" ip-product="ARKANEWS" royalty-id="84104" data-model="text" dtd-version="5.2.29" content-type="news" load-language="en"><supplier-info><supplier-num nitf="doc-id" nitf-regsrc="ARKA News Agency" type="accession">38f90001b6f3d01e</supplier-num><internal-acc-num db-id="NEPRARKA" type="newz">20150312170.1_V38f90001b6f3d01e</internal-acc-num><rec-status><last-load-date>20150312103335</last-load-date><nitf-date ne="datereceived">20150312T15:31:32Z</nitf-date><nitf-date nitf="date-issue">20150312T00:00:00Z</nitf-date><last-provider-update>20150312153132</last-provider-update></rec-status><supplier-copyright>Copyright Â© 2015 ARKA<copyright-year/><copyright-holder>ARKA</copyright-holder></supplier-copyright><supplier-note nitf="urgency" nitf-ed-urg="4"/><supplier-dtds><dtd dtd-version="working" dtd-date="20150310T00:00:00Z">Canonical Taxonomy</dtd><dtd dtd-version="20150303" dtd-date="20150310T00:00:00Z">Mapping File</dtd></supplier-dtds><copyright-block type="dialog"><service-copyright n-include_guid="Ice671660f30811d88920000083149a14" n-include_collection="D-DIALOGCOPYRIGHTS-T001"/></copyright-block><copyright-block type="west"><service-copyright n-include_guid="I1DA35ED81DD211B281BAD200220BDFCA" n-include_collection="w_wlnv_msg"/></copyright-block><west-citation-block><bop/><first-line-cite><bos/>3/12/15 NEWS 00:00:00<eos/></first-line-cite><second-line-cite><bos/>3/12/15 ARKA News Agency 00:00:00<eos/></second-line-cite><eop/></west-citation-block></supplier-info><title-info iso-language="en"><bop/><title type="headline" nitf-hedline="hl1" key="key-title"><bos/><sort-title>HYPERMARKET USES SERVICES OF MONOPOLIST IMPORTERS</sort-title><eos/></title><eop/></title-info><pub-info><journal key="key-journal"><bop/><bos/><sort-journal>ARKA News Agency</sort-journal><eos/><eop/></journal><pub-date key="key-date" iso-time="T00:00:00Z" type="date.publication"><full-pub-date>March 12, 2015</full-pub-date><sort-pub-date>20150312</sort-pub-date><sort-pub-timestamp>20150312000000</sort-pub-timestamp><rank-date>20150312</rank-date><currency-timestamp>20150312000000</currency-timestamp></pub-date><original-pub><language iso-language="en">English</language></original-pub><src-data><src-journal-code>ANPV</src-journal-code><src-pub-code>0063786</src-pub-code><src-pub-type>Newswire</src-pub-type><src-pub-country-wrap><src-pub-country-code>GE</src-pub-country-code><src-pub-country>Georgia CIS</src-pub-country></src-pub-country-wrap><src-pub-region>Europe</src-pub-region></src-data></pub-info><content iso-language="en"><total-char-count>1209</total-char-count><derived-word-count><bop/><bos/>Word Count: 183<eos/><eop/></derived-word-count><text type="lead-para"><p nitf="lede"><bop/>PRICES<eop/></p><p nitf="lede"><bop/><bos/>YEREVAN, March 12. /ARKA/. <eos/><bos/>Price policy in Armenia will not change if France&apos;s <cite.query w-seq-number="00001" w-ref-type="WC" w-normalized-cite="I92881174453F11DD8CB60014224D2780" ID="I612eb7a0c8cd11e4b571a146f5a4471c">Carrefour</cite.query> hypermarket uses services of monopolist importers, Aram Sargsyan, <cite.query w-seq-number="00002" w-ref-type="NM" w-normalized-cite="canonical_name::ARMENIAN DEMOCRATIC PARTY" ID="I612eb7a1c8cd11e4b571a146f5a4471c">Armenian Democratic Party</cite.query> leader, said at a news conference on Thursday.<eos/><eop/></p></text><text type="body"><p><bop/><bos/>The official opening of <cite.query w-seq-number="00003" w-ref-type="WC" w-normalized-cite="I92881174453F11DD8CB60014224D2780" ID="I61328830c8cd11e4b571a146f5a4471c">Carrefour</cite.query> took place in Yerevan on March 11. <eos/><bos/>The opening ceremony was attended by Armenian President Serzh Sargsyan.<eos/><eop/></p><p><bop/><bos/>&quot;If 95% of goods in the hypermarket are Armenia-made, and it means the Eurasian Economic Union space, then it is necessary to specify who will be importers, and if they are the same monopolists and their number doesn&apos;t increase, competition and price policy in the country will remain unchanged,&quot; Aram Sargsyan said.<eos/><eop/></p><p><bop/><bos/>He said it would be more preferable if 40-50% of the supermarket-offered goods were Armenian.<eos/><eop/></p><p><bop/><bos/><cite.query w-seq-number="00004" w-ref-type="MM" w-normalized-cite="canonical_name::CARREFOUR SA" ID="I614a07d0c8cd11e4b571a146f5a4471c">Carrefour SA</cite.query> (crossroad Fr.) is a French retail trade company which operates <cite.query w-seq-number="00005" w-ref-type="WC" w-normalized-cite="I92881174453F11DD8CB60014224D2780" ID="I614a07d1c8cd11e4b571a146f5a4471c">Carrefour</cite.query> retail chain, the second biggest after <cite.query w-seq-number="00006" w-ref-type="CO" w-normalized-cite="ID586F64060D411E089AC8CE04EA54993" ID="I614a07d2c8cd11e4b571a146f5a4471c">Wal-Mart</cite.query>. <eos/><bos/>The matter of <cite.query w-seq-number="00007" w-ref-type="WC" w-normalized-cite="I92881174453F11DD8CB60014224D2780" ID="I614a07d3c8cd11e4b571a146f5a4471c">Carrefour</cite.query> entry in Armenia was vigorously being discussed throughout 2013. <eos/><bos/>The supermarket was opened yesterday in Yerevan Mall that occupies 66,000 square meters, of which 10,000 square meters are built up with premises in conformity with <cite.query w-seq-number="00008" w-ref-type="WC" w-normalized-cite="I92881174453F11DD8CB60014224D2780" ID="I614a07d4c8cd11e4b571a146f5a4471c">Carrefour</cite.query> standards. <eos/>M.V.------0-----<eop/></p></text></content><indexing iso-language="en" value-add="machine-generated"><classification-terms><pres-location-block><bop/><bos/><pres-location-wrap><pres-location>Armenia</pres-location><pres-location-code>ISOAM</pres-location-code><alt1-location-code>1AR09</alt1-location-code></pres-location-wrap><pres-location-wrap><pres-location>CIS Countries</pres-location><pres-location-code>CISSTAT</pres-location-code><alt1-location-code>1CI64</alt1-location-code></pres-location-wrap><pres-location-wrap><pres-location>Eastern Europe</pres-location><pres-location-code>GEOEEUR</pres-location-code><alt1-location-code>1EA48</alt1-location-code></pres-location-wrap><pres-location-wrap><pres-location>Europe</pres-location><pres-location-code>GEOEUR</pres-location-code><alt1-location-code>1EU83</alt1-location-code></pres-location-wrap><eos/><eop/></pres-location-block></classification-terms><classification-terms><pres-subject-block><bop/><bos/><pres-subject-wrap><pres-subject>CIS</pres-subject><pres-subject-code>GEOCIS</pres-subject-code><alt1-subject-code>1CI65</alt1-subject-code></pres-subject-wrap><pres-subject-wrap><pres-subject>Top World News</pres-subject><pres-subject-code>WRLDNEW</pres-subject-code><alt1-subject-code>1WO62</alt1-subject-code></pres-subject-wrap><pres-subject-wrap><pres-subject>World Organizations</pres-subject><pres-subject-code>GEOORGS</pres-subject-code><alt1-subject-code>1IN77</alt1-subject-code></pres-subject-wrap><eos/><eop/></pres-subject-block><pres-industry-block><bop/><bos/><pres-industry-wrap><pres-industry>Broadcast TV</pres-industry><pres-industry-code>TVBROAD</pres-industry-code><alt1-industry-code>1BR25</alt1-industry-code></pres-industry-wrap><pres-industry-wrap><pres-industry>Entertainment</pres-industry><pres-industry-code>SHOWBIZ</pres-industry-code><alt1-industry-code>1EN08</alt1-industry-code></pres-industry-wrap><pres-industry-wrap><pres-industry>Food &amp; Beverage Distribution &amp; Services</pres-industry><pres-industry-code>FOODBEVR</pres-industry-code><alt1-industry-code>1FO39</alt1-industry-code></pres-industry-wrap><pres-industry-wrap><pres-industry>Public Television</pres-industry><pres-industry-code>PUBLICTV</pres-industry-code><alt1-industry-code>1PU41</alt1-industry-code></pres-industry-wrap><pres-industry-wrap><pres-industry>Retail</pres-industry><pres-industry-code>RETAIL</pres-industry-code><alt1-industry-code>1RE82</alt1-industry-code></pres-industry-wrap><pres-industry-wrap><pres-industry>Supermarkets</pres-industry><pres-industry-code>SUPRMRKT</pres-industry-code><alt1-industry-code>1SU04</alt1-industry-code></pres-industry-wrap><pres-industry-wrap><pres-industry>TV</pres-industry><pres-industry-code>TV</pres-industry-code><alt1-industry-code>1TV19</alt1-industry-code></pres-industry-wrap><pres-industry-wrap><pres-industry>Television Networks</pres-industry><pres-industry-code>NETWRKOP</pres-industry-code><alt1-industry-code>1TE85</alt1-industry-code></pres-industry-wrap><eos/><eop/></pres-industry-block></classification-terms><classification-terms><rcs-block><rcs>G:B</rcs><rcs>G:A</rcs><rcs>M:3</rcs><rcs>B:124</rcs><rcs>G:B2</rcs><rcs>B:122</rcs><rcs>B:69</rcs><rcs>M:1NN</rcs><rcs>G:Y</rcs><rcs>M:E7</rcs><rcs>G:7I</rcs><rcs>M:MR</rcs><rcs>B:95</rcs><rcs>B:92</rcs><rcs>B:91</rcs><rcs>B:86</rcs><rcs>B:94</rcs><rcs>M:H3</rcs><rcs>G:AJ</rcs></rcs-block></classification-terms><extraction-terms><extr-company-block><bop/><bos/><norm-company oa-id="4295866751">CARREFOUR SA</norm-company><norm-company-wrap><norm-company-name>CARREFOUR SA</norm-company-name><company-ids><oa-id>4295866751</oa-id><ric norm="CARR.PA">CARR.PA</ric></company-ids><company-classification><trbc-wrap><trbc type="RCS">B:1610</trbc><trbc type="2012">5430102012</trbc><trbc type="perm-id">4294951391</trbc></trbc-wrap></company-classification><relevancy engine="1C">0.5</relevancy><confidence engine="1C">0.99</confidence></norm-company-wrap><norm-company oa-id="4295905298">WAL MART STORES INC</norm-company><norm-company-wrap><norm-company-name>WAL MART STORES INC</norm-company-name><company-ids><oa-id>4295905298</oa-id><ric norm="WMT.N">WMT.N</ric></company-ids><company-classification><trbc-wrap><trbc type="RCS">B:1495</trbc><trbc type="2012">5340309010</trbc><trbc type="perm-id">4294951506</trbc></trbc-wrap></company-classification><relevancy engine="1C">0.2</relevancy><confidence engine="1C">0.91</confidence></norm-company-wrap><eos/><eop/></extr-company-block></extraction-terms><extraction-terms><extr-person-block><bop/><bos/><extr-person>Aram Sargsyan</extr-person><extr-person-wrap><extr-person-name>Aram Sargsyan</extr-person-name><relevancy engine="1C">0.2</relevancy></extr-person-wrap><extr-person>Serzh Sargsyan</extr-person><extr-person-wrap><extr-person-name>Serzh Sargsyan</extr-person-name><relevancy engine="1C">0.2</relevancy></extr-person-wrap><eos/><eop/></extr-person-block></extraction-terms></indexing></document></n-docbody>
</n-document>
<n-document guid="I8775af60c8da11e4bff1b2ac11b5c052"><n-metadata><metadata.block><md.identifiers><md.cites><md.first.line.cite>3/12/15 NEWS 00:00:00</md.first.line.cite><md.second.line.cite>3/12/15 ARKA News Agency 00:00:00</md.second.line.cite></md.cites><md.uuid>I8775af60c8da11e4bff1b2ac11b5c052</md.uuid></md.identifiers><md.infotype>news</md.infotype><md.sortkeys><md.ordersequence>f47363bec</md.ordersequence></md.sortkeys><md.descriptions><md.title>ARMENIA PLANS SECOND ISSUE OF $500 MILLION EUROBONDS -WSJ</md.title><md.westlawdescrip><md.readlist>READLIST</md.readlist></md.westlawdescrip></md.descriptions><md.dates><md.publisheddatetime>20150312122230</md.publisheddatetime><md.loaddate>20150312</md.loaddate><md.createddatetime>20150312122230</md.createddatetime></md.dates><md.subjects><md.subject><md.pubtype.name/><md.doctype.name>DNR</md.doctype.name><md.doctype.rank/><md.view>CNGE</md.view><md.view>RGEurope</md.view><md.view>PTNewswires</md.view><md.view>ARKANEWS0063786</md.view><md.view>INALLNEWS_ACTEST</md.view><md.view>INFARNEWS_AC</md.view><md.view>MARKETSEIKON_CN</md.view><md.view>MARKETSEIKON</md.view><md.view>CB_ASIAWIRES</md.view><md.view>INWIRES_AC</md.view><md.view>GULF_INTL</md.view><md.view>ININTNEWS_AC</md.view><md.view>ANZ_INTLOS</md.view><md.view>CLEAR_RF</md.view><md.view>INALLNEWS_AC</md.view><md.view>INNEWSINT_PRO</md.view><md.view>INBUSNEWS</md.view><md.view>INNEWSWORLD_PRO</md.view><md.view>INBUSNEWS_AC</md.view></md.subject></md.subjects><md.jurisdictions><md.jurisdiction><md.jurisstate>FE</md.jurisstate></md.jurisdiction></md.jurisdictions><md.publications><md.publication/><md.sourcepubid>ARKANEWS</md.sourcepubid></md.publications><md.royalty><md.royalty.code>84104</md.royalty.code></md.royalty></metadata.block><news.metadata.block><md.text.preview>STOCK MARKETYEREVAN, March 12. / ARKA /. Armenia is planning to meet investors in the U.S. and UK to discuss issuing its second dollar bond, The Wall Street Journal (WSJ) reported citing one of the banks arranging the roadshow.</md.text.preview></news.metadata.block><newsplus.recommendable>1</newsplus.recommendable><n-view>CNGE</n-view><n-view>RGEurope</n-view><n-view>PTNewswires</n-view><n-view>ARKANEWS0063786</n-view><n-view>INALLNEWS_ACTEST</n-view><n-view>INFARNEWS_AC</n-view><n-view>MARKETSEIKON_CN</n-view><n-view>MARKETSEIKON</n-view><n-view>CB_ASIAWIRES</n-view><n-view>INWIRES_AC</n-view><n-view>GULF_INTL</n-view><n-view>ININTNEWS_AC</n-view><n-view>ANZ_INTLOS</n-view><n-view>CLEAR_RF</n-view><n-view>INALLNEWS_AC</n-view><n-view>INNEWSINT_PRO</n-view><n-view>INBUSNEWS</n-view><n-view>INNEWSWORLD_PRO</n-view><n-view>INBUSNEWS_AC</n-view><prism-stylesheet guid="Ia3024d301b6a11d89fc5f34981d3242f"/><prism-clipdate>20150312122230</prism-clipdate></n-metadata>
<n-docbody><document version="1" collection="D-ARKANEWS-T001" first-load-date="20150312122230" ip-product="ARKANEWS" royalty-id="84104" data-model="text" dtd-version="5.2.29" content-type="news" load-language="en"><supplier-info><supplier-num nitf="doc-id" nitf-regsrc="ARKA News Agency" type="accession">a9eb0001ee03506a</supplier-num><internal-acc-num db-id="NEPRARKA" type="newz">20150312170.1_Va9eb0001ee03506a</internal-acc-num><rec-status><last-load-date>20150312122230</last-load-date><nitf-date ne="datereceived">20150312T17:09:22Z</nitf-date><nitf-date nitf="date-issue">20150312T00:00:00Z</nitf-date><last-provider-update>20150312170922</last-provider-update></rec-status><supplier-copyright>Copyright Â© 2015 ARKA<copyright-year/><copyright-holder>ARKA</copyright-holder></supplier-copyright><supplier-note nitf="urgency" nitf-ed-urg="4"/><supplier-dtds><dtd dtd-version="working" dtd-date="20150310T00:00:00Z">Canonical Taxonomy</dtd><dtd dtd-version="20150303" dtd-date="20150310T00:00:00Z">Mapping File</dtd></supplier-dtds><copyright-block type="dialog"><service-copyright n-include_guid="Ice671660f30811d88920000083149a14" n-include_collection="D-DIALOGCOPYRIGHTS-T001"/></copyright-block><copyright-block type="west"><service-copyright n-include_guid="I1DA35ED81DD211B281BAD200220BDFCA" n-include_collection="w_wlnv_msg"/></copyright-block><west-citation-block><bop/><first-line-cite><bos/>3/12/15 NEWS 00:00:00<eos/></first-line-cite><second-line-cite><bos/>3/12/15 ARKA News Agency 00:00:00<eos/></second-line-cite><eop/></west-citation-block></supplier-info><title-info iso-language="en"><bop/><title type="headline" nitf-hedline="hl1" key="key-title"><bos/><sort-title>ARMENIA PLANS SECOND ISSUE OF $500 MILLION EUROBONDS -WSJ</sort-title><eos/></title><eop/></title-info><pub-info><journal key="key-journal"><bop/><bos/><sort-journal>ARKA News Agency</sort-journal><eos/><eop/></journal><pub-date key="key-date" iso-time="T00:00:00Z" type="date.publication"><full-pub-date>March 12, 2015</full-pub-date><sort-pub-date>20150312</sort-pub-date><sort-pub-timestamp>20150312000000</sort-pub-timestamp><rank-date>20150312</rank-date><currency-timestamp>20150312000000</currency-timestamp></pub-date><original-pub><language iso-language="en">English</language></original-pub><src-data><src-journal-code>ANPV</src-journal-code><src-pub-code>0063786</src-pub-code><src-pub-type>Newswire</src-pub-type><src-pub-country-wrap><src-pub-country-code>GE</src-pub-country-code><src-pub-country>Georgia CIS</src-pub-country></src-pub-country-wrap><src-pub-region>Europe</src-pub-region></src-data></pub-info><content iso-language="en"><total-char-count>1285</total-char-count><derived-word-count><bop/><bos/>Word Count: 219<eos/><eop/></derived-word-count><text type="lead-para"><p nitf="lede"><bop/><bos/>STOCK MARKET<eos/><eop/></p><p nitf="lede"><bop/><bos/>YEREVAN, March 12. / ARKA /. Armenia is planning to meet investors in the U.S. and UK to discuss issuing its second dollar bond, The <cite.query w-seq-number="00001" w-ref-type="NM" w-normalized-cite="canonical_name::WALL STREET JOURNAL" ID="I99ea0a90c8dc11e4a7d2c7749e630ff4">Wall Street Journal</cite.query> (<cite.query w-seq-number="00002" w-ref-type="NM" w-normalized-cite="canonical_name::WSJ" ID="I99ea0a91c8dc11e4a7d2c7749e630ff4">WSJ</cite.query>) reported citing one of the banks arranging the roadshow.<eos/><eop/></p></text><text type="body"><p><bop/><bos/><cite.query w-seq-number="00003" w-ref-type="MM" w-normalized-cite="canonical_name::DEUTSCHE BANK" ID="I9b24fb90c8dc11e4a7d2c7749e630ff4">Deutsche Bank</cite.query>, <cite.query w-seq-number="00004" w-ref-type="MM" w-normalized-cite="canonical_name::HSBC" ID="I9b24fb91c8dc11e4a7d2c7749e630ff4">HSBC</cite.query> and <cite.query w-seq-number="00005" w-ref-type="MM" w-normalized-cite="canonical_name::JP MORGAN" ID="I9b24fb92c8dc11e4a7d2c7749e630ff4">JP Morgan</cite.query> are the banks hired to run the meetings, which are due to start March 16, <cite.query w-seq-number="00006" w-ref-type="NM" w-normalized-cite="canonical_name::WSJ" ID="I9b24fb93c8dc11e4a7d2c7749e630ff4">WSJ</cite.query> said.<eos/><eop/></p><p><bop/><bos/>Armenia is likely to raise $500 million for between seven and 10 years from the new bond sale, which could be issued as soon as Thursday next week, it said.<eos/><eop/></p><p><bop/><bos/>In addition to the new deal, Armenia is offering to buy back up to $200 million of its previous dollar bond issue. <eos/><bos/>It will pay face value for the bonds, which are currently trading at around 98 cents on the dollar. <eos/><bos/>The final settlement date is March 26.<eos/><eop/></p><p><bop/><bos/>The government of Armenia released today the prospectus for the issuance of bonds without mentioning dates and interest rate.<eos/><eop/></p><p><bop/><bos/>Plans to sell more Eurobonds at international debt markets were announced by the government on January 30 in order to finance its budget deficit. <eos/><bos/>More relating agreements were signed on March 10.<eos/><eop/></p><p><bop/><bos/>Armenia first issued $700 million worth dollar-denominated bonds in September 2013 at the yield of 6.25 percent and used the bulk of that money to repay a $500 million Russian loan ten years ahead of schedule.-0-<eos/><eop/></p></text></content><indexing iso-language="en" value-add="machine-generated"><classification-terms><pres-location-block><bop/><bos/><pres-location-wrap><pres-location>Armenia</pres-location><pres-location-code>ISOAM</pres-location-code><alt1-location-code>1AR09</alt1-location-code></pres-location-wrap><pres-location-wrap><pres-location>CIS Countries</pres-location><pres-location-code>CISSTAT</pres-location-code><alt1-location-code>1CI64</alt1-location-code></pres-location-wrap><pres-location-wrap><pres-location>Eastern Europe</pres-location><pres-location-code>GEOEEUR</pres-location-code><alt1-location-code>1EA48</alt1-location-code></pres-location-wrap><pres-location-wrap><pres-location>Europe</pres-location><pres-location-code>GEOEUR</pres-location-code><alt1-location-code>1EU83</alt1-location-code></pres-location-wrap><eos/><eop/></pres-location-block></classification-terms><classification-terms><pres-subject-block><bop/><bos/><pres-subject-wrap><pres-subject>Bond Instruments</pres-subject><pres-subject-code>BONDINST</pres-subject-code><alt1-subject-code>1BO92</alt1-subject-code></pres-subject-wrap><pres-subject-wrap><pres-subject>Bond Issues</pres-subject><pres-subject-code>NEWBONDS</pres-subject-code><alt1-subject-code>1BO94</alt1-subject-code></pres-subject-wrap><pres-subject-wrap><pres-subject>CIS</pres-subject><pres-subject-code>GEOCIS</pres-subject-code><alt1-subject-code>1CI65</alt1-subject-code></pres-subject-wrap><pres-subject-wrap><pres-subject>Eurobonds</pres-subject><pres-subject-code>EUROBOND</pres-subject-code><alt1-subject-code>1EU87</alt1-subject-code></pres-subject-wrap><pres-subject-wrap><pres-subject>Funding Instruments</pres-subject><pres-subject-code>INVSTING</pres-subject-code><alt1-subject-code>1FU41</alt1-subject-code></pres-subject-wrap><pres-subject-wrap><pres-subject>World Organizations</pres-subject><pres-subject-code>GEOORGS</pres-subject-code><alt1-subject-code>1IN77</alt1-subject-code></pres-subject-wrap><eos/><eop/></pres-subject-block><pres-industry-block><bop/><bos/><pres-industry-wrap><pres-industry>Banking</pres-industry><pres-industry-code>BANKOVER</pres-industry-code><alt1-industry-code>1BA20</alt1-industry-code></pres-industry-wrap><pres-industry-wrap><pres-industry>Bonds</pres-industry><pres-industry-code>BONDS</pres-industry-code><alt1-industry-code>1BO97</alt1-industry-code></pres-industry-wrap><pres-industry-wrap><pres-industry>Financial Services</pres-industry><pres-industry-code>FINSVC</pres-industry-code><alt1-industry-code>1FI37</alt1-industry-code></pres-industry-wrap><pres-industry-wrap><pres-industry>Fixed Income Investments</pres-industry><pres-industry-code>FIXEDINV</pres-industry-code><alt1-industry-code>1FI12</alt1-industry-code></pres-industry-wrap><pres-industry-wrap><pres-industry>Investment Management</pres-industry><pres-industry-code>INVSTMAN</pres-industry-code><alt1-industry-code>1IN34</alt1-industry-code></pres-industry-wrap><pres-industry-wrap><pres-industry>Loans</pres-industry><pres-industry-code>LOANS</pres-industry-code><alt1-industry-code>1LO12</alt1-industry-code></pres-industry-wrap><pres-industry-wrap><pres-industry>Retail Banking Services</pres-industry><pres-industry-code>RTBNKOVR</pres-industry-code><alt1-industry-code>1RE38</alt1-industry-code></pres-industry-wrap><pres-industry-wrap><pres-industry>Securities Investment</pres-industry><pres-industry-code>PTSECUR</pres-industry-code><alt1-industry-code>1SE57</alt1-industry-code></pres-industry-wrap><eos/><eop/></pres-industry-block></classification-terms><classification-terms><rcs-block><rcs>G:B</rcs><rcs>E:W</rcs><rcs>G:A</rcs><rcs>A:E</rcs><rcs>G:B2</rcs><rcs>B:127</rcs><rcs>B:128</rcs><rcs>B:125</rcs><rcs>B:129</rcs><rcs>B:126</rcs><rcs>G:Y</rcs><rcs>G:7I</rcs><rcs>E:5I</rcs><rcs>A:U</rcs><rcs>B:130</rcs><rcs>A:2</rcs><rcs>A:S</rcs><rcs>G:AJ</rcs></rcs-block></classification-terms><extraction-terms><extr-company-block><bop/><bos/><norm-company oa-id="4295869482">DEUTSCHE BANK AG</norm-company><norm-company-wrap><norm-company-name>DEUTSCHE BANK AG</norm-company-name><company-ids><oa-id>4295869482</oa-id><ric norm="DBKGn.DE">DBKGn.DE</ric></company-ids><company-classification><trbc-wrap><trbc type="RCS">B:128</trbc><trbc type="2012">55101010</trbc><trbc type="perm-id">4294952873</trbc></trbc-wrap></company-classification><relevancy engine="1C">0.2</relevancy><confidence engine="1C">0.93</confidence></norm-company-wrap><norm-company oa-id="4295903135">DOW JONES AND CO INC</norm-company><norm-company-wrap><norm-company-name>DOW JONES AND CO INC</norm-company-name><company-ids><oa-id>4295903135</oa-id></company-ids><company-classification><trbc-wrap><trbc type="RCS">B:1457</trbc><trbc type="2012">5330204010</trbc><trbc type="perm-id">4294951544</trbc></trbc-wrap></company-classification><relevancy engine="1C">0.8</relevancy><confidence engine="1C">0.96</confidence></norm-company-wrap><norm-company oa-id="8589934275">HSBC HOLDINGS PLC</norm-company><norm-company-wrap><norm-company-name>HSBC HOLDINGS PLC</norm-company-name><company-ids><oa-id>8589934275</oa-id><ric norm="HSBA.L">HSBA.L</ric></company-ids><company-classification><trbc-wrap><trbc type="RCS">B:1616</trbc><trbc type="2012">5510101011</trbc><trbc type="perm-id">4294951385</trbc></trbc-wrap></company-classification><relevancy engine="1C">0.2</relevancy><confidence engine="1C">0.9</confidence></norm-company-wrap><norm-company oa-id="5000021791">JPMORGAN CHASE AND CO</norm-company><norm-company-wrap><norm-company-name>JPMORGAN CHASE AND CO</norm-company-name><company-ids><oa-id>5000021791</oa-id><ric norm="8634.T">8634.T</ric></company-ids><company-classification><trbc-wrap><trbc type="RCS">B:1615</trbc><trbc type="2012">5510101010</trbc><trbc type="perm-id">4294951386</trbc></trbc-wrap></company-classification><relevancy engine="1C">0.2</relevancy><confidence engine="1C">0.93</confidence></norm-company-wrap><eos/><eop/></extr-company-block></extraction-terms></indexing></document></n-docbody>
</n-document>
<n-document guid="Ifb7b2c40c7e111e4b268a9da0111058b"><n-metadata><metadata.block><md.identifiers><md.cites><md.first.line.cite>3/11/15 NEWS 00:00:00</md.first.line.cite><md.second.line.cite>3/11/15 ARKA News Agency 00:00:00</md.second.line.cite></md.cites><md.uuid>Ifb7b2c40c7e111e4b268a9da0111058b</md.uuid></md.identifiers><md.infotype>news</md.infotype><md.sortkeys><md.ordersequence>f47363bec</md.ordersequence></md.sortkeys><md.descriptions><md.title>ARMENIA&apos;S PRESIDENT ATTENDS OPENING OF CARREFOUR HYPERMARKET IN YEREVAN</md.title><md.westlawdescrip><md.readlist>READLIST</md.readlist></md.westlawdescrip></md.descriptions><md.dates><md.publisheddatetime>20150311063409</md.publisheddatetime><md.loaddate>20150311</md.loaddate><md.createddatetime>20150311063409</md.createddatetime></md.dates><md.subjects><md.subject><md.pubtype.name/><md.doctype.name>DNR</md.doctype.name><md.doctype.rank/><md.view>CNGE</md.view><md.view>RGEurope</md.view><md.view>PTNewswires</md.view><md.view>ARKANEWS0063786</md.view><md.view>INALLNEWS_ACTEST</md.view><md.view>INFARNEWS_AC</md.view><md.view>MARKETSEIKON_CN</md.view><md.view>MARKETSEIKON</md.view><md.view>CB_ASIAWIRES</md.view><md.view>INWIRES_AC</md.view><md.view>GULF_INTL</md.view><md.view>ININTNEWS_AC</md.view><md.view>ANZ_INTLOS</md.view><md.view>CLEAR_RF</md.view><md.view>INALLNEWS_AC</md.view><md.view>INNEWSINT_PRO</md.view><md.view>INBUSNEWS</md.view><md.view>INNEWSWORLD_PRO</md.view><md.view>INBUSNEWS_AC</md.view></md.subject></md.subjects><md.jurisdictions><md.jurisdiction><md.jurisstate>FE</md.jurisstate></md.jurisdiction></md.jurisdictions><md.publications><md.publication/><md.sourcepubid>ARKANEWS</md.sourcepubid></md.publications><md.royalty><md.royalty.code>84104</md.royalty.code></md.royalty></metadata.block><news.metadata.block><md.text.preview>ECONOMYYEREVAN, March 11. /ARKA/. Armenia&apos;s president Serzh Sargsyan attended on Wednesday the official opening of Carrefour hypermarket in Yerevan Mall, the residential press office reported.</md.text.preview></news.metadata.block><n-view>CNGE</n-view><n-view>RGEurope</n-view><n-view>PTNewswires</n-view><n-view>ARKANEWS0063786</n-view><n-view>INALLNEWS_ACTEST</n-view><n-view>INFARNEWS_AC</n-view><n-view>MARKETSEIKON_CN</n-view><n-view>MARKETSEIKON</n-view><n-view>CB_ASIAWIRES</n-view><n-view>INWIRES_AC</n-view><n-view>GULF_INTL</n-view><n-view>ININTNEWS_AC</n-view><n-view>ANZ_INTLOS</n-view><n-view>CLEAR_RF</n-view><n-view>INALLNEWS_AC</n-view><n-view>INNEWSINT_PRO</n-view><n-view>INBUSNEWS</n-view><n-view>INNEWSWORLD_PRO</n-view><n-view>INBUSNEWS_AC</n-view><prism-stylesheet guid="Ia3024d301b6a11d89fc5f34981d3242f"/><prism-clipdate>20150311063409</prism-clipdate></n-metadata>
<n-docbody><document version="1" collection="D-ARKANEWS-T001" first-load-date="20150311063409" ip-product="ARKANEWS" royalty-id="84104" data-model="text" dtd-version="5.2.29" content-type="news" load-language="en"><supplier-info><supplier-num nitf="doc-id" nitf-regsrc="ARKA News Agency" type="accession">bb0c0000d0fba18e</supplier-num><internal-acc-num db-id="NEPRARKA" type="newz">20150311170.1_Vbb0c0000d0fba18e</internal-acc-num><rec-status><last-load-date>20150311063409</last-load-date><nitf-date ne="datereceived">20150311T11:30:12Z</nitf-date><nitf-date nitf="date-issue">20150311T00:00:00Z</nitf-date><last-provider-update>20150311113012</last-provider-update></rec-status><supplier-copyright>Copyright Â© 2015 ARKA<copyright-year/><copyright-holder>ARKA</copyright-holder></supplier-copyright><supplier-note nitf="urgency" nitf-ed-urg="4"/><supplier-dtds><dtd dtd-version="working" dtd-date="20150310T00:00:00Z">Canonical Taxonomy</dtd><dtd dtd-version="20150303" dtd-date="20150310T00:00:00Z">Mapping File</dtd></supplier-dtds><copyright-block type="dialog"><service-copyright n-include_guid="Ice671660f30811d88920000083149a14" n-include_collection="D-DIALOGCOPYRIGHTS-T001"/></copyright-block><copyright-block type="west"><service-copyright n-include_guid="I1DA35ED81DD211B281BAD200220BDFCA" n-include_collection="w_wlnv_msg"/></copyright-block><west-citation-block><bop/><first-line-cite><bos/>3/11/15 NEWS 00:00:00<eos/></first-line-cite><second-line-cite><bos/>3/11/15 ARKA News Agency 00:00:00<eos/></second-line-cite><eop/></west-citation-block></supplier-info><title-info iso-language="en"><bop/><title type="headline" nitf-hedline="hl1" key="key-title"><bos/><sort-title>ARMENIA&apos;S PRESIDENT ATTENDS OPENING OF CARREFOUR HYPERMARKET IN YEREVAN</sort-title><eos/></title><eop/></title-info><pub-info><journal key="key-journal"><bop/><bos/><sort-journal>ARKA News Agency</sort-journal><eos/><eop/></journal><pub-date key="key-date" iso-time="T00:00:00Z" type="date.publication"><full-pub-date>March 11, 2015</full-pub-date><sort-pub-date>20150311</sort-pub-date><sort-pub-timestamp>20150311000000</sort-pub-timestamp><rank-date>20150311</rank-date><currency-timestamp>20150311000000</currency-timestamp></pub-date><original-pub><language iso-language="en">English</language></original-pub><src-data><src-journal-code>ANPV</src-journal-code><src-pub-code>0063786</src-pub-code><src-pub-type>Newswire</src-pub-type><src-pub-country-wrap><src-pub-country-code>GE</src-pub-country-code><src-pub-country>Georgia CIS</src-pub-country></src-pub-country-wrap><src-pub-region>Europe</src-pub-region></src-data></pub-info><content iso-language="en"><total-char-count>773</total-char-count><derived-word-count><bop/><bos/>Word Count: 115<eos/><eop/></derived-word-count><text type="lead-para"><p nitf="lede"><bop/>ECONOMY<eop/></p><p nitf="lede"><bop/><bos/>YEREVAN, March 11. /ARKA/. <eos/><bos/>Armenia&apos;s president Serzh Sargsyan attended on Wednesday the official opening of Carrefour hypermarket in Yerevan Mall, the residential press office reported.<eos/><eop/></p></text><text type="body"><p><bop/><bos/>The preliminary lease agreement between Carrefour and Yerevan Mall was signed back on May 13, 2014, in presence of the presidents of Armenia and France Serzh Sargsyan and Francois Hollande.<eos/><eop/></p><p><bop/><bos/>The opening ceremony was attended also by Yerevan mayor Taron Margaryan and director of Carrefour Yerevan office Christian de Nale.<eos/><eop/></p><p><bop/><bos/>Product range, pricing policy and service quality at the hypermarket was presented to the guests after the opening.<eos/><eop/></p><p><bop/><bos/>Carrefour SA is a French retail trade company and operator of Carrefour, the world&apos;s second biggest chain of hypermarket after Wal-Mart. <eos/><bos/>N.V. -0--<eos/><eop/></p></text></content><indexing iso-language="en" value-add="machine-generated"><classification-terms><pres-location-block><bop/><bos/><pres-location-wrap><pres-location>Armenia</pres-location><pres-location-code>ISOAM</pres-location-code><alt1-location-code>1AR09</alt1-location-code></pres-location-wrap><pres-location-wrap><pres-location>CIS Countries</pres-location><pres-location-code>CISSTAT</pres-location-code><alt1-location-code>1CI64</alt1-location-code></pres-location-wrap><pres-location-wrap><pres-location>Eastern Europe</pres-location><pres-location-code>GEOEEUR</pres-location-code><alt1-location-code>1EA48</alt1-location-code></pres-location-wrap><pres-location-wrap><pres-location>Europe</pres-location><pres-location-code>GEOEUR</pres-location-code><alt1-location-code>1EU83</alt1-location-code></pres-location-wrap><eos/><eop/></pres-location-block></classification-terms><classification-terms><pres-subject-block><bop/><bos/><pres-subject-wrap><pres-subject>CIS</pres-subject><pres-subject-code>GEOCIS</pres-subject-code><alt1-subject-code>1CI65</alt1-subject-code></pres-subject-wrap><pres-subject-wrap><pres-subject>World Organizations</pres-subject><pres-subject-code>GEOORGS</pres-subject-code><alt1-subject-code>1IN77</alt1-subject-code></pres-subject-wrap><eos/><eop/></pres-subject-block><pres-industry-block><bop/><bos/><pres-industry-wrap><pres-industry>Food &amp; Beverage Distribution &amp; Services</pres-industry><pres-industry-code>FOODBEVR</pres-industry-code><alt1-industry-code>1FO39</alt1-industry-code></pres-industry-wrap><pres-industry-wrap><pres-industry>Retail</pres-industry><pres-industry-code>RETAIL</pres-industry-code><alt1-industry-code>1RE82</alt1-industry-code></pres-industry-wrap><pres-industry-wrap><pres-industry>Supermarkets</pres-industry><pres-industry-code>SUPRMRKT</pres-industry-code><alt1-industry-code>1SU04</alt1-industry-code></pres-industry-wrap><eos/><eop/></pres-industry-block></classification-terms><classification-terms><rcs-block><rcs>G:B</rcs><rcs>G:A</rcs><rcs>B:124</rcs><rcs>G:B2</rcs><rcs>B:122</rcs><rcs>M:1NN</rcs><rcs>G:AJ</rcs><rcs>G:Y</rcs><rcs>G:7I</rcs></rcs-block></classification-terms><extraction-terms><extr-company-block><bop/><bos/><extr-company>Yerevan Mall</extr-company><extr-company-wrap><extr-company-name>Yerevan Mall</extr-company-name><relevancy engine="1C">0.2</relevancy><confidence engine="1C">0.73</confidence></extr-company-wrap><norm-company oa-id="4295866751">CARREFOUR SA</norm-company><norm-company-wrap><norm-company-name>CARREFOUR SA</norm-company-name><company-ids><oa-id>4295866751</oa-id><ric norm="CARR.PA">CARR.PA</ric></company-ids><company-classification><trbc-wrap><trbc type="RCS">B:1610</trbc><trbc type="2012">5430102012</trbc><trbc type="perm-id">4294951391</trbc></trbc-wrap></company-classification><relevancy engine="1C">0.8</relevancy><confidence engine="1C">0.99</confidence></norm-company-wrap><norm-company oa-id="4295905298">WAL MART STORES INC</norm-company><norm-company-wrap><norm-company-name>WAL MART STORES INC</norm-company-name><company-ids><oa-id>4295905298</oa-id><ric norm="WMT.N">WMT.N</ric></company-ids><company-classification><trbc-wrap><trbc type="RCS">B:1495</trbc><trbc type="2012">5340309010</trbc><trbc type="perm-id">4294951506</trbc></trbc-wrap></company-classification><relevancy engine="1C">0.2</relevancy><confidence engine="1C">0.91</confidence></norm-company-wrap><eos/><eop/></extr-company-block></extraction-terms><extraction-terms><extr-person-block><bop/><bos/><extr-person>Taron Margaryan</extr-person><extr-person-wrap><extr-person-name>Taron Margaryan</extr-person-name><relevancy engine="1C">0.2</relevancy></extr-person-wrap><extr-person>Francois Hollande</extr-person><extr-person-wrap><extr-person-name>Francois Hollande</extr-person-name><relevancy engine="1C">0.2</relevancy></extr-person-wrap><extr-person>Christian de Nale</extr-person><extr-person-wrap><extr-person-name>Christian de Nale</extr-person-name><relevancy engine="1C">0.2</relevancy></extr-person-wrap><extr-person>Serzh Sargsyan</extr-person><extr-person-wrap><extr-person-name>Serzh Sargsyan</extr-person-name><relevancy engine="1C">0.2</relevancy></extr-person-wrap><eos/><eop/></extr-person-block></extraction-terms></indexing></document></n-docbody>
</n-document>
<n-document guid="I341bfbf0c73911e49253b69ee23024b3"><n-metadata><metadata.block><md.identifiers><md.cites><md.first.line.cite>3/10/15 NEWS 00:00:00</md.first.line.cite><md.second.line.cite>3/10/15 ARKA News Agency 00:00:00</md.second.line.cite></md.cites><md.uuid>I341bfbf0c73911e49253b69ee23024b3</md.uuid></md.identifiers><md.infotype>news</md.infotype><md.sortkeys><md.ordersequence>f47363bec</md.ordersequence></md.sortkeys><md.descriptions><md.title>ACBA-CREDIT AGRICOLE BANK LAUNCHES SPECIAL OFFER FOR ALL FOOTBALL FANS</md.title><md.westlawdescrip><md.readlist>READLIST</md.readlist></md.westlawdescrip></md.descriptions><md.dates><md.publisheddatetime>20150310104130</md.publisheddatetime><md.loaddate>20150310</md.loaddate><md.createddatetime>20150310104130</md.createddatetime></md.dates><md.subjects><md.subject><md.pubtype.name/><md.doctype.name>DNR</md.doctype.name><md.doctype.rank/><md.view>CNGE</md.view><md.view>RGEurope</md.view><md.view>PTNewswires</md.view><md.view>ARKANEWS0063786</md.view><md.view>INALLNEWS_ACTEST</md.view><md.view>INFARNEWS_AC</md.view><md.view>MARKETSEIKON_CN</md.view><md.view>MARKETSEIKON</md.view><md.view>CB_ASIAWIRES</md.view><md.view>INWIRES_AC</md.view><md.view>GULF_INTL</md.view><md.view>ININTNEWS_AC</md.view><md.view>ANZ_INTLOS</md.view><md.view>CLEAR_RF</md.view><md.view>INALLNEWS_AC</md.view><md.view>INNEWSINT_PRO</md.view><md.view>INBUSNEWS</md.view><md.view>INNEWSWORLD_PRO</md.view><md.view>INBUSNEWS_AC</md.view></md.subject></md.subjects><md.jurisdictions><md.jurisdiction><md.jurisstate>FE</md.jurisstate></md.jurisdiction></md.jurisdictions><md.publications><md.publication/><md.sourcepubid>ARKANEWS</md.sourcepubid></md.publications><md.royalty><md.royalty.code>84104</md.royalty.code></md.royalty></metadata.block><news.metadata.block><md.text.preview>BANKING NEWSYEREVAN, March 10. / ARKA /. ACBA-CREDIT AGRICOLE BANK has launched March 9 a special offer for all football fans.</md.text.preview></news.metadata.block><newsplus.recommendable/><n-view>CNGE</n-view><n-view>RGEurope</n-view><n-view>PTNewswires</n-view><n-view>ARKANEWS0063786</n-view><n-view>INALLNEWS_ACTEST</n-view><n-view>INFARNEWS_AC</n-view><n-view>MARKETSEIKON_CN</n-view><n-view>MARKETSEIKON</n-view><n-view>CB_ASIAWIRES</n-view><n-view>INWIRES_AC</n-view><n-view>GULF_INTL</n-view><n-view>ININTNEWS_AC</n-view><n-view>ANZ_INTLOS</n-view><n-view>CLEAR_RF</n-view><n-view>INALLNEWS_AC</n-view><n-view>INNEWSINT_PRO</n-view><n-view>INBUSNEWS</n-view><n-view>INNEWSWORLD_PRO</n-view><n-view>INBUSNEWS_AC</n-view><prism-stylesheet guid="Ia3024d301b6a11d89fc5f34981d3242f"/><prism-clipdate>20150310104130</prism-clipdate></n-metadata>
<n-docbody><document version="1" collection="D-ARKANEWS-T001" first-load-date="20150310104130" ip-product="ARKANEWS" royalty-id="84104" data-model="text" dtd-version="5.2.29" content-type="news" load-language="en"><supplier-info><supplier-num nitf="doc-id" nitf-regsrc="ARKA News Agency" type="accession">92fa00032d0be86c</supplier-num><internal-acc-num db-id="NEPRARKA" type="newz">20150310170.1_V92fa00032d0be86c</internal-acc-num><rec-status><last-load-date>20150310104130</last-load-date><nitf-date ne="datereceived">20150310T15:22:02Z</nitf-date><nitf-date nitf="date-issue">20150310T00:00:00Z</nitf-date><last-provider-update>20150310152202</last-provider-update></rec-status><supplier-copyright>Copyright Â© 2015 ARKA<copyright-year/><copyright-holder>ARKA</copyright-holder></supplier-copyright><supplier-note nitf="urgency" nitf-ed-urg="4"/><supplier-dtds><dtd dtd-version="working" dtd-date="20150310T00:00:00Z">Canonical Taxonomy</dtd><dtd dtd-version="20150303" dtd-date="20150310T00:00:00Z">Mapping File</dtd></supplier-dtds><copyright-block type="dialog"><service-copyright n-include_guid="Ice671660f30811d88920000083149a14" n-include_collection="D-DIALOGCOPYRIGHTS-T001"/></copyright-block><copyright-block type="west"><service-copyright n-include_guid="I1DA35ED81DD211B281BAD200220BDFCA" n-include_collection="w_wlnv_msg"/></copyright-block><west-citation-block><bop/><first-line-cite><bos/>3/10/15 NEWS 00:00:00<eos/></first-line-cite><second-line-cite><bos/>3/10/15 ARKA News Agency 00:00:00<eos/></second-line-cite><eop/></west-citation-block></supplier-info><title-info iso-language="en"><bop/><title type="headline" nitf-hedline="hl1" key="key-title"><bos/><sort-title>ACBA-<cite.query w-seq-number="00001" w-ref-type="NM" w-normalized-cite="canonical_name::CREDIT AGRICOLE BANK" ID="If70a4200c73b11e4bae0f9e2a5665377">CREDIT AGRICOLE BANK</cite.query> LAUNCHES SPECIAL OFFER FOR ALL FOOTBALL FANS</sort-title><eos/></title><eop/></title-info><pub-info><journal key="key-journal"><bop/><bos/><sort-journal>ARKA News Agency</sort-journal><eos/><eop/></journal><pub-date key="key-date" iso-time="T00:00:00Z" type="date.publication"><full-pub-date>March 10, 2015</full-pub-date><sort-pub-date>20150310</sort-pub-date><sort-pub-timestamp>20150310000000</sort-pub-timestamp><rank-date>20150310</rank-date><currency-timestamp>20150310000000</currency-timestamp></pub-date><original-pub><language iso-language="en">English</language></original-pub><src-data><src-journal-code>ANPV</src-journal-code><src-pub-code>0063786</src-pub-code><src-pub-type>Newswire</src-pub-type><src-pub-country-wrap><src-pub-country-code>GE</src-pub-country-code><src-pub-country>Georgia CIS</src-pub-country></src-pub-country-wrap><src-pub-region>Europe</src-pub-region></src-data></pub-info><content iso-language="en"><total-char-count>1721</total-char-count><derived-word-count><bop/><bos/>Word Count: 267<eos/><eop/></derived-word-count><text type="lead-para"><p nitf="lede"><bop/><bos/>BANKING NEWS<eos/><eop/></p><p nitf="lede"><bop/><bos/>YEREVAN, March 10. / ARKA /. ACBA-<cite.query w-seq-number="00002" w-ref-type="NM" w-normalized-cite="canonical_name::CREDIT AGRICOLE BANK" ID="If7131ba0c73b11e4bae0f9e2a5665377">CREDIT AGRICOLE BANK</cite.query> has launched March 9 a special offer for all football fans.<eos/><eop/></p></text><text type="body"><p><bop/><bos/>According to a bank&apos;s press release, , the first 1,000 customers who will purchase <cite.query w-seq-number="00003" w-ref-type="NM" w-normalized-cite="canonical_name::MASTERCARD UEFA CHAMPIONS LEAGUE" ID="If72bfad0c73b11e4bae0f9e2a5665377">MasterCard UEFA Champions League</cite.query> cards, will get also backpacks, purses, t-shirts and 4GB flash memory cards with logos of <cite.query w-seq-number="00004" w-ref-type="MM" w-normalized-cite="canonical_name::MASTERCARD" ID="If72bfad1c73b11e4bae0f9e2a5665377">MasterCard</cite.query> and <cite.query w-seq-number="00005" w-ref-type="NM" w-normalized-cite="canonical_name::UEFA CHAMPIONS LEAGUE" ID="If72bfad2c73b11e4bae0f9e2a5665377">UEFA Champions League</cite.query>.<eos/><eop/></p><p><bop/><bos/>&quot;<cite.query w-seq-number="00006" w-ref-type="NM" w-normalized-cite="canonical_name::MASTERCARD UEFA CHAMPIONS LEAGUE" ID="If737e1b0c73b11e4bae0f9e2a5665377">MasterCard UEFA Champions League</cite.query> card is a practical tool for making payment and cash transactions on the territory of Armenia and abroad. <eos/><bos/>Customers can also obtain a credit line with 18-24% annual interest rate, &quot;the press release says.<eos/><eop/></p><p><bop/><bos/>Those customers who will use their <cite.query w-seq-number="00007" w-ref-type="NM" w-normalized-cite="canonical_name::MASTERCARD UEFA CHAMPIONS LEAGUE" ID="If740bb50c73b11e4bae0f9e2a5665377">MasterCard UEFA Champions League</cite.query> cards to make payments will have a unique opportunity to choose different symbolic gifts on the official website www.uefa.com in the amount of 1% of the payment.<eos/><eop/></p><p><bop/><bos/>In addition, holders of ArCa Classic, ArCa Credit, ACBA Transfer, Visa Electron, Visa Classic, Visa Student <cite.query w-seq-number="00008" w-ref-type="NM" w-normalized-cite="canonical_name::VISA GOLD" ID="If74f6150c73b11e4bae0f9e2a5665377">Visa Gold</cite.query> cards will have the opportunity to enjoy the above-mentioned benefits by connecting to <cite.query w-seq-number="00009" w-ref-type="MM" w-normalized-cite="canonical_name::MASTERCARD" ID="If74f6151c73b11e4bae0f9e2a5665377">MasterCard</cite.query> UEFA Champions League card.<eos/><eop/></p><p><bop/><bos/><cite.query w-seq-number="00010" w-ref-type="MM" w-normalized-cite="canonical_name::ACBA" ID="If765a870c73b11e4bae0f9e2a5665377">ACBA</cite.query> was established in 1996 as part of <cite.query w-seq-number="00011" w-ref-type="MM" w-normalized-cite="canonical_name::EU" ID="If765a871c73b11e4bae0f9e2a5665377">EU</cite.query>&apos;s TACIS program. <eos/><bos/>As a result of a long-term and mutually beneficial cooperation between <cite.query w-seq-number="00012" w-ref-type="CO" w-normalized-cite="I4151F38041EC11DDAD6B0014224D2780" ID="If765a872c73b11e4bae0f9e2a5665377">ACBA Bank</cite.query> and the French Credit Agricole the latter became the biggest shareholder of ACBA in 2006, September. <eos/><bos/>ACBA was restructured, becoming a closed joint stock company and was renamed ACBA CREDIT AGRICOLE BANK.<eos/><eop/></p><p><bop/><bos/>According to the latest data, the bank&apos;s assets in 2014 grew to 286.4 billion drams; its liabilities grew to 237 billion drams, while its capital fell to 49.37 billion drams. <eos/><bos/>The bank closed 2014 with a loss of 4.6 billion drams against a 4.9 billion dram profit in 2013. <eos/><bos/>($ 1 - 480.38 drams).<eos/> -0-<eop/></p></text></content><indexing iso-language="en" value-add="machine-generated"><classification-terms><pres-location-block><bop/><bos/><pres-location-wrap><pres-location>Armenia</pres-location><pres-location-code>ISOAM</pres-location-code><alt1-location-code>1AR09</alt1-location-code></pres-location-wrap><pres-location-wrap><pres-location>CIS Countries</pres-location><pres-location-code>CISSTAT</pres-location-code><alt1-location-code>1CI64</alt1-location-code></pres-location-wrap><pres-location-wrap><pres-location>Eastern Europe</pres-location><pres-location-code>GEOEEUR</pres-location-code><alt1-location-code>1EA48</alt1-location-code></pres-location-wrap><pres-location-wrap><pres-location>Europe</pres-location><pres-location-code>GEOEUR</pres-location-code><alt1-location-code>1EU83</alt1-location-code></pres-location-wrap><eos/><eop/></pres-location-block></classification-terms><classification-terms><pres-industry-block><bop/><bos/><pres-industry-wrap><pres-industry>Banking</pres-industry><pres-industry-code>BANKOVER</pres-industry-code><alt1-industry-code>1BA20</alt1-industry-code></pres-industry-wrap><pres-industry-wrap><pres-industry>Champions League</pres-industry><pres-industry-code>CHLEAGUE</pres-industry-code><alt1-industry-code>1CH02</alt1-industry-code></pres-industry-wrap><pres-industry-wrap><pres-industry>Credit</pres-industry><pres-industry-code>PTCRDT</pres-industry-code><alt1-industry-code>1CR60</alt1-industry-code></pres-industry-wrap><pres-industry-wrap><pres-industry>Credit, Debit &amp; Value Cards</pres-industry><pres-industry-code>CCARDS</pres-industry-code><alt1-industry-code>1CR28</alt1-industry-code></pres-industry-wrap><pres-industry-wrap><pres-industry>Debit Cards</pres-industry><pres-industry-code>DEBCARDS</pres-industry-code><alt1-industry-code>1DE11</alt1-industry-code></pres-industry-wrap><pres-industry-wrap><pres-industry>Entertainment</pres-industry><pres-industry-code>SHOWBIZ</pres-industry-code><alt1-industry-code>1EN08</alt1-industry-code></pres-industry-wrap><pres-industry-wrap><pres-industry>Financial Services</pres-industry><pres-industry-code>FINSVC</pres-industry-code><alt1-industry-code>1FI37</alt1-industry-code></pres-industry-wrap><pres-industry-wrap><pres-industry>Metals &amp; Mining</pres-industry><pres-industry-code>METALS</pres-industry-code><alt1-industry-code>1ME07</alt1-industry-code></pres-industry-wrap><pres-industry-wrap><pres-industry>Minor Metals &amp; Minerals</pres-industry><pres-industry-code>MINORORE</pres-industry-code><alt1-industry-code>1MI41</alt1-industry-code></pres-industry-wrap><pres-industry-wrap><pres-industry>Molybdenum</pres-industry><pres-industry-code>MOLY</pres-industry-code><alt1-industry-code>1MO03</alt1-industry-code></pres-industry-wrap><pres-industry-wrap><pres-industry>Natural Resources</pres-industry><pres-industry-code>RESOURCE</pres-industry-code><alt1-industry-code>1NA60</alt1-industry-code></pres-industry-wrap><pres-industry-wrap><pres-industry>Retail Banking Services</pres-industry><pres-industry-code>RTBNKOVR</pres-industry-code><alt1-industry-code>1RE38</alt1-industry-code></pres-industry-wrap><pres-industry-wrap><pres-industry>Soccer</pres-industry><pres-industry-code>SOCCRWW</pres-industry-code><alt1-industry-code>1SO61</alt1-industry-code></pres-industry-wrap><pres-industry-wrap><pres-industry>Sports</pres-industry><pres-industry-code>SPORTS</pres-industry-code><alt1-industry-code>1SP75</alt1-industry-code></pres-industry-wrap><eos/><eop/></pres-industry-block></classification-terms><classification-terms><rcs-block><rcs>G:B</rcs><rcs>G:A</rcs><rcs>U:42</rcs><rcs>M:3</rcs><rcs>G:B2</rcs><rcs>B:20</rcs><rcs>B:127</rcs><rcs>B:128</rcs><rcs>B:129</rcs><rcs>B:125</rcs><rcs>B:126</rcs><rcs>B:69</rcs><rcs>G:Y</rcs><rcs>G:7I</rcs><rcs>B:12</rcs><rcs>M:W</rcs><rcs>U:1</rcs><rcs>B:19</rcs><rcs>B:91</rcs><rcs>B:86</rcs><rcs>G:AJ</rcs><rcs>M:6Y</rcs><rcs>M:50</rcs></rcs-block></classification-terms><extraction-terms><extr-company-block><bop/><bos/><norm-company oa-id="4297575894">ACBA CREDIT AGRICOLE BANK CLOSED JSK</norm-company><norm-company-wrap><norm-company-name>ACBA CREDIT AGRICOLE BANK CLOSED JSK</norm-company-name><company-ids><oa-id>4297575894</oa-id></company-ids><company-classification><trbc-wrap><trbc type="RCS">B:128</trbc><trbc type="2012">55101010</trbc><trbc type="perm-id">4294952873</trbc></trbc-wrap></company-classification><relevancy engine="1C">0.8</relevancy><confidence engine="1C">0.99</confidence></norm-company-wrap><norm-company oa-id="4295906742">ARCA BIOPHARMA INC</norm-company><norm-company-wrap><norm-company-name>ARCA BIOPHARMA INC</norm-company-name><company-ids><oa-id>4295906742</oa-id><ric norm="ABIO.OQ">ABIO.OQ</ric></company-ids><company-classification><trbc-wrap><trbc type="RCS">B:1731</trbc><trbc type="2012">5620104012</trbc><trbc type="perm-id">4294951270</trbc></trbc-wrap></company-classification><relevancy engine="1C">0.2</relevancy><confidence engine="1C">0.81</confidence></norm-company-wrap><norm-company oa-id="8589934312">CREDIT AGRICOLE SA</norm-company><norm-company-wrap><norm-company-name>CREDIT AGRICOLE SA</norm-company-name><company-ids><oa-id>8589934312</oa-id><ric norm="CAGR.PA">CAGR.PA</ric></company-ids><company-classification><trbc-wrap><trbc type="RCS">B:1615</trbc><trbc type="2012">5510101010</trbc><trbc type="perm-id">4294951386</trbc></trbc-wrap></company-classification><relevancy engine="1C">0.8</relevancy><confidence engine="1C">0.97</confidence></norm-company-wrap><norm-company oa-id="4295902520">MASTERCARD INC</norm-company><norm-company-wrap><norm-company-name>MASTERCARD INC</norm-company-name><company-ids><oa-id>4295902520</oa-id><ric norm="MA.N">MA.N</ric></company-ids><company-classification><trbc-wrap><trbc type="RCS">B:1236</trbc><trbc type="2012">5220304027</trbc><trbc type="perm-id">4294951765</trbc></trbc-wrap></company-classification><relevancy engine="1C">0.2</relevancy><confidence engine="1C">0.95</confidence></norm-company-wrap><norm-company oa-id="4296389962">VISA GOLD EXPLORATIONS INC</norm-company><norm-company-wrap><norm-company-name>VISA GOLD EXPLORATIONS INC</norm-company-name><company-ids><oa-id>4296389962</oa-id></company-ids><company-classification><trbc-wrap><trbc type="RCS">B:24</trbc><trbc type="2012">51201050</trbc><trbc type="perm-id">4294952977</trbc></trbc-wrap></company-classification><relevancy engine="1C">0.2</relevancy><confidence engine="1C">0.64</confidence></norm-company-wrap><eos/><eop/></extr-company-block></extraction-terms></indexing></document></n-docbody>
</n-document>
<n-document guid="Iba0f49a0c66811e4a9d7e1916a244789"><n-metadata><metadata.block><md.identifiers><md.cites><md.parallelcite><md.parallelcite.info><md.display.parallelcite type="WLNR">2015 WLNR 7039363</md.display.parallelcite></md.parallelcite.info></md.parallelcite><md.first.line.cite>3/9/15 BANKSVCS (No Page)</md.first.line.cite><md.second.line.cite>3/9/15 ARKA Banking Services Bull. (Pg. Unavail. Online)</md.second.line.cite></md.cites><md.uuid>Iba0f49a0c66811e4a9d7e1916a244789</md.uuid></md.identifiers><md.infotype>news</md.infotype><md.sortkeys><md.ordersequence>f469da56c</md.ordersequence></md.sortkeys><md.descriptions><md.title>PRESS-CLIPPING March 2 to 6</md.title><md.westlawdescrip><md.readlist>READLIST</md.readlist></md.westlawdescrip></md.descriptions><md.dates><md.publisheddatetime>20150309103901</md.publisheddatetime><md.loaddate>20150309</md.loaddate><md.createddatetime>20150309103901</md.createddatetime></md.dates><md.subjects><md.subject><md.pubtype.name/><md.doctype.name>DNR</md.doctype.name><md.doctype.rank/><md.view>CNAM</md.view><md.view>RGEurope</md.view><md.view>PTMagazines</md.view><md.view>ARKANEWS0064119</md.view><md.view>ININTNEWS_AC</md.view><md.view>INFINNEWS</md.view><md.view>INALLNEWS_ACTEST</md.view><md.view>INFARNEWS_AC</md.view><md.view>ANZ_INTLBTI</md.view><md.view>INALLNEWS_AC</md.view><md.view>CLEAR_RF</md.view><md.view>INBUSNEWS</md.view><md.view>INBANKNEWS_AC</md.view><md.view>INBUSNEWS_AC</md.view></md.subject></md.subjects><md.jurisdictions><md.jurisdiction><md.jurisstate>FE</md.jurisstate></md.jurisdiction></md.jurisdictions><md.publications><md.publication/><md.sourcepubid>ARKANEWS</md.sourcepubid></md.publications><md.royalty><md.royalty.code>77232</md.royalty.code></md.royalty></metadata.block><news.metadata.block><md.text.preview>The monitoring of Armenian media reports regarding the activities of local banks from March 2 to 6 shows that the then most important information was that Artsakh Bank&apos;s authorized capital has increased by 4.5 billion drams to 11 billion drams</md.text.preview></news.metadata.block><newsplus.recommendable/><n-view>CNAM</n-view><n-view>RGEurope</n-view><n-view>PTMagazines</n-view><n-view>ARKANEWS0064119</n-view><n-view>ININTNEWS_AC</n-view><n-view>INFINNEWS</n-view><n-view>INALLNEWS_ACTEST</n-view><n-view>INFARNEWS_AC</n-view><n-view>ANZ_INTLBTI</n-view><n-view>INALLNEWS_AC</n-view><n-view>CLEAR_RF</n-view><n-view>INBUSNEWS</n-view><n-view>INBANKNEWS_AC</n-view><n-view>INBUSNEWS_AC</n-view><prism-stylesheet guid="Ia3024d301b6a11d89fc5f34981d3242f"/><prism-clipdate>20150309103901</prism-clipdate></n-metadata>
<n-docbody><document version="1" collection="D-ARKANEWS-T001" first-load-date="20150309103901" ip-product="ARKANEWS" royalty-id="77232" data-model="text" dtd-version="5.2.29" content-type="news" load-language="en"><supplier-info><supplier-num nitf="doc-id" nitf-regsrc="ARKA Banking Services Bulletin" type="accession">f3c1004ff80524e6</supplier-num><internal-acc-num db-id="NEPRARKA" type="newz">20150309170.4_Vf3c1004ff80524e6</internal-acc-num><rec-status><last-load-date>20150309103901</last-load-date><nitf-date ne="datereceived">20150309T14:29:42Z</nitf-date><nitf-date nitf="date-issue">20150309T00:00:00Z</nitf-date><last-provider-update>20150309142942</last-provider-update></rec-status><supplier-copyright>Copyright Â© 2015 ARKA<copyright-year/><copyright-holder>ARKA</copyright-holder></supplier-copyright><supplier-note nitf="urgency" nitf-ed-urg="4"/><supplier-dtds><dtd dtd-version="working" dtd-date="20150210T00:00:00Z">Canonical Taxonomy</dtd><dtd dtd-version="20150203" dtd-date="20150210T00:00:00Z">Mapping File</dtd></supplier-dtds><copyright-block type="dialog"><service-copyright n-include_guid="Ice671660f30811d88920000083149a14" n-include_collection="D-DIALOGCOPYRIGHTS-T001"/></copyright-block><copyright-block type="west"><service-copyright n-include_guid="I1DA35ED81DD211B281BAD200220BDFCA" n-include_collection="w_wlnv_msg"/></copyright-block><west-citation-block><bop/><first-line-cite><bos/>3/9/15 BANKSVCS (No Page)<eos/></first-line-cite><second-line-cite><bos/>3/9/15 ARKA Banking Services Bull. (Pg. Unavail. Online)<eos/></second-line-cite><westlawcite><bos/>2015 WLNR 7039363<eos/></westlawcite><eop/></west-citation-block></supplier-info><title-info iso-language="en"><bop/><title type="headline" nitf-hedline="hl1" key="key-title"><bos/><sort-title>PRESS-CLIPPING March 2 to 6</sort-title><eos/></title><eop/></title-info><pub-info><journal key="key-journal"><bop/><bos/><sort-journal>ARKA Banking Services Bulletin</sort-journal><eos/><eop/></journal><pub-date key="key-date" iso-time="T00:00:00Z" type="date.publication"><full-pub-date>March 9, 2015</full-pub-date><sort-pub-date>20150309</sort-pub-date><sort-pub-timestamp>20150309000000</sort-pub-timestamp><rank-date>20150309</rank-date><currency-timestamp>20150309000000</currency-timestamp></pub-date><original-pub><language iso-language="en">English</language></original-pub><src-data><src-journal-code>ANPY</src-journal-code><src-pub-code>0064119</src-pub-code><src-pub-type>Newsletter</src-pub-type><src-pub-country-wrap><src-pub-country-code>AM</src-pub-country-code><src-pub-country>Armenia</src-pub-country></src-pub-country-wrap><src-pub-region>Europe</src-pub-region></src-data></pub-info><content iso-language="en"><total-char-count>9054</total-char-count><derived-word-count><bop/><bos/>Word Count: 1302<eos/><eop/></derived-word-count><text type="lead-para"><p nitf="lede"><bop/><bos/>The monitoring of Armenian media reports regarding the activities of local banks from March 2 to 6 shows that the then most important information was that <cite.query w-seq-number="00001" w-ref-type="NM" w-normalized-cite="canonical_name::ARTSAKH BANK" ID="I91f2d720c67211e4a7d2c7749e630ff4">Artsakh Bank</cite.query>&apos;s authorized capital has increased by 4.5 billion drams to 11 billion drams.<eos/><eop/></p><p nitf="lede"><bop/><bos/>ACBA-<cite.query w-seq-number="00002" w-ref-type="NM" w-normalized-cite="canonical_name::CREDIT AGRICOLE BANK" ID="I920797a0c67211e4a7d2c7749e630ff4">CREDIT AGRICOLE BANK</cite.query> has unveiled today new ArCa Credit cards with declining-balance for getting credit linesand has installed ACBA TOKEN application for creating single-use passwords for logging to ACBA ON-LINE system for management of bank accounts.<eos/><eop/></p></text><text type="body"><p><bop/><bos/>.VTB Bank (Armenia), Visa international payment system and Cosmopolitan magazine have a join offer for all holders of VTB Cosmopolitan Visa Classic and VTB CosmopolitanVisa Gold cards ahead of the women&apos;s holidays<eos/><eop/></p><p><bop/><bos/>The media reports released by newspapers and Internet resources over the period between March 2 and 6 contained information about three commercial banks.<eos/><eop/></p><p><bop/><bos/>Azg, Golos Armenii, Novoe <cite.query w-seq-number="00003" w-ref-type="NM" w-normalized-cite="canonical_name::VREMYA" ID="I921cf460c67211e4a7d2c7749e630ff4">Vremya</cite.query>, Aravot, Delovoy Express, Hayastani Hanrapetutyun, Respublika Armenia, Haykakan Zhamanak, Hayots Ashkhar, Iravunk, Orakarg, Yerkir, Hraparak, Chorrord Ishkhanutyun, Zhamanak, Zhoghovurd and 168 Zham newspapers were used to collect the information.<eos/><eop/></p><p><bop/><bos/>Panarmenian, ARKA, Armbanks, Banks, Arminfo, Finport and Panorama and <cite.query w-seq-number="00004" w-ref-type="MM" w-normalized-cite="canonical_name::EBANK" ID="I922754a0c67211e4a7d2c7749e630ff4">Ebank</cite.query> Internet resources were used as well. ---0---<eos/><eop/></p><section-title>ACBA-CREDIT AGRICOLE BANK UNVEILS NEW ARCA CREDIT CARD WITH DECLINING-BALANCE</section-title><p><bop/><bos/>ACBA-<cite.query w-seq-number="00005" w-ref-type="NM" w-normalized-cite="canonical_name::CREDIT AGRICOLE BANK" ID="I9235faa0c67211e4a7d2c7749e630ff4">CREDIT AGRICOLE BANK</cite.query> has unveiled today new ArCa Credit cards with declining-balance for getting credit lines. <eos/><bos/>The cards validity term is five years. <eos/><bos/>They can be used throughout Armenia to make both encashment and payment transactions, the bank said in a press release.<eos/><eop/></p><p><bop/><bos/>Unlike standard credit lines, equal amounts, set by the bank are deducted monthly from the credit lines with the declining balance allowing customers to make regular payments and zero their credit commitments.<eos/><eop/></p><p><bop/><bos/>Customers can get credit lines with the declining-balance in the amount of up to 500,000 drams or an equivalent amount in foreign currency without a document certifying one&apos;s income. <eos/><bos/>The maximum amount of the credit line with the declining balance is 10 million drams or the equivalent in foreign currency.<eos/><eop/></p><p><bop/><bos/>Visa Electron, Maestro or <cite.query w-seq-number="00006" w-ref-type="NM" w-normalized-cite="canonical_name::MASTERCARD UEFA CHAMPIONS LEAGUE" ID="I9246c380c67211e4a7d2c7749e630ff4">MasterCard UEFA Champions League</cite.query>, issued by the bank, can be connected to ArCa Credit card account. <eos/><bos/>Thanks to it the bank&apos;s customers will be able to use credit funds also outside Armenia.<eos/><eop/></p><p><bop/><bos/>Sources: www.armbanks.am 06.03.2015, www.arka.am 06.03.2015, www.banks.am 06.03.2015, www.finport.am 06.03.2015, www.panorama.am 06.03.2015<eos/><eop/></p><section-title>ACBA-CREDIT AGRICOLE BANK INSTALLS ACBA TOKEN APP FOR LOGGING TO ACBA ON-LINE</section-title><p><bop/><bos/>ACBA-<cite.query w-seq-number="00007" w-ref-type="NM" w-normalized-cite="canonical_name::CREDIT AGRICOLE BANK" ID="I92645da0c67211e4a7d2c7749e630ff4">CREDIT AGRICOLE BANK</cite.query> has installed ACBA TOKEN application for creating single-use passwords for logging to ACBA ON-LINE system for management of bank accounts<eos/><eop/></p><p><bop/><bos/>According to a bank&apos;s press release, ACBA ON-LINE was first introduced back in 2009 in tune with ACBA-<cite.query w-seq-number="00008" w-ref-type="NM" w-normalized-cite="canonical_name::CREDIT AGRICOLE BANK" ID="I92726760c67211e4a7d2c7749e630ff4">CREDIT AGRICOLE BANK</cite.query>&apos;s policy of improving the quality of services and bringing in innovative solutions.<eos/><eop/></p><p><bop/><bos/>Previously, when logging to ACBA ON-LINE customers could create one-time passwords only by using the TOKEN device. <eos/><bos/>Now, customers can use their smartphones running on iOS or Android to create passwords by using the ACBA TOKEN application. <eos/><bos/>The app allows customers to manage their bank accounts at any time from anywhere in the world.<eos/><eop/></p><p><bop/><bos/>Corporate customers can use the new application to create one-time passwords and log in to a system that enables them to manage accounts of several companies they own. <eos/><bos/>Earlier corporate customers had to have devices for each account.<eos/><eop/></p><p><bop/><bos/>Customers can switch to ACBA TOKEN application without having to visit the bank. <eos/><bos/>They need only to visit a section on ACBA ON-LINE&apos;s website called &quot;replacing mobile token.&apos;<eos/><eop/></p><p><bop/><bos/>ACBA ON-LINE service enables customers to manage their accounts online 24 hours a day, including opening of current accounts, placing deposits, repaying loans, applying for overdrafts and commercial lines of credit, make remittances, apply for consumer loans and deposit-secured lines of credit, pay for goods bought on installment plan, pay utility bills and send applications for a certificate.<eos/><eop/></p><p><bop/><bos/>Sources: www.armbanks.am 02.03.2015, www.arka.am 02.03.2015, www.banks.am 02.03.2015, www.arminfo.am 02.03.2015, www.panorama.am 02.03.2015<eos/><eop/></p><section-title>ARTSAKH BANK INCREASES ITS AUTHORIZED CAPITAL BY 4.5 BILLION DRAMS</section-title><p><bop/><bos/>Artsakh Bank&apos;s authorized capital has increased by 4.5 billion drams to 11 billion drams due to a new shareholder, which is Business Fund of Armenia, the bank said in a statement posted on its official website.<eos/><eop/></p><p><bop/><bos/>It said the increased capital will be used to implement priority development programs, such as improving customer services, stimulating universal banking services and more diversified lending through microfinance programs.<eos/><eop/></p><p><bop/><bos/>On February 10, Arthur Mkhitaryan was elected as new CEO and board chairman of <cite.query w-seq-number="00009" w-ref-type="NM" w-normalized-cite="canonical_name::ARTSAKH BANK" ID="I92881240c67211e4a7d2c7749e630ff4">Artsakh Bank</cite.query>.<eos/><eop/></p><p><bop/><bos/>Sources: www.armbanks.am 04.03.2015, www.banks.am 04.03.2015<eos/><eop/></p><section-title>VTB BANK (ARMENIA), VISA INTERNATIONAL PAYMENT SYSTEM AND COSMOPOLITAN MAGAZINE HAVE OFFER FOR VTB COSMOPOLITAN CARDHOLDERS</section-title><p><bop/><bos/>VTB Bank (Armenia), Visa international payment system and Cosmopolitan magazine have a join offer for all holders of VTB Cosmopolitan Visa Classic and VTB CosmopolitanVisa Gold cards ahead of the women&apos;s holidays, the press office of <cite.query w-seq-number="00010" w-ref-type="CO" w-normalized-cite="IB9397CB0D0D811DF98F8FD3889AD24A2" ID="I929aafe0c67211e4a7d2c7749e630ff4">VTB Bank</cite.query> (Armenia) reports.<eos/><eop/></p><p><bop/><bos/>Then offer applies also to the cards bought while the offer is in force. <eos/><bos/>All VTB Cosmopolitan Visa card holders, making shopping frequently from March 1 to May 31, will get a chance to win two trips for Milan and 10 gift certificates for purchasing goods in women&apos;s shops.<eos/><eop/></p><p><bop/><bos/>The prizes will be raffled among 100 clients, who spent much money over the mentioned period through their cards. <eos/><bos/>Minimum amount of cashless purchases is 100,000 drams.<eos/><eop/></p><p><bop/><bos/>Sources: www.armbanks.am 06.03.2015, www.arka.am 06.03.2015, www.banks.am 06.03.2015, www.finport.am 06.03.2015\<eos/><eop/></p><section-title>NUMBER OF ARMENIAN BANKS&apos; CLIENTS RISES 19.3% TO 2.6 MILLION IN DECEMBER 2014</section-title><p><bop/><bos/>Armenia&apos;s banks had 2,267,152 clients in late December 2014 - a 19.3% growth, compared with December 2013, the <cite.query w-seq-number="00011" w-ref-type="WC" w-normalized-cite="I09730A601D8E11DF92A4E17263A55917" ID="I92cdcdd0c67211e4a7d2c7749e630ff4">National Statistical Service</cite.query> told <cite.query w-seq-number="00012" w-ref-type="NM" w-normalized-cite="canonical_name::ARKA NEWS AGENCY" ID="I92cdcdd1c67211e4a7d2c7749e630ff4">ARKA News Agency</cite.query>.<eos/><eop/></p><p><bop/><bos/>Of them, 79,588 are corporate clients and 2,187, 564 are individuals.<eos/><eop/></p><p><bop/><bos/>There were 3,910,808 accounts in the country&apos;s banks in late December 2014 against 3,201,229 in 2013.<eos/><eop/></p><p><bop/><bos/>According to the statistical report, 3,734,932 of them are individuals&apos; account and 175,876 are corporate clients&apos; accounts.<eos/><eop/></p><p><bop/><bos/>Balance in the population deposits in banks amounted to AMD 884 333 million in late January 2015 after shrinking 1.1% or by AMD 9 819 million, compared with the previous month, but growing 11.8% or by AMD 93 122 million, compared with January 2014.<eos/><eop/></p><p><bop/><bos/>Source: www.armbanks.am 05.03.2015<eos/><eop/></p><section-title>ARMENIAN COMMERCIAL BANKS&apos; TOTAL LIQUIDITY DROPS 4.4 PERCENTAGE POINTS TO 25.1% IN 2014</section-title><p><bop/><bos/>Armenian commercial banks&apos; total liquidity rate (high-liquidity assets/total assets) fell 4.4 percentage points to 25.1% in 2014, according to the figures posted on the website of the <cite.query w-seq-number="00013" w-ref-type="CO" w-normalized-cite="I706C7C4142B311DDA5520014224D2780" ID="I92e72230c67211e4a7d2c7749e630ff4">Central Bank of Armenia</cite.query>. <eos/><bos/>The regulator says the banks&apos; total activity indicator was slipping smoothly, unlike their current liquidity indicator (high-liquidity assets/demand liabilities), which dropped 12.9 percentage points from 142.3% in the beginning of 2014 to 129.4% by the end of the year. <eos/><bos/>The indicator plummeted 5.7% in December, after the central bank raised its requirement to obligatory reservation in foreign currencies from 12% to 24% (now it stands at 20%), to 129.4% from 135% in November. <eos/><bos/>Nevertheless, it should be mentioned that Armenian banks&apos; liquidity, either total or current, exceeds the minimum requirement of the regulator - 15% required total liquidity minimum (25.1% at banks) and 60% required current liquidity minimum (129.4% at banks).<eos/><bos/> Some analysts warn that although the central bank has lowered its requirement to banks&apos; mandatory reservation in foreign currencies to 20%, it is still high and may continue pressing the banks&apos; liquidity level.<eos/><eop/></p><p><bop/><bos/>Source: www.armbanks.am 03.03.2015<eos/><eop/></p><section-title>ARMENIAN COMMERCIAL BANKS&apos; ROA 0.91% AND ROE 5.58% IN 2014</section-title><p><bop/><bos/>Armenian commercial banks&apos; Return on Assets (ROA), an indicator of how profitable a company is relative to its total assets, averaged 0.91% in 2014 against 1.81% in late 2013. <eos/><bos/>The profitability of assets fell 0.37% over one quarter. <eos/><bos/>Inecobank is topping <cite.query w-seq-number="00014" w-ref-type="NM" w-normalized-cite="canonical_name::ARKA NEWS AGENCY" ID="I94b57990c67211e4a7d2c7749e630ff4">ARKA News Agency</cite.query>&apos;s ranking based on comparable analysis - its <cite.query w-seq-number="00015" w-ref-type="NM" w-normalized-cite="canonical_name::ROA" ID="I94b57991c67211e4a7d2c7749e630ff4">ROA</cite.query> was recorded at 3.83% in 2014 against 4.21% in 2013. <eos/><bos/>Armswisbank, with its 3.12% against 2.98%, came second in the ranking, <cite.query w-seq-number="00016" w-ref-type="MM" w-normalized-cite="canonical_name::HSBC BANK" ID="I94b57992c67211e4a7d2c7749e630ff4">HSBC Bank</cite.query> Armenia, with 2.53% against 3.55%, came third, Araratbank, with 2.39% and 2.75% respectively, fourth and Ameriabank, with 2.08% and 1.97% fifth. <eos/><bos/>An average Return on Equity (ROE), the amount of net income returned as a percentage of shareholders equity, of the country&apos;s commercial banks stood at 5.58% in 2014 against 11.12% in late 2013. <eos/><bos/>Inecobank, with its 21% against 23.90% a year earlier, came first here. <eos/><bos/>Ameriabank, with 17.82 against 15.96%, ranked second, <cite.query w-seq-number="00017" w-ref-type="MM" w-normalized-cite="canonical_name::HSBC BANK" ID="I94b57993c67211e4a7d2c7749e630ff4">HSBC Bank</cite.query> Armenia, with 14.71% against 20.36%, third, Araratbank, with 13.90% against 17.17%, fourth and Armbusinessbank, with 13.26 against 11.71% fifth.<eos/><eop/></p><p><bop/><bos/>Source: www.armbanks.am 03.03.2015<eos/><eop/></p></text></content><indexing iso-language="en" value-add="machine-generated"><classification-terms><pres-location-block><bop/><bos/><pres-location-wrap><pres-location>Armenia</pres-location><pres-location-code>ISOAM</pres-location-code><alt1-location-code>1AR09</alt1-location-code></pres-location-wrap><pres-location-wrap><pres-location>CIS Countries</pres-location><pres-location-code>CISSTAT</pres-location-code><alt1-location-code>1CI64</alt1-location-code></pres-location-wrap><pres-location-wrap><pres-location>Eastern Europe</pres-location><pres-location-code>GEOEEUR</pres-location-code><alt1-location-code>1EA48</alt1-location-code></pres-location-wrap><pres-location-wrap><pres-location>Europe</pres-location><pres-location-code>GEOEUR</pres-location-code><alt1-location-code>1EU83</alt1-location-code></pres-location-wrap><eos/><eop/></pres-location-block></classification-terms><classification-terms><pres-subject-block><bop/><bos/><pres-subject-wrap><pres-subject>CIS</pres-subject><pres-subject-code>GEOCIS</pres-subject-code><alt1-subject-code>1CI65</alt1-subject-code></pres-subject-wrap><pres-subject-wrap><pres-subject>World Organizations</pres-subject><pres-subject-code>GEOORGS</pres-subject-code><alt1-subject-code>1IN77</alt1-subject-code></pres-subject-wrap><eos/><eop/></pres-subject-block><pres-industry-block><bop/><bos/><pres-industry-wrap><pres-industry>Banking</pres-industry><pres-industry-code>BANKOVER</pres-industry-code><alt1-industry-code>1BA20</alt1-industry-code></pres-industry-wrap><pres-industry-wrap><pres-industry>Commercial Banking Services</pres-industry><pres-industry-code>BANKCOML</pres-industry-code><alt1-industry-code>1CO19</alt1-industry-code></pres-industry-wrap><pres-industry-wrap><pres-industry>Credit</pres-industry><pres-industry-code>PTCRDT</pres-industry-code><alt1-industry-code>1CR60</alt1-industry-code></pres-industry-wrap><pres-industry-wrap><pres-industry>Credit, Debit &amp; Value Cards</pres-industry><pres-industry-code>CCARDS</pres-industry-code><alt1-industry-code>1CR28</alt1-industry-code></pres-industry-wrap><pres-industry-wrap><pres-industry>Financial Services</pres-industry><pres-industry-code>FINSVC</pres-industry-code><alt1-industry-code>1FI37</alt1-industry-code></pres-industry-wrap><pres-industry-wrap><pres-industry>Retail Banking Services</pres-industry><pres-industry-code>RTBNKOVR</pres-industry-code><alt1-industry-code>1RE38</alt1-industry-code></pres-industry-wrap><eos/><eop/></pres-industry-block></classification-terms><classification-terms><rcs-block><rcs>G:B</rcs><rcs>B:131</rcs><rcs>G:A</rcs><rcs>G:B2</rcs><rcs>B:127</rcs><rcs>B:128</rcs><rcs>B:129</rcs><rcs>B:125</rcs><rcs>B:126</rcs><rcs>G:AJ</rcs><rcs>G:Y</rcs><rcs>G:7I</rcs></rcs-block></classification-terms><extraction-terms><extr-company-block><bop/><bos/><extr-company>168 Zham</extr-company><extr-company-wrap><extr-company-name>168 Zham</extr-company-name><relevancy engine="1C">0.2</relevancy><confidence engine="1C">0.73</confidence></extr-company-wrap><extr-company>Artsakh Bank</extr-company><extr-company-wrap><extr-company-name>Artsakh Bank</extr-company-name><relevancy engine="1C">0.8</relevancy><confidence engine="1C">0.91</confidence></extr-company-wrap><norm-company oa-id="5000890309">ARMBUSINESSBANK CLOSED JSK</norm-company><norm-company-wrap><norm-company-name>ARMBUSINESSBANK CLOSED JSK</norm-company-name><company-ids><oa-id>5000890309</oa-id></company-ids><relevancy engine="1C">0.2</relevancy><confidence engine="1C">0.64</confidence></norm-company-wrap><norm-company oa-id="4297575894">ACBA CREDIT AGRICOLE BANK CLOSED JSK</norm-company><norm-company-wrap><norm-company-name>ACBA CREDIT AGRICOLE BANK CLOSED JSK</norm-company-name><company-ids><oa-id>4297575894</oa-id></company-ids><company-classification><trbc-wrap><trbc type="RCS">B:128</trbc><trbc type="2012">55101010</trbc><trbc type="perm-id">4294952873</trbc></trbc-wrap></company-classification><relevancy engine="1C">0.2</relevancy><confidence engine="1C">0.77</confidence></norm-company-wrap><norm-company oa-id="5000943280">AMERIABANK CJSC</norm-company><norm-company-wrap><norm-company-name>AMERIABANK CJSC</norm-company-name><company-ids><oa-id>5000943280</oa-id></company-ids><company-classification><trbc-wrap><trbc type="RCS">B:1615</trbc><trbc type="2012">5510101010</trbc><trbc type="perm-id">4294951386</trbc></trbc-wrap></company-classification><relevancy engine="1C">0.2</relevancy><confidence engine="1C">0.78</confidence></norm-company-wrap><norm-company oa-id="4297861134">ARARATBANK OPEN JSK</norm-company><norm-company-wrap><norm-company-name>ARARATBANK OPEN JSK</norm-company-name><company-ids><oa-id>4297861134</oa-id></company-ids><company-classification><trbc-wrap><trbc type="RCS">B:1615</trbc><trbc type="2012">5510101010</trbc><trbc type="perm-id">4294951386</trbc></trbc-wrap></company-classification><relevancy engine="1C">0.2</relevancy><confidence engine="1C">0.78</confidence></norm-company-wrap><norm-company oa-id="5000763683">HSBC BANK ARMENIA CJSC</norm-company><norm-company-wrap><norm-company-name>HSBC BANK ARMENIA CJSC</norm-company-name><company-ids><oa-id>5000763683</oa-id></company-ids><relevancy engine="1C">0.2</relevancy><confidence engine="1C">0.81</confidence></norm-company-wrap><norm-company oa-id="4297927063">INECOBANK CLOSED JSK</norm-company><norm-company-wrap><norm-company-name>INECOBANK CLOSED JSK</norm-company-name><company-ids><oa-id>4297927063</oa-id></company-ids><relevancy engine="1C">0.2</relevancy><confidence engine="1C">0.71</confidence></norm-company-wrap><norm-company oa-id="4295902520">MASTERCARD INC</norm-company><norm-company-wrap><norm-company-name>MASTERCARD INC</norm-company-name><company-ids><oa-id>4295902520</oa-id><ric norm="MA.N">MA.N</ric></company-ids><company-classification><trbc-wrap><trbc type="RCS">B:1236</trbc><trbc type="2012">5220304027</trbc><trbc type="perm-id">4294951765</trbc></trbc-wrap></company-classification><relevancy engine="1C">0.2</relevancy><confidence engine="1C">0.79</confidence></norm-company-wrap><norm-company oa-id="4296426475">PANORAMA PETROLEUM INC</norm-company><norm-company-wrap><norm-company-name>PANORAMA PETROLEUM INC</norm-company-name><company-ids><oa-id>4296426475</oa-id><ric norm="PPA.V">PPA.V</ric></company-ids><company-classification><trbc-wrap><trbc type="RCS">B:1004</trbc><trbc type="2012">5010202010</trbc><trbc type="perm-id">4294951997</trbc></trbc-wrap></company-classification><relevancy engine="1C">0.2</relevancy><confidence engine="1C">0.74</confidence></norm-company-wrap><norm-company oa-id="4295887248">VTB BANK (OPEN JOINT STOCK COMPANY)</norm-company><norm-company-wrap><norm-company-name>VTB BANK (OPEN JOINT STOCK COMPANY)</norm-company-name><company-ids><oa-id>4295887248</oa-id><ric norm="VTBR.MM">VTBR.MM</ric></company-ids><company-classification><trbc-wrap><trbc type="RCS">B:1615</trbc><trbc type="2012">5510101010</trbc><trbc type="perm-id">4294951386</trbc></trbc-wrap></company-classification><relevancy engine="1C">0.8</relevancy><confidence engine="1C">0.81</confidence></norm-company-wrap><norm-company oa-id="4298015179">VISA INC</norm-company><norm-company-wrap><norm-company-name>VISA INC</norm-company-name><company-ids><oa-id>4298015179</oa-id><ric norm="V.N">V.N</ric></company-ids><company-classification><trbc-wrap><trbc type="RCS">B:1219</trbc><trbc type="2012">5220304010</trbc><trbc type="perm-id">4294951782</trbc></trbc-wrap></company-classification><relevancy engine="1C">0.2</relevancy><confidence engine="1C">0.83</confidence></norm-company-wrap><norm-company oa-id="5000115616">VISA INTERNATIONAL (HOLLAND) BV</norm-company><norm-company-wrap><norm-company-name>VISA INTERNATIONAL (HOLLAND) BV</norm-company-name><company-ids><oa-id>5000115616</oa-id></company-ids><relevancy engine="1C">0.8</relevancy><confidence engine="1C">0.65</confidence></norm-company-wrap><norm-company oa-id="4295901746">EBANK FINANCIAL SERVICES INC</norm-company><norm-company-wrap><norm-company-name>EBANK FINANCIAL SERVICES INC</norm-company-name><company-ids><oa-id>4295901746</oa-id><ric norm="EBDC.PK">EBDC.PK</ric></company-ids><company-classification><trbc-wrap><trbc type="RCS">B:1615</trbc><trbc type="2012">5510101010</trbc><trbc type="perm-id">4294951386</trbc></trbc-wrap></company-classification><relevancy engine="1C">0.2</relevancy><confidence engine="1C">0.83</confidence></norm-company-wrap><eos/><eop/></extr-company-block></extraction-terms><extraction-terms><extr-person-block><bop/><bos/><extr-person>Maestro</extr-person><extr-person-wrap><extr-person-name>Maestro</extr-person-name><relevancy engine="1C">0.2</relevancy></extr-person-wrap><eos/><eop/></extr-person-block></extraction-terms></indexing></document></n-docbody>
</n-document>
<n-document guid="I8e8998a0c3fa11e48ed48810ea3aee47"><n-metadata><metadata.block><md.identifiers><md.cites><md.first.line.cite>3/6/15 NEWS 00:00:00</md.first.line.cite><md.second.line.cite>3/6/15 ARKA News Agency 00:00:00</md.second.line.cite></md.cites><md.uuid>I8e8998a0c3fa11e48ed48810ea3aee47</md.uuid></md.identifiers><md.infotype>news</md.infotype><md.sortkeys><md.ordersequence>f47363bec</md.ordersequence></md.sortkeys><md.descriptions><md.title>ACBA-CREDIT AGRICOLE BANK UNVEILS NEW ARCA CREDIT CARD WITH DECLINING-BALANCE</md.title><md.westlawdescrip><md.readlist>READLIST</md.readlist></md.westlawdescrip></md.descriptions><md.dates><md.publisheddatetime>20150306061924</md.publisheddatetime><md.loaddate>20150306</md.loaddate><md.createddatetime>20150306061924</md.createddatetime></md.dates><md.subjects><md.subject><md.pubtype.name/><md.doctype.name>DNR</md.doctype.name><md.doctype.rank/><md.view>CNGE</md.view><md.view>RGEurope</md.view><md.view>PTNewswires</md.view><md.view>ARKANEWS0063786</md.view><md.view>INALLNEWS_ACTEST</md.view><md.view>INFARNEWS_AC</md.view><md.view>MARKETSEIKON_CN</md.view><md.view>MARKETSEIKON</md.view><md.view>CB_ASIAWIRES</md.view><md.view>INWIRES_AC</md.view><md.view>GULF_INTL</md.view><md.view>ININTNEWS_AC</md.view><md.view>ANZ_INTLOS</md.view><md.view>CLEAR_RF</md.view><md.view>INALLNEWS_AC</md.view><md.view>INNEWSINT_PRO</md.view><md.view>INBUSNEWS</md.view><md.view>INNEWSWORLD_PRO</md.view><md.view>INBUSNEWS_AC</md.view></md.subject></md.subjects><md.jurisdictions><md.jurisdiction><md.jurisstate>FE</md.jurisstate></md.jurisdiction></md.jurisdictions><md.publications><md.publication/><md.sourcepubid>ARKANEWS</md.sourcepubid></md.publications><md.royalty><md.royalty.code>84104</md.royalty.code></md.royalty></metadata.block><news.metadata.block><md.text.preview>BANKING NEWSYEREVAN, March 6. / ARKA /. ACBA-CREDIT AGRICOLE BANK has unveiled today new ArCa Credit cards with declining-balance for getting credit lines. The cards validity term is five years. They can be used throughout Armenia to make both</md.text.preview></news.metadata.block><newsplus.recommendable>1</newsplus.recommendable><n-view>CNGE</n-view><n-view>RGEurope</n-view><n-view>PTNewswires</n-view><n-view>ARKANEWS0063786</n-view><n-view>INALLNEWS_ACTEST</n-view><n-view>INFARNEWS_AC</n-view><n-view>MARKETSEIKON_CN</n-view><n-view>MARKETSEIKON</n-view><n-view>CB_ASIAWIRES</n-view><n-view>INWIRES_AC</n-view><n-view>GULF_INTL</n-view><n-view>ININTNEWS_AC</n-view><n-view>ANZ_INTLOS</n-view><n-view>CLEAR_RF</n-view><n-view>INALLNEWS_AC</n-view><n-view>INNEWSINT_PRO</n-view><n-view>INBUSNEWS</n-view><n-view>INNEWSWORLD_PRO</n-view><n-view>INBUSNEWS_AC</n-view><prism-stylesheet guid="Ia3024d301b6a11d89fc5f34981d3242f"/><prism-clipdate>20150306061924</prism-clipdate></n-metadata>
<n-docbody><document version="2" collection="D-ARKANEWS-T001" first-load-date="20150306061924" ip-product="ARKANEWS" royalty-id="84104" data-model="text" dtd-version="5.2.29" content-type="news" load-language="en"><supplier-info><supplier-num nitf="doc-id" nitf-regsrc="ARKA News Agency" type="accession">6ea0000313735a23</supplier-num><internal-acc-num db-id="NEPRARKA" type="newz">20150306170.1_V6ea0000313735a23</internal-acc-num><rec-status><last-load-date>20150306072907</last-load-date><nitf-date ne="datereceived">20150306T13:23:02Z</nitf-date><nitf-date nitf="date-issue">20150306T00:00:00Z</nitf-date><last-provider-update>20150306132302</last-provider-update></rec-status><supplier-copyright>Copyright Â© 2015 ARKA<copyright-year/><copyright-holder>ARKA</copyright-holder></supplier-copyright><supplier-note nitf="urgency" nitf-ed-urg="4"/><supplier-dtds><dtd dtd-version="working" dtd-date="20150210T00:00:00Z">Canonical Taxonomy</dtd><dtd dtd-version="20150203" dtd-date="20150210T00:00:00Z">Mapping File</dtd></supplier-dtds><copyright-block type="dialog"><service-copyright n-include_guid="Ice671660f30811d88920000083149a14" n-include_collection="D-DIALOGCOPYRIGHTS-T001"/></copyright-block><copyright-block type="west"><service-copyright n-include_guid="I1DA35ED81DD211B281BAD200220BDFCA" n-include_collection="w_wlnv_msg"/></copyright-block><west-citation-block><bop/><first-line-cite><bos/>3/6/15 NEWS 00:00:00<eos/></first-line-cite><second-line-cite><bos/>3/6/15 ARKA News Agency 00:00:00<eos/></second-line-cite><eop/></west-citation-block></supplier-info><title-info iso-language="en"><bop/><title type="headline" nitf-hedline="hl1" key="key-title"><bos/><sort-title>ACBA-CREDIT AGRICOLE BANK UNVEILS NEW ARCA CREDIT CARD WITH DECLINING-BALANCE</sort-title><eos/></title><eop/></title-info><pub-info><journal key="key-journal"><bop/><bos/><sort-journal>ARKA News Agency</sort-journal><eos/><eop/></journal><pub-date key="key-date" iso-time="T00:00:00Z" type="date.publication"><full-pub-date>March 6, 2015</full-pub-date><sort-pub-date>20150306</sort-pub-date><sort-pub-timestamp>20150306000000</sort-pub-timestamp><rank-date>20150306</rank-date><currency-timestamp>20150306000000</currency-timestamp></pub-date><original-pub><language iso-language="en">English</language></original-pub><src-data><src-journal-code>ANPV</src-journal-code><src-pub-code>0063786</src-pub-code><src-pub-type>Newswire</src-pub-type><src-pub-country-wrap><src-pub-country-code>GE</src-pub-country-code><src-pub-country>Georgia CIS</src-pub-country></src-pub-country-wrap><src-pub-region>Europe</src-pub-region></src-data></pub-info><content iso-language="en"><total-char-count>1684</total-char-count><derived-word-count><bop/><bos/>Word Count: 265<eos/><eop/></derived-word-count><text type="lead-para"><p nitf="lede"><bop/><bos/>BANKING NEWS<eos/><eop/></p><p nitf="lede"><bop/><bos/>YEREVAN, March 6. / ARKA /. ACBA-<cite.query w-seq-number="00001" w-ref-type="NM" w-normalized-cite="canonical_name::CREDIT AGRICOLE BANK" ID="Ie795b960c40411e48c1bf3271fdb6c82">CREDIT AGRICOLE BANK</cite.query> has unveiled today new ArCa Credit cards with declining-balance for getting credit lines. <eos/><bos/>The cards validity term is five years. <eos/><bos/>They can be used throughout Armenia to make both encashment and payment transactions, the bank said in a press release.<eos/><eop/></p></text><text type="body"><p><bop/><bos/>Unlike standard credit lines, equal amounts, set by the bank are deducted monthly from the credit lines with the declining balance allowing customers to make regular payments and zero their credit commitments.<eos/><eop/></p><p><bop/><bos/>Customers can get credit lines with the declining-balance in the amount of up to 500,000 drams or an equivalent amount in foreign currency without a document certifying one&apos;s income. <eos/><bos/>The maximum amount of the credit line with the declining balance is 10 million drams or the equivalent in foreign currency.<eos/><eop/></p><p><bop/><bos/>Visa Electron, Maestro or <cite.query w-seq-number="00002" w-ref-type="NM" w-normalized-cite="canonical_name::MASTERCARD UEFA CHAMPIONS LEAGUE" ID="Ie7a4ad80c40411e48c1bf3271fdb6c82">MasterCard UEFA Champions League</cite.query>, issued by the bank, can be connected to ArCa Credit card account. <eos/><bos/>Thanks to it the bank&apos;s customers will be able to use credit funds also outside Armenia.<eos/><eop/></p><p><bop/><bos/><cite.query w-seq-number="00003" w-ref-type="MM" w-normalized-cite="canonical_name::ACBA" ID="Ie88b3cf0c40411e48c1bf3271fdb6c82">ACBA</cite.query> was established in 1996 as part of <cite.query w-seq-number="00004" w-ref-type="MM" w-normalized-cite="canonical_name::EU" ID="Ie88b3cf1c40411e48c1bf3271fdb6c82">EU</cite.query>&apos;s TACIS program. <eos/><bos/>As a result of a long-term and mutually beneficial cooperation between <cite.query w-seq-number="00005" w-ref-type="CO" w-normalized-cite="I4151F38041EC11DDAD6B0014224D2780" ID="Ie88b3cf2c40411e48c1bf3271fdb6c82">ACBA Bank</cite.query> and the French Credit Agricole the latter became the biggest shareholder of ACBA in 2006, September. <eos/><bos/>ACBA was restructured, becoming a closed joint stock company and was renamed ACBA CREDIT AGRICOLE BANK.<eos/><eop/></p><p><bop/><bos/>According to the latest data, the bank&apos;s assets in 2014 grew to 286.4 billion drams; its liabilities grew to 237 billion drams, while its capital fell to 49.37 billion drams. <eos/><bos/>The bank closed 2014 with a loss of 4.6 billion drams against a 4.9 billion dram profit in 2013. <eos/><bos/>($1 - 479.54 drams).<eos/> -0-<eop/></p></text></content><indexing iso-language="en" value-add="machine-generated"><classification-terms><pres-location-block><bop/><bos/><pres-location-wrap><pres-location>Armenia</pres-location><pres-location-code>ISOAM</pres-location-code><alt1-location-code>1AR09</alt1-location-code></pres-location-wrap><pres-location-wrap><pres-location>CIS Countries</pres-location><pres-location-code>CISSTAT</pres-location-code><alt1-location-code>1CI64</alt1-location-code></pres-location-wrap><pres-location-wrap><pres-location>Eastern Europe</pres-location><pres-location-code>GEOEEUR</pres-location-code><alt1-location-code>1EA48</alt1-location-code></pres-location-wrap><pres-location-wrap><pres-location>Europe</pres-location><pres-location-code>GEOEUR</pres-location-code><alt1-location-code>1EU83</alt1-location-code></pres-location-wrap><eos/><eop/></pres-location-block></classification-terms><classification-terms><pres-industry-block><bop/><bos/><pres-industry-wrap><pres-industry>Banking</pres-industry><pres-industry-code>BANKOVER</pres-industry-code><alt1-industry-code>1BA20</alt1-industry-code></pres-industry-wrap><pres-industry-wrap><pres-industry>Credit</pres-industry><pres-industry-code>PTCRDT</pres-industry-code><alt1-industry-code>1CR60</alt1-industry-code></pres-industry-wrap><pres-industry-wrap><pres-industry>Credit, Debit &amp; Value Cards</pres-industry><pres-industry-code>CCARDS</pres-industry-code><alt1-industry-code>1CR28</alt1-industry-code></pres-industry-wrap><pres-industry-wrap><pres-industry>Debit Cards</pres-industry><pres-industry-code>DEBCARDS</pres-industry-code><alt1-industry-code>1DE11</alt1-industry-code></pres-industry-wrap><pres-industry-wrap><pres-industry>Financial Services</pres-industry><pres-industry-code>FINSVC</pres-industry-code><alt1-industry-code>1FI37</alt1-industry-code></pres-industry-wrap><pres-industry-wrap><pres-industry>Retail Banking Services</pres-industry><pres-industry-code>RTBNKOVR</pres-industry-code><alt1-industry-code>1RE38</alt1-industry-code></pres-industry-wrap><eos/><eop/></pres-industry-block></classification-terms><classification-terms><rcs-block><rcs>G:B</rcs><rcs>G:A</rcs><rcs>G:B2</rcs><rcs>B:127</rcs><rcs>B:128</rcs><rcs>B:129</rcs><rcs>B:125</rcs><rcs>B:126</rcs><rcs>G:AJ</rcs><rcs>G:Y</rcs><rcs>G:7I</rcs></rcs-block></classification-terms><extraction-terms><extr-company-block><bop/><bos/><norm-company oa-id="4297575894">ACBA CREDIT AGRICOLE BANK CLOSED JSK</norm-company><norm-company-wrap><norm-company-name>ACBA CREDIT AGRICOLE BANK CLOSED JSK</norm-company-name><company-ids><oa-id>4297575894</oa-id></company-ids><company-classification><trbc-wrap><trbc type="RCS">B:128</trbc><trbc type="2012">55101010</trbc><trbc type="perm-id">4294952873</trbc></trbc-wrap></company-classification><relevancy engine="1C">0.8</relevancy><confidence engine="1C">0.8</confidence></norm-company-wrap><norm-company oa-id="8589934312">CREDIT AGRICOLE SA</norm-company><norm-company-wrap><norm-company-name>CREDIT AGRICOLE SA</norm-company-name><company-ids><oa-id>8589934312</oa-id><ric norm="CAGR.PA">CAGR.PA</ric></company-ids><company-classification><trbc-wrap><trbc type="RCS">B:1615</trbc><trbc type="2012">5510101010</trbc><trbc type="perm-id">4294951386</trbc></trbc-wrap></company-classification><relevancy engine="1C">0.2</relevancy><confidence engine="1C">0.95</confidence></norm-company-wrap><norm-company oa-id="4295902520">MASTERCARD INC</norm-company><norm-company-wrap><norm-company-name>MASTERCARD INC</norm-company-name><company-ids><oa-id>4295902520</oa-id><ric norm="MA.N">MA.N</ric></company-ids><company-classification><trbc-wrap><trbc type="RCS">B:1236</trbc><trbc type="2012">5220304027</trbc><trbc type="perm-id">4294951765</trbc></trbc-wrap></company-classification><relevancy engine="1C">0.2</relevancy><confidence engine="1C">0.79</confidence></norm-company-wrap><eos/><eop/></extr-company-block></extraction-terms><extraction-terms><extr-person-block><bop/><bos/><extr-person>Maestro</extr-person><extr-person-wrap><extr-person-name>Maestro</extr-person-name><relevancy engine="1C">0.2</relevancy></extr-person-wrap><eos/><eop/></extr-person-block></extraction-terms></indexing></document></n-docbody>
</n-document>
<n-document guid="I6ec97660c27011e4973e8ac1cf77f8cb"><n-metadata><metadata.block><md.identifiers><md.cites><md.first.line.cite>3/4/15 NEWS 00:00:00</md.first.line.cite><md.second.line.cite>3/4/15 ARKA News Agency 00:00:00</md.second.line.cite></md.cites><md.uuid>I6ec97660c27011e4973e8ac1cf77f8cb</md.uuid></md.identifiers><md.infotype>news</md.infotype><md.sortkeys><md.ordersequence>f47363bec</md.ordersequence></md.sortkeys><md.descriptions><md.title>QUALCOMM DEVELOPS FINGERPRINT SENSOR FOR SMARTPHONES</md.title><md.westlawdescrip><md.readlist>READLIST</md.readlist></md.westlawdescrip></md.descriptions><md.dates><md.publisheddatetime>20150304071809</md.publisheddatetime><md.loaddate>20150304</md.loaddate><md.createddatetime>20150304071809</md.createddatetime></md.dates><md.subjects><md.subject><md.pubtype.name/><md.doctype.name>DNR</md.doctype.name><md.doctype.rank/><md.view>CNGE</md.view><md.view>RGEurope</md.view><md.view>PTNewswires</md.view><md.view>ARKANEWS0063786</md.view><md.view>INALLNEWS_ACTEST</md.view><md.view>INFARNEWS_AC</md.view><md.view>MARKETSEIKON_CN</md.view><md.view>MARKETSEIKON</md.view><md.view>CB_ASIAWIRES</md.view><md.view>INWIRES_AC</md.view><md.view>GULF_INTL</md.view><md.view>ININTNEWS_AC</md.view><md.view>ANZ_INTLOS</md.view><md.view>CLEAR_RF</md.view><md.view>INALLNEWS_AC</md.view><md.view>INNEWSINT_PRO</md.view><md.view>INBUSNEWS</md.view><md.view>INNEWSWORLD_PRO</md.view><md.view>INBUSNEWS_AC</md.view></md.subject></md.subjects><md.jurisdictions><md.jurisdiction><md.jurisstate>FE</md.jurisstate></md.jurisdiction></md.jurisdictions><md.publications><md.publication/><md.sourcepubid>ARKANEWS</md.sourcepubid></md.publications><md.royalty><md.royalty.code>84104</md.royalty.code></md.royalty></metadata.block><news.metadata.block><md.text.preview>INFORMATION TECHNOLOGIESYEREVAN, March 4, /ARKA/. Qualcomm has developed its own fingerprint sensor for smartphones with the aim of tapping the increasing demand for biometric security on phones, newsru.com reported. Qualcomm&apos;s Snapdragon Sense ID,</md.text.preview></news.metadata.block><newsplus.recommendable>1</newsplus.recommendable><n-view>CNGE</n-view><n-view>RGEurope</n-view><n-view>PTNewswires</n-view><n-view>ARKANEWS0063786</n-view><n-view>INALLNEWS_ACTEST</n-view><n-view>INFARNEWS_AC</n-view><n-view>MARKETSEIKON_CN</n-view><n-view>MARKETSEIKON</n-view><n-view>CB_ASIAWIRES</n-view><n-view>INWIRES_AC</n-view><n-view>GULF_INTL</n-view><n-view>ININTNEWS_AC</n-view><n-view>ANZ_INTLOS</n-view><n-view>CLEAR_RF</n-view><n-view>INALLNEWS_AC</n-view><n-view>INNEWSINT_PRO</n-view><n-view>INBUSNEWS</n-view><n-view>INNEWSWORLD_PRO</n-view><n-view>INBUSNEWS_AC</n-view><prism-stylesheet guid="Ia3024d301b6a11d89fc5f34981d3242f"/><prism-clipdate>20150304071809</prism-clipdate></n-metadata>
<n-docbody><document version="1" collection="D-ARKANEWS-T001" first-load-date="20150304071809" ip-product="ARKANEWS" royalty-id="84104" data-model="text" dtd-version="5.2.29" content-type="news" load-language="en"><supplier-info><supplier-num nitf="doc-id" nitf-regsrc="ARKA News Agency" type="accession">316800024d089151</supplier-num><internal-acc-num db-id="NEPRARKA" type="newz">20150304170.1_V316800024d089151</internal-acc-num><rec-status><last-load-date>20150304071809</last-load-date><nitf-date ne="datereceived">20150304T13:14:47Z</nitf-date><nitf-date nitf="date-issue">20150304T00:00:00Z</nitf-date><last-provider-update>20150304131447</last-provider-update></rec-status><supplier-copyright>Copyright Â© 2015 ARKA<copyright-year/><copyright-holder>ARKA</copyright-holder></supplier-copyright><supplier-note nitf="urgency" nitf-ed-urg="4"/><supplier-dtds><dtd dtd-version="working" dtd-date="20150210T00:00:00Z">Canonical Taxonomy</dtd><dtd dtd-version="20150203" dtd-date="20150210T00:00:00Z">Mapping File</dtd></supplier-dtds><copyright-block type="dialog"><service-copyright n-include_guid="Ice671660f30811d88920000083149a14" n-include_collection="D-DIALOGCOPYRIGHTS-T001"/></copyright-block><copyright-block type="west"><service-copyright n-include_guid="I1DA35ED81DD211B281BAD200220BDFCA" n-include_collection="w_wlnv_msg"/></copyright-block><west-citation-block><bop/><first-line-cite><bos/>3/4/15 NEWS 00:00:00<eos/></first-line-cite><second-line-cite><bos/>3/4/15 ARKA News Agency 00:00:00<eos/></second-line-cite><eop/></west-citation-block></supplier-info><title-info iso-language="en"><bop/><title type="headline" nitf-hedline="hl1" key="key-title"><bos/><sort-title><cite.query w-seq-number="00001" w-ref-type="MM" w-normalized-cite="canonical_name::QUALCOMM" ID="I353890b0c27111e4bae0f9e2a5665377">QUALCOMM</cite.query> DEVELOPS FINGERPRINT SENSOR FOR SMARTPHONES</sort-title><eos/></title><eop/></title-info><pub-info><journal key="key-journal"><bop/><bos/><sort-journal>ARKA News Agency</sort-journal><eos/><eop/></journal><pub-date key="key-date" iso-time="T00:00:00Z" type="date.publication"><full-pub-date>March 4, 2015</full-pub-date><sort-pub-date>20150304</sort-pub-date><sort-pub-timestamp>20150304000000</sort-pub-timestamp><rank-date>20150304</rank-date><currency-timestamp>20150304000000</currency-timestamp></pub-date><original-pub><language iso-language="en">English</language></original-pub><src-data><src-journal-code>ANPV</src-journal-code><src-pub-code>0063786</src-pub-code><src-pub-type>Newswire</src-pub-type><src-pub-country-wrap><src-pub-country-code>GE</src-pub-country-code><src-pub-country>Georgia CIS</src-pub-country></src-pub-country-wrap><src-pub-region>Europe</src-pub-region></src-data></pub-info><content iso-language="en"><total-char-count>1393</total-char-count><derived-word-count><bop/><bos/>Word Count: 218<eos/><eop/></derived-word-count><text type="lead-para"><p nitf="lede"><bop/><bos/><cite.query w-seq-number="00002" w-ref-type="WC" w-normalized-cite="I76DF065242BE11DDA1BC0014224D2780" ID="I354e1480c27111e4bae0f9e2a5665377">INFORMATION TECHNOLOGIES</cite.query><eos/><eop/></p><p nitf="lede"><bop/><bos/>YEREVAN, March 4, /ARKA/. <eos/><bos/><cite.query w-seq-number="00003" w-ref-type="MM" w-normalized-cite="canonical_name::QUALCOMM" ID="I356fa640c27111e4bae0f9e2a5665377">Qualcomm</cite.query> has developed its own fingerprint sensor for smartphones with the aim of tapping the increasing demand for biometric security on phones, newsru.com reported. <eos/><bos/><cite.query w-seq-number="00004" w-ref-type="MM" w-normalized-cite="canonical_name::QUALCOMM" ID="I356fa641c27111e4bae0f9e2a5665377">Qualcomm</cite.query>&apos;s Snapdragon Sense ID, announced on Monday at <cite.query w-seq-number="00005" w-ref-type="NM" w-normalized-cite="canonical_name::MOBILE WORLD CONGRESS" ID="I356fa642c27111e4bae0f9e2a5665377">Mobile World Congress</cite.query>, isn&apos;t the usual capacitive touch pad. <eos/><bos/>Instead <cite.query w-seq-number="00006" w-ref-type="MM" w-normalized-cite="canonical_name::QUALCOMM" ID="I356fa643c27111e4bae0f9e2a5665377">Qualcomm</cite.query> is using ultrasonic waves to scan all of the ridges and wrinkles of one&apos;s digits.<eos/><eop/></p></text><text type="body"><p><bop/><bos/><cite.query w-seq-number="00007" w-ref-type="MM" w-normalized-cite="canonical_name::QUALCOMM" ID="I35804810c27111e4bae0f9e2a5665377">Qualcomm</cite.query> says it can do a far deeper analysis than the 2D image created by a fingerprint mashed up against a capacitive sensor. <eos/><bos/>It can look beyond the grime and sweat on one&apos;s grubby fingers and even penetrate beneath the surface of your skin to identify unique 3D characteristics of one&apos;s print. <eos/><bos/>It&apos;s the same biometric technology developed for government security applications, <cite.query w-seq-number="00008" w-ref-type="MM" w-normalized-cite="canonical_name::QUALCOMM" ID="I35804811c27111e4bae0f9e2a5665377">Qualcomm</cite.query> claimed.<eos/><eop/></p><p><bop/><bos/>The technology could also change the way that fingerprint scanners are implemented on devices. <eos/><bos/>Since ultrasonic waves go through glass, aluminum, steel and plastic housings of any phone, it doesn&apos;t need a dedicated touch pad or button to work. <eos/><bos/>While the sensor itself is a separate element, it&apos;s designed to work closely with <cite.query w-seq-number="00009" w-ref-type="MM" w-normalized-cite="canonical_name::QUALCOMM" ID="I35883750c27111e4bae0f9e2a5665377">Qualcomm</cite.query>&apos;s Snapdragon processor line where all of the fingerprint data analysis is performed.<eos/><eop/></p><p><bop/><bos/><cite.query w-seq-number="00010" w-ref-type="MM" w-normalized-cite="canonical_name::QUALCOMM" ID="I358fd870c27111e4bae0f9e2a5665377">Qualcomm</cite.query> says it is already sampling the technology with device makers and expect it to debut in the first commercial handsets later this year.-0-<eos/><eop/></p></text></content><indexing iso-language="en" value-add="machine-generated"><classification-terms><pres-industry-block><bop/><bos/><pres-industry-wrap><pres-industry>Automated ID</pres-industry><pres-industry-code>AUTOID</pres-industry-code><alt1-industry-code>1AU05</alt1-industry-code></pres-industry-wrap><pres-industry-wrap><pres-industry>Consumer Electronics</pres-industry><pres-industry-code>CEOVR</pres-industry-code><alt1-industry-code>1CO61</alt1-industry-code></pres-industry-wrap><pres-industry-wrap><pres-industry>Consumer Products &amp; Services</pres-industry><pres-industry-code>BUYBUY</pres-industry-code><alt1-industry-code>1CO62</alt1-industry-code></pres-industry-wrap><pres-industry-wrap><pres-industry>Electronics</pres-industry><pres-industry-code>ETRONICS</pres-industry-code><alt1-industry-code>1EL16</alt1-industry-code></pres-industry-wrap><pres-industry-wrap><pres-industry>I.T.</pres-industry><pres-industry-code>ITOVER</pres-industry-code><alt1-industry-code>1IT96</alt1-industry-code></pres-industry-wrap><pres-industry-wrap><pres-industry>I.T. Vertical Markets</pres-industry><pres-industry-code>IAS</pres-industry-code><alt1-industry-code>1IT38</alt1-industry-code></pres-industry-wrap><pres-industry-wrap><pres-industry>I.T. in Security</pres-industry><pres-industry-code>ITSECURE</pres-industry-code><alt1-industry-code>1IT64</alt1-industry-code></pres-industry-wrap><pres-industry-wrap><pres-industry>Mobile Phones &amp; Pagers</pres-industry><pres-industry-code>TWPHONE</pres-industry-code><alt1-industry-code>1WI07</alt1-industry-code></pres-industry-wrap><pres-industry-wrap><pres-industry>Palmtop Computing</pres-industry><pres-industry-code>PCHAND</pres-industry-code><alt1-industry-code>1PA77</alt1-industry-code></pres-industry-wrap><pres-industry-wrap><pres-industry>Personal Identification &amp; Biometrics</pres-industry><pres-industry-code>AUTOIDIN</pres-industry-code><alt1-industry-code>1PE80</alt1-industry-code></pres-industry-wrap><pres-industry-wrap><pres-industry>Telecom Consumer Equipment</pres-industry><pres-industry-code>TCCONEQ</pres-industry-code><alt1-industry-code>1TE03</alt1-industry-code></pres-industry-wrap><eos/><eop/></pres-industry-block></classification-terms><classification-terms><rcs-block><rcs>B:161</rcs><rcs>B:69</rcs><rcs>B:75</rcs><rcs>M:NL</rcs><rcs>B:78</rcs></rcs-block></classification-terms><extraction-terms><extr-company-block><bop/><bos/><norm-company oa-id="4295907706">QUALCOMM INC</norm-company><norm-company-wrap><norm-company-name>QUALCOMM INC</norm-company-name><company-ids><oa-id>4295907706</oa-id><ric norm="QCOM.OQ">QCOM.OQ</ric></company-ids><company-classification><trbc-wrap><trbc type="RCS">B:1750</trbc><trbc type="2012">5710201010</trbc><trbc type="perm-id">4294951251</trbc></trbc-wrap></company-classification><relevancy engine="1C">0.8</relevancy><confidence engine="1C">0.97</confidence></norm-company-wrap><eos/><eop/></extr-company-block></extraction-terms></indexing></document></n-docbody>
</n-document>
<n-document guid="Id42089d0c1ae11e4b8fdc9f6144ef052"><n-metadata><metadata.block><md.identifiers><md.cites><md.first.line.cite>3/3/15 NEWS 00:00:00</md.first.line.cite><md.second.line.cite>3/3/15 ARKA News Agency 00:00:00</md.second.line.cite></md.cites><md.uuid>Id42089d0c1ae11e4b8fdc9f6144ef052</md.uuid></md.identifiers><md.infotype>news</md.infotype><md.sortkeys><md.ordersequence>f47363bec</md.ordersequence></md.sortkeys><md.descriptions><md.title>FIVE ETHNIC ARMENIANS ARE IN FORBES LIST OF BILLIONAIRES</md.title><md.westlawdescrip><md.readlist>READLIST</md.readlist></md.westlawdescrip></md.descriptions><md.dates><md.publisheddatetime>20150303082311</md.publisheddatetime><md.loaddate>20150303</md.loaddate><md.createddatetime>20150303082311</md.createddatetime></md.dates><md.subjects><md.subject><md.pubtype.name/><md.doctype.name>DNR</md.doctype.name><md.doctype.rank/><md.view>CNGE</md.view><md.view>RGEurope</md.view><md.view>PTNewswires</md.view><md.view>ARKANEWS0063786</md.view><md.view>INALLNEWS_ACTEST</md.view><md.view>INFARNEWS_AC</md.view><md.view>MARKETSEIKON_CN</md.view><md.view>MARKETSEIKON</md.view><md.view>CB_ASIAWIRES</md.view><md.view>INWIRES_AC</md.view><md.view>GULF_INTL</md.view><md.view>ININTNEWS_AC</md.view><md.view>ANZ_INTLOS</md.view><md.view>CLEAR_RF</md.view><md.view>INALLNEWS_AC</md.view><md.view>INNEWSINT_PRO</md.view><md.view>INBUSNEWS</md.view><md.view>INNEWSWORLD_PRO</md.view><md.view>INBUSNEWS_AC</md.view></md.subject></md.subjects><md.jurisdictions><md.jurisdiction><md.jurisstate>FE</md.jurisstate></md.jurisdiction></md.jurisdictions><md.publications><md.publication/><md.sourcepubid>ARKANEWS</md.sourcepubid></md.publications><md.royalty><md.royalty.code>84104</md.royalty.code></md.royalty></metadata.block><news.metadata.block><md.text.preview>FINANCIAL NEWSYEREVAN, March 3. / ARKA /. Five ethnic Armenians have been included in Forbes 2015 World&apos;s Billionaires list released on March 2. They are Kirk Kerkorian (USA), Samvel Karapetyan, Danil Khachaturov, Sergey Galitsky (Russia) and</md.text.preview></news.metadata.block><newsplus.recommendable>1</newsplus.recommendable><n-view>CNGE</n-view><n-view>RGEurope</n-view><n-view>PTNewswires</n-view><n-view>ARKANEWS0063786</n-view><n-view>INALLNEWS_ACTEST</n-view><n-view>INFARNEWS_AC</n-view><n-view>MARKETSEIKON_CN</n-view><n-view>MARKETSEIKON</n-view><n-view>CB_ASIAWIRES</n-view><n-view>INWIRES_AC</n-view><n-view>GULF_INTL</n-view><n-view>ININTNEWS_AC</n-view><n-view>ANZ_INTLOS</n-view><n-view>CLEAR_RF</n-view><n-view>INALLNEWS_AC</n-view><n-view>INNEWSINT_PRO</n-view><n-view>INBUSNEWS</n-view><n-view>INNEWSWORLD_PRO</n-view><n-view>INBUSNEWS_AC</n-view><prism-stylesheet guid="Ia3024d301b6a11d89fc5f34981d3242f"/><prism-clipdate>20150303082311</prism-clipdate></n-metadata>
<n-docbody><document version="1" collection="D-ARKANEWS-T001" first-load-date="20150303082311" ip-product="ARKANEWS" royalty-id="84104" data-model="text" dtd-version="5.2.29" content-type="news" load-language="en"><supplier-info><supplier-num nitf="doc-id" nitf-regsrc="ARKA News Agency" type="accession">31d1000479f59804</supplier-num><internal-acc-num db-id="NEPRARKA" type="newz">20150303170.1_V31d1000479f59804</internal-acc-num><rec-status><last-load-date>20150303082311</last-load-date><nitf-date ne="datereceived">20150303T14:08:55Z</nitf-date><nitf-date nitf="date-issue">20150303T00:00:00Z</nitf-date><last-provider-update>20150303140855</last-provider-update></rec-status><supplier-copyright>Copyright Â© 2015 ARKA<copyright-year/><copyright-holder>ARKA</copyright-holder></supplier-copyright><supplier-note nitf="urgency" nitf-ed-urg="4"/><supplier-dtds><dtd dtd-version="working" dtd-date="20150210T00:00:00Z">Canonical Taxonomy</dtd><dtd dtd-version="20150203" dtd-date="20150210T00:00:00Z">Mapping File</dtd></supplier-dtds><copyright-block type="dialog"><service-copyright n-include_guid="Ice671660f30811d88920000083149a14" n-include_collection="D-DIALOGCOPYRIGHTS-T001"/></copyright-block><copyright-block type="west"><service-copyright n-include_guid="I1DA35ED81DD211B281BAD200220BDFCA" n-include_collection="w_wlnv_msg"/></copyright-block><west-citation-block><bop/><first-line-cite><bos/>3/3/15 NEWS 00:00:00<eos/></first-line-cite><second-line-cite><bos/>3/3/15 ARKA News Agency 00:00:00<eos/></second-line-cite><eop/></west-citation-block></supplier-info><title-info iso-language="en"><bop/><title type="headline" nitf-hedline="hl1" key="key-title"><bos/><sort-title>FIVE ETHNIC ARMENIANS ARE IN FORBES LIST OF BILLIONAIRES</sort-title><eos/></title><eop/></title-info><pub-info><journal key="key-journal"><bop/><bos/><sort-journal>ARKA News Agency</sort-journal><eos/><eop/></journal><pub-date key="key-date" iso-time="T00:00:00Z" type="date.publication"><full-pub-date>March 3, 2015</full-pub-date><sort-pub-date>20150303</sort-pub-date><sort-pub-timestamp>20150303000000</sort-pub-timestamp><rank-date>20150303</rank-date><currency-timestamp>20150303000000</currency-timestamp></pub-date><original-pub><language iso-language="en">English</language></original-pub><src-data><src-journal-code>ANPV</src-journal-code><src-pub-code>0063786</src-pub-code><src-pub-type>Newswire</src-pub-type><src-pub-country-wrap><src-pub-country-code>GE</src-pub-country-code><src-pub-country>Georgia CIS</src-pub-country></src-pub-country-wrap><src-pub-region>Europe</src-pub-region></src-data></pub-info><content iso-language="en"><total-char-count>2076</total-char-count><derived-word-count><bop/><bos/>Word Count: 324<eos/><eop/></derived-word-count><text type="lead-para"><p nitf="lede"><bop/><bos/><cite.query w-seq-number="00001" w-ref-type="CO" w-normalized-cite="IB21FA79026C411E194E8E1301CE970A7" ID="If72e0270c1b011e4a0f995e7031ec775">FINANCIAL NEWS</cite.query><eos/><eop/></p><p nitf="lede"><bop/><bos/>YEREVAN, March 3. / ARKA /. Five ethnic Armenians have been included in Forbes 2015 World&apos;s Billionaires list released on March 2. They are Kirk Kerkorian (USA), Samvel Karapetyan, Danil Khachaturov, Sergey Galitsky (Russia) and Eduardo Eurnekian (Argentina).<eos/><eop/></p></text><text type="body"><p><bop/><bos/>Sergei Galitsky (162nd) was named the world&apos;s richest Armenian with an estimated net worth of $8.3 billion. <eos/><bos/>Kirk Kerkorian (393rd) was worth $ 4.2 billion; Samvel Karapetyan, head of Tashir group of companies with en estimated wealth of $4 billion was 418th, Eduardo Eurnekian with $1.9 billion was 1006th and Danil Khachaturov, CEO of Rosgosstrakh insurance company was 1190th with $1.6 billion.<eos/><eop/></p><p><bop/><bos/><cite.query w-seq-number="00002" w-ref-type="MM" w-normalized-cite="canonical_name::BROTHERS" ID="If73de0f0c1b011e4a0f995e7031ec775">Brothers</cite.query> Sergei Sarkisov and Nikolai Sarkisov (both ranked 1465th last year) dropped out of the ranks. <eos/><bos/>The total capital of ethnic Armenian billionaires was $20 billion.<eos/><eop/></p><p><bop/><bos/>According to Forbes, despite plunging oil prices and a weakened euro, the ranks of the world&apos;s wealthiest defied global economic turmoil and expanded yet again. <eos/><bos/>For the 29th annual guide to the globe&apos;s richest, the <cite.query w-seq-number="00003" w-ref-type="MM" w-normalized-cite="canonical_name::FORBES" ID="If7450ce0c1b011e4a0f995e7031ec775">Forbes</cite.query> has found a record 1,826 billionaires with an aggregate net worth of $7.05 trillion, up from $6.4 trillion a year ago. <eos/><bos/>The total includes 290 newcomers, 71 of whom hail from China. <eos/><bos/>Youth are on the rise: a record 46 among the ranks are under age 40.<eos/><eop/></p><p><bop/><bos/>Bill Gates is once again the richest person on the planet, a title he&apos;s held for 16 of the past 21 years. <eos/><bos/>His fortune grew $3.2 billion since last year to $79.2 billion, despite a gift of $1.5 billion in <cite.query w-seq-number="00004" w-ref-type="MM" w-normalized-cite="canonical_name::MICROSOFT" ID="If7551270c1b011e4a0f995e7031ec775">Microsoft</cite.query> shares to The Bill &amp;amp; <cite.query w-seq-number="00005" w-ref-type="NM" w-normalized-cite="canonical_name::MELINDA GATES FOUNDATION" ID="If7551271c1b011e4a0f995e7031ec775">Melinda Gates Foundation</cite.query> in November 2014. <eos/><bos/>Carlos Slim Helu of Mexico comes in again at No. 2 while revered American investor Warren Buffett took back the No. 3 spot from Spain&apos;s Amancio Ortega (now No. 4).<eos/><eop/></p><p><bop/><bos/><cite.query w-seq-number="00006" w-ref-type="CO" w-normalized-cite="IE9D0907041EC11DDAD6B0014224D2780" ID="If76258e0c1b011e4a0f995e7031ec775">Facebook</cite.query>&apos;s <cite.query w-seq-number="00007" w-ref-type="NM" w-normalized-cite="canonical_name::MARK ZUCKERBERG" ID="If76258e1c1b011e4a0f995e7031ec775">Mark Zuckerberg</cite.query> moves up 5 spots to number 16, his first time ranked among the world&apos;s 20 richest. <eos/><bos/>Zuckerberg is also the leader in a youth revolution that has minted 46 billionaires under the age of 40. <eos/><bos/>The youngest billionaire on the planet is Evan Spiegel, 24, co-founder of photo- messaging app Snapchat.-0-<eos/><eop/></p></text></content><indexing iso-language="en" value-add="machine-generated"><classification-terms><pres-location-block><bop/><bos/><pres-location-wrap><pres-location>Asia</pres-location><pres-location-code>GEOASIA</pres-location-code><alt1-location-code>1AS61</alt1-location-code></pres-location-wrap><pres-location-wrap><pres-location>Central Asia</pres-location><pres-location-code>GEOCASIA</pres-location-code><alt1-location-code>1CE93</alt1-location-code></pres-location-wrap><eos/><eop/></pres-location-block></classification-terms><classification-terms><pres-subject-block><bop/><bos/><pres-subject-wrap><pres-subject>Foundations</pres-subject><pres-subject-code>FDATIONS</pres-subject-code><alt1-subject-code>1FO95</alt1-subject-code></pres-subject-wrap><pres-subject-wrap><pres-subject>Philanthropy</pres-subject><pres-subject-code>DONATE</pres-subject-code><alt1-subject-code>1PH09</alt1-subject-code></pres-subject-wrap><pres-subject-wrap><pres-subject>Social Issues</pres-subject><pres-subject-code>PTSOCISS</pres-subject-code><alt1-subject-code>1SO05</alt1-subject-code></pres-subject-wrap><eos/><eop/></pres-subject-block><pres-industry-block><bop/><bos/><pres-industry-wrap><pres-industry>Internet</pres-industry><pres-industry-code>INTERNET</pres-industry-code><alt1-industry-code>1IN27</alt1-industry-code></pres-industry-wrap><pres-industry-wrap><pres-industry>Internet Media</pres-industry><pres-industry-code>INTMEDIA</pres-industry-code><alt1-industry-code>1IN67</alt1-industry-code></pres-industry-wrap><pres-industry-wrap><pres-industry>Online Social Media</pres-industry><pres-industry-code>SOCIALME</pres-industry-code><alt1-industry-code>1ON38</alt1-industry-code></pres-industry-wrap><eos/><eop/></pres-industry-block></classification-terms><classification-terms><rcs-block><rcs>M:I4</rcs><rcs>M:S</rcs><rcs>B:92</rcs><rcs>G:K</rcs><rcs>M:QR</rcs></rcs-block></classification-terms><extraction-terms><extr-company-block><bop/><bos/><norm-company oa-id="4297297477">FACEBOOK INC</norm-company><norm-company-wrap><norm-company-name>FACEBOOK INC</norm-company-name><company-ids><oa-id>4297297477</oa-id><ric norm="FB.OQ">FB.OQ</ric></company-ids><company-classification><trbc-wrap><trbc type="RCS">B:1806</trbc><trbc type="2012">5720103012</trbc><trbc type="perm-id">4294951195</trbc></trbc-wrap></company-classification><relevancy engine="1C">0.2</relevancy><confidence engine="1C">0.91</confidence></norm-company-wrap><norm-company oa-id="4295907168">MICROSOFT CORP</norm-company><norm-company-wrap><norm-company-name>MICROSOFT CORP</norm-company-name><company-ids><oa-id>4295907168</oa-id><ric norm="MSFT.OQ">MSFT.OQ</ric></company-ids><company-classification><trbc-wrap><trbc type="RCS">B:1796</trbc><trbc type="2012">5720102010</trbc><trbc type="perm-id">4294951205</trbc></trbc-wrap></company-classification><relevancy engine="1C">0.2</relevancy><confidence engine="1C">0.97</confidence></norm-company-wrap><norm-company oa-id="5036190851">OBSHCHESTVO S OGRANICHENNOI OTVETSTVENNOSTIU &quot;ROSGOSSTRAKH MEDITSINA&quot;</norm-company><norm-company-wrap><norm-company-name>OBSHCHESTVO S OGRANICHENNOI OTVETSTVENNOSTIU &quot;ROSGOSSTRAKH MEDITSINA&quot;</norm-company-name><company-ids><oa-id>5036190851</oa-id></company-ids><relevancy engine="1C">0.2</relevancy><confidence engine="1C">0.9</confidence></norm-company-wrap><eos/><eop/></extr-company-block></extraction-terms><extraction-terms><extr-person-block><bop/><bos/><extr-person>Danil Eduardovich Khachaturov</extr-person><norm-person-wrap><norm-person-name>Danil Eduardovich Khachaturov</norm-person-name><person-ids><od-auth-id>2095718</od-auth-id><od-officer-id>2493572</od-officer-id><person-perm-id>34417076116</person-perm-id></person-ids><relevancy engine="1C">0.2</relevancy></norm-person-wrap><extr-person>Danil Khachaturov</extr-person><extr-person-wrap><extr-person-name>Danil Khachaturov</extr-person-name><relevancy engine="1C">0.2</relevancy></extr-person-wrap><extr-person>Evan Spiegel</extr-person><extr-person-wrap><extr-person-name>Evan Spiegel</extr-person-name><relevancy engine="1C">0.2</relevancy></extr-person-wrap><extr-person>Sergei Sarkisov</extr-person><extr-person-wrap><extr-person-name>Sergei Sarkisov</extr-person-name><relevancy engine="1C">0.2</relevancy></extr-person-wrap><extr-person>Kirk Kerkorian</extr-person><extr-person-wrap><extr-person-name>Kirk Kerkorian</extr-person-name><relevancy engine="1C">0.2</relevancy></extr-person-wrap><extr-person>Nikolai Sarkisov</extr-person><extr-person-wrap><extr-person-name>Nikolai Sarkisov</extr-person-name><relevancy engine="1C">0.2</relevancy></extr-person-wrap><extr-person>Warren Buffett</extr-person><extr-person-wrap><extr-person-name>Warren Buffett</extr-person-name><relevancy engine="1C">0.2</relevancy></extr-person-wrap><extr-person>Carlos Slim Helu</extr-person><extr-person-wrap><extr-person-name>Carlos Slim Helu</extr-person-name><relevancy engine="1C">0.2</relevancy></extr-person-wrap><extr-person>William Henry Gates</extr-person><norm-person-wrap><norm-person-name>William Henry Gates</norm-person-name><person-ids><od-auth-id>1975266</od-auth-id><od-officer-id>28066</od-officer-id><person-perm-id>34413157709</person-perm-id></person-ids><relevancy engine="1C">0.2</relevancy></norm-person-wrap><extr-person>Bill Gates</extr-person><extr-person-wrap><extr-person-name>Bill Gates</extr-person-name><relevancy engine="1C">0.2</relevancy></extr-person-wrap><extr-person>Eduardo Eurnekian</extr-person><extr-person-wrap><extr-person-name>Eduardo Eurnekian</extr-person-name><relevancy engine="1C">0.2</relevancy></extr-person-wrap><extr-person>Mark Zuckerberg</extr-person><norm-person-wrap><norm-person-name>Mark Zuckerberg</norm-person-name><person-ids><od-auth-id>1441713</od-auth-id><od-officer-id>1684645</od-officer-id><person-perm-id>34415691107</person-perm-id></person-ids><relevancy engine="1C">0.2</relevancy></norm-person-wrap><extr-person>Mark Zuckerberg</extr-person><extr-person-wrap><extr-person-name>Mark Zuckerberg</extr-person-name><relevancy engine="1C">0.2</relevancy></extr-person-wrap><extr-person>Sergey Galitsky</extr-person><extr-person-wrap><extr-person-name>Sergey Galitsky</extr-person-name><relevancy engine="1C">0.2</relevancy></extr-person-wrap><extr-person>Samvel Karapetyan</extr-person><extr-person-wrap><extr-person-name>Samvel Karapetyan</extr-person-name><relevancy engine="1C">0.2</relevancy></extr-person-wrap><extr-person>Sergei Galitsky</extr-person><extr-person-wrap><extr-person-name>Sergei Galitsky</extr-person-name><relevancy engine="1C">0.2</relevancy></extr-person-wrap><eos/><eop/></extr-person-block></extraction-terms></indexing></document></n-docbody>
</n-document>
<n-document guid="I7a0702f0bdce11e4b931cea6b8211c7e"><n-metadata><metadata.block><md.identifiers><md.cites><md.first.line.cite>2/26/15 NEWS 00:00:00</md.first.line.cite><md.second.line.cite>2/26/15 ARKA News Agency 00:00:00</md.second.line.cite></md.cites><md.uuid>I7a0702f0bdce11e4b931cea6b8211c7e</md.uuid></md.identifiers><md.infotype>news</md.infotype><md.sortkeys><md.ordersequence>f47363bec</md.ordersequence></md.sortkeys><md.descriptions><md.title>MICROSOFT TO LAY OFF 9000 EMPLOYEES</md.title><md.westlawdescrip><md.readlist>READLIST</md.readlist></md.westlawdescrip></md.descriptions><md.dates><md.publisheddatetime>20150226095519</md.publisheddatetime><md.loaddate>20150226</md.loaddate><md.createddatetime>20150226095519</md.createddatetime></md.dates><md.subjects><md.subject><md.pubtype.name/><md.doctype.name>DNR</md.doctype.name><md.doctype.rank/><md.view>CNGE</md.view><md.view>RGEurope</md.view><md.view>PTNewswires</md.view><md.view>ARKANEWS0063786</md.view><md.view>INALLNEWS_ACTEST</md.view><md.view>INFARNEWS_AC</md.view><md.view>MARKETSEIKON_CN</md.view><md.view>MARKETSEIKON</md.view><md.view>CB_ASIAWIRES</md.view><md.view>INWIRES_AC</md.view><md.view>GULF_INTL</md.view><md.view>ININTNEWS_AC</md.view><md.view>ANZ_INTLOS</md.view><md.view>CLEAR_RF</md.view><md.view>INALLNEWS_AC</md.view><md.view>INNEWSINT_PRO</md.view><md.view>INBUSNEWS</md.view><md.view>INNEWSWORLD_PRO</md.view><md.view>INBUSNEWS_AC</md.view></md.subject></md.subjects><md.jurisdictions><md.jurisdiction><md.jurisstate>FE</md.jurisstate></md.jurisdiction></md.jurisdictions><md.publications><md.publication/><md.sourcepubid>ARKANEWS</md.sourcepubid></md.publications><md.royalty><md.royalty.code>84104</md.royalty.code></md.royalty></metadata.block><news.metadata.block><md.text.preview>INFORMATION TECHNOLOGIESYEREVAN, February 26. / ARKA /. Microsoft is set to shut down its Nokia mobile phone factories in Beijing and Dongguan by the end of the first quarter of the yea, Novosti-Armenia reported citing RIA Novosti. The closures</md.text.preview></news.metadata.block><newsplus.recommendable>1</newsplus.recommendable><n-view>CNGE</n-view><n-view>RGEurope</n-view><n-view>PTNewswires</n-view><n-view>ARKANEWS0063786</n-view><n-view>INALLNEWS_ACTEST</n-view><n-view>INFARNEWS_AC</n-view><n-view>MARKETSEIKON_CN</n-view><n-view>MARKETSEIKON</n-view><n-view>CB_ASIAWIRES</n-view><n-view>INWIRES_AC</n-view><n-view>GULF_INTL</n-view><n-view>ININTNEWS_AC</n-view><n-view>ANZ_INTLOS</n-view><n-view>CLEAR_RF</n-view><n-view>INALLNEWS_AC</n-view><n-view>INNEWSINT_PRO</n-view><n-view>INBUSNEWS</n-view><n-view>INNEWSWORLD_PRO</n-view><n-view>INBUSNEWS_AC</n-view><prism-stylesheet guid="Ia3024d301b6a11d89fc5f34981d3242f"/><prism-clipdate>20150226095519</prism-clipdate></n-metadata>
<n-docbody><document version="1" collection="D-ARKANEWS-T001" first-load-date="20150226095519" ip-product="ARKANEWS" royalty-id="84104" data-model="text" dtd-version="5.2.29" content-type="news" load-language="en"><supplier-info><supplier-num nitf="doc-id" nitf-regsrc="ARKA News Agency" type="accession">771000033503692e</supplier-num><internal-acc-num db-id="NEPRARKA" type="newz">20150226170.1_V771000033503692e</internal-acc-num><rec-status><last-load-date>20150226095519</last-load-date><nitf-date ne="datereceived">20150226T15:45:23Z</nitf-date><nitf-date nitf="date-issue">20150226T00:00:00Z</nitf-date><last-provider-update>20150226154523</last-provider-update></rec-status><supplier-copyright>Copyright Â© 2015 ARKA<copyright-year/><copyright-holder>ARKA</copyright-holder></supplier-copyright><supplier-note nitf="urgency" nitf-ed-urg="4"/><supplier-dtds><dtd dtd-version="working" dtd-date="20150210T00:00:00Z">Canonical Taxonomy</dtd><dtd dtd-version="20150203" dtd-date="20150210T00:00:00Z">Mapping File</dtd></supplier-dtds><copyright-block type="dialog"><service-copyright n-include_guid="Ice671660f30811d88920000083149a14" n-include_collection="D-DIALOGCOPYRIGHTS-T001"/></copyright-block><copyright-block type="west"><service-copyright n-include_guid="I1DA35ED81DD211B281BAD200220BDFCA" n-include_collection="w_wlnv_msg"/></copyright-block><west-citation-block><bop/><first-line-cite><bos/>2/26/15 NEWS 00:00:00<eos/></first-line-cite><second-line-cite><bos/>2/26/15 ARKA News Agency 00:00:00<eos/></second-line-cite><eop/></west-citation-block></supplier-info><title-info iso-language="en"><bop/><title type="headline" nitf-hedline="hl1" key="key-title"><bos/><sort-title><cite.query w-seq-number="00001" w-ref-type="MM" w-normalized-cite="canonical_name::MICROSOFT" ID="I21603d40bdd011e495f0a30cfa432122">MICROSOFT</cite.query> TO LAY OFF 9000 EMPLOYEES</sort-title><eos/></title><eop/></title-info><pub-info><journal key="key-journal"><bop/><bos/><sort-journal>ARKA News Agency</sort-journal><eos/><eop/></journal><pub-date key="key-date" iso-time="T00:00:00Z" type="date.publication"><full-pub-date>February 26, 2015</full-pub-date><sort-pub-date>20150226</sort-pub-date><sort-pub-timestamp>20150226000000</sort-pub-timestamp><rank-date>20150226</rank-date><currency-timestamp>20150226000000</currency-timestamp></pub-date><original-pub><language iso-language="en">English</language></original-pub><src-data><src-journal-code>ANPV</src-journal-code><src-pub-code>0063786</src-pub-code><src-pub-type>Newswire</src-pub-type><src-pub-country-wrap><src-pub-country-code>GE</src-pub-country-code><src-pub-country>Georgia CIS</src-pub-country></src-pub-country-wrap><src-pub-region>Europe</src-pub-region></src-data></pub-info><content iso-language="en"><total-char-count>1693</total-char-count><derived-word-count><bop/><bos/>Word Count: 267<eos/><eop/></derived-word-count><text type="lead-para"><p nitf="lede"><bop/><bos/><cite.query w-seq-number="00002" w-ref-type="WC" w-normalized-cite="I76DF065242BE11DDA1BC0014224D2780" ID="I217c29b0bdd011e495f0a30cfa432122">INFORMATION TECHNOLOGIES</cite.query><eos/><eop/></p><p nitf="lede"><bop/><bos/>YEREVAN, February 26. / ARKA /. <cite.query w-seq-number="00003" w-ref-type="MM" w-normalized-cite="canonical_name::MICROSOFT" ID="I22d81030bdd011e495f0a30cfa432122">Microsoft</cite.query> is set to shut down its <cite.query w-seq-number="00004" w-ref-type="MM" w-normalized-cite="canonical_name::NOKIA" ID="I22d81031bdd011e495f0a30cfa432122">Nokia</cite.query> mobile phone factories in Beijing and Dongguan by the end of the first quarter of the yea, <cite.query w-seq-number="00005" w-ref-type="NM" w-normalized-cite="canonical_name::NOVOSTI ARMENIA" ID="I22d81032bdd011e495f0a30cfa432122">Novosti-Armenia</cite.query> reported citing RIA Novosti. <eos/><bos/>The closures could lead to the company laying off about 9,000 employees, according to a <cite.query w-seq-number="00006" w-ref-type="NM" w-normalized-cite="canonical_name::BEIJING YOUTH DAILY" ID="I22d81033bdd011e495f0a30cfa432122">Beijing Youth Daily</cite.query> report which said <cite.query w-seq-number="00007" w-ref-type="MM" w-normalized-cite="canonical_name::MICROSOFT" ID="I22d81034bdd011e495f0a30cfa432122">Microsoft</cite.query> is switching its phone manufacturing to Hanoi, Vietnam.<eos/><eop/></p></text><text type="body"><p><bop/><bos/>The move is part of the company&apos;s plans to cut 18,000 jobs worldwide, with facilities set for closure connected to <cite.query w-seq-number="00008" w-ref-type="MM" w-normalized-cite="canonical_name::NOKIA" ID="I230031a0bdd011e495f0a30cfa432122">Nokia</cite.query>&apos;s mobile phone manufacturing operation, the report said.<eos/><eop/></p><p><bop/><bos/><cite.query w-seq-number="00009" w-ref-type="MM" w-normalized-cite="canonical_name::MICROSOFT" ID="I231df2d0bdd011e495f0a30cfa432122">Microsoft</cite.query> announced in July last year that it will adjust its mobile phone business to adapt to the latest developments in cloud computing. <eos/><bos/>The company then announced a plan on Dec. 17 to shut down its factories in Beijing and Dongguan and shift its phone manufacturing to Hanoi.<eos/><eop/></p><p><bop/><bos/><cite.query w-seq-number="00010" w-ref-type="MM" w-normalized-cite="canonical_name::MICROSOFT" ID="I239b3920bdd011e495f0a30cfa432122">Microsoft</cite.query> took over <cite.query w-seq-number="00011" w-ref-type="MM" w-normalized-cite="canonical_name::NOKIA" ID="I239b3921bdd011e495f0a30cfa432122">Nokia</cite.query>&apos;s phone business in a US$7.2 billion deal last April, the world&apos;s largest phone business acquisition deal. <eos/><bos/>Following the deal, <cite.query w-seq-number="00012" w-ref-type="MM" w-normalized-cite="canonical_name::MICROSOFT" ID="I239b3922bdd011e495f0a30cfa432122">Microsoft</cite.query> announced last July that it was cutting 18,000 jobs, or about 14% of its full-time workforce. <eos/><bos/>It is the largest layoff in the company&apos;s history and 12,500 of these jobs are related to <cite.query w-seq-number="00013" w-ref-type="MM" w-normalized-cite="canonical_name::MICROSOFT" ID="I239b3923bdd011e495f0a30cfa432122">Microsoft</cite.query>&apos;s acquisition of <cite.query w-seq-number="00014" w-ref-type="MM" w-normalized-cite="canonical_name::NOKIA" ID="I239b3924bdd011e495f0a30cfa432122">Nokia</cite.query>&apos;s mobile phone business. <eos/><bos/>The worldwide layoffs are set to be completed by June.<eos/><eop/></p><p><bop/><bos/><cite.query w-seq-number="00015" w-ref-type="MM" w-normalized-cite="canonical_name::MICROSOFT" ID="I23f1e4a0bdd011e495f0a30cfa432122">Microsoft</cite.query>&apos;s restructuring plan reflects dramatic shifts in the global mobile phone industry, given the short product life-cycle and high product turnover rate in recent years. <eos/><bos/>The advent of the smartphone era has also seen a number Chinese phone makers produce a diverse range of quality smartphones in addition to global brands like <cite.query w-seq-number="00016" w-ref-type="MM" w-normalized-cite="canonical_name::APPLE" ID="I23f1e4a1bdd011e495f0a30cfa432122">Apple</cite.query> and <cite.query w-seq-number="00017" w-ref-type="MM" w-normalized-cite="canonical_name::SAMSUNG" ID="I23f1e4a2bdd011e495f0a30cfa432122">Samsung</cite.query>.-0-<eos/><eop/></p></text></content><indexing iso-language="en" value-add="machine-generated"><classification-terms><pres-location-block><bop/><bos/><pres-location-wrap><pres-location>Armenia</pres-location><pres-location-code>ISOAM</pres-location-code><alt1-location-code>1AR09</alt1-location-code></pres-location-wrap><pres-location-wrap><pres-location>Asia</pres-location><pres-location-code>GEOASIA</pres-location-code><alt1-location-code>1AS61</alt1-location-code></pres-location-wrap><pres-location-wrap><pres-location>CIS Countries</pres-location><pres-location-code>CISSTAT</pres-location-code><alt1-location-code>1CI64</alt1-location-code></pres-location-wrap><pres-location-wrap><pres-location>China</pres-location><pres-location-code>ISOCN</pres-location-code><alt1-location-code>1CH15</alt1-location-code></pres-location-wrap><pres-location-wrap><pres-location>Eastern Asia</pres-location><pres-location-code>GEOEASIA</pres-location-code><alt1-location-code>1EA61</alt1-location-code></pres-location-wrap><pres-location-wrap><pres-location>Eastern Europe</pres-location><pres-location-code>GEOEEUR</pres-location-code><alt1-location-code>1EA48</alt1-location-code></pres-location-wrap><pres-location-wrap><pres-location>Europe</pres-location><pres-location-code>GEOEUR</pres-location-code><alt1-location-code>1EU83</alt1-location-code></pres-location-wrap><pres-location-wrap><pres-location>Far East</pres-location><pres-location-code>GEOFREST</pres-location-code><alt1-location-code>1FA27</alt1-location-code></pres-location-wrap><pres-location-wrap><pres-location>Indo China</pres-location><pres-location-code>GEOINDCH</pres-location-code><alt1-location-code>1IN61</alt1-location-code></pres-location-wrap><pres-location-wrap><pres-location>Northern Europe</pres-location><pres-location-code>GEONEUR</pres-location-code><alt1-location-code>1NO01</alt1-location-code></pres-location-wrap><pres-location-wrap><pres-location>Scandinavia</pres-location><pres-location-code>GEOSCAND</pres-location-code><alt1-location-code>1SC27</alt1-location-code></pres-location-wrap><pres-location-wrap><pres-location>Southeast Asia</pres-location><pres-location-code>GEOSEASI</pres-location-code><alt1-location-code>1SO64</alt1-location-code></pres-location-wrap><pres-location-wrap><pres-location>Vietnam</pres-location><pres-location-code>ISOVN</pres-location-code><alt1-location-code>1VI02</alt1-location-code></pres-location-wrap><pres-location-wrap><pres-location>Western Europe</pres-location><pres-location-code>GEOWEUR</pres-location-code><alt1-location-code>1WE41</alt1-location-code></pres-location-wrap><eos/><eop/></pres-location-block></classification-terms><classification-terms><pres-subject-block><bop/><bos/><pres-subject-wrap><pres-subject>Emerging Market Countries</pres-subject><pres-subject-code>EMERGING</pres-subject-code><alt1-subject-code>1EM65</alt1-subject-code></pres-subject-wrap><pres-subject-wrap><pres-subject>Major Corporations</pres-subject><pres-subject-code>MAJCORP</pres-subject-code><alt1-subject-code>1MA93</alt1-subject-code></pres-subject-wrap><eos/><eop/></pres-subject-block><pres-industry-block><bop/><bos/><pres-industry-wrap><pres-industry>Consumer Electronics</pres-industry><pres-industry-code>CEOVR</pres-industry-code><alt1-industry-code>1CO61</alt1-industry-code></pres-industry-wrap><pres-industry-wrap><pres-industry>Consumer Products &amp; Services</pres-industry><pres-industry-code>BUYBUY</pres-industry-code><alt1-industry-code>1CO62</alt1-industry-code></pres-industry-wrap><pres-industry-wrap><pres-industry>Electronics</pres-industry><pres-industry-code>ETRONICS</pres-industry-code><alt1-industry-code>1EL16</alt1-industry-code></pres-industry-wrap><pres-industry-wrap><pres-industry>I.T.</pres-industry><pres-industry-code>ITOVER</pres-industry-code><alt1-industry-code>1IT96</alt1-industry-code></pres-industry-wrap><pres-industry-wrap><pres-industry>Mobile Phones &amp; Pagers</pres-industry><pres-industry-code>TWPHONE</pres-industry-code><alt1-industry-code>1WI07</alt1-industry-code></pres-industry-wrap><pres-industry-wrap><pres-industry>Phones &amp; Answering Machines</pres-industry><pres-industry-code>CNSUMTEL</pres-industry-code><alt1-industry-code>1CO78</alt1-industry-code></pres-industry-wrap><pres-industry-wrap><pres-industry>Telecom</pres-industry><pres-industry-code>TITOP</pres-industry-code><alt1-industry-code>1TE27</alt1-industry-code></pres-industry-wrap><pres-industry-wrap><pres-industry>Telecom Carriers &amp; Operators</pres-industry><pres-industry-code>TELCOOV</pres-industry-code><alt1-industry-code>1TE56</alt1-industry-code></pres-industry-wrap><pres-industry-wrap><pres-industry>Telecom Consumer Equipment</pres-industry><pres-industry-code>TCCONEQ</pres-industry-code><alt1-industry-code>1TE03</alt1-industry-code></pres-industry-wrap><eos/><eop/></pres-industry-block></classification-terms><classification-terms><rcs-block><rcs>G:B</rcs><rcs>G:A</rcs><rcs>G:B2</rcs><rcs>G:B1</rcs><rcs>B:69</rcs><rcs>G:Y</rcs><rcs>G:5Z</rcs><rcs>G:7I</rcs><rcs>G:3</rcs><rcs>G:M</rcs><rcs>B:161</rcs><rcs>G:1</rcs><rcs>G:K</rcs><rcs>B:75</rcs><rcs>B:177</rcs><rcs>B:78</rcs><rcs>M:NL</rcs><rcs>G:AJ</rcs></rcs-block></classification-terms><extraction-terms><extr-company-block><bop/><bos/><norm-company oa-id="4295905573">APPLE INC</norm-company><norm-company-wrap><norm-company-name>APPLE INC</norm-company-name><company-ids><oa-id>4295905573</oa-id><ric norm="AAPL.OQ">AAPL.OQ</ric></company-ids><company-classification><trbc-wrap><trbc type="RCS">B:1758</trbc><trbc type="2012">5710601010</trbc><trbc type="perm-id">4294951243</trbc></trbc-wrap></company-classification><relevancy engine="1C">0.2</relevancy><confidence engine="1C">0.92</confidence></norm-company-wrap><norm-company oa-id="4295882451">SAMSUNG ELECTRONICS CO LTD</norm-company><norm-company-wrap><norm-company-name>SAMSUNG ELECTRONICS CO LTD</norm-company-name><company-ids><oa-id>4295882451</oa-id><ric norm="005930.KS">005930.KS</ric></company-ids><company-classification><trbc-wrap><trbc type="RCS">B:1768</trbc><trbc type="2012">5710602010</trbc><trbc type="perm-id">4294951233</trbc></trbc-wrap></company-classification><relevancy engine="1C">0.2</relevancy><confidence engine="1C">0.92</confidence></norm-company-wrap><eos/><eop/></extr-company-block></extraction-terms></indexing></document></n-docbody>
</n-document>
<n-document guid="I2cc08500bd0811e4973e8ac1cf77f8cb"><n-metadata><metadata.block><md.identifiers><md.cites><md.first.line.cite>2/25/15 NEWS 00:00:00</md.first.line.cite><md.second.line.cite>2/25/15 ARKA News Agency 00:00:00</md.second.line.cite></md.cites><md.uuid>I2cc08500bd0811e4973e8ac1cf77f8cb</md.uuid></md.identifiers><md.infotype>news</md.infotype><md.sortkeys><md.ordersequence>f47363bec</md.ordersequence></md.sortkeys><md.descriptions><md.title>AUTHORIZATION BY ARCA PAYMENT CARDS AND TERMINALS HALTED TEMPORARILY</md.title><md.westlawdescrip><md.readlist>READLIST</md.readlist></md.westlawdescrip></md.descriptions><md.dates><md.publisheddatetime>20150225101316</md.publisheddatetime><md.loaddate>20150225</md.loaddate><md.createddatetime>20150225101316</md.createddatetime></md.dates><md.subjects><md.subject><md.pubtype.name/><md.doctype.name>DNR</md.doctype.name><md.doctype.rank/><md.view>CNGE</md.view><md.view>RGEurope</md.view><md.view>PTNewswires</md.view><md.view>ARKANEWS0063786</md.view><md.view>INALLNEWS_ACTEST</md.view><md.view>INFARNEWS_AC</md.view><md.view>MARKETSEIKON_CN</md.view><md.view>MARKETSEIKON</md.view><md.view>CB_ASIAWIRES</md.view><md.view>INWIRES_AC</md.view><md.view>GULF_INTL</md.view><md.view>ININTNEWS_AC</md.view><md.view>ANZ_INTLOS</md.view><md.view>CLEAR_RF</md.view><md.view>INALLNEWS_AC</md.view><md.view>INNEWSINT_PRO</md.view><md.view>INBUSNEWS</md.view><md.view>INNEWSWORLD_PRO</md.view><md.view>INBUSNEWS_AC</md.view></md.subject></md.subjects><md.jurisdictions><md.jurisdiction><md.jurisstate>FE</md.jurisstate></md.jurisdiction></md.jurisdictions><md.publications><md.publication/><md.sourcepubid>ARKANEWS</md.sourcepubid></md.publications><md.royalty><md.royalty.code>84104</md.royalty.code></md.royalty></metadata.block><news.metadata.block><md.text.preview>BANKING NEWSYEREVAN, February 25. / ARKA /. Authorization by ArCa payment cards and terminals was halted temporarily due to a technical problem, the executive director of the payment system, Ishham Mkhitaryan, said to ARKA news agency. He said</md.text.preview></news.metadata.block><n-view>CNGE</n-view><n-view>RGEurope</n-view><n-view>PTNewswires</n-view><n-view>ARKANEWS0063786</n-view><n-view>INALLNEWS_ACTEST</n-view><n-view>INFARNEWS_AC</n-view><n-view>MARKETSEIKON_CN</n-view><n-view>MARKETSEIKON</n-view><n-view>CB_ASIAWIRES</n-view><n-view>INWIRES_AC</n-view><n-view>GULF_INTL</n-view><n-view>ININTNEWS_AC</n-view><n-view>ANZ_INTLOS</n-view><n-view>CLEAR_RF</n-view><n-view>INALLNEWS_AC</n-view><n-view>INNEWSINT_PRO</n-view><n-view>INBUSNEWS</n-view><n-view>INNEWSWORLD_PRO</n-view><n-view>INBUSNEWS_AC</n-view><prism-stylesheet guid="Ia3024d301b6a11d89fc5f34981d3242f"/><prism-clipdate>20150225101316</prism-clipdate></n-metadata>
<n-docbody><document version="1" collection="D-ARKANEWS-T001" first-load-date="20150225101316" ip-product="ARKANEWS" royalty-id="84104" data-model="text" dtd-version="5.2.29" content-type="news" load-language="en"><supplier-info><supplier-num nitf="doc-id" nitf-regsrc="ARKA News Agency" type="accession">51a00000dad466c0</supplier-num><internal-acc-num db-id="NEPRARKA" type="newz">20150225170.1_V51a00000dad466c0</internal-acc-num><rec-status><last-load-date>20150225101316</last-load-date><nitf-date ne="datereceived">20150225T16:05:53Z</nitf-date><nitf-date nitf="date-issue">20150225T00:00:00Z</nitf-date><last-provider-update>20150225160553</last-provider-update></rec-status><supplier-copyright>Copyright Â© 2015 ARKA<copyright-year/><copyright-holder>ARKA</copyright-holder></supplier-copyright><supplier-note nitf="urgency" nitf-ed-urg="4"/><supplier-dtds><dtd dtd-version="working" dtd-date="20150210T00:00:00Z">Canonical Taxonomy</dtd><dtd dtd-version="20150203" dtd-date="20150210T00:00:00Z">Mapping File</dtd></supplier-dtds><copyright-block type="dialog"><service-copyright n-include_guid="Ice671660f30811d88920000083149a14" n-include_collection="D-DIALOGCOPYRIGHTS-T001"/></copyright-block><copyright-block type="west"><service-copyright n-include_guid="I1DA35ED81DD211B281BAD200220BDFCA" n-include_collection="w_wlnv_msg"/></copyright-block><west-citation-block><bop/><first-line-cite><bos/>2/25/15 NEWS 00:00:00<eos/></first-line-cite><second-line-cite><bos/>2/25/15 ARKA News Agency 00:00:00<eos/></second-line-cite><eop/></west-citation-block></supplier-info><title-info iso-language="en"><bop/><title type="headline" nitf-hedline="hl1" key="key-title"><bos/><sort-title>AUTHORIZATION BY ARCA PAYMENT CARDS AND TERMINALS HALTED TEMPORARILY</sort-title><eos/></title><eop/></title-info><pub-info><journal key="key-journal"><bop/><bos/><sort-journal>ARKA News Agency</sort-journal><eos/><eop/></journal><pub-date key="key-date" iso-time="T00:00:00Z" type="date.publication"><full-pub-date>February 25, 2015</full-pub-date><sort-pub-date>20150225</sort-pub-date><sort-pub-timestamp>20150225000000</sort-pub-timestamp><rank-date>20150225</rank-date><currency-timestamp>20150225000000</currency-timestamp></pub-date><original-pub><language iso-language="en">English</language></original-pub><src-data><src-journal-code>ANPV</src-journal-code><src-pub-code>0063786</src-pub-code><src-pub-type>Newswire</src-pub-type><src-pub-country-wrap><src-pub-country-code>GE</src-pub-country-code><src-pub-country>Georgia CIS</src-pub-country></src-pub-country-wrap><src-pub-region>Europe</src-pub-region></src-data></pub-info><content iso-language="en"><total-char-count>825</total-char-count><derived-word-count><bop/><bos/>Word Count: 123<eos/><eop/></derived-word-count><text type="lead-para"><p nitf="lede"><bop/><bos/>BANKING NEWS<eos/><eop/></p><p nitf="lede"><bop/><bos/>YEREVAN, February 25. / ARKA /. Authorization by ArCa payment cards and terminals was halted temporarily due to a technical problem, the executive director of the payment system, <cite.query w-seq-number="00001" w-ref-type="NM" w-normalized-cite="canonical_name::ISHHAM MKHITARYAN" ID="I5c919e80bd0911e4b2e9e0f5138a4d58">Ishham Mkhitaryan</cite.query>, said to <cite.query w-seq-number="00002" w-ref-type="NM" w-normalized-cite="canonical_name::ARKA" ID="I5c919e81bd0911e4b2e9e0f5138a4d58">ARKA</cite.query> news agency. <eos/><bos/>He said experts were working to eliminate the problem.<eos/><eop/></p></text><text type="body"><p><bop/><bos/>He said the company apologizes for any inconvenience this might cause.<eos/><eop/></p><p><bop/><bos/>Armenian Card CJSC was established on March 16, 2000 as a united national payment system. <eos/><bos/>Today 19 of Armenia&apos;s 21 commercial banks participate in ArCa payment system. <eos/><bos/>The company is a full member of <cite.query w-seq-number="00003" w-ref-type="MM" w-normalized-cite="canonical_name::MASTERCARD EUROPE" ID="I5cb02300bd0911e4b2e9e0f5138a4d58">MasterCard Europe</cite.query> international payment system. <eos/><bos/>It also processes <cite.query w-seq-number="00004" w-ref-type="MM" w-normalized-cite="canonical_name::VISA" ID="I5cb02301bd0911e4b2e9e0f5138a4d58">VISA</cite.query> and <cite.query w-seq-number="00005" w-ref-type="WC" w-normalized-cite="I6AE24172453C11DD902D0014224D2780" ID="I5cb02302bd0911e4b2e9e0f5138a4d58">American Express</cite.query> (Third <cite.query w-seq-number="00006" w-ref-type="NM" w-normalized-cite="canonical_name::PARTY PROCESSOR" ID="I5cb02303bd0911e4b2e9e0f5138a4d58">Party Processor</cite.query>) cards. <eos/><bos/>It issues ArCa Debit, ArCa Classic, <cite.query w-seq-number="00007" w-ref-type="NM" w-normalized-cite="canonical_name::ARCA GOLD" ID="I5cb02304bd0911e4b2e9e0f5138a4d58">ArCa Gold</cite.query>, ArCa Business, ArCa Affinity, <cite.query w-seq-number="00008" w-ref-type="NM" w-normalized-cite="canonical_name::ARCA CO BRANDED" ID="I5cb02305bd0911e4b2e9e0f5138a4d58">ArCa Co-branded</cite.query>, ArCa Platinum, as well as ArCa pension cards.-0-<eos/><eop/></p></text></content><indexing iso-language="en" value-add="machine-generated"><classification-terms><pres-location-block><bop/><bos/><pres-location-wrap><pres-location>Armenia</pres-location><pres-location-code>ISOAM</pres-location-code><alt1-location-code>1AR09</alt1-location-code></pres-location-wrap><pres-location-wrap><pres-location>CIS Countries</pres-location><pres-location-code>CISSTAT</pres-location-code><alt1-location-code>1CI64</alt1-location-code></pres-location-wrap><pres-location-wrap><pres-location>Eastern Europe</pres-location><pres-location-code>GEOEEUR</pres-location-code><alt1-location-code>1EA48</alt1-location-code></pres-location-wrap><pres-location-wrap><pres-location>Europe</pres-location><pres-location-code>GEOEUR</pres-location-code><alt1-location-code>1EU83</alt1-location-code></pres-location-wrap><eos/><eop/></pres-location-block></classification-terms><classification-terms><pres-industry-block><bop/><bos/><pres-industry-wrap><pres-industry>Bank Operations</pres-industry><pres-industry-code>BANKOPS</pres-industry-code><alt1-industry-code>1BA31</alt1-industry-code></pres-industry-wrap><pres-industry-wrap><pres-industry>Banking</pres-industry><pres-industry-code>BANKOVER</pres-industry-code><alt1-industry-code>1BA20</alt1-industry-code></pres-industry-wrap><pres-industry-wrap><pres-industry>Card &amp; Payment Processing</pres-industry><pres-industry-code>CARDPROC</pres-industry-code><alt1-industry-code>1CA88</alt1-industry-code></pres-industry-wrap><pres-industry-wrap><pres-industry>Credit, Debit &amp; Value Cards</pres-industry><pres-industry-code>CCARDS</pres-industry-code><alt1-industry-code>1CR28</alt1-industry-code></pres-industry-wrap><pres-industry-wrap><pres-industry>Financial Services</pres-industry><pres-industry-code>FINSVC</pres-industry-code><alt1-industry-code>1FI37</alt1-industry-code></pres-industry-wrap><pres-industry-wrap><pres-industry>Retail Banking Services</pres-industry><pres-industry-code>RTBNKOVR</pres-industry-code><alt1-industry-code>1RE38</alt1-industry-code></pres-industry-wrap><eos/><eop/></pres-industry-block></classification-terms><classification-terms><rcs-block><rcs>G:B</rcs><rcs>G:A</rcs><rcs>G:B2</rcs><rcs>B:127</rcs><rcs>B:128</rcs><rcs>B:129</rcs><rcs>B:125</rcs><rcs>B:126</rcs><rcs>G:AJ</rcs><rcs>G:Y</rcs><rcs>G:7I</rcs></rcs-block></classification-terms><extraction-terms><extr-company-block><bop/><bos/><norm-company oa-id="4295906742">ARCA BIOPHARMA INC</norm-company><norm-company-wrap><norm-company-name>ARCA BIOPHARMA INC</norm-company-name><company-ids><oa-id>4295906742</oa-id><ric norm="ABIO.OQ">ABIO.OQ</ric></company-ids><company-classification><trbc-wrap><trbc type="RCS">B:1731</trbc><trbc type="2012">5620104012</trbc><trbc type="perm-id">4294951270</trbc></trbc-wrap></company-classification><relevancy engine="1C">0.8</relevancy><confidence engine="1C">0.9</confidence></norm-company-wrap><norm-company oa-id="4298015179">VISA INC</norm-company><norm-company-wrap><norm-company-name>VISA INC</norm-company-name><company-ids><oa-id>4298015179</oa-id><ric norm="V.N">V.N</ric></company-ids><company-classification><trbc-wrap><trbc type="RCS">B:1219</trbc><trbc type="2012">5220304010</trbc><trbc type="perm-id">4294951782</trbc></trbc-wrap></company-classification><relevancy engine="1C">0.2</relevancy><confidence engine="1C">0.74</confidence></norm-company-wrap><eos/><eop/></extr-company-block></extraction-terms></indexing></document></n-docbody>
</n-document>
<n-document guid="I3539e5d0bc0611e49a2895b2bebc55a7"><n-metadata><metadata.block><md.identifiers><md.cites><md.first.line.cite>2/24/15 NEWS 00:00:00</md.first.line.cite><md.second.line.cite>2/24/15 ARKA News Agency 00:00:00</md.second.line.cite></md.cites><md.uuid>I3539e5d0bc0611e49a2895b2bebc55a7</md.uuid></md.identifiers><md.infotype>news</md.infotype><md.sortkeys><md.ordersequence>f47363bec</md.ordersequence></md.sortkeys><md.descriptions><md.title>ARMENTEL, NURCARD OFFER &apos;NICE PHONE NUMBERS&quot; FOR HOLDERS OF MASTERCARD NURCARD GOLD</md.title><md.westlawdescrip><md.readlist>READLIST</md.readlist></md.westlawdescrip></md.descriptions><md.dates><md.publisheddatetime>20150224033026</md.publisheddatetime><md.loaddate>20150224</md.loaddate><md.createddatetime>20150224033026</md.createddatetime></md.dates><md.subjects><md.subject><md.pubtype.name/><md.doctype.name>DNR</md.doctype.name><md.doctype.rank/><md.view>CNGE</md.view><md.view>RGEurope</md.view><md.view>PTNewswires</md.view><md.view>ARKANEWS0063786</md.view><md.view>INALLNEWS_ACTEST</md.view><md.view>INFARNEWS_AC</md.view><md.view>MARKETSEIKON_CN</md.view><md.view>MARKETSEIKON</md.view><md.view>CB_ASIAWIRES</md.view><md.view>INWIRES_AC</md.view><md.view>GULF_INTL</md.view><md.view>ININTNEWS_AC</md.view><md.view>ANZ_INTLOS</md.view><md.view>CLEAR_RF</md.view><md.view>INALLNEWS_AC</md.view><md.view>INNEWSINT_PRO</md.view><md.view>INBUSNEWS</md.view><md.view>INNEWSWORLD_PRO</md.view><md.view>INBUSNEWS_AC</md.view></md.subject></md.subjects><md.jurisdictions><md.jurisdiction><md.jurisstate>FE</md.jurisstate></md.jurisdiction></md.jurisdictions><md.publications><md.publication/><md.sourcepubid>ARKANEWS</md.sourcepubid></md.publications><md.royalty><md.royalty.code>84104</md.royalty.code></md.royalty></metadata.block><news.metadata.block><md.text.preview>COMMUNICATIONSYEREVAN, February 24. /ARKA/. ArmenTel telecommunication company (trading as Beeline), together with NURCARD, has launched a new &quot;nice phone number&quot; service for holders of Mastercard NurCard Gold, the company&apos;s press office reported</md.text.preview></news.metadata.block><newsplus.recommendable>1</newsplus.recommendable><n-view>CNGE</n-view><n-view>RGEurope</n-view><n-view>PTNewswires</n-view><n-view>ARKANEWS0063786</n-view><n-view>INALLNEWS_ACTEST</n-view><n-view>INFARNEWS_AC</n-view><n-view>MARKETSEIKON_CN</n-view><n-view>MARKETSEIKON</n-view><n-view>CB_ASIAWIRES</n-view><n-view>INWIRES_AC</n-view><n-view>GULF_INTL</n-view><n-view>ININTNEWS_AC</n-view><n-view>ANZ_INTLOS</n-view><n-view>CLEAR_RF</n-view><n-view>INALLNEWS_AC</n-view><n-view>INNEWSINT_PRO</n-view><n-view>INBUSNEWS</n-view><n-view>INNEWSWORLD_PRO</n-view><n-view>INBUSNEWS_AC</n-view><prism-stylesheet guid="Ia3024d301b6a11d89fc5f34981d3242f"/><prism-clipdate>20150224033026</prism-clipdate></n-metadata>
<n-docbody><document version="1" collection="D-ARKANEWS-T001" first-load-date="20150224033026" ip-product="ARKANEWS" royalty-id="84104" data-model="text" dtd-version="5.2.29" content-type="news" load-language="en"><supplier-info><supplier-num nitf="doc-id" nitf-regsrc="ARKA News Agency" type="accession">d08c00021283e705</supplier-num><internal-acc-num db-id="NEPRARKA" type="newz">20150224170.1_Vd08c00021283e705</internal-acc-num><rec-status><last-load-date>20150224033026</last-load-date><nitf-date ne="datereceived">20150224T09:19:17Z</nitf-date><nitf-date nitf="date-issue">20150224T00:00:00Z</nitf-date><last-provider-update>20150224091917</last-provider-update></rec-status><supplier-copyright>Copyright Â© 2015 ARKA<copyright-year/><copyright-holder>ARKA</copyright-holder></supplier-copyright><supplier-note nitf="urgency" nitf-ed-urg="4"/><supplier-dtds><dtd dtd-version="working" dtd-date="20150210T00:00:00Z">Canonical Taxonomy</dtd><dtd dtd-version="20150203" dtd-date="20150210T00:00:00Z">Mapping File</dtd></supplier-dtds><copyright-block type="dialog"><service-copyright n-include_guid="Ice671660f30811d88920000083149a14" n-include_collection="D-DIALOGCOPYRIGHTS-T001"/></copyright-block><copyright-block type="west"><service-copyright n-include_guid="I1DA35ED81DD211B281BAD200220BDFCA" n-include_collection="w_wlnv_msg"/></copyright-block><west-citation-block><bop/><first-line-cite><bos/>2/24/15 NEWS 00:00:00<eos/></first-line-cite><second-line-cite><bos/>2/24/15 ARKA News Agency 00:00:00<eos/></second-line-cite><eop/></west-citation-block></supplier-info><title-info iso-language="en"><bop/><title type="headline" nitf-hedline="hl1" key="key-title"><bos/><sort-title>ARMENTEL, NURCARD OFFER &apos;NICE PHONE NUMBERS&quot; FOR HOLDERS OF <cite.query w-seq-number="00001" w-ref-type="MM" w-normalized-cite="canonical_name::MASTERCARD" ID="I258d8770bc0811e48fb2a4472c513031">MASTERCARD</cite.query> NURCARD GOLD</sort-title><eos/></title><eop/></title-info><pub-info><journal key="key-journal"><bop/><bos/><sort-journal>ARKA News Agency</sort-journal><eos/><eop/></journal><pub-date key="key-date" iso-time="T00:00:00Z" type="date.publication"><full-pub-date>February 24, 2015</full-pub-date><sort-pub-date>20150224</sort-pub-date><sort-pub-timestamp>20150224000000</sort-pub-timestamp><rank-date>20150224</rank-date><currency-timestamp>20150224000000</currency-timestamp></pub-date><original-pub><language iso-language="en">English</language></original-pub><src-data><src-journal-code>ANPV</src-journal-code><src-pub-code>0063786</src-pub-code><src-pub-type>Newswire</src-pub-type><src-pub-country-wrap><src-pub-country-code>GE</src-pub-country-code><src-pub-country>Georgia CIS</src-pub-country></src-pub-country-wrap><src-pub-region>Europe</src-pub-region></src-data></pub-info><content iso-language="en"><total-char-count>1328</total-char-count><derived-word-count><bop/><bos/>Word Count: 207<eos/><eop/></derived-word-count><text type="lead-para"><p nitf="lede"><bop/>COMMUNICATIONS<eop/></p><p nitf="lede"><bop/><bos/>YEREVAN, February 24. /ARKA/. <eos/><bos/>ArmenTel telecommunication company (trading as Beeline), together with NURCARD, has launched a new &quot;nice phone number&quot; service for holders of <cite.query w-seq-number="00002" w-ref-type="NM" w-normalized-cite="canonical_name::MASTERCARD NURCARD GOLD" ID="I2594da70bc0811e48fb2a4472c513031">Mastercard NurCard Gold</cite.query>, the company&apos;s press office reported on Monday.<eos/><eop/></p></text><text type="body"><p><bop/><bos/>The service gives the cardholders an opportunity of getting a &apos;gold phone number&apos; from Beeline for free, while getting connected to &quot;All in 3500-Nur&quot; or &quot;All in 5500-Nur&quot; or &quot;All in 7500-Nur&quot;mobile tariff plans for 12 months, says the report.<eos/><eop/></p><p><bop/><bos/>Beeline&apos;s tariff policies aim at providing the best comfort to clients at the best price, said Andrey Pyatakhin, general director of ArmenTel.<eos/><eop/></p><p><bop/><bos/>If the respective contract is suspended in the first 12 months or the tariff plan is changed, the subscriber will have to pay the cost of the &apos;gold number&quot;.<eos/><bos/> If the change occurs within the mentioned tariff plans, the amount for the &apos;nice number&apos; is not charged and 12 months is counted from the change date.<eos/><eop/></p><p><bop/><bos/>Clients can obtain the service at Beeline and NURCARD service centers. <eos/><bos/>Additional info is available on<eos/><eop/></p><p><bop/><bos/>wwwHYPERLINK &quot;http://www.beeline.am/&quot;.<eos/><bos/>HYPERLINK &quot;http://www.beeline.am/&quot;beelineHYPERLINK &quot;http://www.beeline.am/&quot;.<eos/><bos/>HYPERLINK &quot;http://www.beeline.am/&quot;am.<eos/><eop/></p><p><bop/><bos/>ArmenTel is owned fully by Russian VimpelCom. <eos/><bos/>It provides fixed and mobile telephony services and high speed Internet. <eos/><bos/>N.V. -0-<eos/><eop/></p></text></content><indexing iso-language="en" value-add="machine-generated"><classification-terms><pres-industry-block><bop/><bos/><pres-industry-wrap><pres-industry>Gold</pres-industry><pres-industry-code>GOLDMINE</pres-industry-code><alt1-industry-code>1GO03</alt1-industry-code></pres-industry-wrap><pres-industry-wrap><pres-industry>Gold &amp; Precious Metals</pres-industry><pres-industry-code>GOLD</pres-industry-code><alt1-industry-code>1GO02</alt1-industry-code></pres-industry-wrap><pres-industry-wrap><pres-industry>I.T.</pres-industry><pres-industry-code>ITOVER</pres-industry-code><alt1-industry-code>1IT96</alt1-industry-code></pres-industry-wrap><pres-industry-wrap><pres-industry>Metals &amp; Mining</pres-industry><pres-industry-code>METALS</pres-industry-code><alt1-industry-code>1ME07</alt1-industry-code></pres-industry-wrap><pres-industry-wrap><pres-industry>Natural Resources</pres-industry><pres-industry-code>RESOURCE</pres-industry-code><alt1-industry-code>1NA60</alt1-industry-code></pres-industry-wrap><pres-industry-wrap><pres-industry>Networking</pres-industry><pres-industry-code>DCTOP10</pres-industry-code><alt1-industry-code>1NE45</alt1-industry-code></pres-industry-wrap><pres-industry-wrap><pres-industry>Next Generation Wireless Technology</pres-industry><pres-industry-code>DCWLSACC</pres-industry-code><alt1-industry-code>1NE48</alt1-industry-code></pres-industry-wrap><pres-industry-wrap><pres-industry>Palmtop Computing</pres-industry><pres-industry-code>PCHAND</pres-industry-code><alt1-industry-code>1PA77</alt1-industry-code></pres-industry-wrap><pres-industry-wrap><pres-industry>Telecom</pres-industry><pres-industry-code>TITOP</pres-industry-code><alt1-industry-code>1TE27</alt1-industry-code></pres-industry-wrap><pres-industry-wrap><pres-industry>Telecom Service Pricing</pres-industry><pres-industry-code>TELPRICE</pres-industry-code><alt1-industry-code>1TE06</alt1-industry-code></pres-industry-wrap><pres-industry-wrap><pres-industry>Telecom Services</pres-industry><pres-industry-code>TELSVCFR</pres-industry-code><alt1-industry-code>1TE09</alt1-industry-code></pres-industry-wrap><pres-industry-wrap><pres-industry>Wireless Networking</pres-industry><pres-industry-code>DCWRLSS</pres-industry-code><alt1-industry-code>1WI62</alt1-industry-code></pres-industry-wrap><eos/><eop/></pres-industry-block></classification-terms><classification-terms><rcs-block><rcs>U:51</rcs><rcs>B:21</rcs><rcs>U:4</rcs><rcs>B:20</rcs><rcs>B:19</rcs><rcs>B:161</rcs><rcs>B:177</rcs><rcs>M:NL</rcs><rcs>B:12</rcs></rcs-block></classification-terms><extraction-terms><extr-company-block><bop/><bos/><norm-company oa-id="4295902520">MASTERCARD INC</norm-company><norm-company-wrap><norm-company-name>MASTERCARD INC</norm-company-name><company-ids><oa-id>4295902520</oa-id><ric norm="MA.N">MA.N</ric></company-ids><company-classification><trbc-wrap><trbc type="RCS">B:1236</trbc><trbc type="2012">5220304027</trbc><trbc type="perm-id">4294951765</trbc></trbc-wrap></company-classification><relevancy engine="1C">0.8</relevancy><confidence engine="1C">0.93</confidence></norm-company-wrap><norm-company oa-id="5000708211">VIMPELCOM LTD</norm-company><norm-company-wrap><norm-company-name>VIMPELCOM LTD</norm-company-name><company-ids><oa-id>5000708211</oa-id><ric norm="VIP.OQ">VIP.OQ</ric></company-ids><company-classification><trbc-wrap><trbc type="RCS">B:1821</trbc><trbc type="2012">5810102014</trbc><trbc type="perm-id">4294951180</trbc></trbc-wrap></company-classification><relevancy engine="1C">0.2</relevancy><confidence engine="1C">0.76</confidence></norm-company-wrap><eos/><eop/></extr-company-block></extraction-terms><extraction-terms><extr-person-block><bop/><bos/><extr-person>Andrey Pyatakhin</extr-person><extr-person-wrap><extr-person-name>Andrey Pyatakhin</extr-person-name><relevancy engine="1C">0.2</relevancy></extr-person-wrap><eos/><eop/></extr-person-block></extraction-terms></indexing></document></n-docbody>
</n-document>
<n-document guid="I352c0320bc0611e48b1adbde8c7250dd"><n-metadata><metadata.block><md.identifiers><md.cites><md.first.line.cite>2/24/15 NEWS 00:00:00</md.first.line.cite><md.second.line.cite>2/24/15 ARKA News Agency 00:00:00</md.second.line.cite></md.cites><md.uuid>I352c0320bc0611e48b1adbde8c7250dd</md.uuid></md.identifiers><md.infotype>news</md.infotype><md.sortkeys><md.ordersequence>f47363bec</md.ordersequence></md.sortkeys><md.descriptions><md.title>GENIUM INET PLATFORM TO BE INTRODUCED IN THE ARMENIAN STOCK EXCHANGE IN 2015</md.title><md.westlawdescrip><md.readlist>READLIST</md.readlist></md.westlawdescrip></md.descriptions><md.dates><md.publisheddatetime>20150224033026</md.publisheddatetime><md.loaddate>20150224</md.loaddate><md.createddatetime>20150224033026</md.createddatetime></md.dates><md.subjects><md.subject><md.pubtype.name/><md.doctype.name>DNR</md.doctype.name><md.doctype.rank/><md.view>CNGE</md.view><md.view>RGEurope</md.view><md.view>PTNewswires</md.view><md.view>ARKANEWS0063786</md.view><md.view>INALLNEWS_ACTEST</md.view><md.view>INFARNEWS_AC</md.view><md.view>MARKETSEIKON_CN</md.view><md.view>MARKETSEIKON</md.view><md.view>CB_ASIAWIRES</md.view><md.view>INWIRES_AC</md.view><md.view>GULF_INTL</md.view><md.view>ININTNEWS_AC</md.view><md.view>ANZ_INTLOS</md.view><md.view>CLEAR_RF</md.view><md.view>INALLNEWS_AC</md.view><md.view>INNEWSINT_PRO</md.view><md.view>INBUSNEWS</md.view><md.view>INNEWSWORLD_PRO</md.view><md.view>INBUSNEWS_AC</md.view></md.subject></md.subjects><md.jurisdictions><md.jurisdiction><md.jurisstate>FE</md.jurisstate></md.jurisdiction></md.jurisdictions><md.publications><md.publication/><md.sourcepubid>ARKANEWS</md.sourcepubid></md.publications><md.royalty><md.royalty.code>84104</md.royalty.code></md.royalty></metadata.block><news.metadata.block><md.text.preview>STOCK MARKETYEREVAN, February 24. /ARKA/. Genium INET modern stock exchange platform, will be introduced in NASDAQ OMX Armenia this year, director of the stock exchange Konstantin Saroyan said.</md.text.preview></news.metadata.block><n-view>CNGE</n-view><n-view>RGEurope</n-view><n-view>PTNewswires</n-view><n-view>ARKANEWS0063786</n-view><n-view>INALLNEWS_ACTEST</n-view><n-view>INFARNEWS_AC</n-view><n-view>MARKETSEIKON_CN</n-view><n-view>MARKETSEIKON</n-view><n-view>CB_ASIAWIRES</n-view><n-view>INWIRES_AC</n-view><n-view>GULF_INTL</n-view><n-view>ININTNEWS_AC</n-view><n-view>ANZ_INTLOS</n-view><n-view>CLEAR_RF</n-view><n-view>INALLNEWS_AC</n-view><n-view>INNEWSINT_PRO</n-view><n-view>INBUSNEWS</n-view><n-view>INNEWSWORLD_PRO</n-view><n-view>INBUSNEWS_AC</n-view><prism-stylesheet guid="Ia3024d301b6a11d89fc5f34981d3242f"/><prism-clipdate>20150224033026</prism-clipdate></n-metadata>
<n-docbody><document version="1" collection="D-ARKANEWS-T001" first-load-date="20150224033026" ip-product="ARKANEWS" royalty-id="84104" data-model="text" dtd-version="5.2.29" content-type="news" load-language="en"><supplier-info><supplier-num nitf="doc-id" nitf-regsrc="ARKA News Agency" type="accession">ee72000112d4f6ee</supplier-num><internal-acc-num db-id="NEPRARKA" type="newz">20150224170.1_Vee72000112d4f6ee</internal-acc-num><rec-status><last-load-date>20150224033026</last-load-date><nitf-date ne="datereceived">20150224T09:19:17Z</nitf-date><nitf-date nitf="date-issue">20150224T00:00:00Z</nitf-date><last-provider-update>20150224091917</last-provider-update></rec-status><supplier-copyright>Copyright Â© 2015 ARKA<copyright-year/><copyright-holder>ARKA</copyright-holder></supplier-copyright><supplier-note nitf="urgency" nitf-ed-urg="4"/><supplier-dtds><dtd dtd-version="working" dtd-date="20150210T00:00:00Z">Canonical Taxonomy</dtd><dtd dtd-version="20150203" dtd-date="20150210T00:00:00Z">Mapping File</dtd></supplier-dtds><copyright-block type="dialog"><service-copyright n-include_guid="Ice671660f30811d88920000083149a14" n-include_collection="D-DIALOGCOPYRIGHTS-T001"/></copyright-block><copyright-block type="west"><service-copyright n-include_guid="I1DA35ED81DD211B281BAD200220BDFCA" n-include_collection="w_wlnv_msg"/></copyright-block><west-citation-block><bop/><first-line-cite><bos/>2/24/15 NEWS 00:00:00<eos/></first-line-cite><second-line-cite><bos/>2/24/15 ARKA News Agency 00:00:00<eos/></second-line-cite><eop/></west-citation-block></supplier-info><title-info iso-language="en"><bop/><title type="headline" nitf-hedline="hl1" key="key-title"><bos/><sort-title>GENIUM INET PLATFORM TO BE INTRODUCED IN THE ARMENIAN STOCK EXCHANGE IN 2015</sort-title><eos/></title><eop/></title-info><pub-info><journal key="key-journal"><bop/><bos/><sort-journal>ARKA News Agency</sort-journal><eos/><eop/></journal><pub-date key="key-date" iso-time="T00:00:00Z" type="date.publication"><full-pub-date>February 24, 2015</full-pub-date><sort-pub-date>20150224</sort-pub-date><sort-pub-timestamp>20150224000000</sort-pub-timestamp><rank-date>20150224</rank-date><currency-timestamp>20150224000000</currency-timestamp></pub-date><original-pub><language iso-language="en">English</language></original-pub><src-data><src-journal-code>ANPV</src-journal-code><src-pub-code>0063786</src-pub-code><src-pub-type>Newswire</src-pub-type><src-pub-country-wrap><src-pub-country-code>GE</src-pub-country-code><src-pub-country>Georgia CIS</src-pub-country></src-pub-country-wrap><src-pub-region>Europe</src-pub-region></src-data></pub-info><content iso-language="en"><total-char-count>959</total-char-count><derived-word-count><bop/><bos/>Word Count: 148<eos/><eop/></derived-word-count><text type="lead-para"><p nitf="lede"><bop/><bos/>STOCK MARKET<eos/><eop/></p><p nitf="lede"><bop/><bos/>YEREVAN, February 24. /ARKA/. <eos/><bos/>Genium INET modern stock exchange platform, will be introduced in <cite.query w-seq-number="00001" w-ref-type="CO" w-normalized-cite="IB3F93E8029C011DF9BD7C7F341E042AB" ID="I25c0cc70bc0811e48fb2a4472c513031">NASDAQ</cite.query> OMX Armenia this year, director of the stock exchange Konstantin Saroyan said.<eos/><eop/></p></text><text type="body"><p><bop/><bos/>It is the commercial trading system of <cite.query w-seq-number="00002" w-ref-type="CO" w-normalized-cite="I259E58B041EA11DDAD6B0014224D2780" ID="I25c7aa40bc0811e48fb2a4472c513031">NASDAQ OMX Group</cite.query> and will be applied in the Armenian market this year, he said.<eos/><eop/></p><p><bop/><bos/>In the beginning the platform will be used for government bonds, but later it will expand into the secondary market as well, Saroyan said.<eos/><eop/></p><p><bop/><bos/><cite.query w-seq-number="00003" w-ref-type="CO" w-normalized-cite="IB3F93E8029C011DF9BD7C7F341E042AB" ID="I25fa7a10bc0811e48fb2a4472c513031">NASDAQ</cite.query> OMX Armenia (former <cite.query w-seq-number="00004" w-ref-type="CO" w-normalized-cite="IFC75AA8441EC11DDAD6B0014224D2780" ID="I25fa7a11bc0811e48fb2a4472c513031">Armenian Stock Exchange</cite.query>, Armex), was established in 2001 as a voluntary merger of 21 broker (dealer) companies. <eos/><bos/>In November 2007 the stock exchange was reorganized into <cite.query w-seq-number="00005" w-ref-type="NM" w-normalized-cite="canonical_name::OJSC" ID="I25fa7a12bc0811e48fb2a4472c513031">OJSC</cite.query>. <eos/><bos/><cite.query w-seq-number="00006" w-ref-type="MM" w-normalized-cite="canonical_name::OMX" ID="I25fa7a13bc0811e48fb2a4472c513031">OMX</cite.query> (current <cite.query w-seq-number="00007" w-ref-type="CO" w-normalized-cite="IB3F93E8029C011DF9BD7C7F341E042AB" ID="I25fa7a14bc0811e48fb2a4472c513031">NASDAQ</cite.query> OMX) is a holder of 100% stock of <cite.query w-seq-number="00008" w-ref-type="CO" w-normalized-cite="IB3F93E8029C011DF9BD7C7F341E042AB" ID="I25fa7a15bc0811e48fb2a4472c513031">NASDAQ</cite.query> OMX Armenia. <eos/><bos/>The stock exchange obtained 100% stock of Armenia&apos;s Central Depository. <eos/><bos/><cite.query w-seq-number="00009" w-ref-type="CO" w-normalized-cite="IB3F93E8029C011DF9BD7C7F341E042AB" ID="I25fa7a16bc0811e48fb2a4472c513031">NASDAQ</cite.query> OMX Armenia received a trade license from <cite.query w-seq-number="00010" w-ref-type="CO" w-normalized-cite="I68D1FDE542B111DD961A0014224D2780" ID="I25fa7a17bc0811e48fb2a4472c513031">CBA</cite.query> on November 7, 2005. <eos/><bos/>The trades on the stock exchange were officially launched on 15 November 2005. <eos/><bos/>N.V. -0--<eos/><eop/></p></text></content><indexing iso-language="en" value-add="machine-generated"><classification-terms><pres-location-block><bop/><bos/><pres-location-wrap><pres-location>Armenia</pres-location><pres-location-code>ISOAM</pres-location-code><alt1-location-code>1AR09</alt1-location-code></pres-location-wrap><pres-location-wrap><pres-location>CIS Countries</pres-location><pres-location-code>CISSTAT</pres-location-code><alt1-location-code>1CI64</alt1-location-code></pres-location-wrap><pres-location-wrap><pres-location>Eastern Europe</pres-location><pres-location-code>GEOEEUR</pres-location-code><alt1-location-code>1EA48</alt1-location-code></pres-location-wrap><pres-location-wrap><pres-location>Europe</pres-location><pres-location-code>GEOEUR</pres-location-code><alt1-location-code>1EU83</alt1-location-code></pres-location-wrap><eos/><eop/></pres-location-block></classification-terms><classification-terms><pres-subject-block><bop/><bos/><pres-subject-wrap><pres-subject>CIS</pres-subject><pres-subject-code>GEOCIS</pres-subject-code><alt1-subject-code>1CI65</alt1-subject-code></pres-subject-wrap><pres-subject-wrap><pres-subject>Economics &amp; Trade</pres-subject><pres-subject-code>TRADE</pres-subject-code><alt1-subject-code>1EC26</alt1-subject-code></pres-subject-wrap><pres-subject-wrap><pres-subject>Financial Markets</pres-subject><pres-subject-code>BOURSE</pres-subject-code><alt1-subject-code>1FI87</alt1-subject-code></pres-subject-wrap><pres-subject-wrap><pres-subject>World Organizations</pres-subject><pres-subject-code>GEOORGS</pres-subject-code><alt1-subject-code>1IN77</alt1-subject-code></pres-subject-wrap><eos/><eop/></pres-subject-block><pres-industry-block><bop/><bos/><pres-industry-wrap><pres-industry>Financial Services</pres-industry><pres-industry-code>FINSVC</pres-industry-code><alt1-industry-code>1FI37</alt1-industry-code></pres-industry-wrap><pres-industry-wrap><pres-industry>U.S. Securities &amp; Exchange Commission</pres-industry><pres-industry-code>SECNEWS</pres-industry-code><alt1-industry-code>1US50</alt1-industry-code></pres-industry-wrap><eos/><eop/></pres-industry-block></classification-terms><classification-terms><rcs-block><rcs>E:6</rcs><rcs>G:B</rcs><rcs>E:5</rcs><rcs>G:A</rcs><rcs>G:B2</rcs><rcs>B:125</rcs><rcs>G:AJ</rcs><rcs>G:Y</rcs><rcs>G:7I</rcs></rcs-block></classification-terms><extraction-terms><extr-company-block><bop/><bos/><norm-company oa-id="8589934167">NASDAQ OMX GROUP INC (THE)</norm-company><norm-company-wrap><norm-company-name>NASDAQ OMX GROUP INC (THE)</norm-company-name><company-ids><oa-id>8589934167</oa-id><ric norm="NDAQ.OQ">NDAQ.OQ</ric></company-ids><company-classification><trbc-wrap><trbc type="RCS">B:1648</trbc><trbc type="2012">5510205010</trbc><trbc type="perm-id">4294951353</trbc></trbc-wrap></company-classification><relevancy engine="1C">0.2</relevancy><confidence engine="1C">0.95</confidence></norm-company-wrap><eos/><eop/></extr-company-block></extraction-terms><extraction-terms><extr-person-block><bop/><bos/><extr-person>Konstantin Saroyan</extr-person><extr-person-wrap><extr-person-name>Konstantin Saroyan</extr-person-name><relevancy engine="1C">0.2</relevancy></extr-person-wrap><eos/><eop/></extr-person-block></extraction-terms></indexing></document></n-docbody>
</n-document>
<n-document guid="I7537c9d0bb6c11e4b82f8afde57752dc"><n-metadata><metadata.block><md.identifiers><md.cites><md.parallelcite><md.parallelcite.info><md.display.parallelcite type="WLNR">2015 WLNR 5468975</md.display.parallelcite></md.parallelcite.info></md.parallelcite><md.first.line.cite>2/23/15 BANKSVCS (No Page)</md.first.line.cite><md.second.line.cite>2/23/15 ARKA Banking Services Bull. (Pg. Unavail. Online)</md.second.line.cite></md.cites><md.uuid>I7537c9d0bb6c11e4b82f8afde57752dc</md.uuid></md.identifiers><md.infotype>news</md.infotype><md.sortkeys><md.ordersequence>f469da56c</md.ordersequence></md.sortkeys><md.descriptions><md.title>PRESS-CLIPPING</md.title><md.westlawdescrip><md.readlist>READLIST</md.readlist></md.westlawdescrip></md.descriptions><md.dates><md.publisheddatetime>20150223092829</md.publisheddatetime><md.loaddate>20150223</md.loaddate><md.createddatetime>20150223092829</md.createddatetime></md.dates><md.subjects><md.subject><md.pubtype.name/><md.doctype.name>DNR</md.doctype.name><md.doctype.rank/><md.view>CNAM</md.view><md.view>RGEurope</md.view><md.view>PTMagazines</md.view><md.view>ARKANEWS0064119</md.view><md.view>ININTNEWS_AC</md.view><md.view>INFINNEWS</md.view><md.view>INALLNEWS_ACTEST</md.view><md.view>INFARNEWS_AC</md.view><md.view>ANZ_INTLBTI</md.view><md.view>INALLNEWS_AC</md.view><md.view>CLEAR_RF</md.view><md.view>INBUSNEWS</md.view><md.view>INBANKNEWS_AC</md.view><md.view>INBUSNEWS_AC</md.view></md.subject></md.subjects><md.jurisdictions><md.jurisdiction><md.jurisstate>FE</md.jurisstate></md.jurisdiction></md.jurisdictions><md.publications><md.publication/><md.sourcepubid>ARKANEWS</md.sourcepubid></md.publications><md.royalty><md.royalty.code>77232</md.royalty.code></md.royalty></metadata.block><news.metadata.block><md.text.preview>The monitoring of Armenian media reports regarding the activities of local banks from February 16 to 20 shows that the then breaking news was that Ameriabank&apos;s profit in 2014 increased by almost 18% to 7.1 billion drams.Ameriabank CEO Artak</md.text.preview></news.metadata.block><newsplus.recommendable/><n-view>CNAM</n-view><n-view>RGEurope</n-view><n-view>PTMagazines</n-view><n-view>ARKANEWS0064119</n-view><n-view>ININTNEWS_AC</n-view><n-view>INFINNEWS</n-view><n-view>INALLNEWS_ACTEST</n-view><n-view>INFARNEWS_AC</n-view><n-view>ANZ_INTLBTI</n-view><n-view>INALLNEWS_AC</n-view><n-view>CLEAR_RF</n-view><n-view>INBUSNEWS</n-view><n-view>INBANKNEWS_AC</n-view><n-view>INBUSNEWS_AC</n-view><prism-stylesheet guid="Ia3024d301b6a11d89fc5f34981d3242f"/><prism-clipdate>20150223092829</prism-clipdate></n-metadata>
<n-docbody><document version="1" collection="D-ARKANEWS-T001" first-load-date="20150223092829" ip-product="ARKANEWS" royalty-id="77232" data-model="text" dtd-version="5.2.29" content-type="news" load-language="en"><supplier-info><supplier-num nitf="doc-id" nitf-regsrc="ARKA Banking Services Bulletin" type="accession">d7cb00f4a8f5518a</supplier-num><internal-acc-num db-id="NEPRARKA" type="newz">20150223170.4_Vd7cb00f4a8f5518a</internal-acc-num><rec-status><last-load-date>20150223092829</last-load-date><nitf-date ne="datereceived">20150223T14:58:42Z</nitf-date><nitf-date nitf="date-issue">20150223T00:00:00Z</nitf-date><last-provider-update>20150223145842</last-provider-update></rec-status><supplier-copyright>Copyright Â© 2015 ARKA<copyright-year/><copyright-holder>ARKA</copyright-holder></supplier-copyright><supplier-note nitf="urgency" nitf-ed-urg="4"/><supplier-dtds><dtd dtd-version="working" dtd-date="20150210T00:00:00Z">Canonical Taxonomy</dtd><dtd dtd-version="20150203" dtd-date="20150210T00:00:00Z">Mapping File</dtd></supplier-dtds><copyright-block type="dialog"><service-copyright n-include_guid="Ice671660f30811d88920000083149a14" n-include_collection="D-DIALOGCOPYRIGHTS-T001"/></copyright-block><copyright-block type="west"><service-copyright n-include_guid="I1DA35ED81DD211B281BAD200220BDFCA" n-include_collection="w_wlnv_msg"/></copyright-block><west-citation-block><bop/><first-line-cite><bos/>2/23/15 BANKSVCS (No Page)<eos/></first-line-cite><second-line-cite><bos/>2/23/15 ARKA Banking Services Bull. (Pg. Unavail. Online)<eos/></second-line-cite><westlawcite><bos/>2015 WLNR 5468975<eos/></westlawcite><eop/></west-citation-block></supplier-info><title-info iso-language="en"><bop/><title type="headline" nitf-hedline="hl1" key="key-title"><bos/><sort-title>PRESS-CLIPPING</sort-title><eos/></title><eop/></title-info><pub-info><journal key="key-journal"><bop/><bos/><sort-journal>ARKA Banking Services Bulletin</sort-journal><eos/><eop/></journal><pub-date key="key-date" iso-time="T00:00:00Z" type="date.publication"><full-pub-date>February 23, 2015</full-pub-date><sort-pub-date>20150223</sort-pub-date><sort-pub-timestamp>20150223000000</sort-pub-timestamp><rank-date>20150223</rank-date><currency-timestamp>20150223000000</currency-timestamp></pub-date><original-pub><language iso-language="en">English</language></original-pub><src-data><src-journal-code>ANPY</src-journal-code><src-pub-code>0064119</src-pub-code><src-pub-type>Newsletter</src-pub-type><src-pub-country-wrap><src-pub-country-code>AM</src-pub-country-code><src-pub-country>Armenia</src-pub-country></src-pub-country-wrap><src-pub-region>Europe</src-pub-region></src-data></pub-info><content iso-language="en"><total-char-count>15739</total-char-count><derived-word-count><bop/><bos/>Word Count: 2410<eos/><eop/></derived-word-count><text type="lead-para"><p nitf="lede"><bop/><bos/>The monitoring of Armenian media reports regarding the activities of local banks from February 16 to 20 shows that the then breaking news was that <cite.query w-seq-number="00001" w-ref-type="CO" w-normalized-cite="IC0E94EA04D4211DF8364B0DA947806B1" ID="If7cdabe0bb7011e4b2d0aafa9cb79c17">Ameriabank</cite.query>&apos;s profit in 2014 increased by almost 18% to 7.1 billion drams.<eos/><eop/></p><p nitf="lede"><bop/><bos/>Ameriabank CEO Artak Hanesyan said optimal number of banks serving the Armenian economy should not exceed 12.<eos/><eop/></p></text><text type="body"><p><bop/><bos/>Ameriabank Development Director Tigran Jrbashyan was quoted in media reports as saying that Armenian banks may face difficulties in attracting additional capital.<eos/><eop/></p><p><bop/><bos/>It has also become known from media reports that Armenia&apos;s ACBA-CREDIT AGRICOLE BANK and Nature and Biodiversity Conservation Union (NABU), one of the oldest and largest environment associations in Germany, have signed an agreement to join efforts for protection of Armenia&apos;s environment and create favorable conditions for the development of ecotourism.<eos/><eop/></p><p><bop/><bos/>The staff of Areximbank-<cite.query w-seq-number="00002" w-ref-type="NM" w-normalized-cite="canonical_name::GAZPROMBANK GROUP" ID="If7d8a860bb7011e4b2d0aafa9cb79c17">Gazprombank Group</cite.query> has raised money for multiple-kid families.<eos/><eop/></p><p><bop/><bos/>Armenia-based <cite.query w-seq-number="00003" w-ref-type="CO" w-normalized-cite="IAB5AD290E2CE11DE916D8A11856AA63E" ID="If7eb9420bb7011e4b2d0aafa9cb79c17">Anelik Bank</cite.query> held a special ceremony today to award winners of a completion it had announced earlier for customers using money transfer systems.<eos/><eop/></p><p><bop/><bos/>VTB Bank (Armenia) has announced a special offer designed for its individual customers wishing to use its Internet banking service.<eos/><eop/></p><p><bop/><bos/>The media reports released by newspapers and Internet resources over the period between February 2 and 6 contained information about five commercial banks.<eos/><eop/></p><p><bop/><bos/>Azg, Golos Armenii, Novoe <cite.query w-seq-number="00004" w-ref-type="NM" w-normalized-cite="canonical_name::VREMYA" ID="If7f5cd50bb7011e4b2d0aafa9cb79c17">Vremya</cite.query>, Aravot, Delovoy Express, Hayastani Hanrapetutyun, Respublika Armenia, Haykakan Zhamanak, Hayots Ashkhar, Iravunk, Orakarg, Yerkir, Hraparak, Chorrord Ishkhanutyun, Zhamanak, Zhoghovurd and 168 Zham newspapers were used to collect the information.<eos/><eop/></p><p><bop/><bos/>Panarmenian, ARKA, Armbanks, Banks, Arminfo, Finport and Panorama and <cite.query w-seq-number="00005" w-ref-type="MM" w-normalized-cite="canonical_name::EBANK" ID="If7fc0ee0bb7011e4b2d0aafa9cb79c17">Ebank</cite.query> Internet resources were used as well. ---0---<eos/><eop/></p><section-title>AMERIABANK&apos;S PROFIT INCREASE BY ALMOST 18% IN 2014 TO 7.1 BILLION DRAMS</section-title><p><bop/><bos/><cite.query w-seq-number="00006" w-ref-type="CO" w-normalized-cite="IC0E94EA04D4211DF8364B0DA947806B1" ID="If800f0e0bb7011e4b2d0aafa9cb79c17">Ameriabank</cite.query>&apos;s profit in 2014 increased by almost 18% to 7.1 billion drams, according to the bank&apos;s chief financial officer Gevorg Tarumyan.<eos/><eop/></p><p><bop/><bos/>Speaking at a news conference today he said Ameriabank&apos;s profit came against the backdrop of a downturn trend in the market with the banking sector seeing its profit decrease by 41% in 2014.<eos/><eop/></p><p><bop/><bos/>&quot;The past year was dynamic enough; the bank was able to demonstrate strong performance throughout the year and become the leading bank by all indicators,&apos; said Tarumyan.<eos/><eop/></p><p><bop/><bos/>He said the bank&apos;s assets increased by almost 27% to about 400 billion drams, while the growth rate for the banking sector was 16%. <eos/><bos/>According to him, the liabilities increased by more than 29% to 357.4 billion drams, while the figure for the banking sector was 18%.<eos/><eop/></p><p><bop/><bos/>He said also customer funds grew by 23% to 209 billion drams, while the figure for the sector was only 4.8%. <eos/><bos/>Also the number of individual customers increased by 23% and the number of corporate customers by 17%.<eos/><eop/></p><p><bop/><bos/>The amount of individual deposits rose by 27% to 86 billion drams, while current accounts grew by almost 17%. &quot;<eos/><bos/>These figures show that Ameriabank is a reliable bank, which people choose to place their deposits in although the interest rates are not high,&apos; said Tarumyan.<eos/><eop/></p><p><bop/><bos/>He also said the bank&apos;s credit portfolio rose by 63% to 286 billion drams, while the figure for the sector was only 21%. <eos/><bos/>According to him, the growth was due to a 73% rise in lending to small and medium-sized businesses, which is the bank target segment; consumer loans grew by 2.6 times and mortgage lending by 67%.<eos/><eop/></p><p><bop/><bos/>Sources: www.arka.am 17.02.2015, www.banks.am 17.02.2015, www.arminfo.am 17.02.2015, www.panarmenian.net 17.02.2015, www.panorama.am 17.02.2015<eos/><eop/></p><section-title>ACBA-CREDIT AGRICOLE BANK AND GERMANY&apos;S NABU TO SUPPORT DEVELOPMENT OF ECOTOURISM IN ARMENIA</section-title><p><bop/><bos/>Armenia&apos;s ACBA-CREDIT AGRICOLE BANK and Nature and Biodiversity Conservation Union (NABU), one of the oldest and largest environment associations in Germany, have signed an agreement to join efforts for protection of Armenia&apos;s environment and create favorable conditions for the development of ecotourism, the <cite.query w-seq-number="00007" w-ref-type="CO" w-normalized-cite="I4001E103747A11DD8AA8C467EE637EE9" ID="If80fbdf0bb7011e4b2d0aafa9cb79c17">Bank</cite.query> said in a press release.<eos/><eop/></p><p><bop/><bos/>It said cooperation framework includes organization and implementation of measures to improve environmental education, assisting eco-products producing SMEs in certification of their goods and support to farms and ecotourism.<eos/><eop/></p><p><bop/><bos/>Sources: www.armbanks.am 20.02.2015, www.arka.am 20.02.2015, www.banks.am 20.02.2015, www.finport.am 20.02.2015, www.panorama.am 20.02.2015<eos/><eop/></p><section-title>AREXIMBANK-GAZPROMBANK GROUP MAKES DONATIONS TO MULTI-CHILD FAMILIES</section-title><p><bop/><bos/>The staff of Areximbank-<cite.query w-seq-number="00008" w-ref-type="NM" w-normalized-cite="canonical_name::GAZPROMBANK GROUP" ID="If81b56b0bb7011e4b2d0aafa9cb79c17">Gazprombank Group</cite.query> has collected donations for multiple-kid families, the bank&apos;s press office reported.<eos/><eop/></p><p><bop/><bos/>The report says Areximbank-<cite.query w-seq-number="00009" w-ref-type="NM" w-normalized-cite="canonical_name::GAZPROMBANK GROUP" ID="If823e230bb7011e4b2d0aafa9cb79c17">Gazprombank Group</cite.query> and Armenia Tourism magazine continue their charities and will hand over the donations to the committee of multi-children families this time.<eos/><eop/></p><p><bop/><bos/>Advisor to general director of the bank Yelena Markova said the bank has been focused on the needs of poor families in its social programs since long ago.<eos/><eop/></p><p><bop/><bos/>She said this time they collected warm clothes, shoes, toys and children&apos;s books and textbooks in Armenian, Russian and English. <eos/><bos/>She also urged other Armenian business to join their charities.<eos/><eop/></p><p><bop/><bos/>Sources: www.armbanks.am 19.02.2015, www.banks.am 19.02.2015, www.finport.am 19.02.2015, www.arminfo.am 19.02.2015<eos/><eop/></p><section-title>ANELIK BANK&apos;S CALENDAR THE BEST IN THE BANKS&apos; COMPETITION</section-title><p><bop/><bos/>The 2015 calendar prepared by <cite.query w-seq-number="00010" w-ref-type="CO" w-normalized-cite="IAB5AD290E2CE11DE916D8A11856AA63E" ID="If82e9090bb7011e4b2d0aafa9cb79c17">Anelik Bank</cite.query> was acknowledged to be the best at a competition held by the trade union of banks and credit organizations, the press office of the bank reported.<eos/><eop/></p><p><bop/><bos/>Some fourteen banks and one credit organization participated in the contest.<eos/><eop/></p><p><bop/><bos/>The diploma was handed to the winner on February 19 at an official awarding ceremony in the <cite.query w-seq-number="00011" w-ref-type="CO" w-normalized-cite="I706C7C4142B311DDA5520014224D2780" ID="If834d220bb7011e4b2d0aafa9cb79c17">Central Bank of Armenia</cite.query>.<eos/><eop/></p><p><bop/><bos/>The head of PR at the bank <cite.query w-seq-number="00012" w-ref-type="NM" w-normalized-cite="canonical_name::ASTGHIK MARTIROSYAN" ID="If83e20f0bb7011e4b2d0aafa9cb79c17">Astghik Martirosyan</cite.query> said their marketing team had thoroughly worked over the calendar to summarize the history of money which was selected as a topic.<eos/><eop/></p><p><bop/><bos/>Source: www.armbanks.am 20.02.2015<eos/><eop/></p><section-title>ANELIK BANK AWARDS WINNERS OF MONEY TRANSFER COMPETITION</section-title><p><bop/><bos/>Armenia-based <cite.query w-seq-number="00013" w-ref-type="CO" w-normalized-cite="IAB5AD290E2CE11DE916D8A11856AA63E" ID="If8488130bb7011e4b2d0aafa9cb79c17">Anelik Bank</cite.query> held a special ceremony today to award winners of a completion it had announced earlier for customers using money transfer systems. <eos/><bos/>The competition was designed for all those customers, who would send or receive money transfers from November 1 to December 30, 2014 regardless of the amounts and frequency of remittances. <eos/><bos/>The drawing of prizes was held on January 23.<eos/><eop/></p><p><bop/><bos/>Deputy CEO of the bank, Hayk Mkrtchyan, handed the prizes - tablets, smartphones and certificates for free subscription to Internet services for a period of three months.<eos/><eop/></p><p><bop/><bos/>A press officer for the bank, Astghik Martirosyan, called on winners who were not present at the award ceremony, to look for their names on the list of awardees on the website of the bank or on its page in <cite.query w-seq-number="00014" w-ref-type="CO" w-normalized-cite="IE9D0907041EC11DDAD6B0014224D2780" ID="If851a8f0bb7011e4b2d0aafa9cb79c17">Facebook</cite.query> and visit the bank to get their gifts.<eos/><eop/></p><p><bop/><bos/>She was quoted as saying in a press release that the bank will continue to organize similar competitions, special offers and promotions especially in 2015 which marks the 25th anniversary of <cite.query w-seq-number="00015" w-ref-type="CO" w-normalized-cite="IAB5AD290E2CE11DE916D8A11856AA63E" ID="If85c0930bb7011e4b2d0aafa9cb79c17">Anelik Bank</cite.query>.<eos/><eop/></p><p><bop/><bos/>Sources: www.armbanks.am 19.02.2015, www.banks.am 19.02.2015<eos/><eop/></p><section-title>VTB BANK (ARMENIA) ANNOUNCES SPECIAL INTERNET BANKING OFFER FOR ITS INDIVIDUAL CUSTOMERS</section-title><p><bop/><bos/>VTB Bank (Armenia) has announced a special offer designed for its individual customers wishing to use its Internet banking service. <eos/><bos/>The special offer will be effective from February 16 to June 16. <eos/><bos/>The offer applies also to those who will become a client of the bank during this promotional period.<eos/><eop/></p><p><bop/><bos/>&quot;All customers of the bank who will subscribe to Internet banking service during this period will be given free three-month Internet banking,&apos; the bank said in a press release.<eos/><eop/></p><p><bop/><bos/>Internet banking services launched by <cite.query w-seq-number="00016" w-ref-type="CO" w-normalized-cite="IB9397CB0D0D811DF98F8FD3889AD24A2" ID="If868b360bb7011e4b2d0aafa9cb79c17">VTB Bank</cite.query> (Armenia) in 2013 is an easy and convenient way for the customers to remotely manage their accounts at the bank. <eos/><bos/>This service enables customers to track also the status of their accounts, make money transfers and payments, to convert instantly a foreign currency to pay Internet, mobile communications, utilities bills, repay loans and so on. <eos/><bos/>The service allows making speedy and absolutely reliable payments and transactions at any time and any day from home or from anywhere in the world.<eos/><eop/></p><p><bop/><bos/>Sources: www.armbanks.am 20.02.2015, www.banks.am 20.02.2015<eos/><eop/></p><section-title>ARMENIAN BANKS MAY FACE DIFFICULTIES IN ATTRACTING ADDITIONAL CAPITAL, AMERIABANK DEVELOPMENT DIRECTOR SAYS</section-title><p><bop/><bos/>Armenian banks may face difficulties in attracting additional capital, Ameriabank Development Director Tigran Jrbashyan said.<eos/><eop/></p><p><bop/><bos/>Speaking at a news conference he said Armenian banking sector&apos;s index of return on capital is 2-3 times lower than in other former Soviet republics, &apos;which means that Armenian banks will face difficulties in raising additional capital, as the risks in the region are identical, while the return is lower.&quot;<eos/><eop/></p><p><bop/><bos/>He said in the last three years Armenian banking system developed extensively, while increasing lending was accompanied by a reduction of returns.<eos/><eop/></p><p><bop/><bos/>&apos;In particular, if the pace of development of the banking system over the past three years was higher than the GDP growth rate - thus the ratio of loans to GDP rose from 40% in 2012 to 47.7% in 2014 to become comparable with Russia&apos;s index, but compared with other countries it still remains at a low level,&apos; he said..<eos/><eop/></p><p><bop/><bos/>According to him, the situation is the same with respect to assets and deposits. <eos/><bos/>Thus, the ratio of assets to GDP at the end of 2014 was 75.8%, while the ratio of deposits to GDP was 37.8%, which were higher than in neighboring Georgia, where assets to GDP ratio was 70.1% and the ratio of deposits to GDP was 31.4% , but the figure for Armenia was lower than in Russia or Bulgaria.<eos/><eop/></p><p><bop/><bos/>&quot;Under circumstances of high competition, such indicators were achieved at the expense of profitability. <eos/><bos/>In terms of ROA ratio (return on assets) Armenia is ahead of <cite.query w-seq-number="00017" w-ref-type="MM" w-normalized-cite="canonical_name::EASTERN" ID="If87fbdd0bb7011e4b2d0aafa9cb79c17">Eastern</cite.query> and Central Europe countries, where <cite.query w-seq-number="00018" w-ref-type="NM" w-normalized-cite="canonical_name::ROA" ID="If87fbdd1bb7011e4b2d0aafa9cb79c17">ROA</cite.query> is fairly low, but Armenia&apos;s figure is smaller than in other former Soviet republics, which suggests that our assets are used by the banks less effectively,&quot; said Jrbashyan.<eos/><eop/></p><p><bop/><bos/>Sources: www.armbanks.am 17.02.2015, www.arminfo.am 17.02.2015<eos/><eop/></p><section-title>INTEREST RATES ON LOANS IN FOREIGN CURRENCIES ARE LIKELY TO RISE SLIGHTLY SOON - HANESYAN</section-title><p><bop/><bos/>Interest rates on loans in foreign currencies are likely to rise slightly soon, Ameriabank CEO Artak Hanesyan said last week.<eos/><eop/></p><p><bop/><bos/>In his words the increase of obligatory reservation requirement by the central bank has driven interest on dram deposits up.<eos/><eop/></p><p><bop/><bos/>In his words, environment for attraction of dram deposits and reduction of dollarization is favorable now at Armenia&apos;s banking market, and taking this into account, the banks should raise interests on lending in foreign currencies to retain at least minimum effectiveness. &quot;<eos/><bos/>It means interest rates on loans in foreign currencies will slightly rise now or s little later,&quot; Hanesyan said.<eos/><eop/></p><p><bop/><bos/>Sources: www.armbanks.am 17.02.2015, www.arminfo.am 17.02.2015<eos/><eop/></p><section-title>SOME 10-12 BANKS SUFFICIENT FOR ARMENIAN ECONOMY - OPINION</section-title><p><bop/><bos/>Optimal number of banks serving the Armenian economy should not exceed 10-12, chairman of board and general director of <cite.query w-seq-number="00019" w-ref-type="NM" w-normalized-cite="canonical_name::AMERIABANK ARTAK HANESYAN" ID="If88c19e0bb7011e4b2d0aafa9cb79c17">Ameriabank Artak Hanesyan</cite.query> said.<eos/><eop/></p><p><bop/><bos/>At its council meeting on December 30, 2014, the central bank decided to raise the minimum capital requirement for commercial banks from 5 billion drams up o30 billion drams.<eos/><eop/></p><p><bop/><bos/>This decision will help not only increase capital, but also enhance the stability of the banking system and ensure its further development, as the capital adequacy norm is closer to central bank&apos;s norm now, and the system cannot go on developing in tune with the economy, Hanesyan said.<eos/><eop/></p><p><bop/><bos/>Head of development at Ameriabank Tigran Jrbashyan, in his turn, said the bank consolidation process is underway, with low motivation level in credit organizations though.<eos/><eop/></p><p><bop/><bos/>According to Jrbashyan, the next two years will be a period of market consolidation - mergers, acquisitions, new actors with new statuses and possibilities.<eos/><eop/></p><p><bop/><bos/>Consolidation is not an end in itself, but a tool to raise efficiency, Jrbashyan said.<eos/><eop/></p><p><bop/><bos/>Low funding levels will be recorded in the market in the near future as it is the time to get prepared, to recover and consolidate now, he said.<eos/><eop/></p><p><bop/><bos/>Sources: www.armbanks.am 17.02.2015, www.arminfo.am 17.02.2015<eos/><eop/></p><section-title>ARMENIA&apos;S BANKING SYSTEM SHOWED GOOD GROWTH RATE IN 2014, AMERIABANK CEO SAYS</section-title><p><bop/><bos/>Armenia&apos;s banking system showed a good growth rate in 2014, Ameriabank CEO Artak Hanesyan said.<eos/><eop/></p><p><bop/><bos/>Speaking at a news conference he said the banking system&apos;s assets increased by 16%, while their total capital saw a 4% rise. <eos/><bos/>Also the banks&apos; credit investments surged by 21%, &quot;which is a good indicator of growth, taking into account the fact that 2014 was quite difficult in terms of lending due to a significant deterioration in asset quality.&quot;<eos/><eop/></p><p><bop/><bos/>Hanesyan noted also that due to intense competition in 2014 a reduction in interest rates on deposits as well as on lending was recorded.<eos/><eop/></p><p><bop/><bos/>He also said loans to legal entities increased by 23%, while time deposits increased by 9.8%. <eos/><bos/>Lending to individuals grew by s 21%.<eos/><eop/></p><p><bop/><bos/>Sources: www.arka.am 17.02.2015, www.banks.am 17.02.2015<eos/><eop/></p><section-title>RANKING OF ARMENIAN BANKS BY SIZE OF CAPITAL IN 2014</section-title><p><bop/><bos/><cite.query w-seq-number="00020" w-ref-type="NM" w-normalized-cite="canonical_name::ARKA" ID="If89eb780bb7011e4b2d0aafa9cb79c17">ARKA</cite.query> news agency has released a fresh ranking of 21 commercial banks operating in Armenia by size of their capital as of late 2014.<eos/><eop/></p><p><bop/><bos/>The ranking is interesting in the context of a latest decision of the <cite.query w-seq-number="00021" w-ref-type="CO" w-normalized-cite="I706C7C4142B311DDA5520014224D2780" ID="If8a28810bb7011e4b2d0aafa9cb79c17">Central Bank of Armenia</cite.query> to raise the minimum amount of commercial banks&apos; total capital to 30 billion drams from the current 5 billion drams from January 1, 2017.<eos/><eop/></p><p><bop/><bos/>According to 2014 data, the total capital of only five Armenian banks met and even exceeded the new requirement, while four banks&apos; capital was below 10 billion drams. <eos/><bos/>Another 12 banks&apos; capital ranged from 10 to 30 billion drams. <eos/><bos/>It turns out that 16 banks have two years ahead to meet the new requirement.<eos/><eop/></p><p><bop/><bos/>According to <cite.query w-seq-number="00022" w-ref-type="NM" w-normalized-cite="canonical_name::ARKA" ID="If8aa5040bb7011e4b2d0aafa9cb79c17">ARKA</cite.query>&apos;s ranking, the aggregate capital of all 21 Armenia-based commercial banks stood at about 488.7 billion drams, having increased by 4.17 percent from the previous year.<eos/><eop/></p><p><bop/><bos/>The largest five banks in terms of capital were ACBA-CREDIT AGRICOLE BANK, Ardshinbank, <cite.query w-seq-number="00023" w-ref-type="MM" w-normalized-cite="canonical_name::HSBC BANK" ID="If8c419d0bb7011e4b2d0aafa9cb79c17">HSBC Bank</cite.query> Armenia, <cite.query w-seq-number="00024" w-ref-type="CO" w-normalized-cite="IB9397CB0D0D811DF98F8FD3889AD24A2" ID="If8c419d1bb7011e4b2d0aafa9cb79c17">VTB Bank</cite.query> (Armenia) and Ameriabank, which had a total of 230.8 billion drams of capital (47.2 percent of the total).<eos/><eop/></p><p><bop/><bos/>ACBA-<cite.query w-seq-number="00025" w-ref-type="NM" w-normalized-cite="canonical_name::CREDIT AGRICOLE BANK" ID="If8cdddd0bb7011e4b2d0aafa9cb79c17">CREDIT AGRICOLE BANK</cite.query>&apos;s capital stood at 49.4 billion drams. <eos/><bos/>Its share in the aggregate capital was 10.1 percent, although its capital slashed by 8.82 percent from 2013. <eos/><bos/>It was followed by Ardshinbank with 47.4 billion drams (an increase of 7.43 percent since the beginning of the year).<eos/><bos/> It accounted for 9.7 percent of the total.<eos/><eop/></p><p><bop/><bos/><cite.query w-seq-number="00026" w-ref-type="CO" w-normalized-cite="I58479C307B3711DF84C49AAC7EA8C725" ID="If9b7a190bb7011e4b2d0aafa9cb79c17">HSBC Bank Armenia</cite.query> with a capital of about 47 billion drams (an increase of 13.76 percent) was third. <eos/><bos/>Its share of the total capital was 9.6 percent.<eos/><eop/></p><p><bop/><bos/>The fourth position in the ranking was held by <cite.query w-seq-number="00027" w-ref-type="CO" w-normalized-cite="IB9397CB0D0D811DF98F8FD3889AD24A2" ID="If9c00600bb7011e4b2d0aafa9cb79c17">VTB Bank</cite.query> (Armenia) with a capital of about 44.8 billion drams (a growth of 20.2 percent).<eos/><bos/> It accounted for of 9.2 percent of the total.<eos/><eop/></p><p><bop/><bos/>The fifth bank by size of capital was Ameriabank with 42.3 billion drams (up 9.43 percent).<eos/><bos/> Its share of the total was 8.7 percent.<eos/><eop/></p><p><bop/><bos/>Source: www.armbanks.am 16.02.2015<eos/><eop/></p><section-title>AGGREGATE DEPOSITS IN ARMENIA&apos;S BANKS GROW 7 PERCENT TO AMD 1 617 7.BILLION IN 2014</section-title><p><bop/><bos/>Aggregate deposits in Armenia&apos;s banks grew 7 percent in 2014 to AMD 1 617 7.billion, according to <cite.query w-seq-number="00028" w-ref-type="NM" w-normalized-cite="canonical_name::ARKA NEWS AGENCY" ID="If9c97be0bb7011e4b2d0aafa9cb79c17">ARKA News Agency</cite.query>&apos;s Financial and Economic Bulletin for the 4th Q 2014.<eos/><eop/></p><p><bop/><bos/>Ameriabank, Ardshinbank, <cite.query w-seq-number="00029" w-ref-type="MM" w-normalized-cite="canonical_name::HSBC BANK" ID="If9e84e80bb7011e4b2d0aafa9cb79c17">HSBC Bank</cite.query> Armenia, <cite.query w-seq-number="00030" w-ref-type="CO" w-normalized-cite="IB9397CB0D0D811DF98F8FD3889AD24A2" ID="If9e84e81bb7011e4b2d0aafa9cb79c17">VTB Bank</cite.query> (Armenia) and Armbusinessbank were singled out in the bulletin for the largest amounts of deposits, which totaled <cite.query w-seq-number="00031" w-ref-type="CO" w-normalized-cite="I27218B6541EC11DDAD6B0014224D2780" ID="If9e84e82bb7011e4b2d0aafa9cb79c17">AMD</cite.query> 847.6 billion and made up 52.3% of the total deposits of the all banks of the country in 2014.<eos/><eop/></p><p><bop/><bos/>Ameriabank&apos;s share here was 12.9% and deposits amounted to about <cite.query w-seq-number="00032" w-ref-type="CO" w-normalized-cite="I27218B6541EC11DDAD6B0014224D2780" ID="If9ec6d30bb7011e4b2d0aafa9cb79c17">AMD</cite.query> 208.7 billion in late 2014 after growing 22.8% over the year.<eos/><eop/></p><p><bop/><bos/>Deposits in Ardshinbank amounted to <cite.query w-seq-number="00033" w-ref-type="CO" w-normalized-cite="I27218B6541EC11DDAD6B0014224D2780" ID="Ifa080b80bb7011e4b2d0aafa9cb79c17">AMD</cite.query> 179.9 billion with 25% growth, in <cite.query w-seq-number="00034" w-ref-type="NM" w-normalized-cite="canonical_name::HSBC BANK ARMENIA AMD" ID="Ifa080b81bb7011e4b2d0aafa9cb79c17">HSBC Bank Armenia AMD</cite.query> 171 billion and 8.22% respectively, in VTB Bank (Armenia) AMD 151 billion and 9.46% growth and <cite.query w-seq-number="00035" w-ref-type="NM" w-normalized-cite="canonical_name::ARMBUSINESSBANK AMD" ID="Ifa080b82bb7011e4b2d0aafa9cb79c17">Armbusinessbank AMD</cite.query> 136.8 billion and 23.51%.<eos/><eop/></p><p><bop/><bos/>Source: www.armbanks.am 18.02.2015<eos/><eop/></p></text></content><indexing iso-language="en" value-add="machine-generated"><classification-terms><pres-location-block><bop/><bos/><pres-location-wrap><pres-location>Armenia</pres-location><pres-location-code>ISOAM</pres-location-code><alt1-location-code>1AR09</alt1-location-code></pres-location-wrap><pres-location-wrap><pres-location>CIS Countries</pres-location><pres-location-code>CISSTAT</pres-location-code><alt1-location-code>1CI64</alt1-location-code></pres-location-wrap><pres-location-wrap><pres-location>Central Europe</pres-location><pres-location-code>GEOCEUR</pres-location-code><alt1-location-code>1CE50</alt1-location-code></pres-location-wrap><pres-location-wrap><pres-location>Eastern Europe</pres-location><pres-location-code>GEOEEUR</pres-location-code><alt1-location-code>1EA48</alt1-location-code></pres-location-wrap><pres-location-wrap><pres-location>Europe</pres-location><pres-location-code>GEOEUR</pres-location-code><alt1-location-code>1EU83</alt1-location-code></pres-location-wrap><pres-location-wrap><pres-location>Eurozone Countries</pres-location><pres-location-code>EUROZONE</pres-location-code><alt1-location-code>1EU86</alt1-location-code></pres-location-wrap><pres-location-wrap><pres-location>Germany</pres-location><pres-location-code>ISODE</pres-location-code><alt1-location-code>1GE16</alt1-location-code></pres-location-wrap><pres-location-wrap><pres-location>Russia</pres-location><pres-location-code>ISORU</pres-location-code><alt1-location-code>1RU33</alt1-location-code></pres-location-wrap><pres-location-wrap><pres-location>Western Europe</pres-location><pres-location-code>GEOWEUR</pres-location-code><alt1-location-code>1WE41</alt1-location-code></pres-location-wrap><eos/><eop/></pres-location-block></classification-terms><classification-terms><pres-subject-block><bop/><bos/><pres-subject-wrap><pres-subject>CIS</pres-subject><pres-subject-code>GEOCIS</pres-subject-code><alt1-subject-code>1CI65</alt1-subject-code></pres-subject-wrap><pres-subject-wrap><pres-subject>Economic Policy &amp; Policymakers</pres-subject><pres-subject-code>ECONRULE</pres-subject-code><alt1-subject-code>1EC69</alt1-subject-code></pres-subject-wrap><pres-subject-wrap><pres-subject>Economics &amp; Trade</pres-subject><pres-subject-code>TRADE</pres-subject-code><alt1-subject-code>1EC26</alt1-subject-code></pres-subject-wrap><pres-subject-wrap><pres-subject>Emerging Market Countries</pres-subject><pres-subject-code>EMERGING</pres-subject-code><alt1-subject-code>1EM65</alt1-subject-code></pres-subject-wrap><pres-subject-wrap><pres-subject>Major Corporations</pres-subject><pres-subject-code>MAJCORP</pres-subject-code><alt1-subject-code>1MA93</alt1-subject-code></pres-subject-wrap><pres-subject-wrap><pres-subject>Monetary Policy</pres-subject><pres-subject-code>PTMONET</pres-subject-code><alt1-subject-code>1MO18</alt1-subject-code></pres-subject-wrap><pres-subject-wrap><pres-subject>World Organizations</pres-subject><pres-subject-code>GEOORGS</pres-subject-code><alt1-subject-code>1IN77</alt1-subject-code></pres-subject-wrap><eos/><eop/></pres-subject-block><pres-industry-block><bop/><bos/><pres-industry-wrap><pres-industry>Banking</pres-industry><pres-industry-code>BANKOVER</pres-industry-code><alt1-industry-code>1BA20</alt1-industry-code></pres-industry-wrap><pres-industry-wrap><pres-industry>Commercial Banking Services</pres-industry><pres-industry-code>BANKCOML</pres-industry-code><alt1-industry-code>1CO19</alt1-industry-code></pres-industry-wrap><pres-industry-wrap><pres-industry>Financial Services</pres-industry><pres-industry-code>FINSVC</pres-industry-code><alt1-industry-code>1FI37</alt1-industry-code></pres-industry-wrap><pres-industry-wrap><pres-industry>Financial Services Regulatory</pres-industry><pres-industry-code>FINREG</pres-industry-code><alt1-industry-code>1FI03</alt1-industry-code></pres-industry-wrap><pres-industry-wrap><pres-industry>Major Central Banks</pres-industry><pres-industry-code>MAJCBANK</pres-industry-code><alt1-industry-code>1MA01</alt1-industry-code></pres-industry-wrap><eos/><eop/></pres-industry-block></classification-terms><classification-terms><rcs-block><rcs>G:B</rcs><rcs>E:5</rcs><rcs>G:A</rcs><rcs>G:B2</rcs><rcs>B:127</rcs><rcs>B:128</rcs><rcs>G:38</rcs><rcs>B:125</rcs><rcs>B:126</rcs><rcs>G:Y</rcs><rcs>E:B</rcs><rcs>M:8</rcs><rcs>G:7I</rcs><rcs>G:3</rcs><rcs>B:131</rcs><rcs>G:3D</rcs><rcs>G:1</rcs><rcs>G:AL</rcs><rcs>G:AJ</rcs></rcs-block></classification-terms><extraction-terms><extr-company-block><bop/><bos/><extr-company>168 Zham</extr-company><extr-company-wrap><extr-company-name>168 Zham</extr-company-name><relevancy engine="1C">0.2</relevancy><confidence engine="1C">0.73</confidence></extr-company-wrap><extr-company>AMERIABANK DEVELOPMENT</extr-company><extr-company-wrap><extr-company-name>AMERIABANK DEVELOPMENT</extr-company-name><relevancy engine="1C">0.8</relevancy><confidence engine="1C">0.93</confidence></extr-company-wrap><extr-company>Armenia Tourism</extr-company><extr-company-wrap><extr-company-name>Armenia Tourism</extr-company-name><relevancy engine="1C">0.2</relevancy><confidence engine="1C">0.84</confidence></extr-company-wrap><extr-company>Astghik Martirosyan</extr-company><extr-company-wrap><extr-company-name>Astghik Martirosyan</extr-company-name><relevancy engine="1C">0.2</relevancy><confidence engine="1C">0.91</confidence></extr-company-wrap><extr-company>NABU</extr-company><extr-company-wrap><extr-company-name>NABU</extr-company-name><relevancy engine="1C">0.2</relevancy><confidence engine="1C">0.85</confidence></extr-company-wrap><norm-company oa-id="5000890309">ARMBUSINESSBANK CLOSED JSK</norm-company><norm-company-wrap><norm-company-name>ARMBUSINESSBANK CLOSED JSK</norm-company-name><company-ids><oa-id>5000890309</oa-id></company-ids><relevancy engine="1C">0.2</relevancy><confidence engine="1C">0.69</confidence></norm-company-wrap><norm-company oa-id="4297575894">ACBA CREDIT AGRICOLE BANK CLOSED JSK</norm-company><norm-company-wrap><norm-company-name>ACBA CREDIT AGRICOLE BANK CLOSED JSK</norm-company-name><company-ids><oa-id>4297575894</oa-id></company-ids><company-classification><trbc-wrap><trbc type="RCS">B:128</trbc><trbc type="2012">55101010</trbc><trbc type="perm-id">4294952873</trbc></trbc-wrap></company-classification><relevancy engine="1C">0.2</relevancy><confidence engine="1C">0.72</confidence></norm-company-wrap><norm-company oa-id="4298487629">OBSHCHESTVO S OGRANICHENNOI OTVETSTVENNOSTIU &quot;ASSOTSIATSIIA REGIONALNYKH KREDITNYKH AGENTSTV&quot;</norm-company><norm-company-wrap><norm-company-name>OBSHCHESTVO S OGRANICHENNOI OTVETSTVENNOSTIU &quot;ASSOTSIATSIIA REGIONALNYKH KREDITNYKH AGENTSTV&quot;</norm-company-name><company-ids><oa-id>4298487629</oa-id></company-ids><relevancy engine="1C">0.2</relevancy><confidence engine="1C">0.73</confidence></norm-company-wrap><norm-company oa-id="5000023584">ANELIK BANK CLOSED JSK</norm-company><norm-company-wrap><norm-company-name>ANELIK BANK CLOSED JSK</norm-company-name><company-ids><oa-id>5000023584</oa-id></company-ids><company-classification><trbc-wrap><trbc type="RCS">B:128</trbc><trbc type="2012">55101010</trbc><trbc type="perm-id">4294952873</trbc></trbc-wrap></company-classification><relevancy engine="1C">0.2</relevancy><confidence engine="1C">0.8</confidence></norm-company-wrap><norm-company oa-id="4297689786">ARDSHINBANK CJSC</norm-company><norm-company-wrap><norm-company-name>ARDSHINBANK CJSC</norm-company-name><company-ids><oa-id>4297689786</oa-id></company-ids><company-classification><trbc-wrap><trbc type="RCS">B:1615</trbc><trbc type="2012">5510101010</trbc><trbc type="perm-id">4294951386</trbc></trbc-wrap></company-classification><relevancy engine="1C">0.2</relevancy><confidence engine="1C">0.81</confidence></norm-company-wrap><norm-company oa-id="5000094276">AREXIMBANK GAZPROMBANK GROUP CJSC</norm-company><norm-company-wrap><norm-company-name>AREXIMBANK GAZPROMBANK GROUP CJSC</norm-company-name><company-ids><oa-id>5000094276</oa-id></company-ids><relevancy engine="1C">0.2</relevancy><confidence engine="1C">0.91</confidence></norm-company-wrap><norm-company oa-id="4297297477">FACEBOOK INC</norm-company><norm-company-wrap><norm-company-name>FACEBOOK INC</norm-company-name><company-ids><oa-id>4297297477</oa-id><ric norm="FB.OQ">FB.OQ</ric></company-ids><company-classification><trbc-wrap><trbc type="RCS">B:1806</trbc><trbc type="2012">5720103012</trbc><trbc type="perm-id">4294951195</trbc></trbc-wrap></company-classification><relevancy engine="1C">0.2</relevancy><confidence engine="1C">0.91</confidence></norm-company-wrap><norm-company oa-id="5000763683">HSBC BANK ARMENIA CJSC</norm-company><norm-company-wrap><norm-company-name>HSBC BANK ARMENIA CJSC</norm-company-name><company-ids><oa-id>5000763683</oa-id></company-ids><relevancy engine="1C">0.2</relevancy><confidence engine="1C">0.85</confidence></norm-company-wrap><norm-company oa-id="4296426475">PANORAMA PETROLEUM INC</norm-company><norm-company-wrap><norm-company-name>PANORAMA PETROLEUM INC</norm-company-name><company-ids><oa-id>4296426475</oa-id><ric norm="PPA.V">PPA.V</ric></company-ids><company-classification><trbc-wrap><trbc type="RCS">B:1004</trbc><trbc type="2012">5010202010</trbc><trbc type="perm-id">4294951997</trbc></trbc-wrap></company-classification><relevancy engine="1C">0.2</relevancy><confidence engine="1C">0.74</confidence></norm-company-wrap><norm-company oa-id="4295887248">VTB BANK (OPEN JOINT STOCK COMPANY)</norm-company><norm-company-wrap><norm-company-name>VTB BANK (OPEN JOINT STOCK COMPANY)</norm-company-name><company-ids><oa-id>4295887248</oa-id><ric norm="VTBR.MM">VTBR.MM</ric></company-ids><company-classification><trbc-wrap><trbc type="RCS">B:1615</trbc><trbc type="2012">5510101010</trbc><trbc type="perm-id">4294951386</trbc></trbc-wrap></company-classification><relevancy engine="1C">0.2</relevancy><confidence engine="1C">0.88</confidence></norm-company-wrap><norm-company oa-id="4295901746">EBANK FINANCIAL SERVICES INC</norm-company><norm-company-wrap><norm-company-name>EBANK FINANCIAL SERVICES INC</norm-company-name><company-ids><oa-id>4295901746</oa-id><ric norm="EBDC.PK">EBDC.PK</ric></company-ids><company-classification><trbc-wrap><trbc type="RCS">B:1615</trbc><trbc type="2012">5510101010</trbc><trbc type="perm-id">4294951386</trbc></trbc-wrap></company-classification><relevancy engine="1C">0.2</relevancy><confidence engine="1C">0.83</confidence></norm-company-wrap><eos/><eop/></extr-company-block></extraction-terms><extraction-terms><extr-person-block><bop/><bos/><extr-person>Gevorg Tarumyan</extr-person><norm-person-wrap><norm-person-name>Gevorg Tarumyan</norm-person-name><person-ids><od-auth-id>2125627</od-auth-id><od-officer-id>2537987</od-officer-id><person-perm-id>34417322171</person-perm-id></person-ids><relevancy engine="1C">0.2</relevancy></norm-person-wrap><extr-person>Gevorg Tarumyan</extr-person><extr-person-wrap><extr-person-name>Gevorg Tarumyan</extr-person-name><relevancy engine="1C">0.2</relevancy></extr-person-wrap><extr-person>Tigran Jrbashyan</extr-person><norm-person-wrap><norm-person-name>Tigran Jrbashyan</norm-person-name><person-ids><od-auth-id>2125590</od-auth-id><od-officer-id>2537937</od-officer-id><person-perm-id>34417322136</person-perm-id></person-ids><relevancy engine="1C">0.8</relevancy></norm-person-wrap><extr-person>Tigran Jrbashyan</extr-person><extr-person-wrap><extr-person-name>Tigran Jrbashyan</extr-person-name><relevancy engine="1C">0.8</relevancy></extr-person-wrap><extr-person>Artak Hanesyan</extr-person><norm-person-wrap><norm-person-name>Artak Hanesyan</norm-person-name><person-ids><od-auth-id>2125586</od-auth-id><od-officer-id>2537931</od-officer-id><person-perm-id>34417322131</person-perm-id></person-ids><relevancy engine="1C">0.8</relevancy></norm-person-wrap><extr-person>Artak Hanesyan</extr-person><extr-person-wrap><extr-person-name>Artak Hanesyan</extr-person-name><relevancy engine="1C">0.8</relevancy></extr-person-wrap><eos/><eop/></extr-person-block></extraction-terms></indexing></document></n-docbody>
</n-document>
<n-document guid="I8ccc5260bb6111e4ad22e2017940ba8b"><n-metadata><metadata.block><md.identifiers><md.cites><md.first.line.cite>2/23/15 NEWS 00:00:00</md.first.line.cite><md.second.line.cite>2/23/15 ARKA News Agency 00:00:00</md.second.line.cite></md.cites><md.uuid>I8ccc5260bb6111e4ad22e2017940ba8b</md.uuid></md.identifiers><md.infotype>news</md.infotype><md.sortkeys><md.ordersequence>f47363bec</md.ordersequence></md.sortkeys><md.descriptions><md.title>NASDAQ OMX ARMENIA STOCK EXCHANGE TO LAUNCH ONLINE PLATFORM FOR TRADING OF GOVERNMENT BONDS</md.title><md.westlawdescrip><md.readlist>READLIST</md.readlist></md.westlawdescrip></md.descriptions><md.dates><md.publisheddatetime>20150223080028</md.publisheddatetime><md.loaddate>20150223</md.loaddate><md.createddatetime>20150223080028</md.createddatetime></md.dates><md.subjects><md.subject><md.pubtype.name/><md.doctype.name>DNR</md.doctype.name><md.doctype.rank/><md.view>CNGE</md.view><md.view>RGEurope</md.view><md.view>PTNewswires</md.view><md.view>ARKANEWS0063786</md.view><md.view>INALLNEWS_ACTEST</md.view><md.view>INFARNEWS_AC</md.view><md.view>MARKETSEIKON_CN</md.view><md.view>MARKETSEIKON</md.view><md.view>CB_ASIAWIRES</md.view><md.view>INWIRES_AC</md.view><md.view>GULF_INTL</md.view><md.view>ININTNEWS_AC</md.view><md.view>ANZ_INTLOS</md.view><md.view>CLEAR_RF</md.view><md.view>INALLNEWS_AC</md.view><md.view>INNEWSINT_PRO</md.view><md.view>INBUSNEWS</md.view><md.view>INNEWSWORLD_PRO</md.view><md.view>INBUSNEWS_AC</md.view></md.subject></md.subjects><md.jurisdictions><md.jurisdiction><md.jurisstate>FE</md.jurisstate></md.jurisdiction></md.jurisdictions><md.publications><md.publication/><md.sourcepubid>ARKANEWS</md.sourcepubid></md.publications><md.royalty><md.royalty.code>84104</md.royalty.code></md.royalty></metadata.block><news.metadata.block><md.text.preview>STOCK MARKETYEREVAN, February 23. / ARKA /. NASDAQ OMX Armenia stock exchange will launch an online platform for trading of government bonds, the head of the exchange Konstantin Saroyan said today. He said the on-line platform will allow</md.text.preview></news.metadata.block><newsplus.recommendable>1</newsplus.recommendable><n-view>CNGE</n-view><n-view>RGEurope</n-view><n-view>PTNewswires</n-view><n-view>ARKANEWS0063786</n-view><n-view>INALLNEWS_ACTEST</n-view><n-view>INFARNEWS_AC</n-view><n-view>MARKETSEIKON_CN</n-view><n-view>MARKETSEIKON</n-view><n-view>CB_ASIAWIRES</n-view><n-view>INWIRES_AC</n-view><n-view>GULF_INTL</n-view><n-view>ININTNEWS_AC</n-view><n-view>ANZ_INTLOS</n-view><n-view>CLEAR_RF</n-view><n-view>INALLNEWS_AC</n-view><n-view>INNEWSINT_PRO</n-view><n-view>INBUSNEWS</n-view><n-view>INNEWSWORLD_PRO</n-view><n-view>INBUSNEWS_AC</n-view><prism-stylesheet guid="Ia3024d301b6a11d89fc5f34981d3242f"/><prism-clipdate>20150223080028</prism-clipdate></n-metadata>
<n-docbody><document version="1" collection="D-ARKANEWS-T001" first-load-date="20150223080028" ip-product="ARKANEWS" royalty-id="84104" data-model="text" dtd-version="5.2.29" content-type="news" load-language="en"><supplier-info><supplier-num nitf="doc-id" nitf-regsrc="ARKA News Agency" type="accession">e50900027d9f723f</supplier-num><internal-acc-num db-id="NEPRARKA" type="newz">20150223170.1_Ve50900027d9f723f</internal-acc-num><rec-status><last-load-date>20150223080028</last-load-date><nitf-date ne="datereceived">20150223T13:40:37Z</nitf-date><nitf-date nitf="date-issue">20150223T00:00:00Z</nitf-date><last-provider-update>20150223134037</last-provider-update></rec-status><supplier-copyright>Copyright Â© 2015 ARKA<copyright-year/><copyright-holder>ARKA</copyright-holder></supplier-copyright><supplier-note nitf="urgency" nitf-ed-urg="4"/><supplier-dtds><dtd dtd-version="working" dtd-date="20150210T00:00:00Z">Canonical Taxonomy</dtd><dtd dtd-version="20150203" dtd-date="20150210T00:00:00Z">Mapping File</dtd></supplier-dtds><copyright-block type="dialog"><service-copyright n-include_guid="Ice671660f30811d88920000083149a14" n-include_collection="D-DIALOGCOPYRIGHTS-T001"/></copyright-block><copyright-block type="west"><service-copyright n-include_guid="I1DA35ED81DD211B281BAD200220BDFCA" n-include_collection="w_wlnv_msg"/></copyright-block><west-citation-block><bop/><first-line-cite><bos/>2/23/15 NEWS 00:00:00<eos/></first-line-cite><second-line-cite><bos/>2/23/15 ARKA News Agency 00:00:00<eos/></second-line-cite><eop/></west-citation-block></supplier-info><title-info iso-language="en"><bop/><title type="headline" nitf-hedline="hl1" key="key-title"><bos/><sort-title><cite.query w-seq-number="00001" w-ref-type="CO" w-normalized-cite="IB3F93E8029C011DF9BD7C7F341E042AB" ID="I96ebb170bb6411e48b77efd9b5126021">NASDAQ</cite.query> OMX ARMENIA STOCK EXCHANGE TO LAUNCH ONLINE PLATFORM FOR TRADING OF GOVERNMENT BONDS</sort-title><eos/></title><eop/></title-info><pub-info><journal key="key-journal"><bop/><bos/><sort-journal>ARKA News Agency</sort-journal><eos/><eop/></journal><pub-date key="key-date" iso-time="T00:00:00Z" type="date.publication"><full-pub-date>February 23, 2015</full-pub-date><sort-pub-date>20150223</sort-pub-date><sort-pub-timestamp>20150223000000</sort-pub-timestamp><rank-date>20150223</rank-date><currency-timestamp>20150223000000</currency-timestamp></pub-date><original-pub><language iso-language="en">English</language></original-pub><src-data><src-journal-code>ANPV</src-journal-code><src-pub-code>0063786</src-pub-code><src-pub-type>Newswire</src-pub-type><src-pub-country-wrap><src-pub-country-code>GE</src-pub-country-code><src-pub-country>Georgia CIS</src-pub-country></src-pub-country-wrap><src-pub-region>Europe</src-pub-region></src-data></pub-info><content iso-language="en"><total-char-count>1473</total-char-count><derived-word-count><bop/><bos/>Word Count: 227<eos/><eop/></derived-word-count><text type="lead-para"><p nitf="lede"><bop/><bos/>STOCK MARKET<eos/><eop/></p><p nitf="lede"><bop/><bos/>YEREVAN, February 23. / ARKA /. <cite.query w-seq-number="00002" w-ref-type="CO" w-normalized-cite="IB3F93E8029C011DF9BD7C7F341E042AB" ID="I96f3c7c0bb6411e48b77efd9b5126021">NASDAQ</cite.query> OMX Armenia stock exchange will launch an online platform for trading of government bonds, the head of the exchange Konstantin Saroyan said today. <eos/><bos/>He said the on-line platform will allow individuals to also participate in on-line trading. <eos/><bos/>According to him, it is very important for the exchanges that this plan succeeds.<eos/><eop/></p></text><text type="body"><p><bop/><bos/>&quot;It is no secret that many banks prefer off-exchange trade of government bonds, but <cite.query w-seq-number="00003" w-ref-type="NM" w-normalized-cite="canonical_name::NASDAQ OMX ARMENIA" ID="I96fb68e0bb6411e48b77efd9b5126021">NASDAQ OMX Armenia</cite.query> will try to prove that transactions with government bonds effected through the exchange are more profitable and more attractive,&quot; he said.<eos/><eop/></p><p><bop/><bos/>Saroyan said the market of government bonds doubled in 2014 with 924 transactions worth about 34 billion, up from 484 transactions worth 15 billion drams effected in 2013.<eos/><eop/></p><p><bop/><bos/><cite.query w-seq-number="00004" w-ref-type="CO" w-normalized-cite="IB3F93E8029C011DF9BD7C7F341E042AB" ID="I97109e90bb6411e48b77efd9b5126021">NASDAQ</cite.query> OMX Armenia is the new name of the <cite.query w-seq-number="00005" w-ref-type="CO" w-normalized-cite="IFC75AA8441EC11DDAD6B0014224D2780" ID="I97109e91bb6411e48b77efd9b5126021">Armenian Stock Exchange</cite.query> ojsc (renamed on January 27, 2009), however, it is also used to refer jointly to the stock exchange and the Central Depository of Armenia ojsc (CDA), as the both companies have been members of the <cite.query w-seq-number="00006" w-ref-type="CO" w-normalized-cite="I259E58B041EA11DDAD6B0014224D2780" ID="I97109e92bb6411e48b77efd9b5126021">NASDAQ OMX Group, Inc.</cite.query> since early 2008.<eos/><eop/></p><p><bop/><bos/><cite.query w-seq-number="00007" w-ref-type="CO" w-normalized-cite="IB3F93E8029C011DF9BD7C7F341E042AB" ID="I972ab640bb6411e48b77efd9b5126021">NASDAQ</cite.query> OMX Armenia and the <cite.query w-seq-number="00008" w-ref-type="MM" w-normalized-cite="canonical_name::CDA" ID="I972ab641bb6411e48b77efd9b5126021">CDA</cite.query> are the major securities market infrastructure institutions in Armenia. <eos/><bos/>Since their inception in 2000, both companies had operated as self-regulatory organizations established by member broker companies, up until demutualization in 2007. <eos/><bos/><cite.query w-seq-number="00009" w-ref-type="CO" w-normalized-cite="IB3F93E8029C011DF9BD7C7F341E042AB" ID="I972ab642bb6411e48b77efd9b5126021">NASDAQ</cite.query> OMX Armenia is a part of the world&apos;s largest exchange company, the <cite.query w-seq-number="00010" w-ref-type="CO" w-normalized-cite="I259E58B041EA11DDAD6B0014224D2780" ID="I972ab643bb6411e48b77efd9b5126021">NASDAQ OMX Group, Inc.</cite.query><eos/><bos/>($478.95 drams).<eos/> --0--<eop/></p></text></content><indexing iso-language="en" value-add="machine-generated"><classification-terms><pres-location-block><bop/><bos/><pres-location-wrap><pres-location>Armenia</pres-location><pres-location-code>ISOAM</pres-location-code><alt1-location-code>1AR09</alt1-location-code></pres-location-wrap><pres-location-wrap><pres-location>CIS Countries</pres-location><pres-location-code>CISSTAT</pres-location-code><alt1-location-code>1CI64</alt1-location-code></pres-location-wrap><pres-location-wrap><pres-location>Eastern Europe</pres-location><pres-location-code>GEOEEUR</pres-location-code><alt1-location-code>1EA48</alt1-location-code></pres-location-wrap><pres-location-wrap><pres-location>Europe</pres-location><pres-location-code>GEOEUR</pres-location-code><alt1-location-code>1EU83</alt1-location-code></pres-location-wrap><eos/><eop/></pres-location-block></classification-terms><classification-terms><pres-subject-block><bop/><bos/><pres-subject-wrap><pres-subject>Bond Instruments</pres-subject><pres-subject-code>BONDINST</pres-subject-code><alt1-subject-code>1BO92</alt1-subject-code></pres-subject-wrap><pres-subject-wrap><pres-subject>CIS</pres-subject><pres-subject-code>GEOCIS</pres-subject-code><alt1-subject-code>1CI65</alt1-subject-code></pres-subject-wrap><pres-subject-wrap><pres-subject>Economics &amp; Trade</pres-subject><pres-subject-code>TRADE</pres-subject-code><alt1-subject-code>1EC26</alt1-subject-code></pres-subject-wrap><pres-subject-wrap><pres-subject>Financial Markets</pres-subject><pres-subject-code>BOURSE</pres-subject-code><alt1-subject-code>1FI87</alt1-subject-code></pres-subject-wrap><pres-subject-wrap><pres-subject>Funding Instruments</pres-subject><pres-subject-code>INVSTING</pres-subject-code><alt1-subject-code>1FU41</alt1-subject-code></pres-subject-wrap><pres-subject-wrap><pres-subject>Government Securities</pres-subject><pres-subject-code>GOVBONDS</pres-subject-code><alt1-subject-code>1GO57</alt1-subject-code></pres-subject-wrap><pres-subject-wrap><pres-subject>National Government Debt</pres-subject><pres-subject-code>GOVDEBT</pres-subject-code><alt1-subject-code>1NA73</alt1-subject-code></pres-subject-wrap><pres-subject-wrap><pres-subject>World Organizations</pres-subject><pres-subject-code>GEOORGS</pres-subject-code><alt1-subject-code>1IN77</alt1-subject-code></pres-subject-wrap><eos/><eop/></pres-subject-block><pres-industry-block><bop/><bos/><pres-industry-wrap><pres-industry>Bonds</pres-industry><pres-industry-code>BONDS</pres-industry-code><alt1-industry-code>1BO97</alt1-industry-code></pres-industry-wrap><pres-industry-wrap><pres-industry>Financial Services</pres-industry><pres-industry-code>FINSVC</pres-industry-code><alt1-industry-code>1FI37</alt1-industry-code></pres-industry-wrap><pres-industry-wrap><pres-industry>Fixed Income Investments</pres-industry><pres-industry-code>FIXEDINV</pres-industry-code><alt1-industry-code>1FI12</alt1-industry-code></pres-industry-wrap><pres-industry-wrap><pres-industry>Investment Management</pres-industry><pres-industry-code>INVSTMAN</pres-industry-code><alt1-industry-code>1IN34</alt1-industry-code></pres-industry-wrap><pres-industry-wrap><pres-industry>Securities Investment</pres-industry><pres-industry-code>PTSECUR</pres-industry-code><alt1-industry-code>1SE57</alt1-industry-code></pres-industry-wrap><pres-industry-wrap><pres-industry>U.S. Securities &amp; Exchange Commission</pres-industry><pres-industry-code>SECNEWS</pres-industry-code><alt1-industry-code>1US50</alt1-industry-code></pres-industry-wrap><eos/><eop/></pres-industry-block></classification-terms><classification-terms><rcs-block><rcs>E:6</rcs><rcs>G:B</rcs><rcs>G:A</rcs><rcs>E:5</rcs><rcs>G:B2</rcs><rcs>B:125</rcs><rcs>B:126</rcs><rcs>E:63</rcs><rcs>G:Y</rcs><rcs>G:7I</rcs><rcs>A:U</rcs><rcs>B:130</rcs><rcs>A:2</rcs><rcs>A:N</rcs><rcs>G:AJ</rcs></rcs-block></classification-terms><extraction-terms><extr-company-block><bop/><bos/><norm-company oa-id="4295867677">ALPES SA</norm-company><norm-company-wrap><norm-company-name>ALPES SA</norm-company-name><company-ids><oa-id>4295867677</oa-id><ric norm="CDAF.PA">CDAF.PA</ric></company-ids><company-classification><trbc-wrap><trbc type="RCS">B:1419</trbc><trbc type="2012">5330104010</trbc><trbc type="perm-id">4294951582</trbc></trbc-wrap></company-classification><relevancy engine="1C">0.2</relevancy><confidence engine="1C">0.92</confidence></norm-company-wrap><norm-company oa-id="5000143907">NASDAQ OMX ARMENIA OPEN JSK</norm-company><norm-company-wrap><norm-company-name>NASDAQ OMX ARMENIA OPEN JSK</norm-company-name><company-ids><oa-id>5000143907</oa-id></company-ids><relevancy engine="1C">0.8</relevancy><confidence engine="1C">0.84</confidence></norm-company-wrap><norm-company oa-id="8589934167">NASDAQ OMX GROUP INC (THE)</norm-company><norm-company-wrap><norm-company-name>NASDAQ OMX GROUP INC (THE)</norm-company-name><company-ids><oa-id>8589934167</oa-id><ric norm="NDAQ.OQ">NDAQ.OQ</ric></company-ids><company-classification><trbc-wrap><trbc type="RCS">B:1648</trbc><trbc type="2012">5510205010</trbc><trbc type="perm-id">4294951353</trbc></trbc-wrap></company-classification><relevancy engine="1C">0.2</relevancy><confidence engine="1C">0.99</confidence></norm-company-wrap><eos/><eop/></extr-company-block></extraction-terms><extraction-terms><extr-person-block><bop/><bos/><extr-person>Konstantin Saroyan</extr-person><extr-person-wrap><extr-person-name>Konstantin Saroyan</extr-person-name><relevancy engine="1C">0.2</relevancy></extr-person-wrap><eos/><eop/></extr-person-block></extraction-terms></indexing></document></n-docbody>
</n-document>
<n-document guid="I8cc17cf0bb6111e488488e7ebda2ad38"><n-metadata><metadata.block><md.identifiers><md.cites><md.first.line.cite>2/23/15 NEWS 00:00:00</md.first.line.cite><md.second.line.cite>2/23/15 ARKA News Agency 00:00:00</md.second.line.cite></md.cites><md.uuid>I8cc17cf0bb6111e488488e7ebda2ad38</md.uuid></md.identifiers><md.infotype>news</md.infotype><md.sortkeys><md.ordersequence>f47363bec</md.ordersequence></md.sortkeys><md.descriptions><md.title>ARMENIAN SECURITIES MAY BECOME AVAILABLE AT INTERNATIONAL MARKETS WITHIN ONE OR ONE AND HALF YEAR</md.title><md.westlawdescrip><md.readlist>READLIST</md.readlist></md.westlawdescrip></md.descriptions><md.dates><md.publisheddatetime>20150223080028</md.publisheddatetime><md.loaddate>20150223</md.loaddate><md.createddatetime>20150223080028</md.createddatetime></md.dates><md.subjects><md.subject><md.pubtype.name/><md.doctype.name>DNR</md.doctype.name><md.doctype.rank/><md.view>CNGE</md.view><md.view>RGEurope</md.view><md.view>PTNewswires</md.view><md.view>ARKANEWS0063786</md.view><md.view>INALLNEWS_ACTEST</md.view><md.view>INFARNEWS_AC</md.view><md.view>MARKETSEIKON_CN</md.view><md.view>MARKETSEIKON</md.view><md.view>CB_ASIAWIRES</md.view><md.view>INWIRES_AC</md.view><md.view>GULF_INTL</md.view><md.view>ININTNEWS_AC</md.view><md.view>ANZ_INTLOS</md.view><md.view>CLEAR_RF</md.view><md.view>INALLNEWS_AC</md.view><md.view>INNEWSINT_PRO</md.view><md.view>INBUSNEWS</md.view><md.view>INNEWSWORLD_PRO</md.view><md.view>INBUSNEWS_AC</md.view></md.subject></md.subjects><md.jurisdictions><md.jurisdiction><md.jurisstate>FE</md.jurisstate></md.jurisdiction></md.jurisdictions><md.publications><md.publication/><md.sourcepubid>ARKANEWS</md.sourcepubid></md.publications><md.royalty><md.royalty.code>84104</md.royalty.code></md.royalty></metadata.block><news.metadata.block><md.text.preview>STOCK MARKETYEREVAN, February 23./ARKA/. Armenian securities may become available at international markets within one or one and a half year, Konstantin Saroyan, head of NASDAQ OMX Armenia stock exchange said on Monday.</md.text.preview></news.metadata.block><newsplus.recommendable>1</newsplus.recommendable><n-view>CNGE</n-view><n-view>RGEurope</n-view><n-view>PTNewswires</n-view><n-view>ARKANEWS0063786</n-view><n-view>INALLNEWS_ACTEST</n-view><n-view>INFARNEWS_AC</n-view><n-view>MARKETSEIKON_CN</n-view><n-view>MARKETSEIKON</n-view><n-view>CB_ASIAWIRES</n-view><n-view>INWIRES_AC</n-view><n-view>GULF_INTL</n-view><n-view>ININTNEWS_AC</n-view><n-view>ANZ_INTLOS</n-view><n-view>CLEAR_RF</n-view><n-view>INALLNEWS_AC</n-view><n-view>INNEWSINT_PRO</n-view><n-view>INBUSNEWS</n-view><n-view>INNEWSWORLD_PRO</n-view><n-view>INBUSNEWS_AC</n-view><prism-stylesheet guid="Ia3024d301b6a11d89fc5f34981d3242f"/><prism-clipdate>20150223080028</prism-clipdate></n-metadata>
<n-docbody><document version="1" collection="D-ARKANEWS-T001" first-load-date="20150223080028" ip-product="ARKANEWS" royalty-id="84104" data-model="text" dtd-version="5.2.29" content-type="news" load-language="en"><supplier-info><supplier-num nitf="doc-id" nitf-regsrc="ARKA News Agency" type="accession">50830004a2fde1bc</supplier-num><internal-acc-num db-id="NEPRARKA" type="newz">20150223170.1_V50830004a2fde1bc</internal-acc-num><rec-status><last-load-date>20150223080028</last-load-date><nitf-date ne="datereceived">20150223T13:40:37Z</nitf-date><nitf-date nitf="date-issue">20150223T00:00:00Z</nitf-date><last-provider-update>20150223134037</last-provider-update></rec-status><supplier-copyright>Copyright Â© 2015 ARKA<copyright-year/><copyright-holder>ARKA</copyright-holder></supplier-copyright><supplier-note nitf="urgency" nitf-ed-urg="4"/><supplier-dtds><dtd dtd-version="working" dtd-date="20150210T00:00:00Z">Canonical Taxonomy</dtd><dtd dtd-version="20150203" dtd-date="20150210T00:00:00Z">Mapping File</dtd></supplier-dtds><copyright-block type="dialog"><service-copyright n-include_guid="Ice671660f30811d88920000083149a14" n-include_collection="D-DIALOGCOPYRIGHTS-T001"/></copyright-block><copyright-block type="west"><service-copyright n-include_guid="I1DA35ED81DD211B281BAD200220BDFCA" n-include_collection="w_wlnv_msg"/></copyright-block><west-citation-block><bop/><first-line-cite><bos/>2/23/15 NEWS 00:00:00<eos/></first-line-cite><second-line-cite><bos/>2/23/15 ARKA News Agency 00:00:00<eos/></second-line-cite><eop/></west-citation-block></supplier-info><title-info iso-language="en"><bop/><title type="headline" nitf-hedline="hl1" key="key-title"><bos/><sort-title>ARMENIAN SECURITIES MAY BECOME AVAILABLE AT INTERNATIONAL MARKETS WITHIN ONE OR ONE AND HALF YEAR</sort-title><eos/></title><eop/></title-info><pub-info><journal key="key-journal"><bop/><bos/><sort-journal>ARKA News Agency</sort-journal><eos/><eop/></journal><pub-date key="key-date" iso-time="T00:00:00Z" type="date.publication"><full-pub-date>February 23, 2015</full-pub-date><sort-pub-date>20150223</sort-pub-date><sort-pub-timestamp>20150223000000</sort-pub-timestamp><rank-date>20150223</rank-date><currency-timestamp>20150223000000</currency-timestamp></pub-date><original-pub><language iso-language="en">English</language></original-pub><src-data><src-journal-code>ANPV</src-journal-code><src-pub-code>0063786</src-pub-code><src-pub-type>Newswire</src-pub-type><src-pub-country-wrap><src-pub-country-code>GE</src-pub-country-code><src-pub-country>Georgia CIS</src-pub-country></src-pub-country-wrap><src-pub-region>Europe</src-pub-region></src-data></pub-info><content iso-language="en"><total-char-count>2014</total-char-count><derived-word-count><bop/><bos/>Word Count: 305<eos/><eop/></derived-word-count><text type="lead-para"><p nitf="lede"><bop/><bos/>STOCK MARKET<eos/><eop/></p><p nitf="lede"><bop/><bos/>YEREVAN, February 23./ARKA/. <eos/><bos/>Armenian securities may become available at international markets within one or one and a half year, Konstantin Saroyan, head of <cite.query w-seq-number="00001" w-ref-type="CO" w-normalized-cite="IB3F93E8029C011DF9BD7C7F341E042AB" ID="I973d2cd0bb6411e48b77efd9b5126021">NASDAQ</cite.query> OMX Armenia stock exchange said on Monday.<eos/><eop/></p></text><text type="body"><p><bop/><bos/>&quot;We have already started negotiating the matter with <cite.query w-seq-number="00002" w-ref-type="MM" w-normalized-cite="canonical_name::CLEARSTREAM BANKING SA" ID="I9742f930bb6411e48b77efd9b5126021">Clearstream Banking SA</cite.query>,&quot; he said.<eos/><eop/></p><p><bop/><bos/>In his words, in 2014 an account was opened jointly with <cite.query w-seq-number="00003" w-ref-type="MM" w-normalized-cite="canonical_name::CLEARSTREAM BANKING SA" ID="I974cbd30bb6411e48b77efd9b5126021">Clearstream Banking SA</cite.query> on an ex parte basis to make foreign securities available in Armenia.<eos/><eop/></p><p><bop/><bos/>&quot;Armenian securities&apos; entrance into international markets is more complicated process than account-opening procedure, since <cite.query w-seq-number="00004" w-ref-type="CO" w-normalized-cite="IDBAF3490E2C911DE916D8A11856AA63E" ID="I9754fa90bb6411e48b77efd9b5126021">Clearstream</cite.query> has to explore and assess the Armenian market and release its verdict on reasonability of opening an account in Armenia,&quot; Saroyan said.<eos/><eop/></p><p><bop/><bos/>He said in 2014 the Central Depository of Armenia opened an account in <cite.query w-seq-number="00005" w-ref-type="NM" w-normalized-cite="canonical_name::CLEARSTREAM BANKING LUXEMBURG CLEARSTREAM DEUTSCHE BORSE GROUP" ID="I976156a0bb6411e48b77efd9b5126021">Clearstream Banking Luxemburg Clearstream Deutsche Borse Group</cite.query>, and the next step will be the opening by <cite.query w-seq-number="00006" w-ref-type="MM" w-normalized-cite="canonical_name::CLEARSTREAM BANKING SA" ID="I976156a1bb6411e48b77efd9b5126021">Clearstream Banking SA</cite.query> an account in the Central Depository of Armenia for making Armenian securities available to foreign investors.<eos/><eop/></p><p><bop/><bos/>Thnaks to the ties established with <cite.query w-seq-number="00007" w-ref-type="NM" w-normalized-cite="canonical_name::CLEARSTREAM DEUTSCHE BORSE GROUP" ID="I97688290bb6411e48b77efd9b5126021">Clearstream Deutsche Borse Group</cite.query>, Armenian investors can make investments in securities in 53 developed and developing countries.<eos/><eop/></p><p><bop/><bos/><cite.query w-seq-number="00008" w-ref-type="MM" w-normalized-cite="canonical_name::CLEARSTREAM BANKING SA" ID="I97749080bb6411e48b77efd9b5126021">Clearstream Banking SA</cite.query> is the clearing and settlement division of <cite.query w-seq-number="00009" w-ref-type="MM" w-normalized-cite="canonical_name::DEUTSCHE" ID="I97749081bb6411e48b77efd9b5126021">Deutsche</cite.query> Borse based on Luxembourg and Frankfurt.<eos/><eop/></p><p><bop/><bos/><cite.query w-seq-number="00010" w-ref-type="CO" w-normalized-cite="IB3F93E8029C011DF9BD7C7F341E042AB" ID="I97875530bb6411e48b77efd9b5126021">NASDAQ</cite.query> OMX Armenia is the new name of the <cite.query w-seq-number="00011" w-ref-type="CO" w-normalized-cite="IFC75AA8441EC11DDAD6B0014224D2780" ID="I97875531bb6411e48b77efd9b5126021">Armenian Stock Exchange</cite.query> ojsc (renamed on January 27, 2009), however, it is also used to refer jointly to the stock exchange and the Central Depository of Armenia ojsc (CDA), as the both companies have been members of the <cite.query w-seq-number="00012" w-ref-type="CO" w-normalized-cite="I259E58B041EA11DDAD6B0014224D2780" ID="I97875532bb6411e48b77efd9b5126021">NASDAQ OMX Group, Inc.</cite.query> since early 2008.<eos/><eop/></p><p><bop/><bos/><cite.query w-seq-number="00013" w-ref-type="CO" w-normalized-cite="IB3F93E8029C011DF9BD7C7F341E042AB" ID="I97a627d0bb6411e48b77efd9b5126021">NASDAQ</cite.query> OMX Armenia and the <cite.query w-seq-number="00014" w-ref-type="MM" w-normalized-cite="canonical_name::CDA" ID="I97a627d1bb6411e48b77efd9b5126021">CDA</cite.query> are the major securities market infrastructure institutions in Armenia. <eos/><bos/>Since their inception in 2000, both companies had operated as self-regulatory organizations established by member broker companies, up until demutualization in 2007. <eos/><bos/><cite.query w-seq-number="00015" w-ref-type="CO" w-normalized-cite="IB3F93E8029C011DF9BD7C7F341E042AB" ID="I97a627d2bb6411e48b77efd9b5126021">NASDAQ</cite.query> OMX Armenia is a part of the world&apos;s largest exchange company, the <cite.query w-seq-number="00016" w-ref-type="CO" w-normalized-cite="I259E58B041EA11DDAD6B0014224D2780" ID="I97a627d3bb6411e48b77efd9b5126021">NASDAQ OMX Group, Inc.</cite.query> ($1 - 478.95 drams).<eos/><bos/> M.V. --0--<eos/><eop/></p></text></content><indexing iso-language="en" value-add="machine-generated"><classification-terms><pres-location-block><bop/><bos/><pres-location-wrap><pres-location>Armenia</pres-location><pres-location-code>ISOAM</pres-location-code><alt1-location-code>1AR09</alt1-location-code></pres-location-wrap><pres-location-wrap><pres-location>CIS Countries</pres-location><pres-location-code>CISSTAT</pres-location-code><alt1-location-code>1CI64</alt1-location-code></pres-location-wrap><pres-location-wrap><pres-location>Central Europe</pres-location><pres-location-code>GEOCEUR</pres-location-code><alt1-location-code>1CE50</alt1-location-code></pres-location-wrap><pres-location-wrap><pres-location>Eastern Europe</pres-location><pres-location-code>GEOEEUR</pres-location-code><alt1-location-code>1EA48</alt1-location-code></pres-location-wrap><pres-location-wrap><pres-location>Europe</pres-location><pres-location-code>GEOEUR</pres-location-code><alt1-location-code>1EU83</alt1-location-code></pres-location-wrap><pres-location-wrap><pres-location>Eurozone Countries</pres-location><pres-location-code>EUROZONE</pres-location-code><alt1-location-code>1EU86</alt1-location-code></pres-location-wrap><pres-location-wrap><pres-location>Germany</pres-location><pres-location-code>ISODE</pres-location-code><alt1-location-code>1GE16</alt1-location-code></pres-location-wrap><pres-location-wrap><pres-location>Western Europe</pres-location><pres-location-code>GEOWEUR</pres-location-code><alt1-location-code>1WE41</alt1-location-code></pres-location-wrap><eos/><eop/></pres-location-block></classification-terms><classification-terms><pres-subject-block><bop/><bos/><pres-subject-wrap><pres-subject>CIS</pres-subject><pres-subject-code>GEOCIS</pres-subject-code><alt1-subject-code>1CI65</alt1-subject-code></pres-subject-wrap><pres-subject-wrap><pres-subject>Economics &amp; Trade</pres-subject><pres-subject-code>TRADE</pres-subject-code><alt1-subject-code>1EC26</alt1-subject-code></pres-subject-wrap><pres-subject-wrap><pres-subject>Exchange Listings &amp; Delistings</pres-subject><pres-subject-code>DELIST</pres-subject-code><alt1-subject-code>1EX12</alt1-subject-code></pres-subject-wrap><pres-subject-wrap><pres-subject>Financial Markets</pres-subject><pres-subject-code>BOURSE</pres-subject-code><alt1-subject-code>1FI87</alt1-subject-code></pres-subject-wrap><pres-subject-wrap><pres-subject>World Organizations</pres-subject><pres-subject-code>GEOORGS</pres-subject-code><alt1-subject-code>1IN77</alt1-subject-code></pres-subject-wrap><eos/><eop/></pres-subject-block><pres-industry-block><bop/><bos/><pres-industry-wrap><pres-industry>Broadcast TV</pres-industry><pres-industry-code>TVBROAD</pres-industry-code><alt1-industry-code>1BR25</alt1-industry-code></pres-industry-wrap><pres-industry-wrap><pres-industry>Entertainment</pres-industry><pres-industry-code>SHOWBIZ</pres-industry-code><alt1-industry-code>1EN08</alt1-industry-code></pres-industry-wrap><pres-industry-wrap><pres-industry>Financial Services</pres-industry><pres-industry-code>FINSVC</pres-industry-code><alt1-industry-code>1FI37</alt1-industry-code></pres-industry-wrap><pres-industry-wrap><pres-industry>Public Television</pres-industry><pres-industry-code>PUBLICTV</pres-industry-code><alt1-industry-code>1PU41</alt1-industry-code></pres-industry-wrap><pres-industry-wrap><pres-industry>TV</pres-industry><pres-industry-code>TV</pres-industry-code><alt1-industry-code>1TV19</alt1-industry-code></pres-industry-wrap><pres-industry-wrap><pres-industry>Television Networks</pres-industry><pres-industry-code>NETWRKOP</pres-industry-code><alt1-industry-code>1TE85</alt1-industry-code></pres-industry-wrap><pres-industry-wrap><pres-industry>U.S. Securities &amp; Exchange Commission</pres-industry><pres-industry-code>SECNEWS</pres-industry-code><alt1-industry-code>1US50</alt1-industry-code></pres-industry-wrap><eos/><eop/></pres-industry-block></classification-terms><classification-terms><rcs-block><rcs>E:6</rcs><rcs>G:B</rcs><rcs>E:5</rcs><rcs>G:A</rcs><rcs>M:3</rcs><rcs>G:B2</rcs><rcs>B:125</rcs><rcs>B:69</rcs><rcs>G:Y</rcs><rcs>G:7I</rcs><rcs>G:3</rcs><rcs>B:95</rcs><rcs>G:3D</rcs><rcs>B:92</rcs><rcs>B:91</rcs><rcs>B:86</rcs><rcs>B:94</rcs><rcs>M:H3</rcs><rcs>G:AL</rcs><rcs>G:AJ</rcs><rcs>E:5G</rcs></rcs-block></classification-terms><extraction-terms><extr-company-block><bop/><bos/><norm-company oa-id="5000650602">CLEARSTREAM BANKING</norm-company><norm-company-wrap><norm-company-name>CLEARSTREAM BANKING</norm-company-name><company-ids><oa-id>5000650602</oa-id></company-ids><relevancy engine="1C">0.2</relevancy><confidence engine="1C">0.83</confidence></norm-company-wrap><norm-company oa-id="4296239105">CENTRAL DEPOSITORY OF ARMENIA OJSC</norm-company><norm-company-wrap><norm-company-name>CENTRAL DEPOSITORY OF ARMENIA OJSC</norm-company-name><company-ids><oa-id>4296239105</oa-id></company-ids><company-classification><trbc-wrap><trbc type="RCS">B:128</trbc><trbc type="2012">55101010</trbc><trbc type="perm-id">4294952873</trbc></trbc-wrap></company-classification><relevancy engine="1C">0.2</relevancy><confidence engine="1C">0.87</confidence></norm-company-wrap><norm-company oa-id="4295867677">ALPES SA</norm-company><norm-company-wrap><norm-company-name>ALPES SA</norm-company-name><company-ids><oa-id>4295867677</oa-id><ric norm="CDAF.PA">CDAF.PA</ric></company-ids><company-classification><trbc-wrap><trbc type="RCS">B:1419</trbc><trbc type="2012">5330104010</trbc><trbc type="perm-id">4294951582</trbc></trbc-wrap></company-classification><relevancy engine="1C">0.2</relevancy><confidence engine="1C">0.92</confidence></norm-company-wrap><norm-company oa-id="5000143907">NASDAQ OMX ARMENIA OPEN JSK</norm-company><norm-company-wrap><norm-company-name>NASDAQ OMX ARMENIA OPEN JSK</norm-company-name><company-ids><oa-id>5000143907</oa-id></company-ids><relevancy engine="1C">0.2</relevancy><confidence engine="1C">0.83</confidence></norm-company-wrap><norm-company oa-id="8589934167">NASDAQ OMX GROUP INC (THE)</norm-company><norm-company-wrap><norm-company-name>NASDAQ OMX GROUP INC (THE)</norm-company-name><company-ids><oa-id>8589934167</oa-id><ric norm="NDAQ.OQ">NDAQ.OQ</ric></company-ids><company-classification><trbc-wrap><trbc type="RCS">B:1648</trbc><trbc type="2012">5510205010</trbc><trbc type="perm-id">4294951353</trbc></trbc-wrap></company-classification><relevancy engine="1C">0.2</relevancy><confidence engine="1C">0.99</confidence></norm-company-wrap><eos/><eop/></extr-company-block></extraction-terms><extraction-terms><extr-person-block><bop/><bos/><extr-person>Konstantin Saroyan</extr-person><extr-person-wrap><extr-person-name>Konstantin Saroyan</extr-person-name><relevancy engine="1C">0.2</relevancy></extr-person-wrap><eos/><eop/></extr-person-block></extraction-terms></indexing></document></n-docbody>
</n-document>
<n-document guid="I91370d40bb6611e4b2bbc5ec03b6ef8a"><n-metadata><metadata.block><md.identifiers><md.cites><md.first.line.cite>2/23/15 NEWS 00:00:00</md.first.line.cite><md.second.line.cite>2/23/15 ARKA News Agency 00:00:00</md.second.line.cite></md.cites><md.uuid>I91370d40bb6611e4b2bbc5ec03b6ef8a</md.uuid></md.identifiers><md.infotype>news</md.infotype><md.sortkeys><md.ordersequence>f47363bec</md.ordersequence></md.sortkeys><md.descriptions><md.title>SOME 1.461 TRILLION DRAMS WORTH BONDS WERE DEPOSITED AT CENTRAL DEPOSITORY OF ARMENIA IN LATE 2014</md.title><md.westlawdescrip><md.readlist>READLIST</md.readlist></md.westlawdescrip></md.descriptions><md.dates><md.publisheddatetime>20150223082514</md.publisheddatetime><md.loaddate>20150223</md.loaddate><md.createddatetime>20150223082514</md.createddatetime></md.dates><md.subjects><md.subject><md.pubtype.name/><md.doctype.name>DNR</md.doctype.name><md.doctype.rank/><md.view>CNGE</md.view><md.view>RGEurope</md.view><md.view>PTNewswires</md.view><md.view>ARKANEWS0063786</md.view><md.view>INALLNEWS_ACTEST</md.view><md.view>INFARNEWS_AC</md.view><md.view>MARKETSEIKON_CN</md.view><md.view>MARKETSEIKON</md.view><md.view>CB_ASIAWIRES</md.view><md.view>INWIRES_AC</md.view><md.view>GULF_INTL</md.view><md.view>ININTNEWS_AC</md.view><md.view>ANZ_INTLOS</md.view><md.view>CLEAR_RF</md.view><md.view>INALLNEWS_AC</md.view><md.view>INNEWSINT_PRO</md.view><md.view>INBUSNEWS</md.view><md.view>INNEWSWORLD_PRO</md.view><md.view>INBUSNEWS_AC</md.view></md.subject></md.subjects><md.jurisdictions><md.jurisdiction><md.jurisstate>FE</md.jurisstate></md.jurisdiction></md.jurisdictions><md.publications><md.publication/><md.sourcepubid>ARKANEWS</md.sourcepubid></md.publications><md.royalty><md.royalty.code>84104</md.royalty.code></md.royalty></metadata.block><news.metadata.block><md.text.preview>STOCK MARKETYEREVAN, February 23. / ARKA /. Some 1.461 trillion drams worth securities (bonds) were deposited at the Central Depository of Armenia at the end of 2014, of which 1.423.5 trillion drams were corporate securities, Vahan Stepanyan, head</md.text.preview></news.metadata.block><n-view>CNGE</n-view><n-view>RGEurope</n-view><n-view>PTNewswires</n-view><n-view>ARKANEWS0063786</n-view><n-view>INALLNEWS_ACTEST</n-view><n-view>INFARNEWS_AC</n-view><n-view>MARKETSEIKON_CN</n-view><n-view>MARKETSEIKON</n-view><n-view>CB_ASIAWIRES</n-view><n-view>INWIRES_AC</n-view><n-view>GULF_INTL</n-view><n-view>ININTNEWS_AC</n-view><n-view>ANZ_INTLOS</n-view><n-view>CLEAR_RF</n-view><n-view>INALLNEWS_AC</n-view><n-view>INNEWSINT_PRO</n-view><n-view>INBUSNEWS</n-view><n-view>INNEWSWORLD_PRO</n-view><n-view>INBUSNEWS_AC</n-view><prism-stylesheet guid="Ia3024d301b6a11d89fc5f34981d3242f"/><prism-clipdate>20150223082514</prism-clipdate></n-metadata>
<n-docbody><document version="1" collection="D-ARKANEWS-T001" first-load-date="20150223082514" ip-product="ARKANEWS" royalty-id="84104" data-model="text" dtd-version="5.2.29" content-type="news" load-language="en"><supplier-info><supplier-num nitf="doc-id" nitf-regsrc="ARKA News Agency" type="accession">5ba8000113abe9ff</supplier-num><internal-acc-num db-id="NEPRARKA" type="newz">20150223170.1_V5ba8000113abe9ff</internal-acc-num><rec-status><last-load-date>20150223082514</last-load-date><nitf-date ne="datereceived">20150223T14:16:32Z</nitf-date><nitf-date nitf="date-issue">20150223T00:00:00Z</nitf-date><last-provider-update>20150223141632</last-provider-update></rec-status><supplier-copyright>Copyright Â© 2015 ARKA<copyright-year/><copyright-holder>ARKA</copyright-holder></supplier-copyright><supplier-note nitf="urgency" nitf-ed-urg="4"/><supplier-dtds><dtd dtd-version="working" dtd-date="20150210T00:00:00Z">Canonical Taxonomy</dtd><dtd dtd-version="20150203" dtd-date="20150210T00:00:00Z">Mapping File</dtd></supplier-dtds><copyright-block type="dialog"><service-copyright n-include_guid="Ice671660f30811d88920000083149a14" n-include_collection="D-DIALOGCOPYRIGHTS-T001"/></copyright-block><copyright-block type="west"><service-copyright n-include_guid="I1DA35ED81DD211B281BAD200220BDFCA" n-include_collection="w_wlnv_msg"/></copyright-block><west-citation-block><bop/><first-line-cite><bos/>2/23/15 NEWS 00:00:00<eos/></first-line-cite><second-line-cite><bos/>2/23/15 ARKA News Agency 00:00:00<eos/></second-line-cite><eop/></west-citation-block></supplier-info><title-info iso-language="en"><bop/><title type="headline" nitf-hedline="hl1" key="key-title"><bos/><sort-title>SOME 1.461 TRILLION DRAMS WORTH BONDS WERE DEPOSITED AT CENTRAL DEPOSITORY OF ARMENIA IN LATE 2014</sort-title><eos/></title><eop/></title-info><pub-info><journal key="key-journal"><bop/><bos/><sort-journal>ARKA News Agency</sort-journal><eos/><eop/></journal><pub-date key="key-date" iso-time="T00:00:00Z" type="date.publication"><full-pub-date>February 23, 2015</full-pub-date><sort-pub-date>20150223</sort-pub-date><sort-pub-timestamp>20150223000000</sort-pub-timestamp><rank-date>20150223</rank-date><currency-timestamp>20150223000000</currency-timestamp></pub-date><original-pub><language iso-language="en">English</language></original-pub><src-data><src-journal-code>ANPV</src-journal-code><src-pub-code>0063786</src-pub-code><src-pub-type>Newswire</src-pub-type><src-pub-country-wrap><src-pub-country-code>GE</src-pub-country-code><src-pub-country>Georgia CIS</src-pub-country></src-pub-country-wrap><src-pub-region>Europe</src-pub-region></src-data></pub-info><content iso-language="en"><total-char-count>893</total-char-count><derived-word-count><bop/><bos/>Word Count: 131<eos/><eop/></derived-word-count><text type="lead-para"><p nitf="lede"><bop/><bos/>STOCK MARKET<eos/><eop/></p><p nitf="lede"><bop/><bos/>YEREVAN, February 23. / ARKA /. Some 1.461 trillion drams worth securities (bonds) were deposited at the Central Depository of Armenia at the end of 2014, of which 1.423.5 trillion drams were corporate securities, Vahan Stepanyan, head of the Central depository said today.<eos/><eop/></p></text><text type="body"><p><bop/><bos/>He said foreign currency-denominated securities, fist issued last year, stood at about 33.2 billion drams.<eos/><eop/></p><p><bop/><bos/>According to him, the total amount of securities on active accounts of the Central Depository stood at about 911.4 billion drams.<eos/><eop/></p><p><bop/><bos/>He said also a total of 142 billion drams worth corporate transactions were effected last year, while the depositary blocked 120 billion drams worth bonds, including 35 billion drams as collateral.<eos/><eop/></p><p><bop/><bos/>The Central Depository of Armenia, the only centralized custodian and the registrar in Armenia, is a subsidiary of <cite.query w-seq-number="00001" w-ref-type="NM" w-normalized-cite="canonical_name::NASDAQ OMX ARMENIA" ID="Iec670e80bb6711e48aafd1f590b6e5eb">NASDAQ OMX Armenia</cite.query>, which is part of <cite.query w-seq-number="00002" w-ref-type="CO" w-normalized-cite="I259E58B041EA11DDAD6B0014224D2780" ID="Iec670e81bb6711e48aafd1f590b6e5eb">NASDAQ OMX Group Inc.</cite.query>-0-<eos/><eop/></p></text></content><indexing iso-language="en" value-add="machine-generated"><classification-terms><pres-location-block><bop/><bos/><pres-location-wrap><pres-location>Armenia</pres-location><pres-location-code>ISOAM</pres-location-code><alt1-location-code>1AR09</alt1-location-code></pres-location-wrap><pres-location-wrap><pres-location>CIS Countries</pres-location><pres-location-code>CISSTAT</pres-location-code><alt1-location-code>1CI64</alt1-location-code></pres-location-wrap><pres-location-wrap><pres-location>Eastern Europe</pres-location><pres-location-code>GEOEEUR</pres-location-code><alt1-location-code>1EA48</alt1-location-code></pres-location-wrap><pres-location-wrap><pres-location>Europe</pres-location><pres-location-code>GEOEUR</pres-location-code><alt1-location-code>1EU83</alt1-location-code></pres-location-wrap><eos/><eop/></pres-location-block></classification-terms><classification-terms><pres-subject-block><bop/><bos/><pres-subject-wrap><pres-subject>CIS</pres-subject><pres-subject-code>GEOCIS</pres-subject-code><alt1-subject-code>1CI65</alt1-subject-code></pres-subject-wrap><pres-subject-wrap><pres-subject>World Organizations</pres-subject><pres-subject-code>GEOORGS</pres-subject-code><alt1-subject-code>1IN77</alt1-subject-code></pres-subject-wrap><eos/><eop/></pres-subject-block><pres-industry-block><bop/><bos/><pres-industry-wrap><pres-industry>Electronic Components</pres-industry><pres-industry-code>ELECCOMP</pres-industry-code><alt1-industry-code>1EL91</alt1-industry-code></pres-industry-wrap><pres-industry-wrap><pres-industry>Electronics</pres-industry><pres-industry-code>ETRONICS</pres-industry-code><alt1-industry-code>1EL16</alt1-industry-code></pres-industry-wrap><pres-industry-wrap><pres-industry>Memory Chips</pres-industry><pres-industry-code>SCMEM</pres-industry-code><alt1-industry-code>1ME90</alt1-industry-code></pres-industry-wrap><pres-industry-wrap><pres-industry>Metals &amp; Mining</pres-industry><pres-industry-code>METALS</pres-industry-code><alt1-industry-code>1ME07</alt1-industry-code></pres-industry-wrap><pres-industry-wrap><pres-industry>Minor Metals &amp; Minerals</pres-industry><pres-industry-code>MINORORE</pres-industry-code><alt1-industry-code>1MI41</alt1-industry-code></pres-industry-wrap><pres-industry-wrap><pres-industry>Molybdenum</pres-industry><pres-industry-code>MOLY</pres-industry-code><alt1-industry-code>1MO03</alt1-industry-code></pres-industry-wrap><pres-industry-wrap><pres-industry>Natural Resources</pres-industry><pres-industry-code>RESOURCE</pres-industry-code><alt1-industry-code>1NA60</alt1-industry-code></pres-industry-wrap><pres-industry-wrap><pres-industry>Semiconductor</pres-industry><pres-industry-code>SCIND1</pres-industry-code><alt1-industry-code>1SE88</alt1-industry-code></pres-industry-wrap><pres-industry-wrap><pres-industry>Semiconductor Products</pres-industry><pres-industry-code>SCPROD1</pres-industry-code><alt1-industry-code>1SE02</alt1-industry-code></pres-industry-wrap><eos/><eop/></pres-industry-block></classification-terms><classification-terms><rcs-block><rcs>G:B</rcs><rcs>G:A</rcs><rcs>U:42</rcs><rcs>G:B2</rcs><rcs>B:20</rcs><rcs>G:Y</rcs><rcs>B:41</rcs><rcs>B:12</rcs><rcs>G:7I</rcs><rcs>U:1</rcs><rcs>B:19</rcs><rcs>B:164</rcs><rcs>B:163</rcs><rcs>G:AJ</rcs></rcs-block></classification-terms><extraction-terms><extr-company-block><bop/><bos/><norm-company oa-id="5000143907">NASDAQ OMX ARMENIA OPEN JSK</norm-company><norm-company-wrap><norm-company-name>NASDAQ OMX ARMENIA OPEN JSK</norm-company-name><company-ids><oa-id>5000143907</oa-id></company-ids><relevancy engine="1C">0.2</relevancy><confidence engine="1C">0.71</confidence></norm-company-wrap><norm-company oa-id="8589934167">NASDAQ OMX GROUP INC (THE)</norm-company><norm-company-wrap><norm-company-name>NASDAQ OMX GROUP INC (THE)</norm-company-name><company-ids><oa-id>8589934167</oa-id><ric norm="NDAQ.OQ">NDAQ.OQ</ric></company-ids><company-classification><trbc-wrap><trbc type="RCS">B:1648</trbc><trbc type="2012">5510205010</trbc><trbc type="perm-id">4294951353</trbc></trbc-wrap></company-classification><relevancy engine="1C">0.2</relevancy><confidence engine="1C">0.93</confidence></norm-company-wrap><eos/><eop/></extr-company-block></extraction-terms><extraction-terms><extr-person-block><bop/><bos/><extr-person>Vahan Stepanyan</extr-person><extr-person-wrap><extr-person-name>Vahan Stepanyan</extr-person-name><relevancy engine="1C">0.2</relevancy></extr-person-wrap><eos/><eop/></extr-person-block></extraction-terms></indexing></document></n-docbody>
</n-document>
<n-document guid="Ia0b27500b84d11e4b2bbc5ec03b6ef8a"><n-metadata><metadata.block><md.identifiers><md.cites><md.first.line.cite>2/19/15 NEWS 00:00:00</md.first.line.cite><md.second.line.cite>2/19/15 ARKA News Agency 00:00:00</md.second.line.cite></md.cites><md.uuid>Ia0b27500b84d11e4b2bbc5ec03b6ef8a</md.uuid></md.identifiers><md.infotype>news</md.infotype><md.sortkeys><md.ordersequence>f47363bec</md.ordersequence></md.sortkeys><md.descriptions><md.title>ANELIK BANK AWARDS WINNERS OF MONEY TRANSFER COMPETITION</md.title><md.westlawdescrip><md.readlist>READLIST</md.readlist></md.westlawdescrip></md.descriptions><md.dates><md.publisheddatetime>20150219101207</md.publisheddatetime><md.loaddate>20150219</md.loaddate><md.createddatetime>20150219101207</md.createddatetime></md.dates><md.subjects><md.subject><md.pubtype.name/><md.doctype.name>DNR</md.doctype.name><md.doctype.rank/><md.view>CNGE</md.view><md.view>RGEurope</md.view><md.view>PTNewswires</md.view><md.view>ARKANEWS0063786</md.view><md.view>INALLNEWS_ACTEST</md.view><md.view>INFARNEWS_AC</md.view><md.view>MARKETSEIKON_CN</md.view><md.view>MARKETSEIKON</md.view><md.view>CB_ASIAWIRES</md.view><md.view>INWIRES_AC</md.view><md.view>GULF_INTL</md.view><md.view>ININTNEWS_AC</md.view><md.view>ANZ_INTLOS</md.view><md.view>CLEAR_RF</md.view><md.view>INALLNEWS_AC</md.view><md.view>INNEWSINT_PRO</md.view><md.view>INBUSNEWS</md.view><md.view>INNEWSWORLD_PRO</md.view><md.view>INBUSNEWS_AC</md.view></md.subject></md.subjects><md.jurisdictions><md.jurisdiction><md.jurisstate>FE</md.jurisstate></md.jurisdiction></md.jurisdictions><md.publications><md.publication/><md.sourcepubid>ARKANEWS</md.sourcepubid></md.publications><md.royalty><md.royalty.code>84104</md.royalty.code></md.royalty></metadata.block><news.metadata.block><md.text.preview>BANKING NEWSYEREVAN, February 19. / ARKA /. Armenia-based Anelik Bank held a special ceremony today to award winners of a completion it had announced earlier for customers using money transfer systems. The competition was designed for all those</md.text.preview></news.metadata.block><newsplus.recommendable>1</newsplus.recommendable><n-view>CNGE</n-view><n-view>RGEurope</n-view><n-view>PTNewswires</n-view><n-view>ARKANEWS0063786</n-view><n-view>INALLNEWS_ACTEST</n-view><n-view>INFARNEWS_AC</n-view><n-view>MARKETSEIKON_CN</n-view><n-view>MARKETSEIKON</n-view><n-view>CB_ASIAWIRES</n-view><n-view>INWIRES_AC</n-view><n-view>GULF_INTL</n-view><n-view>ININTNEWS_AC</n-view><n-view>ANZ_INTLOS</n-view><n-view>CLEAR_RF</n-view><n-view>INALLNEWS_AC</n-view><n-view>INNEWSINT_PRO</n-view><n-view>INBUSNEWS</n-view><n-view>INNEWSWORLD_PRO</n-view><n-view>INBUSNEWS_AC</n-view><prism-stylesheet guid="Ia3024d301b6a11d89fc5f34981d3242f"/><prism-clipdate>20150219101207</prism-clipdate></n-metadata>
<n-docbody><document version="1" collection="D-ARKANEWS-T001" first-load-date="20150219101207" ip-product="ARKANEWS" royalty-id="84104" data-model="text" dtd-version="5.2.29" content-type="news" load-language="en"><supplier-info><supplier-num nitf="doc-id" nitf-regsrc="ARKA News Agency" type="accession">e3b800027c37ac63</supplier-num><internal-acc-num db-id="NEPRARKA" type="newz">20150219170.1_Ve3b800027c37ac63</internal-acc-num><rec-status><last-load-date>20150219101207</last-load-date><nitf-date ne="datereceived">20150219T15:40:27Z</nitf-date><nitf-date nitf="date-issue">20150219T00:00:00Z</nitf-date><last-provider-update>20150219154027</last-provider-update></rec-status><supplier-copyright>Copyright Â© 2015 ARKA<copyright-year/><copyright-holder>ARKA</copyright-holder></supplier-copyright><supplier-note nitf="urgency" nitf-ed-urg="4"/><supplier-dtds><dtd dtd-version="working" dtd-date="20150210T00:00:00Z">Canonical Taxonomy</dtd><dtd dtd-version="20150203" dtd-date="20150210T00:00:00Z">Mapping File</dtd></supplier-dtds><copyright-block type="dialog"><service-copyright n-include_guid="Ice671660f30811d88920000083149a14" n-include_collection="D-DIALOGCOPYRIGHTS-T001"/></copyright-block><copyright-block type="west"><service-copyright n-include_guid="I1DA35ED81DD211B281BAD200220BDFCA" n-include_collection="w_wlnv_msg"/></copyright-block><west-citation-block><bop/><first-line-cite><bos/>2/19/15 NEWS 00:00:00<eos/></first-line-cite><second-line-cite><bos/>2/19/15 ARKA News Agency 00:00:00<eos/></second-line-cite><eop/></west-citation-block></supplier-info><title-info iso-language="en"><bop/><title type="headline" nitf-hedline="hl1" key="key-title"><bos/><sort-title>ANELIK BANK AWARDS WINNERS OF MONEY TRANSFER COMPETITION</sort-title><eos/></title><eop/></title-info><pub-info><journal key="key-journal"><bop/><bos/><sort-journal>ARKA News Agency</sort-journal><eos/><eop/></journal><pub-date key="key-date" iso-time="T00:00:00Z" type="date.publication"><full-pub-date>February 19, 2015</full-pub-date><sort-pub-date>20150219</sort-pub-date><sort-pub-timestamp>20150219000000</sort-pub-timestamp><rank-date>20150219</rank-date><currency-timestamp>20150219000000</currency-timestamp></pub-date><original-pub><language iso-language="en">English</language></original-pub><src-data><src-journal-code>ANPV</src-journal-code><src-pub-code>0063786</src-pub-code><src-pub-type>Newswire</src-pub-type><src-pub-country-wrap><src-pub-country-code>GE</src-pub-country-code><src-pub-country>Georgia CIS</src-pub-country></src-pub-country-wrap><src-pub-region>Europe</src-pub-region></src-data></pub-info><content iso-language="en"><total-char-count>1503</total-char-count><derived-word-count><bop/><bos/>Word Count: 236<eos/><eop/></derived-word-count><text type="lead-para"><p nitf="lede"><bop/><bos/>BANKING NEWS<eos/><eop/></p><p nitf="lede"><bop/><bos/>YEREVAN, February 19. / ARKA /. Armenia-based <cite.query w-seq-number="00001" w-ref-type="CO" w-normalized-cite="IAB5AD290E2CE11DE916D8A11856AA63E" ID="I31daf620b85211e48aafd1f590b6e5eb">Anelik Bank</cite.query> held a special ceremony today to award winners of a completion it had announced earlier for customers using money transfer systems. <eos/><bos/>The competition was designed for all those customers, who would send or receive money transfers from November 1 to December 30, 2014 regardless of the amounts and frequency of remittances. <eos/><bos/>The drawing of prizes was held on January 23.<eos/><eop/></p></text><text type="body"><p><bop/><bos/>Deputy CEO of the bank, Hayk Mkrtchyan, handed the prizes - tablets, smartphones and certificates for free subscription to Internet services for a period of three months.<eos/><eop/></p><p><bop/><bos/>A press officer for the bank, Astghik Martirosyan, called on winners who were not present at the award ceremony, to look for their names on the list of awardees on the website of the bank or on its page in <cite.query w-seq-number="00002" w-ref-type="CO" w-normalized-cite="IE9D0907041EC11DDAD6B0014224D2780" ID="I31e24920b85211e48aafd1f590b6e5eb">Facebook</cite.query> and visit the bank to get their gifts.<eos/><eop/></p><p><bop/><bos/>She was quoted as saying in a press release that the bank will continue to organize similar competitions, special offers and promotions especially in 2015 which marks the 25th anniversary of <cite.query w-seq-number="00003" w-ref-type="CO" w-normalized-cite="IAB5AD290E2CE11DE916D8A11856AA63E" ID="I31e926f0b85211e48aafd1f590b6e5eb">Anelik Bank</cite.query>.<eos/><eop/></p><p><bop/><bos/><cite.query w-seq-number="00004" w-ref-type="CO" w-normalized-cite="IAB5AD290E2CE11DE916D8A11856AA63E" ID="I31f50dd0b85211e48aafd1f590b6e5eb">Anelik Bank</cite.query> established in 1990 is owned now fully by <cite.query w-seq-number="00005" w-ref-type="NM" w-normalized-cite="canonical_name::LEBANESE CREDITBANK" ID="I31f50dd1b85211e48aafd1f590b6e5eb">Lebanese CreditBank</cite.query>.<eos/><eop/></p><p><bop/><bos/>The bank&apos;s assets grew last year by 45% to 87 billion drams, up from 60 billion drams in 2013; its liabilities grew by almost 55% to have reached 72.6 billion drams, while its loan portfolio surged by almost 50% to 58.6 billion drams. <eos/><bos/>Profit before tax stood at 538 million drams against 1.4 billion drams in losses the bank incurred in 2013. <eos/><bos/>($1 - 479.16 drams).<eos/> -0-<eop/></p></text></content><indexing iso-language="en" value-add="machine-generated"><classification-terms><pres-location-block><bop/><bos/><pres-location-wrap><pres-location>Armenia</pres-location><pres-location-code>ISOAM</pres-location-code><alt1-location-code>1AR09</alt1-location-code></pres-location-wrap><pres-location-wrap><pres-location>CIS Countries</pres-location><pres-location-code>CISSTAT</pres-location-code><alt1-location-code>1CI64</alt1-location-code></pres-location-wrap><pres-location-wrap><pres-location>Eastern Europe</pres-location><pres-location-code>GEOEEUR</pres-location-code><alt1-location-code>1EA48</alt1-location-code></pres-location-wrap><pres-location-wrap><pres-location>Europe</pres-location><pres-location-code>GEOEUR</pres-location-code><alt1-location-code>1EU83</alt1-location-code></pres-location-wrap><eos/><eop/></pres-location-block></classification-terms><classification-terms><pres-subject-block><bop/><bos/><pres-subject-wrap><pres-subject>Economic Indicators</pres-subject><pres-subject-code>ECONWRLD</pres-subject-code><alt1-subject-code>1EC19</alt1-subject-code></pres-subject-wrap><pres-subject-wrap><pres-subject>Economics &amp; Trade</pres-subject><pres-subject-code>TRADE</pres-subject-code><alt1-subject-code>1EC26</alt1-subject-code></pres-subject-wrap><pres-subject-wrap><pres-subject>Industrial Output</pres-subject><pres-subject-code>OUTPUT</pres-subject-code><alt1-subject-code>1IN17</alt1-subject-code></pres-subject-wrap><eos/><eop/></pres-subject-block><pres-industry-block><bop/><bos/><pres-industry-wrap><pres-industry>Bank Marketing</pres-industry><pres-industry-code>BANKMKTG</pres-industry-code><alt1-industry-code>1BA80</alt1-industry-code></pres-industry-wrap><pres-industry-wrap><pres-industry>Banking</pres-industry><pres-industry-code>BANKOVER</pres-industry-code><alt1-industry-code>1BA20</alt1-industry-code></pres-industry-wrap><pres-industry-wrap><pres-industry>Financial Services</pres-industry><pres-industry-code>FINSVC</pres-industry-code><alt1-industry-code>1FI37</alt1-industry-code></pres-industry-wrap><pres-industry-wrap><pres-industry>Metals &amp; Mining</pres-industry><pres-industry-code>METALS</pres-industry-code><alt1-industry-code>1ME07</alt1-industry-code></pres-industry-wrap><pres-industry-wrap><pres-industry>Minor Metals &amp; Minerals</pres-industry><pres-industry-code>MINORORE</pres-industry-code><alt1-industry-code>1MI41</alt1-industry-code></pres-industry-wrap><pres-industry-wrap><pres-industry>Molybdenum</pres-industry><pres-industry-code>MOLY</pres-industry-code><alt1-industry-code>1MO03</alt1-industry-code></pres-industry-wrap><pres-industry-wrap><pres-industry>Natural Resources</pres-industry><pres-industry-code>RESOURCE</pres-industry-code><alt1-industry-code>1NA60</alt1-industry-code></pres-industry-wrap><eos/><eop/></pres-industry-block></classification-terms><classification-terms><rcs-block><rcs>G:B</rcs><rcs>E:5</rcs><rcs>G:A</rcs><rcs>U:42</rcs><rcs>G:B2</rcs><rcs>B:20</rcs><rcs>B:127</rcs><rcs>E:9</rcs><rcs>B:128</rcs><rcs>B:125</rcs><rcs>B:126</rcs><rcs>G:Y</rcs><rcs>B:12</rcs><rcs>G:7I</rcs><rcs>I:19</rcs><rcs>U:1</rcs><rcs>B:19</rcs><rcs>G:AJ</rcs></rcs-block></classification-terms><extraction-terms><extr-company-block><bop/><bos/><extr-company>Astghik Martirosyan</extr-company><extr-company-wrap><extr-company-name>Astghik Martirosyan</extr-company-name><relevancy engine="1C">0.2</relevancy><confidence engine="1C">0.89</confidence></extr-company-wrap><norm-company oa-id="5000023584">ANELIK BANK CLOSED JSK</norm-company><norm-company-wrap><norm-company-name>ANELIK BANK CLOSED JSK</norm-company-name><company-ids><oa-id>5000023584</oa-id></company-ids><company-classification><trbc-wrap><trbc type="RCS">B:128</trbc><trbc type="2012">55101010</trbc><trbc type="perm-id">4294952873</trbc></trbc-wrap></company-classification><relevancy engine="1C">0.8</relevancy><confidence engine="1C">0.84</confidence></norm-company-wrap><norm-company oa-id="4297297477">FACEBOOK INC</norm-company><norm-company-wrap><norm-company-name>FACEBOOK INC</norm-company-name><company-ids><oa-id>4297297477</oa-id><ric norm="FB.OQ">FB.OQ</ric></company-ids><company-classification><trbc-wrap><trbc type="RCS">B:1806</trbc><trbc type="2012">5720103012</trbc><trbc type="perm-id">4294951195</trbc></trbc-wrap></company-classification><relevancy engine="1C">0.2</relevancy><confidence engine="1C">0.91</confidence></norm-company-wrap><eos/><eop/></extr-company-block></extraction-terms></indexing></document></n-docbody>
</n-document>
<n-document guid="I49af8c90b85511e4b4e0b57f88a9e6a4"><n-metadata><metadata.block><md.identifiers><md.cites><md.first.line.cite>2/19/15 NEWS 00:00:00</md.first.line.cite><md.second.line.cite>2/19/15 ARKA News Agency 00:00:00</md.second.line.cite></md.cites><md.uuid>I49af8c90b85511e4b4e0b57f88a9e6a4</md.uuid></md.identifiers><md.infotype>news</md.infotype><md.sortkeys><md.ordersequence>f47363bec</md.ordersequence></md.sortkeys><md.descriptions><md.title>EBRD AMD-DENOMINATED BONDS LISTED AT NASDAQ OMX ARMENIA</md.title><md.westlawdescrip><md.readlist>READLIST</md.readlist></md.westlawdescrip></md.descriptions><md.dates><md.publisheddatetime>20150219112231</md.publisheddatetime><md.loaddate>20150219</md.loaddate><md.createddatetime>20150219112231</md.createddatetime></md.dates><md.subjects><md.subject><md.pubtype.name/><md.doctype.name>DNR</md.doctype.name><md.doctype.rank/><md.view>CNGE</md.view><md.view>RGEurope</md.view><md.view>PTNewswires</md.view><md.view>ARKANEWS0063786</md.view><md.view>INALLNEWS_ACTEST</md.view><md.view>INFARNEWS_AC</md.view><md.view>MARKETSEIKON_CN</md.view><md.view>MARKETSEIKON</md.view><md.view>CB_ASIAWIRES</md.view><md.view>INWIRES_AC</md.view><md.view>GULF_INTL</md.view><md.view>ININTNEWS_AC</md.view><md.view>ANZ_INTLOS</md.view><md.view>CLEAR_RF</md.view><md.view>INALLNEWS_AC</md.view><md.view>INNEWSINT_PRO</md.view><md.view>INBUSNEWS</md.view><md.view>INNEWSWORLD_PRO</md.view><md.view>INBUSNEWS_AC</md.view></md.subject></md.subjects><md.jurisdictions><md.jurisdiction><md.jurisstate>FE</md.jurisstate></md.jurisdiction></md.jurisdictions><md.publications><md.publication/><md.sourcepubid>ARKANEWS</md.sourcepubid></md.publications><md.royalty><md.royalty.code>84104</md.royalty.code></md.royalty></metadata.block><news.metadata.block><md.text.preview>STOCK MARKETYEREVAN, February 19. / ARKA /. On February 19, 2015 the third issue of AMD denominated coupon bonds by European Bank for Reconstruction and Development (EBRD) were listed at NASDAQ Armenia on the main Abond list.</md.text.preview></news.metadata.block><newsplus.recommendable>1</newsplus.recommendable><n-view>CNGE</n-view><n-view>RGEurope</n-view><n-view>PTNewswires</n-view><n-view>ARKANEWS0063786</n-view><n-view>INALLNEWS_ACTEST</n-view><n-view>INFARNEWS_AC</n-view><n-view>MARKETSEIKON_CN</n-view><n-view>MARKETSEIKON</n-view><n-view>CB_ASIAWIRES</n-view><n-view>INWIRES_AC</n-view><n-view>GULF_INTL</n-view><n-view>ININTNEWS_AC</n-view><n-view>ANZ_INTLOS</n-view><n-view>CLEAR_RF</n-view><n-view>INALLNEWS_AC</n-view><n-view>INNEWSINT_PRO</n-view><n-view>INBUSNEWS</n-view><n-view>INNEWSWORLD_PRO</n-view><n-view>INBUSNEWS_AC</n-view><prism-stylesheet guid="Ia3024d301b6a11d89fc5f34981d3242f"/><prism-clipdate>20150219112231</prism-clipdate></n-metadata>
<n-docbody><document version="1" collection="D-ARKANEWS-T001" first-load-date="20150219112231" ip-product="ARKANEWS" royalty-id="84104" data-model="text" dtd-version="5.2.29" content-type="news" load-language="en"><supplier-info><supplier-num nitf="doc-id" nitf-regsrc="ARKA News Agency" type="accession">a05b0004cf9897ed</supplier-num><internal-acc-num db-id="NEPRARKA" type="newz">20150219170.1_Va05b0004cf9897ed</internal-acc-num><rec-status><last-load-date>20150219112231</last-load-date><nitf-date ne="datereceived">20150219T16:35:17Z</nitf-date><nitf-date nitf="date-issue">20150219T00:00:00Z</nitf-date><last-provider-update>20150219163517</last-provider-update></rec-status><supplier-copyright>Copyright Â© 2015 ARKA<copyright-year/><copyright-holder>ARKA</copyright-holder></supplier-copyright><supplier-note nitf="urgency" nitf-ed-urg="4"/><supplier-dtds><dtd dtd-version="working" dtd-date="20150210T00:00:00Z">Canonical Taxonomy</dtd><dtd dtd-version="20150203" dtd-date="20150210T00:00:00Z">Mapping File</dtd></supplier-dtds><copyright-block type="dialog"><service-copyright n-include_guid="Ice671660f30811d88920000083149a14" n-include_collection="D-DIALOGCOPYRIGHTS-T001"/></copyright-block><copyright-block type="west"><service-copyright n-include_guid="I1DA35ED81DD211B281BAD200220BDFCA" n-include_collection="w_wlnv_msg"/></copyright-block><west-citation-block><bop/><first-line-cite><bos/>2/19/15 NEWS 00:00:00<eos/></first-line-cite><second-line-cite><bos/>2/19/15 ARKA News Agency 00:00:00<eos/></second-line-cite><eop/></west-citation-block></supplier-info><title-info iso-language="en"><bop/><title type="headline" nitf-hedline="hl1" key="key-title"><bos/><sort-title>EBRD AMD-DENOMINATED BONDS LISTED AT <cite.query w-seq-number="00001" w-ref-type="CO" w-normalized-cite="IB3F93E8029C011DF9BD7C7F341E042AB" ID="I21b99530b85c11e4a473ab2fe28dacbc">NASDAQ</cite.query> OMX ARMENIA</sort-title><eos/></title><eop/></title-info><pub-info><journal key="key-journal"><bop/><bos/><sort-journal>ARKA News Agency</sort-journal><eos/><eop/></journal><pub-date key="key-date" iso-time="T00:00:00Z" type="date.publication"><full-pub-date>February 19, 2015</full-pub-date><sort-pub-date>20150219</sort-pub-date><sort-pub-timestamp>20150219000000</sort-pub-timestamp><rank-date>20150219</rank-date><currency-timestamp>20150219000000</currency-timestamp></pub-date><original-pub><language iso-language="en">English</language></original-pub><src-data><src-journal-code>ANPV</src-journal-code><src-pub-code>0063786</src-pub-code><src-pub-type>Newswire</src-pub-type><src-pub-country-wrap><src-pub-country-code>GE</src-pub-country-code><src-pub-country>Georgia CIS</src-pub-country></src-pub-country-wrap><src-pub-region>Europe</src-pub-region></src-data></pub-info><content iso-language="en"><total-char-count>2141</total-char-count><derived-word-count><bop/><bos/>Word Count: 332<eos/><eop/></derived-word-count><text type="lead-para"><p nitf="lede"><bop/><bos/>STOCK MARKET<eos/><eop/></p><p nitf="lede"><bop/><bos/>YEREVAN, February 19. / ARKA /. On February 19, 2015 the third issue of AMD denominated coupon bonds by <cite.query w-seq-number="00002" w-ref-type="CO" w-normalized-cite="IBAFB90B169EC11DDB89AB9FC5024B35B" ID="I21cf8e30b85c11e4a473ab2fe28dacbc">European Bank for Reconstruction and Development (EBRD</cite.query>) were listed at <cite.query w-seq-number="00003" w-ref-type="NM" w-normalized-cite="canonical_name::NASDAQ ARMENIA" ID="I21cf8e31b85c11e4a473ab2fe28dacbc">NASDAQ Armenia</cite.query> on the main Abond list.<eos/><eop/></p></text><text type="body"><p><bop/><bos/>The <cite.query w-seq-number="00004" w-ref-type="CO" w-normalized-cite="IBAFB90B169EC11DDB89AB9FC5024B35B" ID="I21db4e00b85c11e4a473ab2fe28dacbc">EBRD</cite.query>&apos;s bonds comprising of 200,000 coupon bonds with nominal value of <cite.query w-seq-number="00005" w-ref-type="CO" w-normalized-cite="I27218B6541EC11DDAD6B0014224D2780" ID="I21db4e01b85c11e4a473ab2fe28dacbc">AMD</cite.query> 10,000, coupon rate of 14.5%, maturity period of 6 months will be traded under EBRDB3 ticker symbol and allowed to manual and REPO trading as well. <eos/><bos/>Bonds have been assigned AMEBRDB63UK7 ISIN by Central Depository of Armenia.<eos/><eop/></p><p><bop/><bos/>To recall, on February 11, 2015 placement of this issue of bonds by <cite.query w-seq-number="00006" w-ref-type="CO" w-normalized-cite="IBAFB90B169EC11DDB89AB9FC5024B35B" ID="I21e909a0b85c11e4a473ab2fe28dacbc">EBRD</cite.query> took place at <cite.query w-seq-number="00007" w-ref-type="NM" w-normalized-cite="canonical_name::NASDAQ ARMENIA" ID="I21e909a1b85c11e4a473ab2fe28dacbc">NASDAQ Armenia</cite.query>. <eos/><bos/>Buy orders for a total amount of AMD 2.792 billion were placed for the bonds, as a result of which the bonds were fully allocated. <eos/><bos/>The Issuer has attracted AMD 2 bilion from placement.<eos/><eop/></p><p><bop/><bos/>This is the third issue of the <cite.query w-seq-number="00008" w-ref-type="CO" w-normalized-cite="IBAFB90B169EC11DDB89AB9FC5024B35B" ID="I21f11ff0b85c11e4a473ab2fe28dacbc">EBRD</cite.query>&apos;s bonds listed on the main Abond list. <eos/><bos/>The first issue of AMD denominated coupon bonds with floating rate was redeemed on February 02, 2015 and the second issue will be redeemed on July 30, 2015.<eos/><eop/></p><p><bop/><bos/><cite.query w-seq-number="00009" w-ref-type="CO" w-normalized-cite="IB3F93E8029C011DF9BD7C7F341E042AB" ID="I22019ab0b85c11e4a473ab2fe28dacbc">NASDAQ</cite.query> OMX Armenia is the new name of the <cite.query w-seq-number="00010" w-ref-type="CO" w-normalized-cite="IFC75AA8441EC11DDAD6B0014224D2780" ID="I22019ab1b85c11e4a473ab2fe28dacbc">Armenian Stock Exchange</cite.query> ojsc (renamed on January 27, 2009), however, it is also used to refer jointly to the stock exchange and the Central Depository of Armenia ojsc (CDA), as the both companies have been members of the <cite.query w-seq-number="00011" w-ref-type="CO" w-normalized-cite="I259E58B041EA11DDAD6B0014224D2780" ID="I22019ab2b85c11e4a473ab2fe28dacbc">NASDAQ OMX Group, Inc.</cite.query> since early 2008.<eos/><eop/></p><p><bop/><bos/><cite.query w-seq-number="00012" w-ref-type="CO" w-normalized-cite="IB3F93E8029C011DF9BD7C7F341E042AB" ID="I220ce550b85c11e4a473ab2fe28dacbc">NASDAQ</cite.query> OMX Armenia and the <cite.query w-seq-number="00013" w-ref-type="MM" w-normalized-cite="canonical_name::CDA" ID="I220ce551b85c11e4a473ab2fe28dacbc">CDA</cite.query> are the major securities market infrastructure institutions in Armenia. <eos/><bos/>Since their inception in 2000, both companies had operated as self-regulatory organizations established by member broker companies, up until demutualization in 2007.<eos/><eop/></p><p><bop/><bos/><cite.query w-seq-number="00014" w-ref-type="CO" w-normalized-cite="IB3F93E8029C011DF9BD7C7F341E042AB" ID="I2219b690b85c11e4a473ab2fe28dacbc">NASDAQ</cite.query> OMX Armenia is a part of the world&apos;s largest exchange company, the <cite.query w-seq-number="00015" w-ref-type="CO" w-normalized-cite="I259E58B041EA11DDAD6B0014224D2780" ID="I2219b691b85c11e4a473ab2fe28dacbc">NASDAQ OMX Group, Inc.</cite.query><eos/><eop/></p><p><bop/><bos/>EBRD is an international organization formed under the Agreement Establishing the Bank dated 29th May, 1990 (the &quot;Agreement&quot;), signed by 40 countries, together with the <cite.query w-seq-number="00016" w-ref-type="WC" w-normalized-cite="I01AC0ED056FE11E0B507DE267DF909C1" ID="I2228f8d0b85c11e4a473ab2fe28dacbc">European Economic Community</cite.query> and the <cite.query w-seq-number="00017" w-ref-type="WC" w-normalized-cite="I3FD82870CA7511E0B886935AC135F388" ID="I2228f8d1b85c11e4a473ab2fe28dacbc">European Investment Bank.</cite.query> <eos/><bos/>The Agreement came into force on 28th March, 1991 and the Bank commenced operations on 15th April, 1991. <eos/><bos/><cite.query w-seq-number="00018" w-ref-type="CO" w-normalized-cite="IBAFB90B169EC11DDB89AB9FC5024B35B" ID="I2228f8d2b85c11e4a473ab2fe28dacbc">EBRD</cite.query> has currently 66 members including Armenia. <eos/><bos/>The Company&apos;s principal office is in London.<eos/><eop/></p></text></content><indexing iso-language="en" value-add="machine-generated"><classification-terms><pres-location-block><bop/><bos/><pres-location-wrap><pres-location>Armenia</pres-location><pres-location-code>ISOAM</pres-location-code><alt1-location-code>1AR09</alt1-location-code></pres-location-wrap><pres-location-wrap><pres-location>CIS Countries</pres-location><pres-location-code>CISSTAT</pres-location-code><alt1-location-code>1CI64</alt1-location-code></pres-location-wrap><pres-location-wrap><pres-location>Eastern Europe</pres-location><pres-location-code>GEOEEUR</pres-location-code><alt1-location-code>1EA48</alt1-location-code></pres-location-wrap><pres-location-wrap><pres-location>Europe</pres-location><pres-location-code>GEOEUR</pres-location-code><alt1-location-code>1EU83</alt1-location-code></pres-location-wrap><eos/><eop/></pres-location-block></classification-terms><classification-terms><pres-subject-block><bop/><bos/><pres-subject-wrap><pres-subject>Bond Instruments</pres-subject><pres-subject-code>BONDINST</pres-subject-code><alt1-subject-code>1BO92</alt1-subject-code></pres-subject-wrap><pres-subject-wrap><pres-subject>Bond Issues</pres-subject><pres-subject-code>NEWBONDS</pres-subject-code><alt1-subject-code>1BO94</alt1-subject-code></pres-subject-wrap><pres-subject-wrap><pres-subject>CIS</pres-subject><pres-subject-code>GEOCIS</pres-subject-code><alt1-subject-code>1CI65</alt1-subject-code></pres-subject-wrap><pres-subject-wrap><pres-subject>Financial Markets</pres-subject><pres-subject-code>BOURSE</pres-subject-code><alt1-subject-code>1FI87</alt1-subject-code></pres-subject-wrap><pres-subject-wrap><pres-subject>Funding Instruments</pres-subject><pres-subject-code>INVSTING</pres-subject-code><alt1-subject-code>1FU41</alt1-subject-code></pres-subject-wrap><pres-subject-wrap><pres-subject>Supranational Agency Bonds</pres-subject><pres-subject-code>SUPRAS</pres-subject-code><alt1-subject-code>1SU53</alt1-subject-code></pres-subject-wrap><pres-subject-wrap><pres-subject>World Organizations</pres-subject><pres-subject-code>GEOORGS</pres-subject-code><alt1-subject-code>1IN77</alt1-subject-code></pres-subject-wrap><eos/><eop/></pres-subject-block><pres-industry-block><bop/><bos/><pres-industry-wrap><pres-industry>Bonds</pres-industry><pres-industry-code>BONDS</pres-industry-code><alt1-industry-code>1BO97</alt1-industry-code></pres-industry-wrap><pres-industry-wrap><pres-industry>Financial Services</pres-industry><pres-industry-code>FINSVC</pres-industry-code><alt1-industry-code>1FI37</alt1-industry-code></pres-industry-wrap><pres-industry-wrap><pres-industry>Fixed Income Investments</pres-industry><pres-industry-code>FIXEDINV</pres-industry-code><alt1-industry-code>1FI12</alt1-industry-code></pres-industry-wrap><pres-industry-wrap><pres-industry>Investment Management</pres-industry><pres-industry-code>INVSTMAN</pres-industry-code><alt1-industry-code>1IN34</alt1-industry-code></pres-industry-wrap><pres-industry-wrap><pres-industry>Securities Investment</pres-industry><pres-industry-code>PTSECUR</pres-industry-code><alt1-industry-code>1SE57</alt1-industry-code></pres-industry-wrap><eos/><eop/></pres-industry-block></classification-terms><classification-terms><rcs-block><rcs>E:6</rcs><rcs>G:B</rcs><rcs>E:W</rcs><rcs>G:A</rcs><rcs>G:B2</rcs><rcs>B:125</rcs><rcs>B:126</rcs><rcs>G:Y</rcs><rcs>A:JL</rcs><rcs>G:7I</rcs><rcs>A:U</rcs><rcs>E:5I</rcs><rcs>B:130</rcs><rcs>A:2</rcs><rcs>G:AJ</rcs></rcs-block></classification-terms><extraction-terms><extr-company-block><bop/><bos/><norm-company oa-id="4297735232">AMD INDUSTRIES LTD</norm-company><norm-company-wrap><norm-company-name>AMD INDUSTRIES LTD</norm-company-name><company-ids><oa-id>4297735232</oa-id><ric norm="AMDM.NS">AMDM.NS</ric></company-ids><company-classification><trbc-wrap><trbc type="RCS">B:1126</trbc><trbc type="2012">5130201010</trbc><trbc type="perm-id">4294951875</trbc></trbc-wrap></company-classification><relevancy engine="1C">0.8</relevancy><confidence engine="1C">0.7</confidence></norm-company-wrap><norm-company oa-id="4296239105">CENTRAL DEPOSITORY OF ARMENIA OJSC</norm-company><norm-company-wrap><norm-company-name>CENTRAL DEPOSITORY OF ARMENIA OJSC</norm-company-name><company-ids><oa-id>4296239105</oa-id></company-ids><company-classification><trbc-wrap><trbc type="RCS">B:128</trbc><trbc type="2012">55101010</trbc><trbc type="perm-id">4294952873</trbc></trbc-wrap></company-classification><relevancy engine="1C">0.2</relevancy><confidence engine="1C">0.85</confidence></norm-company-wrap><norm-company oa-id="4295867677">ALPES SA</norm-company><norm-company-wrap><norm-company-name>ALPES SA</norm-company-name><company-ids><oa-id>4295867677</oa-id><ric norm="CDAF.PA">CDAF.PA</ric></company-ids><company-classification><trbc-wrap><trbc type="RCS">B:1419</trbc><trbc type="2012">5330104010</trbc><trbc type="perm-id">4294951582</trbc></trbc-wrap></company-classification><relevancy engine="1C">0.2</relevancy><confidence engine="1C">0.92</confidence></norm-company-wrap><norm-company oa-id="8589934159">EUROPEAN INVESTMENT BANK GROUP</norm-company><norm-company-wrap><norm-company-name>EUROPEAN INVESTMENT BANK GROUP</norm-company-name><company-ids><oa-id>8589934159</oa-id></company-ids><company-classification><trbc-wrap><trbc type="RCS">B:1615</trbc><trbc type="2012">5510101010</trbc><trbc type="perm-id">4294951386</trbc></trbc-wrap></company-classification><relevancy engine="1C">0.2</relevancy><confidence engine="1C">0.92</confidence></norm-company-wrap><norm-company oa-id="8589934160">EUROPEAN BANK FOR RECONSTRUCTION AND DEVELOPMENT</norm-company><norm-company-wrap><norm-company-name>EUROPEAN BANK FOR RECONSTRUCTION AND DEVELOPMENT</norm-company-name><company-ids><oa-id>8589934160</oa-id></company-ids><company-classification><trbc-wrap><trbc type="RCS">B:1615</trbc><trbc type="2012">5510101010</trbc><trbc type="perm-id">4294951386</trbc></trbc-wrap></company-classification><relevancy engine="1C">0.2</relevancy><confidence engine="1C">0.87</confidence></norm-company-wrap><norm-company oa-id="5000143907">NASDAQ OMX ARMENIA OPEN JSK</norm-company><norm-company-wrap><norm-company-name>NASDAQ OMX ARMENIA OPEN JSK</norm-company-name><company-ids><oa-id>5000143907</oa-id></company-ids><relevancy engine="1C">0.8</relevancy><confidence engine="1C">0.84</confidence></norm-company-wrap><norm-company oa-id="8589934167">NASDAQ OMX GROUP INC (THE)</norm-company><norm-company-wrap><norm-company-name>NASDAQ OMX GROUP INC (THE)</norm-company-name><company-ids><oa-id>8589934167</oa-id><ric norm="NDAQ.OQ">NDAQ.OQ</ric></company-ids><company-classification><trbc-wrap><trbc type="RCS">B:1648</trbc><trbc type="2012">5510205010</trbc><trbc type="perm-id">4294951353</trbc></trbc-wrap></company-classification><relevancy engine="1C">0.2</relevancy><confidence engine="1C">0.99</confidence></norm-company-wrap><eos/><eop/></extr-company-block></extraction-terms></indexing></document></n-docbody>
</n-document>
<n-document guid="I17857f10b77c11e4b82f8afde57752dc"><n-metadata><metadata.block><md.identifiers><md.cites><md.first.line.cite>2/18/15 NEWS 00:00:00</md.first.line.cite><md.second.line.cite>2/18/15 ARKA News Agency 00:00:00</md.second.line.cite></md.cites><md.uuid>I17857f10b77c11e4b82f8afde57752dc</md.uuid></md.identifiers><md.infotype>news</md.infotype><md.sortkeys><md.ordersequence>f47363bec</md.ordersequence></md.sortkeys><md.descriptions><md.title>CARFAX SERVICE AVAILABLE IN ARMENIA</md.title><md.westlawdescrip><md.readlist>READLIST</md.readlist></md.westlawdescrip></md.descriptions><md.dates><md.publisheddatetime>20150218084108</md.publisheddatetime><md.loaddate>20150218</md.loaddate><md.createddatetime>20150218084108</md.createddatetime></md.dates><md.subjects><md.subject><md.pubtype.name/><md.doctype.name>DNR</md.doctype.name><md.doctype.rank/><md.view>CNGE</md.view><md.view>RGEurope</md.view><md.view>PTNewswires</md.view><md.view>ARKANEWS0063786</md.view><md.view>INALLNEWS_ACTEST</md.view><md.view>INFARNEWS_AC</md.view><md.view>MARKETSEIKON_CN</md.view><md.view>MARKETSEIKON</md.view><md.view>CB_ASIAWIRES</md.view><md.view>INWIRES_AC</md.view><md.view>GULF_INTL</md.view><md.view>ININTNEWS_AC</md.view><md.view>ANZ_INTLOS</md.view><md.view>CLEAR_RF</md.view><md.view>INALLNEWS_AC</md.view><md.view>INNEWSINT_PRO</md.view><md.view>INBUSNEWS</md.view><md.view>INNEWSWORLD_PRO</md.view><md.view>INBUSNEWS_AC</md.view></md.subject></md.subjects><md.jurisdictions><md.jurisdiction><md.jurisstate>FE</md.jurisstate></md.jurisdiction></md.jurisdictions><md.publications><md.publication/><md.sourcepubid>ARKANEWS</md.sourcepubid></md.publications><md.royalty><md.royalty.code>84104</md.royalty.code></md.royalty></metadata.block><news.metadata.block><md.text.preview>INFORMATION TECHNOLOGIESYEREVAN, February 18. / ARKA /. Carfax, a commercial web-based service that supplies vehicle history reports to individuals and businesses on used cars and light trucks is now available in Armenia. In Armenia the service is</md.text.preview></news.metadata.block><newsplus.recommendable>1</newsplus.recommendable><n-view>CNGE</n-view><n-view>RGEurope</n-view><n-view>PTNewswires</n-view><n-view>ARKANEWS0063786</n-view><n-view>INALLNEWS_ACTEST</n-view><n-view>INFARNEWS_AC</n-view><n-view>MARKETSEIKON_CN</n-view><n-view>MARKETSEIKON</n-view><n-view>CB_ASIAWIRES</n-view><n-view>INWIRES_AC</n-view><n-view>GULF_INTL</n-view><n-view>ININTNEWS_AC</n-view><n-view>ANZ_INTLOS</n-view><n-view>CLEAR_RF</n-view><n-view>INALLNEWS_AC</n-view><n-view>INNEWSINT_PRO</n-view><n-view>INBUSNEWS</n-view><n-view>INNEWSWORLD_PRO</n-view><n-view>INBUSNEWS_AC</n-view><prism-stylesheet guid="Ia3024d301b6a11d89fc5f34981d3242f"/><prism-clipdate>20150218084108</prism-clipdate></n-metadata>
<n-docbody><document version="1" collection="D-ARKANEWS-T001" first-load-date="20150218084108" ip-product="ARKANEWS" royalty-id="84104" data-model="text" dtd-version="5.2.29" content-type="news" load-language="en"><supplier-info><supplier-num nitf="doc-id" nitf-regsrc="ARKA News Agency" type="accession">19360001807a50eb</supplier-num><internal-acc-num db-id="NEPRARKA" type="newz">20150218170.1_V19360001807a50eb</internal-acc-num><rec-status><last-load-date>20150218084108</last-load-date><nitf-date ne="datereceived">20150218T14:40:32Z</nitf-date><nitf-date nitf="date-issue">20150218T00:00:00Z</nitf-date><last-provider-update>20150218144032</last-provider-update></rec-status><supplier-copyright>Copyright Â© 2015 ARKA<copyright-year/><copyright-holder>ARKA</copyright-holder></supplier-copyright><supplier-note nitf="urgency" nitf-ed-urg="4"/><supplier-dtds><dtd dtd-version="working" dtd-date="20150210T00:00:00Z">Canonical Taxonomy</dtd><dtd dtd-version="20150203" dtd-date="20150210T00:00:00Z">Mapping File</dtd></supplier-dtds><copyright-block type="dialog"><service-copyright n-include_guid="Ice671660f30811d88920000083149a14" n-include_collection="D-DIALOGCOPYRIGHTS-T001"/></copyright-block><copyright-block type="west"><service-copyright n-include_guid="I1DA35ED81DD211B281BAD200220BDFCA" n-include_collection="w_wlnv_msg"/></copyright-block><west-citation-block><bop/><first-line-cite><bos/>2/18/15 NEWS 00:00:00<eos/></first-line-cite><second-line-cite><bos/>2/18/15 ARKA News Agency 00:00:00<eos/></second-line-cite><eop/></west-citation-block></supplier-info><title-info iso-language="en"><bop/><title type="headline" nitf-hedline="hl1" key="key-title"><bos/><sort-title>CARFAX SERVICE AVAILABLE IN ARMENIA</sort-title><eos/></title><eop/></title-info><pub-info><journal key="key-journal"><bop/><bos/><sort-journal>ARKA News Agency</sort-journal><eos/><eop/></journal><pub-date key="key-date" iso-time="T00:00:00Z" type="date.publication"><full-pub-date>February 18, 2015</full-pub-date><sort-pub-date>20150218</sort-pub-date><sort-pub-timestamp>20150218000000</sort-pub-timestamp><rank-date>20150218</rank-date><currency-timestamp>20150218000000</currency-timestamp></pub-date><original-pub><language iso-language="en">English</language></original-pub><src-data><src-journal-code>ANPV</src-journal-code><src-pub-code>0063786</src-pub-code><src-pub-type>Newswire</src-pub-type><src-pub-country-wrap><src-pub-country-code>GE</src-pub-country-code><src-pub-country>Georgia CIS</src-pub-country></src-pub-country-wrap><src-pub-region>Europe</src-pub-region></src-data></pub-info><content iso-language="en"><total-char-count>1126</total-char-count><derived-word-count><bop/><bos/>Word Count: 178<eos/><eop/></derived-word-count><text type="lead-para"><p nitf="lede"><bop/><bos/><cite.query w-seq-number="00001" w-ref-type="WC" w-normalized-cite="I76DF065242BE11DDA1BC0014224D2780" ID="I5483f7c0b77c11e4bc18aa5a062eb396">INFORMATION TECHNOLOGIES</cite.query><eos/><eop/></p><p nitf="lede"><bop/><bos/>YEREVAN, February 18. / ARKA /. Carfax, a commercial web-based service that supplies vehicle history reports to individuals and businesses on used cars and light trucks is now available in Armenia. <eos/><bos/>In Armenia the service is available through 4car.am website designed for motorists. <eos/><bos/>It is the official partner of <cite.query w-seq-number="00002" w-ref-type="CO" w-normalized-cite="IE1904BB36D5911DDB4DC891F45FFF936" ID="I548ad590b77c11e4bc18aa5a062eb396">CARFAX</cite.query> in Armenia.<eos/><eop/></p></text><text type="body"><p><bop/><bos/>Carfax tracks the history of every vehicle based on its Vehicle Identification Number (VIN), the information of which can be helpful when buying a used car.<eos/><eop/></p><p><bop/><bos/><cite.query w-seq-number="00003" w-ref-type="CO" w-normalized-cite="IE1904BB36D5911DDB4DC891F45FFF936" ID="I54922890b77c11e4bc18aa5a062eb396">Carfax</cite.query> offers several free products and services and charges a fee for more comprehensive reports.<eos/><eop/></p><p><bop/><bos/>&quot;Providing CARFAX services to Armenian motorists buying used cars from the USA through &quot;one window &quot;is part of our policy of offering comprehensive services. <eos/><bos/>We are going to unveil new services very soon, including online request and payment of property tax, a request for a license plate from mobile phone and so on,&quot; Levon Yeghian, director of Dralvtek company that created 4car.am said.<eos/><eop/></p><p><bop/><bos/>The 4car.am was founded in 2012 by young professionals from <cite.query w-seq-number="00004" w-ref-type="MM" w-normalized-cite="canonical_name::MICROSOFT" ID="I549b0230b77c11e4bc18aa5a062eb396">Microsoft</cite.query> Innovation Center with the support from Nikita Mobile. - 0-<eos/><eop/></p></text></content><indexing iso-language="en" value-add="machine-generated"><classification-terms><pres-location-block><bop/><bos/><pres-location-wrap><pres-location>Armenia</pres-location><pres-location-code>ISOAM</pres-location-code><alt1-location-code>1AR09</alt1-location-code></pres-location-wrap><pres-location-wrap><pres-location>CIS Countries</pres-location><pres-location-code>CISSTAT</pres-location-code><alt1-location-code>1CI64</alt1-location-code></pres-location-wrap><pres-location-wrap><pres-location>Eastern Europe</pres-location><pres-location-code>GEOEEUR</pres-location-code><alt1-location-code>1EA48</alt1-location-code></pres-location-wrap><pres-location-wrap><pres-location>Europe</pres-location><pres-location-code>GEOEUR</pres-location-code><alt1-location-code>1EU83</alt1-location-code></pres-location-wrap><eos/><eop/></pres-location-block></classification-terms><classification-terms><pres-subject-block><bop/><bos/><pres-subject-wrap><pres-subject>CIS</pres-subject><pres-subject-code>GEOCIS</pres-subject-code><alt1-subject-code>1CI65</alt1-subject-code></pres-subject-wrap><pres-subject-wrap><pres-subject>World Organizations</pres-subject><pres-subject-code>GEOORGS</pres-subject-code><alt1-subject-code>1IN77</alt1-subject-code></pres-subject-wrap><eos/><eop/></pres-subject-block><pres-industry-block><bop/><bos/><pres-industry-wrap><pres-industry>Automobiles</pres-industry><pres-industry-code>AUTOMODL</pres-industry-code><alt1-industry-code>1AU45</alt1-industry-code></pres-industry-wrap><pres-industry-wrap><pres-industry>Automotive</pres-industry><pres-industry-code>AUTONEWS</pres-industry-code><alt1-industry-code>1AU29</alt1-industry-code></pres-industry-wrap><pres-industry-wrap><pres-industry>Automotive Retail</pres-industry><pres-industry-code>AUTOBUY</pres-industry-code><alt1-industry-code>1AU31</alt1-industry-code></pres-industry-wrap><pres-industry-wrap><pres-industry>Land Transportation</pres-industry><pres-industry-code>LANDTRAN</pres-industry-code><alt1-industry-code>1LA43</alt1-industry-code></pres-industry-wrap><pres-industry-wrap><pres-industry>Passenger Transportation</pres-industry><pres-industry-code>PASSENGR</pres-industry-code><alt1-industry-code>1PA35</alt1-industry-code></pres-industry-wrap><pres-industry-wrap><pres-industry>Transportation</pres-industry><pres-industry-code>GETRAN</pres-industry-code><alt1-industry-code>1TR48</alt1-industry-code></pres-industry-wrap><eos/><eop/></pres-industry-block></classification-terms><classification-terms><rcs-block><rcs>G:B</rcs><rcs>G:A</rcs><rcs>G:B2</rcs><rcs>B:71</rcs><rcs>B:66</rcs><rcs>B:203</rcs><rcs>B:56</rcs><rcs>B:202</rcs><rcs>B:69</rcs><rcs>G:AJ</rcs><rcs>G:Y</rcs><rcs>B:65</rcs><rcs>G:7I</rcs></rcs-block></classification-terms><extraction-terms><extr-company-block><bop/><bos/><norm-company oa-id="4295907168">MICROSOFT CORP</norm-company><norm-company-wrap><norm-company-name>MICROSOFT CORP</norm-company-name><company-ids><oa-id>4295907168</oa-id><ric norm="MSFT.OQ">MSFT.OQ</ric></company-ids><company-classification><trbc-wrap><trbc type="RCS">B:1796</trbc><trbc type="2012">5720102010</trbc><trbc type="perm-id">4294951205</trbc></trbc-wrap></company-classification><relevancy engine="1C">0.2</relevancy><confidence engine="1C">0.9</confidence></norm-company-wrap><eos/><eop/></extr-company-block></extraction-terms><extraction-terms><extr-person-block><bop/><bos/><extr-person>Levon Yeghian</extr-person><extr-person-wrap><extr-person-name>Levon Yeghian</extr-person-name><relevancy engine="1C">0.2</relevancy></extr-person-wrap><eos/><eop/></extr-person-block></extraction-terms></indexing></document></n-docbody>
</n-document>
<n-document guid="Idaeca5f0b5ce11e4bf99b0458715c063"><n-metadata><metadata.block><md.identifiers><md.cites><md.first.line.cite>2/16/15 NEWS 00:00:00</md.first.line.cite><md.second.line.cite>2/16/15 ARKA News Agency 00:00:00</md.second.line.cite></md.cites><md.uuid>Idaeca5f0b5ce11e4bf99b0458715c063</md.uuid></md.identifiers><md.infotype>news</md.infotype><md.sortkeys><md.ordersequence>f47363bec</md.ordersequence></md.sortkeys><md.descriptions><md.title>RUSSIA&apos;S VKONTAKTE AND YANDEX AMONG TEN MOST POPULAR RESOURCES IN WORLD</md.title><md.westlawdescrip><md.readlist>READLIST</md.readlist></md.westlawdescrip></md.descriptions><md.dates><md.publisheddatetime>20150216055828</md.publisheddatetime><md.loaddate>20150216</md.loaddate><md.createddatetime>20150216055828</md.createddatetime></md.dates><md.subjects><md.subject><md.pubtype.name/><md.doctype.name>DNR</md.doctype.name><md.doctype.rank/><md.view>CNGE</md.view><md.view>RGEurope</md.view><md.view>PTNewswires</md.view><md.view>ARKANEWS0063786</md.view><md.view>INALLNEWS_ACTEST</md.view><md.view>INFARNEWS_AC</md.view><md.view>MARKETSEIKON_CN</md.view><md.view>MARKETSEIKON</md.view><md.view>CB_ASIAWIRES</md.view><md.view>INWIRES_AC</md.view><md.view>GULF_INTL</md.view><md.view>ININTNEWS_AC</md.view><md.view>ANZ_INTLOS</md.view><md.view>CLEAR_RF</md.view><md.view>INALLNEWS_AC</md.view><md.view>INNEWSINT_PRO</md.view><md.view>INBUSNEWS</md.view><md.view>INNEWSWORLD_PRO</md.view><md.view>INBUSNEWS_AC</md.view></md.subject></md.subjects><md.jurisdictions><md.jurisdiction><md.jurisstate>FE</md.jurisstate></md.jurisdiction></md.jurisdictions><md.publications><md.publication/><md.sourcepubid>ARKANEWS</md.sourcepubid></md.publications><md.royalty><md.royalty.code>84104</md.royalty.code></md.royalty></metadata.block><news.metadata.block><md.text.preview>INFORMATION TECHNOLOGIESYEREVAN, February 16. /ARKA/. Russia&apos;s VKontakte social network and Yandex search engine are among top ten popular in the world in all the categories, Lenta.ru reports referring to SimilarWeb company&apos;s study.</md.text.preview></news.metadata.block><newsplus.recommendable>1</newsplus.recommendable><n-view>CNGE</n-view><n-view>RGEurope</n-view><n-view>PTNewswires</n-view><n-view>ARKANEWS0063786</n-view><n-view>INALLNEWS_ACTEST</n-view><n-view>INFARNEWS_AC</n-view><n-view>MARKETSEIKON_CN</n-view><n-view>MARKETSEIKON</n-view><n-view>CB_ASIAWIRES</n-view><n-view>INWIRES_AC</n-view><n-view>GULF_INTL</n-view><n-view>ININTNEWS_AC</n-view><n-view>ANZ_INTLOS</n-view><n-view>CLEAR_RF</n-view><n-view>INALLNEWS_AC</n-view><n-view>INNEWSINT_PRO</n-view><n-view>INBUSNEWS</n-view><n-view>INNEWSWORLD_PRO</n-view><n-view>INBUSNEWS_AC</n-view><prism-stylesheet guid="Ia3024d301b6a11d89fc5f34981d3242f"/><prism-clipdate>20150216055828</prism-clipdate></n-metadata>
<n-docbody><document version="1" collection="D-ARKANEWS-T001" first-load-date="20150216055828" ip-product="ARKANEWS" royalty-id="84104" data-model="text" dtd-version="5.2.29" content-type="news" load-language="en"><supplier-info><supplier-num nitf="doc-id" nitf-regsrc="ARKA News Agency" type="accession">63e40002d5487002</supplier-num><internal-acc-num db-id="NEPRARKA" type="newz">20150216170.1_V63e40002d5487002</internal-acc-num><rec-status><last-load-date>20150216055828</last-load-date><nitf-date ne="datereceived">20150216T11:27:56Z</nitf-date><nitf-date nitf="date-issue">20150216T00:00:00Z</nitf-date><last-provider-update>20150216112756</last-provider-update></rec-status><supplier-copyright>Copyright Â© 2015 ARKA<copyright-year/><copyright-holder>ARKA</copyright-holder></supplier-copyright><supplier-note nitf="urgency" nitf-ed-urg="4"/><supplier-dtds><dtd dtd-version="working" dtd-date="20150210T00:00:00Z">Canonical Taxonomy</dtd><dtd dtd-version="20150203" dtd-date="20150210T00:00:00Z">Mapping File</dtd></supplier-dtds><copyright-block type="dialog"><service-copyright n-include_guid="Ice671660f30811d88920000083149a14" n-include_collection="D-DIALOGCOPYRIGHTS-T001"/></copyright-block><copyright-block type="west"><service-copyright n-include_guid="I1DA35ED81DD211B281BAD200220BDFCA" n-include_collection="w_wlnv_msg"/></copyright-block><west-citation-block><bop/><first-line-cite><bos/>2/16/15 NEWS 00:00:00<eos/></first-line-cite><second-line-cite><bos/>2/16/15 ARKA News Agency 00:00:00<eos/></second-line-cite><eop/></west-citation-block></supplier-info><title-info iso-language="en"><bop/><title type="headline" nitf-hedline="hl1" key="key-title"><bos/><sort-title>RUSSIA&apos;S VKONTAKTE AND YANDEX AMONG TEN MOST POPULAR RESOURCES IN WORLD</sort-title><eos/></title><eop/></title-info><pub-info><journal key="key-journal"><bop/><bos/><sort-journal>ARKA News Agency</sort-journal><eos/><eop/></journal><pub-date key="key-date" iso-time="T00:00:00Z" type="date.publication"><full-pub-date>February 16, 2015</full-pub-date><sort-pub-date>20150216</sort-pub-date><sort-pub-timestamp>20150216000000</sort-pub-timestamp><rank-date>20150216</rank-date><currency-timestamp>20150216000000</currency-timestamp></pub-date><original-pub><language iso-language="en">English</language></original-pub><src-data><src-journal-code>ANPV</src-journal-code><src-pub-code>0063786</src-pub-code><src-pub-type>Newswire</src-pub-type><src-pub-country-wrap><src-pub-country-code>GE</src-pub-country-code><src-pub-country>Georgia CIS</src-pub-country></src-pub-country-wrap><src-pub-region>Europe</src-pub-region></src-data></pub-info><content iso-language="en"><total-char-count>1541</total-char-count><derived-word-count><bop/><bos/>Word Count: 229<eos/><eop/></derived-word-count><text type="lead-para"><p nitf="lede"><bop/><bos/><cite.query w-seq-number="00001" w-ref-type="WC" w-normalized-cite="I76DF065242BE11DDA1BC0014224D2780" ID="I621b4a00b5d311e4b959cc7ea8dc684b">INFORMATION TECHNOLOGIES</cite.query><eos/><eop/></p><p nitf="lede"><bop/><bos/>YEREVAN, February 16. /ARKA/. <eos/><bos/>Russia&apos;s VKontakte social network and Yandex search engine are among top ten popular in the world in all the categories, <cite.query w-seq-number="00002" w-ref-type="MM" w-normalized-cite="canonical_name::LENTA" ID="I6226e2c0b5d311e4b959cc7ea8dc684b">Lenta</cite.query>.ru reports referring to SimilarWeb company&apos;s study.<eos/><eop/></p></text><text type="body"><p><bop/><bos/>The social network established by Pavel Durov came sixth in the ranking and Yandex ninth. <eos/><bos/>Another Russian social network, Odnoklassniki, and <cite.query w-seq-number="00003" w-ref-type="CO" w-normalized-cite="I0C71A81042B211DD961A0014224D2780" ID="I62395950b5d311e4b959cc7ea8dc684b">Mail</cite.query>.ru website found themselves among top 20 - they ranked 17th and 18 respectively.<eos/><eop/></p><p><bop/><bos/>Three flagship resources are <cite.query w-seq-number="00004" w-ref-type="CO" w-normalized-cite="IE9D0907041EC11DDAD6B0014224D2780" ID="I62b31d30b5d311e4b959cc7ea8dc684b">Facebook</cite.query>, <cite.query w-seq-number="00005" w-ref-type="MM" w-normalized-cite="canonical_name::GOOGLE" ID="I62b31d31b5d311e4b959cc7ea8dc684b">Google</cite.query> and <cite.query w-seq-number="00006" w-ref-type="NM" w-normalized-cite="canonical_name::YOUTUBE" ID="I62b31d32b5d311e4b959cc7ea8dc684b">Youtube</cite.query>. <eos/><bos/>The remaining resources in top ten are <cite.query w-seq-number="00007" w-ref-type="MM" w-normalized-cite="canonical_name::YAHOO" ID="I62b31d33b5d311e4b959cc7ea8dc684b">Yahoo</cite.query>, Live.com of <cite.query w-seq-number="00008" w-ref-type="MM" w-normalized-cite="canonical_name::MICROSOFT" ID="I62b31d34b5d311e4b959cc7ea8dc684b">Microsoft</cite.query>, Wikipedia, Twitter and Indian version of <cite.query w-seq-number="00009" w-ref-type="MM" w-normalized-cite="canonical_name::GOOGLE" ID="I62b31d35b5d311e4b959cc7ea8dc684b">Google</cite.query>.<eos/><eop/></p><p><bop/><bos/>Earlier, VKontakte and Yandex were included in the SimilarWeb list of the most popular websites in the United States in 2014. <eos/><bos/>They came 81st and 91st respectively in this ranking.<eos/><eop/></p><p><bop/><bos/><cite.query w-seq-number="00010" w-ref-type="NM" w-normalized-cite="canonical_name::SIMILARWEB LTD" ID="I62ba2210b5d311e4b959cc7ea8dc684b">SimilarWeb Ltd</cite.query> is an information technology company that provides services in Web analysis, data mining and business intelligence for international corporations. <eos/><bos/>Through its main platform called SimilarWeb, it uses Big data technologies to collect, measure, analyze and provide user engagement statistics for Web sites and mobile apps.<eos/><eop/></p><p><bop/><bos/>VKontakte social network was launched in October 2006. <eos/><bos/>Mail.ru Group became the full owner of the social network in September 2014. <eos/><bos/>VKontakte is the most visited website in runet. <eos/><bos/>According to the statistical reports, the daily number of its unique visitors reached 70 million in January.<eos/><eop/></p><p><bop/><bos/>Yandex is Russia&apos;s biggest search engine. <eos/><bos/>More than 60 million people visit it every month. <eos/>M.V.-----0---<eop/></p></text></content><indexing iso-language="en" value-add="machine-generated"><classification-terms><pres-location-block><bop/><bos/><pres-location-wrap><pres-location>CIS Countries</pres-location><pres-location-code>CISSTAT</pres-location-code><alt1-location-code>1CI64</alt1-location-code></pres-location-wrap><pres-location-wrap><pres-location>Eastern Europe</pres-location><pres-location-code>GEOEEUR</pres-location-code><alt1-location-code>1EA48</alt1-location-code></pres-location-wrap><pres-location-wrap><pres-location>Europe</pres-location><pres-location-code>GEOEUR</pres-location-code><alt1-location-code>1EU83</alt1-location-code></pres-location-wrap><pres-location-wrap><pres-location>Russia</pres-location><pres-location-code>ISORU</pres-location-code><alt1-location-code>1RU33</alt1-location-code></pres-location-wrap><eos/><eop/></pres-location-block></classification-terms><classification-terms><pres-subject-block><bop/><bos/><pres-subject-wrap><pres-subject>Emerging Market Countries</pres-subject><pres-subject-code>EMERGING</pres-subject-code><alt1-subject-code>1EM65</alt1-subject-code></pres-subject-wrap><pres-subject-wrap><pres-subject>Major Corporations</pres-subject><pres-subject-code>MAJCORP</pres-subject-code><alt1-subject-code>1MA93</alt1-subject-code></pres-subject-wrap><eos/><eop/></pres-subject-block><pres-industry-block><bop/><bos/><pres-industry-wrap><pres-industry>Internet</pres-industry><pres-industry-code>INTERNET</pres-industry-code><alt1-industry-code>1IN27</alt1-industry-code></pres-industry-wrap><pres-industry-wrap><pres-industry>Internet Media</pres-industry><pres-industry-code>INTMEDIA</pres-industry-code><alt1-industry-code>1IN67</alt1-industry-code></pres-industry-wrap><pres-industry-wrap><pres-industry>Internet Technology</pres-industry><pres-industry-code>INFOHWY</pres-industry-code><alt1-industry-code>1IN39</alt1-industry-code></pres-industry-wrap><pres-industry-wrap><pres-industry>Online Social Media</pres-industry><pres-industry-code>SOCIALME</pres-industry-code><alt1-industry-code>1ON38</alt1-industry-code></pres-industry-wrap><pres-industry-wrap><pres-industry>Search Engines</pres-industry><pres-industry-code>WEBSRCH</pres-industry-code><alt1-industry-code>1SE87</alt1-industry-code></pres-industry-wrap><pres-industry-wrap><pres-industry>World Wide Web</pres-industry><pres-industry-code>WORLDWEB</pres-industry-code><alt1-industry-code>1WO65</alt1-industry-code></pres-industry-wrap><eos/><eop/></pres-industry-block></classification-terms><classification-terms><rcs-block><rcs>G:B</rcs><rcs>G:A</rcs><rcs>G:B2</rcs><rcs>M:S</rcs><rcs>B:92</rcs><rcs>G:1</rcs><rcs>G:38</rcs><rcs>G:AJ</rcs><rcs>G:Y</rcs><rcs>M:QR</rcs></rcs-block></classification-terms><extraction-terms><extr-company-block><bop/><bos/><extr-company>SimilarWeb Ltd</extr-company><extr-company-wrap><extr-company-name>SimilarWeb Ltd</extr-company-name><relevancy engine="1C">0.2</relevancy><confidence engine="1C">0.67</confidence></extr-company-wrap><norm-company oa-id="4297297477">FACEBOOK INC</norm-company><norm-company-wrap><norm-company-name>FACEBOOK INC</norm-company-name><company-ids><oa-id>4297297477</oa-id><ric norm="FB.OQ">FB.OQ</ric></company-ids><company-classification><trbc-wrap><trbc type="RCS">B:1806</trbc><trbc type="2012">5720103012</trbc><trbc type="perm-id">4294951195</trbc></trbc-wrap></company-classification><relevancy engine="1C">0.2</relevancy><confidence engine="1C">0.91</confidence></norm-company-wrap><norm-company oa-id="4295907168">MICROSOFT CORP</norm-company><norm-company-wrap><norm-company-name>MICROSOFT CORP</norm-company-name><company-ids><oa-id>4295907168</oa-id><ric norm="MSFT.OQ">MSFT.OQ</ric></company-ids><company-classification><trbc-wrap><trbc type="RCS">B:1796</trbc><trbc type="2012">5720102010</trbc><trbc type="perm-id">4294951205</trbc></trbc-wrap></company-classification><relevancy engine="1C">0.2</relevancy><confidence engine="1C">0.92</confidence></norm-company-wrap><norm-company oa-id="4295908504">YAHOO INC</norm-company><norm-company-wrap><norm-company-name>YAHOO INC</norm-company-name><company-ids><oa-id>4295908504</oa-id><ric norm="YHOO.OQ">YHOO.OQ</ric></company-ids><company-classification><trbc-wrap><trbc type="RCS">B:1805</trbc><trbc type="2012">5720103011</trbc><trbc type="perm-id">4294951196</trbc></trbc-wrap></company-classification><relevancy engine="1C">0.2</relevancy><confidence engine="1C">0.91</confidence></norm-company-wrap><norm-company oa-id="4298335166">YANDEX NV</norm-company><norm-company-wrap><norm-company-name>YANDEX NV</norm-company-name><company-ids><oa-id>4298335166</oa-id><ric norm="YNDX.OQ">YNDX.OQ</ric></company-ids><company-classification><trbc-wrap><trbc type="RCS">B:1805</trbc><trbc type="2012">5720103011</trbc><trbc type="perm-id">4294951196</trbc></trbc-wrap></company-classification><relevancy engine="1C">0.8</relevancy><confidence engine="1C">0.87</confidence></norm-company-wrap><eos/><eop/></extr-company-block></extraction-terms><extraction-terms><extr-person-block><bop/><bos/><extr-person>Pavel Durov</extr-person><extr-person-wrap><extr-person-name>Pavel Durov</extr-person-name><relevancy engine="1C">0.2</relevancy></extr-person-wrap><eos/><eop/></extr-person-block></extraction-terms></indexing></document></n-docbody>
</n-document>
<n-document guid="Ic937f250b28c11e4a47dc37ef128236a"><n-metadata><metadata.block><md.identifiers><md.cites><md.first.line.cite>2/12/15 NEWS 00:00:00</md.first.line.cite><md.second.line.cite>2/12/15 ARKA News Agency 00:00:00</md.second.line.cite></md.cites><md.uuid>Ic937f250b28c11e4a47dc37ef128236a</md.uuid></md.identifiers><md.infotype>news</md.infotype><md.sortkeys><md.ordersequence>f47363bec</md.ordersequence></md.sortkeys><md.descriptions><md.title>EBRD ISSUES COUPON BONDS WORTH 2BLN DRAMS IN NASDAQ OMX ARMENIA</md.title><md.westlawdescrip><md.readlist>READLIST</md.readlist></md.westlawdescrip></md.descriptions><md.dates><md.publisheddatetime>20150212015909</md.publisheddatetime><md.loaddate>20150212</md.loaddate><md.createddatetime>20150212015909</md.createddatetime></md.dates><md.subjects><md.subject><md.pubtype.name/><md.doctype.name>DNR</md.doctype.name><md.doctype.rank/><md.view>CNGE</md.view><md.view>RGEurope</md.view><md.view>PTNewswires</md.view><md.view>ARKANEWS0063786</md.view><md.view>INALLNEWS_ACTEST</md.view><md.view>INFARNEWS_AC</md.view><md.view>MARKETSEIKON_CN</md.view><md.view>MARKETSEIKON</md.view><md.view>CB_ASIAWIRES</md.view><md.view>INWIRES_AC</md.view><md.view>GULF_INTL</md.view><md.view>ININTNEWS_AC</md.view><md.view>ANZ_INTLOS</md.view><md.view>CLEAR_RF</md.view><md.view>INALLNEWS_AC</md.view><md.view>INNEWSINT_PRO</md.view><md.view>INBUSNEWS</md.view><md.view>INNEWSWORLD_PRO</md.view><md.view>INBUSNEWS_AC</md.view></md.subject></md.subjects><md.jurisdictions><md.jurisdiction><md.jurisstate>FE</md.jurisstate></md.jurisdiction></md.jurisdictions><md.publications><md.publication/><md.sourcepubid>ARKANEWS</md.sourcepubid></md.publications><md.royalty><md.royalty.code>84104</md.royalty.code></md.royalty></metadata.block><news.metadata.block><md.text.preview>STOCK MARKETYEREVAN, February 12. /ARKA/. The European Bank for Reconstruction and Development (EBRD) placed its third AMD denominated bonds (EBRDB3) worth a total of 2 billion drams in NASDAQ OMX Armenia stock exchange, the press office of the</md.text.preview></news.metadata.block><newsplus.recommendable>1</newsplus.recommendable><n-view>CNGE</n-view><n-view>RGEurope</n-view><n-view>PTNewswires</n-view><n-view>ARKANEWS0063786</n-view><n-view>INALLNEWS_ACTEST</n-view><n-view>INFARNEWS_AC</n-view><n-view>MARKETSEIKON_CN</n-view><n-view>MARKETSEIKON</n-view><n-view>CB_ASIAWIRES</n-view><n-view>INWIRES_AC</n-view><n-view>GULF_INTL</n-view><n-view>ININTNEWS_AC</n-view><n-view>ANZ_INTLOS</n-view><n-view>CLEAR_RF</n-view><n-view>INALLNEWS_AC</n-view><n-view>INNEWSINT_PRO</n-view><n-view>INBUSNEWS</n-view><n-view>INNEWSWORLD_PRO</n-view><n-view>INBUSNEWS_AC</n-view><prism-stylesheet guid="Ia3024d301b6a11d89fc5f34981d3242f"/><prism-clipdate>20150212015909</prism-clipdate></n-metadata>
<n-docbody><document version="1" collection="D-ARKANEWS-T001" first-load-date="20150212015909" ip-product="ARKANEWS" royalty-id="84104" data-model="text" dtd-version="5.2.29" content-type="news" load-language="en"><supplier-info><supplier-num nitf="doc-id" nitf-regsrc="ARKA News Agency" type="accession">923600038d0c7923</supplier-num><internal-acc-num db-id="NEPRARKA" type="newz">20150212170.1_V923600038d0c7923</internal-acc-num><rec-status><last-load-date>20150212015909</last-load-date><nitf-date ne="datereceived">20150212T07:57:26Z</nitf-date><nitf-date nitf="date-issue">20150212T00:00:00Z</nitf-date><last-provider-update>20150212075726</last-provider-update></rec-status><supplier-copyright>Copyright Â© 2015 ARKA<copyright-year/><copyright-holder>ARKA</copyright-holder></supplier-copyright><supplier-note nitf="urgency" nitf-ed-urg="4"/><supplier-dtds><dtd dtd-version="working" dtd-date="20150210T00:00:00Z">Canonical Taxonomy</dtd><dtd dtd-version="20150203" dtd-date="20150210T00:00:00Z">Mapping File</dtd></supplier-dtds><copyright-block type="dialog"><service-copyright n-include_guid="Ice671660f30811d88920000083149a14" n-include_collection="D-DIALOGCOPYRIGHTS-T001"/></copyright-block><copyright-block type="west"><service-copyright n-include_guid="I1DA35ED81DD211B281BAD200220BDFCA" n-include_collection="w_wlnv_msg"/></copyright-block><west-citation-block><bop/><first-line-cite><bos/>2/12/15 NEWS 00:00:00<eos/></first-line-cite><second-line-cite><bos/>2/12/15 ARKA News Agency 00:00:00<eos/></second-line-cite><eop/></west-citation-block></supplier-info><title-info iso-language="en"><bop/><title type="headline" nitf-hedline="hl1" key="key-title"><bos/><sort-title>EBRD ISSUES COUPON BONDS WORTH 2BLN DRAMS IN <cite.query w-seq-number="00001" w-ref-type="CO" w-normalized-cite="IB3F93E8029C011DF9BD7C7F341E042AB" ID="I79b27970b28d11e4b7c9e0adc23da2c5">NASDAQ</cite.query> OMX ARMENIA</sort-title><eos/></title><eop/></title-info><pub-info><journal key="key-journal"><bop/><bos/><sort-journal>ARKA News Agency</sort-journal><eos/><eop/></journal><pub-date key="key-date" iso-time="T00:00:00Z" type="date.publication"><full-pub-date>February 12, 2015</full-pub-date><sort-pub-date>20150212</sort-pub-date><sort-pub-timestamp>20150212000000</sort-pub-timestamp><rank-date>20150212</rank-date><currency-timestamp>20150212000000</currency-timestamp></pub-date><original-pub><language iso-language="en">English</language></original-pub><src-data><src-journal-code>ANPV</src-journal-code><src-pub-code>0063786</src-pub-code><src-pub-type>Newswire</src-pub-type><src-pub-country-wrap><src-pub-country-code>GE</src-pub-country-code><src-pub-country>Georgia CIS</src-pub-country></src-pub-country-wrap><src-pub-region>Europe</src-pub-region></src-data></pub-info><content iso-language="en"><total-char-count>1867</total-char-count><derived-word-count><bop/><bos/>Word Count: 282<eos/><eop/></derived-word-count><text type="lead-para"><p nitf="lede"><bop/><bos/>STOCK MARKET<eos/><eop/></p><p nitf="lede"><bop/><bos/>YEREVAN, February 12. /ARKA/. <eos/><bos/>The <cite.query w-seq-number="00002" w-ref-type="CO" w-normalized-cite="IBAFB90B169EC11DDB89AB9FC5024B35B" ID="I79d1e850b28d11e4b7c9e0adc23da2c5">European Bank for Reconstruction and Development</cite.query> (EBRD) placed its third AMD denominated bonds (EBRDB3) worth a total of 2 billion drams in <cite.query w-seq-number="00003" w-ref-type="CO" w-normalized-cite="IB3F93E8029C011DF9BD7C7F341E042AB" ID="I79d1e851b28d11e4b7c9e0adc23da2c5">NASDAQ</cite.query> OMX Armenia stock exchange, the press office of the stock exchange reported.<eos/><eop/></p></text><text type="body"><p><bop/><bos/>Total bid volume amounted to 2.792 billion drams, and the cut-off yield rate was 14.5%.<eos/><eop/></p><p><bop/><bos/>Placement was organized by Ameriabank CJSC, with the total number of bidder market participants being 4.<eos/><eop/></p><p><bop/><bos/>The second first issue of AMD denominated bonds (EBRDB2) by <cite.query w-seq-number="00004" w-ref-type="CO" w-normalized-cite="IBAFB90B169EC11DDB89AB9FC5024B35B" ID="I79e7ba40b28d11e4b7c9e0adc23da2c5">EBRD</cite.query> is already listed at Bonds&apos; Main list (Abond) of <cite.query w-seq-number="00005" w-ref-type="NM" w-normalized-cite="canonical_name::NASDAQ ARMENIA" ID="I79e7ba41b28d11e4b7c9e0adc23da2c5">NASDAQ Armenia</cite.query> and will be redeemed on July 30, 2015.<eos/><eop/></p><p><bop/><bos/>EBRD is an international organization formed under the Agreement Establishing the Bank dated 29th May, 1990 (the &quot;Agreement&quot;), signed by 40 countries, together with the <cite.query w-seq-number="00006" w-ref-type="WC" w-normalized-cite="I01AC0ED056FE11E0B507DE267DF909C1" ID="I7a0c0b20b28d11e4b7c9e0adc23da2c5">European Economic Community</cite.query> and the <cite.query w-seq-number="00007" w-ref-type="WC" w-normalized-cite="I3FD82870CA7511E0B886935AC135F388" ID="I7a0c0b21b28d11e4b7c9e0adc23da2c5">European Investment Bank.</cite.query> <eos/><bos/>The Agreement came into force on 28th March, 1991 and the Bank commenced operations on 15th April, 1991. <eos/><bos/>The Bank has currently 66 members including Armenia. <eos/><bos/>The <cite.query w-seq-number="00008" w-ref-type="CO" w-normalized-cite="I4001E103747A11DD8AA8C467EE637EE9" ID="I7a0c0b22b28d11e4b7c9e0adc23da2c5">Bank</cite.query>&apos;s principal office is in London.<eos/><eop/></p><p><bop/><bos/>EBRD is one of the biggest investors in Armenia. <eos/><bos/>It has implemented 136 programs in thecountry by the end of 2014 worth a total of about 803 million euros.<eos/><eop/></p><p><bop/><bos/>In January 2008, Nordic exchange operator <cite.query w-seq-number="00009" w-ref-type="WC" w-normalized-cite="I29A91A63453E11DD94140014224D2780" ID="I7a81b050b28d11e4b7c9e0adc23da2c5">OMX Group</cite.query> acquired 100% of the shares of the <cite.query w-seq-number="00010" w-ref-type="CO" w-normalized-cite="IFC75AA8441EC11DDAD6B0014224D2780" ID="I7a81b051b28d11e4b7c9e0adc23da2c5">Armenian Stock Exchange</cite.query> (Armex) and the Central Depository of Armenia (CDA).<eos/><bos/> After the combination of <cite.query w-seq-number="00011" w-ref-type="CO" w-normalized-cite="IB3F93E8029C011DF9BD7C7F341E042AB" ID="I7a81b052b28d11e4b7c9e0adc23da2c5">NASDAQ</cite.query> and OMX in February 2008, Armex and <cite.query w-seq-number="00012" w-ref-type="CO" w-normalized-cite="I2B3A961041EC11DDAD6B0014224D2780" ID="I7a81b053b28d11e4b7c9e0adc23da2c5">CDA</cite.query> became fully owned by the <cite.query w-seq-number="00013" w-ref-type="CO" w-normalized-cite="I259E58B041EA11DDAD6B0014224D2780" ID="I7a81b054b28d11e4b7c9e0adc23da2c5">NASDAQ OMX Group, Inc.</cite.query> On January 26, 2009, &quot;Armenian Stock Exchange&quot; ojsc was officially renamed as &quot;<cite.query w-seq-number="00014" w-ref-type="CO" w-normalized-cite="IB3F93E8029C011DF9BD7C7F341E042AB" ID="I7a81b055b28d11e4b7c9e0adc23da2c5">NASDAQ</cite.query> OMX Armenia&quot; ojsc. <eos/><bos/>On June 5, 2009, &quot;<cite.query w-seq-number="00015" w-ref-type="CO" w-normalized-cite="IB3F93E8029C011DF9BD7C7F341E042AB" ID="I7a81b056b28d11e4b7c9e0adc23da2c5">NASDAQ</cite.query> OMX Armenia&quot; ojsc became the owner of 100% of the shares of the &quot;Central Depository of Armenia&quot; ojsc. <eos/><bos/>Starting October 1, 2014 &quot;<cite.query w-seq-number="00016" w-ref-type="CO" w-normalized-cite="IB3F93E8029C011DF9BD7C7F341E042AB" ID="I7a81b057b28d11e4b7c9e0adc23da2c5">NASDAQ</cite.query> OMX Armenia&quot; ojsc and &quot;Central Depository of Armenia&quot; ojsc operate under &quot;<cite.query w-seq-number="00017" w-ref-type="NM" w-normalized-cite="canonical_name::NASDAQ ARMENIA" ID="I7a81b058b28d11e4b7c9e0adc23da2c5">Nasdaq Armenia</cite.query>&quot; brand. <eos/><bos/>N.V. -0-<eos/><eop/></p></text></content><indexing iso-language="en" value-add="machine-generated"><classification-terms><pres-location-block><bop/><bos/><pres-location-wrap><pres-location>Armenia</pres-location><pres-location-code>ISOAM</pres-location-code><alt1-location-code>1AR09</alt1-location-code></pres-location-wrap><pres-location-wrap><pres-location>CIS Countries</pres-location><pres-location-code>CISSTAT</pres-location-code><alt1-location-code>1CI64</alt1-location-code></pres-location-wrap><pres-location-wrap><pres-location>Eastern Europe</pres-location><pres-location-code>GEOEEUR</pres-location-code><alt1-location-code>1EA48</alt1-location-code></pres-location-wrap><pres-location-wrap><pres-location>Europe</pres-location><pres-location-code>GEOEUR</pres-location-code><alt1-location-code>1EU83</alt1-location-code></pres-location-wrap><eos/><eop/></pres-location-block></classification-terms><classification-terms><pres-subject-block><bop/><bos/><pres-subject-wrap><pres-subject>Bond Instruments</pres-subject><pres-subject-code>BONDINST</pres-subject-code><alt1-subject-code>1BO92</alt1-subject-code></pres-subject-wrap><pres-subject-wrap><pres-subject>CIS</pres-subject><pres-subject-code>GEOCIS</pres-subject-code><alt1-subject-code>1CI65</alt1-subject-code></pres-subject-wrap><pres-subject-wrap><pres-subject>Economics &amp; Trade</pres-subject><pres-subject-code>TRADE</pres-subject-code><alt1-subject-code>1EC26</alt1-subject-code></pres-subject-wrap><pres-subject-wrap><pres-subject>Exchange Listings &amp; Delistings</pres-subject><pres-subject-code>DELIST</pres-subject-code><alt1-subject-code>1EX12</alt1-subject-code></pres-subject-wrap><pres-subject-wrap><pres-subject>Financial Markets</pres-subject><pres-subject-code>BOURSE</pres-subject-code><alt1-subject-code>1FI87</alt1-subject-code></pres-subject-wrap><pres-subject-wrap><pres-subject>Funding Instruments</pres-subject><pres-subject-code>INVSTING</pres-subject-code><alt1-subject-code>1FU41</alt1-subject-code></pres-subject-wrap><pres-subject-wrap><pres-subject>Supranational Agency Bonds</pres-subject><pres-subject-code>SUPRAS</pres-subject-code><alt1-subject-code>1SU53</alt1-subject-code></pres-subject-wrap><pres-subject-wrap><pres-subject>World Organizations</pres-subject><pres-subject-code>GEOORGS</pres-subject-code><alt1-subject-code>1IN77</alt1-subject-code></pres-subject-wrap><eos/><eop/></pres-subject-block><pres-industry-block><bop/><bos/><pres-industry-wrap><pres-industry>Bonds</pres-industry><pres-industry-code>BONDS</pres-industry-code><alt1-industry-code>1BO97</alt1-industry-code></pres-industry-wrap><pres-industry-wrap><pres-industry>Financial Services</pres-industry><pres-industry-code>FINSVC</pres-industry-code><alt1-industry-code>1FI37</alt1-industry-code></pres-industry-wrap><pres-industry-wrap><pres-industry>Fixed Income Investments</pres-industry><pres-industry-code>FIXEDINV</pres-industry-code><alt1-industry-code>1FI12</alt1-industry-code></pres-industry-wrap><pres-industry-wrap><pres-industry>Investment Management</pres-industry><pres-industry-code>INVSTMAN</pres-industry-code><alt1-industry-code>1IN34</alt1-industry-code></pres-industry-wrap><pres-industry-wrap><pres-industry>Securities Investment</pres-industry><pres-industry-code>PTSECUR</pres-industry-code><alt1-industry-code>1SE57</alt1-industry-code></pres-industry-wrap><pres-industry-wrap><pres-industry>U.S. Securities &amp; Exchange Commission</pres-industry><pres-industry-code>SECNEWS</pres-industry-code><alt1-industry-code>1US50</alt1-industry-code></pres-industry-wrap><eos/><eop/></pres-industry-block></classification-terms><classification-terms><rcs-block><rcs>E:6</rcs><rcs>G:B</rcs><rcs>G:A</rcs><rcs>E:5</rcs><rcs>G:B2</rcs><rcs>B:125</rcs><rcs>B:126</rcs><rcs>G:Y</rcs><rcs>A:JL</rcs><rcs>G:7I</rcs><rcs>A:U</rcs><rcs>B:130</rcs><rcs>A:2</rcs><rcs>G:AJ</rcs><rcs>E:5G</rcs></rcs-block></classification-terms><extraction-terms><extr-company-block><bop/><bos/><norm-company oa-id="5000943280">AMERIABANK CJSC</norm-company><norm-company-wrap><norm-company-name>AMERIABANK CJSC</norm-company-name><company-ids><oa-id>5000943280</oa-id></company-ids><company-classification><trbc-wrap><trbc type="RCS">B:1615</trbc><trbc type="2012">5510101010</trbc><trbc type="perm-id">4294951386</trbc></trbc-wrap></company-classification><relevancy engine="1C">0.2</relevancy><confidence engine="1C">0.67</confidence></norm-company-wrap><norm-company oa-id="4296239105">CENTRAL DEPOSITORY OF ARMENIA OJSC</norm-company><norm-company-wrap><norm-company-name>CENTRAL DEPOSITORY OF ARMENIA OJSC</norm-company-name><company-ids><oa-id>4296239105</oa-id></company-ids><company-classification><trbc-wrap><trbc type="RCS">B:128</trbc><trbc type="2012">55101010</trbc><trbc type="perm-id">4294952873</trbc></trbc-wrap></company-classification><relevancy engine="1C">0.2</relevancy><confidence engine="1C">0.93</confidence></norm-company-wrap><norm-company oa-id="8589934159">EUROPEAN INVESTMENT BANK GROUP</norm-company><norm-company-wrap><norm-company-name>EUROPEAN INVESTMENT BANK GROUP</norm-company-name><company-ids><oa-id>8589934159</oa-id></company-ids><company-classification><trbc-wrap><trbc type="RCS">B:1615</trbc><trbc type="2012">5510101010</trbc><trbc type="perm-id">4294951386</trbc></trbc-wrap></company-classification><relevancy engine="1C">0.2</relevancy><confidence engine="1C">0.92</confidence></norm-company-wrap><norm-company oa-id="8589934160">EUROPEAN BANK FOR RECONSTRUCTION AND DEVELOPMENT</norm-company><norm-company-wrap><norm-company-name>EUROPEAN BANK FOR RECONSTRUCTION AND DEVELOPMENT</norm-company-name><company-ids><oa-id>8589934160</oa-id></company-ids><company-classification><trbc-wrap><trbc type="RCS">B:1615</trbc><trbc type="2012">5510101010</trbc><trbc type="perm-id">4294951386</trbc></trbc-wrap></company-classification><relevancy engine="1C">0.2</relevancy><confidence engine="1C">0.9</confidence></norm-company-wrap><norm-company oa-id="8589934167">NASDAQ OMX GROUP INC (THE)</norm-company><norm-company-wrap><norm-company-name>NASDAQ OMX GROUP INC (THE)</norm-company-name><company-ids><oa-id>8589934167</oa-id><ric norm="NDAQ.OQ">NDAQ.OQ</ric></company-ids><company-classification><trbc-wrap><trbc type="RCS">B:1648</trbc><trbc type="2012">5510205010</trbc><trbc type="perm-id">4294951353</trbc></trbc-wrap></company-classification><relevancy engine="1C">0.2</relevancy><confidence engine="1C">0.98</confidence></norm-company-wrap><eos/><eop/></extr-company-block></extraction-terms></indexing></document></n-docbody>
</n-document>
<n-document guid="I98ad9600b1fe11e48585a0308b9dade8"><n-metadata><metadata.block><md.identifiers><md.cites><md.first.line.cite>2/11/15 NEWS 00:00:00</md.first.line.cite><md.second.line.cite>2/11/15 ARKA News Agency 00:00:00</md.second.line.cite></md.cites><md.uuid>I98ad9600b1fe11e48585a0308b9dade8</md.uuid></md.identifiers><md.infotype>news</md.infotype><md.sortkeys><md.ordersequence>f47363bec</md.ordersequence></md.sortkeys><md.descriptions><md.title>APPLE FIRST COMPANY IN HISTORY WORTH OVER $700 BLN</md.title><md.westlawdescrip><md.readlist>READLIST</md.readlist></md.westlawdescrip></md.descriptions><md.dates><md.publisheddatetime>20150211093714</md.publisheddatetime><md.loaddate>20150211</md.loaddate><md.createddatetime>20150211093714</md.createddatetime></md.dates><md.subjects><md.subject><md.pubtype.name/><md.doctype.name>DNR</md.doctype.name><md.doctype.rank/><md.view>CNGE</md.view><md.view>RGEurope</md.view><md.view>PTNewswires</md.view><md.view>ARKANEWS0063786</md.view><md.view>INALLNEWS_ACTEST</md.view><md.view>INFARNEWS_AC</md.view><md.view>MARKETSEIKON_CN</md.view><md.view>MARKETSEIKON</md.view><md.view>CB_ASIAWIRES</md.view><md.view>INWIRES_AC</md.view><md.view>GULF_INTL</md.view><md.view>ININTNEWS_AC</md.view><md.view>ANZ_INTLOS</md.view><md.view>CLEAR_RF</md.view><md.view>INALLNEWS_AC</md.view><md.view>INNEWSINT_PRO</md.view><md.view>INBUSNEWS</md.view><md.view>INNEWSWORLD_PRO</md.view><md.view>INBUSNEWS_AC</md.view></md.subject></md.subjects><md.jurisdictions><md.jurisdiction><md.jurisstate>FE</md.jurisstate></md.jurisdiction></md.jurisdictions><md.publications><md.publication/><md.sourcepubid>ARKANEWS</md.sourcepubid></md.publications><md.royalty><md.royalty.code>84104</md.royalty.code></md.royalty></metadata.block><news.metadata.block><md.text.preview>INFORMATION TECHNOLOGIESYEREVAN, February 11. /ARKA/. Apple has become the first company to reach a market value of $700 billion, Dailymail.co.uk reports.</md.text.preview></news.metadata.block><n-view>CNGE</n-view><n-view>RGEurope</n-view><n-view>PTNewswires</n-view><n-view>ARKANEWS0063786</n-view><n-view>INALLNEWS_ACTEST</n-view><n-view>INFARNEWS_AC</n-view><n-view>MARKETSEIKON_CN</n-view><n-view>MARKETSEIKON</n-view><n-view>CB_ASIAWIRES</n-view><n-view>INWIRES_AC</n-view><n-view>GULF_INTL</n-view><n-view>ININTNEWS_AC</n-view><n-view>ANZ_INTLOS</n-view><n-view>CLEAR_RF</n-view><n-view>INALLNEWS_AC</n-view><n-view>INNEWSINT_PRO</n-view><n-view>INBUSNEWS</n-view><n-view>INNEWSWORLD_PRO</n-view><n-view>INBUSNEWS_AC</n-view><prism-stylesheet guid="Ia3024d301b6a11d89fc5f34981d3242f"/><prism-clipdate>20150211093714</prism-clipdate></n-metadata>
<n-docbody><document version="1" collection="D-ARKANEWS-T001" first-load-date="20150211093714" ip-product="ARKANEWS" royalty-id="84104" data-model="text" dtd-version="5.2.29" content-type="news" load-language="en"><supplier-info><supplier-num nitf="doc-id" nitf-regsrc="ARKA News Agency" type="accession">e6aa00008107862c</supplier-num><internal-acc-num db-id="NEPRARKA" type="newz">20150211170.1_Ve6aa00008107862c</internal-acc-num><rec-status><last-load-date>20150211093714</last-load-date><nitf-date ne="datereceived">20150211T14:59:36Z</nitf-date><nitf-date nitf="date-issue">20150211T00:00:00Z</nitf-date><last-provider-update>20150211145936</last-provider-update></rec-status><supplier-copyright>Copyright Â© 2015 ARKA<copyright-year/><copyright-holder>ARKA</copyright-holder></supplier-copyright><supplier-note nitf="urgency" nitf-ed-urg="4"/><supplier-dtds><dtd dtd-version="working" dtd-date="20150210T00:00:00Z">Canonical Taxonomy</dtd><dtd dtd-version="20150203" dtd-date="20150210T00:00:00Z">Mapping File</dtd></supplier-dtds><copyright-block type="dialog"><service-copyright n-include_guid="Ice671660f30811d88920000083149a14" n-include_collection="D-DIALOGCOPYRIGHTS-T001"/></copyright-block><copyright-block type="west"><service-copyright n-include_guid="I1DA35ED81DD211B281BAD200220BDFCA" n-include_collection="w_wlnv_msg"/></copyright-block><west-citation-block><bop/><first-line-cite><bos/>2/11/15 NEWS 00:00:00<eos/></first-line-cite><second-line-cite><bos/>2/11/15 ARKA News Agency 00:00:00<eos/></second-line-cite><eop/></west-citation-block></supplier-info><title-info iso-language="en"><bop/><title type="headline" nitf-hedline="hl1" key="key-title"><bos/><sort-title>APPLE FIRST COMPANY IN HISTORY WORTH OVER $700 BLN</sort-title><eos/></title><eop/></title-info><pub-info><journal key="key-journal"><bop/><bos/><sort-journal>ARKA News Agency</sort-journal><eos/><eop/></journal><pub-date key="key-date" iso-time="T00:00:00Z" type="date.publication"><full-pub-date>February 11, 2015</full-pub-date><sort-pub-date>20150211</sort-pub-date><sort-pub-timestamp>20150211000000</sort-pub-timestamp><rank-date>20150211</rank-date><currency-timestamp>20150211000000</currency-timestamp></pub-date><original-pub><language iso-language="en">English</language></original-pub><src-data><src-journal-code>ANPV</src-journal-code><src-pub-code>0063786</src-pub-code><src-pub-type>Newswire</src-pub-type><src-pub-country-wrap><src-pub-country-code>GE</src-pub-country-code><src-pub-country>Georgia CIS</src-pub-country></src-pub-country-wrap><src-pub-region>Europe</src-pub-region></src-data></pub-info><content iso-language="en"><total-char-count>626</total-char-count><derived-word-count><bop/><bos/>Word Count: 100<eos/><eop/></derived-word-count><text type="lead-para"><p nitf="lede"><bop/><bos/><cite.query w-seq-number="00001" w-ref-type="WC" w-normalized-cite="I76DF065242BE11DDA1BC0014224D2780" ID="I0366a770b20411e49b5fd055825320a3">INFORMATION TECHNOLOGIES</cite.query><eos/><eop/></p><p nitf="lede"><bop/><bos/>YEREVAN, February 11. /ARKA/. <eos/><bos/><cite.query w-seq-number="00002" w-ref-type="MM" w-normalized-cite="canonical_name::APPLE" ID="I036d1010b20411e49b5fd055825320a3">Apple</cite.query> has become the first company to reach a market value of $700 billion, Dailymail.co.uk reports.<eos/><eop/></p></text><text type="body"><p><bop/><bos/>Shares rose 1.9 percent to close at $122.02, lifting <cite.query w-seq-number="00003" w-ref-type="MM" w-normalized-cite="canonical_name::APPLE" ID="I03730380b20411e49b5fd055825320a3">Apple</cite.query>&apos;s market value to $710 billion, and making it the first company to hit the $700 billion milestone.<eos/><eop/></p><p><bop/><bos/><cite.query w-seq-number="00004" w-ref-type="MM" w-normalized-cite="canonical_name::APPLE" ID="I03857a10b20411e49b5fd055825320a3">Apple</cite.query> chief executive Tim Cook, speaking at the <cite.query w-seq-number="00005" w-ref-type="NM" w-normalized-cite="canonical_name::GOLDMAN SACHS TECHNOLOGY" ID="I03857a11b20411e49b5fd055825320a3">Goldman Sachs Technology</cite.query> &amp;amp; Internet Conference, said <cite.query w-seq-number="00006" w-ref-type="MM" w-normalized-cite="canonical_name::APPLE" ID="I03857a12b20411e49b5fd055825320a3">Apple</cite.query> was hitting its stride.<eos/><eop/></p><p><bop/><bos/>&apos;We&apos;ve taken (the mobile operating system) iOS and extended it into your car, into your home, into your health. <eos/><bos/>All of these are really critical parts of your life,&apos; Cook said. -0--<eos/><eop/></p></text></content><indexing iso-language="en" value-add="machine-generated"><classification-terms><pres-subject-block><bop/><bos/><pres-subject-wrap><pres-subject>Major Corporations</pres-subject><pres-subject-code>MAJCORP</pres-subject-code><alt1-subject-code>1MA93</alt1-subject-code></pres-subject-wrap><eos/><eop/></pres-subject-block><pres-industry-block><bop/><bos/><pres-industry-wrap><pres-industry>Computer Equipment</pres-industry><pres-industry-code>CPTROVER</pres-industry-code><alt1-industry-code>1CO77</alt1-industry-code></pres-industry-wrap><pres-industry-wrap><pres-industry>I.T.</pres-industry><pres-industry-code>ITOVER</pres-industry-code><alt1-industry-code>1IT96</alt1-industry-code></pres-industry-wrap><eos/><eop/></pres-industry-block></classification-terms><classification-terms><rcs-block><rcs>B:162</rcs><rcs>B:161</rcs><rcs>M:NL</rcs><rcs>B:169</rcs></rcs-block></classification-terms><extraction-terms><extr-company-block><bop/><bos/><norm-company oa-id="4295905573">APPLE INC</norm-company><norm-company-wrap><norm-company-name>APPLE INC</norm-company-name><company-ids><oa-id>4295905573</oa-id><ric norm="AAPL.OQ">AAPL.OQ</ric></company-ids><company-classification><trbc-wrap><trbc type="RCS">B:1758</trbc><trbc type="2012">5710601010</trbc><trbc type="perm-id">4294951243</trbc></trbc-wrap></company-classification><relevancy engine="1C">0.8</relevancy><confidence engine="1C">0.98</confidence></norm-company-wrap><norm-company oa-id="4295911963">GOLDMAN SACHS GROUP INC (THE)</norm-company><norm-company-wrap><norm-company-name>GOLDMAN SACHS GROUP INC (THE)</norm-company-name><company-ids><oa-id>4295911963</oa-id><ric norm="GS.N">GS.N</ric></company-ids><company-classification><trbc-wrap><trbc type="RCS">B:1633</trbc><trbc type="2012">5510201010</trbc><trbc type="perm-id">4294951368</trbc></trbc-wrap></company-classification><relevancy engine="1C">0.2</relevancy><confidence engine="1C">0.92</confidence></norm-company-wrap><eos/><eop/></extr-company-block></extraction-terms><extraction-terms><extr-person-block><bop/><bos/><extr-person>Timothy D. Cook</extr-person><norm-person-wrap><norm-person-name>Timothy D. Cook</norm-person-name><person-ids><od-auth-id>88090</od-auth-id><od-officer-id>88090</od-officer-id><person-perm-id>34413199178</person-perm-id></person-ids><relevancy engine="1C">0.2</relevancy></norm-person-wrap><extr-person>Tim Cook</extr-person><extr-person-wrap><extr-person-name>Tim Cook</extr-person-name><relevancy engine="1C">0.2</relevancy></extr-person-wrap><eos/><eop/></extr-person-block></extraction-terms></indexing></document></n-docbody>
</n-document>
<n-document guid="I1d995880b20f11e4bf99b0458715c063"><n-metadata><metadata.block><md.identifiers><md.cites><md.first.line.cite>2/11/15 NEWS 00:00:00</md.first.line.cite><md.second.line.cite>2/11/15 ARKA News Agency 00:00:00</md.second.line.cite></md.cites><md.uuid>I1d995880b20f11e4bf99b0458715c063</md.uuid></md.identifiers><md.infotype>news</md.infotype><md.sortkeys><md.ordersequence>f47363bec</md.ordersequence></md.sortkeys><md.descriptions><md.title>EBRD DRAM-DENOMINATED 2 BILLION DRAMS LISTED AT NASDAQ OMX ARMENIA</md.title><md.westlawdescrip><md.readlist>READLIST</md.readlist></md.westlawdescrip></md.descriptions><md.dates><md.publisheddatetime>20150211110120</md.publisheddatetime><md.loaddate>20150211</md.loaddate><md.createddatetime>20150211110120</md.createddatetime></md.dates><md.subjects><md.subject><md.pubtype.name/><md.doctype.name>DNR</md.doctype.name><md.doctype.rank/><md.view>CNGE</md.view><md.view>RGEurope</md.view><md.view>PTNewswires</md.view><md.view>ARKANEWS0063786</md.view><md.view>INALLNEWS_ACTEST</md.view><md.view>INFARNEWS_AC</md.view><md.view>MARKETSEIKON_CN</md.view><md.view>MARKETSEIKON</md.view><md.view>CB_ASIAWIRES</md.view><md.view>INWIRES_AC</md.view><md.view>GULF_INTL</md.view><md.view>ININTNEWS_AC</md.view><md.view>ANZ_INTLOS</md.view><md.view>CLEAR_RF</md.view><md.view>INALLNEWS_AC</md.view><md.view>INNEWSINT_PRO</md.view><md.view>INBUSNEWS</md.view><md.view>INNEWSWORLD_PRO</md.view><md.view>INBUSNEWS_AC</md.view></md.subject></md.subjects><md.jurisdictions><md.jurisdiction><md.jurisstate>FE</md.jurisstate></md.jurisdiction></md.jurisdictions><md.publications><md.publication/><md.sourcepubid>ARKANEWS</md.sourcepubid></md.publications><md.royalty><md.royalty.code>84104</md.royalty.code></md.royalty></metadata.block><news.metadata.block><md.text.preview>STOCK MARKETYEREVAN, February 11. / ARKA /. Two billion drams worth bonds of the European Bank for Reconstruction and Development (EBRD) of the second issue were listed on NASDAQ OMX Armenia today and included in the main Abond list, the stock</md.text.preview></news.metadata.block><newsplus.recommendable>1</newsplus.recommendable><n-view>CNGE</n-view><n-view>RGEurope</n-view><n-view>PTNewswires</n-view><n-view>ARKANEWS0063786</n-view><n-view>INALLNEWS_ACTEST</n-view><n-view>INFARNEWS_AC</n-view><n-view>MARKETSEIKON_CN</n-view><n-view>MARKETSEIKON</n-view><n-view>CB_ASIAWIRES</n-view><n-view>INWIRES_AC</n-view><n-view>GULF_INTL</n-view><n-view>ININTNEWS_AC</n-view><n-view>ANZ_INTLOS</n-view><n-view>CLEAR_RF</n-view><n-view>INALLNEWS_AC</n-view><n-view>INNEWSINT_PRO</n-view><n-view>INBUSNEWS</n-view><n-view>INNEWSWORLD_PRO</n-view><n-view>INBUSNEWS_AC</n-view><prism-stylesheet guid="Ia3024d301b6a11d89fc5f34981d3242f"/><prism-clipdate>20150211110120</prism-clipdate></n-metadata>
<n-docbody><document version="1" collection="D-ARKANEWS-T001" first-load-date="20150211110120" ip-product="ARKANEWS" royalty-id="84104" data-model="text" dtd-version="5.2.29" content-type="news" load-language="en"><supplier-info><supplier-num nitf="doc-id" nitf-regsrc="ARKA News Agency" type="accession">662f000376e9cb82</supplier-num><internal-acc-num db-id="NEPRARKA" type="newz">20150211170.1_V662f000376e9cb82</internal-acc-num><rec-status><last-load-date>20150211110120</last-load-date><nitf-date ne="datereceived">20150211T16:57:51Z</nitf-date><nitf-date nitf="date-issue">20150211T00:00:00Z</nitf-date><last-provider-update>20150211165751</last-provider-update></rec-status><supplier-copyright>Copyright Â© 2015 ARKA<copyright-year/><copyright-holder>ARKA</copyright-holder></supplier-copyright><supplier-note nitf="urgency" nitf-ed-urg="4"/><supplier-dtds><dtd dtd-version="working" dtd-date="20150210T00:00:00Z">Canonical Taxonomy</dtd><dtd dtd-version="20150203" dtd-date="20150210T00:00:00Z">Mapping File</dtd></supplier-dtds><copyright-block type="dialog"><service-copyright n-include_guid="Ice671660f30811d88920000083149a14" n-include_collection="D-DIALOGCOPYRIGHTS-T001"/></copyright-block><copyright-block type="west"><service-copyright n-include_guid="I1DA35ED81DD211B281BAD200220BDFCA" n-include_collection="w_wlnv_msg"/></copyright-block><west-citation-block><bop/><first-line-cite><bos/>2/11/15 NEWS 00:00:00<eos/></first-line-cite><second-line-cite><bos/>2/11/15 ARKA News Agency 00:00:00<eos/></second-line-cite><eop/></west-citation-block></supplier-info><title-info iso-language="en"><bop/><title type="headline" nitf-hedline="hl1" key="key-title"><bos/><sort-title>EBRD DRAM-DENOMINATED 2 BILLION DRAMS LISTED AT <cite.query w-seq-number="00001" w-ref-type="CO" w-normalized-cite="IB3F93E8029C011DF9BD7C7F341E042AB" ID="Ia76ab7c0b20f11e48e5bbf1226218c2a">NASDAQ</cite.query> OMX ARMENIA</sort-title><eos/></title><eop/></title-info><pub-info><journal key="key-journal"><bop/><bos/><sort-journal>ARKA News Agency</sort-journal><eos/><eop/></journal><pub-date key="key-date" iso-time="T00:00:00Z" type="date.publication"><full-pub-date>February 11, 2015</full-pub-date><sort-pub-date>20150211</sort-pub-date><sort-pub-timestamp>20150211000000</sort-pub-timestamp><rank-date>20150211</rank-date><currency-timestamp>20150211000000</currency-timestamp></pub-date><original-pub><language iso-language="en">English</language></original-pub><src-data><src-journal-code>ANPV</src-journal-code><src-pub-code>0063786</src-pub-code><src-pub-type>Newswire</src-pub-type><src-pub-country-wrap><src-pub-country-code>GE</src-pub-country-code><src-pub-country>Georgia CIS</src-pub-country></src-pub-country-wrap><src-pub-region>Europe</src-pub-region></src-data></pub-info><content iso-language="en"><total-char-count>1779</total-char-count><derived-word-count><bop/><bos/>Word Count: 279<eos/><eop/></derived-word-count><text type="lead-para"><p nitf="lede"><bop/><bos/>STOCK MARKET<eos/><eop/></p><p nitf="lede"><bop/><bos/>YEREVAN, February 11. / ARKA /. Two billion drams worth bonds of the <cite.query w-seq-number="00002" w-ref-type="CO" w-normalized-cite="IBAFB90B169EC11DDB89AB9FC5024B35B" ID="Ia7945fd0b20f11e48e5bbf1226218c2a">European Bank for Reconstruction and Development</cite.query> (EBRD) of the second issue were listed on <cite.query w-seq-number="00003" w-ref-type="CO" w-normalized-cite="IB3F93E8029C011DF9BD7C7F341E042AB" ID="Ia7945fd1b20f11e48e5bbf1226218c2a">NASDAQ</cite.query> OMX Armenia today and included in the main Abond list, the stock exchange said today.<eos/><eop/></p></text><text type="body"><p><bop/><bos/>It said the face value of a bond is 10,000 drams; the maturity period is 6 months and the coupon yield is 17%. <eos/><bos/>EBRD bonds are assigned EBRDB2 ticker. <eos/><bos/>They will be allowed to conclude targeted and repo transactions.<eos/><eop/></p><p><bop/><bos/>These bonds were placed at <cite.query w-seq-number="00004" w-ref-type="CO" w-normalized-cite="IB3F93E8029C011DF9BD7C7F341E042AB" ID="Ia7af13c0b20f11e48e5bbf1226218c2a">NASDAQ</cite.query> OMX Armenia on January 30, 2015. <eos/><bos/>The total amount of submitted bids (aggregate demand) totaled 2.908 billion drams.<eos/><eop/></p><p><bop/><bos/>The bonds were fully placed, attracting 2 billion drams. <eos/><bos/>The first issue of EBRD coupon dram-denominated bonds with a floating rate (EBRDB1) in the amount of 2 billion drams were placed in 2014 February and were repaid on February 2, 2015.<eos/><eop/></p><p><bop/><bos/><cite.query w-seq-number="00005" w-ref-type="CO" w-normalized-cite="IB3F93E8029C011DF9BD7C7F341E042AB" ID="Ia7db05c0b20f11e48e5bbf1226218c2a">NASDAQ</cite.query> OMX Armenia is the new name of the <cite.query w-seq-number="00006" w-ref-type="CO" w-normalized-cite="IFC75AA8441EC11DDAD6B0014224D2780" ID="Ia7db05c1b20f11e48e5bbf1226218c2a">Armenian Stock Exchange</cite.query> ojsc (renamed on January 27, 2009), however, it is also used to refer jointly to the stock exchange and the Central Depository of Armenia ojsc (CDA), as the both companies have been members of the <cite.query w-seq-number="00007" w-ref-type="CO" w-normalized-cite="I259E58B041EA11DDAD6B0014224D2780" ID="Ia7db05c2b20f11e48e5bbf1226218c2a">NASDAQ OMX Group, Inc.</cite.query> since early 2008.<eos/><eop/></p><p><bop/><bos/><cite.query w-seq-number="00008" w-ref-type="CO" w-normalized-cite="IB3F93E8029C011DF9BD7C7F341E042AB" ID="Ia8045fb0b20f11e48e5bbf1226218c2a">NASDAQ</cite.query> OMX Armenia and the <cite.query w-seq-number="00009" w-ref-type="CO" w-normalized-cite="I2B3A961041EC11DDAD6B0014224D2780" ID="Ia8045fb1b20f11e48e5bbf1226218c2a">CDA</cite.query> are the major securities market infrastructure institutions in Armenia. <eos/><bos/>Since their inception in 2000, both companies had operated as self-regulatory organizations established by member broker companies, up until demutualization in 2007.<eos/><eop/></p><p><bop/><bos/><cite.query w-seq-number="00010" w-ref-type="CO" w-normalized-cite="IB3F93E8029C011DF9BD7C7F341E042AB" ID="Ia82c8120b20f11e48e5bbf1226218c2a">NASDAQ</cite.query> OMX Armenia is a part of the world&apos;s largest exchange company, the <cite.query w-seq-number="00011" w-ref-type="CO" w-normalized-cite="I259E58B041EA11DDAD6B0014224D2780" ID="Ia82c8121b20f11e48e5bbf1226218c2a">NASDAQ OMX Group, Inc.</cite.query><eos/><eop/></p><p><bop/><bos/>The EBRD is one of the largest investors in Armenia. <eos/><bos/>Since its inception in Armenia in 1992 it has financed implementation of 136 programs in the field of energy and infrastructure, as well as in the financial sector, worth 803 million euros. -0-<eos/><eop/></p></text></content><indexing iso-language="en" value-add="machine-generated"><classification-terms><pres-location-block><bop/><bos/><pres-location-wrap><pres-location>Armenia</pres-location><pres-location-code>ISOAM</pres-location-code><alt1-location-code>1AR09</alt1-location-code></pres-location-wrap><pres-location-wrap><pres-location>CIS Countries</pres-location><pres-location-code>CISSTAT</pres-location-code><alt1-location-code>1CI64</alt1-location-code></pres-location-wrap><pres-location-wrap><pres-location>Eastern Europe</pres-location><pres-location-code>GEOEEUR</pres-location-code><alt1-location-code>1EA48</alt1-location-code></pres-location-wrap><pres-location-wrap><pres-location>Europe</pres-location><pres-location-code>GEOEUR</pres-location-code><alt1-location-code>1EU83</alt1-location-code></pres-location-wrap><eos/><eop/></pres-location-block></classification-terms><classification-terms><pres-subject-block><bop/><bos/><pres-subject-wrap><pres-subject>Bond Instruments</pres-subject><pres-subject-code>BONDINST</pres-subject-code><alt1-subject-code>1BO92</alt1-subject-code></pres-subject-wrap><pres-subject-wrap><pres-subject>Bond Issues</pres-subject><pres-subject-code>NEWBONDS</pres-subject-code><alt1-subject-code>1BO94</alt1-subject-code></pres-subject-wrap><pres-subject-wrap><pres-subject>CIS</pres-subject><pres-subject-code>GEOCIS</pres-subject-code><alt1-subject-code>1CI65</alt1-subject-code></pres-subject-wrap><pres-subject-wrap><pres-subject>Economics &amp; Trade</pres-subject><pres-subject-code>TRADE</pres-subject-code><alt1-subject-code>1EC26</alt1-subject-code></pres-subject-wrap><pres-subject-wrap><pres-subject>Financial Markets</pres-subject><pres-subject-code>BOURSE</pres-subject-code><alt1-subject-code>1FI87</alt1-subject-code></pres-subject-wrap><pres-subject-wrap><pres-subject>Funding Instruments</pres-subject><pres-subject-code>INVSTING</pres-subject-code><alt1-subject-code>1FU41</alt1-subject-code></pres-subject-wrap><pres-subject-wrap><pres-subject>World Organizations</pres-subject><pres-subject-code>GEOORGS</pres-subject-code><alt1-subject-code>1IN77</alt1-subject-code></pres-subject-wrap><eos/><eop/></pres-subject-block><pres-industry-block><bop/><bos/><pres-industry-wrap><pres-industry>Bonds</pres-industry><pres-industry-code>BONDS</pres-industry-code><alt1-industry-code>1BO97</alt1-industry-code></pres-industry-wrap><pres-industry-wrap><pres-industry>Financial Services</pres-industry><pres-industry-code>FINSVC</pres-industry-code><alt1-industry-code>1FI37</alt1-industry-code></pres-industry-wrap><pres-industry-wrap><pres-industry>Fixed Income Investments</pres-industry><pres-industry-code>FIXEDINV</pres-industry-code><alt1-industry-code>1FI12</alt1-industry-code></pres-industry-wrap><pres-industry-wrap><pres-industry>Investment Management</pres-industry><pres-industry-code>INVSTMAN</pres-industry-code><alt1-industry-code>1IN34</alt1-industry-code></pres-industry-wrap><pres-industry-wrap><pres-industry>Metals &amp; Mining</pres-industry><pres-industry-code>METALS</pres-industry-code><alt1-industry-code>1ME07</alt1-industry-code></pres-industry-wrap><pres-industry-wrap><pres-industry>Minor Metals &amp; Minerals</pres-industry><pres-industry-code>MINORORE</pres-industry-code><alt1-industry-code>1MI41</alt1-industry-code></pres-industry-wrap><pres-industry-wrap><pres-industry>Molybdenum</pres-industry><pres-industry-code>MOLY</pres-industry-code><alt1-industry-code>1MO03</alt1-industry-code></pres-industry-wrap><pres-industry-wrap><pres-industry>Natural Resources</pres-industry><pres-industry-code>RESOURCE</pres-industry-code><alt1-industry-code>1NA60</alt1-industry-code></pres-industry-wrap><pres-industry-wrap><pres-industry>Securities Investment</pres-industry><pres-industry-code>PTSECUR</pres-industry-code><alt1-industry-code>1SE57</alt1-industry-code></pres-industry-wrap><pres-industry-wrap><pres-industry>U.S. Securities &amp; Exchange Commission</pres-industry><pres-industry-code>SECNEWS</pres-industry-code><alt1-industry-code>1US50</alt1-industry-code></pres-industry-wrap><eos/><eop/></pres-industry-block></classification-terms><classification-terms><rcs-block><rcs>E:6</rcs><rcs>G:B</rcs><rcs>E:5</rcs><rcs>E:W</rcs><rcs>G:A</rcs><rcs>U:42</rcs><rcs>G:B2</rcs><rcs>B:20</rcs><rcs>B:125</rcs><rcs>B:126</rcs><rcs>G:Y</rcs><rcs>B:12</rcs><rcs>G:7I</rcs><rcs>E:5I</rcs><rcs>A:U</rcs><rcs>B:130</rcs><rcs>U:1</rcs><rcs>A:2</rcs><rcs>B:19</rcs><rcs>G:AJ</rcs></rcs-block></classification-terms><extraction-terms><extr-company-block><bop/><bos/><norm-company oa-id="8589934167">NASDAQ OMX GROUP INC (THE)</norm-company><norm-company-wrap><norm-company-name>NASDAQ OMX GROUP INC (THE)</norm-company-name><company-ids><oa-id>8589934167</oa-id><ric norm="NDAQ.OQ">NDAQ.OQ</ric></company-ids><company-classification><trbc-wrap><trbc type="RCS">B:1648</trbc><trbc type="2012">5510205010</trbc><trbc type="perm-id">4294951353</trbc></trbc-wrap></company-classification><relevancy engine="1C">0.5</relevancy><confidence engine="1C">0.99</confidence></norm-company-wrap><eos/><eop/></extr-company-block></extraction-terms></indexing></document></n-docbody>
</n-document>
<n-document guid="I5dd0c080b11c11e4bcbace231387365e"><n-metadata><metadata.block><md.identifiers><md.cites><md.first.line.cite>2/10/15 NEWS 00:00:00</md.first.line.cite><md.second.line.cite>2/10/15 ARKA News Agency 00:00:00</md.second.line.cite></md.cites><md.uuid>I5dd0c080b11c11e4bcbace231387365e</md.uuid></md.identifiers><md.infotype>news</md.infotype><md.sortkeys><md.ordersequence>f47363bec</md.ordersequence></md.sortkeys><md.descriptions><md.title>ARKA NEWS AGENCY CORRESPONDENT WINS ROSTELECOM&apos;S CONTEST IN TWITTER</md.title><md.westlawdescrip><md.readlist>READLIST</md.readlist></md.westlawdescrip></md.descriptions><md.dates><md.publisheddatetime>20150210060650</md.publisheddatetime><md.loaddate>20150210</md.loaddate><md.createddatetime>20150210060650</md.createddatetime></md.dates><md.subjects><md.subject><md.pubtype.name/><md.doctype.name>DNR</md.doctype.name><md.doctype.rank/><md.view>CNGE</md.view><md.view>RGEurope</md.view><md.view>PTNewswires</md.view><md.view>ARKANEWS0063786</md.view><md.view>INALLNEWS_ACTEST</md.view><md.view>INFARNEWS_AC</md.view><md.view>MARKETSEIKON_CN</md.view><md.view>MARKETSEIKON</md.view><md.view>CB_ASIAWIRES</md.view><md.view>INWIRES_AC</md.view><md.view>GULF_INTL</md.view><md.view>ININTNEWS_AC</md.view><md.view>ANZ_INTLOS</md.view><md.view>CLEAR_RF</md.view><md.view>INALLNEWS_AC</md.view><md.view>INNEWSINT_PRO</md.view><md.view>INBUSNEWS</md.view><md.view>INNEWSWORLD_PRO</md.view><md.view>INBUSNEWS_AC</md.view></md.subject></md.subjects><md.jurisdictions><md.jurisdiction><md.jurisstate>FE</md.jurisstate></md.jurisdiction></md.jurisdictions><md.publications><md.publication/><md.sourcepubid>ARKANEWS</md.sourcepubid></md.publications><md.royalty><md.royalty.code>84104</md.royalty.code></md.royalty></metadata.block><news.metadata.block><md.text.preview>INFORMATION TECHNOLOGIESYEREVAN, February 10. /ARKA/. Inna Verlinskaya, a correspondent at ARKA News Agency, has won Russian Rostelecom Telecommunication Company&apos;s contest in Twitter, the company&apos;s press office reported on Monday.</md.text.preview></news.metadata.block><newsplus.recommendable>1</newsplus.recommendable><n-view>CNGE</n-view><n-view>RGEurope</n-view><n-view>PTNewswires</n-view><n-view>ARKANEWS0063786</n-view><n-view>INALLNEWS_ACTEST</n-view><n-view>INFARNEWS_AC</n-view><n-view>MARKETSEIKON_CN</n-view><n-view>MARKETSEIKON</n-view><n-view>CB_ASIAWIRES</n-view><n-view>INWIRES_AC</n-view><n-view>GULF_INTL</n-view><n-view>ININTNEWS_AC</n-view><n-view>ANZ_INTLOS</n-view><n-view>CLEAR_RF</n-view><n-view>INALLNEWS_AC</n-view><n-view>INNEWSINT_PRO</n-view><n-view>INBUSNEWS</n-view><n-view>INNEWSWORLD_PRO</n-view><n-view>INBUSNEWS_AC</n-view><prism-stylesheet guid="Ia3024d301b6a11d89fc5f34981d3242f"/><prism-clipdate>20150210060650</prism-clipdate></n-metadata>
<n-docbody><document version="1" collection="D-ARKANEWS-T001" first-load-date="20150210060650" ip-product="ARKANEWS" royalty-id="84104" data-model="text" dtd-version="5.2.29" content-type="news" load-language="en"><supplier-info><supplier-num nitf="doc-id" nitf-regsrc="ARKA News Agency" type="accession">bfdc000a84eb9675</supplier-num><internal-acc-num db-id="NEPRARKA" type="newz">20150210170.1_Vbfdc000a84eb9675</internal-acc-num><rec-status><last-load-date>20150210060650</last-load-date><nitf-date ne="datereceived">20150210T12:00:11Z</nitf-date><nitf-date nitf="date-issue">20150210T00:00:00Z</nitf-date><last-provider-update>20150210120011</last-provider-update></rec-status><supplier-copyright>Copyright Â© 2015 ARKA<copyright-year/><copyright-holder>ARKA</copyright-holder></supplier-copyright><supplier-note nitf="urgency" nitf-ed-urg="4"/><supplier-dtds><dtd dtd-version="working" dtd-date="20150120T00:00:00Z">Canonical Taxonomy</dtd><dtd dtd-version="20150114" dtd-date="20150120T00:00:00Z">Mapping File</dtd></supplier-dtds><copyright-block type="dialog"><service-copyright n-include_guid="Ice671660f30811d88920000083149a14" n-include_collection="D-DIALOGCOPYRIGHTS-T001"/></copyright-block><copyright-block type="west"><service-copyright n-include_guid="I1DA35ED81DD211B281BAD200220BDFCA" n-include_collection="w_wlnv_msg"/></copyright-block><west-citation-block><bop/><first-line-cite><bos/>2/10/15 NEWS 00:00:00<eos/></first-line-cite><second-line-cite><bos/>2/10/15 ARKA News Agency 00:00:00<eos/></second-line-cite><eop/></west-citation-block></supplier-info><title-info iso-language="en"><bop/><title type="headline" nitf-hedline="hl1" key="key-title"><bos/><sort-title><cite.query w-seq-number="00001" w-ref-type="NM" w-normalized-cite="canonical_name::ARKA NEWS AGENCY" ID="I59869e40b11d11e49508eb72cf6a4937">ARKA NEWS AGENCY</cite.query> CORRESPONDENT WINS ROSTELECOM&apos;S CONTEST IN TWITTER</sort-title><eos/></title><eop/></title-info><pub-info><journal key="key-journal"><bop/><bos/><sort-journal>ARKA News Agency</sort-journal><eos/><eop/></journal><pub-date key="key-date" iso-time="T00:00:00Z" type="date.publication"><full-pub-date>February 10, 2015</full-pub-date><sort-pub-date>20150210</sort-pub-date><sort-pub-timestamp>20150210000000</sort-pub-timestamp><rank-date>20150210</rank-date><currency-timestamp>20150210000000</currency-timestamp></pub-date><original-pub><language iso-language="en">English</language></original-pub><src-data><src-journal-code>ANPV</src-journal-code><src-pub-code>0063786</src-pub-code><src-pub-type>Newswire</src-pub-type><src-pub-country-wrap><src-pub-country-code>GE</src-pub-country-code><src-pub-country>Georgia CIS</src-pub-country></src-pub-country-wrap><src-pub-region>Europe</src-pub-region></src-data></pub-info><content iso-language="en"><total-char-count>3053</total-char-count><derived-word-count><bop/><bos/>Word Count: 448<eos/><eop/></derived-word-count><text type="lead-para"><p nitf="lede"><bop/><bos/><cite.query w-seq-number="00002" w-ref-type="WC" w-normalized-cite="I76DF065242BE11DDA1BC0014224D2780" ID="I598dca30b11d11e49508eb72cf6a4937">INFORMATION TECHNOLOGIES</cite.query><eos/><eop/></p><p nitf="lede"><bop/><bos/>YEREVAN, February 10. /ARKA/. <eos/><bos/>Inna Verlinskaya, a correspondent at <cite.query w-seq-number="00003" w-ref-type="NM" w-normalized-cite="canonical_name::ARKA NEWS AGENCY" ID="I599ff2a0b11d11e49508eb72cf6a4937">ARKA News Agency</cite.query>, has won Russian <cite.query w-seq-number="00004" w-ref-type="NM" w-normalized-cite="canonical_name::ROSTELECOM TELECOMMUNICATION CO" ID="I599ff2a1b11d11e49508eb72cf6a4937">Rostelecom Telecommunication Company</cite.query>&apos;s contest in Twitter, the company&apos;s press office reported on Monday.<eos/><eop/></p></text><text type="body"><p><bop/><bos/>On September 29, 2014, <cite.query w-seq-number="00005" w-ref-type="WC" w-normalized-cite="IF2142130453D11DD94140014224D2780" ID="I59a3ea40b11d11e49508eb72cf6a4937">Rostelecom</cite.query> announced its Fourth Annual Contest of Journalists titled &apos;Technologies for Life - Light Velocity Internet&apos; in Russia.<eos/><eop/></p><p><bop/><bos/>The grand prize in this contest is a trip with a Russian delegation to <cite.query w-seq-number="00006" w-ref-type="MM" w-normalized-cite="canonical_name::HUAWEI" ID="I59abd980b11d11e49508eb72cf6a4937">Huawei</cite.query> headquarters in Shenzhen, China in autumn 2015.<eos/><eop/></p><p><bop/><bos/>This project was launched in Armenia on December 23. <eos/><bos/>Along with this contest announcement, another contest announcement appeared on the company&apos;s page in Twitter - contenders here had to translate a record about the launch of the contest in Armenia from Armenian to Russian language.<eos/><eop/></p><p><bop/><bos/>&quot;We are happy to name the winner - Inna Verlinskaya, <cite.query w-seq-number="00007" w-ref-type="NM" w-normalized-cite="canonical_name::ARKA NEWS AGENCY" ID="I59b3c8c0b11d11e49508eb72cf6a4937">ARKA News Agency</cite.query>&apos;s correspondent, to whom a corporate gift was handed in recent days,&quot; the company says in its press release.<eos/><eop/></p><p><bop/><bos/>The company also says that &apos;Technologies for Life - Light Velocity Internet&apos; contest is under way now and every media representative who has a published article related to telecommunication may join this race by posting the article on www.smi.rt.ru. The winner from Armenia will travel to China together with winners from Russia.<eos/><eop/></p><p><bop/><bos/>Journalists working in various areas - radio, television, Internet and news agencies, as well as bloggers may take part in the contest. <eos/><bos/>The best articles will be selected by the professional jury made up of representatives of IT community and Armenian media outlets.<eos/><eop/></p><p><bop/><bos/>Karen Vardanyan; the executive director of the Union of Information Technology Enterprises; Bagrat Yengibaryan, director of the Enterprise Incubator Foundation; Yeva Yusyan, head of <cite.query w-seq-number="00008" w-ref-type="MM" w-normalized-cite="canonical_name::MICROSOFT" ID="I59d22630b11d11e49508eb72cf6a4937">Microsoft</cite.query> Armenia; Galina Davidyan, director of <cite.query w-seq-number="00009" w-ref-type="NM" w-normalized-cite="canonical_name::NOVOSTI ARMENIA INTERNATIONAL NEWS AGENCY" ID="I59d22631b11d11e49508eb72cf6a4937">Novosti-Armenia International News Agency</cite.query>, head of <cite.query w-seq-number="00010" w-ref-type="NM" w-normalized-cite="canonical_name::ROSTELECOM GROUP" ID="I59d22632b11d11e49508eb72cf6a4937">Rostelecom Group</cite.query>&apos;s GNC-Alfa CJSC and director of <cite.query w-seq-number="00011" w-ref-type="NM" w-normalized-cite="canonical_name::ARMENPRESS NEWS AGENCY" ID="I59d22633b11d11e49508eb72cf6a4937">Armenpress News Agency</cite.query> Aram Ananyan.<eos/><eop/></p><p><bop/><bos/>The first contest was conducted in 2011. <eos/><bos/>It attracts no less than 500 articles every year.<eos/><eop/></p><p><bop/><bos/>&apos;Technologies for Life&apos; project is being implemented to attract media outlets and bloggers to unbiased and higher-quality coverage of innovative technologies and services and their application in various areas.<eos/><eop/></p><p><bop/><bos/>Details are available on www.smi.rt.ru. Applications are received here. <eos/><bos/>The application submission deadline is April 10, 2015.<eos/><eop/></p><p><bop/><bos/>The contest is organized by Rostelecom jointly with <cite.query w-seq-number="00012" w-ref-type="MM" w-normalized-cite="canonical_name::HUAWEI" ID="I59e0cc30b11d11e49508eb72cf6a4937">Huawei</cite.query>, the Russian <cite.query w-seq-number="00013" w-ref-type="NM" w-normalized-cite="canonical_name::ASSOCIATION OF ELECTRONIC COMMUNICATIONS" ID="I59e0cc31b11d11e49508eb72cf6a4937">Association of Electronic Communications</cite.query> and Mikhaylov&amp;amp;Partners under information support from flagship regional Russian and Armenian media outlets.<eos/><eop/></p><p><bop/><bos/>GNC-ALFA CJSC, Armenian subsidiary of Russia&apos;s <cite.query w-seq-number="00014" w-ref-type="WC" w-normalized-cite="IF2142130453D11DD94140014224D2780" ID="I59e4c3d0b11d11e49508eb72cf6a4937">Rostelecom</cite.query>, started selling telecommunication services in December 2012 under Rostelecom brand. <eos/><bos/>In late 2012, it offered super-speed Internet as well as IP television and telephony services to clients.<eos/><eop/></p><p><bop/><bos/>The company&apos;s fiber optic network covers 80% of Armenia&apos;s territory stretching 2,500 kilometers across the country.<eos/><eop/></p><p><bop/><bos/>The company has built a backbone fiber optic cable from Iran, as well as two outputs through Georgia. <eos/>M.V.--0--<eop/></p></text></content><indexing iso-language="en" value-add="machine-generated"><classification-terms><pres-location-block><bop/><bos/><pres-location-wrap><pres-location>Armenia</pres-location><pres-location-code>ISOAM</pres-location-code><alt1-location-code>1AR09</alt1-location-code></pres-location-wrap><pres-location-wrap><pres-location>Asia</pres-location><pres-location-code>GEOASIA</pres-location-code><alt1-location-code>1AS61</alt1-location-code></pres-location-wrap><pres-location-wrap><pres-location>CIS Countries</pres-location><pres-location-code>CISSTAT</pres-location-code><alt1-location-code>1CI64</alt1-location-code></pres-location-wrap><pres-location-wrap><pres-location>Central Asia</pres-location><pres-location-code>GEOCASIA</pres-location-code><alt1-location-code>1CE93</alt1-location-code></pres-location-wrap><pres-location-wrap><pres-location>China</pres-location><pres-location-code>ISOCN</pres-location-code><alt1-location-code>1CH15</alt1-location-code></pres-location-wrap><pres-location-wrap><pres-location>Eastern Asia</pres-location><pres-location-code>GEOEASIA</pres-location-code><alt1-location-code>1EA61</alt1-location-code></pres-location-wrap><pres-location-wrap><pres-location>Eastern Europe</pres-location><pres-location-code>GEOEEUR</pres-location-code><alt1-location-code>1EA48</alt1-location-code></pres-location-wrap><pres-location-wrap><pres-location>Europe</pres-location><pres-location-code>GEOEUR</pres-location-code><alt1-location-code>1EU83</alt1-location-code></pres-location-wrap><pres-location-wrap><pres-location>Far East</pres-location><pres-location-code>GEOFREST</pres-location-code><alt1-location-code>1FA27</alt1-location-code></pres-location-wrap><eos/><eop/></pres-location-block></classification-terms><classification-terms><pres-subject-block><bop/><bos/><pres-subject-wrap><pres-subject>CIS</pres-subject><pres-subject-code>GEOCIS</pres-subject-code><alt1-subject-code>1CI65</alt1-subject-code></pres-subject-wrap><pres-subject-wrap><pres-subject>Emerging Market Countries</pres-subject><pres-subject-code>EMERGING</pres-subject-code><alt1-subject-code>1EM65</alt1-subject-code></pres-subject-wrap><pres-subject-wrap><pres-subject>World Organizations</pres-subject><pres-subject-code>GEOORGS</pres-subject-code><alt1-subject-code>1IN77</alt1-subject-code></pres-subject-wrap><eos/><eop/></pres-subject-block><pres-industry-block><bop/><bos/><pres-industry-wrap><pres-industry>Broadband Equipment</pres-industry><pres-industry-code>DJFCMT</pres-industry-code><alt1-industry-code>1BR20</alt1-industry-code></pres-industry-wrap><pres-industry-wrap><pres-industry>Fiber Optics</pres-industry><pres-industry-code>PTOPTIX</pres-industry-code><alt1-industry-code>1FI68</alt1-industry-code></pres-industry-wrap><pres-industry-wrap><pres-industry>Fiber-Optical Connectivity</pres-industry><pres-industry-code>DCOPNET</pres-industry-code><alt1-industry-code>1FI54</alt1-industry-code></pres-industry-wrap><pres-industry-wrap><pres-industry>Glass</pres-industry><pres-industry-code>GLASS</pres-industry-code><alt1-industry-code>1GL29</alt1-industry-code></pres-industry-wrap><pres-industry-wrap><pres-industry>Industrial Glass</pres-industry><pres-industry-code>PTINDGLS</pres-industry-code><alt1-industry-code>1IN89</alt1-industry-code></pres-industry-wrap><pres-industry-wrap><pres-industry>Internet</pres-industry><pres-industry-code>INTERNET</pres-industry-code><alt1-industry-code>1IN27</alt1-industry-code></pres-industry-wrap><pres-industry-wrap><pres-industry>Internet Infrastructure</pres-industry><pres-industry-code>INTERINF</pres-industry-code><alt1-industry-code>1IN95</alt1-industry-code></pres-industry-wrap><pres-industry-wrap><pres-industry>Manufacturing</pres-industry><pres-industry-code>MANFFP</pres-industry-code><alt1-industry-code>1MA74</alt1-industry-code></pres-industry-wrap><pres-industry-wrap><pres-industry>Optical Equipment</pres-industry><pres-industry-code>TTFOPT</pres-industry-code><alt1-industry-code>1OP07</alt1-industry-code></pres-industry-wrap><pres-industry-wrap><pres-industry>Optical Infrastructure</pres-industry><pres-industry-code>OPTINFRA</pres-industry-code><alt1-industry-code>1OP13</alt1-industry-code></pres-industry-wrap><pres-industry-wrap><pres-industry>Telecom</pres-industry><pres-industry-code>TITOP</pres-industry-code><alt1-industry-code>1TE27</alt1-industry-code></pres-industry-wrap><pres-industry-wrap><pres-industry>Telecom Equipment</pres-industry><pres-industry-code>TNEQOVR</pres-industry-code><alt1-industry-code>1TE98</alt1-industry-code></pres-industry-wrap><eos/><eop/></pres-industry-block></classification-terms><classification-terms><rcs-block><rcs>G:B</rcs><rcs>G:A</rcs><rcs>G:B2</rcs><rcs>G:B1</rcs><rcs>M:S</rcs><rcs>B:162</rcs><rcs>G:1</rcs><rcs>G:K</rcs><rcs>G:AJ</rcs><rcs>G:Y</rcs><rcs>B:167</rcs><rcs>G:7I</rcs></rcs-block></classification-terms><extraction-terms><extr-company-block><bop/><bos/><norm-company oa-id="5035458222">GNC ALFA CJSC</norm-company><norm-company-wrap><norm-company-name>GNC ALFA CJSC</norm-company-name><company-ids><oa-id>5035458222</oa-id></company-ids><relevancy engine="1C">0.2</relevancy><confidence engine="1C">0.85</confidence></norm-company-wrap><norm-company oa-id="4296309931">HUAWEI TECHNOLOGIES CO LTD</norm-company><norm-company-wrap><norm-company-name>HUAWEI TECHNOLOGIES CO LTD</norm-company-name><company-ids><oa-id>4296309931</oa-id></company-ids><company-classification><trbc-wrap><trbc type="RCS">B:1821</trbc><trbc type="2012">5810102014</trbc><trbc type="perm-id">4294951180</trbc></trbc-wrap></company-classification><relevancy engine="1C">0.2</relevancy><confidence engine="1C">0.7</confidence></norm-company-wrap><norm-company oa-id="4295907168">MICROSOFT CORP</norm-company><norm-company-wrap><norm-company-name>MICROSOFT CORP</norm-company-name><company-ids><oa-id>4295907168</oa-id><ric norm="MSFT.OQ">MSFT.OQ</ric></company-ids><company-classification><trbc-wrap><trbc type="RCS">B:1796</trbc><trbc type="2012">5720102010</trbc><trbc type="perm-id">4294951205</trbc></trbc-wrap></company-classification><relevancy engine="1C">0.2</relevancy><confidence engine="1C">0.82</confidence></norm-company-wrap><norm-company oa-id="4295887076">OPEN JOINT STOCK COMPANY LONG DISTANCE AND INTERNATIONAL TELECOMMUNICATIONS &quot;ROSTELECOM&quot;</norm-company><norm-company-wrap><norm-company-name>OPEN JOINT STOCK COMPANY LONG DISTANCE AND INTERNATIONAL TELECOMMUNICATIONS &quot;ROSTELECOM&quot;</norm-company-name><company-ids><oa-id>4295887076</oa-id><ric norm="RTKM.MMO">RTKM.MMO</ric></company-ids><company-classification><trbc-wrap><trbc type="RCS">B:1811</trbc><trbc type="2012">5810101010</trbc><trbc type="perm-id">4294951190</trbc></trbc-wrap></company-classification><relevancy engine="1C">0.8</relevancy><confidence engine="1C">0.85</confidence></norm-company-wrap><norm-company oa-id="4296301199">TWITTER INC</norm-company><norm-company-wrap><norm-company-name>TWITTER INC</norm-company-name><company-ids><oa-id>4296301199</oa-id><ric norm="TWTR.N">TWTR.N</ric></company-ids><company-classification><trbc-wrap><trbc type="RCS">B:1806</trbc><trbc type="2012">5720103012</trbc><trbc type="perm-id">4294951195</trbc></trbc-wrap></company-classification><relevancy engine="1C">0.8</relevancy><confidence engine="1C">0.94</confidence></norm-company-wrap><eos/><eop/></extr-company-block></extraction-terms><extraction-terms><extr-person-block><bop/><bos/><extr-person>Galina Davidyan</extr-person><extr-person-wrap><extr-person-name>Galina Davidyan</extr-person-name><relevancy engine="1C">0.2</relevancy></extr-person-wrap><extr-person>Bagrat Yengibaryan</extr-person><extr-person-wrap><extr-person-name>Bagrat Yengibaryan</extr-person-name><relevancy engine="1C">0.2</relevancy></extr-person-wrap><extr-person>Inna Verlinskaya</extr-person><extr-person-wrap><extr-person-name>Inna Verlinskaya</extr-person-name><relevancy engine="1C">0.2</relevancy></extr-person-wrap><extr-person>Yeva Yusyan</extr-person><extr-person-wrap><extr-person-name>Yeva Yusyan</extr-person-name><relevancy engine="1C">0.2</relevancy></extr-person-wrap><extr-person>Karen Vardanyan</extr-person><extr-person-wrap><extr-person-name>Karen Vardanyan</extr-person-name><relevancy engine="1C">0.2</relevancy></extr-person-wrap><eos/><eop/></extr-person-block></extraction-terms></indexing></document></n-docbody>
</n-document>
<n-document guid="I22324d40b07d11e4bc919d3d43949db0"><n-metadata><metadata.block><md.identifiers><md.cites><md.parallelcite><md.parallelcite.info><md.display.parallelcite type="WLNR">2015 WLNR 3990619</md.display.parallelcite></md.parallelcite.info></md.parallelcite><md.first.line.cite>2/9/15 BANKSVCS (No Page)</md.first.line.cite><md.second.line.cite>2/9/15 ARKA Banking Services Bull. (Pg. Unavail. Online)</md.second.line.cite></md.cites><md.uuid>I22324d40b07d11e4bc919d3d43949db0</md.uuid></md.identifiers><md.infotype>news</md.infotype><md.sortkeys><md.ordersequence>f469da56c</md.ordersequence></md.sortkeys><md.descriptions><md.title>PRESS-CLIPPING</md.title><md.westlawdescrip><md.readlist>READLIST</md.readlist></md.westlawdescrip></md.descriptions><md.dates><md.publisheddatetime>20150209110620</md.publisheddatetime><md.loaddate>20150209</md.loaddate><md.createddatetime>20150209110620</md.createddatetime></md.dates><md.subjects><md.subject><md.pubtype.name/><md.doctype.name>DNR</md.doctype.name><md.doctype.rank/><md.view>CNAM</md.view><md.view>RGEurope</md.view><md.view>PTMagazines</md.view><md.view>ARKANEWS0064119</md.view><md.view>ININTNEWS_AC</md.view><md.view>INFINNEWS</md.view><md.view>INALLNEWS_ACTEST</md.view><md.view>INFARNEWS_AC</md.view><md.view>ANZ_INTLBTI</md.view><md.view>INALLNEWS_AC</md.view><md.view>CLEAR_RF</md.view><md.view>INBUSNEWS</md.view><md.view>INBANKNEWS_AC</md.view><md.view>INBUSNEWS_AC</md.view></md.subject></md.subjects><md.jurisdictions><md.jurisdiction><md.jurisstate>FE</md.jurisstate></md.jurisdiction></md.jurisdictions><md.publications><md.publication/><md.sourcepubid>ARKANEWS</md.sourcepubid></md.publications><md.royalty><md.royalty.code>77232</md.royalty.code></md.royalty></metadata.block><news.metadata.block><md.text.preview>The monitoring of Armenian media reports regarding the activities of local banks from February 2 to 6 shows that the then top event covered by media was ConverseBank&apos;s news conference summarizing the 2014 results.ConverseBank CEO Tigran Davtyan</md.text.preview></news.metadata.block><newsplus.recommendable/><n-view>CNAM</n-view><n-view>RGEurope</n-view><n-view>PTMagazines</n-view><n-view>ARKANEWS0064119</n-view><n-view>ININTNEWS_AC</n-view><n-view>INFINNEWS</n-view><n-view>INALLNEWS_ACTEST</n-view><n-view>INFARNEWS_AC</n-view><n-view>ANZ_INTLBTI</n-view><n-view>INALLNEWS_AC</n-view><n-view>CLEAR_RF</n-view><n-view>INBUSNEWS</n-view><n-view>INBANKNEWS_AC</n-view><n-view>INBUSNEWS_AC</n-view><prism-stylesheet guid="Ia3024d301b6a11d89fc5f34981d3242f"/><prism-clipdate>20150209110620</prism-clipdate></n-metadata>
<n-docbody><document version="1" collection="D-ARKANEWS-T001" first-load-date="20150209110620" ip-product="ARKANEWS" royalty-id="77232" data-model="text" dtd-version="5.2.29" content-type="news" load-language="en"><supplier-info><supplier-num nitf="doc-id" nitf-regsrc="ARKA Banking Services Bulletin" type="accession">cc30009be8030c58</supplier-num><internal-acc-num db-id="NEPRARKA" type="newz">20150209170.4_Vcc30009be8030c58</internal-acc-num><rec-status><last-load-date>20150209110620</last-load-date><nitf-date ne="datereceived">20150209T17:00:21Z</nitf-date><nitf-date nitf="date-issue">20150209T00:00:00Z</nitf-date><last-provider-update>20150209170021</last-provider-update></rec-status><supplier-copyright>Copyright Â© 2015 ARKA<copyright-year/><copyright-holder>ARKA</copyright-holder></supplier-copyright><supplier-note nitf="urgency" nitf-ed-urg="4"/><supplier-dtds><dtd dtd-version="working" dtd-date="20150120T00:00:00Z">Canonical Taxonomy</dtd><dtd dtd-version="20150114" dtd-date="20150120T00:00:00Z">Mapping File</dtd></supplier-dtds><copyright-block type="dialog"><service-copyright n-include_guid="Ice671660f30811d88920000083149a14" n-include_collection="D-DIALOGCOPYRIGHTS-T001"/></copyright-block><copyright-block type="west"><service-copyright n-include_guid="I1DA35ED81DD211B281BAD200220BDFCA" n-include_collection="w_wlnv_msg"/></copyright-block><west-citation-block><bop/><first-line-cite><bos/>2/9/15 BANKSVCS (No Page)<eos/></first-line-cite><second-line-cite><bos/>2/9/15 ARKA Banking Services Bull. (Pg. Unavail. Online)<eos/></second-line-cite><westlawcite><bos/>2015 WLNR 3990619<eos/></westlawcite><eop/></west-citation-block></supplier-info><title-info iso-language="en"><bop/><title type="headline" nitf-hedline="hl1" key="key-title"><bos/><sort-title>PRESS-CLIPPING</sort-title><eos/></title><eop/></title-info><pub-info><journal key="key-journal"><bop/><bos/><sort-journal>ARKA Banking Services Bulletin</sort-journal><eos/><eop/></journal><pub-date key="key-date" iso-time="T00:00:00Z" type="date.publication"><full-pub-date>February 9, 2015</full-pub-date><sort-pub-date>20150209</sort-pub-date><sort-pub-timestamp>20150209000000</sort-pub-timestamp><rank-date>20150209</rank-date><currency-timestamp>20150209000000</currency-timestamp></pub-date><original-pub><language iso-language="en">English</language></original-pub><src-data><src-journal-code>ANPY</src-journal-code><src-pub-code>0064119</src-pub-code><src-pub-type>Newsletter</src-pub-type><src-pub-country-wrap><src-pub-country-code>AM</src-pub-country-code><src-pub-country>Armenia</src-pub-country></src-pub-country-wrap><src-pub-region>Europe</src-pub-region></src-data></pub-info><content iso-language="en"><total-char-count>12607</total-char-count><derived-word-count><bop/><bos/>Word Count: 1923<eos/><eop/></derived-word-count><text type="lead-para"><p nitf="lede"><bop/><bos/>The monitoring of Armenian media reports regarding the activities of local banks from February 2 to 6 shows that the then top event covered by media was <cite.query w-seq-number="00001" w-ref-type="NM" w-normalized-cite="canonical_name::CONVERSEBANK" ID="I495da800b07e11e482bbf248fd94331d">ConverseBank</cite.query>&apos;s news conference summarizing the 2014 results.<eos/><eop/></p><p nitf="lede"><bop/><bos/>ConverseBank CEO Tigran Davtyan said at the news conference that banks&apos; profits will continue shrinking in 2015.<eos/><eop/></p></text><text type="body"><p><bop/><bos/>In his words, ConverseBank earned <cite.query w-seq-number="00002" w-ref-type="CO" w-normalized-cite="I27218B6541EC11DDAD6B0014224D2780" ID="I49652210b07e11e482bbf248fd94331d">AMD</cite.query> 2.4 billion in net profit in 2014 - five times more than it earned in 2013.<eos/><eop/></p><p><bop/><bos/>It has also become known from media reports that ACBA-<cite.query w-seq-number="00003" w-ref-type="NM" w-normalized-cite="canonical_name::CREDIT AGRICOLE BANK" ID="I4986b3d0b07e11e482bbf248fd94331d">CREDIT AGRICOLE BANK</cite.query> has installed 3D Secure technology for implementation of safe online payments by <cite.query w-seq-number="00004" w-ref-type="MM" w-normalized-cite="canonical_name::VISA" ID="I4986b3d1b07e11e482bbf248fd94331d">Visa</cite.query> and <cite.query w-seq-number="00005" w-ref-type="MM" w-normalized-cite="canonical_name::MASTERCARD" ID="I4986b3d2b07e11e482bbf248fd94331d">MasterCard</cite.query> cards and that <cite.query w-seq-number="00006" w-ref-type="CO" w-normalized-cite="IAB5AD290E2CE11DE916D8A11856AA63E" ID="I4986b3d3b07e11e482bbf248fd94331d">Anelik Bank</cite.query> has launched the installment of a new customer service management system.<eos/><eop/></p><p><bop/><bos/>Armeconombank intends to build up its capital to comply with the central bank&apos;s new requirement to banks&apos; capital that must amount to no less than AMD 30 billion.<eos/><eop/></p><p><bop/><bos/>A study conducted by the <cite.query w-seq-number="00007" w-ref-type="NM" w-normalized-cite="canonical_name::IPM RESEARCH" ID="I49946f70b07e11e482bbf248fd94331d">IPM Research</cite.query> in Armenia&apos;s capital city of Yerevan and four major cities found the Russia-<cite.query w-seq-number="00008" w-ref-type="NM" w-normalized-cite="canonical_name::OWNED VTB BANK" ID="I49946f71b07e11e482bbf248fd94331d">owned VTB Bank</cite.query> (Armenia) to be the most recognizable bank across the country, the bank said in a press release.<eos/><eop/></p><p><bop/><bos/>In 2014 <cite.query w-seq-number="00009" w-ref-type="MM" w-normalized-cite="canonical_name::PROCREDIT BANK" ID="I49a9a520b07e11e482bbf248fd94331d">ProCredit Bank</cite.query> earned 502 million drams in profit, up from 22 million drams earned in 2013, the German-owned bank said today in a press release. <eos/><bos/>It said the 502 million dram profit represents a capital profitability of 5.7%.<eos/><eop/></p><p><bop/><bos/>The media reports released by newspapers and Internet resources over the period between February 2 and 6 contained information about six commercial banks.<eos/><eop/></p><p><bop/><bos/>Azg, Golos Armenii, Novoe <cite.query w-seq-number="00010" w-ref-type="NM" w-normalized-cite="canonical_name::VREMYA" ID="I49b2f3f0b07e11e482bbf248fd94331d">Vremya</cite.query>, Aravot, Delovoy Express, Hayastani Hanrapetutyun, Respublika Armenia, Haykakan Zhamanak, Hayots Ashkhar, Iravunk, Orakarg, Yerkir, Hraparak, Chorrord Ishkhanutyun, Zhamanak, Zhoghovurd and 168 Zham newspapers were used to collect the information.<eos/><eop/></p><p><bop/><bos/>Panarmenian, ARKA, Armbanks, Banks, Arminfo, Finport and Panorama and <cite.query w-seq-number="00011" w-ref-type="MM" w-normalized-cite="canonical_name::EBANK" ID="I49bcdf00b07e11e482bbf248fd94331d">Ebank</cite.query> Internet resources were used as well. ---0---<eos/><eop/></p><section-title>ACBA-CREDIT AGRICOLE BANK INSTALLS NEW SAFETY TECHNOLOGY FOR SAFE ONLINE PAYMENTS</section-title><p><bop/><bos/>ACBA-<cite.query w-seq-number="00012" w-ref-type="NM" w-normalized-cite="canonical_name::CREDIT AGRICOLE BANK" ID="I49d54900b07e11e482bbf248fd94331d">CREDIT AGRICOLE BANK</cite.query> said today it has installed 3D Secure technology for implementation of safe online payments by <cite.query w-seq-number="00013" w-ref-type="MM" w-normalized-cite="canonical_name::VISA" ID="I49d54901b07e11e482bbf248fd94331d">Visa</cite.query> and <cite.query w-seq-number="00014" w-ref-type="MM" w-normalized-cite="canonical_name::MASTERCARD" ID="I49d54902b07e11e482bbf248fd94331d">MasterCard</cite.query> cards.<eos/><eop/></p><p><bop/><bos/>According to a bank&apos;s press release, the security system is aimed at protection of customers and boosting e-commerce.<eos/><eop/></p><p><bop/><bos/>3D Secure is designed to make online shopping transactions safer by authenticating a cardholder&apos;s identity at the time of purchase, through the likes of Verified by <cite.query w-seq-number="00015" w-ref-type="MM" w-normalized-cite="canonical_name::VISA" ID="I49e17e00b07e11e482bbf248fd94331d">Visa</cite.query> and <cite.query w-seq-number="00016" w-ref-type="NM" w-normalized-cite="canonical_name::MASTERCARD SECURECODE" ID="I49e17e01b07e11e482bbf248fd94331d">MasterCard SecureCode</cite.query>.<eos/><eop/></p><p><bop/><bos/>A transaction using Verified by Visa or SecureCode will redirect cardholders to the website of their card-issuing bank. <eos/><bos/>The cardholder may then be requested by their bank to enter a password to be authenticated by using his/her phone. <eos/><bos/>If the card is not enrolled, this means that either the bank that issued the card is not yet supporting 3DSecure or it means that the card holder has not yet been registered for the service.<eos/><eop/></p><p><bop/><bos/>Sources: www.armbanks.am 2.02.2015, www.arka.am 2.02.2015, www.banks.am 3.02.2015, www.finport.am 2.02.2015<eos/><eop/></p><section-title>ARMECONOMBANK TO BUILD UP ITS CAPITAL IN COMPLIANCE WITH REGULATOR&apos;S NEW REQUIREMENT</section-title><p><bop/><bos/>Armeconombank will build up its capital to comply with the central bank&apos;s new requirement to banks&apos; capital that must amount to no less than AMD 30 billion.<eos/><eop/></p><p><bop/><bos/>The bank&apos;s assets grew 23.2% to <cite.query w-seq-number="00017" w-ref-type="CO" w-normalized-cite="I27218B6541EC11DDAD6B0014224D2780" ID="I49f13570b07e11e482bbf248fd94331d">AMD</cite.query> 94.1 billion in 2014, its loan portfolio grew 27.2% to <cite.query w-seq-number="00018" w-ref-type="CO" w-normalized-cite="I27218B6541EC11DDAD6B0014224D2780" ID="I49f13571b07e11e482bbf248fd94331d">AMD</cite.query> 51.7 billion, liabilities 26.9% to <cite.query w-seq-number="00019" w-ref-type="CO" w-normalized-cite="I27218B6541EC11DDAD6B0014224D2780" ID="I49f13572b07e11e482bbf248fd94331d">AMD</cite.query> 82.9 billion, demand deposits 31.5% to <cite.query w-seq-number="00020" w-ref-type="CO" w-normalized-cite="I27218B6541EC11DDAD6B0014224D2780" ID="I49f13573b07e11e482bbf248fd94331d">AMD</cite.query> 27.1 billion and individual time deposits 22.3% to <cite.query w-seq-number="00021" w-ref-type="CO" w-normalized-cite="I27218B6541EC11DDAD6B0014224D2780" ID="I49f13574b07e11e482bbf248fd94331d">AMD</cite.query> 22.9 billion.<eos/><eop/></p><p><bop/><bos/>Armeconombank&apos;s total capital grew 1.1% to <cite.query w-seq-number="00022" w-ref-type="CO" w-normalized-cite="I27218B6541EC11DDAD6B0014224D2780" ID="I49f4def0b07e11e482bbf248fd94331d">AMD</cite.query> 11.1 billion. <eos/><bos/>Sources: www.banks.am 6.02.2015<eos/><eop/></p><section-title>ANELIK BANK LAUNCHES NEW CUSTOMER SERVICE MANAGEMENT SYSTEM</section-title><p><bop/><bos/>Together with Management Mix company <cite.query w-seq-number="00023" w-ref-type="CO" w-normalized-cite="IAB5AD290E2CE11DE916D8A11856AA63E" ID="I49fad260b07e11e482bbf248fd94331d">Anelik Bank</cite.query> has launched the installment of a new customer service management system. <eos/><bos/>The new system will identify and assess the needs of customers, as well as raise customer confidence in the bank.<eos/><eop/></p><p><bop/><bos/>Sources: www.armbanks.am 4.02.2015, www.banks.am 4.02.2015, www.finport.am 4.02.2015, www.arminfo.am 4.02.2015<eos/><eop/></p><section-title>IPM RESEARCH STUDY FINDS VTB BANK (ARMENIA) AS MOST RECOGNIZABLE IN COUNTRY</section-title><p><bop/><bos/>A study conducted by the <cite.query w-seq-number="00024" w-ref-type="NM" w-normalized-cite="canonical_name::IPM RESEARCH" ID="I4a07a3a0b07e11e482bbf248fd94331d">IPM Research</cite.query> in Armenia&apos;s capital city of Yerevan and four major cities found the Russia-<cite.query w-seq-number="00025" w-ref-type="NM" w-normalized-cite="canonical_name::OWNED VTB BANK" ID="I4a07a3a1b07e11e482bbf248fd94331d">owned VTB Bank</cite.query> (Armenia) to be the most recognizable bank across the country, the bank said in a press release.<eos/><eop/></p><p><bop/><bos/>Sources: www.armbanks.am 6.02.2015, www.arka.am 6.02.2015, www.banks.am 6.02.2015,<eos/><eop/></p><section-title>VTB BANK (ARMENIA) FINALIZES RESULTS OF THEIR SPECIAL OFFER WITH TELCELL</section-title><p><bop/><bos/>VTB Bank (Armenia) and Telcell company have finalized the results of their &quot;Profitable payment&quot; special offer valid from October 1 to December 31, 2014, the bank&apos;s press office reported.<eos/><eop/></p><p><bop/><bos/>The offer was designed for the customers of the bank who will most actively use TelCell payment terminals installed at the bank&apos;s 52 branches in the mentioned period to make various payments and get a chance to win prizes.<eos/><eop/></p><p><bop/><bos/>To participate in the offer customers of the bank had to use the terminals to replenish their bank / card accounts / deposits, pay back loans as well as pay traffic fines and utility fees.<eos/><eop/></p><p><bop/><bos/>Sources: www.armbanks.am 6.02.2015, www.arka.am 6.02.2015, www.banks.am 6.02.2015, www.finport.am 6.02.2015, www.arminfo.am 6.02.2015<eos/><eop/></p><section-title>CONVERSEBANK&apos;S LOAN PORTFOLIO GROWS 17% OVER 2014 TO AMD 97 BILLION</section-title><p><bop/><bos/>ConverseBank&apos;s loan portfolio grew 17% over 2014 to AMD 97 billion, ConverseBank CJSC Executive Director Tigran Davtyan told journalists on Wednesday.<eos/><eop/></p><p><bop/><bos/>&quot;Although 2014 was a quite hard year for Armenia&apos;s banking sector, especially the end of the year, the bank has managed to build up its loan portfolio,&quot; he said.<eos/><eop/></p><p><bop/><bos/>Davtyan said that unlike other banks, <cite.query w-seq-number="00026" w-ref-type="NM" w-normalized-cite="canonical_name::CONVERSEBANK" ID="I4a102f20b07e11e482bbf248fd94331d">ConverseBank</cite.query> has not lost depositors and even enjoyed growth in deposits.<eos/><eop/></p><p><bop/><bos/>He voiced regret at the obstacles the ongoing crisis creates for the bank&apos;s intention to make its lending policy more aggressive and to invest more financial resources in the economy.<eos/><eop/></p><p><bop/><bos/>&quot;Unfortunately, the crisis is not over, and 2015 will be a hard year for the banking sector and economy,&quot; he said.<eos/><eop/></p><p><bop/><bos/>Source: www.armbanks.am 4.02.2015<eos/><eop/></p><section-title>ARMENIAN BANKS TO SEE THEIR PROFITS DECLINE THIS YEAR - CONVERSE BANK CEO SAYS</section-title><p><bop/><bos/>Armenian banks will see their profits fall this year due to hard economic situation, the devaluation of the national currency and because of its close integration with the Russian market, <cite.query w-seq-number="00027" w-ref-type="WC" w-normalized-cite="I3EFADCB442B311DDA5520014224D2780" ID="I4a1d9ca0b07e11e482bbf248fd94331d">Converse Bank</cite.query> CEO, <cite.query w-seq-number="00028" w-ref-type="NM" w-normalized-cite="canonical_name::TIGRAN DAVTYAN" ID="I4a1d9ca1b07e11e482bbf248fd94331d">Tigran Davtyan</cite.query>, told a news conference.<eos/><eop/></p><p><bop/><bos/>According to the latest data, in 2014 Armenian banks earned a total of 27.1 billion drams in net profit, by 41 percent down from the previous year when this figure stood at 46.3 billion drams. <eos/><bos/>Five of the 21 banks operating in Armenia ended the year with losses.<eos/><eop/></p><p><bop/><bos/>Experts explain the strong decline by the banks&apos; decision to build up their reserves for possible losses on foreign currency loans. <eos/><bos/>Other reasons behind the drop are the overall economic situation in the country, as well as financial shocks resulting from the devaluation of the Armenian dram.<eos/><eop/></p><p><bop/><bos/>&quot;We are forced to search for resources in drams because reserves for possible losses must be in the national currency. <eos/><bos/>This entails quite serious costs,&quot; Davtyan said, adding that this combination of factors is likely to make 2015 a more difficult year than 2014.<eos/><eop/></p><p><bop/><bos/>Sources: www.armbanks.am 4.02.2015, www.arminfo.am 4.02.2015<eos/><eop/></p><section-title>CONVERSE BANK TO MEET CENTRAL BANK REQUIREMENT TO RAISE CAPITAL TO 30 BILLION DRAMS</section-title><p><bop/><bos/><cite.query w-seq-number="00029" w-ref-type="WC" w-normalized-cite="I3EFADCB442B311DDA5520014224D2780" ID="I4a323610b07e11e482bbf248fd94331d">Converse Bank</cite.query>&apos;s liquidity is quite high and it will meet the requirement of the <cite.query w-seq-number="00030" w-ref-type="MM" w-normalized-cite="canonical_name::CENTRAL BANK" ID="I4a323611b07e11e482bbf248fd94331d">Central Bank</cite.query> to increase the total capital by 2017, the bank&apos;s CEO Tigran Davtyan said today.<eos/><eop/></p><p><bop/><bos/>Speaking at a news conference he said <cite.query w-seq-number="00031" w-ref-type="WC" w-normalized-cite="I3EFADCB442B311DDA5520014224D2780" ID="I4a356a60b07e11e482bbf248fd94331d">Converse Bank</cite.query> is among top ten local banks in terms of capital size and will have no recapitalization-related problem.<eos/><eop/></p><p><bop/><bos/>In January Armenia&apos;s <cite.query w-seq-number="00032" w-ref-type="MM" w-normalized-cite="canonical_name::CENTRAL BANK" ID="I4a398910b07e11e482bbf248fd94331d">Central Bank</cite.query> decided to raise the minimum amount of commercial banks&apos; total capital to 30 billion drams from the current 5 billion drams from January 1, 2017. <eos/><bos/>It said the measure is aimed at encouraging mergers and consolidation of banks, which is expected to create a sound competitive environment and make banking services more available.<eos/><eop/></p><p><bop/><bos/>Sources: www.armbanks.am 4.02.2015, www.banks.am 4.02.2015, www.arminfo.am 4.02.2015<eos/><eop/></p><section-title>INTEREST RATES IN ARMENIA&apos;S BANKS UNLIKELY TO GO UP</section-title><p><bop/><bos/>Interest rates in Armenia&apos;s banks are unlikely to go up, <cite.query w-seq-number="00033" w-ref-type="WC" w-normalized-cite="I3EFADCB442B311DDA5520014224D2780" ID="I4a3d80b0b07e11e482bbf248fd94331d">Converse Bank</cite.query> CEO Tigran Davtyan said. &quot;<eos/><bos/>Interest rates at the market leapt a great deal because of the central bank&apos;s new requirement to obligatory reservation in foreign currencies,&quot; he said.<eos/><eop/></p><p><bop/><bos/>Since banks carry out reservation in the national currency, some of them raised their annual interest rates on dram deposits from 14-15% to 16-18% to ensure dram liquidity.<eos/><eop/></p><p><bop/><bos/>&quot;I don&apos;t think interest rate will continue their upward motion, though I don&apos;t rule out possibility of their decrease, depending on what policy the central bank will pursue and whether the regulator will reconsider the set norms or not,&quot; Davtyan said adding that increase in interest rates on dollar loans is unlikely as well.<eos/><eop/></p><p><bop/><bos/>Sources: www.armbanks.am 4.02.2015, www.arminfo.am 4.02.2015<eos/><eop/></p><section-title>CONVERSEBANK&apos;S NET PROFIT GROWS MORE THAN FIVE TIMES TO AMD 2.4 BILLION IN 2014</section-title><p><bop/><bos/>ConverseBank earned <cite.query w-seq-number="00034" w-ref-type="CO" w-normalized-cite="I27218B6541EC11DDAD6B0014224D2780" ID="I4a42b0d0b07e11e482bbf248fd94331d">AMD</cite.query> 2.4 billion in net profit in 2014 - five times more than it earned in 2013, ConverseBank CJSC Executive Director Tigran Davtyan told journalists on Wednesday.<eos/><eop/></p><p><bop/><bos/>In his words, the bank&apos;s operating profit amounted to <cite.query w-seq-number="00035" w-ref-type="CO" w-normalized-cite="I27218B6541EC11DDAD6B0014224D2780" ID="I4a45e520b07e11e482bbf248fd94331d">AMD</cite.query> 3.2 billion - 2.6 times more than in 2013.<eos/><eop/></p><p><bop/><bos/>Sources: www.armbanks.am 4.02.2015, www.banks.am 4.02.2015, www.arminfo.am 4.02.2015<eos/><eop/></p><section-title>ARMENIAN BANKS&apos; ROE AND ROA TO GO DOWN</section-title><p><bop/><bos/>Armenian banks&apos; ROE and <cite.query w-seq-number="00036" w-ref-type="NM" w-normalized-cite="canonical_name::ROA" ID="I4a579860b07e11e482bbf248fd94331d">ROA</cite.query> will go down, said <cite.query w-seq-number="00037" w-ref-type="WC" w-normalized-cite="I3EFADCB442B311DDA5520014224D2780" ID="I4a579861b07e11e482bbf248fd94331d">Converse Bank</cite.query> CEO Tigran Davtyan. <eos/><bos/>He said his bank&apos;s <cite.query w-seq-number="00038" w-ref-type="WC" w-normalized-cite="IF35B20F0636411E089AC8CE04EA54993" ID="I4a579862b07e11e482bbf248fd94331d">ROE</cite.query> was recorded at 10.4% and ROA at 1.6% in 2014.<eos/><eop/></p><p><bop/><bos/>Source: www.armbanks.am 4.02.2015<eos/><eop/></p><section-title>CONVERSEBANK ASSETS GROW 22.5% TO AMD 150 BILLION IN 2014</section-title><p><bop/><bos/>ConverseBank&apos;s assets totaled 150 billion in 2014 after growing 22.5% over the year, ConverseBank CJSC Executive Director Tigran Davtyan told journalists on Wednesday.<eos/><eop/></p><p><bop/><bos/>Its liabilities, he said, grew 23.1% in 2014, compared with the previous year, to AMD 126 billion.<eos/><eop/></p><p><bop/><bos/>The bank also built up its total capital by almost 20% in 2014, compared with 2013, to AMD 23 billion.<eos/><eop/></p><p><bop/><bos/>&quot;The bank&apos;s policy was quite conservative in 2014 also in terms of lessening risks, and this produced certain positive results,&quot; Davtyan said.<eos/><eop/></p><p><bop/><bos/>Source: www.armbanks.am 4.02.2015<eos/><eop/></p><section-title>PROCREDIT BANK EARNS 502 MILLION DRAMS IN PROFIT IN 2014</section-title><p><bop/><bos/>In 2014 <cite.query w-seq-number="00039" w-ref-type="MM" w-normalized-cite="canonical_name::PROCREDIT BANK" ID="I4a613550b07e11e482bbf248fd94331d">ProCredit Bank</cite.query> earned 502 million drams in profit, up from 22 million drams earned in 2013, the German-owned bank said today in a press release. <eos/><bos/>It said the 502 million dram profit represents a capital profitability of 5.7%.<eos/><eop/></p><p><bop/><bos/>&apos;These results are due to <cite.query w-seq-number="00040" w-ref-type="CO" w-normalized-cite="I1C05C8C00FF911E19ACDC1CB47DA3E4F" ID="I4a6ec9e0b07e11e482bbf248fd94331d">ProCredit</cite.query>&apos;s stable and balanced development, which means that both clients and international investors trust the bank,&apos; Head of Budgeting, Controlling and Reporting <cite.query w-seq-number="00041" w-ref-type="NM" w-normalized-cite="canonical_name::UNIT GOR GABUZYAN" ID="I4a6ec9e1b07e11e482bbf248fd94331d">Unit Gor Gabuzyan</cite.query> was quoted as saying.<eos/><eop/></p><p><bop/><bos/>&quot;Since 2008, <cite.query w-seq-number="00042" w-ref-type="MM" w-normalized-cite="canonical_name::PROCREDIT BANK" ID="I4a805610b07e11e482bbf248fd94331d">ProCredit Bank</cite.query> has followed a policy of establishing long-term and stable relationships with its clients. <eos/><bos/>As a result of this, the bank broke even and in 2013 it recorded its first annual profit, 22 million drams. <eos/><bos/>In 2014, this had grown to 502 million drams, which represents a capital profitability of 5.7%. <eos/><bos/>These results are due to <cite.query w-seq-number="00043" w-ref-type="CO" w-normalized-cite="I1C05C8C00FF911E19ACDC1CB47DA3E4F" ID="I4a805611b07e11e482bbf248fd94331d">ProCredit</cite.query>&apos;s stable and balanced development, which means that both clients and international investors trust the bank. <eos/><bos/>This trust is evidenced by the fact that in 2014 <cite.query w-seq-number="00044" w-ref-type="MM" w-normalized-cite="canonical_name::PROCREDIT HLDG" ID="I4a805612b07e11e482bbf248fd94331d">ProCredit Holding</cite.query>, the bank&apos;s parent company, provided the bank with a subsidiary loan of USD 7.5 million in order to reinforce the bank&apos;s stability and growth,&quot; he said.<eos/><eop/></p><p><bop/><bos/>Sources: www.armbanks.am 3.02.2015, www.banks.am 3.02.2015, www.finport.am 3.02.2015<eos/><eop/></p><section-title>ARMENIAN BANKS ARE AMONG 1000 LARGEST TAXPAYERS IN 2014</section-title><p><bop/><bos/>All the 21 commercial banks in Armenia were among the 1000 largest corporate taxpayers last year, having paid a total of 37.5 billion drams in various taxes, up from 37.1 billion drams they had paid in 2013, according to the State Revenue Committee (<cite.query w-seq-number="00045" w-ref-type="MM" w-normalized-cite="canonical_name::SRC" ID="I4a867090b07e11e482bbf248fd94331d">SRC</cite.query>)<eos/><eop/></p><p><bop/><bos/>The <cite.query w-seq-number="00046" w-ref-type="MM" w-normalized-cite="canonical_name::SRC" ID="I4a8c8b10b07e11e482bbf248fd94331d">SRC</cite.query> said more than 37.2 billion drams were collected by tax authorities and about 345.8 million drams by customs authorities.<eos/><eop/></p><p><bop/><bos/>Of the total amount some 34.9 billion drams were collected as direct taxes (income and profit taxes) and about 1.9 billion drams as indirect taxes (including VAT and excise taxes).<eos/><bos/> Also 563.3 million drams were collected as other taxes, duties and mandatory payments<eos/><eop/></p><p><bop/><bos/>The 21 banks accounted for 5.3 percent of the total amount of taxes paid by the 1000 largest taxpayers last year.<eos/><eop/></p><p><bop/><bos/>The list of the five largest banks by size of paid taxes was toped by ACBA-CREDIT AGRICOLE BANK -about 4.3 billion drams (21st largest taxpayer), Ameriabank - 4.2 billion drams(22nd), VTB Bank (Armenia) - about 4.1 billion drams (26th), <cite.query w-seq-number="00047" w-ref-type="MM" w-normalized-cite="canonical_name::HSBC BANK" ID="I4aa961e0b07e11e482bbf248fd94331d">HSBC Bank</cite.query> Armenia - 4 billion drams(28th, Ardshinbank -3.2 billion drams (38th).<eos/><eop/></p><p><bop/><bos/>Sources: www.armbanks.am 4.02.2015, www.banks.am 4.02.2015<eos/><eop/></p></text></content><indexing iso-language="en" value-add="machine-generated"><classification-terms><pres-location-block><bop/><bos/><pres-location-wrap><pres-location>Armenia</pres-location><pres-location-code>ISOAM</pres-location-code><alt1-location-code>1AR09</alt1-location-code></pres-location-wrap><pres-location-wrap><pres-location>CIS Countries</pres-location><pres-location-code>CISSTAT</pres-location-code><alt1-location-code>1CI64</alt1-location-code></pres-location-wrap><pres-location-wrap><pres-location>Eastern Europe</pres-location><pres-location-code>GEOEEUR</pres-location-code><alt1-location-code>1EA48</alt1-location-code></pres-location-wrap><pres-location-wrap><pres-location>Europe</pres-location><pres-location-code>GEOEUR</pres-location-code><alt1-location-code>1EU83</alt1-location-code></pres-location-wrap><pres-location-wrap><pres-location>Russia</pres-location><pres-location-code>ISORU</pres-location-code><alt1-location-code>1RU33</alt1-location-code></pres-location-wrap><eos/><eop/></pres-location-block></classification-terms><classification-terms><pres-subject-block><bop/><bos/><pres-subject-wrap><pres-subject>CIS</pres-subject><pres-subject-code>GEOCIS</pres-subject-code><alt1-subject-code>1CI65</alt1-subject-code></pres-subject-wrap><pres-subject-wrap><pres-subject>Economic Policy &amp; Policymakers</pres-subject><pres-subject-code>ECONRULE</pres-subject-code><alt1-subject-code>1EC69</alt1-subject-code></pres-subject-wrap><pres-subject-wrap><pres-subject>Economics &amp; Trade</pres-subject><pres-subject-code>TRADE</pres-subject-code><alt1-subject-code>1EC26</alt1-subject-code></pres-subject-wrap><pres-subject-wrap><pres-subject>Emerging Market Countries</pres-subject><pres-subject-code>EMERGING</pres-subject-code><alt1-subject-code>1EM65</alt1-subject-code></pres-subject-wrap><pres-subject-wrap><pres-subject>Funding Instruments</pres-subject><pres-subject-code>INVSTING</pres-subject-code><alt1-subject-code>1FU41</alt1-subject-code></pres-subject-wrap><pres-subject-wrap><pres-subject>Monetary Policy</pres-subject><pres-subject-code>PTMONET</pres-subject-code><alt1-subject-code>1MO18</alt1-subject-code></pres-subject-wrap><pres-subject-wrap><pres-subject>Securitization</pres-subject><pres-subject-code>SECRITIZ</pres-subject-code><alt1-subject-code>1SE75</alt1-subject-code></pres-subject-wrap><pres-subject-wrap><pres-subject>World Organizations</pres-subject><pres-subject-code>GEOORGS</pres-subject-code><alt1-subject-code>1IN77</alt1-subject-code></pres-subject-wrap><eos/><eop/></pres-subject-block><pres-industry-block><bop/><bos/><pres-industry-wrap><pres-industry>Banking</pres-industry><pres-industry-code>BANKOVER</pres-industry-code><alt1-industry-code>1BA20</alt1-industry-code></pres-industry-wrap><pres-industry-wrap><pres-industry>Commercial Banking Services</pres-industry><pres-industry-code>BANKCOML</pres-industry-code><alt1-industry-code>1CO19</alt1-industry-code></pres-industry-wrap><pres-industry-wrap><pres-industry>Credit, Debit &amp; Value Cards</pres-industry><pres-industry-code>CCARDS</pres-industry-code><alt1-industry-code>1CR28</alt1-industry-code></pres-industry-wrap><pres-industry-wrap><pres-industry>Financial Services</pres-industry><pres-industry-code>FINSVC</pres-industry-code><alt1-industry-code>1FI37</alt1-industry-code></pres-industry-wrap><pres-industry-wrap><pres-industry>Financial Services Regulatory</pres-industry><pres-industry-code>FINREG</pres-industry-code><alt1-industry-code>1FI03</alt1-industry-code></pres-industry-wrap><pres-industry-wrap><pres-industry>Investment Management</pres-industry><pres-industry-code>INVSTMAN</pres-industry-code><alt1-industry-code>1IN34</alt1-industry-code></pres-industry-wrap><pres-industry-wrap><pres-industry>Major Central Banks</pres-industry><pres-industry-code>MAJCBANK</pres-industry-code><alt1-industry-code>1MA01</alt1-industry-code></pres-industry-wrap><pres-industry-wrap><pres-industry>Retail Banking Services</pres-industry><pres-industry-code>RTBNKOVR</pres-industry-code><alt1-industry-code>1RE38</alt1-industry-code></pres-industry-wrap><pres-industry-wrap><pres-industry>Securities Investment</pres-industry><pres-industry-code>PTSECUR</pres-industry-code><alt1-industry-code>1SE57</alt1-industry-code></pres-industry-wrap><eos/><eop/></pres-industry-block></classification-terms><classification-terms><rcs-block><rcs>G:B</rcs><rcs>E:5</rcs><rcs>G:A</rcs><rcs>G:B2</rcs><rcs>B:127</rcs><rcs>B:128</rcs><rcs>G:38</rcs><rcs>B:125</rcs><rcs>B:129</rcs><rcs>B:126</rcs><rcs>G:Y</rcs><rcs>E:B</rcs><rcs>M:8</rcs><rcs>G:7I</rcs><rcs>B:131</rcs><rcs>B:130</rcs><rcs>G:1</rcs><rcs>G:AJ</rcs></rcs-block></classification-terms><extraction-terms><extr-company-block><bop/><bos/><extr-company>168 Zham</extr-company><extr-company-wrap><extr-company-name>168 Zham</extr-company-name><relevancy engine="1C">0.2</relevancy><confidence engine="1C">0.73</confidence></extr-company-wrap><extr-company>BILLION IN 2014ConverseBank</extr-company><extr-company-wrap><extr-company-name>BILLION IN 2014ConverseBank</extr-company-name><relevancy engine="1C">0.2</relevancy><confidence engine="1C">0.99</confidence></extr-company-wrap><extr-company>ConverseBank</extr-company><extr-company-wrap><extr-company-name>ConverseBank</extr-company-name><relevancy engine="1C">0.8</relevancy><confidence engine="1C">0.85</confidence></extr-company-wrap><extr-company>ONLINE PAYMENTSACBA-CREDIT AGRICOLE BANK</extr-company><extr-company-wrap><extr-company-name>ONLINE PAYMENTSACBA-CREDIT AGRICOLE BANK</extr-company-name><relevancy engine="1C">0.2</relevancy><confidence engine="1C">0.62</confidence></extr-company-wrap><norm-company oa-id="4297575894">ACBA CREDIT AGRICOLE BANK CLOSED JSK</norm-company><norm-company-wrap><norm-company-name>ACBA CREDIT AGRICOLE BANK CLOSED JSK</norm-company-name><company-ids><oa-id>4297575894</oa-id></company-ids><company-classification><trbc-wrap><trbc type="RCS">B:128</trbc><trbc type="2012">55101010</trbc><trbc type="perm-id">4294952873</trbc></trbc-wrap></company-classification><relevancy engine="1C">0.2</relevancy><confidence engine="1C">0.8</confidence></norm-company-wrap><norm-company oa-id="5000023584">ANELIK BANK CLOSED JSK</norm-company><norm-company-wrap><norm-company-name>ANELIK BANK CLOSED JSK</norm-company-name><company-ids><oa-id>5000023584</oa-id></company-ids><company-classification><trbc-wrap><trbc type="RCS">B:128</trbc><trbc type="2012">55101010</trbc><trbc type="perm-id">4294952873</trbc></trbc-wrap></company-classification><relevancy engine="1C">0.2</relevancy><confidence engine="1C">0.97</confidence></norm-company-wrap><norm-company oa-id="5000085423">ARMENIAN ECONOMY DEVELOPMENT BANK OJSC</norm-company><norm-company-wrap><norm-company-name>ARMENIAN ECONOMY DEVELOPMENT BANK OJSC</norm-company-name><company-ids><oa-id>5000085423</oa-id></company-ids><company-classification><trbc-wrap><trbc type="RCS">B:128</trbc><trbc type="2012">55101010</trbc><trbc type="perm-id">4294952873</trbc></trbc-wrap></company-classification><relevancy engine="1C">0.2</relevancy><confidence engine="1C">0.78</confidence></norm-company-wrap><norm-company oa-id="5001093991">CONVERSE BANK CJSC</norm-company><norm-company-wrap><norm-company-name>CONVERSE BANK CJSC</norm-company-name><company-ids><oa-id>5001093991</oa-id></company-ids><relevancy engine="1C">0.2</relevancy><confidence engine="1C">0.61</confidence></norm-company-wrap><norm-company oa-id="4295902520">MASTERCARD INC</norm-company><norm-company-wrap><norm-company-name>MASTERCARD INC</norm-company-name><company-ids><oa-id>4295902520</oa-id><ric norm="MA.N">MA.N</ric></company-ids><company-classification><trbc-wrap><trbc type="RCS">B:1236</trbc><trbc type="2012">5220304027</trbc><trbc type="perm-id">4294951765</trbc></trbc-wrap></company-classification><relevancy engine="1C">0.2</relevancy><confidence engine="1C">0.94</confidence></norm-company-wrap><norm-company oa-id="4296426475">PANORAMA PETROLEUM INC</norm-company><norm-company-wrap><norm-company-name>PANORAMA PETROLEUM INC</norm-company-name><company-ids><oa-id>4296426475</oa-id><ric norm="PPA.V">PPA.V</ric></company-ids><company-classification><trbc-wrap><trbc type="RCS">B:1004</trbc><trbc type="2012">5010202010</trbc><trbc type="perm-id">4294951997</trbc></trbc-wrap></company-classification><relevancy engine="1C">0.2</relevancy><confidence engine="1C">0.74</confidence></norm-company-wrap><norm-company oa-id="5000020913">PROCREDIT BANK SA</norm-company><norm-company-wrap><norm-company-name>PROCREDIT BANK SA</norm-company-name><company-ids><oa-id>5000020913</oa-id></company-ids><company-classification><trbc-wrap><trbc type="RCS">B:1616</trbc><trbc type="2012">5510101011</trbc><trbc type="perm-id">4294951385</trbc></trbc-wrap></company-classification><relevancy engine="1C">0.2</relevancy><confidence engine="1C">0.85</confidence></norm-company-wrap><norm-company oa-id="4298109994">TIGRAN TECHNOLOGIES AB (PUBL)</norm-company><norm-company-wrap><norm-company-name>TIGRAN TECHNOLOGIES AB (PUBL)</norm-company-name><company-ids><oa-id>4298109994</oa-id></company-ids><company-classification><trbc-wrap><trbc type="RCS">B:1708</trbc><trbc type="2012">5610102011</trbc><trbc type="perm-id">4294951293</trbc></trbc-wrap></company-classification><relevancy engine="1C">0.2</relevancy><confidence engine="1C">0.7</confidence></norm-company-wrap><norm-company oa-id="4298015179">VISA INC</norm-company><norm-company-wrap><norm-company-name>VISA INC</norm-company-name><company-ids><oa-id>4298015179</oa-id><ric norm="V.N">V.N</ric></company-ids><company-classification><trbc-wrap><trbc type="RCS">B:1219</trbc><trbc type="2012">5220304010</trbc><trbc type="perm-id">4294951782</trbc></trbc-wrap></company-classification><relevancy engine="1C">0.2</relevancy><confidence engine="1C">0.83</confidence></norm-company-wrap><norm-company oa-id="4295901746">EBANK FINANCIAL SERVICES INC</norm-company><norm-company-wrap><norm-company-name>EBANK FINANCIAL SERVICES INC</norm-company-name><company-ids><oa-id>4295901746</oa-id><ric norm="EBDC.PK">EBDC.PK</ric></company-ids><company-classification><trbc-wrap><trbc type="RCS">B:1615</trbc><trbc type="2012">5510101010</trbc><trbc type="perm-id">4294951386</trbc></trbc-wrap></company-classification><relevancy engine="1C">0.2</relevancy><confidence engine="1C">0.83</confidence></norm-company-wrap><eos/><eop/></extr-company-block></extraction-terms><extraction-terms><extr-person-block><bop/><bos/><extr-person>ROE TO GO</extr-person><extr-person-wrap><extr-person-name>ROE TO GO</extr-person-name><relevancy engine="1C">0.2</relevancy></extr-person-wrap><extr-person>Tigran Davtyan</extr-person><extr-person-wrap><extr-person-name>Tigran Davtyan</extr-person-name><relevancy engine="1C">0.8</relevancy></extr-person-wrap><eos/><eop/></extr-person-block></extraction-terms></indexing></document></n-docbody>
</n-document>
<n-document guid="Ia2a0ca00b05611e4880aed4e5a44d590"><n-metadata><metadata.block><md.identifiers><md.cites><md.first.line.cite>2/9/15 NEWS 00:00:00</md.first.line.cite><md.second.line.cite>2/9/15 ARKA News Agency 00:00:00</md.second.line.cite></md.cites><md.uuid>Ia2a0ca00b05611e4880aed4e5a44d590</md.uuid></md.identifiers><md.infotype>news</md.infotype><md.sortkeys><md.ordersequence>f47363bec</md.ordersequence></md.sortkeys><md.descriptions><md.title>ARMENIAN USERS PREFER LATIN OVER ARMENIAN ALPHABET IN WEB SEARCH, EXPERT SAYS</md.title><md.westlawdescrip><md.readlist>READLIST</md.readlist></md.westlawdescrip></md.descriptions><md.dates><md.publisheddatetime>20150209063108</md.publisheddatetime><md.loaddate>20150209</md.loaddate><md.createddatetime>20150209063108</md.createddatetime></md.dates><md.subjects><md.subject><md.pubtype.name/><md.doctype.name>DNR</md.doctype.name><md.doctype.rank/><md.view>CNGE</md.view><md.view>RGEurope</md.view><md.view>PTNewswires</md.view><md.view>ARKANEWS0063786</md.view><md.view>INALLNEWS_ACTEST</md.view><md.view>INFARNEWS_AC</md.view><md.view>MARKETSEIKON_CN</md.view><md.view>MARKETSEIKON</md.view><md.view>CB_ASIAWIRES</md.view><md.view>INWIRES_AC</md.view><md.view>GULF_INTL</md.view><md.view>ININTNEWS_AC</md.view><md.view>ANZ_INTLOS</md.view><md.view>CLEAR_RF</md.view><md.view>INALLNEWS_AC</md.view><md.view>INNEWSINT_PRO</md.view><md.view>INBUSNEWS</md.view><md.view>INNEWSWORLD_PRO</md.view><md.view>INBUSNEWS_AC</md.view></md.subject></md.subjects><md.jurisdictions><md.jurisdiction><md.jurisstate>FE</md.jurisstate></md.jurisdiction></md.jurisdictions><md.publications><md.publication/><md.sourcepubid>ARKANEWS</md.sourcepubid></md.publications><md.royalty><md.royalty.code>84104</md.royalty.code></md.royalty></metadata.block><news.metadata.block><md.text.preview>INFORMATION TECHNOLOGIESYEREVAN, February 9. /ARKA/. Armenian users prefer using Latin letters rather than the Armenian alphabet while searching on the web, says Armenian cyber security expert Samvel Martirosyan on his web page.</md.text.preview></news.metadata.block><newsplus.recommendable>1</newsplus.recommendable><n-view>CNGE</n-view><n-view>RGEurope</n-view><n-view>PTNewswires</n-view><n-view>ARKANEWS0063786</n-view><n-view>INALLNEWS_ACTEST</n-view><n-view>INFARNEWS_AC</n-view><n-view>MARKETSEIKON_CN</n-view><n-view>MARKETSEIKON</n-view><n-view>CB_ASIAWIRES</n-view><n-view>INWIRES_AC</n-view><n-view>GULF_INTL</n-view><n-view>ININTNEWS_AC</n-view><n-view>ANZ_INTLOS</n-view><n-view>CLEAR_RF</n-view><n-view>INALLNEWS_AC</n-view><n-view>INNEWSINT_PRO</n-view><n-view>INBUSNEWS</n-view><n-view>INNEWSWORLD_PRO</n-view><n-view>INBUSNEWS_AC</n-view><prism-stylesheet guid="Ia3024d301b6a11d89fc5f34981d3242f"/><prism-clipdate>20150209063108</prism-clipdate></n-metadata>
<n-docbody><document version="1" collection="D-ARKANEWS-T001" first-load-date="20150209063108" ip-product="ARKANEWS" royalty-id="84104" data-model="text" dtd-version="5.2.29" content-type="news" load-language="en"><supplier-info><supplier-num nitf="doc-id" nitf-regsrc="ARKA News Agency" type="accession">9355000201668137</supplier-num><internal-acc-num db-id="NEPRARKA" type="newz">20150209170.1_V9355000201668137</internal-acc-num><rec-status><last-load-date>20150209063108</last-load-date><nitf-date ne="datereceived">20150209T12:24:47Z</nitf-date><nitf-date nitf="date-issue">20150209T00:00:00Z</nitf-date><last-provider-update>20150209122447</last-provider-update></rec-status><supplier-copyright>Copyright Â© 2015 ARKA<copyright-year/><copyright-holder>ARKA</copyright-holder></supplier-copyright><supplier-note nitf="urgency" nitf-ed-urg="4"/><supplier-dtds><dtd dtd-version="working" dtd-date="20150120T00:00:00Z">Canonical Taxonomy</dtd><dtd dtd-version="20150114" dtd-date="20150120T00:00:00Z">Mapping File</dtd></supplier-dtds><copyright-block type="dialog"><service-copyright n-include_guid="Ice671660f30811d88920000083149a14" n-include_collection="D-DIALOGCOPYRIGHTS-T001"/></copyright-block><copyright-block type="west"><service-copyright n-include_guid="I1DA35ED81DD211B281BAD200220BDFCA" n-include_collection="w_wlnv_msg"/></copyright-block><west-citation-block><bop/><first-line-cite><bos/>2/9/15 NEWS 00:00:00<eos/></first-line-cite><second-line-cite><bos/>2/9/15 ARKA News Agency 00:00:00<eos/></second-line-cite><eop/></west-citation-block></supplier-info><title-info iso-language="en"><bop/><title type="headline" nitf-hedline="hl1" key="key-title"><bos/><sort-title>ARMENIAN USERS PREFER LATIN OVER ARMENIAN ALPHABET IN WEB SEARCH, EXPERT SAYS</sort-title><eos/></title><eop/></title-info><pub-info><journal key="key-journal"><bop/><bos/><sort-journal>ARKA News Agency</sort-journal><eos/><eop/></journal><pub-date key="key-date" iso-time="T00:00:00Z" type="date.publication"><full-pub-date>February 9, 2015</full-pub-date><sort-pub-date>20150209</sort-pub-date><sort-pub-timestamp>20150209000000</sort-pub-timestamp><rank-date>20150209</rank-date><currency-timestamp>20150209000000</currency-timestamp></pub-date><original-pub><language iso-language="en">English</language></original-pub><src-data><src-journal-code>ANPV</src-journal-code><src-pub-code>0063786</src-pub-code><src-pub-type>Newswire</src-pub-type><src-pub-country-wrap><src-pub-country-code>GE</src-pub-country-code><src-pub-country>Georgia CIS</src-pub-country></src-pub-country-wrap><src-pub-region>Europe</src-pub-region></src-data></pub-info><content iso-language="en"><total-char-count>1287</total-char-count><derived-word-count><bop/><bos/>Word Count: 192<eos/><eop/></derived-word-count><text type="lead-para"><p nitf="lede"><bop/><bos/><cite.query w-seq-number="00001" w-ref-type="WC" w-normalized-cite="I76DF065242BE11DDA1BC0014224D2780" ID="I8f7fd3c0b05711e48d7be367b1858c95">INFORMATION TECHNOLOGIES</cite.query><eos/><eop/></p><p nitf="lede"><bop/><bos/>YEREVAN, February 9. /ARKA/. <eos/><bos/>Armenian users prefer using Latin letters rather than the Armenian alphabet while searching on the web, says Armenian cyber security expert Samvel Martirosyan on his web page.<eos/><eop/></p></text><text type="body"><p><bop/><bos/>The expert analyzed December 2014 <cite.query w-seq-number="00002" w-ref-type="MM" w-normalized-cite="canonical_name::GOOGLE" ID="I8f881120b05711e48d7be367b1858c95">Google</cite.query> data on search on February 7, the day of using the Armenian alphabet on the Internet.<eos/><eop/></p><p><bop/><bos/>For instance, a popular Armenian series was searched for 1,110 times in Armenia and 62,440 times in English, and this trend is there for almost all other requests, Martirosyan said.<eos/><eop/></p><p><bop/><bos/>Hayastan (Armenia) search requests in Armenian letters were 70 times less than in Latin alphabet, 2,350 compared to 153,520, says the expert.<eos/><eop/></p><p><bop/><bos/>Armenian alphabet promotion started on February 7, 2012, and many users have turned to the Armenian alphabet since then.<eos/><eop/></p><p><bop/><bos/>Transfer to the alphabet helped record unprecedented achievements in the technology market, having promoted Armenian-language apps not only for computers, but for Android and Windows-based smartphones and <cite.query w-seq-number="00003" w-ref-type="MM" w-normalized-cite="canonical_name::APPLE" ID="I8f91ae10b05711e48d7be367b1858c95">Apple</cite.query> gadgets as well.<eos/><eop/></p><p><bop/><bos/>Ex-premier Tigran Sargsyan was among the first to urge users to use the Armenian alphabet on their facebook pages back in 2011. <eos/><bos/>The alphabet also helped avoid curious mistakes, when, for instance, &apos;sex&apos; is typed in English meaning Armenian &quot;sekh&quot;, melon. <eos/><bos/>N.V. -0--<eos/><eop/></p></text></content><indexing iso-language="en" value-add="machine-generated"><classification-terms><pres-location-block><bop/><bos/><pres-location-wrap><pres-location>Armenia</pres-location><pres-location-code>ISOAM</pres-location-code><alt1-location-code>1AR09</alt1-location-code></pres-location-wrap><pres-location-wrap><pres-location>CIS Countries</pres-location><pres-location-code>CISSTAT</pres-location-code><alt1-location-code>1CI64</alt1-location-code></pres-location-wrap><pres-location-wrap><pres-location>Eastern Europe</pres-location><pres-location-code>GEOEEUR</pres-location-code><alt1-location-code>1EA48</alt1-location-code></pres-location-wrap><pres-location-wrap><pres-location>Europe</pres-location><pres-location-code>GEOEUR</pres-location-code><alt1-location-code>1EU83</alt1-location-code></pres-location-wrap><eos/><eop/></pres-location-block></classification-terms><classification-terms><pres-industry-block><bop/><bos/><pres-industry-wrap><pres-industry>Consumer Electronics</pres-industry><pres-industry-code>CEOVR</pres-industry-code><alt1-industry-code>1CO61</alt1-industry-code></pres-industry-wrap><pres-industry-wrap><pres-industry>Consumer Products &amp; Services</pres-industry><pres-industry-code>BUYBUY</pres-industry-code><alt1-industry-code>1CO62</alt1-industry-code></pres-industry-wrap><pres-industry-wrap><pres-industry>Electronics</pres-industry><pres-industry-code>ETRONICS</pres-industry-code><alt1-industry-code>1EL16</alt1-industry-code></pres-industry-wrap><pres-industry-wrap><pres-industry>I.T.</pres-industry><pres-industry-code>ITOVER</pres-industry-code><alt1-industry-code>1IT96</alt1-industry-code></pres-industry-wrap><pres-industry-wrap><pres-industry>Internet</pres-industry><pres-industry-code>INTERNET</pres-industry-code><alt1-industry-code>1IN27</alt1-industry-code></pres-industry-wrap><pres-industry-wrap><pres-industry>Internet Technology</pres-industry><pres-industry-code>INFOHWY</pres-industry-code><alt1-industry-code>1IN39</alt1-industry-code></pres-industry-wrap><pres-industry-wrap><pres-industry>Mobile Phones &amp; Pagers</pres-industry><pres-industry-code>TWPHONE</pres-industry-code><alt1-industry-code>1WI07</alt1-industry-code></pres-industry-wrap><pres-industry-wrap><pres-industry>Networking</pres-industry><pres-industry-code>DCTOP10</pres-industry-code><alt1-industry-code>1NE45</alt1-industry-code></pres-industry-wrap><pres-industry-wrap><pres-industry>Next Generation Wireless Technology</pres-industry><pres-industry-code>DCWLSACC</pres-industry-code><alt1-industry-code>1NE48</alt1-industry-code></pres-industry-wrap><pres-industry-wrap><pres-industry>Palmtop Computing</pres-industry><pres-industry-code>PCHAND</pres-industry-code><alt1-industry-code>1PA77</alt1-industry-code></pres-industry-wrap><pres-industry-wrap><pres-industry>Search Engines</pres-industry><pres-industry-code>WEBSRCH</pres-industry-code><alt1-industry-code>1SE87</alt1-industry-code></pres-industry-wrap><pres-industry-wrap><pres-industry>Telecom Consumer Equipment</pres-industry><pres-industry-code>TCCONEQ</pres-industry-code><alt1-industry-code>1TE03</alt1-industry-code></pres-industry-wrap><pres-industry-wrap><pres-industry>Wireless Networking</pres-industry><pres-industry-code>DCWRLSS</pres-industry-code><alt1-industry-code>1WI62</alt1-industry-code></pres-industry-wrap><eos/><eop/></pres-industry-block></classification-terms><classification-terms><rcs-block><rcs>G:B</rcs><rcs>G:A</rcs><rcs>G:B2</rcs><rcs>M:S</rcs><rcs>B:161</rcs><rcs>B:69</rcs><rcs>B:75</rcs><rcs>M:NL</rcs><rcs>B:78</rcs><rcs>G:AJ</rcs><rcs>G:Y</rcs><rcs>G:7I</rcs></rcs-block></classification-terms><extraction-terms><extr-company-block><bop/><bos/><norm-company oa-id="4295905573">APPLE INC</norm-company><norm-company-wrap><norm-company-name>APPLE INC</norm-company-name><company-ids><oa-id>4295905573</oa-id><ric norm="AAPL.OQ">AAPL.OQ</ric></company-ids><company-classification><trbc-wrap><trbc type="RCS">B:1758</trbc><trbc type="2012">5710601010</trbc><trbc type="perm-id">4294951243</trbc></trbc-wrap></company-classification><relevancy engine="1C">0.2</relevancy><confidence engine="1C">0.92</confidence></norm-company-wrap><norm-company oa-id="4295899948">GOOGLE INC</norm-company><norm-company-wrap><norm-company-name>GOOGLE INC</norm-company-name><company-ids><oa-id>4295899948</oa-id><ric norm="GOOGL.OQ">GOOGL.OQ</ric></company-ids><company-classification><trbc-wrap><trbc type="RCS">B:1805</trbc><trbc type="2012">5720103011</trbc><trbc type="perm-id">4294951196</trbc></trbc-wrap></company-classification><relevancy engine="1C">0.2</relevancy><confidence engine="1C">0.91</confidence></norm-company-wrap><eos/><eop/></extr-company-block></extraction-terms><extraction-terms><extr-person-block><bop/><bos/><extr-person>Tigran Sargsyan</extr-person><extr-person-wrap><extr-person-name>Tigran Sargsyan</extr-person-name><relevancy engine="1C">0.2</relevancy></extr-person-wrap><extr-person>Samvel Martirosyan</extr-person><extr-person-wrap><extr-person-name>Samvel Martirosyan</extr-person-name><relevancy engine="1C">0.2</relevancy></extr-person-wrap><eos/><eop/></extr-person-block></extraction-terms></indexing></document></n-docbody>
</n-document>
<n-document guid="Ia92914d0ce9c11e582ca9d08bf6f2443"><n-metadata><metadata.block><md.identifiers><md.cites><md.parallelcite><md.parallelcite.info><md.display.parallelcite type="WLNR">2015 WLNR 39360615</md.display.parallelcite></md.parallelcite.info></md.parallelcite><md.first.line.cite>2/8/15 BANKSVCS (No Page)</md.first.line.cite><md.second.line.cite>2/8/15 ARKA Banking Services Bull. (Pg. Unavail. Online)</md.second.line.cite></md.cites><md.uuid>Ia92914d0ce9c11e582ca9d08bf6f2443</md.uuid></md.identifiers><md.infotype>news</md.infotype><md.sortkeys><md.ordersequence>f469da56c</md.ordersequence></md.sortkeys><md.descriptions><md.title>PRESS-CLIPPING</md.title><md.westlawdescrip><md.readlist>READLIST</md.readlist></md.westlawdescrip></md.descriptions><md.dates><md.publisheddatetime>20160208135017</md.publisheddatetime><md.loaddate>20160208</md.loaddate><md.createddatetime>20160208135017</md.createddatetime></md.dates><md.subjects><md.subject><md.pubtype.name/><md.doctype.name>DNR</md.doctype.name><md.doctype.rank/><md.view>CNAM</md.view><md.view>RGEurope</md.view><md.view>PTMagazines</md.view><md.view>ARKANEWS0064119</md.view><md.view>ININTNEWS_AC</md.view><md.view>INFINNEWS</md.view><md.view>INALLNEWS_ACTEST</md.view><md.view>INFARNEWS_AC</md.view><md.view>ANZ_INTLBTI</md.view><md.view>INALLNEWS_AC</md.view><md.view>CLEAR_RF</md.view><md.view>INBUSNEWS</md.view><md.view>INBANKNEWS_AC</md.view><md.view>INBUSNEWS_AC</md.view></md.subject></md.subjects><md.jurisdictions><md.jurisdiction><md.jurisstate>FE</md.jurisstate></md.jurisdiction></md.jurisdictions><md.publications><md.publication/><md.sourcepubid>ARKANEWS</md.sourcepubid></md.publications><md.royalty><md.royalty.code>77232</md.royalty.code></md.royalty></metadata.block><news.metadata.block><md.text.preview>A study of Armenian media reports about the performance of local banks shows that the main news from February 1 to 5 was a report about Unibank, which in 2015 handled more than 310,000 remittances worth a total of $193 million.According media</md.text.preview></news.metadata.block><n-view>CNAM</n-view><n-view>RGEurope</n-view><n-view>PTMagazines</n-view><n-view>ARKANEWS0064119</n-view><n-view>ININTNEWS_AC</n-view><n-view>INFINNEWS</n-view><n-view>INALLNEWS_ACTEST</n-view><n-view>INFARNEWS_AC</n-view><n-view>ANZ_INTLBTI</n-view><n-view>INALLNEWS_AC</n-view><n-view>CLEAR_RF</n-view><n-view>INBUSNEWS</n-view><n-view>INBANKNEWS_AC</n-view><n-view>INBUSNEWS_AC</n-view><prism-stylesheet guid="Ia3024d301b6a11d89fc5f34981d3242f"/><prism-clipdate>20160208135017</prism-clipdate></n-metadata>
<n-docbody><document version="1" collection="D-ARKANEWS-T001" first-load-date="20160208135017" ip-product="ARKANEWS" royalty-id="77232" data-model="text" dtd-version="5.2.29" content-type="news" load-language="en" pnac="nNRA0vyrwf" pnac-date="20160208T194635.293"><supplier-info><supplier-num nitf="doc-id" nitf-regsrc="ARKA Banking Services Bulletin" type="accession">c219003b5a75d653</supplier-num><internal-acc-num db-id="NEPRARKA" type="newz">20150208170.4_Vc219003b5a75d653</internal-acc-num><rec-status><last-load-date>20160208135017</last-load-date><nitf-date ne="datereceived">20160208T19:46:35Z</nitf-date><nitf-date nitf="date-issue">20150208T00:00:00Z</nitf-date><last-provider-update>20160208194635</last-provider-update></rec-status><supplier-copyright>Copyright Â© 2015 ARKA<copyright-year/><copyright-holder>ARKA</copyright-holder></supplier-copyright><supplier-note nitf="urgency" nitf-ed-urg="4"/><nitf-meta-content name="_newsmlg2-hashtype=nr-htype:doc-group-fuzzy">62255|52749|31054|39952|112592|54810|98619|78677|59611|19314|74185|58819|88031|57684|44066|53166|95872|96956|95782|34200|63326|105280|31935|8915|105807|2272|82274|71224|67352|37310|15813|105578|40423|90791|55954|112057|4218|108272|94518|41825|13663|87020|61362|75436|38320|86928|100287|103172|46139|12669|11261|13479|80389|102902|27585|87927|43136|15475|71230|27817|</nitf-meta-content><nitf-meta-content name="_newsmlg2-hashtype=nr-htype:doc-group-content-length">4735</nitf-meta-content><nitf-meta-content name="_newsmlg2-hashtype=nr-htype:doc-group-simple">a1691e666308dc987cd41b2a33d4ffc5302947c</nitf-meta-content><supplier-dtds><dtd dtd-version="working" dtd-date="20160126T00:00:00Z">Canonical Taxonomy</dtd><dtd dtd-version="20160119" dtd-date="20160126T00:00:00Z">Mapping File</dtd></supplier-dtds><copyright-block type="dialog"><service-copyright n-include_guid="Ice671660f30811d88920000083149a14" n-include_collection="D-DIALOGCOPYRIGHTS-T001"/></copyright-block><copyright-block type="west"><service-copyright n-include_guid="I1DA35ED81DD211B281BAD200220BDFCA" n-include_collection="w_wlnv_msg"/></copyright-block><west-citation-block><bop/><first-line-cite><bos/>2/8/15 BANKSVCS (No Page)<eos/></first-line-cite><second-line-cite><bos/>2/8/15 ARKA Banking Services Bull. (Pg. Unavail. Online)<eos/></second-line-cite><westlawcite><bos/>2015 WLNR 39360615<eos/></westlawcite><eop/></west-citation-block></supplier-info><title-info iso-language="en"><bop/><title type="headline" nitf-hedline="hl1" key="key-title"><bos/><sort-title>PRESS-CLIPPING</sort-title><eos/></title><eop/></title-info><pub-info><journal key="key-journal"><bop/><bos/><sort-journal>ARKA Banking Services Bulletin</sort-journal><eos/><eop/></journal><pub-date key="key-date" iso-time="T00:00:00Z" type="date.publication"><full-pub-date>February 8, 2015</full-pub-date><sort-pub-date>20150208</sort-pub-date><sort-pub-timestamp>20150208000000</sort-pub-timestamp><rank-date>20150208</rank-date><currency-timestamp>20150208000000</currency-timestamp></pub-date><original-pub><language iso-language="en">English</language></original-pub><src-data><src-journal-code>ANPY</src-journal-code><src-pub-code>0064119</src-pub-code><src-pub-type>Newsletter</src-pub-type><src-pub-country-wrap><src-pub-country-code>AM</src-pub-country-code><src-pub-country>Armenia</src-pub-country></src-pub-country-wrap><src-pub-region>Europe</src-pub-region></src-data></pub-info><content iso-language="en"><total-char-count>7698</total-char-count><derived-word-count><bop/><bos/>Word Count: 1158<eos/><eop/></derived-word-count><text type="lead-para"><p nitf="lede"><bop/><bos/>A study of Armenian media reports about the performance of local banks shows that the main news from February 1 to 5 was a report about <cite.query w-seq-number="00001" w-ref-type="CO" w-normalized-cite="I468D9A50625D11DFB2EA9307C0464836" ID="I391234f0ce9d11e5b5f79377199e1929">Unibank</cite.query>, which in 2015 handled more than 310,000 remittances worth a total of $193 million.<eos/><eop/></p><p nitf="lede"><bop/><bos/>According media reports, Ameriabank is topping Cbonds ranking for Armenia&apos;s arrangers of domestic bonds.<eos/><eop/></p></text><text type="body"><p><bop/><bos/>It has also become known from media resources that <cite.query w-seq-number="00002" w-ref-type="CO" w-normalized-cite="IAB5AD290E2CE11DE916D8A11856AA63E" ID="I3924d290ce9d11e5b5f79377199e1929">Anelik Bank</cite.query> opened a new branch last week.<eos/><eop/></p><p><bop/><bos/>VTB Bank (Armenia) and <cite.query w-seq-number="00003" w-ref-type="MM" w-normalized-cite="canonical_name::MASTERCARD" ID="I392f32d0ce9d11e5b5f79377199e1929">MasterCard</cite.query> unveiled the results of a regular marketing campaign called &quot;We Fly to Rio.<eos/><eop/></p><p><bop/><bos/>The <cite.query w-seq-number="00004" w-ref-type="NM" w-normalized-cite="canonical_name::ARMENIAN INCECOBANK" ID="I39421e90ce9d11e5b5f79377199e1929">Armenian Incecobank</cite.query> has denied concerns of some parliament members that its accusation of 100% shares of <cite.query w-seq-number="00005" w-ref-type="MM" w-normalized-cite="canonical_name::PROCREDIT BANK" ID="I39421e91ce9d11e5b5f79377199e1929">ProCredit Bank</cite.query> will result in massive layoffs, saying the move is aimed at creating new opportunities for strengthening of its market position.<eos/><eop/></p><p><bop/><bos/>In 2015 the Yerevan-based <cite.query w-seq-number="00006" w-ref-type="CO" w-normalized-cite="I468D9A50625D11DFB2EA9307C0464836" ID="I39470090ce9d11e5b5f79377199e1929">Unibank</cite.query> handled more than 310,000 remittances worth a total of $193 million.<eos/><eop/></p><p><bop/><bos/>Azg, Golos Armenii, Novoe <cite.query w-seq-number="00007" w-ref-type="NM" w-normalized-cite="canonical_name::VREMYA" ID="I39546e10ce9d11e5b5f79377199e1929">Vremya</cite.query>, Aravot, Delovoy Express, Hayastani Hanrapetutyun, Respublika Armenia, Haykakan Zhamanak, Hayots Ashkhar, Iravunk, Hraparak, Chorrord Ishkhanutyun, Zhamanak, Zhoghovurd and 168 Zham newspapers were used to collect the information. <eos/><bos/>Panarmenian, ARKA, Armbanks, Banks, Arminfo, Finport and Panorama and <cite.query w-seq-number="00008" w-ref-type="MM" w-normalized-cite="canonical_name::EBANK" ID="I39546e11ce9d11e5b5f79377199e1929">Ebank</cite.query> Internet resources were used as well.<eos/><eop/></p><section-title>AMERIABANK TOPPING 2015 CBONDS RANKING FOR ARMENIA&apos;S DOMESTIC BOND ARRANGERS</section-title><p><bop/><bos/>Ameriabank is topping Cbonds ranking for Armenia&apos;s arrangers of domestic bonds.<eos/><eop/></p><p><bop/><bos/>The ranking embraces all the issues of corporate bonds of Armenian bond issuers and international financial organizations in Armenia&apos;s territory.<eos/><eop/></p><p><bop/><bos/>Ameriabank, arranger (including underwriter) of EBRD corporate bonds totaling $13 million and 42.1% share at the market, is placed atop Cbonds ranking.<eos/><eop/></p><p><bop/><bos/>Ameriabank is followed by Armswissbank, whose bonds amount to $10 million.<eos/><eop/></p><p><bop/><bos/>Araratbank, with its $4 million came third in Cbonds ranking. <eos/><bos/>Capital Investments (Armenia) and Renesa investment companies are ranked fourth and fifth by Cbonds. <eos/><bos/>Their bond issues total $2 million and $1 million respectively.<eos/><eop/></p><p><bop/><bos/>Sources: www.arka.am 3.02.2016, www.arminfo.am 2.02.2016, www.finport.am 2.02.2016, www.banks.am 3.02.2016<eos/><eop/></p><section-title>ANELIK BANK INCREASES NUMBER OF ITS BRANCHES TO 15 BY OPENING A NEW &quot;EREBUNI&quot; BRANCH IN YEREVAN</section-title><p><bop/><bos/>By opening a new &quot;Erebuni&quot; branch in Yerevan (at 7/60, Erebuni), Anelik Bank has increased the number of its branches to 15. <eos/><bos/>The press office of the Bank has told ArmInfo that the new branch is equipped with up-to-date facilities and it is ready to provide the full package of banking services to the customers on favorable terms: account maintenance, consumer and business loans, provision of local and international cards, attraction of time deposits, acceptance of utility payments, local and international remittances, etc.<eos/><eop/></p><p><bop/><bos/>Sources: www.arminfo.am 4.02.2016, www.banks.am 4.02.2016<eos/><eop/></p><section-title>VTB BANK (ARMENIA) AND MASTERCARD UNVEIL RESULTS OF MARKETING CAMPAIGN &quot;WE FLY TO RIO&quot;</section-title><p><bop/><bos/>VTB Bank (Armenia) and <cite.query w-seq-number="00009" w-ref-type="MM" w-normalized-cite="canonical_name::MASTERCARD" ID="I397340b0ce9d11e5b5f79377199e1929">MasterCard</cite.query> unveiled the results of a regular marketing campaign called &quot;We Fly to Rio.&quot; <eos/><bos/>The campaign was announced for holders of Cirrus / Maestro(r) and <cite.query w-seq-number="00010" w-ref-type="MM" w-normalized-cite="canonical_name::MASTERCARD" ID="I397340b1ce9d11e5b5f79377199e1929">MasterCard</cite.query>(r) cards, issued by <cite.query w-seq-number="00011" w-ref-type="CO" w-normalized-cite="IB9397CB0D0D811DF98F8FD3889AD24A2" ID="I397340b2ce9d11e5b5f79377199e1929">VTB Bank</cite.query> (Armenia), who would use them from September 20 to December 31, 2015 to pay for goods or services across Armenia and abroad (including online purchases) in the amount of 300,000 drams and more.<eos/><eop/></p><p><bop/><bos/>The live prize drawing took place on February 2, at 18:50 on Kentron TV. The winners were determined by a random choice.<eos/><eop/></p><p><bop/><bos/>Dmitry Atbashyan won the main prize- a travel for two to Rio. <eos/><bos/>Five other participants won smart watches. <eos/><bos/>They are Georgy Shamyan, Anna Arakelyan, Armen Nanyan, David Zhamagortsyan and Vahe Grigorian.<eos/><eop/></p><p><bop/><bos/>The incentive marketing campaign &quot;We Fly in Rio&quot; was designed to increase the volume of cashless payments by using <cite.query w-seq-number="00012" w-ref-type="MM" w-normalized-cite="canonical_name::MASTERCARD" ID="I397e8b50ce9d11e5b5f79377199e1929">MasterCard</cite.query> cards of VTB Bank (Armenia) and raise consumer awareness about the convenience of cashless payments. <eos/><bos/>VTB Bank (Armenia) conducts such campaigns on a regular basis and each time more and more customers of the bank take part in them.<eos/><eop/></p><p><bop/><bos/>Sources: www.armbanks.am 4.02.2016, www.arminfo.am 4.02.2016, www.finport.am 4.02.2016, www.banks.am 4.02.2016, www.panorama.am 4.02.2016<eos/><eop/></p><section-title>INCECOBANK DENIES CONCERNS OF SOME PARLIAMENT MEMBERS</section-title><p><bop/><bos/>The <cite.query w-seq-number="00013" w-ref-type="NM" w-normalized-cite="canonical_name::ARMENIAN INCECOBANK" ID="I398f7b40ce9d11e5b5f79377199e1929">Armenian Incecobank</cite.query> has denied concerns of some parliament members that its accusation of 100% shares of <cite.query w-seq-number="00014" w-ref-type="MM" w-normalized-cite="canonical_name::PROCREDIT BANK" ID="I398f7b41ce9d11e5b5f79377199e1929">ProCredit Bank</cite.query> will result in massive layoffs, saying the move is aimed at creating new opportunities for strengthening of its market position.<eos/><eop/></p><p><bop/><bos/>The December 10 transaction was financed with equity investments by the <cite.query w-seq-number="00015" w-ref-type="CO" w-normalized-cite="IBAFB90B169EC11DDB89AB9FC5024B35B" ID="I39a2dc30ce9d11e5b5f79377199e1929">European Bank for Reconstruction and Development</cite.query> (EBRD) and two of <cite.query w-seq-number="00016" w-ref-type="NM" w-normalized-cite="canonical_name::INECOBANK" ID="I39a2dc31ce9d11e5b5f79377199e1929">Inecobank</cite.query>&apos;s major local shareholders, supported by a $20 million loan from the <cite.query w-seq-number="00017" w-ref-type="MM" w-normalized-cite="canonical_name::INTERNATIONAL FINANCE CORP" ID="I39a2dc32ce9d11e5b5f79377199e1929">International Finance Corporation</cite.query> (IFC).<eos/><bos/> The EBRD is making a $20.3 million equity investment, acquiring 22.7 percent of shares in the merged group.<eos/><eop/></p><p><bop/><bos/>&quot;The acquisition of <cite.query w-seq-number="00018" w-ref-type="MM" w-normalized-cite="canonical_name::PROCREDIT BANK" ID="I39ad6380ce9d11e5b5f79377199e1929">ProCredit Bank</cite.query> and the capital increase will enable us to significantly enhance our services,&quot; Inecobank Chief Executive Taron Ganjalyan said.<eos/><eop/></p><p><bop/><bos/>According to an Inecobank statement, as a result of the deal Inecobank has become the absolute leader in the market of small and micro-businesses, which has created a basis for a significant improvement of the quality of services.<eos/><eop/></p><p><bop/><bos/>It said also one of the most important preconditions for the transaction was the similarity of the corporate management culture of the two banks and <cite.query w-seq-number="00019" w-ref-type="MM" w-normalized-cite="canonical_name::PROCREDIT BANK" ID="I39b6b250ce9d11e5b5f79377199e1929">ProCredit Bank</cite.query>&apos;s professional team that Inecobank regards as &quot;the most important assets of the acquired bank.&quot;<eos/><eop/></p><p><bop/><bos/>Sources: www.armbanks.am 5.02.2016, www.arminfo.am 5.02.2016, www.finport.am 5.02.2016, www.banks.am 5.02.2016<eos/><eop/></p><section-title>IN 2015 UNIBANK HANDLED MORE THAN 310,000 REMITTANCES WORTH $193 MILLION</section-title><p><bop/><bos/>In 2015 the Yerevan-based <cite.query w-seq-number="00020" w-ref-type="CO" w-normalized-cite="I468D9A50625D11DFB2EA9307C0464836" ID="I39bc0980ce9d11e5b5f79377199e1929">Unibank</cite.query> handled more than 310,000 remittances worth a total of $193 million.<eos/><eop/></p><p><bop/><bos/>According to a Unibank press release, money transfers without opening bank accounts are made to any country via international <cite.query w-seq-number="00021" w-ref-type="NM" w-normalized-cite="canonical_name::UNISTREAM" ID="I39cbe800ce9d11e5b5f79377199e1929">Unistream</cite.query> and <cite.query w-seq-number="00022" w-ref-type="MM" w-normalized-cite="canonical_name::INTEL" ID="I39cbe801ce9d11e5b5f79377199e1929">Intel</cite.query> Express systems.<eos/><eop/></p><p><bop/><bos/>&quot;Unistream system is convenient for our clients not only because of the best commissions, which start from 0.3% of the amount, the ease of making the transaction and wide geography, but also because of additional options. <eos/><bos/>Unistream system can be used to pay utilities, to pay for goods, to pay off loans, to replenish card accounts and deposits,&apos; the press release said.<eos/><eop/></p><p><bop/><bos/>Unibank also enables its clients to receive Unistream money transfers without visiting the bank. <eos/><bos/>The service allows transfer of money to <cite.query w-seq-number="00023" w-ref-type="MM" w-normalized-cite="canonical_name::VISA" ID="I39d13f30ce9d11e5b5f79377199e1929">VISA</cite.query> and ArCa bank cards by a phone call.<eos/><eop/></p><p><bop/><bos/>Sources: www.armbanks.am 3.02.2016, www.arka.am 3.02.2016, www.finport.am 3.02.2016, www.arminfo.am 3.02.2016<eos/><eop/></p><section-title>TOTAL CAPITAL OF ARMENIAN BANKS IN 2015 INCREASED BY 17.8% TO 561.9 BILLION DRAMS</section-title><p><bop/><bos/>The total capital of 21 banks in Armenia in 2015 increased by 17.8% reaching 561.9 billion drams, according to <cite.query w-seq-number="00024" w-ref-type="NM" w-normalized-cite="canonical_name::ARKA" ID="I39d95580ce9d11e5b5f79377199e1929">ARKA</cite.query> news agency&apos;s financial and economic bulletin &quot;Banks of Armenia&quot; for the fourth quarter 2015.<eos/><eop/></p><p><bop/><bos/>In late 2014 the <cite.query w-seq-number="00025" w-ref-type="CO" w-normalized-cite="I706C7C4142B311DDA5520014224D2780" ID="I39ddc250ce9d11e5b5f79377199e1929">Central Bank of Armenia</cite.query> decided to raise the minimum size of the total capital of commercial banks from 5 billion drams to 30 billion drams. <eos/><bos/>The decision becomes effective from January 1, 2017.<eos/><eop/></p><p><bop/><bos/>Following this decision, the Armenian banks began an active search for additional sources of funding - some replenished their capital at the expense of shareholders, others announced <cite.query w-seq-number="00026" w-ref-type="NM" w-normalized-cite="canonical_name::IPOS" ID="I39e53c60ce9d11e5b5f79377199e1929">IPOs</cite.query>, while others decided to merge. <eos/><bos/>According to some experts, this may result in the reduction of the number of the banks from current 21 to about 15.<eos/><eop/></p><p><bop/><bos/>According to quarterly data, Armenian banks increased their authorized capital by 25.7% last year to 355.2 billion drams.<eos/><eop/></p><p><bop/><bos/>At the end of 2015, 6 local banks with the combined capital of over 305 billion drams (54.3% of the total capital of all 21 banks) met the new requirement of the <cite.query w-seq-number="00027" w-ref-type="MM" w-normalized-cite="canonical_name::CENTRAL BANK" ID="I39f40970ce9d11e5b5f79377199e1929">Central Bank</cite.query>.<eos/><eop/></p><p><bop/><bos/>Source: www.armbanks.am 3.02.2016<eos/><eop/></p></text></content><indexing iso-language="en" value-add="machine-generated"><classification-terms><pres-location-block><bop/><bos/><pres-location-wrap><pres-location>Armenia</pres-location><pres-location-code>ISOAM</pres-location-code><alt1-location-code>1AR09</alt1-location-code></pres-location-wrap><pres-location-wrap><pres-location>CIS Countries</pres-location><pres-location-code>CISSTAT</pres-location-code><alt1-location-code>1CI64</alt1-location-code></pres-location-wrap><pres-location-wrap><pres-location>Eastern Europe</pres-location><pres-location-code>GEOEEUR</pres-location-code><alt1-location-code>1EA48</alt1-location-code></pres-location-wrap><pres-location-wrap><pres-location>Europe</pres-location><pres-location-code>GEOEUR</pres-location-code><alt1-location-code>1EU83</alt1-location-code></pres-location-wrap><eos/><eop/></pres-location-block></classification-terms><classification-terms><pres-subject-block><bop/><bos/><pres-subject-wrap><pres-subject>Economic Development</pres-subject><pres-subject-code>PTEDED</pres-subject-code><alt1-subject-code>1EC65</alt1-subject-code></pres-subject-wrap><pres-subject-wrap><pres-subject>Economic Development Agencies</pres-subject><pres-subject-code>ECONMGMT</pres-subject-code><alt1-subject-code>1EC15</alt1-subject-code></pres-subject-wrap><pres-subject-wrap><pres-subject>Economics &amp; Trade</pres-subject><pres-subject-code>TRADE</pres-subject-code><alt1-subject-code>1EC26</alt1-subject-code></pres-subject-wrap><eos/><eop/></pres-subject-block><pres-industry-block><bop/><bos/><pres-industry-wrap><pres-industry>Banking</pres-industry><pres-industry-code>BANKOVER</pres-industry-code><alt1-industry-code>1BA20</alt1-industry-code></pres-industry-wrap><pres-industry-wrap><pres-industry>Commercial Banking Services</pres-industry><pres-industry-code>BANKCOML</pres-industry-code><alt1-industry-code>1CO19</alt1-industry-code></pres-industry-wrap><pres-industry-wrap><pres-industry>Credit, Debit &amp; Value Cards</pres-industry><pres-industry-code>CCARDS</pres-industry-code><alt1-industry-code>1CR28</alt1-industry-code></pres-industry-wrap><pres-industry-wrap><pres-industry>Financial Services</pres-industry><pres-industry-code>FINSVC</pres-industry-code><alt1-industry-code>1FI37</alt1-industry-code></pres-industry-wrap><pres-industry-wrap><pres-industry>Press Releases</pres-industry><pres-industry-code>ANNOUNCE</pres-industry-code><alt1-industry-code>1PR19</alt1-industry-code></pres-industry-wrap><pres-industry-wrap><pres-industry>Retail Banking Services</pres-industry><pres-industry-code>RTBNKOVR</pres-industry-code><alt1-industry-code>1RE38</alt1-industry-code></pres-industry-wrap><eos/><eop/></pres-industry-block></classification-terms><classification-terms><rcs-block><rcs>B:126</rcs><rcs>B:125</rcs><rcs>E:5</rcs><rcs>B:128</rcs><rcs>G:B2</rcs><rcs>B:127</rcs><rcs>G:7I</rcs><rcs>G:Y</rcs><rcs>B:131</rcs><rcs>G:B</rcs><rcs>M:32</rcs><rcs>G:A</rcs><rcs>B:129</rcs><rcs>G:AJ</rcs></rcs-block></classification-terms><extraction-terms><extr-company-block><bop/><bos/><extr-company>168 Zham</extr-company><extr-company-wrap><extr-company-name>168 Zham</extr-company-name><relevancy engine="1C">0.2</relevancy><confidence engine="1C">0.73</confidence></extr-company-wrap><extr-company>Delovoy Express</extr-company><extr-company-wrap><extr-company-name>Delovoy Express</extr-company-name><relevancy engine="1C">0.2</relevancy><confidence engine="1C">1</confidence></extr-company-wrap><extr-company>The Armenian Incecobank</extr-company><extr-company-wrap><extr-company-name>The Armenian Incecobank</extr-company-name><relevancy engine="1C">0.2</relevancy><confidence engine="1C">0.62</confidence></extr-company-wrap><norm-company oa-id="5000943296">ARMSWISSBANK CLOSED JSK</norm-company><norm-company-wrap occur-sequence="10"><norm-company-name>ARMSWISSBANK CLOSED JSK</norm-company-name><company-ids><oa-id>5000943296</oa-id></company-ids><company-classification><trbc-wrap><trbc type="RCS">B:128</trbc><trbc type="2012">55101010</trbc><trbc type="perm-id">4294952873</trbc></trbc-wrap></company-classification><relevancy engine="1C">0.2</relevancy><confidence engine="1C">0.65</confidence></norm-company-wrap><norm-company oa-id="5000943280">AMERIABANK CJSC</norm-company><norm-company-wrap occur-sequence="1,7,8,9"><norm-company-name>AMERIABANK CJSC</norm-company-name><company-ids><oa-id>5000943280</oa-id></company-ids><company-classification><trbc-wrap><trbc type="RCS">B:1615</trbc><trbc type="2012">5510101010</trbc><trbc type="perm-id">4294951386</trbc></trbc-wrap></company-classification><relevancy engine="1C">0.5</relevancy><confidence engine="1C">1</confidence></norm-company-wrap><norm-company oa-id="5000023584">ANELIK BANK CLOSED JSK</norm-company><norm-company-wrap occur-sequence="2,12"><norm-company-name>ANELIK BANK CLOSED JSK</norm-company-name><company-ids><oa-id>5000023584</oa-id></company-ids><company-classification><trbc-wrap><trbc type="RCS">B:128</trbc><trbc type="2012">55101010</trbc><trbc type="perm-id">4294952873</trbc></trbc-wrap></company-classification><relevancy engine="1C">0.2</relevancy><confidence engine="1C">0.61</confidence></norm-company-wrap><norm-company oa-id="4297861134">ARARATBANK OPEN JSK</norm-company><norm-company-wrap occur-sequence="11"><norm-company-name>ARARATBANK OPEN JSK</norm-company-name><company-ids><oa-id>4297861134</oa-id></company-ids><company-classification><trbc-wrap><trbc type="RCS">B:1615</trbc><trbc type="2012">5510101010</trbc><trbc type="perm-id">4294951386</trbc></trbc-wrap></company-classification><relevancy engine="1C">0.2</relevancy><confidence engine="1C">0.65</confidence></norm-company-wrap><norm-company oa-id="4295887248">VTB BANK (PUBLIC JOINT STOCK COMPANY)</norm-company><norm-company-wrap occur-sequence="3,14,17,19"><norm-company-name>VTB BANK (PUBLIC JOINT STOCK COMPANY)</norm-company-name><company-ids><oa-id>4295887248</oa-id><ric norm="VTBR.MM">VTBR.MM</ric></company-ids><company-classification><trbc-wrap><trbc type="RCS">B:1615</trbc><trbc type="2012">5510101010</trbc><trbc type="perm-id">4294951386</trbc></trbc-wrap></company-classification><relevancy engine="1C">0.2</relevancy><confidence engine="1C">0.86</confidence></norm-company-wrap><norm-company oa-id="8589934160">EUROPEAN BANK FOR RECONSTRUCTION AND DEVELOPMENT</norm-company><norm-company-wrap occur-sequence="21,22"><norm-company-name>EUROPEAN BANK FOR RECONSTRUCTION AND DEVELOPMENT</norm-company-name><company-ids><oa-id>8589934160</oa-id></company-ids><company-classification><trbc-wrap><trbc type="RCS">B:1615</trbc><trbc type="2012">5510101010</trbc><trbc type="perm-id">4294951386</trbc></trbc-wrap></company-classification><relevancy engine="1C">0.5</relevancy><confidence engine="1C">1</confidence></norm-company-wrap><norm-company oa-id="4296537663">INTERNATIONAL FINANCE CORP</norm-company><norm-company-wrap occur-sequence="24"><norm-company-name>INTERNATIONAL FINANCE CORP</norm-company-name><company-ids><oa-id>4296537663</oa-id></company-ids><company-classification><trbc-wrap><trbc type="RCS">B:1639</trbc><trbc type="2012">5510202010</trbc><trbc type="perm-id">4294951362</trbc></trbc-wrap></company-classification><relevancy engine="1C">0.5</relevancy><confidence engine="1C">1</confidence></norm-company-wrap><norm-company oa-id="4297927063">INECOBANK CLOSED JSK</norm-company><norm-company-wrap occur-sequence="23,26,27,28,30"><norm-company-name>INECOBANK CLOSED JSK</norm-company-name><company-ids><oa-id>4297927063</oa-id></company-ids><relevancy engine="1C">0.5</relevancy><confidence engine="1C">0.99</confidence></norm-company-wrap><norm-company oa-id="4295902916">MNP PETROLEUM CORP</norm-company><norm-company-wrap occur-sequence="31"><norm-company-name>MNP PETROLEUM CORP</norm-company-name><company-ids><oa-id>4295902916</oa-id><ric norm="MNAP.PK">MNAP.PK</ric></company-ids><company-classification><trbc-wrap><trbc type="RCS">B:1004</trbc><trbc type="2012">5010202010</trbc><trbc type="perm-id">4294951997</trbc></trbc-wrap></company-classification><relevancy engine="1C">0.2</relevancy><confidence engine="1C">1</confidence></norm-company-wrap><norm-company oa-id="4295902520">MASTERCARD INC</norm-company><norm-company-wrap occur-sequence="4,13,15,16,18"><norm-company-name>MASTERCARD INC</norm-company-name><company-ids><oa-id>4295902520</oa-id><ric norm="MA.N">MA.N</ric></company-ids><company-classification><trbc-wrap><trbc type="RCS">B:1236</trbc><trbc type="2012">5220304027</trbc><trbc type="perm-id">4294951765</trbc></trbc-wrap></company-classification><relevancy engine="1C">0.5</relevancy><confidence engine="1C">1</confidence></norm-company-wrap><norm-company oa-id="5000020913">PROCREDIT BANK SA</norm-company><norm-company-wrap occur-sequence="5,20,25,29"><norm-company-name>PROCREDIT BANK SA</norm-company-name><company-ids><oa-id>5000020913</oa-id></company-ids><company-classification><trbc-wrap><trbc type="RCS">B:1616</trbc><trbc type="2012">5510101011</trbc><trbc type="perm-id">4294951385</trbc></trbc-wrap></company-classification><relevancy engine="1C">0.5</relevancy><confidence engine="1C">1</confidence></norm-company-wrap><norm-company oa-id="4295901746">EBANK FINANCIAL SERVICES INC</norm-company><norm-company-wrap occur-sequence="6"><norm-company-name>EBANK FINANCIAL SERVICES INC</norm-company-name><company-ids><oa-id>4295901746</oa-id><ric norm="EBDC.PK">EBDC.PK</ric></company-ids><company-classification><trbc-wrap><trbc type="RCS">B:1615</trbc><trbc type="2012">5510101010</trbc><trbc type="perm-id">4294951386</trbc></trbc-wrap></company-classification><relevancy engine="1C">0.2</relevancy><confidence engine="1C">0.83</confidence></norm-company-wrap><eos/><eop/></extr-company-block></extraction-terms><extraction-terms><extr-person-block><bop/><bos/><extr-person>Georgy Shamyan</extr-person><extr-person-wrap><extr-person-name>Georgy Shamyan</extr-person-name><relevancy engine="1C">0.2</relevancy></extr-person-wrap><extr-person>Dmitry Atbashyan</extr-person><extr-person-wrap><extr-person-name>Dmitry Atbashyan</extr-person-name><relevancy engine="1C">0.2</relevancy></extr-person-wrap><extr-person>Vahe Grigorian</extr-person><extr-person-wrap><extr-person-name>Vahe Grigorian</extr-person-name><relevancy engine="1C">0.2</relevancy></extr-person-wrap><extr-person>Taron Ganjalyan</extr-person><extr-person-wrap><extr-person-name>Taron Ganjalyan</extr-person-name><relevancy engine="1C">0.2</relevancy></extr-person-wrap><extr-person>David Zhamagortsyan</extr-person><extr-person-wrap><extr-person-name>David Zhamagortsyan</extr-person-name><relevancy engine="1C">0.2</relevancy></extr-person-wrap><extr-person>Armen Nanyan</extr-person><extr-person-wrap><extr-person-name>Armen Nanyan</extr-person-name><relevancy engine="1C">0.2</relevancy></extr-person-wrap><extr-person>Anna Arakelyan</extr-person><extr-person-wrap><extr-person-name>Anna Arakelyan</extr-person-name><relevancy engine="1C">0.2</relevancy></extr-person-wrap><eos/><eop/></extr-person-block></extraction-terms></indexing></document></n-docbody>
</n-document>
<n-document guid="I52c79030ae0411e4a1ccc6190bcd932b"><n-metadata><metadata.block><md.identifiers><md.cites><md.first.line.cite>2/6/15 NEWS 00:00:00</md.first.line.cite><md.second.line.cite>2/6/15 ARKA News Agency 00:00:00</md.second.line.cite></md.cites><md.uuid>I52c79030ae0411e4a1ccc6190bcd932b</md.uuid></md.identifiers><md.infotype>news</md.infotype><md.sortkeys><md.ordersequence>f47363bec</md.ordersequence></md.sortkeys><md.descriptions><md.title>ARMENIAN START-UP RAISES $10 MILLION IN FUNDING</md.title><md.westlawdescrip><md.readlist>READLIST</md.readlist></md.westlawdescrip></md.descriptions><md.dates><md.publisheddatetime>20150206073608</md.publisheddatetime><md.loaddate>20150206</md.loaddate><md.createddatetime>20150206073608</md.createddatetime></md.dates><md.subjects><md.subject><md.pubtype.name/><md.doctype.name>DNR</md.doctype.name><md.doctype.rank/><md.view>CNGE</md.view><md.view>RGEurope</md.view><md.view>PTNewswires</md.view><md.view>ARKANEWS0063786</md.view><md.view>INALLNEWS_ACTEST</md.view><md.view>INFARNEWS_AC</md.view><md.view>MARKETSEIKON_CN</md.view><md.view>MARKETSEIKON</md.view><md.view>CB_ASIAWIRES</md.view><md.view>INWIRES_AC</md.view><md.view>GULF_INTL</md.view><md.view>ININTNEWS_AC</md.view><md.view>ANZ_INTLOS</md.view><md.view>CLEAR_RF</md.view><md.view>INALLNEWS_AC</md.view><md.view>INNEWSINT_PRO</md.view><md.view>INBUSNEWS</md.view><md.view>INNEWSWORLD_PRO</md.view><md.view>INBUSNEWS_AC</md.view></md.subject></md.subjects><md.jurisdictions><md.jurisdiction><md.jurisstate>FE</md.jurisstate></md.jurisdiction></md.jurisdictions><md.publications><md.publication/><md.sourcepubid>ARKANEWS</md.sourcepubid></md.publications><md.royalty><md.royalty.code>84104</md.royalty.code></md.royalty></metadata.block><news.metadata.block><md.text.preview>COMPANIESYEREVAN, February 6. / ARKA /. PicsArt, the largest mobile community empowering creatives to make beautiful images, today announced that it has partnered with Sequoia and raised $10 million in funding. The new investment marks the</md.text.preview></news.metadata.block><newsplus.recommendable>1</newsplus.recommendable><n-view>CNGE</n-view><n-view>RGEurope</n-view><n-view>PTNewswires</n-view><n-view>ARKANEWS0063786</n-view><n-view>INALLNEWS_ACTEST</n-view><n-view>INFARNEWS_AC</n-view><n-view>MARKETSEIKON_CN</n-view><n-view>MARKETSEIKON</n-view><n-view>CB_ASIAWIRES</n-view><n-view>INWIRES_AC</n-view><n-view>GULF_INTL</n-view><n-view>ININTNEWS_AC</n-view><n-view>ANZ_INTLOS</n-view><n-view>CLEAR_RF</n-view><n-view>INALLNEWS_AC</n-view><n-view>INNEWSINT_PRO</n-view><n-view>INBUSNEWS</n-view><n-view>INNEWSWORLD_PRO</n-view><n-view>INBUSNEWS_AC</n-view><prism-stylesheet guid="Ia3024d301b6a11d89fc5f34981d3242f"/><prism-clipdate>20150206073608</prism-clipdate></n-metadata>
<n-docbody><document version="1" collection="D-ARKANEWS-T001" first-load-date="20150206073608" ip-product="ARKANEWS" royalty-id="84104" data-model="text" dtd-version="5.2.29" content-type="news" load-language="en"><supplier-info><supplier-num nitf="doc-id" nitf-regsrc="ARKA News Agency" type="accession">b9f90008253ecb2a</supplier-num><internal-acc-num db-id="NEPRARKA" type="newz">20150206170.1_Vb9f90008253ecb2a</internal-acc-num><rec-status><last-load-date>20150206073608</last-load-date><nitf-date ne="datereceived">20150206T13:30:32Z</nitf-date><nitf-date nitf="date-issue">20150206T00:00:00Z</nitf-date><last-provider-update>20150206133032</last-provider-update></rec-status><supplier-copyright>Copyright Â© 2015 ARKA<copyright-year/><copyright-holder>ARKA</copyright-holder></supplier-copyright><supplier-note nitf="urgency" nitf-ed-urg="4"/><supplier-dtds><dtd dtd-version="working" dtd-date="20150120T00:00:00Z">Canonical Taxonomy</dtd><dtd dtd-version="20150114" dtd-date="20150120T00:00:00Z">Mapping File</dtd></supplier-dtds><copyright-block type="dialog"><service-copyright n-include_guid="Ice671660f30811d88920000083149a14" n-include_collection="D-DIALOGCOPYRIGHTS-T001"/></copyright-block><copyright-block type="west"><service-copyright n-include_guid="I1DA35ED81DD211B281BAD200220BDFCA" n-include_collection="w_wlnv_msg"/></copyright-block><west-citation-block><bop/><first-line-cite><bos/>2/6/15 NEWS 00:00:00<eos/></first-line-cite><second-line-cite><bos/>2/6/15 ARKA News Agency 00:00:00<eos/></second-line-cite><eop/></west-citation-block></supplier-info><title-info iso-language="en"><bop/><title type="headline" nitf-hedline="hl1" key="key-title"><bos/><sort-title>ARMENIAN START-UP RAISES $10 MILLION IN FUNDING</sort-title><eos/></title><eop/></title-info><pub-info><journal key="key-journal"><bop/><bos/><sort-journal>ARKA News Agency</sort-journal><eos/><eop/></journal><pub-date key="key-date" iso-time="T00:00:00Z" type="date.publication"><full-pub-date>February 6, 2015</full-pub-date><sort-pub-date>20150206</sort-pub-date><sort-pub-timestamp>20150206000000</sort-pub-timestamp><rank-date>20150206</rank-date><currency-timestamp>20150206000000</currency-timestamp></pub-date><original-pub><language iso-language="en">English</language></original-pub><src-data><src-journal-code>ANPV</src-journal-code><src-pub-code>0063786</src-pub-code><src-pub-type>Newswire</src-pub-type><src-pub-country-wrap><src-pub-country-code>GE</src-pub-country-code><src-pub-country>Georgia CIS</src-pub-country></src-pub-country-wrap><src-pub-region>Europe</src-pub-region></src-data></pub-info><content iso-language="en"><total-char-count>2735</total-char-count><derived-word-count><bop/><bos/>Word Count: 424<eos/><eop/></derived-word-count><text type="lead-para"><p nitf="lede"><bop/>COMPANIES<eop/></p><p nitf="lede"><bop/><bos/>YEREVAN, February 6. / ARKA /. PicsArt, the largest mobile community empowering creatives to make beautiful images, today announced that it has partnered with <cite.query w-seq-number="00001" w-ref-type="WC" w-normalized-cite="I70B19930571211E089AC8CE04EA54993" ID="I262adbd0ae0511e49332c038fdf78099">Sequoia</cite.query> and raised $10 million in funding. <eos/><bos/>The new investment marks the first-ever institutional round of funding for the previously bootstrapped and profitable mobile community.<eos/><eop/></p></text><text type="body"><p><bop/><bos/>Unlike other applications that are focused on capturing and sharing images, PicsArt has cultivated a massive following of consumers interested in creating and collaborating. <eos/><bos/>They use the app&apos;s powerful editing tools to remix each other&apos;s photos, images and drawings. <eos/><bos/>The startup has driven more than 200 million organic app downloads and has nearly 60 million monthly active users, ranking toward the top of global charts on <cite.query w-seq-number="00002" w-ref-type="MM" w-normalized-cite="canonical_name::APPLE" ID="I2641e640ae0511e49332c038fdf78099">Apple</cite.query>&apos;s App Store and <cite.query w-seq-number="00003" w-ref-type="MM" w-normalized-cite="canonical_name::GOOGLE" ID="I2641e641ae0511e49332c038fdf78099">Google</cite.query> Play.<eos/><eop/></p><p><bop/><bos/>The partnership with the Sequoia team that has backed the founders of celebrated apps like Instagram and WhatsApp was led by <cite.query w-seq-number="00004" w-ref-type="WC" w-normalized-cite="I70B19930571211E089AC8CE04EA54993" ID="I26519db0ae0511e49332c038fdf78099">Sequoia</cite.query> partner and <cite.query w-seq-number="00005" w-ref-type="NM" w-normalized-cite="canonical_name::ADMOB" ID="I26519db1ae0511e49332c038fdf78099">AdMob</cite.query> founder Omar Hamoui. <eos/><bos/>He will also join PicsArt &apos;s Board of Directors.<eos/><eop/></p><p><bop/><bos/>&quot;The first generation of photo apps were based primarily on sharing,&quot; said Omar Hamoui, partner at <cite.query w-seq-number="00006" w-ref-type="WC" w-normalized-cite="I70B19930571211E089AC8CE04EA54993" ID="I26580650ae0511e49332c038fdf78099">Sequoia</cite.query>. &quot;<eos/><bos/>PicsArt is leading a significant evolution in the category: now the co-creation and editing of one another&apos;s photos is driving viral adoption. <eos/><bos/>PicsArt&apos;s rapid, organic growth makes the case that the next era of expression will be based not only on sharing, but creativity and collaboration as well.&quot;<eos/><eop/></p><p><bop/><bos/>PicsArt also recently debuted a major update that makes it easier than ever to discover and collaborate on mobile art. Together, these announcements cement PicsArt&apos;s place as one of the world&apos;s best and largest mobile community of creative collaborators.<eos/><eop/></p><p><bop/><bos/>&quot;The creativity and collaborative spirit of our users sets PicsArt apart. <eos/><bos/>People connect and build friendships around style, hobbies, and images,&quot; said Hovhannes Avoyan, founder and CEO of PicsArt . &quot;<eos/><bos/>Thanks to this partnership with one of the world&apos;s most successful investors, we can accelerate our mission to beautify the world through images .&quot;<eos/><eop/></p><p><bop/><bos/>Anyone with a smartphone can download the PicsArt app from the App Store , <cite.query w-seq-number="00007" w-ref-type="MM" w-normalized-cite="canonical_name::GOOGLE" ID="I2663ed30ae0511e49332c038fdf78099">Google</cite.query> Play , Amazon or Windows .<eos/><eop/></p><p><bop/><bos/>PicsArt, founded in Armenia, is the largest mobile community of creatives and creative images. <eos/><bos/>The company&apos;s U.S. office is based in San Francisco, California with a focus on enabling anyone to be creative, share, socialize, discover, learn and be inspired. <eos/><bos/>The app has been installed over 200 million times and continues to expand and improve, so anyone can unleash their creativity and discover their inner artist.<eos/><eop/></p><p><bop/><bos/>The Sequoia team helps a small number of daring founders build legendary companies. <eos/><bos/>In aggregate, Sequoia-backed companies account for more than 20% of <cite.query w-seq-number="00008" w-ref-type="CO" w-normalized-cite="IB3F93E8029C011DF9BD7C7F341E042AB" ID="I266f37d0ae0511e49332c038fdf78099">NASDAQ</cite.query>&apos;s total value. -0-<eos/><eop/></p></text></content><indexing iso-language="en" value-add="machine-generated"><classification-terms><pres-location-block><bop/><bos/><pres-location-wrap><pres-location>Armenia</pres-location><pres-location-code>ISOAM</pres-location-code><alt1-location-code>1AR09</alt1-location-code></pres-location-wrap><pres-location-wrap><pres-location>CIS Countries</pres-location><pres-location-code>CISSTAT</pres-location-code><alt1-location-code>1CI64</alt1-location-code></pres-location-wrap><pres-location-wrap><pres-location>Eastern Europe</pres-location><pres-location-code>GEOEEUR</pres-location-code><alt1-location-code>1EA48</alt1-location-code></pres-location-wrap><pres-location-wrap><pres-location>Europe</pres-location><pres-location-code>GEOEUR</pres-location-code><alt1-location-code>1EU83</alt1-location-code></pres-location-wrap><eos/><eop/></pres-location-block></classification-terms><classification-terms><pres-industry-block><bop/><bos/><pres-industry-wrap><pres-industry>Application Software</pres-industry><pres-industry-code>SOFAPS1</pres-industry-code><alt1-industry-code>1AP32</alt1-industry-code></pres-industry-wrap><pres-industry-wrap><pres-industry>Consumer Electronics</pres-industry><pres-industry-code>CEOVR</pres-industry-code><alt1-industry-code>1CO61</alt1-industry-code></pres-industry-wrap><pres-industry-wrap><pres-industry>Consumer Products &amp; Services</pres-industry><pres-industry-code>BUYBUY</pres-industry-code><alt1-industry-code>1CO62</alt1-industry-code></pres-industry-wrap><pres-industry-wrap><pres-industry>Electronics</pres-industry><pres-industry-code>ETRONICS</pres-industry-code><alt1-industry-code>1EL16</alt1-industry-code></pres-industry-wrap><pres-industry-wrap><pres-industry>Home, Personal &amp; Consumer Software</pres-industry><pres-industry-code>SOFONE</pres-industry-code><alt1-industry-code>1HO01</alt1-industry-code></pres-industry-wrap><pres-industry-wrap><pres-industry>I.T.</pres-industry><pres-industry-code>ITOVER</pres-industry-code><alt1-industry-code>1IT96</alt1-industry-code></pres-industry-wrap><pres-industry-wrap><pres-industry>Mobile Application Development</pres-industry><pres-industry-code>SOFCAS</pres-industry-code><alt1-industry-code>1MO52</alt1-industry-code></pres-industry-wrap><pres-industry-wrap><pres-industry>Mobile Application Software</pres-industry><pres-industry-code>MOBILEAP</pres-industry-code><alt1-industry-code>1MO12</alt1-industry-code></pres-industry-wrap><pres-industry-wrap><pres-industry>Mobile Phones &amp; Pagers</pres-industry><pres-industry-code>TWPHONE</pres-industry-code><alt1-industry-code>1WI07</alt1-industry-code></pres-industry-wrap><pres-industry-wrap><pres-industry>Software</pres-industry><pres-industry-code>SOFOVER1</pres-industry-code><alt1-industry-code>1SO30</alt1-industry-code></pres-industry-wrap><pres-industry-wrap><pres-industry>Software Development</pres-industry><pres-industry-code>SOFDEVEL</pres-industry-code><alt1-industry-code>1SO24</alt1-industry-code></pres-industry-wrap><pres-industry-wrap><pres-industry>Software Products</pres-industry><pres-industry-code>SOFTPROD</pres-industry-code><alt1-industry-code>1SO56</alt1-industry-code></pres-industry-wrap><pres-industry-wrap><pres-industry>Software Technology</pres-industry><pres-industry-code>SOFTECH</pres-industry-code><alt1-industry-code>1SO75</alt1-industry-code></pres-industry-wrap><pres-industry-wrap><pres-industry>Telecom Consumer Equipment</pres-industry><pres-industry-code>TCCONEQ</pres-industry-code><alt1-industry-code>1TE03</alt1-industry-code></pres-industry-wrap><eos/><eop/></pres-industry-block></classification-terms><classification-terms><rcs-block><rcs>G:B</rcs><rcs>G:A</rcs><rcs>G:B2</rcs><rcs>B:161</rcs><rcs>B:69</rcs><rcs>B:75</rcs><rcs>B:174</rcs><rcs>M:NL</rcs><rcs>B:78</rcs><rcs>G:AJ</rcs><rcs>B:172</rcs><rcs>G:Y</rcs><rcs>G:7I</rcs></rcs-block></classification-terms><extraction-terms><extr-company-block><bop/><bos/><extr-company>PicsArt</extr-company><extr-company-wrap><extr-company-name>PicsArt</extr-company-name><relevancy engine="1C">0.5</relevancy><confidence engine="1C">0.99</confidence></extr-company-wrap><norm-company oa-id="4297759617">ADMOB GOOGLE INC</norm-company><norm-company-wrap><norm-company-name>ADMOB GOOGLE INC</norm-company-name><company-ids><oa-id>4297759617</oa-id></company-ids><relevancy engine="1C">0.2</relevancy><confidence engine="1C">0.7</confidence></norm-company-wrap><norm-company oa-id="4295905494">AMAZON COM INC</norm-company><norm-company-wrap><norm-company-name>AMAZON COM INC</norm-company-name><company-ids><oa-id>4295905494</oa-id><ric norm="AMZN.OQ">AMZN.OQ</ric></company-ids><company-classification><trbc-wrap><trbc type="RCS">B:1464</trbc><trbc type="2012">5340201010</trbc><trbc type="perm-id">4294951537</trbc></trbc-wrap></company-classification><relevancy engine="1C">0.2</relevancy><confidence engine="1C">0.87</confidence></norm-company-wrap><norm-company oa-id="5037430461">INSTAGRAM INC</norm-company><norm-company-wrap><norm-company-name>INSTAGRAM INC</norm-company-name><company-ids><oa-id>5037430461</oa-id></company-ids><relevancy engine="1C">0.2</relevancy><confidence engine="1C">0.72</confidence></norm-company-wrap><norm-company oa-id="5000694571">SEQUOIA</norm-company><norm-company-wrap><norm-company-name>SEQUOIA</norm-company-name><company-ids><oa-id>5000694571</oa-id></company-ids><relevancy engine="1C">0.2</relevancy><confidence engine="1C">0.64</confidence></norm-company-wrap><norm-company oa-id="5044014522">WHATSAPP INC</norm-company><norm-company-wrap><norm-company-name>WHATSAPP INC</norm-company-name><company-ids><oa-id>5044014522</oa-id></company-ids><relevancy engine="1C">0.2</relevancy><confidence engine="1C">0.8</confidence></norm-company-wrap><eos/><eop/></extr-company-block></extraction-terms><extraction-terms><extr-person-block><bop/><bos/><extr-person>Omar Hamoui</extr-person><extr-person-wrap><extr-person-name>Omar Hamoui</extr-person-name><relevancy engine="1C">0.2</relevancy></extr-person-wrap><extr-person>Hovhannes Avoyan</extr-person><extr-person-wrap><extr-person-name>Hovhannes Avoyan</extr-person-name><relevancy engine="1C">0.2</relevancy></extr-person-wrap><eos/><eop/></extr-person-block></extraction-terms></indexing></document></n-docbody>
</n-document>
<n-document guid="I70d9d860ad3e11e4938b9da1455e7e3f"><n-metadata><metadata.block><md.identifiers><md.cites><md.first.line.cite>2/5/15 NEWS 00:00:00</md.first.line.cite><md.second.line.cite>2/5/15 ARKA News Agency 00:00:00</md.second.line.cite></md.cites><md.uuid>I70d9d860ad3e11e4938b9da1455e7e3f</md.uuid></md.identifiers><md.infotype>news</md.infotype><md.sortkeys><md.ordersequence>f47363bec</md.ordersequence></md.sortkeys><md.descriptions><md.title>GOOGLE&apos;S WEBSITE REVEALS THE EXISTENCE OF ANDROID 5.1</md.title><md.westlawdescrip><md.readlist>READLIST</md.readlist></md.westlawdescrip></md.descriptions><md.dates><md.publisheddatetime>20150205101221</md.publisheddatetime><md.loaddate>20150205</md.loaddate><md.createddatetime>20150205101221</md.createddatetime></md.dates><md.subjects><md.subject><md.pubtype.name/><md.doctype.name>DNR</md.doctype.name><md.doctype.rank/><md.view>CNGE</md.view><md.view>RGEurope</md.view><md.view>PTNewswires</md.view><md.view>ARKANEWS0063786</md.view><md.view>INALLNEWS_ACTEST</md.view><md.view>INFARNEWS_AC</md.view><md.view>MARKETSEIKON_CN</md.view><md.view>MARKETSEIKON</md.view><md.view>CB_ASIAWIRES</md.view><md.view>INWIRES_AC</md.view><md.view>GULF_INTL</md.view><md.view>ININTNEWS_AC</md.view><md.view>ANZ_INTLOS</md.view><md.view>CLEAR_RF</md.view><md.view>INALLNEWS_AC</md.view><md.view>INNEWSINT_PRO</md.view><md.view>INBUSNEWS</md.view><md.view>INNEWSWORLD_PRO</md.view><md.view>INBUSNEWS_AC</md.view></md.subject></md.subjects><md.jurisdictions><md.jurisdiction><md.jurisstate>FE</md.jurisstate></md.jurisdiction></md.jurisdictions><md.publications><md.publication/><md.sourcepubid>ARKANEWS</md.sourcepubid></md.publications><md.royalty><md.royalty.code>84104</md.royalty.code></md.royalty></metadata.block><news.metadata.block><md.text.preview>INFORMATION TECHNOLOGIESYEREVAN, February 5. / ARKA /. Google&apos;s website for Android One, the low-budget pure-Google smartphones by the company, has revealed the existence of Android 5.1, which will be an update on the latest 5.0.2 version Lollipop,</md.text.preview></news.metadata.block><n-view>CNGE</n-view><n-view>RGEurope</n-view><n-view>PTNewswires</n-view><n-view>ARKANEWS0063786</n-view><n-view>INALLNEWS_ACTEST</n-view><n-view>INFARNEWS_AC</n-view><n-view>MARKETSEIKON_CN</n-view><n-view>MARKETSEIKON</n-view><n-view>CB_ASIAWIRES</n-view><n-view>INWIRES_AC</n-view><n-view>GULF_INTL</n-view><n-view>ININTNEWS_AC</n-view><n-view>ANZ_INTLOS</n-view><n-view>CLEAR_RF</n-view><n-view>INALLNEWS_AC</n-view><n-view>INNEWSINT_PRO</n-view><n-view>INBUSNEWS</n-view><n-view>INNEWSWORLD_PRO</n-view><n-view>INBUSNEWS_AC</n-view><prism-stylesheet guid="Ia3024d301b6a11d89fc5f34981d3242f"/><prism-clipdate>20150205101221</prism-clipdate></n-metadata>
<n-docbody><document version="1" collection="D-ARKANEWS-T001" first-load-date="20150205101221" ip-product="ARKANEWS" royalty-id="84104" data-model="text" dtd-version="5.2.29" content-type="news" load-language="en"><supplier-info><supplier-num nitf="doc-id" nitf-regsrc="ARKA News Agency" type="accession">a6ac0001363d6261</supplier-num><internal-acc-num db-id="NEPRARKA" type="newz">20150205170.1_Va6ac0001363d6261</internal-acc-num><rec-status><last-load-date>20150205101221</last-load-date><nitf-date ne="datereceived">20150205T13:54:02Z</nitf-date><nitf-date nitf="date-issue">20150205T00:00:00Z</nitf-date><last-provider-update>20150205135402</last-provider-update></rec-status><supplier-copyright>Copyright Â© 2015 ARKA<copyright-year/><copyright-holder>ARKA</copyright-holder></supplier-copyright><supplier-note nitf="urgency" nitf-ed-urg="4"/><supplier-dtds><dtd dtd-version="working" dtd-date="20150120T00:00:00Z">Canonical Taxonomy</dtd><dtd dtd-version="20150114" dtd-date="20150120T00:00:00Z">Mapping File</dtd></supplier-dtds><copyright-block type="dialog"><service-copyright n-include_guid="Ice671660f30811d88920000083149a14" n-include_collection="D-DIALOGCOPYRIGHTS-T001"/></copyright-block><copyright-block type="west"><service-copyright n-include_guid="I1DA35ED81DD211B281BAD200220BDFCA" n-include_collection="w_wlnv_msg"/></copyright-block><west-citation-block><bop/><first-line-cite><bos/>2/5/15 NEWS 00:00:00<eos/></first-line-cite><second-line-cite><bos/>2/5/15 ARKA News Agency 00:00:00<eos/></second-line-cite><eop/></west-citation-block></supplier-info><title-info iso-language="en"><bop/><title type="headline" nitf-hedline="hl1" key="key-title"><bos/><sort-title>GOOGLE&apos;S WEBSITE REVEALS THE EXISTENCE OF ANDROID 5.1</sort-title><eos/></title><eop/></title-info><pub-info><journal key="key-journal"><bop/><bos/><sort-journal>ARKA News Agency</sort-journal><eos/><eop/></journal><pub-date key="key-date" iso-time="T00:00:00Z" type="date.publication"><full-pub-date>February 5, 2015</full-pub-date><sort-pub-date>20150205</sort-pub-date><sort-pub-timestamp>20150205000000</sort-pub-timestamp><rank-date>20150205</rank-date><currency-timestamp>20150205000000</currency-timestamp></pub-date><original-pub><language iso-language="en">English</language></original-pub><src-data><src-journal-code>ANPV</src-journal-code><src-pub-code>0063786</src-pub-code><src-pub-type>Newswire</src-pub-type><src-pub-country-wrap><src-pub-country-code>GE</src-pub-country-code><src-pub-country>Georgia CIS</src-pub-country></src-pub-country-wrap><src-pub-region>Europe</src-pub-region></src-data></pub-info><content iso-language="en"><total-char-count>1011</total-char-count><derived-word-count><bop/><bos/>Word Count: 157<eos/><eop/></derived-word-count><text type="lead-para"><p nitf="lede"><bop/><bos/><cite.query w-seq-number="00001" w-ref-type="WC" w-normalized-cite="I76DF065242BE11DDA1BC0014224D2780" ID="I30edc590ad5211e4a9bcc0892e327dae">INFORMATION TECHNOLOGIES</cite.query><eos/><eop/></p><p nitf="lede"><bop/><bos/>YEREVAN, February 5. / ARKA /. <cite.query w-seq-number="00002" w-ref-type="MM" w-normalized-cite="canonical_name::GOOGLE" ID="I30ff2ab0ad5211e4a9bcc0892e327dae">Google</cite.query>&apos;s website for Android One, the low-budget pure-<cite.query w-seq-number="00003" w-ref-type="MM" w-normalized-cite="canonical_name::GOOGLE" ID="I30ff2ab1ad5211e4a9bcc0892e327dae">Google</cite.query> smartphones by the company, has revealed the existence of Android 5.1, which will be an update on the latest 5.0.2 version Lollipop, says a report on The Verge.<eos/><eop/></p></text><text type="body"><p><bop/><bos/>Currently it is the Android One page for Indonesia which is showing the Android 5.1 Lollipop update for these smartphones.<eos/><eop/></p><p><bop/><bos/>According to Android Pit, new devices which are being shipped in Indonesia are pre-loaded with Android 5.1. <eos/><bos/>The site says that some of the new features for Android 5.1 are: new silent mode, which was missing in Android 5.0, general improvements in system stability, Improved RAM and battery management. <eos/><bos/>It also solves issues with <cite.query w-seq-number="00004" w-ref-type="NM" w-normalized-cite="canonical_name::WIFI" ID="I311041b0ad5211e4a9bcc0892e327dae">WIFI</cite.query>, Okay <cite.query w-seq-number="00005" w-ref-type="MM" w-normalized-cite="canonical_name::GOOGLE" ID="I311041b1ad5211e4a9bcc0892e327dae">Google</cite.query> as well as notification issues. <eos/><bos/>There are also &quot;changes in the Material Design color palette,&quot; says the report.<eos/><eop/></p><p><bop/><bos/>According to AndroidPolice, Nexus devices are also likely to get the update soon and that <cite.query w-seq-number="00006" w-ref-type="MM" w-normalized-cite="canonical_name::GOOGLE" ID="I3118cd30ad5211e4a9bcc0892e327dae">Google</cite.query> has been testing Android 5.1 on Nexus 5, Nexus 6, etc.-0-<eos/><eop/></p></text></content><indexing iso-language="en" value-add="machine-generated"><classification-terms><pres-location-block><bop/><bos/><pres-location-wrap><pres-location>Asia</pres-location><pres-location-code>GEOASIA</pres-location-code><alt1-location-code>1AS61</alt1-location-code></pres-location-wrap><pres-location-wrap><pres-location>Eastern Asia</pres-location><pres-location-code>GEOEASIA</pres-location-code><alt1-location-code>1EA61</alt1-location-code></pres-location-wrap><pres-location-wrap><pres-location>Far East</pres-location><pres-location-code>GEOFREST</pres-location-code><alt1-location-code>1FA27</alt1-location-code></pres-location-wrap><pres-location-wrap><pres-location>Indonesia</pres-location><pres-location-code>ISOID</pres-location-code><alt1-location-code>1IN16</alt1-location-code></pres-location-wrap><pres-location-wrap><pres-location>Southeast Asia</pres-location><pres-location-code>GEOSEASI</pres-location-code><alt1-location-code>1SO64</alt1-location-code></pres-location-wrap><eos/><eop/></pres-location-block></classification-terms><classification-terms><pres-subject-block><bop/><bos/><pres-subject-wrap><pres-subject>Emerging Market Countries</pres-subject><pres-subject-code>EMERGING</pres-subject-code><alt1-subject-code>1EM65</alt1-subject-code></pres-subject-wrap><eos/><eop/></pres-subject-block><pres-industry-block><bop/><bos/><pres-industry-wrap><pres-industry>I.T.</pres-industry><pres-industry-code>ITOVER</pres-industry-code><alt1-industry-code>1IT96</alt1-industry-code></pres-industry-wrap><pres-industry-wrap><pres-industry>Internet</pres-industry><pres-industry-code>INTERNET</pres-industry-code><alt1-industry-code>1IN27</alt1-industry-code></pres-industry-wrap><pres-industry-wrap><pres-industry>Internet Technology</pres-industry><pres-industry-code>INFOHWY</pres-industry-code><alt1-industry-code>1IN39</alt1-industry-code></pres-industry-wrap><pres-industry-wrap><pres-industry>Palmtop Computing</pres-industry><pres-industry-code>PCHAND</pres-industry-code><alt1-industry-code>1PA77</alt1-industry-code></pres-industry-wrap><pres-industry-wrap><pres-industry>Search Engines</pres-industry><pres-industry-code>WEBSRCH</pres-industry-code><alt1-industry-code>1SE87</alt1-industry-code></pres-industry-wrap><eos/><eop/></pres-industry-block></classification-terms><classification-terms><rcs-block><rcs>M:S</rcs><rcs>B:161</rcs><rcs>G:1</rcs><rcs>G:K</rcs><rcs>M:NL</rcs><rcs>G:25</rcs></rcs-block></classification-terms><extraction-terms><extr-company-block><bop/><bos/><norm-company oa-id="4295899948">GOOGLE INC</norm-company><norm-company-wrap><norm-company-name>GOOGLE INC</norm-company-name><company-ids><oa-id>4295899948</oa-id><ric norm="GOOGL.OQ">GOOGL.OQ</ric></company-ids><company-classification><trbc-wrap><trbc type="RCS">B:1805</trbc><trbc type="2012">5720103011</trbc><trbc type="perm-id">4294951196</trbc></trbc-wrap></company-classification><relevancy engine="1C">0.8</relevancy><confidence engine="1C">0.96</confidence></norm-company-wrap><norm-company oa-id="5038048138">LOLLIPOP CORP</norm-company><norm-company-wrap><norm-company-name>LOLLIPOP CORP</norm-company-name><company-ids><oa-id>5038048138</oa-id><ric norm="LOLI.OB">LOLI.OB</ric></company-ids><company-classification><trbc-wrap><trbc type="RCS">B:1571</trbc><trbc type="2012">5410202025</trbc><trbc type="perm-id">4294951430</trbc></trbc-wrap></company-classification><relevancy engine="1C">0.2</relevancy><confidence engine="1C">0.79</confidence></norm-company-wrap><eos/><eop/></extr-company-block></extraction-terms></indexing></document></n-docbody>
</n-document>
<n-document guid="I5e30fb90ac7f11e4954a948ac131ee4a"><n-metadata><metadata.block><md.identifiers><md.cites><md.first.line.cite>2/4/15 NEWS 00:00:00</md.first.line.cite><md.second.line.cite>2/4/15 ARKA News Agency 00:00:00</md.second.line.cite></md.cites><md.uuid>I5e30fb90ac7f11e4954a948ac131ee4a</md.uuid></md.identifiers><md.infotype>news</md.infotype><md.sortkeys><md.ordersequence>f47363bec</md.ordersequence></md.sortkeys><md.descriptions><md.title>FIRST CARREFOUR TO OPEN IN YEREVAN, MOST PROBABLY, IN EARLY MARCH - AMBASSADOR</md.title><md.westlawdescrip><md.readlist>READLIST</md.readlist></md.westlawdescrip></md.descriptions><md.dates><md.publisheddatetime>20150204091019</md.publisheddatetime><md.loaddate>20150204</md.loaddate><md.createddatetime>20150204091019</md.createddatetime></md.dates><md.subjects><md.subject><md.pubtype.name/><md.doctype.name>DNR</md.doctype.name><md.doctype.rank/><md.view>CNGE</md.view><md.view>RGEurope</md.view><md.view>PTNewswires</md.view><md.view>ARKANEWS0063786</md.view><md.view>INALLNEWS_ACTEST</md.view><md.view>INFARNEWS_AC</md.view><md.view>MARKETSEIKON_CN</md.view><md.view>MARKETSEIKON</md.view><md.view>CB_ASIAWIRES</md.view><md.view>INWIRES_AC</md.view><md.view>GULF_INTL</md.view><md.view>ININTNEWS_AC</md.view><md.view>ANZ_INTLOS</md.view><md.view>CLEAR_RF</md.view><md.view>INALLNEWS_AC</md.view><md.view>INNEWSINT_PRO</md.view><md.view>INBUSNEWS</md.view><md.view>INNEWSWORLD_PRO</md.view><md.view>INBUSNEWS_AC</md.view></md.subject></md.subjects><md.jurisdictions><md.jurisdiction><md.jurisstate>FE</md.jurisstate></md.jurisdiction></md.jurisdictions><md.publications><md.publication/><md.sourcepubid>ARKANEWS</md.sourcepubid></md.publications><md.royalty><md.royalty.code>84104</md.royalty.code></md.royalty></metadata.block><news.metadata.block><md.text.preview>COMPANIESYEREVAN, February 4. /ARKA/. The first Carrefour hypermarket in Armenia will open in Yerevan, most probably, in the beginning of March, French ambassador to Armenia jean-Francois Charpentier told a press conference on Wednesday.</md.text.preview></news.metadata.block><n-view>CNGE</n-view><n-view>RGEurope</n-view><n-view>PTNewswires</n-view><n-view>ARKANEWS0063786</n-view><n-view>INALLNEWS_ACTEST</n-view><n-view>INFARNEWS_AC</n-view><n-view>MARKETSEIKON_CN</n-view><n-view>MARKETSEIKON</n-view><n-view>CB_ASIAWIRES</n-view><n-view>INWIRES_AC</n-view><n-view>GULF_INTL</n-view><n-view>ININTNEWS_AC</n-view><n-view>ANZ_INTLOS</n-view><n-view>CLEAR_RF</n-view><n-view>INALLNEWS_AC</n-view><n-view>INNEWSINT_PRO</n-view><n-view>INBUSNEWS</n-view><n-view>INNEWSWORLD_PRO</n-view><n-view>INBUSNEWS_AC</n-view><prism-stylesheet guid="Ia3024d301b6a11d89fc5f34981d3242f"/><prism-clipdate>20150204091019</prism-clipdate></n-metadata>
<n-docbody><document version="1" collection="D-ARKANEWS-T001" first-load-date="20150204091019" ip-product="ARKANEWS" royalty-id="84104" data-model="text" dtd-version="5.2.29" content-type="news" load-language="en"><supplier-info><supplier-num nitf="doc-id" nitf-regsrc="ARKA News Agency" type="accession">3f1900015f501f47</supplier-num><internal-acc-num db-id="NEPRARKA" type="newz">20150204170.1_V3f1900015f501f47</internal-acc-num><rec-status><last-load-date>20150204091019</last-load-date><nitf-date ne="datereceived">20150204T15:06:16Z</nitf-date><nitf-date nitf="date-issue">20150204T00:00:00Z</nitf-date><last-provider-update>20150204150616</last-provider-update></rec-status><supplier-copyright>Copyright Â© 2015 ARKA<copyright-year/><copyright-holder>ARKA</copyright-holder></supplier-copyright><supplier-note nitf="urgency" nitf-ed-urg="4"/><supplier-dtds><dtd dtd-version="working" dtd-date="20150120T00:00:00Z">Canonical Taxonomy</dtd><dtd dtd-version="20150114" dtd-date="20150120T00:00:00Z">Mapping File</dtd></supplier-dtds><copyright-block type="dialog"><service-copyright n-include_guid="Ice671660f30811d88920000083149a14" n-include_collection="D-DIALOGCOPYRIGHTS-T001"/></copyright-block><copyright-block type="west"><service-copyright n-include_guid="I1DA35ED81DD211B281BAD200220BDFCA" n-include_collection="w_wlnv_msg"/></copyright-block><west-citation-block><bop/><first-line-cite><bos/>2/4/15 NEWS 00:00:00<eos/></first-line-cite><second-line-cite><bos/>2/4/15 ARKA News Agency 00:00:00<eos/></second-line-cite><eop/></west-citation-block></supplier-info><title-info iso-language="en"><bop/><title type="headline" nitf-hedline="hl1" key="key-title"><bos/><sort-title>FIRST <cite.query w-seq-number="00001" w-ref-type="WC" w-normalized-cite="I92881174453F11DD8CB60014224D2780" ID="I12585e10ac8011e4bcf2d471bc396619">CARREFOUR</cite.query> TO OPEN IN YEREVAN, MOST PROBABLY, IN EARLY MARCH - AMBASSADOR</sort-title><eos/></title><eop/></title-info><pub-info><journal key="key-journal"><bop/><bos/><sort-journal>ARKA News Agency</sort-journal><eos/><eop/></journal><pub-date key="key-date" iso-time="T00:00:00Z" type="date.publication"><full-pub-date>February 4, 2015</full-pub-date><sort-pub-date>20150204</sort-pub-date><sort-pub-timestamp>20150204000000</sort-pub-timestamp><rank-date>20150204</rank-date><currency-timestamp>20150204000000</currency-timestamp></pub-date><original-pub><language iso-language="en">English</language></original-pub><src-data><src-journal-code>ANPV</src-journal-code><src-pub-code>0063786</src-pub-code><src-pub-type>Newswire</src-pub-type><src-pub-country-wrap><src-pub-country-code>GE</src-pub-country-code><src-pub-country>Georgia CIS</src-pub-country></src-pub-country-wrap><src-pub-region>Europe</src-pub-region></src-data></pub-info><content iso-language="en"><total-char-count>1034</total-char-count><derived-word-count><bop/><bos/>Word Count: 158<eos/><eop/></derived-word-count><text type="lead-para"><p nitf="lede"><bop/>COMPANIES<eop/></p><p nitf="lede"><bop/><bos/>YEREVAN, February 4. /ARKA/. <eos/><bos/>The first <cite.query w-seq-number="00002" w-ref-type="WC" w-normalized-cite="I92881174453F11DD8CB60014224D2780" ID="I125d6720ac8011e4bcf2d471bc396619">Carrefour</cite.query> hypermarket in Armenia will open in Yerevan, most probably, in the beginning of March, French ambassador to Armenia jean-Francois Charpentier told a press conference on Wednesday.<eos/><eop/></p></text><text type="body"><p><bop/><bos/>Preparations for the opening will be completed soon, he said.<eos/><eop/></p><p><bop/><bos/>Charpentier also said the management of the hypermarket will rather prefer working with local producers. <eos/><bos/>Specific products, certain brands of wines and cheese in particular, will be also available in the shop, he said.<eos/><eop/></p><p><bop/><bos/>The preliminary agreement between Yerevan Mall trade center and <cite.query w-seq-number="00003" w-ref-type="WC" w-normalized-cite="I92881174453F11DD8CB60014224D2780" ID="I12633380ac8011e4bcf2d471bc396619">Carrefour</cite.query> was signed in Yerevan on May 13, in the presence of the presidents Serzh Sargsyan and Francois Hollande.<eos/><eop/></p><p><bop/><bos/><cite.query w-seq-number="00004" w-ref-type="MM" w-normalized-cite="canonical_name::CARREFOUR SA" ID="I1274e6c0ac8011e4bcf2d471bc396619">Carrefour SA</cite.query> is a French retail trade company and operator of <cite.query w-seq-number="00005" w-ref-type="WC" w-normalized-cite="I92881174453F11DD8CB60014224D2780" ID="I1274e6c1ac8011e4bcf2d471bc396619">Carrefour</cite.query>, the world&apos;s second biggest chain of hypermarket after <cite.query w-seq-number="00006" w-ref-type="CO" w-normalized-cite="ID586F64060D411E089AC8CE04EA54993" ID="I1274e6c2ac8011e4bcf2d471bc396619">Wal-Mart</cite.query>.<eos/><eop/></p><p><bop/><bos/>The hypermarket will be opened in the territory of Yerevan Mall that occupies premises of 66,000 square meters, of which 10,000 square meters are built up in accordance with <cite.query w-seq-number="00007" w-ref-type="WC" w-normalized-cite="I92881174453F11DD8CB60014224D2780" ID="I127ab320ac8011e4bcf2d471bc396619">Carrefour</cite.query> standards. <eos/><bos/>N.V. -0--<eos/><eop/></p></text></content><indexing iso-language="en" value-add="machine-generated"><classification-terms><pres-location-block><bop/><bos/><pres-location-wrap><pres-location>Armenia</pres-location><pres-location-code>ISOAM</pres-location-code><alt1-location-code>1AR09</alt1-location-code></pres-location-wrap><pres-location-wrap><pres-location>CIS Countries</pres-location><pres-location-code>CISSTAT</pres-location-code><alt1-location-code>1CI64</alt1-location-code></pres-location-wrap><pres-location-wrap><pres-location>Eastern Europe</pres-location><pres-location-code>GEOEEUR</pres-location-code><alt1-location-code>1EA48</alt1-location-code></pres-location-wrap><pres-location-wrap><pres-location>Europe</pres-location><pres-location-code>GEOEUR</pres-location-code><alt1-location-code>1EU83</alt1-location-code></pres-location-wrap><eos/><eop/></pres-location-block></classification-terms><classification-terms><pres-industry-block><bop/><bos/><pres-industry-wrap><pres-industry>Food &amp; Beverage Distribution &amp; Services</pres-industry><pres-industry-code>FOODBEVR</pres-industry-code><alt1-industry-code>1FO39</alt1-industry-code></pres-industry-wrap><pres-industry-wrap><pres-industry>Retail</pres-industry><pres-industry-code>RETAIL</pres-industry-code><alt1-industry-code>1RE82</alt1-industry-code></pres-industry-wrap><pres-industry-wrap><pres-industry>Supermarkets</pres-industry><pres-industry-code>SUPRMRKT</pres-industry-code><alt1-industry-code>1SU04</alt1-industry-code></pres-industry-wrap><eos/><eop/></pres-industry-block></classification-terms><classification-terms><rcs-block><rcs>G:B</rcs><rcs>G:A</rcs><rcs>B:124</rcs><rcs>G:B2</rcs><rcs>B:122</rcs><rcs>M:1NN</rcs><rcs>G:AJ</rcs><rcs>G:Y</rcs><rcs>G:7I</rcs></rcs-block></classification-terms><extraction-terms><extr-company-block><bop/><bos/><norm-company oa-id="4295866751">CARREFOUR SA</norm-company><norm-company-wrap><norm-company-name>CARREFOUR SA</norm-company-name><company-ids><oa-id>4295866751</oa-id><ric norm="CARR.PA">CARR.PA</ric></company-ids><company-classification><trbc-wrap><trbc type="RCS">B:1610</trbc><trbc type="2012">5430102012</trbc><trbc type="perm-id">4294951391</trbc></trbc-wrap></company-classification><relevancy engine="1C">0.8</relevancy><confidence engine="1C">0.99</confidence></norm-company-wrap><norm-company oa-id="4295905298">WAL MART STORES INC</norm-company><norm-company-wrap><norm-company-name>WAL MART STORES INC</norm-company-name><company-ids><oa-id>4295905298</oa-id><ric norm="WMT.N">WMT.N</ric></company-ids><company-classification><trbc-wrap><trbc type="RCS">B:1495</trbc><trbc type="2012">5340309010</trbc><trbc type="perm-id">4294951506</trbc></trbc-wrap></company-classification><relevancy engine="1C">0.2</relevancy><confidence engine="1C">0.91</confidence></norm-company-wrap><eos/><eop/></extr-company-block></extraction-terms><extraction-terms><extr-person-block><bop/><bos/><extr-person>Francois Hollande</extr-person><extr-person-wrap><extr-person-name>Francois Hollande</extr-person-name><relevancy engine="1C">0.2</relevancy></extr-person-wrap><extr-person>Francois Charpentier</extr-person><extr-person-wrap><extr-person-name>Francois Charpentier</extr-person-name><relevancy engine="1C">0.2</relevancy></extr-person-wrap><extr-person>Serzh Sargsyan</extr-person><extr-person-wrap><extr-person-name>Serzh Sargsyan</extr-person-name><relevancy engine="1C">0.2</relevancy></extr-person-wrap><eos/><eop/></extr-person-block></extraction-terms></indexing></document></n-docbody>
</n-document>
<n-document guid="Ia5582340aaef11e49989d4a17d469dde"><n-metadata><metadata.block><md.identifiers><md.cites><md.first.line.cite>2/2/15 NEWS 00:00:00</md.first.line.cite><md.second.line.cite>2/2/15 ARKA News Agency 00:00:00</md.second.line.cite></md.cites><md.uuid>Ia5582340aaef11e49989d4a17d469dde</md.uuid></md.identifiers><md.infotype>news</md.infotype><md.sortkeys><md.ordersequence>f47363bec</md.ordersequence></md.sortkeys><md.descriptions><md.title>ACBA-CREDIT AGRICOLE BANK INSTALLS NEW SAFETY TECHNOLOGY FOR SAFE ONLINE PAYMENTS</md.title><md.westlawdescrip><md.readlist>READLIST</md.readlist></md.westlawdescrip></md.descriptions><md.dates><md.publisheddatetime>20150202093621</md.publisheddatetime><md.loaddate>20150202</md.loaddate><md.createddatetime>20150202093621</md.createddatetime></md.dates><md.subjects><md.subject><md.pubtype.name/><md.doctype.name>DNR</md.doctype.name><md.doctype.rank/><md.view>CNGE</md.view><md.view>RGEurope</md.view><md.view>PTNewswires</md.view><md.view>ARKANEWS0063786</md.view><md.view>INALLNEWS_ACTEST</md.view><md.view>INFARNEWS_AC</md.view><md.view>MARKETSEIKON_CN</md.view><md.view>MARKETSEIKON</md.view><md.view>CB_ASIAWIRES</md.view><md.view>INWIRES_AC</md.view><md.view>GULF_INTL</md.view><md.view>ININTNEWS_AC</md.view><md.view>ANZ_INTLOS</md.view><md.view>CLEAR_RF</md.view><md.view>INALLNEWS_AC</md.view><md.view>INNEWSINT_PRO</md.view><md.view>INBUSNEWS</md.view><md.view>INNEWSWORLD_PRO</md.view><md.view>INBUSNEWS_AC</md.view></md.subject></md.subjects><md.jurisdictions><md.jurisdiction><md.jurisstate>FE</md.jurisstate></md.jurisdiction></md.jurisdictions><md.publications><md.publication/><md.sourcepubid>ARKANEWS</md.sourcepubid></md.publications><md.royalty><md.royalty.code>84104</md.royalty.code></md.royalty></metadata.block><news.metadata.block><md.text.preview>BANKING NEWSYEREVAN, February 2. / ARKA /. ACBA-CREDIT AGRICOLE BANK said today it has installed 3D Secure technology for implementation of safe online payments by Visa and MasterCard cards. According to a bank&apos;s press release, the security system</md.text.preview></news.metadata.block><newsplus.recommendable>1</newsplus.recommendable><n-view>CNGE</n-view><n-view>RGEurope</n-view><n-view>PTNewswires</n-view><n-view>ARKANEWS0063786</n-view><n-view>INALLNEWS_ACTEST</n-view><n-view>INFARNEWS_AC</n-view><n-view>MARKETSEIKON_CN</n-view><n-view>MARKETSEIKON</n-view><n-view>CB_ASIAWIRES</n-view><n-view>INWIRES_AC</n-view><n-view>GULF_INTL</n-view><n-view>ININTNEWS_AC</n-view><n-view>ANZ_INTLOS</n-view><n-view>CLEAR_RF</n-view><n-view>INALLNEWS_AC</n-view><n-view>INNEWSINT_PRO</n-view><n-view>INBUSNEWS</n-view><n-view>INNEWSWORLD_PRO</n-view><n-view>INBUSNEWS_AC</n-view><prism-stylesheet guid="Ia3024d301b6a11d89fc5f34981d3242f"/><prism-clipdate>20150202093621</prism-clipdate></n-metadata>
<n-docbody><document version="1" collection="D-ARKANEWS-T001" first-load-date="20150202093621" ip-product="ARKANEWS" royalty-id="84104" data-model="text" dtd-version="5.2.29" content-type="news" load-language="en"><supplier-info><supplier-num nitf="doc-id" nitf-regsrc="ARKA News Agency" type="accession">0299000566f88e0b</supplier-num><internal-acc-num db-id="NEPRARKA" type="newz">20150202170.1_V0299000566f88e0b</internal-acc-num><rec-status><last-load-date>20150202093621</last-load-date><nitf-date ne="datereceived">20150202T15:24:57Z</nitf-date><nitf-date nitf="date-issue">20150202T00:00:00Z</nitf-date><last-provider-update>20150202152457</last-provider-update></rec-status><supplier-copyright>Copyright Â© 2015 ARKA<copyright-year/><copyright-holder>ARKA</copyright-holder></supplier-copyright><supplier-note nitf="urgency" nitf-ed-urg="4"/><supplier-dtds><dtd dtd-version="working" dtd-date="20150120T00:00:00Z">Canonical Taxonomy</dtd><dtd dtd-version="20150114" dtd-date="20150120T00:00:00Z">Mapping File</dtd></supplier-dtds><copyright-block type="dialog"><service-copyright n-include_guid="Ice671660f30811d88920000083149a14" n-include_collection="D-DIALOGCOPYRIGHTS-T001"/></copyright-block><copyright-block type="west"><service-copyright n-include_guid="I1DA35ED81DD211B281BAD200220BDFCA" n-include_collection="w_wlnv_msg"/></copyright-block><west-citation-block><bop/><first-line-cite><bos/>2/2/15 NEWS 00:00:00<eos/></first-line-cite><second-line-cite><bos/>2/2/15 ARKA News Agency 00:00:00<eos/></second-line-cite><eop/></west-citation-block></supplier-info><title-info iso-language="en"><bop/><title type="headline" nitf-hedline="hl1" key="key-title"><bos/><sort-title>ACBA-CREDIT AGRICOLE BANK INSTALLS NEW SAFETY TECHNOLOGY FOR SAFE ONLINE PAYMENTS</sort-title><eos/></title><eop/></title-info><pub-info><journal key="key-journal"><bop/><bos/><sort-journal>ARKA News Agency</sort-journal><eos/><eop/></journal><pub-date key="key-date" iso-time="T00:00:00Z" type="date.publication"><full-pub-date>February 2, 2015</full-pub-date><sort-pub-date>20150202</sort-pub-date><sort-pub-timestamp>20150202000000</sort-pub-timestamp><rank-date>20150202</rank-date><currency-timestamp>20150202000000</currency-timestamp></pub-date><original-pub><language iso-language="en">English</language></original-pub><src-data><src-journal-code>ANPV</src-journal-code><src-pub-code>0063786</src-pub-code><src-pub-type>Newswire</src-pub-type><src-pub-country-wrap><src-pub-country-code>GE</src-pub-country-code><src-pub-country>Georgia CIS</src-pub-country></src-pub-country-wrap><src-pub-region>Europe</src-pub-region></src-data></pub-info><content iso-language="en"><total-char-count>2248</total-char-count><derived-word-count><bop/><bos/>Word Count: 369<eos/><eop/></derived-word-count><text type="lead-para"><p nitf="lede"><bop/><bos/>BANKING NEWS<eos/><eop/></p><p nitf="lede"><bop/><bos/>YEREVAN, February 2. / ARKA /. ACBA-<cite.query w-seq-number="00001" w-ref-type="NM" w-normalized-cite="canonical_name::CREDIT AGRICOLE BANK" ID="I5f54a2e0aaf111e49307c2cee11f58b5">CREDIT AGRICOLE BANK</cite.query> said today it has installed 3D Secure technology for implementation of safe online payments by <cite.query w-seq-number="00002" w-ref-type="MM" w-normalized-cite="canonical_name::VISA" ID="I5f54a2e1aaf111e49307c2cee11f58b5">Visa</cite.query> and <cite.query w-seq-number="00003" w-ref-type="MM" w-normalized-cite="canonical_name::MASTERCARD" ID="I5f54a2e2aaf111e49307c2cee11f58b5">MasterCard</cite.query> cards. <eos/><bos/>According to a bank&apos;s press release, the security system is aimed at protection of customers and boosting e-commerce.<eos/><eop/></p></text><text type="body"><p><bop/><bos/>3D Secure is designed to make online shopping transactions safer by authenticating a cardholder&apos;s identity at the time of purchase, through the likes of Verified by <cite.query w-seq-number="00004" w-ref-type="MM" w-normalized-cite="canonical_name::VISA" ID="I5f5dcaa0aaf111e49307c2cee11f58b5">Visa</cite.query> and <cite.query w-seq-number="00005" w-ref-type="NM" w-normalized-cite="canonical_name::MASTERCARD SECURECODE" ID="I5f5dcaa1aaf111e49307c2cee11f58b5">MasterCard SecureCode</cite.query>.<eos/><eop/></p><p><bop/><bos/>A transaction using Verified by Visa or SecureCode will redirect cardholders to the website of their card-issuing bank. <eos/><bos/>The cardholder may then be requested by their bank to enter a password to be authenticated by using his/her phone. <eos/><bos/>If the card is not enrolled, this means that either the bank that issued the card is not yet supporting 3DSecure or it means that the card holder has not yet been registered for the service.<eos/><eop/></p><p><bop/><bos/>If the card is enrolled, the cardholder will be redirected to the 3DSecure authentication web page for the issuing bank; the card holder will then identify himself. <eos/><bos/>The <cite.query w-seq-number="00006" w-ref-type="MM" w-normalized-cite="canonical_name::MPI" ID="I5f625e80aaf111e49307c2cee11f58b5">MPI</cite.query> will evaluate the reply from the bank and, if successful, allow the transaction to proceed for authorization. <eos/><bos/>The transaction could still fail for lack of funds or other reasons but is more likely to be approved because of the authentication.<eos/><eop/></p><p><bop/><bos/>&apos;To be able to use the 3D Secure system you should make sure that your phone number is registered at the bank,&apos; the press release said. <eos/><bos/>It said also that detailed information can be obtained by calling free number 010 318899<eos/><eop/></p><p><bop/><bos/><cite.query w-seq-number="00007" w-ref-type="MM" w-normalized-cite="canonical_name::ACBA" ID="I5f752330aaf111e49307c2cee11f58b5">ACBA</cite.query> was established in 1996 as part of <cite.query w-seq-number="00008" w-ref-type="MM" w-normalized-cite="canonical_name::EU" ID="I5f752331aaf111e49307c2cee11f58b5">EU</cite.query>&apos;s TACIS program. <eos/><bos/>As a result of a long-term and mutually beneficial cooperation between <cite.query w-seq-number="00009" w-ref-type="CO" w-normalized-cite="I4151F38041EC11DDAD6B0014224D2780" ID="I5f752332aaf111e49307c2cee11f58b5">ACBA Bank</cite.query> and the French Credit Agricole the latter became the biggest shareholder of ACBA in 2006, September. <eos/><bos/>ACBA was restructured, becoming a closed joint stock company and was renamed ACBA CREDIT AGRICOLE BANK.<eos/><eop/></p><p><bop/><bos/>According to the latest data, the bank&apos;s assets in 2014 grew by 7 percent year-on-year to 286.4 billion drams, its liabilities grew by 11 percent to 237 billion drams, while its capital fell by almost 9 percent to 49.37 billion drams. <eos/><bos/>The bank closed 2014 with a loss of 4.6 billion drams against a 4.9 billion dram profit in 2013. -0-<eos/><eop/></p></text></content><indexing iso-language="en" value-add="machine-generated"><classification-terms><pres-industry-block><bop/><bos/><pres-industry-wrap><pres-industry>ATMs &amp; Networks</pres-industry><pres-industry-code>ATMNUZ</pres-industry-code><alt1-industry-code>1AT57</alt1-industry-code></pres-industry-wrap><pres-industry-wrap><pres-industry>Bank Operations</pres-industry><pres-industry-code>BANKOPS</pres-industry-code><alt1-industry-code>1BA31</alt1-industry-code></pres-industry-wrap><pres-industry-wrap><pres-industry>Banking</pres-industry><pres-industry-code>BANKOVER</pres-industry-code><alt1-industry-code>1BA20</alt1-industry-code></pres-industry-wrap><pres-industry-wrap><pres-industry>Commercial Banking Services</pres-industry><pres-industry-code>BANKCOML</pres-industry-code><alt1-industry-code>1CO19</alt1-industry-code></pres-industry-wrap><pres-industry-wrap><pres-industry>Credit, Debit &amp; Value Cards</pres-industry><pres-industry-code>CCARDS</pres-industry-code><alt1-industry-code>1CR28</alt1-industry-code></pres-industry-wrap><pres-industry-wrap><pres-industry>Debit Cards</pres-industry><pres-industry-code>DEBCARDS</pres-industry-code><alt1-industry-code>1DE11</alt1-industry-code></pres-industry-wrap><pres-industry-wrap><pres-industry>Financial Services</pres-industry><pres-industry-code>FINSVC</pres-industry-code><alt1-industry-code>1FI37</alt1-industry-code></pres-industry-wrap><pres-industry-wrap><pres-industry>I.T. in Banking</pres-industry><pres-industry-code>BKITOVR</pres-industry-code><alt1-industry-code>1IT59</alt1-industry-code></pres-industry-wrap><pres-industry-wrap><pres-industry>I.T. in Financial Services</pres-industry><pres-industry-code>FSITOVR</pres-industry-code><alt1-industry-code>1IT24</alt1-industry-code></pres-industry-wrap><pres-industry-wrap><pres-industry>Retail Banking Services</pres-industry><pres-industry-code>RTBNKOVR</pres-industry-code><alt1-industry-code>1RE38</alt1-industry-code></pres-industry-wrap><eos/><eop/></pres-industry-block></classification-terms><classification-terms><rcs-block><rcs>B:131</rcs><rcs>B:127</rcs><rcs>B:128</rcs><rcs>B:129</rcs><rcs>B:125</rcs><rcs>B:126</rcs></rcs-block></classification-terms><extraction-terms><extr-company-block><bop/><bos/><norm-company oa-id="4297575894">ACBA CREDIT AGRICOLE BANK CLOSED JSK</norm-company><norm-company-wrap><norm-company-name>ACBA CREDIT AGRICOLE BANK CLOSED JSK</norm-company-name><company-ids><oa-id>4297575894</oa-id></company-ids><company-classification><trbc-wrap><trbc type="RCS">B:128</trbc><trbc type="2012">55101010</trbc><trbc type="perm-id">4294952873</trbc></trbc-wrap></company-classification><relevancy engine="1C">0.8</relevancy><confidence engine="1C">0.8</confidence></norm-company-wrap><norm-company oa-id="8589934312">CREDIT AGRICOLE SA</norm-company><norm-company-wrap><norm-company-name>CREDIT AGRICOLE SA</norm-company-name><company-ids><oa-id>8589934312</oa-id><ric norm="CAGR.PA">CAGR.PA</ric></company-ids><company-classification><trbc-wrap><trbc type="RCS">B:1615</trbc><trbc type="2012">5510101010</trbc><trbc type="perm-id">4294951386</trbc></trbc-wrap></company-classification><relevancy engine="1C">0.2</relevancy><confidence engine="1C">0.95</confidence></norm-company-wrap><norm-company oa-id="4295902520">MASTERCARD INC</norm-company><norm-company-wrap><norm-company-name>MASTERCARD INC</norm-company-name><company-ids><oa-id>4295902520</oa-id><ric norm="MA.N">MA.N</ric></company-ids><company-classification><trbc-wrap><trbc type="RCS">B:1236</trbc><trbc type="2012">5220304027</trbc><trbc type="perm-id">4294951765</trbc></trbc-wrap></company-classification><relevancy engine="1C">0.2</relevancy><confidence engine="1C">0.93</confidence></norm-company-wrap><norm-company oa-id="4298015179">VISA INC</norm-company><norm-company-wrap><norm-company-name>VISA INC</norm-company-name><company-ids><oa-id>4298015179</oa-id><ric norm="V.N">V.N</ric></company-ids><company-classification><trbc-wrap><trbc type="RCS">B:1219</trbc><trbc type="2012">5220304010</trbc><trbc type="perm-id">4294951782</trbc></trbc-wrap></company-classification><relevancy engine="1C">0.2</relevancy><confidence engine="1C">0.81</confidence></norm-company-wrap><eos/><eop/></extr-company-block></extraction-terms></indexing></document></n-docbody>
</n-document>
<n-document guid="Ic51b8180a8a211e483d7bfa1d2b5ec62"><n-metadata><metadata.block><md.identifiers><md.cites><md.first.line.cite>1/30/15 NEWS 00:00:00</md.first.line.cite><md.second.line.cite>1/30/15 ARKA News Agency 00:00:00</md.second.line.cite></md.cites><md.uuid>Ic51b8180a8a211e483d7bfa1d2b5ec62</md.uuid></md.identifiers><md.infotype>news</md.infotype><md.sortkeys><md.ordersequence>f47363bec</md.ordersequence></md.sortkeys><md.descriptions><md.title>SECOND ISSUE OF AMD- DENOMINATED COUPON BONDS BY EBRD PLACED AT NASDAQ ARMENIA</md.title><md.westlawdescrip><md.readlist>READLIST</md.readlist></md.westlawdescrip></md.descriptions><md.dates><md.publisheddatetime>20150130111311</md.publisheddatetime><md.loaddate>20150130</md.loaddate><md.createddatetime>20150130111311</md.createddatetime></md.dates><md.subjects><md.subject><md.pubtype.name/><md.doctype.name>DNR</md.doctype.name><md.doctype.rank/><md.view>CNGE</md.view><md.view>RGEurope</md.view><md.view>PTNewswires</md.view><md.view>ARKANEWS0063786</md.view><md.view>INALLNEWS_ACTEST</md.view><md.view>INFARNEWS_AC</md.view><md.view>MARKETSEIKON_CN</md.view><md.view>MARKETSEIKON</md.view><md.view>CB_ASIAWIRES</md.view><md.view>INWIRES_AC</md.view><md.view>GULF_INTL</md.view><md.view>ININTNEWS_AC</md.view><md.view>ANZ_INTLOS</md.view><md.view>CLEAR_RF</md.view><md.view>INALLNEWS_AC</md.view><md.view>INNEWSINT_PRO</md.view><md.view>INBUSNEWS</md.view><md.view>INNEWSWORLD_PRO</md.view><md.view>INBUSNEWS_AC</md.view></md.subject></md.subjects><md.jurisdictions><md.jurisdiction><md.jurisstate>FE</md.jurisstate></md.jurisdiction></md.jurisdictions><md.publications><md.publication/><md.sourcepubid>ARKANEWS</md.sourcepubid></md.publications><md.royalty><md.royalty.code>84104</md.royalty.code></md.royalty></metadata.block><news.metadata.block><md.text.preview>STOCK MARKETYEREVAN, January 30. / ARKA /. On January 30, 2015 the European Bank for Reconstructions and Development (EBRD) placed its 2nd Armenian Dram (AMD) denominated bonds (EBRDB2) via an auction that took place at NASDAQ Armenia.</md.text.preview></news.metadata.block><newsplus.recommendable/><n-view>CNGE</n-view><n-view>RGEurope</n-view><n-view>PTNewswires</n-view><n-view>ARKANEWS0063786</n-view><n-view>INALLNEWS_ACTEST</n-view><n-view>INFARNEWS_AC</n-view><n-view>MARKETSEIKON_CN</n-view><n-view>MARKETSEIKON</n-view><n-view>CB_ASIAWIRES</n-view><n-view>INWIRES_AC</n-view><n-view>GULF_INTL</n-view><n-view>ININTNEWS_AC</n-view><n-view>ANZ_INTLOS</n-view><n-view>CLEAR_RF</n-view><n-view>INALLNEWS_AC</n-view><n-view>INNEWSINT_PRO</n-view><n-view>INBUSNEWS</n-view><n-view>INNEWSWORLD_PRO</n-view><n-view>INBUSNEWS_AC</n-view><prism-stylesheet guid="Ia3024d301b6a11d89fc5f34981d3242f"/><prism-clipdate>20150130111311</prism-clipdate></n-metadata>
<n-docbody><document version="1" collection="D-ARKANEWS-T001" first-load-date="20150130111311" ip-product="ARKANEWS" royalty-id="84104" data-model="text" dtd-version="5.2.29" content-type="news" load-language="en"><supplier-info><supplier-num nitf="doc-id" nitf-regsrc="ARKA News Agency" type="accession">82080003617d7c6b</supplier-num><internal-acc-num db-id="NEPRARKA" type="newz">20150130170.1_V82080003617d7c6b</internal-acc-num><rec-status><last-load-date>20150130111311</last-load-date><nitf-date ne="datereceived">20150130T17:09:37Z</nitf-date><nitf-date nitf="date-issue">20150130T00:00:00Z</nitf-date><last-provider-update>20150130170937</last-provider-update></rec-status><supplier-copyright>Copyright Â© 2015 ARKA<copyright-year/><copyright-holder>ARKA</copyright-holder></supplier-copyright><supplier-note nitf="urgency" nitf-ed-urg="4"/><supplier-dtds><dtd dtd-version="working" dtd-date="20150120T00:00:00Z">Canonical Taxonomy</dtd><dtd dtd-version="20150114" dtd-date="20150120T00:00:00Z">Mapping File</dtd></supplier-dtds><copyright-block type="dialog"><service-copyright n-include_guid="Ice671660f30811d88920000083149a14" n-include_collection="D-DIALOGCOPYRIGHTS-T001"/></copyright-block><copyright-block type="west"><service-copyright n-include_guid="I1DA35ED81DD211B281BAD200220BDFCA" n-include_collection="w_wlnv_msg"/></copyright-block><west-citation-block><bop/><first-line-cite><bos/>1/30/15 NEWS 00:00:00<eos/></first-line-cite><second-line-cite><bos/>1/30/15 ARKA News Agency 00:00:00<eos/></second-line-cite><eop/></west-citation-block></supplier-info><title-info iso-language="en"><bop/><title type="headline" nitf-hedline="hl1" key="key-title"><bos/><sort-title>SECOND ISSUE OF AMD- DENOMINATED COUPON BONDS BY <cite.query w-seq-number="00001" w-ref-type="CO" w-normalized-cite="IBAFB90B169EC11DDB89AB9FC5024B35B" ID="I8da7af70a8a311e49743ccde6b556c7f">EBRD</cite.query> PLACED AT <cite.query w-seq-number="00002" w-ref-type="CO" w-normalized-cite="IB3F93E8029C011DF9BD7C7F341E042AB" ID="I8da7af71a8a311e49743ccde6b556c7f">NASDAQ</cite.query> ARMENIA</sort-title><eos/></title><eop/></title-info><pub-info><journal key="key-journal"><bop/><bos/><sort-journal>ARKA News Agency</sort-journal><eos/><eop/></journal><pub-date key="key-date" iso-time="T00:00:00Z" type="date.publication"><full-pub-date>January 30, 2015</full-pub-date><sort-pub-date>20150130</sort-pub-date><sort-pub-timestamp>20150130000000</sort-pub-timestamp><rank-date>20150130</rank-date><currency-timestamp>20150130000000</currency-timestamp></pub-date><original-pub><language iso-language="en">English</language></original-pub><src-data><src-journal-code>ANPV</src-journal-code><src-pub-code>0063786</src-pub-code><src-pub-type>Newswire</src-pub-type><src-pub-country-wrap><src-pub-country-code>GE</src-pub-country-code><src-pub-country>Georgia CIS</src-pub-country></src-pub-country-wrap><src-pub-region>Europe</src-pub-region></src-data></pub-info><content iso-language="en"><total-char-count>1806</total-char-count><derived-word-count><bop/><bos/>Word Count: 269<eos/><eop/></derived-word-count><text type="lead-para"><p nitf="lede"><bop/><bos/>STOCK MARKET<eos/><eop/></p><p nitf="lede"><bop/><bos/>YEREVAN, January 30. / ARKA /. On January 30, 2015 the <cite.query w-seq-number="00003" w-ref-type="NM" w-normalized-cite="canonical_name::EUROPEAN BANK FOR RECONSTRUCTIONS AND DEVELOPMENT" ID="I8db78df0a8a311e49743ccde6b556c7f">European Bank for Reconstructions and Development</cite.query> (EBRD) placed its 2nd Armenian Dram (AMD) denominated bonds (EBRDB2) via an auction that took place at <cite.query w-seq-number="00004" w-ref-type="NM" w-normalized-cite="canonical_name::NASDAQ ARMENIA" ID="I8db78df1a8a311e49743ccde6b556c7f">NASDAQ Armenia</cite.query>.<eos/><eop/></p></text><text type="body"><p><bop/><bos/>Bonds for a total amount of AMD 2 billion were placed successfully through the stock exchange mechanism. <eos/><bos/>The total amount of bids amounted to <cite.query w-seq-number="00005" w-ref-type="CO" w-normalized-cite="I27218B6541EC11DDAD6B0014224D2780" ID="I8dbcbe10a8a311e49743ccde6b556c7f">AMD</cite.query> 2.908 billion and the cut-off rate set during the auction was 17%. <eos/><bos/>Placement was organized by Ameriabank CJSC, with the total number of bidder market participants being 5.<eos/><eop/></p><p><bop/><bos/>To recall, the first issue of AMD denominated bonds (EBRDB1) by <cite.query w-seq-number="00006" w-ref-type="CO" w-normalized-cite="IBAFB90B169EC11DDB89AB9FC5024B35B" ID="I8dc9dd70a8a311e49743ccde6b556c7f">EBRD</cite.query> is already listed at Bonds&apos; Main list (Abond) of <cite.query w-seq-number="00007" w-ref-type="NM" w-normalized-cite="canonical_name::NASDAQ ARMENIA" ID="I8dc9dd71a8a311e49743ccde6b556c7f">NASDAQ Armenia</cite.query> and will be redeemed on February 02, 2015.<eos/><eop/></p><p><bop/><bos/>EBRD is an international organization formed under the Agreement Establishing the Bank dated 29th May, 1990 (the &quot;Agreement&quot;), signed by 40 countries, together with the <cite.query w-seq-number="00008" w-ref-type="WC" w-normalized-cite="I01AC0ED056FE11E0B507DE267DF909C1" ID="I8de37ff0a8a311e49743ccde6b556c7f">European Economic Community</cite.query> and the <cite.query w-seq-number="00009" w-ref-type="WC" w-normalized-cite="I3FD82870CA7511E0B886935AC135F388" ID="I8de37ff1a8a311e49743ccde6b556c7f">European Investment Bank.</cite.query> <eos/><bos/>The Agreement came into force on 28th March, 1991 and the Bank commenced operations on 15th April, 1991. <eos/><bos/>The Bank has currently 66 members including Armenia. <eos/><bos/>The <cite.query w-seq-number="00010" w-ref-type="CO" w-normalized-cite="I4001E103747A11DD8AA8C467EE637EE9" ID="I8de37ff2a8a311e49743ccde6b556c7f">Bank</cite.query>&apos;s principal office is in London.<eos/><eop/></p><p><bop/><bos/>In January 2008, Nordic exchange operator <cite.query w-seq-number="00011" w-ref-type="WC" w-normalized-cite="I29A91A63453E11DD94140014224D2780" ID="I8e27b4e0a8a311e49743ccde6b556c7f">OMX Group</cite.query> acquired 100% of the shares of the <cite.query w-seq-number="00012" w-ref-type="CO" w-normalized-cite="IFC75AA8441EC11DDAD6B0014224D2780" ID="I8e27b4e1a8a311e49743ccde6b556c7f">Armenian Stock Exchange</cite.query> (Armex) and the Central Depository of Armenia (CDA).<eos/><bos/> After the combination of <cite.query w-seq-number="00013" w-ref-type="CO" w-normalized-cite="IB3F93E8029C011DF9BD7C7F341E042AB" ID="I8e27b4e2a8a311e49743ccde6b556c7f">NASDAQ</cite.query> and OMX in February 2008, Armex and <cite.query w-seq-number="00014" w-ref-type="CO" w-normalized-cite="I2B3A961041EC11DDAD6B0014224D2780" ID="I8e27b4e3a8a311e49743ccde6b556c7f">CDA</cite.query> became fully owned by the <cite.query w-seq-number="00015" w-ref-type="CO" w-normalized-cite="I259E58B041EA11DDAD6B0014224D2780" ID="I8e27b4e4a8a311e49743ccde6b556c7f">NASDAQ OMX Group, Inc.</cite.query> On January 26, 2009, &quot;Armenian Stock Exchange&quot; ojsc was officially renamed as &quot;<cite.query w-seq-number="00016" w-ref-type="CO" w-normalized-cite="IB3F93E8029C011DF9BD7C7F341E042AB" ID="I8e27b4e5a8a311e49743ccde6b556c7f">NASDAQ</cite.query> OMX Armenia&quot; ojsc. <eos/><bos/>On June 5, 2009, &quot;<cite.query w-seq-number="00017" w-ref-type="CO" w-normalized-cite="IB3F93E8029C011DF9BD7C7F341E042AB" ID="I8e27b4e6a8a311e49743ccde6b556c7f">NASDAQ</cite.query> OMX Armenia&quot; ojsc became the owner of 100% of the shares of the &quot;Central Depository of Armenia&quot; ojsc. <eos/><bos/>Starting October 1, 2014 &quot;<cite.query w-seq-number="00018" w-ref-type="CO" w-normalized-cite="IB3F93E8029C011DF9BD7C7F341E042AB" ID="I8e27b4e7a8a311e49743ccde6b556c7f">NASDAQ</cite.query> OMX Armenia&quot; ojsc and &quot;Central Depository of Armenia&quot; ojsc operate under &quot;<cite.query w-seq-number="00019" w-ref-type="NM" w-normalized-cite="canonical_name::NASDAQ ARMENIA" ID="I8e27b4e8a8a311e49743ccde6b556c7f">Nasdaq Armenia</cite.query>&quot; brand.-0-<eos/><eop/></p></text></content><indexing iso-language="en" value-add="machine-generated"><classification-terms><pres-location-block><bop/><bos/><pres-location-wrap><pres-location>Armenia</pres-location><pres-location-code>ISOAM</pres-location-code><alt1-location-code>1AR09</alt1-location-code></pres-location-wrap><pres-location-wrap><pres-location>CIS Countries</pres-location><pres-location-code>CISSTAT</pres-location-code><alt1-location-code>1CI64</alt1-location-code></pres-location-wrap><pres-location-wrap><pres-location>Eastern Europe</pres-location><pres-location-code>GEOEEUR</pres-location-code><alt1-location-code>1EA48</alt1-location-code></pres-location-wrap><pres-location-wrap><pres-location>Europe</pres-location><pres-location-code>GEOEUR</pres-location-code><alt1-location-code>1EU83</alt1-location-code></pres-location-wrap><eos/><eop/></pres-location-block></classification-terms><classification-terms><pres-subject-block><bop/><bos/><pres-subject-wrap><pres-subject>CIS</pres-subject><pres-subject-code>GEOCIS</pres-subject-code><alt1-subject-code>1CI65</alt1-subject-code></pres-subject-wrap><pres-subject-wrap><pres-subject>Economics &amp; Trade</pres-subject><pres-subject-code>TRADE</pres-subject-code><alt1-subject-code>1EC26</alt1-subject-code></pres-subject-wrap><pres-subject-wrap><pres-subject>Exchange Listings &amp; Delistings</pres-subject><pres-subject-code>DELIST</pres-subject-code><alt1-subject-code>1EX12</alt1-subject-code></pres-subject-wrap><pres-subject-wrap><pres-subject>Financial Markets</pres-subject><pres-subject-code>BOURSE</pres-subject-code><alt1-subject-code>1FI87</alt1-subject-code></pres-subject-wrap><pres-subject-wrap><pres-subject>World Organizations</pres-subject><pres-subject-code>GEOORGS</pres-subject-code><alt1-subject-code>1IN77</alt1-subject-code></pres-subject-wrap><eos/><eop/></pres-subject-block><pres-industry-block><bop/><bos/><pres-industry-wrap><pres-industry>Computer Equipment</pres-industry><pres-industry-code>CPTROVER</pres-industry-code><alt1-industry-code>1CO77</alt1-industry-code></pres-industry-wrap><pres-industry-wrap><pres-industry>Computer Equipment Advanced Technology</pres-industry><pres-industry-code>HWATOVR</pres-industry-code><alt1-industry-code>1CO81</alt1-industry-code></pres-industry-wrap><pres-industry-wrap><pres-industry>Financial Services</pres-industry><pres-industry-code>FINSVC</pres-industry-code><alt1-industry-code>1FI37</alt1-industry-code></pres-industry-wrap><pres-industry-wrap><pres-industry>I.T.</pres-industry><pres-industry-code>ITOVER</pres-industry-code><alt1-industry-code>1IT96</alt1-industry-code></pres-industry-wrap><pres-industry-wrap><pres-industry>U.S. Securities &amp; Exchange Commission</pres-industry><pres-industry-code>SECNEWS</pres-industry-code><alt1-industry-code>1US50</alt1-industry-code></pres-industry-wrap><eos/><eop/></pres-industry-block></classification-terms><classification-terms><rcs-block><rcs>E:6</rcs><rcs>G:B</rcs><rcs>G:A</rcs><rcs>E:5</rcs><rcs>G:B2</rcs><rcs>B:125</rcs><rcs>G:Y</rcs><rcs>G:7I</rcs><rcs>B:162</rcs><rcs>B:161</rcs><rcs>M:NL</rcs><rcs>G:AJ</rcs><rcs>B:169</rcs><rcs>E:5G</rcs></rcs-block></classification-terms><extraction-terms><extr-company-block><bop/><bos/><norm-company oa-id="5000943280">AMERIABANK CJSC</norm-company><norm-company-wrap><norm-company-name>AMERIABANK CJSC</norm-company-name><company-ids><oa-id>5000943280</oa-id></company-ids><company-classification><trbc-wrap><trbc type="RCS">B:1615</trbc><trbc type="2012">5510101010</trbc><trbc type="perm-id">4294951386</trbc></trbc-wrap></company-classification><relevancy engine="1C">0.2</relevancy><confidence engine="1C">0.67</confidence></norm-company-wrap><norm-company oa-id="4296239105">CENTRAL DEPOSITORY OF ARMENIA OJSC</norm-company><norm-company-wrap><norm-company-name>CENTRAL DEPOSITORY OF ARMENIA OJSC</norm-company-name><company-ids><oa-id>4296239105</oa-id></company-ids><company-classification><trbc-wrap><trbc type="RCS">B:128</trbc><trbc type="2012">55101010</trbc><trbc type="perm-id">4294952873</trbc></trbc-wrap></company-classification><relevancy engine="1C">0.2</relevancy><confidence engine="1C">0.93</confidence></norm-company-wrap><norm-company oa-id="8589934159">EUROPEAN INVESTMENT BANK GROUP</norm-company><norm-company-wrap><norm-company-name>EUROPEAN INVESTMENT BANK GROUP</norm-company-name><company-ids><oa-id>8589934159</oa-id></company-ids><company-classification><trbc-wrap><trbc type="RCS">B:1615</trbc><trbc type="2012">5510101010</trbc><trbc type="perm-id">4294951386</trbc></trbc-wrap></company-classification><relevancy engine="1C">0.2</relevancy><confidence engine="1C">0.92</confidence></norm-company-wrap><norm-company oa-id="8589934167">NASDAQ OMX GROUP INC (THE)</norm-company><norm-company-wrap><norm-company-name>NASDAQ OMX GROUP INC (THE)</norm-company-name><company-ids><oa-id>8589934167</oa-id><ric norm="NDAQ.OQ">NDAQ.OQ</ric></company-ids><company-classification><trbc-wrap><trbc type="RCS">B:1648</trbc><trbc type="2012">5510205010</trbc><trbc type="perm-id">4294951353</trbc></trbc-wrap></company-classification><relevancy engine="1C">0.2</relevancy><confidence engine="1C">0.98</confidence></norm-company-wrap><eos/><eop/></extr-company-block></extraction-terms></indexing></document></n-docbody>
</n-document>
<n-document guid="I11c10010a79e11e4b0b2a9a766a19ff3"><n-metadata><metadata.block><md.identifiers><md.cites><md.first.line.cite>1/29/15 NEWS 00:00:00</md.first.line.cite><md.second.line.cite>1/29/15 ARKA News Agency 00:00:00</md.second.line.cite></md.cites><md.uuid>I11c10010a79e11e4b0b2a9a766a19ff3</md.uuid></md.identifiers><md.infotype>news</md.infotype><md.sortkeys><md.ordersequence>f47363bec</md.ordersequence></md.sortkeys><md.descriptions><md.title>FACEBOOK&apos;S ANNUAL REVENUE GROWS TO $12.5 BILLION</md.title><md.westlawdescrip><md.readlist>READLIST</md.readlist></md.westlawdescrip></md.descriptions><md.dates><md.publisheddatetime>20150129040630</md.publisheddatetime><md.loaddate>20150129</md.loaddate><md.createddatetime>20150129040630</md.createddatetime></md.dates><md.subjects><md.subject><md.pubtype.name/><md.doctype.name>DNR</md.doctype.name><md.doctype.rank/><md.view>CNGE</md.view><md.view>RGEurope</md.view><md.view>PTNewswires</md.view><md.view>ARKANEWS0063786</md.view><md.view>INALLNEWS_ACTEST</md.view><md.view>INFARNEWS_AC</md.view><md.view>MARKETSEIKON_CN</md.view><md.view>MARKETSEIKON</md.view><md.view>CB_ASIAWIRES</md.view><md.view>INWIRES_AC</md.view><md.view>GULF_INTL</md.view><md.view>ININTNEWS_AC</md.view><md.view>ANZ_INTLOS</md.view><md.view>CLEAR_RF</md.view><md.view>INALLNEWS_AC</md.view><md.view>INNEWSINT_PRO</md.view><md.view>INBUSNEWS</md.view><md.view>INNEWSWORLD_PRO</md.view><md.view>INBUSNEWS_AC</md.view></md.subject></md.subjects><md.jurisdictions><md.jurisdiction><md.jurisstate>FE</md.jurisstate></md.jurisdiction></md.jurisdictions><md.publications><md.publication/><md.sourcepubid>ARKANEWS</md.sourcepubid></md.publications><md.royalty><md.royalty.code>84104</md.royalty.code></md.royalty></metadata.block><news.metadata.block><md.text.preview>INFORMATION TECHNOLOGIESYEREVAN, January 29. /ARKA/. Facebook&apos;s annual revenue grew from $7.872 in 2013 to $12.466 billion last year (+58%).</md.text.preview></news.metadata.block><n-view>CNGE</n-view><n-view>RGEurope</n-view><n-view>PTNewswires</n-view><n-view>ARKANEWS0063786</n-view><n-view>INALLNEWS_ACTEST</n-view><n-view>INFARNEWS_AC</n-view><n-view>MARKETSEIKON_CN</n-view><n-view>MARKETSEIKON</n-view><n-view>CB_ASIAWIRES</n-view><n-view>INWIRES_AC</n-view><n-view>GULF_INTL</n-view><n-view>ININTNEWS_AC</n-view><n-view>ANZ_INTLOS</n-view><n-view>CLEAR_RF</n-view><n-view>INALLNEWS_AC</n-view><n-view>INNEWSINT_PRO</n-view><n-view>INBUSNEWS</n-view><n-view>INNEWSWORLD_PRO</n-view><n-view>INBUSNEWS_AC</n-view><prism-stylesheet guid="Ia3024d301b6a11d89fc5f34981d3242f"/><prism-clipdate>20150129040630</prism-clipdate></n-metadata>
<n-docbody><document version="1" collection="D-ARKANEWS-T001" first-load-date="20150129040630" ip-product="ARKANEWS" royalty-id="84104" data-model="text" dtd-version="5.2.29" content-type="news" load-language="en"><supplier-info><supplier-num nitf="doc-id" nitf-regsrc="ARKA News Agency" type="accession">894a0000ed9754b5</supplier-num><internal-acc-num db-id="NEPRARKA" type="newz">20150129170.1_V894a0000ed9754b5</internal-acc-num><rec-status><last-load-date>20150129040630</last-load-date><nitf-date ne="datereceived">20150129T10:03:27Z</nitf-date><nitf-date nitf="date-issue">20150129T00:00:00Z</nitf-date><last-provider-update>20150129100327</last-provider-update></rec-status><supplier-copyright>Copyright Â© 2015 ARKA<copyright-year/><copyright-holder>ARKA</copyright-holder></supplier-copyright><supplier-note nitf="urgency" nitf-ed-urg="4"/><supplier-dtds><dtd dtd-version="working" dtd-date="20150120T00:00:00Z">Canonical Taxonomy</dtd><dtd dtd-version="20150114" dtd-date="20150120T00:00:00Z">Mapping File</dtd></supplier-dtds><copyright-block type="dialog"><service-copyright n-include_guid="Ice671660f30811d88920000083149a14" n-include_collection="D-DIALOGCOPYRIGHTS-T001"/></copyright-block><copyright-block type="west"><service-copyright n-include_guid="I1DA35ED81DD211B281BAD200220BDFCA" n-include_collection="w_wlnv_msg"/></copyright-block><west-citation-block><bop/><first-line-cite><bos/>1/29/15 NEWS 00:00:00<eos/></first-line-cite><second-line-cite><bos/>1/29/15 ARKA News Agency 00:00:00<eos/></second-line-cite><eop/></west-citation-block></supplier-info><title-info iso-language="en"><bop/><title type="headline" nitf-hedline="hl1" key="key-title"><bos/><sort-title>FACEBOOK&apos;S ANNUAL REVENUE GROWS TO $12.5 BILLION</sort-title><eos/></title><eop/></title-info><pub-info><journal key="key-journal"><bop/><bos/><sort-journal>ARKA News Agency</sort-journal><eos/><eop/></journal><pub-date key="key-date" iso-time="T00:00:00Z" type="date.publication"><full-pub-date>January 29, 2015</full-pub-date><sort-pub-date>20150129</sort-pub-date><sort-pub-timestamp>20150129000000</sort-pub-timestamp><rank-date>20150129</rank-date><currency-timestamp>20150129000000</currency-timestamp></pub-date><original-pub><language iso-language="en">English</language></original-pub><src-data><src-journal-code>ANPV</src-journal-code><src-pub-code>0063786</src-pub-code><src-pub-type>Newswire</src-pub-type><src-pub-country-wrap><src-pub-country-code>GE</src-pub-country-code><src-pub-country>Georgia CIS</src-pub-country></src-pub-country-wrap><src-pub-region>Europe</src-pub-region></src-data></pub-info><content iso-language="en"><total-char-count>901</total-char-count><derived-word-count><bop/><bos/>Word Count: 134<eos/><eop/></derived-word-count><text type="lead-para"><p nitf="lede"><bop/><bos/><cite.query w-seq-number="00001" w-ref-type="WC" w-normalized-cite="I76DF065242BE11DDA1BC0014224D2780" ID="Ia0fcc930a79e11e48b76ee6c5a6de87f">INFORMATION TECHNOLOGIES</cite.query><eos/><eop/></p><p nitf="lede"><bop/><bos/>YEREVAN, January 29. /ARKA/. <eos/><bos/><cite.query w-seq-number="00002" w-ref-type="CO" w-normalized-cite="IE9D0907041EC11DDAD6B0014224D2780" ID="Ia1099a70a79e11e48b76ee6c5a6de87f">Facebook</cite.query>&apos;s annual revenue grew from $7.872 in 2013 to $12.466 billion last year (+58%).<eos/><eop/></p></text><text type="body"><p><bop/><bos/>The company&apos;s financial report says net profit was $2.940 billion in 2014, as compared to $1.5 billion the year before. <eos/><bos/>Operational profit was $4.990 billion in 2014. <eos/><bos/>The company&apos;s revenue rose by 49% over the last three months of 2014 to $3.851 billion, as compared to $2.585 billion the year before. <eos/><bos/>According to analysts interviewed by <cite.query w-seq-number="00003" w-ref-type="WC" w-normalized-cite="I26828010748311E1902993D9B739F20C" ID="Ia10ea380a79e11e48b76ee6c5a6de87f">Thomson Reuters</cite.query> and Bloomber, the respective expectation was $3.770 billion, RBC reports.<eos/><eop/></p><p><bop/><bos/>Revenue in the quarter was driven by mobile ads, says the company&apos;s report. <eos/><bos/>Mobile ads accounted for 69% of total sales, up from 66 percent in the third quarter.<eos/><eop/></p><p><bop/><bos/>According to the report, number of active monthly facebook users was 1.39 billion at the end of December 2014, the number of mobile audience reached 1.19 billion. <eos/><bos/>N.V. -0--<eos/><eop/></p></text></content><indexing iso-language="en" value-add="machine-generated"><classification-terms><pres-subject-block><bop/><bos/><pres-subject-wrap><pres-subject>Business Management</pres-subject><pres-subject-code>BIZMGMT</pres-subject-code><alt1-subject-code>1BU42</alt1-subject-code></pres-subject-wrap><pres-subject-wrap><pres-subject>Corporate Events</pres-subject><pres-subject-code>BUSEVENT</pres-subject-code><alt1-subject-code>1CR05</alt1-subject-code></pres-subject-wrap><pres-subject-wrap><pres-subject>Corporate Financial Data</pres-subject><pres-subject-code>PTCPFIN</pres-subject-code><alt1-subject-code>1XO59</alt1-subject-code></pres-subject-wrap><eos/><eop/></pres-subject-block><pres-industry-block><bop/><bos/><pres-industry-wrap><pres-industry>Internet</pres-industry><pres-industry-code>INTERNET</pres-industry-code><alt1-industry-code>1IN27</alt1-industry-code></pres-industry-wrap><pres-industry-wrap><pres-industry>Internet Media</pres-industry><pres-industry-code>INTMEDIA</pres-industry-code><alt1-industry-code>1IN67</alt1-industry-code></pres-industry-wrap><pres-industry-wrap><pres-industry>Online Social Media</pres-industry><pres-industry-code>SOCIALME</pres-industry-code><alt1-industry-code>1ON38</alt1-industry-code></pres-industry-wrap><eos/><eop/></pres-industry-block></classification-terms><classification-terms><rcs-block><rcs>E:G</rcs><rcs>M:S</rcs><rcs>B:92</rcs><rcs>M:Z</rcs><rcs>E:1</rcs><rcs>M:QR</rcs></rcs-block></classification-terms><extraction-terms><extr-company-block><bop/><bos/><norm-company oa-id="4297297477">FACEBOOK INC</norm-company><norm-company-wrap><norm-company-name>FACEBOOK INC</norm-company-name><company-ids><oa-id>4297297477</oa-id><ric norm="FB.OQ">FB.OQ</ric></company-ids><company-classification><trbc-wrap><trbc type="RCS">B:1806</trbc><trbc type="2012">5720103012</trbc><trbc type="perm-id">4294951195</trbc></trbc-wrap></company-classification><relevancy engine="1C">0.8</relevancy><confidence engine="1C">0.93</confidence></norm-company-wrap><eos/><eop/></extr-company-block></extraction-terms></indexing></document></n-docbody>
</n-document>
<n-document guid="I27eeac30a7c011e4a583fa0602731ff4"><n-metadata><metadata.block><md.identifiers><md.cites><md.first.line.cite>1/29/15 NEWS 00:00:00</md.first.line.cite><md.second.line.cite>1/29/15 ARKA News Agency 00:00:00</md.second.line.cite></md.cites><md.uuid>I27eeac30a7c011e4a583fa0602731ff4</md.uuid></md.identifiers><md.infotype>news</md.infotype><md.sortkeys><md.ordersequence>f47363bec</md.ordersequence></md.sortkeys><md.descriptions><md.title>BILL GATES CONCERNED ABOUT EXISTENTIAL THREAT POSED BY ARTIFICIAL INTELLIGENCE</md.title><md.westlawdescrip><md.readlist>READLIST</md.readlist></md.westlawdescrip></md.descriptions><md.dates><md.publisheddatetime>20150129081710</md.publisheddatetime><md.loaddate>20150129</md.loaddate><md.createddatetime>20150129081710</md.createddatetime></md.dates><md.subjects><md.subject><md.pubtype.name/><md.doctype.name>DNR</md.doctype.name><md.doctype.rank/><md.view>CNGE</md.view><md.view>RGEurope</md.view><md.view>PTNewswires</md.view><md.view>ARKANEWS0063786</md.view><md.view>INALLNEWS_ACTEST</md.view><md.view>INFARNEWS_AC</md.view><md.view>MARKETSEIKON_CN</md.view><md.view>MARKETSEIKON</md.view><md.view>CB_ASIAWIRES</md.view><md.view>INWIRES_AC</md.view><md.view>GULF_INTL</md.view><md.view>ININTNEWS_AC</md.view><md.view>ANZ_INTLOS</md.view><md.view>CLEAR_RF</md.view><md.view>INALLNEWS_AC</md.view><md.view>INNEWSINT_PRO</md.view><md.view>INBUSNEWS</md.view><md.view>INNEWSWORLD_PRO</md.view><md.view>INBUSNEWS_AC</md.view></md.subject></md.subjects><md.jurisdictions><md.jurisdiction><md.jurisstate>FE</md.jurisstate></md.jurisdiction></md.jurisdictions><md.publications><md.publication/><md.sourcepubid>ARKANEWS</md.sourcepubid></md.publications><md.royalty><md.royalty.code>84104</md.royalty.code></md.royalty></metadata.block><news.metadata.block><md.text.preview>INFORMATION TECHNOLOGIESYEREVAN, January 29. / ARKA /. Microsoft&apos;s co-founder Bill Gates has joined famed physicist Stephen Hawking and Internet innovator Elon Musk, in calling out the potential threat from machines that can think for themselves.</md.text.preview></news.metadata.block><newsplus.recommendable>1</newsplus.recommendable><n-view>CNGE</n-view><n-view>RGEurope</n-view><n-view>PTNewswires</n-view><n-view>ARKANEWS0063786</n-view><n-view>INALLNEWS_ACTEST</n-view><n-view>INFARNEWS_AC</n-view><n-view>MARKETSEIKON_CN</n-view><n-view>MARKETSEIKON</n-view><n-view>CB_ASIAWIRES</n-view><n-view>INWIRES_AC</n-view><n-view>GULF_INTL</n-view><n-view>ININTNEWS_AC</n-view><n-view>ANZ_INTLOS</n-view><n-view>CLEAR_RF</n-view><n-view>INALLNEWS_AC</n-view><n-view>INNEWSINT_PRO</n-view><n-view>INBUSNEWS</n-view><n-view>INNEWSWORLD_PRO</n-view><n-view>INBUSNEWS_AC</n-view><prism-stylesheet guid="Ia3024d301b6a11d89fc5f34981d3242f"/><prism-clipdate>20150129081710</prism-clipdate></n-metadata>
<n-docbody><document version="1" collection="D-ARKANEWS-T001" first-load-date="20150129081710" ip-product="ARKANEWS" royalty-id="84104" data-model="text" dtd-version="5.2.29" content-type="news" load-language="en"><supplier-info><supplier-num nitf="doc-id" nitf-regsrc="ARKA News Agency" type="accession">bb3c00048b3573e5</supplier-num><internal-acc-num db-id="NEPRARKA" type="newz">20150129170.1_Vbb3c00048b3573e5</internal-acc-num><rec-status><last-load-date>20150129081710</last-load-date><nitf-date ne="datereceived">20150129T14:07:27Z</nitf-date><nitf-date nitf="date-issue">20150129T00:00:00Z</nitf-date><last-provider-update>20150129140727</last-provider-update></rec-status><supplier-copyright>Copyright Â© 2015 ARKA<copyright-year/><copyright-holder>ARKA</copyright-holder></supplier-copyright><supplier-note nitf="urgency" nitf-ed-urg="4"/><supplier-dtds><dtd dtd-version="working" dtd-date="20150120T00:00:00Z">Canonical Taxonomy</dtd><dtd dtd-version="20150114" dtd-date="20150120T00:00:00Z">Mapping File</dtd></supplier-dtds><copyright-block type="dialog"><service-copyright n-include_guid="Ice671660f30811d88920000083149a14" n-include_collection="D-DIALOGCOPYRIGHTS-T001"/></copyright-block><copyright-block type="west"><service-copyright n-include_guid="I1DA35ED81DD211B281BAD200220BDFCA" n-include_collection="w_wlnv_msg"/></copyright-block><west-citation-block><bop/><first-line-cite><bos/>1/29/15 NEWS 00:00:00<eos/></first-line-cite><second-line-cite><bos/>1/29/15 ARKA News Agency 00:00:00<eos/></second-line-cite><eop/></west-citation-block></supplier-info><title-info iso-language="en"><bop/><title type="headline" nitf-hedline="hl1" key="key-title"><bos/><sort-title>BILL GATES CONCERNED ABOUT EXISTENTIAL THREAT POSED BY ARTIFICIAL INTELLIGENCE</sort-title><eos/></title><eop/></title-info><pub-info><journal key="key-journal"><bop/><bos/><sort-journal>ARKA News Agency</sort-journal><eos/><eop/></journal><pub-date key="key-date" iso-time="T00:00:00Z" type="date.publication"><full-pub-date>January 29, 2015</full-pub-date><sort-pub-date>20150129</sort-pub-date><sort-pub-timestamp>20150129000000</sort-pub-timestamp><rank-date>20150129</rank-date><currency-timestamp>20150129000000</currency-timestamp></pub-date><original-pub><language iso-language="en">English</language></original-pub><src-data><src-journal-code>ANPV</src-journal-code><src-pub-code>0063786</src-pub-code><src-pub-type>Newswire</src-pub-type><src-pub-country-wrap><src-pub-country-code>GE</src-pub-country-code><src-pub-country>Georgia CIS</src-pub-country></src-pub-country-wrap><src-pub-region>Europe</src-pub-region></src-data></pub-info><content iso-language="en"><total-char-count>2022</total-char-count><derived-word-count><bop/><bos/>Word Count: 341<eos/><eop/></derived-word-count><text type="lead-para"><p nitf="lede"><bop/><bos/><cite.query w-seq-number="00001" w-ref-type="WC" w-normalized-cite="I76DF065242BE11DDA1BC0014224D2780" ID="I9ec33f00a7c111e49418d5a107e72aaa">INFORMATION TECHNOLOGIES</cite.query><eos/><eop/></p><p nitf="lede"><bop/><bos/>YEREVAN, January 29. / ARKA /. <cite.query w-seq-number="00002" w-ref-type="MM" w-normalized-cite="canonical_name::MICROSOFT" ID="I9ecba370a7c111e49418d5a107e72aaa">Microsoft</cite.query>&apos;s co-founder Bill Gates has joined famed physicist Stephen Hawking and Internet innovator Elon Musk, in calling out the potential threat from machines that can think for themselves. <eos/><bos/>Gates shared his thoughts on AI on Wednesday in a Reddit &quot;AskMeAnything&quot; thread, a Q&amp;amp;A session conducted live on the social news site.<eos/><eop/></p></text><text type="body"><p><bop/><bos/>&quot;I am in the camp that is concerned about super intelligence,&quot; Gates said in response to a question about the existential threat posed by <cite.query w-seq-number="00003" w-ref-type="MM" w-normalized-cite="canonical_name::AI" ID="I9ecfc220a7c111e49418d5a107e72aaa">AI</cite.query>. &quot;<eos/><bos/>First, the machines will do a lot of jobs for us and not be super intelligent. <eos/><bos/>That should be positive if we manage it well. <eos/><bos/>A few decades after that, though, the intelligence is strong enough to be a concern.&quot;<eos/><eop/></p><p><bop/><bos/>Gates, isn&apos;t the only one worried. <eos/><bos/>Musk, the billionaire inventor and founder of SpaceX and CEO of electric car maker <cite.query w-seq-number="00004" w-ref-type="MM" w-normalized-cite="canonical_name::TESLA MOTORS" ID="I9ed9ad30a7c111e49418d5a107e72aaa">Tesla Motors</cite.query>, is not an expert in <cite.query w-seq-number="00005" w-ref-type="MM" w-normalized-cite="canonical_name::AI" ID="I9ed9ad31a7c111e49418d5a107e72aaa">AI.</cite.query> <eos/><bos/>But he did join a growing list of hundreds of researchers and professors in the field who signed an open letter earlier this month that proposed proper safeguards be put in place to research and develop such intelligence without humans losing control.<eos/><eop/></p><p><bop/><bos/>&quot;I agree with Elon Musk and some others on this and don&apos;t understand why some people are not concerned,&quot; Gates said.<eos/><eop/></p><p><bop/><bos/>Musk in October called AI development &quot;summoning the demon,&quot; and has invested in the space to keep his eye on it. <eos/><bos/>Hawking, writing for The Independent in May 2014, also expressed his concerns. &quot;<eos/><bos/>Whereas the short-term impact of <cite.query w-seq-number="00006" w-ref-type="MM" w-normalized-cite="canonical_name::AI" ID="I9eed3530a7c111e49418d5a107e72aaa">AI</cite.query> depends on who controls it, the long-term impact depends on whether it can be controlled at all,&quot; Hawking wrote. <eos/><bos/>Gates&apos; warning comes as <cite.query w-seq-number="00007" w-ref-type="MM" w-normalized-cite="canonical_name::MICROSOFT" ID="I9eed3531a7c111e49418d5a107e72aaa">Microsoft</cite.query> is developing a machine intelligence called Cortana. <eos/><bos/>The software, based off the well-known AI character from the company&apos;s Halo series of video games, is available in <cite.query w-seq-number="00008" w-ref-type="MM" w-normalized-cite="canonical_name::MICROSOFT" ID="I9eed3532a7c111e49418d5a107e72aaa">Microsoft</cite.query>&apos;s Windows Phone mobile software. <eos/><bos/>Cortana will soon make its way onto PCs as part of Windows 10, the new version of the company&apos;s popular operating system. <eos/><bos/>Windows 10 with Cortana is due later this year. -0-<eos/><eop/></p></text></content><indexing iso-language="en" value-add="machine-generated"><classification-terms><pres-subject-block><bop/><bos/><pres-subject-wrap><pres-subject>Major Corporations</pres-subject><pres-subject-code>MAJCORP</pres-subject-code><alt1-subject-code>1MA93</alt1-subject-code></pres-subject-wrap><eos/><eop/></pres-subject-block><pres-industry-block><bop/><bos/><pres-industry-wrap><pres-industry>Artificial Intelligence</pres-industry><pres-industry-code>SOFAI</pres-industry-code><alt1-industry-code>1AR14</alt1-industry-code></pres-industry-wrap><pres-industry-wrap><pres-industry>Automobiles</pres-industry><pres-industry-code>AUTOMODL</pres-industry-code><alt1-industry-code>1AU45</alt1-industry-code></pres-industry-wrap><pres-industry-wrap><pres-industry>Automotive</pres-industry><pres-industry-code>AUTONEWS</pres-industry-code><alt1-industry-code>1AU29</alt1-industry-code></pres-industry-wrap><pres-industry-wrap><pres-industry>Automotive Environmental Initiatives</pres-industry><pres-industry-code>AUTOENVR</pres-industry-code><alt1-industry-code>1AU68</alt1-industry-code></pres-industry-wrap><pres-industry-wrap><pres-industry>Automotive Technology</pres-industry><pres-industry-code>AUTOTECH</pres-industry-code><alt1-industry-code>1AU48</alt1-industry-code></pres-industry-wrap><pres-industry-wrap><pres-industry>Electric Vehicles</pres-industry><pres-industry-code>AUTOECAR</pres-industry-code><alt1-industry-code>1EL48</alt1-industry-code></pres-industry-wrap><pres-industry-wrap><pres-industry>Environmental</pres-industry><pres-industry-code>ENVIRO</pres-industry-code><alt1-industry-code>1EN24</alt1-industry-code></pres-industry-wrap><pres-industry-wrap><pres-industry>Environmental Solutions</pres-industry><pres-industry-code>ECOFIX</pres-industry-code><alt1-industry-code>1EN90</alt1-industry-code></pres-industry-wrap><pres-industry-wrap><pres-industry>I.T.</pres-industry><pres-industry-code>ITOVER</pres-industry-code><alt1-industry-code>1IT96</alt1-industry-code></pres-industry-wrap><pres-industry-wrap><pres-industry>I.T. in Transportation</pres-industry><pres-industry-code>TRSITOVR</pres-industry-code><alt1-industry-code>1IT48</alt1-industry-code></pres-industry-wrap><pres-industry-wrap><pres-industry>Land Transportation</pres-industry><pres-industry-code>LANDTRAN</pres-industry-code><alt1-industry-code>1LA43</alt1-industry-code></pres-industry-wrap><pres-industry-wrap><pres-industry>Low Emission &amp; No Emission Vehicles</pres-industry><pres-industry-code>CLEANCAR</pres-industry-code><alt1-industry-code>1LO79</alt1-industry-code></pres-industry-wrap><pres-industry-wrap><pres-industry>PC O/S Platforms</pres-industry><pres-industry-code>PCOSPL</pres-industry-code><alt1-industry-code>1PC73</alt1-industry-code></pres-industry-wrap><pres-industry-wrap><pres-industry>Passenger Transportation</pres-industry><pres-industry-code>PASSENGR</pres-industry-code><alt1-industry-code>1PA35</alt1-industry-code></pres-industry-wrap><pres-industry-wrap><pres-industry>Science &amp; Engineering</pres-industry><pres-industry-code>PTSCITCH</pres-industry-code><alt1-industry-code>1SC33</alt1-industry-code></pres-industry-wrap><pres-industry-wrap><pres-industry>Software</pres-industry><pres-industry-code>SOFOVER1</pres-industry-code><alt1-industry-code>1SO30</alt1-industry-code></pres-industry-wrap><pres-industry-wrap><pres-industry>Software O/S Platforms</pres-industry><pres-industry-code>SOFDOPS1</pres-industry-code><alt1-industry-code>1SO68</alt1-industry-code></pres-industry-wrap><pres-industry-wrap><pres-industry>Software Products</pres-industry><pres-industry-code>SOFTPROD</pres-industry-code><alt1-industry-code>1SO56</alt1-industry-code></pres-industry-wrap><pres-industry-wrap><pres-industry>Software Technology</pres-industry><pres-industry-code>SOFTECH</pres-industry-code><alt1-industry-code>1SO75</alt1-industry-code></pres-industry-wrap><pres-industry-wrap><pres-industry>Transportation</pres-industry><pres-industry-code>GETRAN</pres-industry-code><alt1-industry-code>1TR48</alt1-industry-code></pres-industry-wrap><pres-industry-wrap><pres-industry>Trends in Technology</pres-industry><pres-industry-code>TTRENDS</pres-industry-code><alt1-industry-code>1TR23</alt1-industry-code></pres-industry-wrap><eos/><eop/></pres-industry-block></classification-terms><classification-terms><rcs-block><rcs>B:71</rcs><rcs>B:66</rcs><rcs>B:161</rcs><rcs>B:56</rcs><rcs>B:69</rcs><rcs>B:174</rcs><rcs>M:NL</rcs><rcs>B:172</rcs><rcs>B:65</rcs><rcs>M:H</rcs></rcs-block></classification-terms><extraction-terms><extr-company-block><bop/><bos/><norm-company oa-id="4295907168">MICROSOFT CORP</norm-company><norm-company-wrap><norm-company-name>MICROSOFT CORP</norm-company-name><company-ids><oa-id>4295907168</oa-id><ric norm="MSFT.OQ">MSFT.OQ</ric></company-ids><company-classification><trbc-wrap><trbc type="RCS">B:1796</trbc><trbc type="2012">5720102010</trbc><trbc type="perm-id">4294951205</trbc></trbc-wrap></company-classification><relevancy engine="1C">0.5</relevancy><confidence engine="1C">0.99</confidence></norm-company-wrap><norm-company oa-id="4297089638">TESLA MOTORS INC</norm-company><norm-company-wrap><norm-company-name>TESLA MOTORS INC</norm-company-name><company-ids><oa-id>4297089638</oa-id><ric norm="TSLA.OQ">TSLA.OQ</ric></company-ids><company-classification><trbc-wrap><trbc type="RCS">B:1296</trbc><trbc type="2012">5310101014</trbc><trbc type="perm-id">4294951705</trbc></trbc-wrap></company-classification><relevancy engine="1C">0.2</relevancy><confidence engine="1C">0.99</confidence></norm-company-wrap><eos/><eop/></extr-company-block></extraction-terms><extraction-terms><extr-person-block><bop/><bos/><extr-person>Stephen Hawking</extr-person><extr-person-wrap><extr-person-name>Stephen Hawking</extr-person-name><relevancy engine="1C">0.2</relevancy></extr-person-wrap><extr-person>Bill Gates</extr-person><extr-person-wrap><extr-person-name>Bill Gates</extr-person-name><relevancy engine="1C">0.8</relevancy></extr-person-wrap><eos/><eop/></extr-person-block></extraction-terms></indexing></document></n-docbody>
</n-document>
<n-document guid="I122eceb0a57d11e49fdbd20ff44f2b97"><n-metadata><metadata.block><md.identifiers><md.cites><md.parallelcite><md.parallelcite.info><md.display.parallelcite type="WLNR">2015 WLNR 2488476</md.display.parallelcite></md.parallelcite.info></md.parallelcite><md.first.line.cite>1/26/15 BANKSVCS (No Page)</md.first.line.cite><md.second.line.cite>1/26/15 ARKA Banking Services Bull. (Pg. Unavail. Online)</md.second.line.cite></md.cites><md.uuid>I122eceb0a57d11e49fdbd20ff44f2b97</md.uuid></md.identifiers><md.infotype>news</md.infotype><md.sortkeys><md.ordersequence>f469da56c</md.ordersequence></md.sortkeys><md.descriptions><md.title>PRESS-CLIPPING January 19 to 23</md.title><md.westlawdescrip><md.readlist>READLIST</md.readlist></md.westlawdescrip></md.descriptions><md.dates><md.publisheddatetime>20150126110502</md.publisheddatetime><md.loaddate>20150126</md.loaddate><md.createddatetime>20150126110502</md.createddatetime></md.dates><md.subjects><md.subject><md.pubtype.name/><md.doctype.name>DNR</md.doctype.name><md.doctype.rank/><md.view>CNAM</md.view><md.view>RGEurope</md.view><md.view>PTMagazines</md.view><md.view>ARKANEWS0064119</md.view><md.view>ININTNEWS_AC</md.view><md.view>INFINNEWS</md.view><md.view>INALLNEWS_ACTEST</md.view><md.view>INFARNEWS_AC</md.view><md.view>ANZ_INTLBTI</md.view><md.view>INALLNEWS_AC</md.view><md.view>CLEAR_RF</md.view><md.view>INBUSNEWS</md.view><md.view>INBANKNEWS_AC</md.view><md.view>INBUSNEWS_AC</md.view></md.subject></md.subjects><md.jurisdictions><md.jurisdiction><md.jurisstate>FE</md.jurisstate></md.jurisdiction></md.jurisdictions><md.publications><md.publication/><md.sourcepubid>ARKANEWS</md.sourcepubid></md.publications><md.royalty><md.royalty.code>77232</md.royalty.code></md.royalty></metadata.block><news.metadata.block><md.text.preview>The monitoring of Armenian media reports regarding the activities of local banks from January 19 to 23 shows that the one-percent increase of refinancing rate by the Central Bank of Armenia was the most important among the then stories.According to</md.text.preview></news.metadata.block><newsplus.recommendable/><n-view>CNAM</n-view><n-view>RGEurope</n-view><n-view>PTMagazines</n-view><n-view>ARKANEWS0064119</n-view><n-view>ININTNEWS_AC</n-view><n-view>INFINNEWS</n-view><n-view>INALLNEWS_ACTEST</n-view><n-view>INFARNEWS_AC</n-view><n-view>ANZ_INTLBTI</n-view><n-view>INALLNEWS_AC</n-view><n-view>CLEAR_RF</n-view><n-view>INBUSNEWS</n-view><n-view>INBANKNEWS_AC</n-view><n-view>INBUSNEWS_AC</n-view><prism-stylesheet guid="Ia3024d301b6a11d89fc5f34981d3242f"/><prism-clipdate>20150126110502</prism-clipdate></n-metadata>
<n-docbody><document version="1" collection="D-ARKANEWS-T001" first-load-date="20150126110502" ip-product="ARKANEWS" royalty-id="77232" data-model="text" dtd-version="5.2.29" content-type="news" load-language="en"><supplier-info><supplier-num nitf="doc-id" nitf-regsrc="ARKA Banking Services Bulletin" type="accession">2af700d10be6eb2e</supplier-num><internal-acc-num db-id="NEPRARKA" type="newz">20150126170.4_V2af700d10be6eb2e</internal-acc-num><rec-status><last-load-date>20150126110502</last-load-date><nitf-date ne="datereceived">20150126T17:02:12Z</nitf-date><nitf-date nitf="date-issue">20150126T00:00:00Z</nitf-date><last-provider-update>20150126170212</last-provider-update></rec-status><supplier-copyright>Copyright Â© 2015 ARKA<copyright-year/><copyright-holder>ARKA</copyright-holder></supplier-copyright><supplier-note nitf="urgency" nitf-ed-urg="4"/><supplier-dtds><dtd dtd-version="working" dtd-date="20150120T00:00:00Z">Canonical Taxonomy</dtd><dtd dtd-version="20150114" dtd-date="20150120T00:00:00Z">Mapping File</dtd></supplier-dtds><copyright-block type="dialog"><service-copyright n-include_guid="Ice671660f30811d88920000083149a14" n-include_collection="D-DIALOGCOPYRIGHTS-T001"/></copyright-block><copyright-block type="west"><service-copyright n-include_guid="I1DA35ED81DD211B281BAD200220BDFCA" n-include_collection="w_wlnv_msg"/></copyright-block><west-citation-block><bop/><first-line-cite><bos/>1/26/15 BANKSVCS (No Page)<eos/></first-line-cite><second-line-cite><bos/>1/26/15 ARKA Banking Services Bull. (Pg. Unavail. Online)<eos/></second-line-cite><westlawcite><bos/>2015 WLNR 2488476<eos/></westlawcite><eop/></west-citation-block></supplier-info><title-info iso-language="en"><bop/><title type="headline" nitf-hedline="hl1" key="key-title"><bos/><sort-title>PRESS-CLIPPING January 19 to 23</sort-title><eos/></title><eop/></title-info><pub-info><journal key="key-journal"><bop/><bos/><sort-journal>ARKA Banking Services Bulletin</sort-journal><eos/><eop/></journal><pub-date key="key-date" iso-time="T00:00:00Z" type="date.publication"><full-pub-date>January 26, 2015</full-pub-date><sort-pub-date>20150126</sort-pub-date><sort-pub-timestamp>20150126000000</sort-pub-timestamp><rank-date>20150126</rank-date><currency-timestamp>20150126000000</currency-timestamp></pub-date><original-pub><language iso-language="en">English</language></original-pub><src-data><src-journal-code>ANPY</src-journal-code><src-pub-code>0064119</src-pub-code><src-pub-type>Newsletter</src-pub-type><src-pub-country-wrap><src-pub-country-code>AM</src-pub-country-code><src-pub-country>Armenia</src-pub-country></src-pub-country-wrap><src-pub-region>Europe</src-pub-region></src-data></pub-info><content iso-language="en"><total-char-count>14226</total-char-count><derived-word-count><bop/><bos/>Word Count: 2174<eos/><eop/></derived-word-count><text type="lead-para"><p nitf="lede"><bop/><bos/>The monitoring of Armenian media reports regarding the activities of local banks from January 19 to 23 shows that the one-percent increase of refinancing rate by the <cite.query w-seq-number="00001" w-ref-type="CO" w-normalized-cite="I706C7C4142B311DDA5520014224D2780" ID="I83ce7c00a57d11e4b62c8e15fe74c340">Central Bank of Armenia</cite.query> was the most important among the then stories.<eos/><eop/></p><p nitf="lede"><bop/><bos/>According to Armenian media outlets, Ameriabank has signed its r 80th trade finance deal covered by the Trade Facilitation Program of the <cite.query w-seq-number="00002" w-ref-type="CO" w-normalized-cite="IBAFB90B169EC11DDB89AB9FC5024B35B" ID="I83d35e00a57d11e4b62c8e15fe74c340">European Bank for Reconstruction and Development</cite.query> (EBRD).<eos/><eop/></p></text><text type="body"><p><bop/><bos/>It has also become known from media reports that Ardshinbank earned <cite.query w-seq-number="00003" w-ref-type="CO" w-normalized-cite="I27218B6541EC11DDAD6B0014224D2780" ID="I83d84000a57d11e4b62c8e15fe74c340">AMD</cite.query> 4.2 billion in net profit in 2014.<eos/><eop/></p><p><bop/><bos/>Areximbank - <cite.query w-seq-number="00004" w-ref-type="NM" w-normalized-cite="canonical_name::GAZPROMBANK GROUP" ID="I83decfb0a57d11e4b62c8e15fe74c340">Gazprombank Group</cite.query> has raised its authorized stock by 9.4 billion drams or $20 million to a total of 25.9 billion drams.<eos/><eop/></p><p><bop/><bos/>Yerevan-based <cite.query w-seq-number="00005" w-ref-type="CO" w-normalized-cite="IAB5AD290E2CE11DE916D8A11856AA63E" ID="I83f82410a57d11e4b62c8e15fe74c340">Anelik Bank</cite.query> CEO Nerses Karamanukyan said the Lebanese-owned bank closed last year with a net income of 335 million drams after sustaining losses for two years in a row. <eos/><bos/>He also told reporters that <cite.query w-seq-number="00006" w-ref-type="CO" w-normalized-cite="IAB5AD290E2CE11DE916D8A11856AA63E" ID="I83f82411a57d11e4b62c8e15fe74c340">Anelik Bank</cite.query> stockholder will consider all possible ways for replenishment of the capital by 2017. <eos/><bos/><cite.query w-seq-number="00007" w-ref-type="CO" w-normalized-cite="IAB5AD290E2CE11DE916D8A11856AA63E" ID="I83f82412a57d11e4b62c8e15fe74c340">Anelik Bank</cite.query> has raffled prizes for users of the bank&apos;s money transfer services.<eos/><eop/></p><p><bop/><bos/><cite.query w-seq-number="00008" w-ref-type="CO" w-normalized-cite="IB9397CB0D0D811DF98F8FD3889AD24A2" ID="I840199f0a57d11e4b62c8e15fe74c340">VTB Bank</cite.query> (Armenia has become the only bank in Armenia so far to have joined a new system of remittances called BEST.<eos/><eop/></p><p><bop/><bos/><cite.query w-seq-number="00009" w-ref-type="MM" w-normalized-cite="canonical_name::MOODYS INVESTORS SERVICE" ID="I84143790a57d11e4b62c8e15fe74c340">Moody&apos;s Investors Service</cite.query> has changed outlooks for VTB Bank (Armenia) and Ardshinbank to negative from stable.<eos/><eop/></p><p><bop/><bos/>The media reports released by newspapers and Internet resources over the period between January 19 and 23 contained information about five commercial banks.<eos/><eop/></p><p><bop/><bos/>Azg, Golos Armenii, Novoe <cite.query w-seq-number="00010" w-ref-type="NM" w-normalized-cite="canonical_name::VREMYA" ID="I8421a510a57d11e4b62c8e15fe74c340">Vremya</cite.query>, Aravot, Delovoy Express, Hayastani Hanrapetutyun, Respublika Armenia, Haykakan Zhamanak, Hayots Ashkhar, Iravunk, Orakarg, Yerkir, Hraparak, Chorrord Ishkhanutyun, Zhamanak, Zhoghovurd and 168 Zham newspapers were used to collect the information.<eos/><eop/></p><p><bop/><bos/>Panarmenian, ARKA, Armbanks, Banks, Arminfo, Finport and Panorama and <cite.query w-seq-number="00011" w-ref-type="MM" w-normalized-cite="canonical_name::EBANK" ID="I842882e0a57d11e4b62c8e15fe74c340">Ebank</cite.query> Internet resources were used as well. ---0---<eos/><eop/></p><section-title>AMERIABANK SIGNS 80TH TRADE FINANCE DEAL COVERED BY EBRD TRADE FACILITATION PROGRAM</section-title><p><bop/><bos/>Ameriabank has signed its r 80th trade finance deal covered by the Trade Facilitation Program of the <cite.query w-seq-number="00012" w-ref-type="CO" w-normalized-cite="IBAFB90B169EC11DDB89AB9FC5024B35B" ID="I84329500a57d11e4b62c8e15fe74c340">European Bank for Reconstruction and Development</cite.query> (EBRD).<eos/><bos/> The cooperation between the bank and the EBRD commenced on September 30, 2010 and since then trade finance deals in the total amount of over 70 million USD have been signed, <cite.query w-seq-number="00013" w-ref-type="CO" w-normalized-cite="IC0E94EA04D4211DF8364B0DA947806B1" ID="I84329501a57d11e4b62c8e15fe74c340">Ameriabank</cite.query> says in a press release.<eos/><eop/></p><p><bop/><bos/>During their long-standing cooperation Ameriabank and the EBRD have co-financed several key projects fostering Armenian economy, in particular in the sectors of telecommunication, energy, agricultural, trade, manufacturing, etc.<eos/><eop/></p><p><bop/><bos/>Sources: www.arka.am 22.01.2015, www.finport.am 23.01.2015, www.panarmenian.net 22.01.2015, www.panorama.am 23.01.2015<eos/><eop/></p><section-title>ARMENIA&apos;S ARDSHINBANK EARNS 4.2BLN DRAMS IN NET PROFIT IN2014</section-title><p><bop/><bos/>Net profit of Armenia&apos;s Ardshinbank amounted to 4.2 billion drams by the end of 2014, the bank&apos;s press office reported.<eos/><eop/></p><p><bop/><bos/>The bank has even strengthened its positions in the list of top three banks of Armenia, according to the report.<eos/><eop/></p><p><bop/><bos/>Assets of the bank were 369.1 billion drams as of the end of December 2014, an increase of approximately 37%. <eos/><bos/>The bank&apos;s loan portfolio was 220.1bln drams (27.8% growth), liabilities to clients 182.8 bln drams (14.9% growth).<eos/><bos/> Own capital rose by 7.4% to 47.4 billion drams, as compared to 2013.<eos/><eop/></p><p><bop/><bos/>The report says that in 2014 the bank managed to attract an additional of $75 million from <cite.query w-seq-number="00014" w-ref-type="MM" w-normalized-cite="canonical_name::JP MORGAN" ID="I844aff00a57d11e4b62c8e15fe74c340">J.P. Morgan</cite.query>, $18 million from <cite.query w-seq-number="00015" w-ref-type="MM" w-normalized-cite="canonical_name::CITI" ID="I844aff01a57d11e4b62c8e15fe74c340">CITI</cite.query> syndicate and $20 million from BSTDB and EDB ($10mln from each).<eos/><eop/></p><p><bop/><bos/>As of the end of 2014, the number of active clients rose by 1.7% to about 225,000 people in the bank.<eos/><eop/></p><p><bop/><bos/>Sources: www.armbanks.am 23.01.2015, www.finport.am 23.01.2015, www.arminfo.am 23.01.2015<eos/><eop/></p><section-title>AREXIMBANK - GAZPROMBANK GROUP INCREASES AUTHORIZED STOCK TO 25.9BLN DRAMS</section-title><p><bop/><bos/>Areximbank - <cite.query w-seq-number="00016" w-ref-type="NM" w-normalized-cite="canonical_name::GAZPROMBANK GROUP" ID="I8452a020a57d11e4b62c8e15fe74c340">Gazprombank Group</cite.query> has raised its authorized stock by 9.4 billion drams or $20 million to a total of 25.9 billion drams, the bank&apos;s press office reported.<eos/><eop/></p><p><bop/><bos/>The stock is increased by the sole stockholder, through an issue of additional shares, according to the report.<eos/><eop/></p><p><bop/><bos/>Sources: ww.armbanks.am 22.01.2015, www.arka.am 22.01.2015, www.finport.am 22.01.2015, www.arminfo.am 22.01.2015, www.banks.am 22.01.2015, www.panarmenian.net 22.01.2015<eos/><eop/></p><section-title>ANELIK BANK RAFFLES PRIZES FOR USERS OF THE BANK&apos;S MONEY TRANSFER SERVICES</section-title><p><bop/><bos/><cite.query w-seq-number="00017" w-ref-type="CO" w-normalized-cite="IAB5AD290E2CE11DE916D8A11856AA63E" ID="I845b52b0a57d11e4b62c8e15fe74c340">Anelik Bank</cite.query> has raffled prizes for users of the bank&apos;s money transfer services. <eos/><bos/>There were a tablet, smartphones and free subscription to Internet services for three, six and 2 months among the 13 raffled prizes.<eos/><eop/></p><p><bop/><bos/>A special commission headed by Hayk Mkrtchyan, deputy chairman of the bank&apos;s board and business development director, and clients were present at the raffle.<eos/><eop/></p><p><bop/><bos/>Names of the winners are available on the bank&apos;s page in <cite.query w-seq-number="00018" w-ref-type="CO" w-normalized-cite="IE9D0907041EC11DDAD6B0014224D2780" ID="I84658be0a57d11e4b62c8e15fe74c340">Facebook</cite.query>. <eos/>M.V.----0------<eop/></p><p><bop/><bos/>Sources: www.armbanks.am 23.01.2015, www.banks.am 23.01.2015<eos/><eop/></p><section-title>INTEREST RATES MAY RISE ALREADY IN FEBRUARY-MARCH, ARMENIAN BANKER SAYS</section-title><p><bop/><bos/>Rates will rise in Armenia&apos;s financial market already in February-March, chairman of <cite.query w-seq-number="00019" w-ref-type="CO" w-normalized-cite="IAB5AD290E2CE11DE916D8A11856AA63E" ID="I8470fd90a57d11e4b62c8e15fe74c340">Anelik Bank</cite.query> board Nerses Karamanukyan told reporters.<eos/><eop/></p><p><bop/><bos/>Rate change is required in relation to the forex reserve requirement being increased for banks by the central bank (by 20%), he said.<eos/><eop/></p><p><bop/><bos/>Many Armenian banks have already raised dram deposit rates as they will continue their local currency financing, Karamanukyan said adding replenishment of dram resources is now a priority to Armenian banks.<eos/><eop/></p><p><bop/><bos/>According to the banker, increased demand for dram deposits will lead to rise in dram loan rates. <eos/><bos/>After <cite.query w-seq-number="00020" w-ref-type="NM" w-normalized-cite="canonical_name::MOODY" ID="I847c6f40a57d11e4b62c8e15fe74c340">Moody</cite.query>&apos;s downgraded Armenia&apos;s rating from Ba2 to Ba3 and the outlook from stable to negative, costs of international funding will rise slightly, he said.<eos/><eop/></p><p><bop/><bos/>This, in turn, will make dollar loan rates rise, and that is what is happening now, according to the banker.<eos/><eop/></p><p><bop/><bos/>Prices for some banking services are expected to rise negligibly in February-March, he said.<eos/><eop/></p><p><bop/><bos/>Source: www.armbanks.am 19.01.2015<eos/><eop/></p><section-title>ANELIK BANK EARNS 335 MILLION DRAMS IN NET PROFIT LAST YEAR</section-title><p><bop/><bos/>Yerevan-based <cite.query w-seq-number="00021" w-ref-type="CO" w-normalized-cite="IAB5AD290E2CE11DE916D8A11856AA63E" ID="I84841060a57d11e4b62c8e15fe74c340">Anelik Bank</cite.query> CEO Nerses Karamanukyan said the Lebanese-owned bank closed last year with a net income of 335 million drams after sustaining losses for two years in a row.<eos/><eop/></p><p><bop/><bos/>Speaking to a news conference he said the profit before tax stood at 538 million drams. <eos/><bos/>He said this figure compared to more than 1.4 billion drams in losses the bank incurred in 2013.<eos/><eop/></p><p><bop/><bos/>According to Karamanukyan, the bank&apos;s assets grew last year by 45% to 87 billion drams, up from 60 billion drams in 2013; its liabilities grew by almost 55% to have reached 72.6 billion drams, while its loan portfolio surged by almost 50% to 58.6 billion drams.<eos/><eop/></p><p><bop/><bos/>Sources: www.armbanks.am 19.01.2015,www.finport.am 19.01.2015,www.arminfo.am 19.01.2015, www.banks.am19.01.2015<eos/><eop/></p><section-title>ANELIK BANK STOCKHOLDER TO CONSIDER REPLENISHMENT OF CAPITAL BY 2017</section-title><p><bop/><bos/>Anelik Bank stockholder will consider all possible ways for replenishment of the capital by 2017, chairman of <cite.query w-seq-number="00022" w-ref-type="CO" w-normalized-cite="IAB5AD290E2CE11DE916D8A11856AA63E" ID="I848bb180a57d11e4b62c8e15fe74c340">Anelik Bank</cite.query> board Nerses Karamanukyan told reporters.<eos/><eop/></p><p><bop/><bos/>The <cite.query w-seq-number="00023" w-ref-type="CO" w-normalized-cite="I706C7C4142B311DDA5520014224D2780" ID="I848f8210a57d11e4b62c8e15fe74c340">Central Bank of Armenia</cite.query> has decided to raise the total capital requirement for the banks from 5 billion drams to 30 billion drams as from January 1, 2017, to promote amalgamation, to help improve the quality of banking services and make them more affordable, for a better competitive environment.<eos/><eop/></p><p><bop/><bos/>The decision about the replenishment will be made by the owner of the bank, Karamanukyan said.<eos/><eop/></p><p><bop/><bos/>The banker said the owner will consider all the possible ways, including investments, aggressive growth, replenishment from profit, profit growth, acquisition of another bank or consolidation.<eos/><eop/></p><p><bop/><bos/>Last year, before the central bank&apos;s decision, <cite.query w-seq-number="00024" w-ref-type="CO" w-normalized-cite="IAB5AD290E2CE11DE916D8A11856AA63E" ID="I84965fe0a57d11e4b62c8e15fe74c340">Anelik Bank</cite.query> resorted to direct replenishing worth 1 billion drams to ensure dynamic growth, Karamanukyan said.<eos/><eop/></p><p><bop/><bos/>He said he believes the main stockholder will make all the required capital investments in the next two years to meet the requirement. <eos/><bos/>Today the bank fulfills all the current capital adequacy norms, he added.<eos/><eop/></p><p><bop/><bos/>Mass media allegations that Armenian banks fall short of the central bank&apos;s requirements are not true, according to Karamanukyan. <eos/><bos/>These allegations give rise to panic among the population, he said.<eos/><eop/></p><p><bop/><bos/>In reality, stability of population&apos;s deposits is not jeopardized, according to the banker.<eos/><eop/></p><p><bop/><bos/>Sources: www.armbanks.am 19.01.2015,www.finport.am 19.01.2015, www.arminfo.am 19.01.2015,www.banks.am 19.01.2015<eos/><eop/></p><section-title>VTB BANK (ARMENIA) JOINS BEST MONEY TRANSFER SYSTEM</section-title><p><bop/><bos/><cite.query w-seq-number="00025" w-ref-type="CO" w-normalized-cite="IB9397CB0D0D811DF98F8FD3889AD24A2" ID="I849e4f20a57d11e4b62c8e15fe74c340">VTB Bank</cite.query> (Armenia has become the only bank in Armenia so far to have joined a new system of remittances called BEST.<eos/><eop/></p><p><bop/><bos/>The bank said <cite.query w-seq-number="00026" w-ref-type="MM" w-normalized-cite="canonical_name::BEST" ID="I84c5fb60a57d11e4b62c8e15fe74c340">BEST</cite.query> has a wide network of service points (22,000 points) both in Russia and other CIS countries. <eos/><bos/>Remittances are accepted in Russian rubles, US dollars and euros. <eos/><bos/>The commission starts with 1%. <eos/><bos/>Remittances become available to receivers within one minute.<eos/><eop/></p><p><bop/><bos/>The maximum amount of a remittance is 590,000 rubles or the equivalent in US dollars or euros. <eos/><bos/>Three money transfer transactions a day are allowed.<eos/><eop/></p><p><bop/><bos/>The customers can also get money transfers without visiting the bank by using VTB Transfer service: they need to active this service on their VTB Bank (Armenia) card or purchase a special card VTB Transfer, call 87-87 , tell the code word and the amount will be transferred to their card in real time mode.<eos/><eop/></p><p><bop/><bos/>Sources: www.armbanks.am 23.01.2015, www.arka.am 23.01.2015, www.banks.am 23.01.2015, www.finport.am 23.01.2015, www.arminfo.am 23.01.2015<eos/><eop/></p><section-title>CENTRAL BANK RAISED REFINANCING RATE TO 9.5% IN ARMENIA</section-title><p><bop/><bos/>The council of the <cite.query w-seq-number="00027" w-ref-type="CO" w-normalized-cite="I706C7C4142B311DDA5520014224D2780" ID="I84d0a9c0a57d11e4b62c8e15fe74c340">Central Bank of Armenia</cite.query> (<cite.query w-seq-number="00028" w-ref-type="CO" w-normalized-cite="I68D1FDE542B111DD961A0014224D2780" ID="I84d0a9c1a57d11e4b62c8e15fe74c340">CBA</cite.query>) increased the refinancing rate by one percentage point to 9.5% at its special meeting on Wednesday, the press office of the regulator reported.<eos/><eop/></p><p><bop/><bos/>According to the central bank, Armenia&apos;s inflation was 3% in December 2014, having brought the twelve-month inflation to 4.6%.<eos/><eop/></p><p><bop/><bos/>Deflation trends continued with the speed and scale of their probable influence on price changes in Armenian markets being still unclear after the last revision of the refinancing rate, says the report.<eos/><eop/></p><p><bop/><bos/>Deflation pressures were recorded in Armenia&apos;s partner countries as well, apart from Russia where unprecedented ruble depreciation led to an adjustment to price rises at the end.<eos/><eop/></p><p><bop/><bos/>On the other hand, despite certain mitigation in the local market at the end of 2014, high inflationary expectations are still there, leading to high demand for dram interest rates among entities in the financial market, according to the report.<eos/><eop/></p><p><bop/><bos/><cite.query w-seq-number="00029" w-ref-type="CO" w-normalized-cite="I68D1FDE542B111DD961A0014224D2780" ID="I84d73970a57d11e4b62c8e15fe74c340">CBA</cite.query>&apos;s council says the current high interest rates reflect somehow the long-term global rate growth risks.<eos/><eop/></p><p><bop/><bos/>It is worth to raise the refinancing rate for maintaining the monetary-credit policy approaches, the council says. <eos/><bos/>At the same time, the council lowered the Lombard repo rate by 3 percentage points to 17% to reduce the current high interest rates, according to the report.<eos/><eop/></p><p><bop/><bos/>This, according to the regulator, will help neutralize high inflationary expectations and to ensure the target inflation level.<eos/><eop/></p><p><bop/><bos/>The next decision on the monetary and credit policy priorities is scheduled for February 10, followed by a release of the policy program for the first quarter with the recent developments and projections in detail.<eos/><eop/></p><p><bop/><bos/>Sources: www.armbanks.am 22.01.2015, www.arka.am 22.01.2015, www.finport.am 22.01.2015, www.banks.am 22.01.2015, www.panarmenian.net 22.01.2015, www.panorama.am 22.01.2015<eos/><eop/></p><section-title>NO NEED TO HAVE 21 BANKS IN ARMENIA - REGULATOR</section-title><p><bop/><bos/>Armenak Darbinyan, a member of the board of the Central bank of Armenia, finds it unreasonable to have 21 banks in Armenia, especially taking into account their sizes.<eos/><eop/></p><p><bop/><bos/>&quot;If any bank increases its capital, it means its ability to finance economy grows a great deal and the bank becomes a more stable financial organization which is likely to increase its lending to small and medium businesses and, why not, to lower its interest rates,&quot; he said.<eos/><eop/></p><p><bop/><bos/>In his opinion, large banks&apos; resistibility against shocks is higher, and therefore, consolidation of capital should be considered as positive phenomenon.<eos/><eop/></p><p><bop/><bos/>Darbinyan said banks will grow also through merging, and this process will be quite smooth.<eos/><eop/></p><p><bop/><bos/>Sources: www.armbanks.am 22.01.2015, www.banks.am 22.01.2015<eos/><eop/></p><section-title>CONSOLIDATION OF ARMENIAN BANKS WILL STRENGTHEN BANKING INDUSTRY, ECONOMIST SAYS</section-title><p><bop/><bos/>Consolidation of Armenian banks, which will fail to meet a new minimum capital requirement, set by the regulator, will only strengthen the banking industry, according to economist Vilen Khachatryan.<eos/><eop/></p><p><bop/><bos/>&quot;Most likely, in some cases we will see not mergers, but takeovers. <eos/><bos/>Larger banks will take over smaller and risky ones, &quot;Khachatryan said at a press conference on Thursday.<eos/><eop/></p><p><bop/><bos/>According to him, the smaller the number of banks, the easier it is for the regulator to oversee them. <eos/><bos/>At the same time, he expressed concern that the reduction in the number of banks may affect competition among local commercial banks, cause job losses, create a lot of inconvenience for customers, in particular because they will have to renew their agreements.<eos/><eop/></p><p><bop/><bos/>Source: www.armbanks.am 22.01.2015<eos/><eop/></p><section-title>MOODY&apos;S HAS CHANGED OUTLOOKS FOR TWO ARMENIAN BANKS TO NEGATIVE FROM STABLE</section-title><p><bop/><bos/><cite.query w-seq-number="00030" w-ref-type="MM" w-normalized-cite="canonical_name::MOODYS INVESTORS SERVICE" ID="I84ef2e40a57d11e4b62c8e15fe74c340">Moody&apos;s Investors Service</cite.query> has changed outlooks for VTB Bank (Armenia) and Ardshinbank to negative from stable. <eos/><bos/><cite.query w-seq-number="00031" w-ref-type="MM" w-normalized-cite="canonical_name::MOODYS" ID="I84ef2e41a57d11e4b62c8e15fe74c340">Moody&apos;s</cite.query> has also lowered Ardshinbank&apos;s ceilings of long-term deposits in drams and unsecured loans from Ba2 to Ba3, and the ceiling of deposits in foreign currencies of Ardshinbank and VTB Bank (Armenia) from Ba3 to Ba1.<eos/><eop/></p><p><bop/><bos/>This downgrading has not been unexpected given the worsened credit rating of Armenia from Ba2 to Ba3 and downgraded ceiling of local-currency bond and deposit to Ba1 from Baa3, the foreign-currency bond ceiling to Ba2 from Ba1 as well as the foreign-currency deposit ceiling to B1 from Ba3.<eos/><eop/></p><p><bop/><bos/>The key drivers for the downgrade are the following:<eos/><eop/></p><p><bop/><bos/>1) Armenia&apos;s increased external vulnerability due to declining remittances from Russia, an uncertain outlook for foreign direct investment (<cite.query w-seq-number="00032" w-ref-type="WC" w-normalized-cite="IF105BA8020B811DFA802F09965475B42" ID="I84f48570a57d11e4b62c8e15fe74c340">FDI</cite.query>), an elevated susceptibility to exchange rate volatility, and expected pressure on foreign exchange (FX) reserves;<eos/><eop/></p><p><bop/><bos/>2) The country&apos;s impaired growth outlook, compounded by negative growth spillovers from Russia, weak investment activity, and constraints on trade with countries outside the Eurasian Economic Union (EEU) that are expected from Armenia&apos;s recent EEU accession.<eos/><eop/></p><p><bop/><bos/>In a related action, <cite.query w-seq-number="00033" w-ref-type="MM" w-normalized-cite="canonical_name::MOODYS" ID="I84fb6340a57d11e4b62c8e15fe74c340">Moody&apos;s</cite.query> has also lowered the local-currency bond and deposit ceilings to Ba1 from Baa3, the foreign-currency bond ceiling to Ba2 from Ba1, as well as the foreign-currency deposit ceiling to B1 from Ba3.<eos/><eop/></p><p><bop/><bos/>Sources: www.armbanks.am 20.01.2015, www.banks.am 20.01.2015<eos/><eop/></p></text></content><indexing iso-language="en" value-add="machine-generated"><classification-terms><pres-location-block><bop/><bos/><pres-location-wrap><pres-location>Arab States</pres-location><pres-location-code>GEOARST</pres-location-code><alt1-location-code>1AR46</alt1-location-code></pres-location-wrap><pres-location-wrap><pres-location>Armenia</pres-location><pres-location-code>ISOAM</pres-location-code><alt1-location-code>1AR09</alt1-location-code></pres-location-wrap><pres-location-wrap><pres-location>CIS Countries</pres-location><pres-location-code>CISSTAT</pres-location-code><alt1-location-code>1CI64</alt1-location-code></pres-location-wrap><pres-location-wrap><pres-location>Eastern Europe</pres-location><pres-location-code>GEOEEUR</pres-location-code><alt1-location-code>1EA48</alt1-location-code></pres-location-wrap><pres-location-wrap><pres-location>Europe</pres-location><pres-location-code>GEOEUR</pres-location-code><alt1-location-code>1EU83</alt1-location-code></pres-location-wrap><pres-location-wrap><pres-location>Lebanon</pres-location><pres-location-code>ISOLB</pres-location-code><alt1-location-code>1LE68</alt1-location-code></pres-location-wrap><pres-location-wrap><pres-location>Middle East</pres-location><pres-location-code>GEOME</pres-location-code><alt1-location-code>1MI23</alt1-location-code></pres-location-wrap><pres-location-wrap><pres-location>Russia</pres-location><pres-location-code>ISORU</pres-location-code><alt1-location-code>1RU33</alt1-location-code></pres-location-wrap><eos/><eop/></pres-location-block></classification-terms><classification-terms><pres-subject-block><bop/><bos/><pres-subject-wrap><pres-subject>CIS</pres-subject><pres-subject-code>GEOCIS</pres-subject-code><alt1-subject-code>1CI65</alt1-subject-code></pres-subject-wrap><pres-subject-wrap><pres-subject>Economic Policy &amp; Policymakers</pres-subject><pres-subject-code>ECONRULE</pres-subject-code><alt1-subject-code>1EC69</alt1-subject-code></pres-subject-wrap><pres-subject-wrap><pres-subject>Economics &amp; Trade</pres-subject><pres-subject-code>TRADE</pres-subject-code><alt1-subject-code>1EC26</alt1-subject-code></pres-subject-wrap><pres-subject-wrap><pres-subject>Emerging Market Countries</pres-subject><pres-subject-code>EMERGING</pres-subject-code><alt1-subject-code>1EM65</alt1-subject-code></pres-subject-wrap><pres-subject-wrap><pres-subject>Monetary Policy</pres-subject><pres-subject-code>PTMONET</pres-subject-code><alt1-subject-code>1MO18</alt1-subject-code></pres-subject-wrap><pres-subject-wrap><pres-subject>World Organizations</pres-subject><pres-subject-code>GEOORGS</pres-subject-code><alt1-subject-code>1IN77</alt1-subject-code></pres-subject-wrap><eos/><eop/></pres-subject-block><pres-industry-block><bop/><bos/><pres-industry-wrap><pres-industry>Banking</pres-industry><pres-industry-code>BANKOVER</pres-industry-code><alt1-industry-code>1BA20</alt1-industry-code></pres-industry-wrap><pres-industry-wrap><pres-industry>Commercial Banking Services</pres-industry><pres-industry-code>BANKCOML</pres-industry-code><alt1-industry-code>1CO19</alt1-industry-code></pres-industry-wrap><pres-industry-wrap><pres-industry>Financial Services</pres-industry><pres-industry-code>FINSVC</pres-industry-code><alt1-industry-code>1FI37</alt1-industry-code></pres-industry-wrap><pres-industry-wrap><pres-industry>Financial Services Regulatory</pres-industry><pres-industry-code>FINREG</pres-industry-code><alt1-industry-code>1FI03</alt1-industry-code></pres-industry-wrap><pres-industry-wrap><pres-industry>Major Central Banks</pres-industry><pres-industry-code>MAJCBANK</pres-industry-code><alt1-industry-code>1MA01</alt1-industry-code></pres-industry-wrap><eos/><eop/></pres-industry-block></classification-terms><classification-terms><rcs-block><rcs>G:B</rcs><rcs>E:5</rcs><rcs>G:A</rcs><rcs>G:B2</rcs><rcs>G:64</rcs><rcs>B:127</rcs><rcs>B:128</rcs><rcs>G:38</rcs><rcs>B:125</rcs><rcs>B:126</rcs><rcs>G:Y</rcs><rcs>E:B</rcs><rcs>M:8</rcs><rcs>G:7I</rcs><rcs>G:Q</rcs><rcs>B:131</rcs><rcs>G:1</rcs><rcs>G:AJ</rcs></rcs-block></classification-terms><extraction-terms><extr-company-block><bop/><bos/><extr-company>168 Zham</extr-company><extr-company-wrap><extr-company-name>168 Zham</extr-company-name><relevancy engine="1C">0.2</relevancy><confidence engine="1C">0.73</confidence></extr-company-wrap><extr-company>ARMENIAN BANKS WILL STRENGTHEN BANKING INDUSTRY</extr-company><extr-company-wrap><extr-company-name>ARMENIAN BANKS WILL STRENGTHEN BANKING INDUSTRY</extr-company-name><relevancy engine="1C">0.2</relevancy><confidence engine="1C">0.68</confidence></extr-company-wrap><norm-company oa-id="5000943280">AMERIABANK CJSC</norm-company><norm-company-wrap><norm-company-name>AMERIABANK CJSC</norm-company-name><company-ids><oa-id>5000943280</oa-id></company-ids><company-classification><trbc-wrap><trbc type="RCS">B:1615</trbc><trbc type="2012">5510101010</trbc><trbc type="perm-id">4294951386</trbc></trbc-wrap></company-classification><relevancy engine="1C">0.2</relevancy><confidence engine="1C">0.82</confidence></norm-company-wrap><norm-company oa-id="5000023584">ANELIK BANK CLOSED JSK</norm-company><norm-company-wrap><norm-company-name>ANELIK BANK CLOSED JSK</norm-company-name><company-ids><oa-id>5000023584</oa-id></company-ids><company-classification><trbc-wrap><trbc type="RCS">B:128</trbc><trbc type="2012">55101010</trbc><trbc type="perm-id">4294952873</trbc></trbc-wrap></company-classification><relevancy engine="1C">0.5</relevancy><confidence engine="1C">0.99</confidence></norm-company-wrap><norm-company oa-id="4297689786">ARDSHINBANK CJSC</norm-company><norm-company-wrap><norm-company-name>ARDSHINBANK CJSC</norm-company-name><company-ids><oa-id>4297689786</oa-id></company-ids><company-classification><trbc-wrap><trbc type="RCS">B:1615</trbc><trbc type="2012">5510101010</trbc><trbc type="perm-id">4294951386</trbc></trbc-wrap></company-classification><relevancy engine="1C">0.2</relevancy><confidence engine="1C">0.84</confidence></norm-company-wrap><norm-company oa-id="5000094276">AREXIMBANK GAZPROMBANK GROUP CJSC</norm-company><norm-company-wrap><norm-company-name>AREXIMBANK GAZPROMBANK GROUP CJSC</norm-company-name><company-ids><oa-id>5000094276</oa-id></company-ids><relevancy engine="1C">0.2</relevancy><confidence engine="1C">0.91</confidence></norm-company-wrap><norm-company oa-id="8589934160">EUROPEAN BANK FOR RECONSTRUCTION AND DEVELOPMENT</norm-company><norm-company-wrap><norm-company-name>EUROPEAN BANK FOR RECONSTRUCTION AND DEVELOPMENT</norm-company-name><company-ids><oa-id>8589934160</oa-id></company-ids><company-classification><trbc-wrap><trbc type="RCS">B:1615</trbc><trbc type="2012">5510101010</trbc><trbc type="perm-id">4294951386</trbc></trbc-wrap></company-classification><relevancy engine="1C">0.2</relevancy><confidence engine="1C">0.92</confidence></norm-company-wrap><norm-company oa-id="4297297477">FACEBOOK INC</norm-company><norm-company-wrap><norm-company-name>FACEBOOK INC</norm-company-name><company-ids><oa-id>4297297477</oa-id><ric norm="FB.OQ">FB.OQ</ric></company-ids><company-classification><trbc-wrap><trbc type="RCS">B:1806</trbc><trbc type="2012">5720103012</trbc><trbc type="perm-id">4294951195</trbc></trbc-wrap></company-classification><relevancy engine="1C">0.2</relevancy><confidence engine="1C">0.79</confidence></norm-company-wrap><norm-company oa-id="5000021791">JPMORGAN CHASE AND CO</norm-company><norm-company-wrap><norm-company-name>JPMORGAN CHASE AND CO</norm-company-name><company-ids><oa-id>5000021791</oa-id><ric norm="8634.T">8634.T</ric></company-ids><company-classification><trbc-wrap><trbc type="RCS">B:1615</trbc><trbc type="2012">5510101010</trbc><trbc type="perm-id">4294951386</trbc></trbc-wrap></company-classification><relevancy engine="1C">0.2</relevancy><confidence engine="1C">0.93</confidence></norm-company-wrap><norm-company oa-id="4296426475">PANORAMA PETROLEUM INC</norm-company><norm-company-wrap><norm-company-name>PANORAMA PETROLEUM INC</norm-company-name><company-ids><oa-id>4296426475</oa-id><ric norm="PPA.V">PPA.V</ric></company-ids><company-classification><trbc-wrap><trbc type="RCS">B:1004</trbc><trbc type="2012">5010202010</trbc><trbc type="perm-id">4294951997</trbc></trbc-wrap></company-classification><relevancy engine="1C">0.2</relevancy><confidence engine="1C">0.74</confidence></norm-company-wrap><norm-company oa-id="4295887248">VTB BANK (OPEN JOINT STOCK COMPANY)</norm-company><norm-company-wrap><norm-company-name>VTB BANK (OPEN JOINT STOCK COMPANY)</norm-company-name><company-ids><oa-id>4295887248</oa-id><ric norm="VTBR.MEP">VTBR.MEP</ric></company-ids><company-classification><trbc-wrap><trbc type="RCS">B:1615</trbc><trbc type="2012">5510101010</trbc><trbc type="perm-id">4294951386</trbc></trbc-wrap></company-classification><relevancy engine="1C">0.2</relevancy><confidence engine="1C">0.85</confidence></norm-company-wrap><norm-company oa-id="4295901746">EBANK FINANCIAL SERVICES INC</norm-company><norm-company-wrap><norm-company-name>EBANK FINANCIAL SERVICES INC</norm-company-name><company-ids><oa-id>4295901746</oa-id><ric norm="EBDC.PK">EBDC.PK</ric></company-ids><company-classification><trbc-wrap><trbc type="RCS">B:1615</trbc><trbc type="2012">5510101010</trbc><trbc type="perm-id">4294951386</trbc></trbc-wrap></company-classification><relevancy engine="1C">0.2</relevancy><confidence engine="1C">0.83</confidence></norm-company-wrap><eos/><eop/></extr-company-block></extraction-terms><extraction-terms><extr-person-block><bop/><bos/><extr-person>Darbinyan</extr-person><extr-person-wrap><extr-person-name>Darbinyan</extr-person-name><relevancy engine="1C">0.2</relevancy></extr-person-wrap><extr-person>Vilen Khachatryan</extr-person><extr-person-wrap><extr-person-name>Vilen Khachatryan</extr-person-name><relevancy engine="1C">0.2</relevancy></extr-person-wrap><extr-person>Hayk Mkrtchyan</extr-person><extr-person-wrap><extr-person-name>Hayk Mkrtchyan</extr-person-name><relevancy engine="1C">0.2</relevancy></extr-person-wrap><extr-person>Nerses Karamanukyan</extr-person><extr-person-wrap><extr-person-name>Nerses Karamanukyan</extr-person-name><relevancy engine="1C">0.8</relevancy></extr-person-wrap><eos/><eop/></extr-person-block></extraction-terms></indexing></document></n-docbody>
</n-document>
<n-document guid="I72f001b0a53c11e49bb7b6c1a2a56433"><n-metadata><metadata.block><md.identifiers><md.cites><md.first.line.cite>1/26/15 NEWS 00:00:00</md.first.line.cite><md.second.line.cite>1/26/15 ARKA News Agency 00:00:00</md.second.line.cite></md.cites><md.uuid>I72f001b0a53c11e49bb7b6c1a2a56433</md.uuid></md.identifiers><md.infotype>news</md.infotype><md.sortkeys><md.ordersequence>f47363bec</md.ordersequence></md.sortkeys><md.descriptions><md.title>APPLE WATCH SALES TO HIT 2.8MLN - APPLEINSIDER</md.title><md.westlawdescrip><md.readlist>READLIST</md.readlist></md.westlawdescrip></md.descriptions><md.dates><md.publisheddatetime>20150126032210</md.publisheddatetime><md.loaddate>20150126</md.loaddate><md.createddatetime>20150126032210</md.createddatetime></md.dates><md.subjects><md.subject><md.pubtype.name/><md.doctype.name>DNR</md.doctype.name><md.doctype.rank/><md.view>CNGE</md.view><md.view>RGEurope</md.view><md.view>PTNewswires</md.view><md.view>ARKANEWS0063786</md.view><md.view>INALLNEWS_ACTEST</md.view><md.view>INFARNEWS_AC</md.view><md.view>MARKETSEIKON_CN</md.view><md.view>MARKETSEIKON</md.view><md.view>CB_ASIAWIRES</md.view><md.view>INWIRES_AC</md.view><md.view>GULF_INTL</md.view><md.view>ININTNEWS_AC</md.view><md.view>ANZ_INTLOS</md.view><md.view>CLEAR_RF</md.view><md.view>INALLNEWS_AC</md.view><md.view>INNEWSINT_PRO</md.view><md.view>INBUSNEWS</md.view><md.view>INNEWSWORLD_PRO</md.view><md.view>INBUSNEWS_AC</md.view></md.subject></md.subjects><md.jurisdictions><md.jurisdiction><md.jurisstate>FE</md.jurisstate></md.jurisdiction></md.jurisdictions><md.publications><md.publication/><md.sourcepubid>ARKANEWS</md.sourcepubid></md.publications><md.royalty><md.royalty.code>84104</md.royalty.code></md.royalty></metadata.block><news.metadata.block><md.text.preview>INFORMATION TECHNOLOGIESYEREVAN, January 26. /ARKA/. In a research note from well-connected KGI analyst Ming-Chi Kuo obtained by AppleInsider, Apple&apos;s latest iPhone 6 and iPhone 6 Plus models led a charge to 73 million overall unit sales for the</md.text.preview></news.metadata.block><newsplus.recommendable>1</newsplus.recommendable><n-view>CNGE</n-view><n-view>RGEurope</n-view><n-view>PTNewswires</n-view><n-view>ARKANEWS0063786</n-view><n-view>INALLNEWS_ACTEST</n-view><n-view>INFARNEWS_AC</n-view><n-view>MARKETSEIKON_CN</n-view><n-view>MARKETSEIKON</n-view><n-view>CB_ASIAWIRES</n-view><n-view>INWIRES_AC</n-view><n-view>GULF_INTL</n-view><n-view>ININTNEWS_AC</n-view><n-view>ANZ_INTLOS</n-view><n-view>CLEAR_RF</n-view><n-view>INALLNEWS_AC</n-view><n-view>INNEWSINT_PRO</n-view><n-view>INBUSNEWS</n-view><n-view>INNEWSWORLD_PRO</n-view><n-view>INBUSNEWS_AC</n-view><prism-stylesheet guid="Ia3024d301b6a11d89fc5f34981d3242f"/><prism-clipdate>20150126032210</prism-clipdate></n-metadata>
<n-docbody><document version="1" collection="D-ARKANEWS-T001" first-load-date="20150126032210" ip-product="ARKANEWS" royalty-id="84104" data-model="text" dtd-version="5.2.29" content-type="news" load-language="en"><supplier-info><supplier-num nitf="doc-id" nitf-regsrc="ARKA News Agency" type="accession">e7850002bbb4af23</supplier-num><internal-acc-num db-id="NEPRARKA" type="newz">20150126170.1_Ve7850002bbb4af23</internal-acc-num><rec-status><last-load-date>20150126032210</last-load-date><nitf-date ne="datereceived">20150126T09:19:37Z</nitf-date><nitf-date nitf="date-issue">20150126T00:00:00Z</nitf-date><last-provider-update>20150126091937</last-provider-update></rec-status><supplier-copyright>Copyright Â© 2015 ARKA<copyright-year/><copyright-holder>ARKA</copyright-holder></supplier-copyright><supplier-note nitf="urgency" nitf-ed-urg="4"/><supplier-dtds><dtd dtd-version="working" dtd-date="20150120T00:00:00Z">Canonical Taxonomy</dtd><dtd dtd-version="20150114" dtd-date="20150120T00:00:00Z">Mapping File</dtd></supplier-dtds><copyright-block type="dialog"><service-copyright n-include_guid="Ice671660f30811d88920000083149a14" n-include_collection="D-DIALOGCOPYRIGHTS-T001"/></copyright-block><copyright-block type="west"><service-copyright n-include_guid="I1DA35ED81DD211B281BAD200220BDFCA" n-include_collection="w_wlnv_msg"/></copyright-block><west-citation-block><bop/><first-line-cite><bos/>1/26/15 NEWS 00:00:00<eos/></first-line-cite><second-line-cite><bos/>1/26/15 ARKA News Agency 00:00:00<eos/></second-line-cite><eop/></west-citation-block></supplier-info><title-info iso-language="en"><bop/><title type="headline" nitf-hedline="hl1" key="key-title"><bos/><sort-title>APPLE WATCH SALES TO HIT 2.8MLN - APPLEINSIDER</sort-title><eos/></title><eop/></title-info><pub-info><journal key="key-journal"><bop/><bos/><sort-journal>ARKA News Agency</sort-journal><eos/><eop/></journal><pub-date key="key-date" iso-time="T00:00:00Z" type="date.publication"><full-pub-date>January 26, 2015</full-pub-date><sort-pub-date>20150126</sort-pub-date><sort-pub-timestamp>20150126000000</sort-pub-timestamp><rank-date>20150126</rank-date><currency-timestamp>20150126000000</currency-timestamp></pub-date><original-pub><language iso-language="en">English</language></original-pub><src-data><src-journal-code>ANPV</src-journal-code><src-pub-code>0063786</src-pub-code><src-pub-type>Newswire</src-pub-type><src-pub-country-wrap><src-pub-country-code>GE</src-pub-country-code><src-pub-country>Georgia CIS</src-pub-country></src-pub-country-wrap><src-pub-region>Europe</src-pub-region></src-data></pub-info><content iso-language="en"><total-char-count>1557</total-char-count><derived-word-count><bop/><bos/>Word Count: 241<eos/><eop/></derived-word-count><text type="lead-para"><p nitf="lede"><bop/><bos/><cite.query w-seq-number="00001" w-ref-type="WC" w-normalized-cite="I76DF065242BE11DDA1BC0014224D2780" ID="If0ace140a53c11e4aa4fd72adde8c539">INFORMATION TECHNOLOGIES</cite.query><eos/><eop/></p><p nitf="lede"><bop/><bos/>YEREVAN, January 26. /ARKA/. <eos/><bos/>In a research note from well-connected KGI analyst Ming-Chi Kuo obtained by <cite.query w-seq-number="00002" w-ref-type="NM" w-normalized-cite="canonical_name::APPLEINSIDER" ID="If1af3610a53c11e4aa4fd72adde8c539">AppleInsider</cite.query>, <cite.query w-seq-number="00003" w-ref-type="MM" w-normalized-cite="canonical_name::APPLE" ID="If1af3611a53c11e4aa4fd72adde8c539">Apple</cite.query>&apos;s latest iPhone 6 and iPhone 6 Plus models led a charge to 73 million overall unit sales for the quarter ending December. <eos/><bos/>The analyst estimates the 4.7-inch iPhone 6 to hit more than 42 million, while the larger 5.5-inch iPhone 6 &quot;phablet&quot; contributed with just over 16 million unit sales. <eos/><bos/>If the numbers hold up, <cite.query w-seq-number="00004" w-ref-type="MM" w-normalized-cite="canonical_name::APPLE" ID="If1af3612a53c11e4aa4fd72adde8c539">Apple</cite.query> is in for a record-smashing holiday quarter. <eos/><bos/>Kuo&apos;s estimates are well above expectations from other leading investment banks including <cite.query w-seq-number="00005" w-ref-type="MM" w-normalized-cite="canonical_name::UBS" ID="If1af3613a53c11e4aa4fd72adde8c539">UBS</cite.query>, which earlier this month forecast <cite.query w-seq-number="00006" w-ref-type="MM" w-normalized-cite="canonical_name::APPLE" ID="If1af3614a53c11e4aa4fd72adde8c539">Apple</cite.query> to sell 69 million iPhones. <eos/><bos/>Momentum from <cite.query w-seq-number="00007" w-ref-type="MM" w-normalized-cite="canonical_name::APPLE" ID="If1af3615a53c11e4aa4fd72adde8c539">Apple</cite.query>&apos;s iPhone 6 lineup will spill into the first quarter, driving overall iPhone shipments to an about 61.7 million unit sales. <eos/><bos/>A performance of that caliber would buffer seasonally slow sales.<eos/><eop/></p></text><text type="body"><p><bop/><bos/>Consistent with the latest reports, Kuo also expects the highly anticipated <cite.query w-seq-number="00008" w-ref-type="MM" w-normalized-cite="canonical_name::APPLE" ID="If1c15e80a53c11e4aa4fd72adde8c539">Apple</cite.query> Watch to launch in March. <eos/><bos/>While <cite.query w-seq-number="00009" w-ref-type="MM" w-normalized-cite="canonical_name::APPLE" ID="If1c15e81a53c11e4aa4fd72adde8c539">Apple</cite.query> has stayed mum on exact specifications, the company could fill in the blanks with a special announcement prior to the device&apos;s debut, the analyst said. <eos/><bos/>Assuming a March launch, <cite.query w-seq-number="00010" w-ref-type="MM" w-normalized-cite="canonical_name::APPLE" ID="If1c15e82a53c11e4aa4fd72adde8c539">Apple</cite.query> Watch is expected to sell 2.8 million units in the first quarter, meaning those sales will be spread across a relatively short one-month span. <eos/><bos/>Kuo says most component suppliers will see shipments in the 4 million to 5 million unit range through the March quarter, but a few manufacturers are seeing low yields on key parts, slowing down final assembly and shipping. -0-<eos/><eop/></p></text></content><indexing iso-language="en" value-add="machine-generated"><classification-terms><pres-subject-block><bop/><bos/><pres-subject-wrap><pres-subject>Major Corporations</pres-subject><pres-subject-code>MAJCORP</pres-subject-code><alt1-subject-code>1MA93</alt1-subject-code></pres-subject-wrap><eos/><eop/></pres-subject-block><pres-industry-block><bop/><bos/><pres-industry-wrap><pres-industry>Computer Equipment</pres-industry><pres-industry-code>CPTROVER</pres-industry-code><alt1-industry-code>1CO77</alt1-industry-code></pres-industry-wrap><pres-industry-wrap><pres-industry>Consumer Electronics</pres-industry><pres-industry-code>CEOVR</pres-industry-code><alt1-industry-code>1CO61</alt1-industry-code></pres-industry-wrap><pres-industry-wrap><pres-industry>Consumer Products &amp; Services</pres-industry><pres-industry-code>BUYBUY</pres-industry-code><alt1-industry-code>1CO62</alt1-industry-code></pres-industry-wrap><pres-industry-wrap><pres-industry>Electronics</pres-industry><pres-industry-code>ETRONICS</pres-industry-code><alt1-industry-code>1EL16</alt1-industry-code></pres-industry-wrap><pres-industry-wrap><pres-industry>I.T.</pres-industry><pres-industry-code>ITOVER</pres-industry-code><alt1-industry-code>1IT96</alt1-industry-code></pres-industry-wrap><pres-industry-wrap><pres-industry>Mobile Phones &amp; Pagers</pres-industry><pres-industry-code>TWPHONE</pres-industry-code><alt1-industry-code>1WI07</alt1-industry-code></pres-industry-wrap><pres-industry-wrap><pres-industry>Telecom</pres-industry><pres-industry-code>TITOP</pres-industry-code><alt1-industry-code>1TE27</alt1-industry-code></pres-industry-wrap><pres-industry-wrap><pres-industry>Telecom Carriers &amp; Operators</pres-industry><pres-industry-code>TELCOOV</pres-industry-code><alt1-industry-code>1TE56</alt1-industry-code></pres-industry-wrap><pres-industry-wrap><pres-industry>Telecom Consumer Equipment</pres-industry><pres-industry-code>TCCONEQ</pres-industry-code><alt1-industry-code>1TE03</alt1-industry-code></pres-industry-wrap><eos/><eop/></pres-industry-block></classification-terms><classification-terms><rcs-block><rcs>B:162</rcs><rcs>B:161</rcs><rcs>B:177</rcs><rcs>B:69</rcs><rcs>B:75</rcs><rcs>M:NL</rcs><rcs>B:78</rcs><rcs>B:169</rcs></rcs-block></classification-terms><extraction-terms><extr-company-block><bop/><bos/><norm-company oa-id="4295905573">APPLE INC</norm-company><norm-company-wrap><norm-company-name>APPLE INC</norm-company-name><company-ids><oa-id>4295905573</oa-id><ric norm="AAPL.OQ">AAPL.OQ</ric></company-ids><company-classification><trbc-wrap><trbc type="RCS">B:1758</trbc><trbc type="2012">5710601010</trbc><trbc type="perm-id">4294951243</trbc></trbc-wrap></company-classification><relevancy engine="1C">0.8</relevancy><confidence engine="1C">0.97</confidence></norm-company-wrap><norm-company oa-id="4295890710">UBS AG</norm-company><norm-company-wrap><norm-company-name>UBS AG</norm-company-name><company-ids><oa-id>4295890710</oa-id><ric norm="UBSN.S">UBSN.S</ric></company-ids><company-classification><trbc-wrap><trbc type="RCS">B:1643</trbc><trbc type="2012">5510202014</trbc><trbc type="perm-id">4294951358</trbc></trbc-wrap></company-classification><relevancy engine="1C">0.2</relevancy><confidence engine="1C">0.9</confidence></norm-company-wrap><eos/><eop/></extr-company-block></extraction-terms><extraction-terms><extr-person-block><bop/><bos/><extr-person>Ming-Chi Kuo</extr-person><extr-person-wrap><extr-person-name>Ming-Chi Kuo</extr-person-name><relevancy engine="1C">0.8</relevancy></extr-person-wrap><eos/><eop/></extr-person-block></extraction-terms></indexing></document></n-docbody>
</n-document>
<n-document guid="Ib31df650a2f511e4a097d37868975d01"><n-metadata><metadata.block><md.identifiers><md.cites><md.first.line.cite>1/23/15 NEWS 00:00:00</md.first.line.cite><md.second.line.cite>1/23/15 ARKA News Agency 00:00:00</md.second.line.cite></md.cites><md.uuid>Ib31df650a2f511e4a097d37868975d01</md.uuid></md.identifiers><md.infotype>news</md.infotype><md.sortkeys><md.ordersequence>f47363bec</md.ordersequence></md.sortkeys><md.descriptions><md.title>ARMENIA&apos;S ARDSHININVESTBANK EARNS 4.2BLN DRAMS IN NET PROFIT IN2014</md.title><md.westlawdescrip><md.readlist>READLIST</md.readlist></md.westlawdescrip></md.descriptions><md.dates><md.publisheddatetime>20150123055342</md.publisheddatetime><md.loaddate>20150123</md.loaddate><md.createddatetime>20150123055342</md.createddatetime></md.dates><md.subjects><md.subject><md.pubtype.name/><md.doctype.name>DNR</md.doctype.name><md.doctype.rank/><md.view>CNGE</md.view><md.view>RGEurope</md.view><md.view>PTNewswires</md.view><md.view>ARKANEWS0063786</md.view><md.view>INALLNEWS_ACTEST</md.view><md.view>INFARNEWS_AC</md.view><md.view>MARKETSEIKON_CN</md.view><md.view>MARKETSEIKON</md.view><md.view>CB_ASIAWIRES</md.view><md.view>INWIRES_AC</md.view><md.view>GULF_INTL</md.view><md.view>ININTNEWS_AC</md.view><md.view>ANZ_INTLOS</md.view><md.view>CLEAR_RF</md.view><md.view>INALLNEWS_AC</md.view><md.view>INNEWSINT_PRO</md.view><md.view>INBUSNEWS</md.view><md.view>INNEWSWORLD_PRO</md.view><md.view>INBUSNEWS_AC</md.view></md.subject></md.subjects><md.jurisdictions><md.jurisdiction><md.jurisstate>FE</md.jurisstate></md.jurisdiction></md.jurisdictions><md.publications><md.publication/><md.sourcepubid>ARKANEWS</md.sourcepubid></md.publications><md.royalty><md.royalty.code>84104</md.royalty.code></md.royalty></metadata.block><news.metadata.block><md.text.preview>BANKING NEWSYEREVAN, January 23. /ARKA/. Net profit of Armenia&apos;s Ardshininvestbank amounted to 4.2 billion drams by the end of 2014, the bank&apos;s press office reported.</md.text.preview></news.metadata.block><newsplus.recommendable>1</newsplus.recommendable><n-view>CNGE</n-view><n-view>RGEurope</n-view><n-view>PTNewswires</n-view><n-view>ARKANEWS0063786</n-view><n-view>INALLNEWS_ACTEST</n-view><n-view>INFARNEWS_AC</n-view><n-view>MARKETSEIKON_CN</n-view><n-view>MARKETSEIKON</n-view><n-view>CB_ASIAWIRES</n-view><n-view>INWIRES_AC</n-view><n-view>GULF_INTL</n-view><n-view>ININTNEWS_AC</n-view><n-view>ANZ_INTLOS</n-view><n-view>CLEAR_RF</n-view><n-view>INALLNEWS_AC</n-view><n-view>INNEWSINT_PRO</n-view><n-view>INBUSNEWS</n-view><n-view>INNEWSWORLD_PRO</n-view><n-view>INBUSNEWS_AC</n-view><prism-stylesheet guid="Ia3024d301b6a11d89fc5f34981d3242f"/><prism-clipdate>20150123055342</prism-clipdate></n-metadata>
<n-docbody><document version="1" collection="D-ARKANEWS-T001" first-load-date="20150123055342" ip-product="ARKANEWS" royalty-id="84104" data-model="text" dtd-version="5.2.29" content-type="news" load-language="en"><supplier-info><supplier-num nitf="doc-id" nitf-regsrc="ARKA News Agency" type="accession">60f60001bb2dccf8</supplier-num><internal-acc-num db-id="NEPRARKA" type="newz">20150123170.1_V60f60001bb2dccf8</internal-acc-num><rec-status><last-load-date>20150123055342</last-load-date><nitf-date ne="datereceived">20150123T11:48:08Z</nitf-date><nitf-date nitf="date-issue">20150123T00:00:00Z</nitf-date><last-provider-update>20150123114808</last-provider-update></rec-status><supplier-copyright>Copyright Â© 2015 ARKA<copyright-year/><copyright-holder>ARKA</copyright-holder></supplier-copyright><supplier-note nitf="urgency" nitf-ed-urg="4"/><supplier-dtds><dtd dtd-version="working" dtd-date="20150120T00:00:00Z">Canonical Taxonomy</dtd><dtd dtd-version="20150114" dtd-date="20150120T00:00:00Z">Mapping File</dtd></supplier-dtds><copyright-block type="dialog"><service-copyright n-include_guid="Ice671660f30811d88920000083149a14" n-include_collection="D-DIALOGCOPYRIGHTS-T001"/></copyright-block><copyright-block type="west"><service-copyright n-include_guid="I1DA35ED81DD211B281BAD200220BDFCA" n-include_collection="w_wlnv_msg"/></copyright-block><west-citation-block><bop/><first-line-cite><bos/>1/23/15 NEWS 00:00:00<eos/></first-line-cite><second-line-cite><bos/>1/23/15 ARKA News Agency 00:00:00<eos/></second-line-cite><eop/></west-citation-block></supplier-info><title-info iso-language="en"><bop/><title type="headline" nitf-hedline="hl1" key="key-title"><bos/><sort-title>ARMENIA&apos;S ARDSHININVESTBANK EARNS 4.2BLN DRAMS IN NET PROFIT IN2014</sort-title><eos/></title><eop/></title-info><pub-info><journal key="key-journal"><bop/><bos/><sort-journal>ARKA News Agency</sort-journal><eos/><eop/></journal><pub-date key="key-date" iso-time="T00:00:00Z" type="date.publication"><full-pub-date>January 23, 2015</full-pub-date><sort-pub-date>20150123</sort-pub-date><sort-pub-timestamp>20150123000000</sort-pub-timestamp><rank-date>20150123</rank-date><currency-timestamp>20150123000000</currency-timestamp></pub-date><original-pub><language iso-language="en">English</language></original-pub><src-data><src-journal-code>ANPV</src-journal-code><src-pub-code>0063786</src-pub-code><src-pub-type>Newswire</src-pub-type><src-pub-country-wrap><src-pub-country-code>GE</src-pub-country-code><src-pub-country>Georgia CIS</src-pub-country></src-pub-country-wrap><src-pub-region>Europe</src-pub-region></src-data></pub-info><content iso-language="en"><total-char-count>1253</total-char-count><derived-word-count><bop/><bos/>Word Count: 200<eos/><eop/></derived-word-count><text type="lead-para"><p nitf="lede"><bop/><bos/>BANKING NEWS<eos/><eop/></p><p nitf="lede"><bop/><bos/>YEREVAN, January 23. /ARKA/. <eos/><bos/>Net profit of Armenia&apos;s Ardshininvestbank amounted to 4.2 billion drams by the end of 2014, the bank&apos;s press office reported.<eos/><eop/></p></text><text type="body"><p><bop/><bos/>The bank has even strengthened its positions in the list of top three banks of Armenia, according to the report.<eos/><eop/></p><p><bop/><bos/>Assets of the bank were 369.1 billion drams as of the end of December 2014, an increase of approximately 37%. <eos/><bos/>The bank&apos;s loan portfolio was 220.1bln drams (27.8% growth), liabilities to clients 182.8 bln drams (14.9% growth).<eos/><bos/> Own capital rose by 7.4% to 47.4 billion drams, as compared to 2013.<eos/><eop/></p><p><bop/><bos/>The report says that in 2014 the bank managed to attract an additional of $75 million from <cite.query w-seq-number="00001" w-ref-type="MM" w-normalized-cite="canonical_name::JP MORGAN" ID="Ib218ecf0a2f611e4ad3b9fb4613064ba">J.P. Morgan</cite.query>, $18 million from <cite.query w-seq-number="00002" w-ref-type="MM" w-normalized-cite="canonical_name::CITI" ID="Ib218ecf1a2f611e4ad3b9fb4613064ba">CITI</cite.query> syndicate and $20 million from BSTDB and EDB ($10mln from each).<eos/><eop/></p><p><bop/><bos/>As of the end of 2014, the number of active clients rose by 1.7% to about 225,000 people in the bank.<eos/><eop/></p><p><bop/><bos/>Ardshininvestbank was granted license in 2003. <eos/><bos/>In the same year it acquired a substantial portion of the assets, liabilities and the branches of Ardshinbank as well as the major part of the business of <cite.query w-seq-number="00003" w-ref-type="MM" w-normalized-cite="canonical_name::ARMAGROBANK" ID="Ib21da7e0a2f611e4ad3b9fb4613064ba">Armagrobank</cite.query>.<eos/><eop/></p><p><bop/><bos/>The bank has been among leaders of the Armenian banking system in terms of a number of indicators and coverage in the country (55 branch offices).<eos/><bos/> ($1 - 476.39 drams).<eos/><bos/> N.V. -0-<eos/><eop/></p></text></content><indexing iso-language="en" value-add="machine-generated"><classification-terms><pres-location-block><bop/><bos/><pres-location-wrap><pres-location>Armenia</pres-location><pres-location-code>ISOAM</pres-location-code><alt1-location-code>1AR09</alt1-location-code></pres-location-wrap><pres-location-wrap><pres-location>CIS Countries</pres-location><pres-location-code>CISSTAT</pres-location-code><alt1-location-code>1CI64</alt1-location-code></pres-location-wrap><pres-location-wrap><pres-location>Eastern Europe</pres-location><pres-location-code>GEOEEUR</pres-location-code><alt1-location-code>1EA48</alt1-location-code></pres-location-wrap><pres-location-wrap><pres-location>Europe</pres-location><pres-location-code>GEOEUR</pres-location-code><alt1-location-code>1EU83</alt1-location-code></pres-location-wrap><eos/><eop/></pres-location-block></classification-terms><classification-terms><pres-subject-block><bop/><bos/><pres-subject-wrap><pres-subject>CIS</pres-subject><pres-subject-code>GEOCIS</pres-subject-code><alt1-subject-code>1CI65</alt1-subject-code></pres-subject-wrap><pres-subject-wrap><pres-subject>World Organizations</pres-subject><pres-subject-code>GEOORGS</pres-subject-code><alt1-subject-code>1IN77</alt1-subject-code></pres-subject-wrap><eos/><eop/></pres-subject-block><pres-industry-block><bop/><bos/><pres-industry-wrap><pres-industry>Bank Marketing</pres-industry><pres-industry-code>BANKMKTG</pres-industry-code><alt1-industry-code>1BA80</alt1-industry-code></pres-industry-wrap><pres-industry-wrap><pres-industry>Banking</pres-industry><pres-industry-code>BANKOVER</pres-industry-code><alt1-industry-code>1BA20</alt1-industry-code></pres-industry-wrap><pres-industry-wrap><pres-industry>Banking Services for Small Business</pres-industry><pres-industry-code>BKSMLSRV</pres-industry-code><alt1-industry-code>1BA68</alt1-industry-code></pres-industry-wrap><pres-industry-wrap><pres-industry>Commercial Banking Services</pres-industry><pres-industry-code>BANKCOML</pres-industry-code><alt1-industry-code>1CO19</alt1-industry-code></pres-industry-wrap><pres-industry-wrap><pres-industry>Financial Services</pres-industry><pres-industry-code>FINSVC</pres-industry-code><alt1-industry-code>1FI37</alt1-industry-code></pres-industry-wrap><eos/><eop/></pres-industry-block></classification-terms><classification-terms><rcs-block><rcs>G:B</rcs><rcs>B:131</rcs><rcs>G:A</rcs><rcs>G:B2</rcs><rcs>B:127</rcs><rcs>B:128</rcs><rcs>B:125</rcs><rcs>B:126</rcs><rcs>G:AJ</rcs><rcs>G:Y</rcs><rcs>G:7I</rcs></rcs-block></classification-terms><extraction-terms><extr-company-block><bop/><bos/><norm-company oa-id="4297689786">ARDSHINBANK CJSC</norm-company><norm-company-wrap><norm-company-name>ARDSHINBANK CJSC</norm-company-name><company-ids><oa-id>4297689786</oa-id></company-ids><company-classification><trbc-wrap><trbc type="RCS">B:1615</trbc><trbc type="2012">5510101010</trbc><trbc type="perm-id">4294951386</trbc></trbc-wrap></company-classification><relevancy engine="1C">0.8</relevancy><confidence engine="1C">0.69</confidence></norm-company-wrap><norm-company oa-id="4296595170">ARMAGROBANK</norm-company><norm-company-wrap><norm-company-name>ARMAGROBANK</norm-company-name><company-ids><oa-id>4296595170</oa-id></company-ids><relevancy engine="1C">0.2</relevancy><confidence engine="1C">0.81</confidence></norm-company-wrap><norm-company oa-id="5000021791">JPMORGAN CHASE AND CO</norm-company><norm-company-wrap><norm-company-name>JPMORGAN CHASE AND CO</norm-company-name><company-ids><oa-id>5000021791</oa-id><ric norm="8634.T">8634.T</ric></company-ids><company-classification><trbc-wrap><trbc type="RCS">B:1615</trbc><trbc type="2012">5510101010</trbc><trbc type="perm-id">4294951386</trbc></trbc-wrap></company-classification><relevancy engine="1C">0.2</relevancy><confidence engine="1C">0.93</confidence></norm-company-wrap><eos/><eop/></extr-company-block></extraction-terms></indexing></document></n-docbody>
</n-document>
<n-document guid="Ic25cadd09a3711e48392a468a928fc15"><n-metadata><metadata.block><md.identifiers><md.cites><md.first.line.cite>1/12/15 NEWS 00:00:00</md.first.line.cite><md.second.line.cite>1/12/15 ARKA News Agency 00:00:00</md.second.line.cite></md.cites><md.uuid>Ic25cadd09a3711e48392a468a928fc15</md.uuid></md.identifiers><md.infotype>news</md.infotype><md.sortkeys><md.ordersequence>f47363bec</md.ordersequence></md.sortkeys><md.descriptions><md.title>OIL PRICES EXTEND FALLS; GOLDMAN SACHS SLASHES PRICE FORECASTS - REUTERS</md.title><md.westlawdescrip><md.readlist>READLIST</md.readlist></md.westlawdescrip></md.descriptions><md.dates><md.publisheddatetime>20150112052826</md.publisheddatetime><md.loaddate>20150112</md.loaddate><md.createddatetime>20150112052826</md.createddatetime></md.dates><md.subjects><md.subject><md.pubtype.name/><md.doctype.name>DNR</md.doctype.name><md.doctype.rank/><md.view>CNGE</md.view><md.view>RGEurope</md.view><md.view>PTNewswires</md.view><md.view>ARKANEWS0063786</md.view><md.view>INALLNEWS_ACTEST</md.view><md.view>INFARNEWS_AC</md.view><md.view>MARKETSEIKON_CN</md.view><md.view>MARKETSEIKON</md.view><md.view>CB_ASIAWIRES</md.view><md.view>INWIRES_AC</md.view><md.view>GULF_INTL</md.view><md.view>ININTNEWS_AC</md.view><md.view>ANZ_INTLOS</md.view><md.view>CLEAR_RF</md.view><md.view>INALLNEWS_AC</md.view><md.view>INNEWSINT_PRO</md.view><md.view>INBUSNEWS</md.view><md.view>INNEWSWORLD_PRO</md.view><md.view>INBUSNEWS_AC</md.view></md.subject></md.subjects><md.jurisdictions><md.jurisdiction><md.jurisstate>FE</md.jurisstate></md.jurisdiction></md.jurisdictions><md.publications><md.publication/><md.sourcepubid>ARKANEWS</md.sourcepubid></md.publications><md.royalty><md.royalty.code>84104</md.royalty.code></md.royalty></metadata.block><news.metadata.block><md.text.preview>ECONOMYYEREVAN, January 12. /ARKA/. Global oil prices extended their slide on Monday as Goldman Sachs lowered its short-term price outlook, while refineries in Ohio and Pennsylvania were hit by fires over the weekend, curtailing demand for crude in</md.text.preview></news.metadata.block><n-view>CNGE</n-view><n-view>RGEurope</n-view><n-view>PTNewswires</n-view><n-view>ARKANEWS0063786</n-view><n-view>INALLNEWS_ACTEST</n-view><n-view>INFARNEWS_AC</n-view><n-view>MARKETSEIKON_CN</n-view><n-view>MARKETSEIKON</n-view><n-view>CB_ASIAWIRES</n-view><n-view>INWIRES_AC</n-view><n-view>GULF_INTL</n-view><n-view>ININTNEWS_AC</n-view><n-view>ANZ_INTLOS</n-view><n-view>CLEAR_RF</n-view><n-view>INALLNEWS_AC</n-view><n-view>INNEWSINT_PRO</n-view><n-view>INBUSNEWS</n-view><n-view>INNEWSWORLD_PRO</n-view><n-view>INBUSNEWS_AC</n-view><prism-stylesheet guid="Ia3024d301b6a11d89fc5f34981d3242f"/><prism-clipdate>20150112052826</prism-clipdate></n-metadata>
<n-docbody><document version="1" collection="D-ARKANEWS-T001" first-load-date="20150112052826" ip-product="ARKANEWS" royalty-id="84104" data-model="text" dtd-version="5.2.29" content-type="news" load-language="en"><supplier-info><supplier-num nitf="doc-id" nitf-regsrc="ARKA News Agency" type="accession">506f00014f204e09</supplier-num><internal-acc-num db-id="NEPRARKA" type="newz">20150112170.1_V506f00014f204e09</internal-acc-num><rec-status><last-load-date>20150112052826</last-load-date><nitf-date ne="datereceived">20150112T08:48:20Z</nitf-date><nitf-date nitf="date-issue">20150112T00:00:00Z</nitf-date><last-provider-update>20150112084820</last-provider-update></rec-status><supplier-copyright>Copyright Â© 2015 ARKA<copyright-year/><copyright-holder>ARKA</copyright-holder></supplier-copyright><supplier-note nitf="urgency" nitf-ed-urg="4"/><supplier-dtds><dtd dtd-version="working" dtd-date="20141216T00:00:00Z">Canonical Taxonomy</dtd><dtd dtd-version="20141210" dtd-date="20141216T00:00:00Z">Mapping File</dtd></supplier-dtds><copyright-block type="dialog"><service-copyright n-include_guid="Ice671660f30811d88920000083149a14" n-include_collection="D-DIALOGCOPYRIGHTS-T001"/></copyright-block><copyright-block type="west"><service-copyright n-include_guid="I1DA35ED81DD211B281BAD200220BDFCA" n-include_collection="w_wlnv_msg"/></copyright-block><west-citation-block><bop/><first-line-cite><bos/>1/12/15 NEWS 00:00:00<eos/></first-line-cite><second-line-cite><bos/>1/12/15 ARKA News Agency 00:00:00<eos/></second-line-cite><eop/></west-citation-block></supplier-info><title-info iso-language="en"><bop/><title type="headline" nitf-hedline="hl1" key="key-title"><bos/><sort-title>OIL PRICES EXTEND FALLS; GOLDMAN SACHS SLASHES PRICE FORECASTS - <cite.query w-seq-number="00001" w-ref-type="MM" w-normalized-cite="canonical_name::REUTERS" ID="I2c44a3e09a4e11e49743ccde6b556c7f">REUTERS</cite.query></sort-title><eos/></title><eop/></title-info><pub-info><journal key="key-journal"><bop/><bos/><sort-journal>ARKA News Agency</sort-journal><eos/><eop/></journal><pub-date key="key-date" iso-time="T00:00:00Z" type="date.publication"><full-pub-date>January 12, 2015</full-pub-date><sort-pub-date>20150112</sort-pub-date><sort-pub-timestamp>20150112000000</sort-pub-timestamp><rank-date>20150112</rank-date><currency-timestamp>20150112000000</currency-timestamp></pub-date><original-pub><language iso-language="en">English</language></original-pub><src-data><src-journal-code>ANPV</src-journal-code><src-pub-code>0063786</src-pub-code><src-pub-type>Newswire</src-pub-type><src-pub-country-wrap><src-pub-country-code>GE</src-pub-country-code><src-pub-country>Georgia CIS</src-pub-country></src-pub-country-wrap><src-pub-region>Europe</src-pub-region></src-data></pub-info><content iso-language="en"><total-char-count>1053</total-char-count><derived-word-count><bop/><bos/>Word Count: 187<eos/><eop/></derived-word-count><text type="lead-para"><p nitf="lede"><bop/>ECONOMY<eop/></p><p nitf="lede"><bop/><bos/>YEREVAN, January 12. /ARKA/. <eos/><bos/>Global oil prices extended their slide on Monday as <cite.query w-seq-number="00002" w-ref-type="WC" w-normalized-cite="I16D8924054E911E089AC8CE04EA54993" ID="I2c4937c09a4e11e49743ccde6b556c7f">Goldman Sachs</cite.query> lowered its short-term price outlook, while refineries in Ohio and Pennsylvania were hit by fires over the weekend, curtailing demand for crude in the U.S.<eos/><eop/></p></text><text type="body"><p><bop/><bos/>Both Brent and U.S. crude are at their lowest since April 2009 and have ended down for the past seven straight weeks.<eos/><eop/></p><p><bop/><bos/>Analysts at <cite.query w-seq-number="00003" w-ref-type="WC" w-normalized-cite="I16D8924054E911E089AC8CE04EA54993" ID="I2c4e8ef09a4e11e49743ccde6b556c7f">Goldman Sachs</cite.query> lowered their three-month price forecast for Brent to $42 a barrel from $80.<eos/><eop/></p><p><bop/><bos/>They set their forecast for U.S. crude at $41 a barrel, down from $70, adding it would need to stay near $40 for most of the first half of 2015 before it would hold up shale oil investments.<eos/><eop/></p><p><bop/><bos/>&quot;To keep all capital sidelined and curtail investment in shale until the market has rebalanced, we believe prices need to stay lower for longer,&quot; the analysts said in a report.<eos/><eop/></p><p><bop/><bos/>U.S. crude oil futures for February fell 84 cents to $47.52 per barrel by 0437 GMT. The February Brent contract was down 80 cents at $49.31 a barrel, after trading more than $1 lower earlier in the session. -0--<eos/><eop/></p></text></content><indexing iso-language="en" value-add="machine-generated"><classification-terms><pres-subject-block><bop/><bos/><pres-subject-wrap><pres-subject>Investment Banking</pres-subject><pres-subject-code>BROKDEAL</pres-subject-code><alt1-subject-code>1IN86</alt1-subject-code></pres-subject-wrap><eos/><eop/></pres-subject-block><pres-industry-block><bop/><bos/><pres-industry-wrap><pres-industry>Banking</pres-industry><pres-industry-code>BANKOVER</pres-industry-code><alt1-industry-code>1BA20</alt1-industry-code></pres-industry-wrap><pres-industry-wrap><pres-industry>Financial Services</pres-industry><pres-industry-code>FINSVC</pres-industry-code><alt1-industry-code>1FI37</alt1-industry-code></pres-industry-wrap><pres-industry-wrap><pres-industry>Investment Banks</pres-industry><pres-industry-code>INVBANKS</pres-industry-code><alt1-industry-code>1IN03</alt1-industry-code></pres-industry-wrap><pres-industry-wrap><pres-industry>Investment Management</pres-industry><pres-industry-code>INVSTMAN</pres-industry-code><alt1-industry-code>1IN34</alt1-industry-code></pres-industry-wrap><eos/><eop/></pres-industry-block></classification-terms><classification-terms><rcs-block><rcs>B:130</rcs><rcs>B:207</rcs><rcs>B:127</rcs><rcs>B:128</rcs><rcs>B:209</rcs><rcs>B:125</rcs><rcs>B:126</rcs></rcs-block></classification-terms><extraction-terms><extr-company-block><bop/><bos/><norm-company oa-id="4295911963">GOLDMAN SACHS GROUP INC (THE)</norm-company><norm-company-wrap><norm-company-name>GOLDMAN SACHS GROUP INC (THE)</norm-company-name><company-ids><oa-id>4295911963</oa-id><ric norm="GS.N">GS.N</ric></company-ids><company-classification><trbc-wrap><trbc type="RCS">B:1633</trbc><trbc type="2012">5510201010</trbc><trbc type="perm-id">4294951368</trbc></trbc-wrap></company-classification><relevancy engine="1C">0.8</relevancy><confidence engine="1C">0.94</confidence></norm-company-wrap><eos/><eop/></extr-company-block></extraction-terms></indexing></document></n-docbody>
</n-document>
</n-extract-response>